405921070
591756915
744736580
542035607
570145810
26974730
682943667
931502815
662884243
873676630
455842484
271385048
476243782
633930629
18646574
104408004
615500249
779629314
484832685
222503347
625880360
39813984
324137007
431940476
782330765
423906597
847282158
27553908
910058701
494070558
591025449
523660618
616720037
202065811
936283561
66190016
496856101
33476820
390107390
127746902
800567348
292306213
443247412
106848614
80713446
612904841
373960571
851777324
62016760
656330875
581955317
42509862
435778308
399207627
694806118
356932454
968747521
598422149
866462824
336104363
954108085
310072048
889538830
761302900
463506094
968757399
860647095
57470760
739762125
698631485
198778896
758805506
149685783
683347202
525503394
118761179
800438880
456141852
232486779
455250048
906978376
792448433
525560586
680672232
852126750
552179963
627198179
655323986
967631508
903557323
483235712
829717848
338506882
34578925
934030635
433382237
672022236
2792071
693427014
671580646
174006423
7364592
550348546
196558387
33661342
266353916
519469376
93497454
948372685
747147058
544627203
881844450
925593728
982245296
975026639
895941244
561622160
526365277
255066188
820842191
120292506
924999628
879751626
201363528
955635787
77776203
472109460
950680094
224235541
513155799
560217233
578302879
721949496
966402669
664355234
831146342
934684108
663831122
65208956
972513910
307544060
936531044
793281463
864817106
91012768
212586608
235682064
956707247
378323904
281588461
110160237
477392044
961509202
874889575
545979864
741410629
954950529
910501814
860394967
790077096
315816748
319352719
362279789
18730200
667464048
875204278
922902926
731400463
46948555
491069883
716669236
964492718
480901082
24765698
566053906
795389036
273658908
427520816
885665759
30303498
418339179
269691100
649885074
478090936
258506936
175219704
367097991
937345396
569610821
684347049
937332162
764155536
877786489
197822570
149805046
796970161
103904655
996504181
457917511
241606570
735597958
89285995
421495803
271104779
480480396
853509122
108877658
581579803
498099818
906027497
61225583
817945878
410679403
322666918
480333665
18557509
385618321
450716301
25478732
145320715
943638454
419625448
867446002
450218801
864130732
32027655
842836112
176511029
490127610
174246275
750876621
133265727
693791875
539019313
425073326
338446098
159456237
96329206
530192905
805995022
783441814
98345261
876315570
610960367
424346271
554284357
597673720
670912106
181
801702577
305334898
392289512
54657877
73305974
447103214
571623566
632506176
586134846
629846220
953129340
579442888
556288949
921914675
734054447
303205643
563417739
437540770
924683913
2337793
975118714
538300813
376087088
203317704
897115898
393664132
78914307
837048114
679364610
641035104
523007482
319287328
808884488
574909860
321319164
530229284
163812836
319844272
114787886
274432840
326881833
537628254
718122171
159041853
639523629
980357384
607710065
395290484
993930333
46977775
321646458
316571485
366555518
608011205
811839414
135399940
755232213
239409585
916869369
214105265
968162492
253523956
471348918
149623669
564496429
449541840
694062410
634187456
298325772
40348938
657728042
901690343
662446628
531017642
187169626
281913793
40055085
112366513
422533945
54630935
465584625
491357760
829358162
319275670
404671385
897519566
672026352
961604555
497201156
606020158
44304295
595997627
204057299
749624524
876999047
230076797
660135879
81993254
982195294
253323244
408605377
915378337
556556733
461387338
493413190
348816863
195235642
644325623
168558045
757970864
331552158
757547186
418877851
402474130
786192378
380735808
386329042
732890149
110599641
827089111
451707502
496342823
929361297
173959257
383596963
629695866
507471093
484209913
978686537
538160067
207721112
204219061
182418911
273397313
412745277
44405529
718353307
506408643
716227985
684555415
997506806
228524730
867528245
775971518
269111516
585572491
474030901
824103781
591544143
439505545
525250111
663394966
395595163
616537728
926699943
308162416
977865043
824707384
817257827
942590595
720427502
639041778
739233334
189528677
985944774
395890207
803067879
868703779
611481505
541512798
734954363
715725355
883069447
120026508
445539430
307847603
59809906
248350088
714118070
613221217
399357617
208802798
916632818
188392762
810624913
936927341
934567282
475370967
986272564
340453617
374254520
89377565
318612338
103035558
223748718
818465861
57522326
383903112
143735361
981072869
244523031
985449251
721776721
730098035
743179326
76639231
413049551
691667983
947370616
379830110
161283492
605722601
873723370
361029492
814836985
259139922
246284245
784802484
668047404
968309428
68578982
400094834
43627604
19077744
995745898
224287141
893465558
184280209
863005650
548897442
926579957
457040004
829051500
125967133
851438215
658476051
274688223
128703161
921122578
875489940
84196202
339916698
354174545
709428989
714746901
481566732
938696394
723005385
888881655
265892647
310591970
862629822
672537112
83285223
847274634
748849594
536910515
646577116
711301173
254151697
435831639
594627725
548289694
616698965
263113214
777821598
500160309
425658094
323919728
484089819
940954740
675753284
466500886
295441428
679064316
128216515
496779747
925257984
355055595
286538761
99516801
623839948
179472852
49851064
203250045
104603096
336906659
878478400
311835326
299969986
667060603
896967055
825907300
783857658
912267665
974437657
712242112
143851306
98600962
715984050
483426042
87452261
148156855
487520787
810802948
489300374
630696642
541197570
435172490
640691868
680837616
5192922
452523873
563809652
259546867
924585735
349256033
441485175
824850981
384476075
314271297
356625232
592833404
478639737
354216220
516752650
159024854
847463220
136272507
63780823
887511482
551015244
987252003
681899190
815114095
282481212
375990110
930343625
724066383
819676525
616577684
459130928
868120241
311351914
758679528
488797697
971644572
673064283
329565965
346118739
863811736
927679218
401010549
588112384
833335815
933511531
304775099
204275527
208731759
444285695
395594856
456518031
701857406
222814481
835036153
76964956
282616368
761006945
121784952
648855643
743454037
10368299
286228688
830828061
608045875
901948068
196575914
768852157
253251729
200828039
163580
16570989
484754795
313215921
122050301
364422486
673745326
316548970
529004124
529164810
827243836
715350826
365266543
913912885
499971164
578743770
759954647
664822920
968615134
154721438
925334671
171281289
791480409
116518744
641241686
638397936
441537113
180071153
504615913
375581105
465584768
372093484
44402045
349195972
911652002
133830772
958268885
307274625
231455826
817192329
428743132
439668580
163226488
840463254
54657348
845022474
885958395
864276872
56676443
495946291
256207766
787807510
250336276
190908551
897450515
937915740
418200426
652191054
280420066
176910883
96146948
22046832
359721501
280632818
634557363
459803291
198757433
595086347
239713573
98932555
871424259
989869051
515861340
264929129
230775213
126676566
582149398
647259878
468802886
419113615
766845665
87221085
26573344
594290029
31107148
58080404
468172515
480421504
422340505
762902164
43632783
63957972
433099210
637845938
425479068
519321270
72778995
717773449
204085803
360195131
902857193
207052083
633781282
720518293
674512277
612441411
512178477
37122671
337109773
530913325
927681840
296098435
14483334
858525528
154685223
872107416
401373253
75259404
567364185
930598890
678633493
413057684
512425083
360565974
119897853
208593333
357748380
840457045
935538383
979562396
609223212
226919096
195181439
676184227
30754357
352234487
461465375
182264913
245107140
950863847
811229127
694040128
432822492
763062610
818180291
261308085
816770418
561777012
145043724
314856546
819814959
453437896
321085462
547191115
447656328
707822454
710145497
514921810
180653943
600989814
525879370
272780789
865601170
787569819
727672469
585314780
64001826
282724810
742792274
88483343
924141552
95564132
385441480
147651178
396257197
641042164
456818746
665152461
893307552
608667679
654069116
417471910
412852438
622555855
16986345
515448468
125232061
768148615
196289597
976524374
169787748
227470781
744864552
984326606
399051988
78220208
618679779
663977984
270725491
928230001
94609840
662650939
468988017
355958576
709650304
411035986
807743722
313052313
840072682
884622010
553430718
895408017
37924284
240887065
840447526
424067379
454561264
856860553
996799335
105340993
498001026
277324477
202853074
847924535
984345242
601996706
834334339
987918533
326686350
739731614
290504928
930684361
606892891
51167608
601718485
832713580
244987392
955345651
75620726
879687527
384421842
778258534
148196033
903297458
495287570
983448310
191293531
640410388
587916997
497452817
345971844
768400738
612296192
561357718
109156727
107776293
303631143
970509247
555700825
751698066
322514639
946097024
401089595
821320899
403236154
262191602
21865198
685843965
66355206
859670132
392688673
440149263
24047518
484234690
712724752
86632941
368182005
377749057
74700364
905483218
289768295
439437810
483061512
786646852
385673659
597451875
360443599
414713914
848867847
426703305
109365181
800283514
17985008
399557847
911357794
556881422
900851225
613549374
37923344
521564558
556663167
306243060
202946038
142157679
75232317
324112569
701575130
485711005
320985740
426250633
586904518
120459403
698266774
997145928
226321376
760027922
205861569
440870385
205392272
144066122
223056141
445957724
915094706
131421590
517961317
952823317
536014379
341490207
524568776
468071933
338071259
206608442
92570971
636565037
59156327
551017601
845068429
985385563
14602357
841302224
348808977
221098489
938194906
555298613
266446793
549152380
106940077
4017
820471071
660877006
314134134
69362147
359296896
238043649
103098292
958549188
698748514
109814830
683652713
857983905
448863414
429107281
993090752
775016487
146467037
788552419
701191243
475665158
367636378
473281483
333663459
101029293
326088114
394926545
406300400
450025829
299943227
613365789
417240536
895263287
198788919
964237949
841047977
342052776
402041938
332235970
548960124
706014729
107945411
985429950
703184799
901953707
990725776
848395889
619161050
504587043
201121083
862717738
845654125
261302051
355578596
4631530
76436286
193280966
323048181
378090803
51928972
842194980
806700414
22884369
134527874
56391468
514445227
917533283
617597347
585182364
209653247
388545863
715171038
634316460
743226372
795662062
241587260
630534648
795836231
18680429
853909492
153385356
3726227
274341458
185288088
942151882
819735951
19520601
248410559
770368431
491898866
858189165
771052940
327629158
339305855
501210452
378897562
106293974
87737125
176705588
331728543
382554734
472519051
10550266
569879788
615585114
794990991
615247546
298841069
487043724
360922903
954731865
889224624
588873341
866650100
928298688
441581574
645875272
346447882
117527657
325806711
756231240
349129924
461694153
658234737
475369527
353525624
210075556
361444092
509996358
840402220
986673900
388567740
607021126
481161730
878970901
880554451
660538002
546367190
32328891
313341442
282511610
803779887
831964145
344275892
938962981
36477454
442226343
202190152
294110923
860554918
587891451
498213905
623868966
323693828
238128391
310112725
714937476
888573099
884257301
859505640
465398235
259200152
966471759
766206181
622366436
715880315
49615842
600855414
743754243
374697376
861351138
599099030
777454861
190231713
744859345
211096922
769534606
182501474
207828248
103110621
649412241
848735534
662634133
917019306
75976214
422672324
320316096
792449642
96791024
314350854
279967120
505367373
173421544
370619106
666098635
770481292
954345218
164479950
441593023
606788323
599983914
513913195
56626525
696607099
429644506
895343785
169244696
272139955
396087424
734085153
452108870
436283687
490535644
154848460
724786918
757055937
776274614
341538720
764945901
499587204
526349049
513819233
268742524
782206312
982183088
783890143
401089288
594777395
777472541
275304678
37395306
677862631
525342557
832823866
783212005
776975748
234090084
223039632
769353272
8090761
976528385
210209440
697336295
550698103
846766007
672083097
210769328
657517508
992169634
88580839
427820156
804013731
481698414
365296864
498249899
45157253
528239073
325563235
415547896
167360748
238145015
617049538
929037652
705741115
341481457
902434597
330038220
586526634
257324075
550163993
15803923
401794592
1801445
507540721
485638091
895292117
543494328
99549009
210976468
50705799
33573246
540361121
791531898
781154069
348722770
435056070
301371385
239483658
54757915
301548822
40410890
162981395
160556285
650305371
324677733
64726095
356111768
355596452
536064431
217850263
204300803
330466257
770150150
822686313
298966727
690375302
715015097
490307512
995218280
922206074
883118977
89735859
427217063
191571330
36064439
299699262
597771064
581479081
772193111
4
60120227
531215294
39182158
542193076
510927469
370764502
965328657
830789606
18705991
741311350
867072927
561161720
418311553
387543435
916461983
456520014
945321625
454505497
751692953
935610243
359069785
78134963
796109752
702171862
907549183
416083213
319004601
374255789
717610047
649313477
6708855
329071056
667131892
934241430
615167808
211062637
20154061
485118939
245053764
146520568
155026180
647871756
473164873
125739253
897249002
264552247
800943374
400338923
63893646
352822164
389246632
80198722
389165270
715850327
880142550
831152721
817508895
789582802
156274766
839904060
934011618
168364109
228465490
234540902
606203230
890488465
408079068
801584243
792531589
793952787
328551731
570600356
347824281
424170578
451942838
480257143
387744782
446182828
105415142
98964497
257252220
695273027
985293459
278801463
883568670
512618710
392194796
53620622
458656239
386648031
198779142
785129875
700976656
966788678
185258475
373707746
340242922
462734570
449929061
651658672
584274875
855319736
293267764
552106419
120225654
989435185
981824686
330409520
747642712
666864750
662148772
550746872
964037725
503310806
942023814
30348307
827087216
715076566
250607564
327630351
83924962
350670905
31948288
867937647
806731882
922319511
134428500
256106915
632973799
884181647
238133374
726492044
309177484
966612450
938769281
154731635
679832286
804756694
256904
887921593
169175894
713700477
116280971
56770303
777991564
13573720
272662892
775559386
499946871
965779567
123340594
155291237
683554687
457736025
3581
336335152
470081205
851044529
777401238
501970307
950198736
619918950
685919660
316581969
153317296
954859189
266281835
746223684
850861409
954339488
758009610
166889995
850119911
625585837
493870243
858336530
812518261
575134289
406145700
753927814
902514138
917854287
585376139
796157591
323699773
367115807
415136447
388556905
325386826
427663694
680634449
845413086
436968654
294651885
82569111
934541692
237963538
596050060
192026901
900715945
618120239
271333286
246109896
683562484
862610973
367022541
747755739
830724812
852356606
642275364
870435149
649576048
703303301
439357755
422568998
828041873
160028101
227748356
285210124
719900754
825450198
395458539
777139455
509859031
902483218
244771879
690679289
883719700
137606487
24464358
907484586
939005044
404225808
240066908
70947205
444373387
242822543
578535718
358092132
579922981
46848075
310533005
39449820
307999315
331784187
581846491
274581388
340365510
904539102
297361135
646266434
800897816
630954632
71378180
677329810
753692277
817449326
965435012
75082359
954332081
504105906
557675392
202141879
3009402
488018798
344253555
287635185
951688418
13105943
406310014
664537987
628873666
70070700
477200533
781872745
163298185
801634435
584048410
472009645
906387034
936934358
925587650
928055991
419282407
31678183
482875165
577740710
706428092
607803179
177396896
48952039
50982610
143777819
819629139
474448323
109864049
479534295
26074855
839449433
953013319
301058953
57510431
14599158
78550435
390520657
625240891
447531042
52328953
858010478
992810050
638398270
786194933
696079829
852603832
689647680
434901150
190986118
303570390
169703646
387944328
649392676
793530230
725860211
35796537
788689552
196880264
824966197
227114045
36085850
147819731
888730904
92040322
532263680
928983520
104747683
866009863
43464809
26194155
630349043
627071387
971854141
885295704
453186492
339315571
681567598
347740118
958369746
855659242
300537556
686805693
473371471
232704589
955803580
383661831
603324542
672366006
202486425
4901255
504446476
432110310
802338920
941160396
451936261
79912763
450355874
726387267
820153632
120088746
845578416
462674222
573749095
915991611
799640447
377490937
31777190
4
807642101
801186618
395997017
520831373
63937843
483700363
82708263
288769900
661080313
766777507
643550524
711541808
27503020
770666115
906325502
182376808
948027117
655101437
765817075
474642620
171553442
11858719
47513206
433879424
111248365
993201376
527506439
310753040
328605163
23704086
738055317
405276074
734485923
285164081
545416198
35009899
847899272
983534692
281960971
303599324
160835695
977836303
179302778
196153990
452729021
168501707
512098392
476194215
517499138
985236404
85830162
922773123
656461632
774665777
331354066
102908708
461484334
91262648
6297530
815954519
360785554
166733406
817935645
697574307
181857546
709889497
900976409
926079517
496985995
53420447
753545744
799571442
918756346
919598582
42964425
210198973
98577053
62262871
340630909
216938399
689964133
918267744
185572360
132813817
106578691
492289795
609485656
539068700
416985436
850256825
102313094
757617368
34806243
740969189
965478107
356481450
469647151
717900876
231669322
847961160
62781376
159476284
170955090
289472133
835798698
90997996
449467731
982192958
507020274
444690650
203401935
759242878
519541198
719266588
678548596
554289643
229082484
157867162
157697737
142043900
703273885
309874147
545578564
316809136
198327570
810990261
831117640
784160055
373848474
24963860
816602057
442000855
328616934
133941990
392871475
661260153
247035817
794899813
139928854
466842599
684760614
976711685
297484546
406056697
852430786
147011594
379700338
232825208
721976601
466443830
193488901
972382746
668796859
60334793
647302583
33538054
199438374
946990716
611480055
586964810
224028441
42145298
913333407
356310870
738398381
704650582
757410697
607921594
139837611
928085427
170527071
941089090
747174270
199869841
673470398
153156637
862137001
543036869
506717375
700347451
848532215
25818179
972962746
327923857
742071611
504215468
490269876
493781599
699565768
820616218
625773354
836461973
604790510
455130120
490929251
284435657
425591736
962267456
671969263
201985458
157828942
781147148
515306059
612833777
168374930
45359769
847653233
963756431
53662542
284433971
628927100
868028415
137148803
737983751
798176537
259554275
960934845
735631173
332374629
249635790
38334730
138940512
987706073
771355014
43076429
334730714
517215725
738403944
901737852
636625682
588429243
930715027
320643010
124935678
7694709
42035040
915267254
642158233
707322325
133010833
773119401
503605195
804519560
320780179
165192080
466143564
149154895
792061671
703624261
33609882
800564308
553056039
571649295
385380251
966188955
725366778
212206861
18206070
280654447
307030448
140276505
827087754
77836540
238180162
72076404
896612741
503846059
104105750
899289014
511227937
240312959
340583818
226226357
392357608
645432159
402342407
777066754
732164766
868565416
957004594
754349845
687637858
548355218
267120304
366375787
885966573
652938250
193725251
625470062
777359879
354695368
965499902
276901752
564241613
824861412
179691012
275085182
258695087
224466559
228479235
134286241
190838111
371018934
944533293
242330794
584444329
3832767
369847723
209563800
574945146
3612540
650643981
741145519
389986978
664845422
339043134
632251309
493361432
721360116
21655412
619635246
619734848
938022288
325021981
421854072
826061724
116745485
424614093
950172252
716019898
534925077
738520105
602613813
811141481
778942365
544244360
173858595
981114984
611580853
446755502
603690754
530792478
214852428
189104333
610723463
645554783
829323824
643712344
962153969
842249927
263594512
795811776
68690350
195872697
312353482
755033122
900482747
804661844
427294264
661856503
278656351
297574064
38267265
946925847
954601078
597149855
455397184
612724019
147399446
803317023
359004404
276180982
877814827
249831372
794401093
492777453
365209578
319372630
747716173
433386919
604783677
543874698
3763379
826874225
575315675
569799819
424076082
861722399
861228237
926301186
103709092
343734309
228999314
817280754
110283975
747207812
492817830
548772734
560390570
262204579
269614550
893342032
688438444
137674883
508399114
954394261
35832726
622727421
691601618
321882992
137344138
855953568
260783368
327128801
394838970
218228398
549969302
570359808
948419891
923559414
939573381
526610282
375324893
744932442
262500973
714181577
481684808
172352962
307501666
703867839
399887366
778154165
88618921
498422188
739604058
155373669
388367726
279756901
72040610
389500277
559382149
545236825
902700243
542948295
865157212
792737294
500194753
789530455
814685721
334167812
66107158
128528883
510961151
547124038
377741846
19162752
13303481
365507219
140417221
175943839
327529696
528194002
284024742
918865167
675242534
93026753
209185938
609566675
841193221
544462737
2997926
29706002
290878955
572433788
793831207
29196475
503524075
747203232
166544
946734376
631578477
428904850
989747010
32370914
229606265
581873033
465491511
201497011
321502030
308219372
464149867
434367479
581026111
620245207
629816162
526409227
40840347
791418879
207357458
180211797
370763848
693723325
359368006
234539786
641394480
141768859
599680492
82521062
509275598
157804391
443858410
889077174
39274809
130798957
283882861
787285303
73336736
709196878
459430811
534811748
696241728
854238525
938133811
278232456
971050006
362388076
874734845
616706610
294829846
550463411
156886922
289414191
22010349
240177618
618819323
436343751
606550105
23637815
941643576
689555702
28381050
986313785
947550527
143592475
951825370
739123740
224382643
44881872
153332589
433459523
915461058
926436920
268658934
126688588
113973181
63936282
462112286
886458936
534482872
184918977
28786738
527246015
449643996
6835772
971670971
146516127
54878082
548581268
113262282
183992446
777483869
598549591
513082300
131000863
864417566
117199238
86286551
41709578
258696593
601838466
991503040
271329117
370549555
418512849
789942232
148847128
240840583
805082553
494299120
871967326
218038090
969789906
393824722
864426784
534230031
623574911
710305187
700534250
198234377
218918826
847569541
996346947
378253693
636771285
875433884
209544056
1466716
251544415
960141791
643337594
63813086
981365915
670811881
138847998
848279315
504884758
334056262
130309796
422979751
243771377
14979226
252703919
298944357
583029631
954619369
893896657
502210777
367245509
666632402
742446352
529289941
395423260
542714545
152994863
47060356
472365248
123946350
501936795
560130931
381696848
387791469
233862810
247845761
234364604
725182884
440691711
296972729
544821939
837103519
661065349
534640729
392534667
913555500
444198766
805685469
387106741
621630786
750343890
937638895
637248026
911323348
388436319
33349401
274161533
876061559
795515996
580565518
624251855
724950307
426273438
2392849
499748899
907168113
166665616
217261862
273666050
137879646
158371607
883750136
778234250
881480391
333937551
39425858
120681898
228091852
296440674
503836772
440136705
246638126
206243714
657803059
964204309
447889418
404223060
505290709
236881363
686070892
823174170
955600579
268730968
58551556
141527445
44779933
524628060
830770418
808242360
597773542
282973108
98134910
758208894
762722384
962096313
844968396
815782759
491645106
133009131
604177394
686109153
827001393
470366523
155857821
943744278
441036778
854094511
794653372
641924131
978385912
370642229
835208242
807261726
749138234
942066933
810239793
880647488
60853889
361350110
205986879
943238954
118690441
659051852
901361512
475125530
672885096
295470008
455529052
519763763
414739927
400753605
229538626
962156290
83467296
391757474
751224539
242403845
660347694
531038518
417191055
863826817
899145387
599870250
330190178
609981800
15959754
638248063
79870062
100498737
996393401
603121034
819517984
394691760
185730823
267547644
459035058
163359325
179545652
215583370
535538558
800563028
935388745
938049364
13262373
551258458
384905868
622163721
667799841
776202309
3631332
847285699
676987343
667213084
943565986
113498512
600350124
452142449
46074610
831720930
91195991
540478881
58183477
437460509
859737067
454500690
497035046
882358618
472493081
790683416
840836381
956601295
633873158
369410097
44420548
754513911
972198888
584854631
357689863
825004660
962735324
90217186
201486028
480751842
329505127
467918442
426871829
135639679
502467490
377176912
423630518
748261749
149824254
929925063
269711012
113440848
141103176
534977125
392049724
241135693
826843119
262446679
935819038
623281469
164746771
102341751
341714411
848650507
968747766
236432420
629816766
379651358
864246323
72614431
658204939
4279
308824621
965548369
162400517
737862057
936809069
233724721
830699441
614983346
749055231
807734767
352758639
202001269
981285858
555976658
492516108
664524771
117396201
312218487
653047347
787960708
473154957
913633470
455661167
626755397
306128112
837530954
966217576
958169366
918957570
564255645
919258909
538783412
566627776
205096512
538742138
839184219
777555372
760912852
841885369
337409018
686136125
431223991
921281133
420332373
248970333
507080216
481797877
328352841
691148231
31591304
510422566
142797554
742545674
23976778
469869604
526384401
451765183
738959384
289372938
438650917
217146766
179581273
337650620
46673148
63833751
150404353
1078614
410524846
193157853
691132038
767200326
520587969
657614889
796726404
199675784
337822070
173
274099411
926899569
430333138
330057094
290406720
200941223
509315845
352520116
596525338
324182125
78678551
225435085
277966433
432758925
232986587
327889940
571437677
417126795
694913434
705288521
151021620
728321568
171772101
636747039
556964429
965637856
908252145
50777645
959203150
500374063
265004066
469216126
599838834
827033716
19440320
18798815
859740131
291183171
102170175
717571079
500924321
921935906
196238256
255264076
691751011
324144493
52067031
458594973
675006548
570109470
63682730
639333193
68919273
427774866
225043878
500317100
93183565
872519551
640831091
231797504
538830844
407400237
209556711
15764670
204359726
579199355
946711843
387485622
48575608
917543779
509217155
989862772
161184110
837971944
996848357
986445949
411800815
173501303
795609013
77941139
631795057
599961589
57968416
763706907
688324081
363645231
562582611
237080411
202959203
40950796
615645121
155839689
625883132
381734404
569938017
642638022
75011472
837874969
921321375
463186494
469462838
790656161
183253784
477115901
509224517
626637950
467791987
51527523
816009166
910913831
543477034
698608373
462977190
543290045
165886496
893742248
456069741
55234041
729279450
9054264
694955382
361764178
949631127
109930734
977989439
516519590
776025511
607904909
889739642
858195393
821998108
828266901
475248230
747985562
150329736
183507216
735842859
459971430
868399912
519489589
216415089
542069677
194625718
95450901
685688634
694496557
281954796
21496150
976781007
633510327
387130264
997249206
564637525
4237703
756691857
870896703
689505555
914742984
990898936
754604798
53898418
841510379
13047837
614514301
631297038
626886852
98880566
561896033
157731043
811055406
24303837
32561037
388442547
571660446
481378583
536845291
109198290
198106992
757859392
411225240
647724676
116240338
180181682
303574341
493388989
618167520
347123786
565190970
689749460
623771634
592334838
525294469
201160228
360691644
876902593
983057635
177200929
123134002
201964526
690535045
537023018
515442154
633553786
266559652
476227964
249137755
67349538
736210600
905664648
696147499
384759366
627023846
475136159
340453475
596481624
492802164
594344060
292972196
15187946
505480449
506328118
5689715
752278956
288834761
669723561
400687828
583678232
99532225
77836005
284795274
656332966
982840500
303806478
628196928
700701856
279920647
937687993
879766128
314380159
937732480
351474544
807483979
346148446
620113247
838623135
79875793
709295224
13597212
98018557
748108032
489256856
215466170
451491619
593270529
914495228
945052071
952255899
766204758
815544411
209227122
178854523
869682885
963524524
294597554
959602768
609400120
275742126
267239324
539346052
485089129
829463262
34027405
816667943
861708896
360871123
548977718
725718891
786866926
849157569
147437091
710422925
59879081
204846656
802680237
996498725
850109480
679342492
950784794
104728187
263569719
876147835
128259953
318747620
584896155
425774697
966281923
486521373
410044330
883387986
728691710
369226794
823660537
883893198
797110247
207972219
662471791
732028015
109599770
230834146
79553750
514028575
992273213
264613956
74612090
516787629
116646281
242197169
652045890
228034651
9125539
754535928
460256515
932855150
647762841
640565535
991006904
241382704
337824829
975481138
379561257
18483386
451807854
188263789
691652895
219888813
297802833
246854825
727995006
519940236
396431181
354317205
575688468
431683289
714164435
906175490
462043665
569247537
581514146
163077025
157311591
303191469
258910136
774179708
38890215
979189050
354642772
928996609
79848457
721838750
8714160
293571208
625366200
803091596
827403733
873438068
42301994
580575056
786400243
866496228
70443243
910141170
516309503
100129070
152687667
142667038
644503779
955213664
73434697
322135013
975140716
73927759
387254375
750920930
273679220
356304856
507589480
602358572
137796336
887581423
920395865
654667765
949305643
246746555
793944335
448330605
990151691
978374753
375635998
538418451
124818356
144963538
206294330
411012807
523859451
588934814
495590370
492404590
319616332
841401112
223542264
603943636
191155098
775630194
115494062
553531121
26872322
349225529
339610312
450312472
801914462
524736437
840818772
97349181
627276320
901328963
52388060
831281157
299727936
3
285955741
16434455
515533826
977907747
705339450
337142550
712028045
655949444
96887945
862983633
194364384
443941703
828942968
601074256
980040257
937110729
560428497
450230862
416646627
507888280
765420942
375001998
465963084
145472422
976621660
907591512
487892262
214872570
248182660
740669758
509606041
316902705
850096991
647709546
646026418
622492160
893764287
561520807
932171033
911975205
457261811
155882577
901458954
256927938
315584558
176304666
5026279
722072652
44455459
126590035
958474953
470430142
106663488
958962659
31380835
20733675
18321509
731516334
628542554
76014231
600933726
12157106
564726156
948271119
240119817
956630866
391049263
317951167
141907031
101126630
539072225
912525706
777815770
929429063
912914635
769282213
821707169
643953322
226974456
94118545
906508332
729131140
227729423
433424379
731069891
195296715
514954951
735858196
354311778
562014673
345928285
341324787
910794458
282226441
320654076
810084118
25859007
536616968
182451320
150379788
483706963
190858
255778873
853755664
943767173
730614509
774745732
131982433
402120756
167198702
158946219
350029419
599203312
758619949
117139844
280513984
89907600
932083016
251851792
786288052
996580070
984689845
882375834
810810956
269257933
439260780
799227179
268759790
616590910
337437179
611668777
465006851
531235026
803243378
333929685
398523656
896464330
364633077
767555344
861526482
49423074
53077810
934675626
314028707
510568500
476391531
879538823
953901199
793510460
427388959
625449892
418125664
63865803
912883466
503854263
481834736
122675537
237847529
736340681
62931121
403730492
424714764
25645866
63676158
915332523
21516966
275460573
601170452
276394446
519588717
795855282
866552799
16609111
380961897
523369182
864533609
931633294
76211087
937145988
45401070
224800308
190533353
721726747
702521493
100318161
221834117
199708741
757808031
709793193
545003708
760343363
71310135
210305012
738999467
987247939
917051456
277247948
448226960
314864387
988534094
771808593
353132336
99161340
812065345
204076852
120982227
711779158
903136983
166728518
6333072
860118798
336832308
761787599
629805776
820003266
840246028
279935010
325255425
541960282
749721324
951612047
561995450
755322213
5639
960560935
492664228
48998796
791561581
108057852
931076576
303362714
377941493
78567932
937512975
26427774
180919541
373009311
653435967
315461025
386654661
907331833
521172948
452410406
48700748
401502708
701999580
213192211
987653056
609411507
417002951
910301984
388397417
964430808
632569066
13732539
204486736
621303386
501581966
746942159
189204872
866075554
178963726
241296371
19635109
331639198
371217431
187143854
835096784
982480370
549816123
818835332
724923922
274754103
134262970
166973775
99420327
953143484
240946221
594400397
247637573
19559258
543983088
391253187
128513851
79843631
62433984
932744978
177471036
926319197
521352965
349500063
438830563
480599884
435716716
998081374
911479927
722566036
416389961
419801178
90707177
823332969
490619099
477748873
621153381
672714157
567872881
524843986
126590942
343914407
497834697
27177712
867829293
825241739
909933454
610891664
400869567
657449658
432751678
297099077
965183842
443638236
456347078
620326099
493657279
828865422
57480135
918235562
933865491
371065015
7836244
504684402
118928956
907744193
406973479
993066280
17649593
502812621
691895368
399878791
454346407
575711548
176976240
680151319
365648412
782154345
451872994
545988586
729789442
995985471
408068156
33782769
225922734
506091855
287101773
325857113
938283627
619208124
809125748
21904619
314970221
762300726
885354214
793611956
417952057
898128727
238796103
468029586
36494448
894114558
414899464
699316972
112268437
828342601
128007690
936275341
626947773
590942409
212680212
797083300
268762496
693996982
860581430
207279057
806359088
646341688
935556271
123380808
553847095
202896865
15979416
769152041
10640456
719103420
523651112
322697549
359008832
877829279
255998422
27733966
786411846
594553486
755425303
280161543
363836785
122560696
109971741
343505316
4655366
386393344
623996446
184099935
618489993
620941047
735347372
688771234
498278225
606000570
323761540
769683838
392892927
284456448
314707504
439236726
193104044
295429083
212140215
262395247
568732384
341539593
81313779
161888580
626651659
135094681
218643684
67323842
865124222
78859541
602905334
688234758
692327329
467183264
99277176
439130942
489244380
684887256
60150181
401237404
559910746
165888460
677511673
743089276
776428307
753132893
973026827
502355584
169203121
310783948
714523342
178065954
925095066
529421920
262115827
239246747
691702984
450570255
200896779
680631843
171317945
304411022
344876622
451911245
692076457
703369915
653332018
701581488
453979641
286403633
721085232
442191581
370675778
42207616
504864251
512037116
308419179
693724650
162039
245338135
496347758
293427642
519361782
733759561
963477875
572761850
154970149
902687929
961525719
151951360
672202312
560557043
112084243
620741813
86533409
616203665
274966415
417040263
814787451
450711970
995943951
700745588
289920535
630002254
608443598
546104820
803074472
388477947
983213812
40939272
719643755
78167583
553588020
983762362
128972564
160849449
757992658
900103228
951754497
788447441
639704846
962570511
819398826
968412428
355082184
283153939
358228601
972708634
246217429
18854360
341428257
30652303
694266898
665411112
339128503
589524107
623135958
240415293
661702491
549941724
272944248
18264580
828248332
57236607
722987557
406366909
540601949
251041774
297417612
251288234
875753533
420095708
582343259
926778623
153730216
150061993
85120747
984162141
868857075
634042130
698300637
636338242
403962634
527832424
870137294
184645014
58013235
569650669
315633727
316769914
777002999
624428138
356164818
534960107
170696973
103073484
868673077
722098481
820577384
780554382
153804757
25350445
3
438743469
732020426
18303517
396930134
705243615
346594443
109972868
13110435
749816282
940521764
653748763
409487862
771603524
36960825
363048209
834011875
511403983
789686600
518548246
69649205
264433465
203470037
451297591
760980766
638718743
741797815
981583067
366982944
332597481
535982901
544897819
471157999
819061250
772710505
230058591
810480155
247809206
145878529
443501630
427126009
698292987
307274676
623947541
916210891
979896836
42301148
527707438
86315384
904272958
464217970
631441509
628505598
383939902
330432255
26532014
502423367
251539934
357651968
588212971
612643966
274348077
761239179
163887337
882073374
325754015
799106617
721639779
445028334
523384999
549326185
496139728
648790264
184937892
447999223
468843229
404275754
408072734
136336564
96052953
412588294
186227253
247350872
571323848
868829534
183388273
789854181
774361172
381808213
87452240
558158285
767997692
930147980
128333999
207272640
177615597
219483901
167432221
941309340
46578949
282274522
457157805
394346237
127680205
399892693
729738520
406443103
740241302
855966720
465544344
478798066
697136256
51670323
770161517
906204914
724753731
449295723
818227858
616856296
642081766
453849312
949208619
876305335
816515051
930169260
408233733
435124473
635667705
908233484
390698427
320681185
594798965
58862696
396778554
164553543
407979910
632012416
842456546
665902080
678220761
363356940
237621078
62020743
942785262
691045895
22244979
137270192
322925055
742794458
747471088
915616294
263118829
981258706
159196432
812145801
14737199
452373541
119729148
311535534
994525921
402607489
536222562
392950833
190541693
201133116
95698391
916432100
732217065
118573699
629735990
904211020
694533127
529768785
698452150
634569696
275525700
997062422
445380194
746355601
271320456
138
683586959
204764065
175541265
554381388
480095224
510666981
666946464
596647659
601764626
462883476
745183747
461778271
417849864
43547461
202005749
459034500
138304393
659746619
414524340
688975339
79300758
619033330
418512850
796414928
921862784
322541611
239986203
753243204
929279765
867417454
407528700
729455737
749848442
585758065
929719113
118320256
167279197
899422425
309845511
63596011
691609806
678530615
716505220
426310665
320611026
461457091
356361689
882175818
187093551
952915698
327610139
746892001
886268198
334340531
614009339
61083714
291229517
594484515
4789796
397046221
657781859
802109051
498945547
92086436
738107684
149962149
340972237
583006752
440754876
88794687
396480269
506525726
556896324
599841230
21978572
275658802
157440734
222201934
908730702
548710557
831613353
413461522
946523186
791425477
771232164
406538251
683076777
797484210
642633329
936263148
916549642
638534431
527849032
228820205
874936600
625833615
571839193
246234282
221527414
697990068
210938092
114900398
468326074
406474085
984750696
383434952
804791597
58320
3979967
308776290
20125070
270167865
621304190
711069773
526157496
415016837
650598913
893294923
728872350
712892434
580068504
46841104
709190483
41921347
130974008
805895095
203741753
56976938
740185990
69288207
737653047
70023638
418690251
241115452
734994454
161502793
169302857
160842645
650743487
718877658
820668200
95717125
368060293
721799294
339004480
239566792
248817958
181353282
71755114
856706242
57960627
461868193
198145362
139686949
246896146
628721696
376493645
805635604
257337415
653696781
251392547
928750816
788215131
27194809
910317238
298002140
120814783
501130358
705288285
761157101
164655026
745353554
359690315
114561985
72891627
79042375
206424463
629334424
679557029
322144229
89258733
260711230
760226819
738181319
52119410
43163960
39559526
908615973
744836526
622049323
746328334
497735179
414509000
554163965
266702864
847550022
226418850
831843636
634297484
464545572
920929375
394833232
661374843
273595639
299712869
853468781
141477215
395974589
275886113
129265382
292925534
897266950
903452090
326565833
98519948
514644837
699136593
173113934
181214881
989152619
729838733
133971246
859505437
517825588
724126134
130658998
728491144
367350067
976843203
139951606
232196398
296218945
827709274
145722647
70405779
955775288
169793308
327600173
431636388
710235232
731656992
431120554
547177003
719665689
718231148
735712494
906493934
23096258
920943702
731760374
625120423
228613908
168757975
906740341
941785439
553841333
129207140
797512058
263181139
291890270
365163971
434435387
167522534
945185674
219408718
282123034
950250635
224208868
771182105
286787555
486969201
465564022
660535044
425276408
429671917
558577060
230421849
5500394
250784218
630572931
134734544
64209302
102765697
504066314
728951719
92919200
571414708
904707689
938939685
421532351
592381362
749775834
902267672
132970215
657528020
8018934
54094492
303414074
783397245
296419417
410450284
585307745
107464618
89290202
309934665
421686111
102432954
537977799
122166826
686982057
873345218
871850957
240887671
5839604
873180288
48358296
614064757
116299458
484152789
299670963
72996638
619218566
169423185
845169667
839366503
268161138
564745136
995467521
11001596
679223982
889631066
572781141
962092377
270688766
879703860
707350669
674423993
734070636
890295106
834127107
695924342
76141446
87602198
873215152
105622445
653231236
816620025
488255069
407513531
640358911
685037278
129379017
928219300
617370439
725266828
490063965
417698564
943079532
167169909
370503601
327307968
150339455
608880166
847895499
353819228
142812861
670951325
921776387
424995598
773681632
361566786
594432374
18325492
277842754
486341591
48747741
196300330
513203289
397997187
316595732
915473387
718360362
611804148
139876231
67099888
497792908
153257378
780650010
598778815
255030840
553890674
952396359
787133903
737048560
665296569
178415707
660065554
68890943
156142197
354112765
175369033
876606878
616712146
377882920
700123924
286456646
431029174
749659445
116115210
522057117
22422143
294247710
468123511
431521839
167819962
87744815
82948506
308130517
514005410
742359223
51002127
4505
452322994
869002239
632771228
912262358
496381997
504390406
377937389
766587214
926140730
902927651
231401092
501323670
803832727
565652436
741026384
186639076
532777121
984296616
782163794
933194522
669647024
75129478
943014263
204250166
178229387
345128513
232348295
501546895
822605104
548503398
268279902
139711638
931596037
189312895
821556999
885637290
950992920
965680230
60407950
661118419
321655444
515020348
351372829
446377406
200197176
456282053
931723532
872263889
513568375
805476464
41143260
800443879
980060687
872744881
772623049
925057806
40968170
157339070
84346963
131961261
168844297
751807007
724031825
451923674
652944263
919198852
236997010
942618667
100449783
159840003
953388848
314686768
731763758
480531809
869692654
483234259
291851129
118367660
594786831
510245944
382591794
708546404
608962419
761638915
428159144
408270001
834794413
449494893
382757374
659343526
268007354
247329155
338216660
288391009
747143704
460052069
801248518
386903814
922066068
792970830
850233566
988313398
749047108
480535139
160339172
392058575
951035102
199216250
87531775
659122649
58091418
891280175
580550319
995431194
609523864
1128889
765195859
545669492
448210219
768383865
763319520
926076232
278063236
51587851
782904286
809947338
227512509
377001686
546614142
52566827
877363947
549601198
59369370
276952153
257028096
413687243
218139605
77867956
744054275
510807720
298059074
241921212
861974977
493058747
36202376
72945320
177289222
744520790
514160575
256179449
776628632
167902368
966008184
936358461
886700144
703834243
210850371
455026832
175773072
468716650
946374078
197171907
961672908
398556928
917830193
657173635
819252561
482902365
866171279
302136796
194379042
994819519
275873341
604985997
822585101
352389417
161382053
655205239
675877834
337970020
569457295
349950524
412134588
929277124
655066484
210877140
247132990
712585898
619570147
862235003
110825335
739517438
130949339
646400415
279323857
495887825
353545225
165944175
790456500
542430342
77194994
553721673
705295387
864578886
212334690
695478172
656745246
943255365
307641976
719162782
709932133
455210622
945330485
533472831
35824501
758528758
979612288
27213030
400453773
232452815
370304400
46528905
367401026
297198615
112260367
198193507
1619825
496766827
649641345
727820446
833548677
353186156
42328683
624161968
26540733
997351175
541338643
307395284
568117872
678416748
832624137
698583187
950277592
916085780
86319080
373529238
286312272
74732330
43367716
460626287
452922573
591185446
516678763
458352922
625562583
311191749
556608619
26587883
532632175
568473895
944394098
951163717
737796518
291817427
224779198
306249631
821132615
608665922
804157712
274747702
442177470
687859109
447730502
704911194
63565233
575277095
685362451
428821160
937409268
924935840
647086150
659053691
609219114
167922138
208765188
964165569
145566066
668859721
848973026
539420767
798487648
167218934
181206351
740420571
415093753
550009982
350393695
596593708
747255541
533098662
579894412
921621053
101992391
162764511
505330918
157246495
500612712
514315420
726854401
288412744
964181953
968684029
40208161
653644887
806051716
441018043
40625956
281879679
443647014
255750725
313519095
646401081
689162638
501542434
194532940
539634655
775304484
465873722
137743020
911072661
332527209
269417050
176244906
483203120
347218705
744985803
607989470
569256066
593279926
147343255
496607231
935852743
836165917
25850798
674799775
587470998
563274
5106260
130253621
806575789
736980712
687702872
818945592
507213199
130279564
175652275
169161147
151390637
507746706
392642094
876192704
455720852
641686579
435814565
634545134
900086104
635626088
432279004
905078114
711301702
226772803
448015346
340135851
577211210
3297535
409091927
946170798
915460964
200335374
959442507
712950992
633940820
9955919
646854260
730348221
332121881
140183469
266944039
323594380
183917742
796993995
552916948
714370410
671393013
162899504
506725081
907228257
338141614
286429454
86365036
571622417
554979483
440773130
573903530
958426251
608099128
62597373
673791259
65320665
679387563
200398328
30097329
175001273
946816455
952797109
859762720
443928127
670871399
538685122
753228068
793424177
284018136
310354981
675919454
163962995
300593522
154549617
149951234
592535
209308143
833499517
698808535
889446256
736222205
411767605
591620292
334599700
308570177
102869023
344031384
189
352961869
127897441
48477432
191242610
278701611
153265828
123901193
654100128
169
695051087
480097985
714744972
100768977
478167163
279199858
625023110
49116474
507837765
282327101
9101542
896991731
378752891
785150402
903580071
775021237
686722666
195879957
591044863
637619987
244865941
4
560079018
216738622
975600898
84525085
214712411
545562295
427552721
216898113
468228588
687428556
687263615
241765718
180253452
850326095
390946150
30935625
958389606
214836179
939546688
352613402
452305521
80258336
44988324
552242217
195652883
48280980
314527002
722584353
796490528
37792778
989826773
529081783
15197046
613281906
432125152
740221316
894356312
851816766
255556035
491899499
729711215
439360122
250322771
953841370
617527912
281314235
1219700
277130014
980857386
813795595
209525714
900665685
267260434
70657459
547286869
266293557
284805480
368490354
782281914
784368750
830592894
215218688
630478447
561560839
564192106
635208243
626622746
867209861
105851464
885736405
153885069
470627458
948688313
64630516
228531201
621477694
936067824
722346365
267942960
59342306
4036742
744461173
478193002
92262647
132420593
653706251
761902485
350160180
763685559
257564287
18328332
74739010
561575790
208442172
56131069
368851214
71379801
893043361
535517873
530520785
858894570
733728131
164742457
545395361
171221110
454026434
150807839
4836080
263150101
553371312
781087803
645254080
939287833
726323593
537873567
952536305
780413017
832673788
474538910
785802013
55584115
376081311
229217147
841583803
300221196
565895597
59412913
441335122
647651977
931209025
543583287
82201692
453349401
135658270
300200615
149959243
960017553
242288780
427973479
383373973
360582023
108947998
402788126
169342105
552135564
996799335
85204356
771679733
850887710
730530276
196447128
193512550
985610413
257170015
657428951
193096947
718857668
690576393
724839750
842914477
362753998
295315712
159445646
829159623
799505761
549756802
728415752
969954113
950685122
823095923
191777300
953073089
890276200
755738918
726902186
141939091
648201008
173205018
137420988
352163555
650854195
436721596
197375628
244842608
326266694
626417890
844423814
927514415
540232869
831263166
844232204
371198961
850695978
387202809
709154479
104345337
85587013
144866858
558978917
573282647
645437816
180282329
765630040
202050107
713149183
607437320
259353233
683590518
71452947
285917768
511276057
658354607
996832707
91282680
94464314
718844945
868226720
730681093
55729078
368412069
270629219
562203096
664581624
278269275
239007649
612849993
154672
985883944
87440735
634276137
238371437
21217067
525880273
630701612
54097998
743029063
498749879
880936240
357517711
867765951
859634951
570608183
468331848
178544242
146798825
53070735
228359536
670444100
906525372
673543166
417091987
327947859
491918590
213520691
192357621
643781727
364126968
311971030
189518490
167003395
886705837
35570237
964203198
373079025
727101822
630721594
595492414
61882867
40457233
313441760
550300106
959218115
591057795
298215775
41812920
115854617
916435286
954400038
26705387
590619607
416254095
413237784
420240228
819412076
601037612
678486720
907361150
90341981
922021569
438207104
922757511
12623167
253123027
796282965
224985397
209373775
980702577
338811591
458733227
904171952
533415148
515078864
384345795
427790814
588524290
769583025
