30
451
151
66
6
8
432
140
18
2592
4896
432
4218
2
453
36
1728
1024
412
273
180
32
192
1728
3
48
96
104
192
288
108
2196
410
36
1130
1003
0
1152
6912
6
8
18
1543
861
64
48
714
576
444
1728
0
432
12
38
16
20
3456
2
96
8
202
203
504
64
64
82490
24
8
16
601
13824
1152
112
216
36
16
4
28
529
632
108
144
4608
82
1472
84
24
1
384
488
1152
40
61
77
6912
556
1502
26391
300
543
172
120
117
1070
128
18
12
2304
32
6727
36
864
16
4
24
9216
8
2
16
70
91
16
32
10
15552
16
31104
369
2916
9
1370
7
455
18432
3
769
1038
534
36
225
48
201
23328
144
4698
8
168
430
9
384
4608
1048
4608
0
114
6912
6912
331776
48
1
4
276
4542
3456
16
4128
86
56
124
13824
64
136
2304
2304
116
1076
436
0
5184
92
84
38
35
1152
721
127
1089
22
524
225
132
140
373248
18
762
128
0
184
192
70
436
241
54
794
432
12
51
228
108
1070
648
288
10
87
54
81
147
17
12
16
48
3456
6
194
13824
1944
0
126
263
2
4
576
696
1536
648
32
324
5
12
6074
18
32
29265
3741
46
1026
3
4
1152
23
110
2052
4
4
384
26
520
9
432
59
864
1608
1015
812
357
12
50
1152
684
3456
23
1178
1691
164
768
448
4
48
128
358814
8
384
12
31104
1348
1420
157
900
1393
48
127
14
54
3191
9576
20
0
19
18
21552
4
1203
247
4161
12600
320
1104
216
2592
96
1050
1152
288
24
255
32
6
258
16
5184
1294
144
1110
544
0
4
58968
16
2
48
3
1186
192
96
6912
1266
68
3072
594
118
108
648
32
144
3456
81
658
546
44
6912
96
518
86
2352
20
1460
48
1728
56
258
70
62208
44
36
0
24
6828
24
4
27
12
38
155
1524
2916
1700
576
158
556
24
2205
72
754
72
5758
20736
230
4
8
788
34992
1728
2676
5
21
2175
81
35
261
384
1680
1728
24
10368
843
652
15
10368
3456
17
1152
18
66
812
12
78
34
12
96
576
3456
3456
66
3456
36
207
10
20736
6629
55020
4
217
4
12
32
96
11
344
3256
3456
288
5668
1960
29760
10440
18
24
6912
224
2934
2304
8748
12
548
72
864
2592
9216
2592
64
1596
21
165888
222
9216
174
54
4
1536
1104
0
31104
16
192
1728
2
50
5120
360
84
6732
6
4608
48
6
63
7
43
432
384
38644
126
0
197
118710
432
5832
120
542
14
3371
2710
3
16
864
120
15
342
10176
4
10368
1635
8
696
184
25
29
864
41
2783
74
464
1024
188
24
5906
350
698
116
394
270
41
1640
576
512
59
136
25
37
264
18
4
43
4
1057
546
576
18
510
349
128
10368
8756
1728
9396
22
11
27648
96
4
512
62208
52
172
400
614
1418
24
260
2422
663552
826
16
32
54
484
8
210
27894
514
96
1140
3456
178
4792
168
162
135
13824
62
236
4
4
262
400
122
8433
43
17
2
1837
5975
918
192
1296
124
768
130
3044
267
24
3504
13
8
5
69
128
6
24
40
20736
18
12
772
832
46
882
44
16
192
3
35890
2443
1152
552
356
10136
192
1728
1066
769
746
4896
432
533
3456
2034
1294
540
445
38880
6
16
11
1079
288
19
8
24
864
72
36
16
99
10
769
5932
4195
144
432
41472
18
2592
5035
216
444
6
52
768
0
9
13
384
128
13824
4608
1
3264
20736
17
864
171
83
4484
1701
5804
0
5184
8
311
16
1180
10368
10368
12288
288
56
48
568
576
2
544
12
375
6472
4452
3456
162
108
476
144
599
6912
1728
41
34
1040
528
128
864
864
636
10
4
1870
255
8
34
10368
1276
12
1152
216
1062
48
2960
29
4622
6
374
44
1030
54
30
106
4608
968
54
21
17
20736
27648
391
21
21
605
38
3033
5725
0
288
48
27
208
1980
38
120
1016
2304
3340
544
12169
128
5184
11824
56
10368
288
652
16
21
384
2304
4
64
48
59
4664
14
4
3372
4704
576
48
32
3456
83
27648
22
1455
48
64
238
48
1728
15
56
132
36
405
18620
717
236
1640
552
342
12
1728
21
14
2
3250
16
1728
1
56
416
9920
14886
96
569
776
1728
5184
3456
747
13824
12816
27648
144
3048
384
76
5184
192
2304
48
144
331776
3888
96
180
25619
196
3
312
288
54
410
244
1536
522
656
364
288
153
458
3456
192
20
197
576
2440
20736
510
189
3456
48
32
6156
87
3456
14
44
11715
42189
2592
144
576
1192
192
1296
648
10368
4285
4
1308
5797
1243
8
10368
343
18
384
12
16
32
24
3936
256
288
20736
77
72
3456
3238
112
118
3344
192
46
27648
32
32
272
748
744
432
36
168
1312
487
972
48
1728
6
172
1248
264
828
1728
7
1008
4660
4416
20
6
6626
152
93312
53
12118
334
5184
61103
260
89
96
5184
348
783
24
33
675
3048
498
6912
23
402
324
122
19185
37636
4895
30
2964
1458
468
42
364
4
1
3
3456
2188
1262
273
15552
1296
0
13824
2
864
56
139
72
41472
2
20
3456
4
45
31104
192
8
3628
4
60
576
268
1296
6
8
596
12
48
1728
96
41472
1944
187
64
864
165888
6859
58
4
11
56
3302
4704
16
2592
82944
38
4
395
3
5184
3072
1728
400
16
1152
4785
140
36
96
108
550
25
13450
7776
3400
29856
4
8
42
246
112
2640
124
432
36
186
72
369
864
4851
6099
804
5184
19682
390
760
353
3072
754
18
2592
540
3
216
96
819
160480
4860
1136
24
288
666
81
88
324
72
1728
7776
6912
288
2144
384
384
24
108
3
212
864
16
20
288
289
3888
699
12
288
4902
480
16
3456
18
546
768
1620
384
72
128
46
6912
556
7041
524
13362
4087
856
0
1728
4764
192
12862
254
96
173
298
6912
39
536
264
216
6
64
456
20736
800
48
44
2886
82
188
54
432
5
46
44
40
90
1091
4
2434
1
576
512
127
532
0
10
1728
1130
576
3
41472
42
9
19500
37861
42
372
27648
94
31
794
78
400
1523
288
12
12
388
14
109
396
64
1776
348
1944
1
1296
58
252
16
6
2666
46
3456
144
2
76
48
2359
69
25
30
76
6
192
192
178
2118
698
8
1602
72
9714
4
6060
2304
6912
3
576
128
336
16
0
16
372
2074
24
60
192
120
288
2407
42
535
254
288
72
144
648
982
192
864
144
6
97172
1152
47
447
11748
4
64
5184
1728
12
10784
8
108
2280
64
4617
32
916
2304
5
42
96
3495
768
1194
7776
192
162
4183
15552
1278
285
20
324
30
1263
2752
62
3980
4
21
490
4548
8
41216
758
1536
1
3142
344
564
54
343
1152
108
41
168
19563
698
2936
5184
41472
2075
7776
288
36
0
38
42
18
288
29
66
7
64
9216
4452
864
10368
12
115
2304
784
336
1068
4
1728
3456
56
17
4384
141
1296
2432
576
1152
27312
3386
384
5184
0
35152
38
0
324
108
5
1728
0
1296
3456
199
144
36
666
3294
84
204
126
24
64
10368
2
204
178
10368
13824
6244
768
576
64
6306
1728
1129
2
498
32
16
155
16
108
314
6
48
4948
200
13
346
780
339
864
496
526
19476
6
12
144
522
2955
1404
6912
18
36
9495
853
15
1
192
4286
1296
96
30
48
10
4109
648
6
4077
128
40
55897
5184
54
6
6258
16
116
96
3456
468
20
163
687
82112
80496
54
42
1728
4512
13
3261
16
0
18
17
29613
533
48
768
252
184
22
1088
16
415
259
768
52
768
32
192
111
10368
1256
256
3456
2592
5184
144
558
2391
2
704
96
4
252
13824
27
185
9
1178
26
1166
143
4
2592
302
432
34
2304
40
16
72
72
60600
2
768
2
192
722
213
6467
0
96
72
14
63
6912
176
564
1220
12
31
6484
12
96
15552
135
81
1126
268
32
144
364
4608
9162
3
1314
3008
9792
512
2790
6737
192
96
500
16
1152
5184
20736
28
84
50708
74
432
68
16564
1296
1316
1286
192
216
3456
776
20
0
544
972
64
6669
2238
60
24
48
88
10688
3936
1728
1642
144
376
1102
2949
37
247
3
55296
3168
2092
2592
864
2304
14
9
65
1033
0
42
72
1091
3384
3888
1728
16
266
381
90
3846
4884
5184
8
576
108
576
11370
2
432
24
156
3456
3408
6762
1600
48
80
40
680
102
42
128
33
355
882
88
2592
11664
27648
864
96
192
288
354
76
23328
1622
997
268
13907
28698
0
547
20736
213
1552
1416
4
60
144
272
178
0
648
760
66
531
516
8
648
1152
64
8
864
24
1092
22
3260
989
534
53
96
4
32
0
3887
6
552
64
4783
6
768
4195
0
1188
192
1107
2094
48
28
386
216
1
3072
2
2592
1508
131
5184
24
210
864
48
111
80
1312
3348
2049
59
6912
9
0
713
184
1262
576
864
576
47
3046
2
222
48
3118
4
1988
80
38
9500
2304
551
12
12434
576
828
24
51960
5056
108
474
24
1520
90
32
10
64
13380
768
494
2259
2304
1138
432
34
288
36
2
906
5
1682
191
2106
12320
4
7028
20
1152
324
159
0
35
62208
2304
128
2235
14
194
2592
2367
4416
432
339
1968
0
6912
19988
272
655
1472
30
18153
13824
72
2582
1152
268
367
168
20
776
8
526
1728
660
3156
1117
576
12
42
819
4
1152
6
1285
2
81
15
12
9
120
361
104
411
24
1064
8
72
518
344508
225
1299
144
4
12
0
62
8
648
127
8714
222
654
72
3890
1728
1152
768
12
48
38556
324
0
1728
148
6
288
5184
9
39
781
288
3281
1422
52
4952
547
68
474
8
864
40
13824
377
14
4608
1070
610
276
2438
2304
288
4608
241
378
9224
16
1710
576
576
258
216
5
54
3
137
30
288
448
32
6512
2519
3332
2222
10
64
27
6912
84
184
2592
768
151
13824
1348
14
1
64
216
144
255
564
6376
6
40
576
8
21
2188
1636
188
72
8
3702
216
5184
384
3072
12
5752
450
20736
275
522
0
37
546
248
764
768
36
19
174
75712
972
89
3720
10368
702
135
16
3826
346
3072
748
22
1
3456
246
29
6912
4360
1687
348
149
4608
1713
6578
128
168
94
0
214
134
0
6
144
1024
263
388
84
576
2304
7520
204
3972
432
857
1284
1683
42
864
2304
64
9
724
4724
486
96
654
13824
28
200
36864
2
1152
6912
1296
2711
4608
96
10
0
864
288
2592
129
2536
6
864
6912
6912
41472
257
882
32940
718
1522
48
10056
432
1548
41472
562
128
72
100
32
168
716
264
8
5128
36
256
1
59
7
600
10
10784
2120
1378
286
52
432
368
60
24
1021
10
228
7
629
216
16422
2304
81
44
6912
1024
4
3984
768
2
1380
1604
1393
396
8
96
1791
48
2592
16
28
41472
1
192
4
41472
1296
30
512
324
1806
96
18
24
2
46
12
154
218
108
94
1536
144
5184
12727
90
10368
20
1728
1728
26
12567
432
13824
3072
384
320
144
1728
6912
0
104
1056
1074
1120
8
4960
48
6008
8
782
48
35
288
127
510
10368
2036
26436
43
144
36
366
92
56
3140
62
528
372
28
54
8
4
72
160
40418
6
24
1152
8
24
127
531
504
384
2304
4608
8
4488
2304
12
3200
272
536
1088
717
399
64
186
4
96
20736
1
87
101
1077
60
1140
120
135
144
3228
6840
3888
108
300
2592
254
25621
416
110592
223
13824
216
576
864
303
1422
144
1520
0
4
31104
54
1134
7516
6
57233
39
3364
0
2304
1371
5
512
16
120
2220
32
7776
6
648
3634
216
23328
10368
1252
3456
252
36
15552
4
108
12
8
182
576
1152
0
96
432
3456
36
1296
864
205
59
19
736
1076
18
13824
1038
10
4104
432
2440
192
1562
13
2592
712
576
24
15057
68
12
108
10368
576
359
26
192
34
24
7350
28
11512
0
48
60
109
36
477
320
72
165
344
90
432
32
1657
4
288
9
125
192
8
768
1
2
1024
16
119
3
18749
14
3456
52
192
12
6912
952
12
12
432
59
9
1728
62208
1536
1728
3209
1728
66
162
744
3
450
576
11
13548
2592
288
147
782
52567
63
531
64
16
4
4
1944
249
118
144
843
8
768
2404
384
135
8
525
106
9967
5
41472
2684
10368
4
2162
1
106
936
4
96
702
62
4072
12
120
51
2357
217
1722
93
4
3244
2092
256
116
48
2
136
187
72
172
3825
353630
31104
6
235
12
1104
58
735
1536
4
192
8
4524
20736
110
75
32
267
8
2397
4
25486
804
1728
2184
24
72696
216
2
107
432
1248
8
192
4934
3456
768
12996
768
96
48
205
2592
54
0
2327
64
222
4
0
144
2140
10368
24
51
8748
6912
16
2
1497
64
900
1728
1618
21
576
90
6
1634
1568
192
46
589
6
1
1638
384
74
688
96
6
128
376
1536
4608
1641
14
432
1861
4
1441
744
27321
1728
1152
955
61
15552
28
124
388
4608
1296
17
3
249
1600
1560
27648
96
2230
2304
4608
48
6220
288
76
178
476
1
32
576
20
648
40
23573
144
864
258
64
96
2
16
4
1728
236
3456
78
150
12
3326
2818
372
1281
18
64
0
4
18
270
61
10
1536
3
265
104
64
12
24
1328
1728
15552
512
188
432
556
264
61
0
3
256
432
1728
2508
4368
20736
28
1200
24
648
840
261
1728
144
40
24
2202
70
78
449
3456
40
6192
3
21
384
1514
144
2592
84
396
39
3456
4
9886
0
5184
4698
14640
32
42
6912
16
72
3948
192
6912
96
338
216
576
436
128
1953
6
2128
780
3456
1126
1152
6912
3072
41472
3212
1610
10
6873
4608
48
3456
48
12
288
864
4
3216
4912
12
864
2592
13824
96
40
40
12
88
576
108
19
1728
957
248832
38
186
5184
3
12
64
1117
288
78396
72
5
18
1435
3456
4
1152
864
576
64
26
1728
14
2592
144
4
384
66
252
8
6912
3456
4713
544
6748
18
220
3456
12
1926
576
3220
324
744
978
12
735
241
1020
288
6702
192
2586
18
18
436
24
384
13041
576
46
144
144
200
96
60
585
26445
345
31104
384
576
22
20736
1648
5
36
72
1884
1152
384
9369
393
118
96
33
70
1678
64
10
576
1399
8
516
322
60
499
5184
6000
576
135
458
5184
10
516
744
24
18
0
360
1728
12
34
178
596
304
64
108
1098
48
1100
12
250
128
26
1296
36
84
34
4635
1633
97
32
1392
1084
502
261
1
6408
48
8
8
36
744
144
1152
432
39759
120
864
8
40
2454
117
288
16
6
432
754
2
40
98
6
248832
288
221145
48
960
13824
12
28
18
156
804
96
9
5184
2340
138
864
1728
40
384
18
5184
24690
12
288
70
1138
1526
172
2048
6
128
144
384
6
245
804
41472
38
144
48
133
3256
24
6
216
1414
4992
789
388
0
106
524
2928
3456
96
23
512
2238
9782
35
1728
258
1222
180
3
1080
2304
13
3456
2304
2158
13824
1638
13
20
67
81
25
0
1152
15552
126
1616
13824
1632
5
1548
278
1296
122
192
432
5
133
5184
724
1152
8
43
34
56
42
341
5
738
422
1120
94
415
8
74
384
48
288
7242
60
13
10368
16
216
1491
48
61
96
16
128
20438
1600
90
26
512
12320
8
96
55
192
8
2693
136
664
1152
4
3292
5832
1642
738
1152
83
6474
85
64
0
3344
2
8
72
37
187
6
0
816
44
13
2091
136
20
144
2304
10
82944
16
16
96
576
24
269
189
28
28
0
0
68
2160
89926
94
3456
1008
82944
24
48
93312
759
114
198
1511
76
1052
250
1124
2122
32
104
132
2
30
72
3456
48
64
1611
6912
24
1152
2392
120
399
222
288
82
60
6912
349
24
2976
96
545
10
1107
1728
1536
8
362
4464
9
80
384
364
5832
2952
20736
9677
18468
1296
1728
4244
13824
184
8931
68
1536
6804
48
864
768
29
28
112
36
2
132
1
330
13827
2
1961
6912
384
384
486
426
6
24
29
6
144
132
6912
3456
1122
39
288
256
2
10
32
136
47
4015
35
82944
144
288
276
76
2592
24
6676
16
1384
435
827
288
807
144
1
20736
144
500
1392
48
84
14
90
3
17
48
704
8
576
96
256
32
131
298
1728
536
24
6912
3456
2112
6
119
53
8
14
189
32
18
16
2304
18
16
635
25
27648
3
5184
18
1152
236
182
252
324
48
3456
85
9
64
96
1049
72
428
160
64
4149
114
248
1038
1664
318
9
5
82944
288
27834
14
3393
864
16
192
8
93
8
798
13
8
170
328
432
6912
192
116
40
186
4
3115
364
19
9456
160
840
10368
4608
216
29566
1074
481
0
12
4
192
936
1200
8
5184
6
927
9228
51
3076
72
2228
123
48
11
46
5
1569
6912
864
4772
3
72
12
2344
288
4
58938
1064
48
4
10086
3200
2856
24952
51
1288
59
8
216
1077
5
246
60
6912
1
86
3456
290
2
7032
2796
2304
768
1296
223
10368
1570
20736
558
864
108
40
375
160
13059
192
6912
216
864
1304
19656
127
6
14
331
97
333
48
2190
1728
13824
29616
6
282
1728
56
95
16
41472
288
4
35
12
5136
452
4434
6144
468
300
24
3
219
9670
864
2276
3276
12
8
63
33
12
180
13400
120
5293
8
90
2304
396
380
384
10750
57
380
13824
4
5184
48
1000
1139
14
76
64
108
6
512
2307
223
125
2304
56184
13236
2252
40
24
64
162
9
13
1728
1278
6
2728
144
1824
621
70
4
1
1615
189
4498
658
280
56
5
252
1152
104
8
4
9459
360
352
4
356
24
32
51
58
0
918
58
28
165888
1152
6828
1549
720
28
3250
37
560
88
40
72
330
41
187
72
216
36
1915
1348
1944
135
994
351
24
2
124
12
52
8
3456
96
462
15552
1728
864
66
42
256
48
351
1135
396
2274
44
88
72
356
1602
5184
648
46656
6912
38
230
2204
0
4
64
39406
32
65
25856
32
64
0
32
6
576
3456
2
809
135
216
1728
192
260
348
60
768
50
1029
62208
32
26648
3
1
10368
16
1060
450
768
2304
227
20736
32
5184
86
220
2304
43
2
1728
6
8762
282
6
248832
40
244
2
1389
118
2304
8
7
6
216
10
10
5184
6912
20736
313
36
16
3456
383
9216
648
117
44
1836
16
73
0
48
12288
228
297
282
1152
69
4
956
264
34992
612
36
64
344
4
44
4248
128
360
5184
236
696
39364
2430
1728
144
288
875
32
154
4812
128
30
1924
2592
405
4091
20
5000
72
6066
1888
10368
315
174
76
192
288
432
6912
64
17
36
152
6912
1376
335
46
117
242
10368
10
648
33
10368
21
58
32
1293
10
10368
34
18
240
21
576
18
96
64
1344
8
96
551
18
122
113
13824
10
32
88
466
75
28
14
720
432
133
384
1788
5184
2592
13824
1238
178
1322
24
387
31104
3456
3456
1152
142
682
240
2
6
4856
9105
1115
31104
439
16
288
144
4
355
288
48
268
5
7
10368
2
352
26196
2304
258
102
192
78
61
1406
1536
419
9256
96
13824
20
1109
10368
1092
6519
106
6
45
48
192
77
4
3456
4428
1152
1296
192
566
540
3888
309
18
192
764
4
768
96
12288
520
54
27405
36
366
10368
1728
648
11
32
414
772
22
2639
1152
91
149
260
36
32
1728
1456
660
244
3
537
8136
1
82
524
24
42
18
8
3456
63
384
864
3268
3
784
9856
384
16
1113
82944
48
154
478
30
224
576
5184
0
12
1728
4
3456
24
10
48
32
6912
24
8543
5184
2
20
182
112
1224
144
1074
102
2059
42
464
576
5184
108
40
6912
1296
20
6
203
72
27
600
186
96
808
17
2304
32
6912
1113
512
216
2
208
10
384
18432
1656
8
203
276
168
32
6890
36
2
3128
1
24
12
138
457
74
1296
338
48
52
491
3456
664
100
3132
666
32
12
216
73
46
408
996
36
90
48
128
3072
384
1634
653
1663
105
64
44
216
192
96
160
58
62
4
8
2
432
144
26
2592
713
48
40
9926
4820
1520
728
1152
198
186
6330
446
48
16
1728
144
1152
768
802
60
288
35
864
60
9
74
48
1650
60
280
1564
36
16
1728
2253
128
376
476
1360
561
2802
111
23
656
272
554
106
2826
8
36
768
552
108
18
6
1600
1728
13824
146
309
38
88
4626
30
6880
95
768
482
119184
768
10368
6912
558
80
192
1944
288
26
1809
7776
15552
547
36
1482
3456
6912
6
792
258
368
5010
6
2592
2260
20736
61
40
160
432
92
192
24
1
864
119
1348
324
112
186624
60
14
80
64
46656
1728
508
19356
2468
114
6490
32
13824
786
5120
2706
112
110
576
15
304
192
272
4608
4
5
10368
1122
64
9216
630
960
432
696
6
1728
34
128
68
3256
1728
600
408
178
3456
60
6176
2304
3946
1728
36
5444
144
6
99
864
66
80
1122
3888
6370
8340
125
1065
573
86
2
24
216
22
2930
2
4042
6912
12
2120
384
778
576
2
7125
66
18
0
0
342
36
2592
0
14
1152
2226
110
1152
288
148
972
159
4824
1117
43
1221
16
144
1340
42
192
346
96
7776
3456
2592
76
2
43
326
10368
2
6480
0
54
1728
373
432
1474
756
96
432
1
628
27648
1529
1152
3456
36
6
72
2
9444
576
155
1296
242
53
72
192
36
6
432
160
96
144
2896
432
500
19
15552
288
548
864
4168
5832
21
5
1176
393
1296
270
14
66
0
374
224
864
684
148
7
384
24
1685
68
576
9468
20
18000
4
18
236
576
288
5961
576
108
72
3888
90
350
20
10
4500
27648
490
7
10
1080
25
6
126
2193
2550
144
2250
768
16
41472
6856
560
552
44
1296
6432
4608
864
176
1
6
144
288
0
4
5184
3174
384
192
3888
144
42
25
1280
28
760
1500
270
6
220
1152
76
1020
2848
1728
174
13824
1130
339
288
1152
324
1296
7587
504
48
192
161
21
1296
112
12
2
40
9755
16
1124
338
18
576
746
192
576
2052
3456
6696
288
1052
22440
48
25
30
15
0
1944
10368
12
216
996
26
253
188
2
80
1638
6
374
5
2269
192
6
36
70
22158
108
90
786
144
56
1327
22
44
320
2712
546
648
18
24
33
96
32
555
2
108
1728
35
178
432
32
288
42
15552
4194
96
96
4720
14616
14
3648
4069
12
127
5964
1152
280
1
2
2
16
4
192
6912
5184
432
269
576
108
330
12
60
216
108
396
2304
28826
714
144
2304
645
1958
4997
36
24
27
72
288
54
1701
24
1309
192
192
6912
128
2421
0
1944
864
144
1944
14
32
8
114
1173
1136
729
144
124
10
499
3079
648
327
1728
8
1071
2592
352
384
44316
0
108
4948
1120
432
4
54
432
384
6912
8
192
1452
561
8
1536
333
1728
1728
14
28
272
6144
1152
0
1231
288
408
18
510
8
288
5417
432
390
13176
318
1314
6480
62
9104
192
12
270
3360
4608
12
2
24
15552
1296
48
16
6659
441
244
6912
1728
237
192
32
288
1835
18
23328
6672
1
1504
6112
1779
128
368
128
0
29
1600
30
5966
72
2384
7776
16
663
88
36
40
20736
772
1524
10728
1100
3456
648
3229
24
487
63
432
365
586
6
72
822
3668
36
792
6
16
64
8
250
5
1041
2126
249
88
3278
6912
36
85
77
96
84
216
184
56
205
27
36
6
1728
12
0
3392
365
7
648
12141
20
288
6376
13824
4824
5
5184
384
64
18
576
20008
3
377
2580
1728
1
65
1152
2220
4020
6912
162
68
6912
192
53
2559
4
2
128
327
90
18
1
384
96
16
3409
1296
159
1296
348
526
24
576
40
93312
64
3456
268
2526
33
240
238
1152
1042
1392
86
1276
17116
1890
3330
32
9612
8
20736
13824
2
648
1152
0
576
432
1728
1122
138
11
844
3168
1728
2421
288
96
288
0
38
82
2
32
1682
18
134
7
32
1604
13824
287
576
2032
50
12
512
18
3354
288
8
120
6912
285
28
378
2
576
78
534
63
31
13307
32
54
64
32
3456
1152
1728
212
88
18
82944
176
120
384
14
248
5184
2136
204
240
6912
184
24
6624
4608
64
592
1296
18
2592
62
116
32
38
41
122
17908
114
192
0
1854
1152
128
90
56
13824
72
6
294
2288
768
159
12
592
124
1728
8
37122
864
3
432
374
384
605
20736
999
75
12181
172
8
220
810
21217
356
5
64
1044
846
11
1380
0
24
11
736
80
1192
2
24
456
331776
20736
34
108
288
118
76
8
1152
1728
60
288
1068
10368
6
36
10173
2272
288
1320
852
178
194
0
202
60
82944
272
540
864
828
1333
24
1
47
13824
126
2824
110
864
22
3108
963
1152
29
6
354
6
576
60
165888
432
60
36
4
401
91
192
648
20
1576
202
6912
3161
18
1728
576
864
12
132
14
6
6466
7
54
272
13824
144
6912
21
0
1466
864
846
280
108
7776
96
5
576
0
24
672
216
72
14
17496
288
0
20
432
576
24
86
1120
11
48
526
1041
0
5184
432
606
648
96
735
2
128
432
4
1367
1728
13824
348
56
4
46
52
236
192
395
384
6
64
18
200
3844
11664
1322
20736
432
16
2930
2304
2470
16
1420
2127
6
52
32
112
417
42
800
40
581
3656
48
3
3348
864
864
648
1500
6
48
33235
27648
768
132
6912
165888
20736
54
1944
48
20736
56
54370
32
1040
504
6912
6
16
3378
60
2
102
