829506984
619473950
761631539
80531713
94250467
608126976
195963305
808120577
671716671
997254415
319180644
632016640
446731273
663998012
396722614
642856413
871658723
337359917
457742552
709701747
886321965
518871306
69927044
738985709
327005762
367162949
884325338
582006721
245954986
265762806
505367306
69208244
299781244
241753105
797204204
266769833
824101687
550620763
749900045
185398888
217099160
437933879
838052827
243638756
118325563
538603903
224519455
418444412
695842160
556964632
257770654
256543219
302012407
326046270
622086316
275897736
798668208
816915758
661332144
879624860
107189139
174915012
938972390
19970903
500338642
197090862
98885356
871114553
903260869
439627738
250695330
722908041
690967938
539921005
512257330
156362277
417779404
892450576
191057456
226974260
710570273
633626139
185230281
157799858
505519214
253315692
212196406
169146064
782275288
812153455
211190182
253343985
228490685
316598938
747900398
24933341
486216871
190735094
671871510
866596390
569304033
596264249
549168934
368905129
992497492
703177232
439539089
534005009
792235843
936086391
236701117
512937655
626136549
904331844
962282793
771762683
82033526
440737977
735649819
879131542
157250718
571256660
308858672
328329583
604883121
180743175
498039564
172834378
778916089
174831499
520011595
114356281
304538904
64010338
832821771
24594972
113211373
11339507
775001479
766626612
944785631
605224988
516431876
66103479
269250344
284411585
167560783
524759917
131
415401802
450073006
567309591
144683728
710097872
691206306
709406306
673265307
866046712
938187307
255616850
454057632
327938053
53438013
29999255
677333969
336265356
342369799
606429549
366303908
715146621
322201511
139295176
97140366
262621063
100639099
135021490
388270810
194614815
610379419
584650688
54059574
565188357
10030756
29714054
689445357
676746768
551849665
136490434
35082413
615539753
662102855
211901286
746673670
40951966
26500420
437725046
337619864
504437494
272820826
596481859
177113781
745802820
267734206
313371247
746013181
946490800
234615405
122325994
649493507
435514333
144436096
216243636
84136555
717297491
886805106
155110199
656637852
573632612
17626053
574295709
146464685
684205052
357935258
329962009
108023190
694733885
995316898
504519167
767230799
227618742
385287375
934547237
906829795
701043622
352602845
428618519
785062321
925882325
30694578
418281660
638844538
816823556
933647162
369494636
579474218
647818973
936980259
922046227
801736389
225246834
377450106
769882377
639008168
551209262
356936734
79398843
702172534
564745898
437775857
422659249
330089406
394209268
15643905
408965779
730072986
742195490
519885604
402441899
13245257
537407552
7488966
779173345
91121270
533625539
837014117
261589592
620641682
540759195
355624432
587717024
546617352
142077371
454119246
215790441
468175541
50620314
506447535
479933591
622870853
532107369
551983985
659964666
32309761
974663923
789675171
828446989
668601059
405756833
762418173
686424017
923607998
767530224
123940618
195206182
165064564
566766365
160948506
937516802
712861035
961584479
781644647
221031943
95955578
886893341
523350528
199944115
481567127
804163059
38551673
602194841
914783742
154036133
990824776
34086113
515971132
841181421
102136099
871036537
745941892
984314207
558586735
514160168
598744293
474548503
621069064
636333732
133878533
267028289
943383580
397806217
814952662
990950378
310042198
55218919
426586949
384455074
241538243
677966073
53269007
571460563
275795314
944185988
245211408
468074833
822154433
45678413
3494631
49683262
376601689
100380120
268784234
943048116
905643153
40683678
356148535
929030705
750898273
433248564
793094472
631696211
842310745
274812714
568247909
216653116
875016610
889528870
192120
576461514
41519661
487470628
723773170
389548222
680092878
407910884
44015520
627727193
509030458
177583368
105241356
432109263
724871944
289816566
979111105
738365789
34510243
864126794
395203255
749929962
925600242
809577599
78587710
677254250
838113228
392089297
268295533
166574557
647665566
404347798
806511356
270015392
520074449
893842798
388933151
417339325
924929136
572110488
571837960
441514972
434558883
476325497
410039576
514958660
265464619
154491933
806065449
570203187
846512076
992455867
896871326
35540316
137219191
255240
401522669
624553280
448778489
395591358
860760
304866619
99626474
52758981
160592361
638523336
802831441
37377212
494327292
526899350
225435680
391078759
697969420
48326049
526901264
752450647
595616199
700563273
733256894
737807522
234857397
741121090
97250459
77651741
649816602
531216175
391632904
286444792
55090296
584054022
44426366
805219224
597881112
29310546
53204347
852041342
157795381
69436085
480237809
462269639
537047424
21238872
37907503
453212367
786105312
290463619
598425013
987205510
65091134
953249221
650318532
950328584
680729881
75346301
798722811
302633904
495898225
309238827
265737446
504666252
37533613
566305977
715515647
991744002
951887665
433102418
600658856
150172284
580596598
789779236
25504820
359157930
870047256
896769672
285434432
810971824
104371795
675308751
700262082
33382558
139284475
39381896
662964619
119077088
577626681
728099518
845525945
207378761
338131766
191693655
81006490
28681401
78922732
852264742
141924595
333119373
597877362
752685985
510638574
42756364
728148829
487050047
305120081
732690387
977004652
261499357
530489198
768486283
27735958
609467969
335078223
428098279
498286327
617233975
526876207
562290967
478765779
304083158
410425378
228481107
234860242
434110961
182248669
24508919
873452086
691818312
582169370
232205204
700337277
770335329
43497607
868597035
123164453
559682990
988982178
584497775
512324210
657798317
786405731
3739357
635671071
585925266
313961234
965334031
120871107
103179378
96920830
358793831
940505148
939070047
459483776
294457947
341999599
846038633
98418723
209716896
755475209
438454813
828316425
552452478
677700933
971938643
926940517
126049940
817030195
897807831
174700993
875847563
17125762
22655142
983588252
847921179
410851457
205575216
196745489
180086494
651217304
101486069
854778132
439198528
29095408
776111432
240779783
819351670
76938648
866736635
884398697
848675435
573468735
438942136
280105998
395610748
727827267
946472672
908702444
777905147
171853474
703407270
375495855
133574985
837525523
986997399
948467404
32104851
906911791
525603583
675415303
119710463
502403090
684335807
512048564
622213681
523856407
766411244
499367465
218094199
430191035
322372974
668184642
153695560
32585954
593190194
473044271
217677527
719463112
69598352
716076223
518092388
849215655
708157681
35800398
239298033
755269496
312391118
133212097
12656682
931312104
309824804
203209998
472250840
832829539
886076143
531732562
299010876
855013260
172631106
440802231
773756722
163503201
711396533
495221736
730870924
896976900
420431710
179874091
430707639
416026594
74104328
958763001
109677395
394831150
281924644
128930558
899850659
629020416
58867393
384988738
423710364
736010583
679449995
511102643
382903494
4578051
185896099
461057879
464282957
552558838
38085724
264275550
844484119
385844473
898310154
493996410
757092218
147744244
517870993
329051090
669733209
224510184
242157435
385233953
287871914
452909106
655844665
575819991
60114945
184643552
349655623
973571307
5077404
27458453
403287685
873549365
431847841
398222783
106930852
653778539
937018899
499271666
399284773
371973982
587377401
433878517
114169161
338457751
301450617
828348786
315995692
431221827
460668553
427081512
799699037
788318120
543275939
593996973
982863936
586320639
86442894
310100984
75911670
962734159
455020252
429402691
893257627
188414724
735257504
82624343
482832818
596869447
539010468
635720650
937708760
933767266
553700576
831568507
786530419
344297275
758865117
4078838
176881963
836789655
686507556
771337085
906297654
400812570
6593465
309778595
440244792
154882150
921791366
431120909
273031449
790234190
649737146
52064758
31138814
483731581
92596836
464461145
540238245
687114629
123214215
184149310
182714913
38580147
495760750
465899735
922132722
426311122
590853010
615962146
284465880
219397136
521891703
165259584
451547101
82685671
896460723
722368245
614064025
812179641
77859794
379796320
815201058
594213386
687745028
156997208
239211275
222088290
645496640
658623858
68847046
532237005
689100732
339429237
3981272
69767825
465024458
843539020
317154739
280235825
929465961
740073619
219432925
937651818
740403113
469594999
236112389
291756844
103520003
701913997
85178237
914576037
539507714
111198064
723801490
761598752
514411349
933479151
372822514
26794462
926837930
142641600
454066777
24564168
5365773
765862363
367364932
101407588
130296977
720047751
877250721
686927744
761672160
934187469
76667456
26737959
432332427
982321576
282591275
345538919
104610615
700512798
478847841
877642321
538505888
708094917
427258884
220423043
43845849
29108078
465870477
647931401
914237504
414644164
593223962
151514320
941223469
284388926
88367365
956325167
412058501
559342107
672870683
272695636
766155548
34479162
855239661
280754207
824653582
203892292
199153439
600072727
895497619
160243917
317458632
557903030
144720109
541928159
900265407
167376253
73480309
64187437
145581001
364036869
760944602
698073707
503679310
381762567
939706953
12027360
758232597
646248770
998104504
403779122
906059320
6677883
964422311
852328130
232811593
411925500
30344165
655717282
331529881
534049063
305618352
755256621
96080031
684706585
306042633
919214504
813377663
922079328
684760776
660627169
330710340
714509067
735705016
818797848
938664146
648659103
190684190
692349341
284621596
29080484
219896224
382789800
938885347
403566715
132902116
877836542
27597840
589208903
148391708
774861263
554983744
890644139
359684486
557901541
808635793
279579360
761834573
158611450
873407598
786754033
181082023
331869155
65166833
739244560
239945565
27318973
330711160
204790528
948274982
837911707
947163416
360930804
873607922
320541931
254584406
495036816
576976253
423622327
254351217
181869906
816863261
809763768
619439008
565967567
809058276
706129438
958651988
6335484
436909189
50213420
688640280
493143267
620663569
86713832
62461209
813720099
590483660
119956771
128640895
271796219
667132289
678485297
32280
332438443
922890379
286984527
773542911
427006431
741878094
513255966
516947702
764782416
363258000
294931709
548955294
79104580
740115552
717682535
391746376
241900643
868085047
338303776
162067944
706263094
712361588
7942918
546985080
884750255
11460303
163936223
752882616
798563337
745387486
817055626
591115499
165265267
791685528
463664899
440134371
164258837
48253489
420310814
780793714
137645824
562971260
91193124
516484691
351536903
490816624
554871980
905978538
888560002
490451200
546018444
952305810
713431416
195462399
157505815
313518348
16677098
778896758
615326453
742549293
75009035
353607909
923110284
312541504
492782772
74018789
426014306
18572111
692034637
539087217
41077569
252089493
75301559
298648558
549489623
616751013
224795698
231671101
201700398
921440656
632820969
441812606
854281748
649524248
814897410
176646570
808421117
795964372
848837250
634649250
920447653
438840199
222985633
638797071
416948465
672146719
905785129
846309133
471374806
564823796
356483469
160246517
9112181
975424340
30797769
130975777
1344200
23926643
811421308
862251155
835463872
745099431
170121047
390591234
73215018
410951196
86305882
376744579
179518317
410784112
675171738
652867996
187792211
933661246
116829277
734148622
348870784
990322287
423152927
638821016
231313689
828080561
160296965
201926903
784367491
618662086
548446709
969239310
345399843
254595317
119161399
211677998
534611357
595493649
873131045
766022970
132901648
540716622
145254989
102496811
743759942
246342922
905003622
740595999
31788418
399365558
736718353
975149759
234862245
65364380
407082824
17972453
566190098
870785148
240115966
511324331
60099240
995151140
920777089
890922806
468447775
153276234
595787278
363318005
830290157
776714123
973098334
26526847
346094960
668557539
148596666
633561236
259335057
125146718
308389943
2500258
290441860
912972111
48502049
638745259
857943839
192480461
558409386
43964855
907985560
906019327
869752322
744320291
946944106
884606610
576479085
155110338
214135963
821028090
401338947
496877166
623031020
460892951
150125534
281617093
852519127
645904012
882400984
781783183
214765130
569816582
544650024
426275777
837413811
685770234
816811242
459557954
44477123
674696158
649104923
574468786
764892898
419650672
258888162
813318356
791965884
791349264
567731180
887532852
996973390
276718207
643958634
325426339
309719156
422959934
434481635
362837544
596456947
637067603
157411114
373489465
784497096
29610604
437182559
338889009
881531760
99972338
291947505
466551546
191287021
276961829
787771793
13308381
515804813
516511538
311302976
623012499
181859769
64992877
718942
755747019
144459553
268436983
623392763
908912030
315611675
623964185
587606017
167996917
252868247
331123988
20468424
294643066
427794559
294097026
829491801
216603882
470207289
686751995
399526813
420280727
290027167
793309933
762868078
382815388
840854556
454723495
520132942
684061519
338413821
900854299
995358535
904004870
823770422
296363121
268620780
864823151
136750506
900006411
654879083
723259339
751715334
573113857
51105071
289789601
305009513
852641022
939861640
916652664
472616060
384295376
374260
381948766
665415635
428185918
596421233
279391833
704353441
710120169
971347820
980371838
37035360
179461417
947277207
851240950
90082189
671108486
878582790
100943222
901889464
148502294
943778828
92650631
938133242
107847195
783385016
584235077
119442101
198894884
279929778
403561798
630325820
982989062
669049560
734579738
727519758
315033021
638118060
869701094
961635534
22997956
957689151
689607960
427833850
982999938
671477260
536393061
88320713
119797412
16791210
843917878
413258610
594014626
193479450
192177125
15189055
156535662
854602769
760344843
62742308
287107612
29852110
264400611
3539077
956627165
841017508
290557767
605181205
891206785
312470922
85766831
548640707
557160346
177565925
372400520
40285634
27058723
895669128
773941566
95110342
832274439
558995335
150821929
989980382
939051686
614414386
952347774
184402036
989452894
266473188
492857486
924664151
477741162
160816707
1494895
496070408
74730185
632753925
651396207
387807317
501725332
414594297
266169521
505141217
747730819
971634430
24850403
280307989
249703043
707524194
139283251
883896172
483018056
49125836
893839112
6166584
497088887
150566253
186337512
470915637
312999922
284524806
531588826
110898289
811846185
721836956
520383030
872920119
987491646
52839402
926900279
753307031
120624288
225287296
94725436
37322773
176251889
258454446
137809627
709889993
799711809
943833715
645415651
497527245
548441659
212400671
928118220
686283863
422998116
158937917
921412367
390175954
65577271
39811497
720848321
421991767
481494766
388491217
456695641
7188300
763915383
463007895
839954381
310855556
783028138
302377030
804000100
452940959
768499300
779310063
574543933
38748131
19147741
917579788
439539089
790339038
602986168
381131152
163588920
403051247
2670
948700193
275944108
527949546
33919036
362646941
297236184
75119153
147274298
746514715
661744200
493368755
298637946
903267238
910036193
230107173
645965284
23583162
932641372
829475933
416430011
243666960
987753144
86683784
8422715
755693897
13301377
319906515
533293132
8017209
294066892
112905006
300876841
701109845
395784276
283856069
504232615
974925077
196537409
822351674
76781526
133526684
828430021
46136993
450800515
148467668
654407105
493772970
503771472
850258185
684988101
577225970
108011614
681839993
120109064
616016394
338981901
317097724
546560621
263765661
639394245
293316394
73202372
710948763
197100155
863571345
677992656
348253138
343775674
150469712
253689487
882955235
894212508
728038391
630565862
872988288
119697072
1316
706011043
167490908
654600252
756928840
534238803
47059364
843708925
942557602
547227635
518667437
173037061
221926917
406828706
936556929
785115795
595249864
584817371
919955586
723417655
380372905
128191128
893919420
389943906
480702465
659217192
130434902
957589682
501385104
549610118
582536063
891681026
662605106
76939146
929757273
332201928
560653661
733792702
615789745
541841512
220506835
729068290
907860877
284660245
5395933
827174869
112806433
355746618
739468660
441730727
796125394
811582061
285422961
134010942
23308233
976004651
342798369
835498268
426866077
190069650
14150101
399760468
190218121
386178557
462435015
665986447
741866150
285233172
750254558
818063944
402291526
389512039
945571747
171971896
58903082
121516704
2064
320197769
851297196
345770672
410820295
933323140
723258877
886575070
760702794
350275520
391911608
709857565
820862043
563089792
316130530
51697525
503351372
424445586
262465844
1322403
513936769
457498840
666871019
21511797
623652163
699665373
736738737
985369873
759391813
906339754
329248238
899150857
267703389
703566508
91357156
944460246
913575811
277242857
524157293
829298892
459072033
554169691
566023919
940925214
879015877
290147549
367074504
704623870
552794248
837780294
556132018
659637356
723917315
537138626
304336486
159321685
667070966
12
580152123
232205240
864935352
727192890
833842740
811777251
35078964
401203676
29380384
467492399
266188655
414417843
130486108
572905687
703847386
460835336
980767470
305920256
228138650
747743852
905165479
517019845
577598158
815195945
763061985
186999929
489467265
801933198
367455904
642667184
214013932
154115681
879679043
206531443
635618801
512283262
391811628
825176208
32909348
363545709
226917328
203204181
812709980
132792569
933609893
938292316
396145192
577557759
925197381
584069297
510778402
153867192
91211009
532032073
296718805
693607681
245031707
351710446
798378060
438956182
606685491
830755636
581664115
167428174
812326344
264430766
45423708
654805074
827074057
948644999
622942709
56763392
195613036
147833839
266996647
168434123
401402281
132873722
528546933
818392099
600307089
800004239
524544578
218997112
157973744
833898319
495095466
259398738
257163745
805700320
375614642
534132345
687863446
932560673
704376749
417791506
958746309
91881139
929878753
887136922
847984144
105605170
496803723
121876325
320775949
757416340
86486946
578034930
554072859
108885961
22710174
258826216
793888661
110546400
529489720
149731465
724692689
530296701
224542617
247592260
310810372
550991567
635181718
8531375
68002548
333661129
631186742
898115911
366636287
187297808
977874596
132382284
481988771
772439645
730875309
657621282
554023516
228819978
507884210
633393817
129741863
808413353
951031566
769180658
171044059
139373536
247751184
777345406
244340134
610934406
445984042
567775362
287636552
770874772
625513964
220927308
754218906
810086693
206336845
996348688
315111186
536028278
874456725
902631683
458932412
112059374
279080513
512419745
51530370
282840293
870706289
575772614
75078737
489698731
171762046
600796413
13011688
315805289
410157505
23523447
745065404
773600324
805434692
827469227
838299130
894392874
309987300
187003377
681963375
831979541
134764636
860432473
783540001
32865033
183623666
911562052
421323540
334419056
27684965
125573844
243080637
232466023
305005823
941372717
554426660
74810700
94294529
740812866
508797673
10374860
373598466
650221058
174437019
150594461
738985470
523635594
367278846
565563358
146910191
434829830
472622007
152673219
992176735
493121101
755701649
397691194
212161741
369232048
828576632
677801104
910230556
983191081
97002434
768094150
586238479
924810455
759857028
829390900
375631448
691446974
731929120
50183784
65862664
546081660
676615166
123549656
128974962
272397821
490315266
487224496
842955408
196603537
761228644
330650947
355775237
865024700
69810790
993822351
946141510
445855420
284515953
629218432
970235665
280281164
977134950
294635759
845543851
880963561
179974142
413356639
167406050
921998071
238377676
292896919
31458889
385643342
906434347
601298279
45210409
358484401
350731121
815830133
589470644
134052142
350266961
699073051
740329635
648367218
376281589
185238679
843158799
978891512
681963605
199976802
465180714
342578188
353343168
906902755
208676790
772601270
546246357
853183935
825507509
345431860
812415361
613021305
263655688
194292249
948403854
393007446
553303408
141656021
404188778
482404338
115447802
593347155
43264397
201421033
895800958
842341747
327505224
552984049
592651547
57668760
721122147
524623417
94827008
221162615
659039153
505958778
573508438
80193120
860618449
495187525
834673195
407216546
112714499
991949583
997128018
775959793
982305843
477334169
670531045
624323948
302645807
44934388
184714111
675879702
222325578
916396096
492076854
469986164
844011090
747087945
8751607
947804690
634207490
752702318
910863213
523816856
415474562
959251490
18531896
141900465
354113460
177305583
550776368
528431201
326590951
635163367
627057770
862893369
785762912
709516283
878181306
194013809
296333431
319808684
434105213
350649963
57810379
275614177
206376613
663634899
812095039
782888891
346999225
227227497
309054985
783740411
419886054
141001519
736453223
964582271
23054691
501254675
623102602
72422000
169015319
223467355
590662127
698420724
565693285
314440005
509847668
823033489
486869326
316809237
611099836
666568965
786798601
312242154
82913040
665850947
288277612
403691708
245929061
907480753
581838785
479020321
588134485
67517325
131891769
540200139
551766324
67094657
268743365
621456957
642206855
234342393
857000053
682410035
165357415
325894352
393721196
933263906
6207099
638860033
617536112
936854504
122181171
763390830
330514628
515981772
534285974
540125296
873536392
392552943
382179423
753543679
647713778
779653081
861705555
93694265
553774802
528278809
59134025
505582009
615461552
672042239
619933664
538823289
953170592
704302896
494191689
678743876
83798653
219390197
4157698
714009369
767951887
194650069
549205391
826765132
182223967
542315085
585749284
386078787
46924339
16515829
618595598
357810977
611560519
845937892
526301774
177760119
48968534
27311747
28958769
101009365
364119345
610971889
201986551
586943059
270233974
6647760
387921619
657748267
675310095
625483697
93236217
517085375
556146617
359628916
172000555
99004608
586258971
134994683
635459371
827253129
975959960
288142247
306335224
188737935
500732275
317033350
794992566
510938707
408526567
719507200
195376107
724225075
50269204
274724202
430591416
596369023
370344586
213335688
851201958
276780373
740780637
929611737
285730679
791147061
594753745
80429580
430484977
194702378
590033155
889887427
471963618
315393953
228630833
56293909
609619616
514678854
396435103
806238301
737913997
80485016
383057173
121353048
994911399
449011913
206341629
831677706
920944497
528953754
510433676
455891915
985331549
281007483
512107522
725106891
686987390
829178524
345301472
243015857
308419502
128385743
164591741
262920
302268268
164562330
767480796
270829372
405110071
861614731
550554798
475252518
351643922
742737483
96775731
411385361
699849319
375353491
729705979
416021951
379056515
512973238
560506464
89473621
699795287
786328574
172459613
109266544
271214568
458035614
29090076
994342477
955864678
746426197
748996733
96520489
968365231
149988983
351253057
749573453
2202
996607359
316705995
443230688
696292483
638213344
457258326
106310951
741178024
671327440
347234090
76773640
142374819
615750978
692251973
474956037
501410633
186616824
169479608
845371819
823875050
297759224
343846816
748232272
477679865
554094995
425040045
797740252
823495186
369010791
310879044
778867752
818529137
726075302
272712436
177010004
210292467
649934083
774486528
627156448
168575199
245360063
454381395
435306507
559602841
15339286
522547599
330147541
530242398
291357839
611246245
252145762
42233411
219673574
847220415
309902409
814645867
700533956
458579520
749601248
309918788
402576818
904291327
19243809
59885438
379760857
165217952
815365451
707530593
9477309
860497844
938805590
165929831
412387372
926073221
48146712
232050056
340571323
562583381
719551914
556803625
692387738
709169804
336729585
407064907
5574475
788165589
944986831
460866893
458699810
519181938
156560982
829827234
251963966
575790519
923923794
421708970
502128566
194183822
651357779
787515586
717042903
281859448
353571798
901388989
570107930
323198186
546483736
796924825
849249619
675960282
574522397
883592962
528134037
129381620
607738210
316615885
298436540
15479039
950875075
618971238
234511651
740193524
187978330
828253931
557821345
763403233
28970950
435372686
945408044
258706320
13392051
403199926
829873697
904897397
639757387
466061179
935690359
155962547
524102715
538767445
581124635
682201822
953689994
226822349
897062571
254286192
87969486
409210909
131188425
211256039
930660517
31160891
71522673
693460841
691396012
426293270
461780830
147446865
849325397
482968212
947065696
260505467
405985911
437213308
319868676
520741314
883064933
175439032
640909168
878856264
248513885
530560973
35434257
984337846
411870612
175753791
342683494
39799387
741168150
704158325
577621840
639189059
691420560
381548872
361720582
398170584
642333471
162387327
155131763
24800149
888809468
710272328
861387507
607167140
796438348
609247656
419110113
806535680
303104393
847063004
117822238
740529963
764723042
248238748
575209367
386772225
262418551
680036249
210301290
790611560
911587614
423427719
795156423
783432181
161110430
358078232
235145097
908512288
614389741
609954293
950577841
657532193
201600732
380290404
237089942
338824550
876669312
155035107
43678728
435625377
858387911
474661751
327342024
278788559
392801550
346670563
542235483
16509406
157968307
273545966
965237033
27202915
920042449
304167638
555155327
748505019
267738242
373527865
803560501
844899751
299614504
749616766
102783765
334565420
68412484
656189358
26226534
662360151
454312499
580745074
786737917
823356303
951790838
465912896
71774991
271667889
929256749
38370163
448744345
663162180
984934818
516428194
876607390
719401695
966490034
693012824
949035445
49290140
440382882
545173491
57225445
371079369
222346729
812398806
626704885
910537733
524727648
522807204
337413630
847937208
853778645
724148010
474016014
924231172
939845048
640380060
565817017
669840523
984245177
726326746
628425069
679973752
555714824
249094026
950822955
164764733
99707010
953707315
203659819
190342593
793064006
647554751
465067936
364865758
711194441
79658529
172809900
679229260
302236859
578730377
665364486
804389042
143831920
614248618
953864972
446696947
310869287
835398711
568203508
371378037
755001868
18450
858389446
841659153
378864167
874306445
483670851
100629706
450793704
661811143
994315005
616683033
465899454
6308550
656816993
638757359
762161848
129048016
229014628
892437883
106028663
806464117
633424451
148016391
185447981
617947854
812054563
435815158
722000615
136705296
480450243
741207953
839061012
343392364
754046168
64746602
5653980
66588462
83237495
481738289
134113098
578125417
235082612
86709430
644400449
197154742
944857257
946136320
288141511
912317892
552458302
275755469
417834348
516616606
211089082
548817683
37904768
786967851
14149963
477536522
936475520
238303313
12500369
223784914
408283305
76366126
366220605
590685998
37858036
392014069
443962457
570107046
507900382
816651179
670360639
598009802
147516046
220827361
644474548
413238602
187204951
5101733
532688715
626575531
632948277
701276514
33415921
804420691
463089816
613719751
17575200
426791499
611771709
361090894
327159885
376420506
411878304
687996040
318475520
690465613
586864620
3788360
227670842
718006145
11
24812562
700529734
987113851
957089779
418933737
610377740
898228715
835649947
919188485
344644726
872941076
351612270
635542478
667612309
951697429
623894134
40917844
552129672
220295106
947821752
943808580
921273205
288145766
169749294
350489054
677940081
912988379
713443841
201155312
216299964
337522602
516676318
866277623
135731654
642987940
370199585
243631470
329511165
721084830
745130437
830308276
930471038
145
270736873
450779611
307539760
817825222
352577248
42439328
429609215
69565368
886229868
244451923
628630491
388711117
474518731
665667221
311846050
386248795
268312620
468286929
948846271
66457074
382807654
91890766
782596479
560081117
403409783
427838471
332991559
57122918
46984828
548945282
843493169
216676532
506386185
337669375
681633205
202409399
386289321
168143896
629703590
970676261
273957767
959546406
535997570
198444796
75861404
916780162
28075966
805438552
784314244
284404795
864334517
484064869
377858493
582100712
728168402
518673719
418724537
942073708
468410026
824272978
452081235
56848575
66391892
9
962864722
701214065
893244116
394971226
72111209
601353892
569909791
33430359
873276600
949683834
127105337
165319216
748889254
980303058
218916632
101373495
416894433
353559902
755609009
328432431
770171935
265831836
101860906
596545002
576721070
53994782
32749082
235366703
443640699
279302844
310638487
958777326
773052650
398462492
272679059
481074343
722766883
706509646
12696669
618996602
735246204
748433274
520806314
801222536
487064251
749342057
917540688
280917598
803374211
571568383
275684420
477734386
447049675
61217200
903214447
868308873
344600157
496960919
666841113
782899573
15448455
37025369
163293209
165412118
455802833
327482148
549549650
782147209
392489578
741903800
277709660
739892347
689880127
162773083
74304915
112609198
992286157
384247401
885920898
162050716
499545754
122356446
919352573
512396640
120165873
180462403
753494306
152047234
494328478
661517179
724975499
564889261
668882155
846130310
973655617
400872611
75304087
27328369
493136247
788672937
370834544
630792170
232609479
883057679
801178974
121003816
370787341
495193197
620799277
260747651
713700365
231000661
665302214
820499415
280169144
407696021
824021457
48496427
550963159
163061339
162980049
558022795
753329475
953285954
710634035
697994736
220954114
726416599
384311712
456148816
49132135
723160789
359788263
688602935
186735977
862144963
92808922
58545071
27112157
276458291
241125332
855209732
90241295
581683251
18508962
674199114
729175288
4837283
369934688
177714754
739154831
523504554
411179461
775671024
237457942
950830194
568817314
746585647
59696466
267079382
463963525
221461705
808678219
740396448
876081786
301111154
905429263
955483576
993424587
877404775
473933182
346860588
713339731
373456349
325950293
379572725
328831059
541978047
12014213
461119190
675792660
533374820
281286063
321496404
32234365
735818026
60118034
144768073
498685438
227510101
570882988
663782708
269511505
79533669
155462108
475884559
176110806
53016536
666312401
120455766
636194369
690329895
81789149
555569685
855573663
545583454
985709382
327169646
656244911
33319932
983724091
510947057
235778381
738788062
139619727
949071500
86552933
300062905
361716920
689476496
17777013
792648693
901258260
994812999
435861780
106925391
683441398
888586252
645075455
53435161
530940344
834417430
3213378
328548505
625696946
764735746
194065060
22756788
562865862
487028233
605487989
377837526
786199261
35223668
262629194
752252406
391317931
633007368
310272496
752256770
173363708
842565617
957544942
441417382
950362821
710937542
675141669
967369156
705753087
229659915
74380050
328521200
131178316
686407674
138850398
221744971
160840946
645874042
387653718
730045441
470132351
82819596
555779258
382013583
516126450
741098741
594862694
459573142
104844611
326278906
395167291
259081423
220029198
647696764
276802879
560510984
614248424
54689593
412931213
898300433
542723445
600932332
307532200
583821226
661674573
723725710
500627388
297004260
483654124
835566862
253023960
546443118
330698203
971302761
81781281
268856942
339985241
638965698
478862276
595626626
168200014
415861815
657160671
83736758
753132675
405757653
30188500
405274059
273589359
606273413
808982093
676671593
677521282
32786109
836156707
562193556
785497691
509607576
991031589
867548216
283069095
85526750
864168526
644721991
917833028
103902359
587117331
523430109
902073652
589385024
800571446
639008168
760510789
833732939
805644417
782684771
386671543
265980726
324116939
152998519
287036003
798309000
123317918
432629152
189800380
190579377
303968953
942820934
32163265
353333816
711176382
191219057
505776510
958975327
811397803
475786795
978408194
132100673
617037825
438464335
1739
807124274
538108383
527646528
798949191
215012211
717263443
900881037
280706459
471760606
926053522
560066180
649130746
928632731
41932647
664015162
243750370
947675116
81960085
818407329
238480396
181854343
108157838
904733402
312349950
366381058
547575383
771429271
892673463
203961485
374865539
315661352
865527093
889191227
724464516
779221902
13726983
912856673
313401740
159601078
865922163
28547
978529334
434393634
476914547
633358130
112
94032622
296171602
910296775
455140061
419749140
608148101
238766511
558872502
311909319
786892701
229380961
234734479
202924985
763737524
40423532
848823863
940490184
905546974
162993820
84113
647526007
365718091
1500
907308415
459966412
809467618
752265348
803130548
160194056
552863183
688641587
661468552
77244908
630136345
292991437
278977352
968505126
724441205
143726355
540475388
135603592
841057596
569498996
322055941
88308990
346917399
318964130
153933557
985229972
221869268
417611328
456141106
713137984
858217815
204307859
738726332
270992813
758256344
684392943
609262524
863196969
630507502
124514565
312303394
153628584
450626787
989340407
594383225
897856624
378729666
547392704
44230027
280140831
360938873
454549896
909776914
70991925
969864493
467504792
773651788
2075592
172770336
15708978
106063239
796161164
132352817
308865633
263484111
320243628
711489734
306374589
319286428
171080846
861333794
584928476
733209801
707554360
429049725
471232107
217951926
50691752
359374278
911184121
757525735
697938118
920868649
716099637
178033759
867705505
940281537
576932533
720618741
935782983
381576762
748042725
546952837
53477877
268060190
735925166
933261464
951888037
991046484
46053525
388822203
428792461
826416417
475259433
441688513
183973257
523003192
282981403
849098206
178250829
666687365
15424904
393579789
621073294
146984865
532825046
571066486
964061322
157575218
246752843
496147988
988290931
580781759
810329678
944770491
328432822
14269691
606491123
669982019
9574626
60374092
27451188
390012790
641332472
712845694
86308175
850323192
40541655
127560508
37308779
275101916
161942067
605812111
816934257
165244700
675748164
590598041
767377980
758192334
628725687
628689097
920454300
724433613
917938412
205772494
613409415
151355676
56625232
31180755
706111965
461544819
37638085
457399680
496141668
340033118
527082356
800525693
584246613
834063997
604701768
976302910
608309502
480113788
401242995
407035834
13616064
248067083
751626879
528864475
160720131
956447807
394849805
430441803
42695556
191072779
610013215
332705254
773266352
542693930
218889131
148725267
454887980
170819254
276377185
269547721
323197906
174983029
373773888
697024329
853213397
399015586
1811208
518797593
648735842
574441786
888277224
759837808
409119409
152587837
478406825
128907141
916525679
645518393
343059368
650637858
829537889
175738676
2337514
890853981
939009643
531116553
896013363
377913061
941998340
266119402
100927735
732441687
936304540
593441659
117044809
932596840
531980514
694488403
88784640
99965850
575387866
546935328
109965030
103103459
180621762
698840566
446325735
822960953
850574164
362108796
90780530
842890559
350984410
962285755
536876040
698918004
154618056
170150015
102295441
171298631
3669355
296122129
21585333
975726697
57371522
454759660
896577753
331401721
429360812
332459354
983161393
479960742
890622635
42415488
724311418
489578679
738228486
505927926
595239026
246041618
989186717
710021513
358102941
474175152
799393980
23674331
783332928
175524399
560639594
681874702
101117048
225973930
109862412
607027884
97126659
206433112
985200108
454402003
877990551
264402327
328526020
11877423
521622820
949892034
759393994
44963927
78793957
440952346
62755533
969857727
807348967
827284000
270257273
935282583
926002173
828544964
333110358
849048177
509632145
649476563
486137000
380438498
798915323
391633073
237781309
17379433
386983124
633395712
98149197
439766994
424083114
20043588
551296862
525590789
520409898
873498
170758021
976893191
420562299
450980969
324556398
996503587
752560948
720602158
310761758
573684231
943725893
407017278
47330733
851786958
164588387
347491669
82033220
872660642
746130450
254758858
569483107
51173209
391758953
58817986
908515813
763619913
556564356
360333438
511190329
888740976
67794720
141503947
519381674
146108366
738405214
94241069
264793201
226162532
158083885
223252175
890991514
669873078
340183393
947141291
449502975
962877718
863877234
24295899
454055654
475638335
132498862
528699528
832626706
689667929
268830722
310449207
266966285
455158789
105742853
718792966
789902528
496474611
630595218
937360430
695002063
704042551
52731903
636456839
418512805
6626152
917127180
446794038
95905425
758717114
520992031
885081736
838858781
296029814
560723092
967985447
514257601
625035559
15415156
377935776
399595020
517232008
230201619
582163076
744223157
598846521
857730609
36666446
931717519
757465738
758780139
952113352
977188972
666756713
712503776
424518619
674648913
90699378
899766874
531914728
488706024
210633115
201305496
41253068
114118809
491678262
698383738
566902919
357729388
554574391
107559060
851666498
729731868
220956549
705614753
476261590
928068463
180779693
224285310
482725666
323838442
542261011
955628052
189580757
109274734
952028897
523797559
544453486
994131131
405887741
846662119
545164567
43367661
677287820
150266699
133626703
764604084
142566667
252930761
560332007
788004651
430043243
196569324
878351668
760990224
816472597
816641103
348296718
157104514
244113975
943677298
804891825
176986696
853585519
817363126
842293821
733137233
911993413
370097135
426597200
62259025
883112052
843556726
663755510
405302815
192115574
290475736
226691212
733068082
555548042
685545167
213864278
88245010
934093924
517293575
193981794
522176494
930160294
698722603
100426513
57270712
513909373
877316934
953611046
388019851
37069671
571370887
399021444
651390446
359913443
554663566
666807848
520819142
183457317
655577796
106554833
727545379
21429037
683650767
395210875
7976160
875882090
507222746
98787077
888194281
651927866
983038285
394398533
535892158
449231005
765138780
688682506
802243347
535763380
11417
680499354
411696739
125547774
411909954
525205010
415644766
783017434
166072522
29254205
291980287
399661658
89621684
38582448
72182809
962384636
890904092
374494826
674914878
592295824
797541290
598452757
819537582
398990073
830726104
641394195
253408229
2500258
897273420
72134151
673692379
390035073
858252655
680507965
344975304
470073107
398828872
437927868
240300189
757114716
975333683
63005015
361578101
220723195
937730315
957782395
526783864
217280987
727121545
684393303
843994410
719125952
714495174
284782935
764817615
100840091
542077905
781670202
839785909
68056718
244845007
553978301
524380325
654220570
433510668
609030736
587735595
885651882
512962946
282127593
500388399
905504170
711042857
39291580
230856904
646398604
827651819
164682023
159891655
484688411
838975293
917317233
128807589
89398425
533556847
277367544
557967187
58158901
811610083
623441225
933484489
402554513
955667921
708402546
202934595
254795211
649830686
481902570
122098403
138165158
84940110
606409365
466745746
113721966
495762787
383400333
932645943
669325975
817203453
54224027
200668709
950821541
124862727
974966925
53446367
820551822
813776110
604118685
312683154
329595897
192285766
616277112
6766656
117718742
400941781
6044245
266630854
342994642
591659286
584845612
94711992
936073661
456516328
61457041
492370812
732184767
966561006
740503395
179842814
68143164
523597283
587504847
166834321
30692875
530814127
53303875
233622709
806414803
712508256
558664717
563890048
479216976
402332116
244847704
47642299
904658291
493632723
448353
767375465
690857324
296789528
556876815
534351936
309869541
328100544
887539794
266657762
37691048
583620569
838786119
322859765
977226457
241642333
705543002
439615154
25693807
259294013
783027395
460801082
154069425
103268362
80232289
975465201
297697317
753807181
15742864
291770467
868273234
325972066
957040881
19481798
572284336
327481571
453722522
656466002
562652754
902719055
145171698
649966966
114787599
814758670
88527758
307911392
146752628
900247501
463706631
364069210
898895429
63050644
64387543
947978913
351135019
678012689
920556985
817867031
862482709
193619642
433074250
884346124
33429061
467197063
636014679
135155922
154407779
901889464
250445346
863560096
924781838
963559360
869646761
271438310
473052455
732479229
790574616
19838179
313400910
204683210
833172842
512035276
346587565
138880207
935305678
580235941
612430921
517800495
124605443
196330928
213332623
665864528
399622293
483634800
916593876
233328035
920985350
53976020
443611620
719190316
447058523
366372527
121346614
160659182
497288280
280733852
313621181
685772353
197154742
314309153
730089067
84205555
912325167
401118041
341581450
41060215
496448981
953383459
518674629
629689526
958606454
964283839
290405517
350618023
473694664
961048235
521570398
549018186
636165364
888165049
811723771
959381822
339356874
56878572
990664148
785016820
494826851
438137990
927991050
760184729
936799531
382596136
797760777
787253590
433016423
493536138
278191096
62249797
148004789
442566008
322181136
699158829
963832404
763152600
7638062
477272125
584900710
257772262
748605086
72457564
276038991
17166912
305994083
892225413
922456851
608664455
410211910
997977098
288545863
53739016
872719978
858571306
315611741
690751118
586631547
139376042
228898232
298775783
419765616
698567162
548558823
119497081
667987954
483116104
567442074
467476917
186575956
816797866
708132147
898401598
700583079
374409572
324177604
266084997
542154976
267385745
203071165
824139769
834671974
497885963
326390828
491215736
892311642
592728906
964840067
842726739
915263723
339039954
818848983
602346223
56070541
485482787
863918893
359824281
519136612
633670747
227771786
799781607
316248265
610167194
340981208
751467728
1908
277128988
219429408
598648834
550588092
142396209
3155422
307542081
110248393
165886731
749439209
284404483
37783692
436771459
495676659
922449750
298796900
274476819
284444692
416163397
439721750
121900510
267525487
772673460
157744325
568557771
796447316
552140256
284616995
74827837
271983998
87242472
705978174
302568804
26894143
467889710
294556419
580138575
785935806
492171724
394364535
154415572
448261404
606711640
1526710
180097211
7576849
619398857
393374390
186269105
485614884
543054798
308422183
411240206
368869907
782536124
190992100
403230966
156542333
764735035
373099883
306105506
295955971
263055251
345366678
339202420
586572490
829957588
558095675
439273883
686833923
753239862
34098136
562111356
373830522
636855415
297601134
762327376
760951931
242099681
216495512
732457080
814846783
343428376
621733699
358083611
177046226
855515635
856034013
140726782
643045623
305530739
585237339
611609534
168666224
901155693
811171899
772465048
358372453
484888974
5095946
56548108
13218851
667130546
541088365
910659081
806148979
415043377
324492406
718598874
858207836
368759228
547678201
207619511
742331801
796551273
915817295
722656516
978049996
184722678
18699967
133093774
260757360
667127010
606812963
445098966
76018842
218242578
426275745
751384121
219766573
54685602
637683525
546152130
144836159
713905736
708431108
859570831
293436300
715453564
860433234
761211242
38307724
588851314
750790775
385454554
742508013
193714887
82093485
4370744
471564548
249082844
228034673
327838991
523512218
941827161
503878914
848810668
578444526
133036483
293627796
443833975
981705964
870253119
956054992
662855802
65193459
253854584
221529238
654568397
833406587
321124733
733726655
745511356
931461112
731097589
290773156
55824378
374269721
752093349
975435745
77194943
406837907
508544721
376560624
601446126
794004503
600648310
921338197
159620
83181452
569779288
768739086
799452492
706652945
864333581
719629539
813855364
378402069
526135031
342869527
33361026
973864582
429472376
125640716
85761483
450012328
316321314
905694101
61063144
123783682
365312034
925955258
837291978
664960347
824642982
361883297
329710359
728264172
713478476
696868589
194007242
648796284
864924890
476173910
32073270
415245783
392058360
311095032
327717229
472386403
135907218
732651573
466871538
991603412
874062046
119816039
168776753
81203139
96987078
533640382
969313670
792204739
491020008
706636276
9291605
626588188
792141094
171755873
461129610
978785505
296966579
146174054
338805421
941797154
260439784
252185004
734909005
13952388
793913556
939628090
835761477
565678815
720979706
896750311
723032006
246235691
358653372
547941960
608774744
568167062
747436396
494188668
493320259
44499397
30408045
964668068
104008326
279477868
896882777
985613643
501971007
752160944
884997485
852158867
633135492
833809199
496596043
547975328
763468450
230574119
912582735
788648123
863681180
360131736
274420021
52758981
862368285
59086511
274501915
613617730
697242662
739780921
514408872
64649658
137349510
941065258
131778696
230015496
518213069
483048491
708216631
251229489
510475861
425077318
43751923
953411055
580354054
386881
389971541
235075578
302129087
799938456
618151759
725667555
458126364
241658871
50712928
688612905
89901019
28181362
352511843
442702721
569278818
197721978
331458983
946391764
476643275
499335740
974565264
456453418
48065691
50635674
20477648
150024304
368079506
385490414
666562797
411718594
797758816
399788779
693984382
197353578
989816602
367016280
442525951
883561482
620265340
191269434
701500477
589884740
406997988
77737463
880164254
494425207
290211604
143113849
829968374
743725051
23313720
668367053
388247390
585281731
110612345
889634046
547993063
348397081
839515801
909595265
351784828
760437599
819008896
323820143
446603345
607889214
579509946
967016996
881177917
738489813
619477549
331184063
832194739
753627295
758305234
59799661
606318423
8073304
516915576
602914069
811138860
728901473
318807495
687887200
667555989
771824283
654110561
258028518
87228106
299897966
313138076
751169299
818328155
611469428
640231030
86762488
608046884
617853594
901090762
89342656
1664
996771512
550323551
283314630
60374003
699378730
788750909
321692978
234532476
305229657
781097828
920318143
406045456
111407358
723227555
355644019
113647014
640665533
569301804
428420420
552630711
403382913
622772294
291820809
927322926
536436165
115787290
324957098
717597740
813367619
883373572
733317103
969070800
922991244
746140691
132756450
636089980
331800004
333636897
566748095
378837617
98438220
92291771
720361589
652902584
716134708
815885886
83176793
824391445
870522132
633668038
660696117
107297676
271579722
102607005
792443729
412194672
539875416
756739300
219627825
470353510
833159962
211789597
470531574
454941909
968108799
627777298
172453253
466495183
581149655
170653175
574595257
582675811
420572095
92879612
780309534
802598064
431280729
445832223
68185254
501052259
738177750
21647858
979241534
842642899
524755720
242099681
445428873
645977628
996360657
399244592
28672869
747146530
31620905
475582870
149635661
66883172
299581194
390161668
211204478
815752035
924685149
676691601
298706719
7
365891738
899171548
727520020
540957534
146062952
502045329
448437336
989731061
530546150
201178010
782176081
202355035
725207468
628670157
620934151
47331123
127566137
893646161
564168085
98016960
835889389
156498088
203855916
260777082
665460035
696651769
659697966
145800952
797896499
615769553
705097546
328317286
754919575
144334866
843227040
248742835
843207379
329393604
857084464
445832898
773427925
310320879
197123024
233830739
398622380
979986340
602623142
110865500
128826053
135651265
390229636
275314387
303146681
549313297
15155770
468273788
428935557
917923242
651476337
790836292
684625899
572067897
877927574
683394899
706711106
711161417
386865468
576355300
26640
460527405
715804550
481498886
727038508
73288921
291008839
926772932
115345743
519091909
879744339
854869371
564103371
180201676
442682161
296048186
162647553
230258482
888392319
737082268
488631971
610550007
652022763
996489589
956299300
265149992
662095999
66115717
885152556
402099096
136849327
689089099
897812610
183190175
539599341
575169034
265060064
389765091
277101307
575557792
283192498
306270413
798645901
594882712
953265548
314504945
733706896
102680945
840119783
539672720
430114315
62988564
645824248
893471157
683163506
557256804
156
847432965
355303931
111950385
695958646
994263127
299494206
669396238
737681284
493523421
470911690
145655898
544812339
625001075
678040151
981194548
447802073
2118267
995623996
650254340
204758667
198316444
659463205
123648514
608836710
586146431
478823939
541112086
928242187
221458569
805484451
48102055
510882479
743254156
494735091
850205800
221505895
372691320
744181494
26922778
26538038
893401739
920480578
404066010
568057969
233832080
790012949
288039866
456117859
529908892
905794082
257
300646689
471268128
597575844
654793510
665662733
64724661
111021485
741582983
815384425
987914282
226984861
642827306
555393537
561699542
359643499
103244595
978466218
103135493
43587
21443282
752799657
765986720
276428876
717997346
717226240
759359565
884708371
956455714
592395089
618286658
624160005
768012414
995449318
417587521
134944432
980330522
753179699
620816823
315975469
154616765
469605723
