381917803
693499977
875663162
710634931
853185572
316740929
446826526
122386145
879464017
218289470
423054661
335439510
717289977
306989625
583033723
793161200
71138611
828978033
177752473
297246306
870727608
888771490
448770175
15472810
445819400
123926704
745323743
876904779
536313194
762919390
529977671
516791675
664263367
745047916
227419086
599176539
776081794
737420185
122600094
372211579
366255616
884089368
364149617
431915348
550000273
254736421
865916776
73287522
490075319
816124291
980544246
762883279
972862498
602965413
875394305
206048636
790568508
136913582
296910562
50868963
925189324
475461819
642400682
969920155
190442303
628313760
138224509
64634914
667674148
249436189
740499768
974679586
458276087
651500552
55379323
442142851
469449249
258554579
226246468
737477138
424418856
449713278
146440731
356948598
274896829
773187531
42403268
216691626
89589111
115768920
221441901
657029150
69189024
739770201
194438799
498310779
333348274
166168158
246946278
856658768
996200400
463676490
64015265
903579308
469638334
688352580
774792822
671404961
211460654
672243840
710827755
307081226
87522941
144588500
140570353
812996388
407953453
639016159
222900845
977099387
114534182
742842570
641113225
247914900
202703820
522657287
293886540
440911132
740790285
960680099
399515523
795678248
710384033
186487359
99600283
442810508
677479507
666654179
575493130
512962468
534041309
371251010
491819801
315851756
783660892
656500305
243956084
555904859
179971164
36494580
544804030
950025077
515020482
516611684
185554594
650201619
866496678
805536756
99499844
368197890
647150136
731311032
8278361
217371543
636068723
481562949
202199193
960415129
514099587
86288199
711282765
469349156
192855727
19801191
558401934
521635335
919288202
204542722
492428853
520091746
789127350
967886294
147695808
727247950
661232762
562353150
310972572
152471809
755355196
860047432
907868937
895277608
26171542
270662678
293844369
147450419
522093978
10163804
6071152
941720968
491964338
538673516
317239434
159813400
3209934
173036376
811268047
908994952
851685838
248756412
420111340
497591307
754815608
15167310
34672258
347968083
903518562
732485654
582823207
830785870
874014101
919150525
295611978
179903450
150126225
553947533
33271623
970991917
218307594
25220715
137880190
514959249
568069502
571019833
332810570
703366352
192993356
712842244
166367385
927522952
827710616
182900574
502454243
690358143
723578709
662282257
89596738
609103226
24431917
82752590
103570594
149701835
325962798
639471020
476239482
880900087
545915153
273752608
684825282
972175257
474031669
544268072
489841399
93102407
632511857
446899006
685098080
851448871
128380987
340915936
729816229
581922260
471639898
293809750
378132303
93592021
737962884
10159379
444247635
860441170
464717017
393904088
850585510
389486793
816095414
206890721
583483576
363275255
624559986
388674697
148591747
13
529012293
514997990
248565086
706800020
922581897
44921163
278017758
641710918
422410403
279496982
748717275
394168591
874913987
811369480
354935983
984148954
658871616
683243608
125191713
376243304
874080180
124354492
879312286
190787288
769065605
636468927
789423856
141578936
834991177
78754746
268050517
200544956
32830031
105123511
147172882
964943001
784757305
420635787
79573175
740520058
781706949
81027650
740542667
874144947
229543782
709646634
684634911
96240891
88280976
761027103
280173643
407445164
349182531
599812213
662737695
128715530
995617730
426516933
722757315
173464978
798859869
468004262
446678604
857640084
415726970
171833744
908901470
669971717
918317821
551994096
265016893
619173779
464291530
369118480
816596229
942794675
89686391
146843844
801034897
160923202
181310814
981425871
461784684
991142900
190455676
729117770
752312250
482408596
275248934
837756259
299285868
437066549
1576071
834610458
463952634
981400909
351337241
770184176
802186358
870167076
705846499
310322633
446988899
900730603
615367420
916127723
857119873
626206897
232465058
533091203
810449063
79965272
907798428
76270228
103798024
349792782
260623536
284448329
834712611
857612348
517578815
92005879
687863002
300752250
16448228
167832239
725773392
116792559
883247010
152936793
673012229
979325142
222298258
244115050
160880696
831062675
778957722
731964946
943113999
837482304
451791139
220781507
996993502
371380310
983330047
118333576
230273991
89291765
12526053
284272421
884975669
295703721
893423087
485282986
642504278
947379484
898055685
658408468
165378
519084512
61509003
104439422
616022618
549665420
990891973
822788417
586906640
509724523
953213102
335564316
28188216
203955255
147887613
69743463
931100394
971805779
946095888
606857540
556293215
991199540
661152251
822362824
85758750
273482816
433673712
312009988
18282642
994990125
479055736
558016418
924741458
521383763
656513692
61598071
200556241
930575077
890780409
318475431
524117498
315652158
28035547
889544297
678961337
839008256
803358715
977482610
112013963
472554962
967551508
48870490
627820697
846792715
291593317
66824985
901346809
184952804
136545100
270712533
262042181
656525623
573283379
382600729
225355726
712535975
545423590
716952151
183284375
978077378
655776510
772194638
783574540
521565885
557582766
97115106
165231648
99269224
3714860
744804388
711994954
134478997
751160983
164563623
311700431
68081401
403194455
953730613
69934870
203157935
850689198
554560221
314267735
188872370
70978226
266387451
580531730
407804245
853407055
196638200
224957285
642021647
204494355
272208121
499834152
200158365
78309076
120284130
723324794
863814793
592910861
739332300
69457947
312814312
20538699
414647549
588095330
539439492
357006272
411124977
825715069
382792285
254630615
701931027
126702721
330868165
971802439
34633072
628715386
66098559
750485935
45491919
964425052
136061559
171407190
1495496
256515540
712729423
364985563
318700967
376492176
161645707
141343784
744664309
933064275
699724386
134218763
525844701
543162605
342940208
131503461
826885298
739344313
257852583
805604758
829384010
954558005
679966423
965704708
408262297
29885674
50025234
540021388
362110045
793155425
512477545
922283919
317508347
760011143
829972693
375674730
155284712
766838274
704813355
978740294
747920186
477362820
50786300
311028569
834031785
174914386
161125915
466704302
140147620
413386526
582437933
357068395
669093716
602260553
389034531
492489085
804843456
765848771
865842353
138485319
890759800
941229946
381822905
674147313
99333638
879241646
79364632
664182840
957814255
589933582
326970340
836916811
369867871
144325122
307334503
337559955
458406527
56645751
325215490
874606875
309557370
844761170
177205223
985308243
284272591
745553874
504198943
799553599
104690120
432535216
209996366
410861537
989554323
156763985
263597027
914534477
852987432
661956433
277145110
265568668
215468268
822472022
280738011
809072878
544394482
814555439
365549684
243284754
901063954
609738322
657528704
521177647
635177969
155141384
107986483
54230673
214433190
904297498
503189329
37591769
470540725
115989459
612535426
68506338
759386677
216419636
245356217
832139320
475896644
907821091
700948207
586781462
488512288
454221801
88917037
417311385
849480979
389942844
192417890
965239238
846923536
605623479
537208976
424336316
666493025
708973262
380642541
244576326
582292782
308992316
521308402
276887604
442084728
734690906
791522876
85112436
213534951
364027622
284018672
96820675
19386481
33122974
941520334
575313900
912164111
449244
339272880
533323040
755002200
494611593
613520364
786251756
245735066
267983018
722167943
22539141
936628250
209625874
689782655
728895357
57155257
990718041
67111383
16012
247804827
312912618
381804134
257432833
276408594
965999222
506132510
230133403
90747002
587780897
449755189
314174052
922684742
51430251
156081304
972360392
954189446
512058912
199780646
122511683
993788065
481308397
602118218
82958501
399630305
785653381
1650
763618597
506062169
741318170
972432987
879956382
338319190
70518671
368479619
103879869
382283195
837363907
629935189
239580811
363822156
420718914
294883080
273334136
97437417
798358886
483659931
88956927
101222247
423573401
179830453
40763532
789938675
474244305
672576988
228377161
820709508
848491381
1003905
881476995
452952440
787307948
314992196
240364120
626113685
729995861
320225825
730270312
332963065
939065187
329588638
571641577
909548783
837995762
90145450
97570702
312087374
622833638
574500513
404317103
457287610
27952109
240378455
21052185
245383485
702709484
696198868
966701627
575693123
498010638
826561541
645446503
507256179
699242544
535303994
933720176
759023850
130176566
443636496
841828864
128638407
103821499
665808420
644801980
315611268
697356703
221411473
900395297
350849209
864794034
541776627
448112646
301583257
44569466
418163960
906993078
8987833
915162151
630652710
511250912
262337816
375950169
193882325
861600902
352537795
258268409
831064401
503268946
211389371
310026302
965506295
556745890
952499456
810128137
197406512
78127436
336778486
117551678
324059836
915483702
187205073
203982057
511606897
159065143
140501044
154737893
312032875
320725853
116854950
166390704
624969311
521863028
52022337
7
179169029
61356803
496627533
885533387
636318245
371546911
626689801
359623018
433307209
263060916
379261332
610038555
831270407
87398166
502912758
925079196
820904974
649322426
93963295
672918575
139877741
445052191
312853871
847811805
288367134
103850164
663223837
339272689
216912371
7421460
438107718
575793977
130975533
106652876
943255251
677731228
103053040
166272915
611919307
20624557
671395491
601153979
931871668
231823858
687999435
806012660
71187719
4804850
77243187
439571028
366893469
460794931
934205069
761802871
697781083
536428123
853607979
917588868
871191317
509053744
892125176
901147852
424059617
396935296
808588232
41239826
707227271
759402322
819015160
547653218
666417581
679261607
764488634
951613621
546051126
751492588
236650357
310753955
293959044
198288828
275442838
676657692
14
901903456
357243918
959311696
503485271
723727612
853422609
905776042
458727701
234513807
646556350
872103316
128521525
985414930
675125444
79530874
840712473
674545595
541547995
406854619
733398149
874414787
499165842
335281569
117884137
398860220
115577713
889028777
162575107
493370657
743545373
691100624
243596593
439473725
64528127
932394962
968250979
154310310
761751214
637412716
522262475
977081923
811009772
586363548
589572214
26872593
732489566
231281048
788189343
63099470
766068369
902520858
126961212
756555766
529827528
848471251
968321020
198689565
500956270
705528613
519815659
937562131
219187837
429785466
688393010
3700427
789278748
953193657
525119913
23703846
53446879
30059077
693377882
942421663
426667424
961274698
930604005
864592398
328692215
43497297
830151649
677819483
873969693
335307061
230500617
356509310
951543745
685429769
931730965
666096220
102621403
29196049
298486791
470004311
152633437
185435538
272283745
845891827
81057875
978092102
162423432
869197273
603466590
624371488
798004166
117129846
247014676
883815361
679266855
728084989
963852716
955371035
254052751
419609916
158045408
829891348
8359219
868698700
484146688
851685838
961265205
56148236
397023082
424091987
921370744
72265819
892159267
572014874
846738513
411693397
379335600
122159150
844798652
369802036
739187111
272828926
323213438
432068258
856405688
356973065
393941034
467329856
281267666
869768400
251674018
651534064
498604449
701073989
760938807
820481912
113130229
632599892
23124899
150
230056883
344665207
639371538
330411672
465685870
487172142
93913619
49628923
958330546
192964283
942718839
724481620
182688771
507222
838461281
669559401
228802425
50148334
804680930
96849453
217644878
845708356
259282849
311459463
632268971
742294807
333253061
828911725
517788227
961380609
909956371
77480979
664293746
538370902
312716246
839956551
523457272
377789361
599299471
878671537
578663612
123335972
82357257
255376955
994804785
623208932
817446601
353844451
70446517
799266236
71838326
298875664
766463010
70943250
201320147
41657434
244170961
418968561
830714424
451589140
255345665
26430344
676061218
86777509
35483382
878326086
566564195
713876272
685347620
910508195
698595710
824142258
199919864
875902012
265641250
613642939
137236620
886216585
457428993
676844444
494416519
379425868
974334757
860911535
781628904
67573841
532001447
199650810
682435354
767601795
123578943
544977365
222297593
713478866
349463444
540203548
832845274
580693813
686275092
697090952
979554971
690487828
533492938
599182017
974523746
878136865
323363993
778271983
909451475
567458684
979500592
725206144
298020155
838127534
532244511
350807261
644557017
192443088
74003210
300430198
978235003
127812347
607995286
629707022
847842851
831637731
930687014
433793704
64029177
815608443
795216958
864634861
681872740
756360034
299481561
695850848
482000629
683141059
468149022
968016849
55284242
320132925
238665834
697001459
889611301
10983841
844224316
413517951
130075147
318764335
831717596
341411978
882095869
131338114
308287403
29333750
204695123
100015395
941112307
781916860
223196000
522535259
240248623
770411285
586568206
828912665
688717977
761433366
767092824
897180858
563971622
348986943
12981175
337859823
593529984
406175964
254965956
242975853
523486409
692805853
522468404
421921712
466477265
945925104
230705138
509506541
235645832
609613680
787441970
306425748
878313185
614698232
467789038
854127950
193454850
666574086
591816730
309014128
156517796
63181022
447629532
197257412
479753782
265244997
783525000
122468761
70472994
448284478
915978631
459216939
119289354
813336703
815803210
119493134
764355227
455888881
49199839
31718539
649532217
657056252
900817189
263611062
996778715
121407656
847960476
916429122
31258206
496644422
460133731
685675234
924991104
995935160
740919068
565378249
645983058
119132039
850732807
157300538
839749044
196195590
118501466
144806984
358934603
871665970
953527582
420764677
67345254
807494861
976137828
632002209
118725251
338677358
322175653
460773242
167363173
304906090
609648239
675712733
514480503
488438676
127194786
913117207
629155047
19074666
345763491
41769909
398833287
52446981
289099530
113021234
98303378
545907665
917373606
620488013
263540980
475176619
625480466
135644591
394938895
65882443
369177957
302004780
305933129
120093087
318157455
322176124
916313338
179077868
471025791
844145659
772397107
951310473
306570466
789792827
641246563
793593165
864248570
587903495
515896727
596644624
252
70755975
31824
18359072
376101757
373290009
306465285
948641182
497980153
167939590
706692183
12837198
356826933
229625800
987197450
300430084
796589197
807765727
299895273
536030370
984892781
253575438
983348390
22629260
266008537
537310964
356704025
62893362
141202078
217156970
716592080
436658286
119084931
317782011
309226766
890827260
185508640
878
616084983
532232215
273078392
438660888
183130745
10864794
913927780
277815385
789714700
446084132
11203589
258825448
284724721
664543624
576242243
731961242
790312267
964863143
533612302
989229876
576852963
990657257
882683080
146835682
119425005
144555242
614117234
366317453
728828912
598389729
24100446
491293918
779323427
141463872
901420876
493599765
449488420
190742044
216800515
368017148
170735142
997044070
251954058
494004198
764149821
556792531
990569124
674892948
185500494
4442311
552210693
26612915
569926963
713315450
447017146
81334426
404333408
109550290
588508058
594843569
166550706
141260544
604366369
781889368
428081516
543640077
523803400
595463517
895630775
640865962
506517345
682519296
808347564
727783298
542005499
576893025
679559902
883657426
833461128
923325581
633523849
370220755
30703434
800832946
790283489
386053536
40445675
1265341
451854884
893062152
291484482
197283795
555822298
656264919
67936563
905298482
338563235
467702129
912617924
640424872
444733551
274892145
762846525
970120730
504483029
327504739
627900484
70517068
898035846
102760657
340636169
616111472
594903602
358217464
640807521
103369298
527923051
140377260
189301565
493767534
265433729
225277270
799484028
508763961
339486378
933785872
891855816
83815150
967149462
373890633
455384244
303141539
308681928
207086773
582475830
510428405
67265990
623990537
129154070
386486304
588394560
712579339
42962661
335098804
12142849
440273034
777898697
11700634
619736926
840675308
928535545
681863921
248006459
332658642
680823573
549013283
407124421
358205500
382550557
610204917
21084863
924089677
282922982
364235937
454204368
195081308
37253804
1581
517663544
179253948
793655390
590054343
725351234
894522527
982049741
36768287
996105203
233792172
192263880
318173516
147899522
177205033
485952639
497287594
342594213
687315956
344588398
825775106
590126911
883944531
147007629
396887022
115241583
30990754
839954154
977966773
63563624
179195344
84668981
942391632
330868165
309194387
775387380
484746656
73735848
413974430
220243335
108605061
822109535
10498147
377425618
447979084
168148861
681579995
12
166751683
173657893
581699268
245204273
488119963
198059870
820369555
97050543
473408845
829224215
656452712
487130683
842142507
111404139
479756183
2471815
790668429
851557786
982257909
445927464
984323820
724544749
822811584
259317813
61499844
394628463
328714153
763064560
758543918
838080667
264613654
38858122
843644148
981491605
603421816
36767582
682790668
349342780
391730694
398404619
928307507
403577664
9722474
637939005
293242602
353451914
477201372
471816078
796001809
77723333
451264450
378848108
796527445
656917958
32015341
140495925
207355690
677911731
707655533
534993454
384962017
365598368
38509071
163055343
328446451
68289925
812426977
620612707
856798923
158656106
254122596
657534792
554501088
478865969
283984456
858237205
441407962
628230391
943819301
100730222
265336375
187247332
173688605
253398494
963146362
163384626
406235770
874320046
31625420
934263801
284055489
928530141
106717562
675810053
66358714
547975840
756133239
592220209
911605049
849910799
275707848
925531423
477780796
46378168
396223587
256765581
140945313
414128791
41322964
810998123
338867438
990093804
694060444
368293690
287516889
735951181
185246962
530756677
739874560
496882449
346493256
238283374
856476509
932973464
757761117
880885658
855186206
346199872
794039881
53459417
426352308
75538684
94474768
949887613
48743954
157054250
554218083
26961126
196894266
636459796
861744437
721810877
863344532
6131394
131006368
945557583
253682486
12623232
451155877
262177224
669815433
804342554
43276204
396422235
977394683
743243764
486472428
288239564
629932960
847735195
500926276
520751792
97259758
122278713
965988189
336183116
903968829
688251149
793866817
988677022
223619877
89404346
285194763
961643851
466725997
677271946
955338334
19872251
229294000
70406050
375074423
586314373
9545324
598599990
717112388
952182524
783680287
467842444
505863339
380797536
927325151
600835299
492648542
891862485
257753188
543352577
714100895
503962165
573492555
333553725
329516191
966210913
967144300
638826919
330099335
298122335
367167592
149356369
256241082
18854040
540847261
47257955
97219242
472493977
629079169
65463386
95079466
272845902
516584332
754263091
187957691
201945652
904309902
218736725
702892729
42013771
17848310
222699561
228610680
596613227
842029569
219474611
36304952
957578826
59462257
215819603
169933368
535488516
487913730
178439251
483368620
105459055
528248724
740239023
743881818
616306705
423311258
25763181
253294360
862588801
335311063
234824513
995705498
254645061
885826487
550789831
709966825
675627426
15621961
403816095
628987079
477696737
243307405
67700727
750027773
653035791
247147169
763671238
716574980
977680216
489274169
542337405
756368534
18659469
162008926
667818323
889438389
709461111
552653442
904109458
241122787
254084043
226048311
468805470
38435939
791068460
546718905
433299158
303208788
384014471
217229562
298466108
109282144
201813603
381491569
132393656
373205525
565103910
380018519
873722204
277789180
711623172
342404185
406497256
145133924
741406629
408023819
351131505
955589944
311835977
739379373
66711579
260446467
407125953
744610524
859366515
548903673
292784580
892823198
726165900
166802225
730821601
31588063
222774712
253931670
894548202
946540591
737381487
11305497
443757880
873865505
76014088
24762955
893857541
17231683
779881676
370507398
747262446
833836504
6304430
965696307
884154443
791542484
451070341
715579992
528327030
79737863
117093772
534450918
512895214
310957946
367527293
558562640
11178174
825545129
168388124
681488302
541845987
229366048
360964331
413077586
279751204
843125677
409142249
435526333
76134667
545721991
856345307
650919900
970065155
713576942
701601650
508385830
312622019
484928584
820995883
995345556
566277801
262731980
714314475
929231694
289268000
152363094
693439
700977470
378235895
323622434
365769389
831114680
843034769
74565608
91962797
205431828
152271129
689261721
48016540
31430255
460810498
857906632
376473001
826464036
698293255
775388611
91862677
884586672
512159530
207967765
633502063
204665163
388168672
468167678
399591634
153472046
173510577
40417354
99130528
356392352
779384413
428303832
179956858
557378527
323034027
927337978
863127269
597473841
459698788
709490847
870892211
296950238
500230330
50469704
173870832
993046691
418903634
451744996
617489372
591565466
850967957
937414500
668218921
379106326
141586351
294118094
127960741
134830080
932592336
803349950
687846714
390086144
317371072
846187919
153159543
805453281
10421281
10806889
53209039
650160190
894417442
420876584
95768828
707609910
324868632
309283192
575586474
44550752
825540285
477180745
181686477
452494762
700991989
410242434
757217870
316683795
148062791
803941736
526425193
326700
849365786
37418246
253333266
437506544
457344754
595045589
749785576
536270092
56076312
680316423
101453217
57336478
445503252
845756156
665467073
904719368
849352960
675254249
892020719
70337344
115108766
205846653
834907158
352270126
843205429
216985894
909970677
257044124
20343051
270011684
407270475
815539503
597276022
456317776
459999507
924150745
992210345
379444457
935573194
670698279
360798152
166660042
221362406
910007093
898875260
541187348
539243643
127911541
168124598
957394023
785678806
858410482
227588794
456067237
949315995
849717313
721774385
591541365
385908745
741893225
288633211
95661592
836738906
108635492
552721735
88969488
143386440
764280447
232499344
633031035
314617535
573623922
209054045
522485058
743641476
8345607
902030409
346034052
707094093
784926576
481028065
936279312
882966205
873427706
494262433
196487712
571055390
204108378
895151571
253611958
722695819
611317
816103474
366213378
340522830
500364952
10300685
140007513
15778547
397185690
713530283
722561411
186987846
234285986
28790189
76738559
422501604
127658760
410941056
849398510
531390580
472056205
392159760
699893662
491242662
380317708
352221121
818062429
87313694
258564708
655539736
705720981
869503762
856014333
829646050
556470103
277810664
341738408
530017961
757745669
809626172
483187140
53147768
392189907
196965646
320875149
334177507
251791888
705298534
229011933
866849189
467804286
622945576
122435432
58877967
306425748
990775388
221101258
493280611
983219699
362405918
107099381
471512606
903365140
449271686
427641749
561052144
703236118
971203826
39307182
492817090
91880791
552112046
145159843
430168531
769217776
430115169
371307862
465235009
705113874
632431800
613385121
262115018
787493961
303958424
796891478
42462615
759921287
408850643
812805888
484213437
806328334
571438859
229034199
242998416
900979790
797795999
917388294
373021025
785799742
198355191
856157558
219516465
917134592
892565173
86042584
413844113
512175399
728980018
667260966
56732549
721796587
184488267
612819856
403273318
752451885
165044111
701776112
370300559
629678286
839758096
909859968
51670283
51980482
167072442
920798054
408443058
325868914
101821113
426924060
145722795
561050058
360222337
564969763
57072562
872982953
227567690
94425625
190470127
352486520
119666823
918053625
714023709
864435660
859316923
116882070
290880870
880024861
649200830
941352042
584046842
918023376
277887915
316445763
92182837
680607627
353873225
171186614
31015518
792987178
836471052
967434248
477699384
276185753
950588246
809163789
896920960
646994941
785364274
146365048
895986311
659728056
499068586
590363998
247046372
749730923
247652618
987746542
692444142
507017430
265128079
552890776
315778201
959400826
537964889
320005310
364309579
581706483
555939105
183670107
351726509
897539824
554074264
138724036
553455277
782624018
178296696
182843050
939741917
721097589
654219314
377347288
85018885
467434847
279482995
140197256
693962070
306020208
997149138
870089154
718102843
272140951
63615830
97354707
794997270
250678944
130818218
126503716
566000343
586502233
868191289
628293408
209686142
583709876
847406054
299776695
905628931
639682582
29891284
542252274
107625064
740146703
634279776
263309029
175811147
284960109
945424017
125477331
890582747
170080241
535865877
533829664
971427924
279254640
560958283
131862820
503310911
613642990
26415956
305099348
690416863
680869376
299639270
894464497
296876301
814892593
522403628
653827166
922515938
828948639
134262964
653490435
143459659
125989377
763295040
91507188
379228240
894473124
427752254
871867483
695097157
43419941
301389916
220570714
819269803
881275699
922759737
648396656
806856113
768876054
93794220
667704836
877627711
312316558
337018249
554920314
952766628
473352619
147617748
549627331
304682471
193048559
164303151
755121048
314033817
437361906
996359819
87391329
605076480
435278773
117841723
21558977
651374893
886920228
287694940
718976134
563776090
360857038
813149026
668201889
618492433
291870311
897285554
209319388
708307610
674423513
704467441
612734846
961531555
8111805
535933329
889174674
653338071
910028557
357835136
785068278
438950250
688131267
963076661
327164085
808568729
887439696
330303239
243179469
232837279
168928153
98974911
144649953
746477131
79559813
417754178
212373854
180959284
887622236
600227656
181230914
118740500
780317688
793655630
164527053
387731862
145280800
601590102
51636861
358535175
650516103
356780479
466947671
19643111
547111320
726907469
935720598
365842000
113032967
111515677
592732646
63252213
131348876
216192413
899581689
196493781
194641751
882995252
986327486
727330496
797282497
166167428
582100137
471581378
466493777
950322548
30619105
693264272
379711084
751231614
113017911
66696927
202967392
226625837
205820352
110976224
310551695
974641745
623106167
126410509
762695801
162149298
233029846
358681474
701554647
952216851
202573384
626634220
935907068
100278406
193008566
391482848
50153486
767873117
768102491
138058299
529313564
914816670
634386113
622828532
865792248
765379027
38256616
109244187
94947102
349384101
1182
357892633
371032529
964509312
368122969
260490823
264233131
349434064
696925136
655911490
977023865
271428033
903149309
949294336
642041693
563585691
894672242
261929087
346920271
397299510
10858601
398079928
604407091
516694979
348208607
367094126
167017443
984228774
949422980
290470588
573839881
204360357
940782956
537999169
565203779
809086033
351832450
658040795
157872898
228268764
626136499
861961381
729159412
681069179
135910733
209402163
157242530
211657199
12529198
343947706
5791944
893010563
866001954
797424192
278856236
477507442
355143205
12024631
142018835
818053309
289285886
368499715
258264958
27474525
55814810
685731555
424829504
312127852
103015878
919462427
813564296
644804449
570518498
251902596
691521173
144076812
492297419
348386774
209078541
926716055
286450964
178841821
169793568
856679167
124898286
697766756
263358937
695278162
364820226
73807563
351719855
254827862
945929165
374146631
520929664
72681587
638368488
443902139
889564570
505689054
272460617
331385286
318892591
48999913
589747078
655687824
360319298
282355761
903165372
861452829
872629306
422167326
322914233
529028515
684747512
317696071
178085242
121955179
503142623
278160877
246186245
37856445
777485717
851402557
391754021
313530259
435090416
180031747
191042015
122772003
844949203
241104750
918622444
625102597
129376598
943729551
982378900
857552433
191162780
682935115
647132217
724790500
405770131
736852471
278448
12593891
394835444
988652500
533610506
680651226
229431885
779941225
263830598
209945902
214408724
911440258
392537219
644182376
812186189
621914348
249225450
953194156
914147942
337878199
526085026
237638614
314468463
901278366
216223153
631576049
216905780
668394438
256896489
852630805
198631006
84548374
363941732
869773659
399164108
293758980
431437928
412393344
419889294
512036252
674655837
42641331
876380903
454644583
58136146
814994398
510014536
961213937
874844962
422919632
567953414
461864524
530213536
410676894
451606972
603080718
894618764
674456441
265669412
118849654
972996159
696980139
502001308
54071407
779661896
283017831
604634846
777245249
150
749154535
813375811
978919450
95454886
630732276
2701375
732360669
353946638
892019569
793538125
793187956
597137471
294314737
692151707
138976035
293547451
238644813
357562621
118139211
114968268
147720070
960540049
454721728
734940528
413308397
83790895
861005559
86649577
961502383
268201513
313607429
807563240
422067759
925677387
517569920
641122502
784014806
725730423
249578466
243659796
169666783
912986333
192484131
716800642
671631610
374846160
475356663
562895119
775890565
11771476
961184900
736783975
267328745
922198646
774751638
170432261
172983608
809120211
875270021
924894866
370216355
783399790
337974170
675983398
951276163
255835900
125436041
951067167
475885796
696734694
585221149
340871205
753463657
262072986
439734118
219837964
299157253
70699103
807025338
212159220
404332696
650292562
673227729
493449587
957535980
708365456
721028758
228654743
446356585
347606905
340806255
188768069
547243681
128461577
320555073
425676814
620003097
882534552
454412876
720513199
409545095
406605652
799026554
783922623
870506339
798726106
403587249
39367101
106345594
710475018
221440295
423980236
279833288
598128360
992689698
362547895
901570612
101614088
380284289
338283845
301294487
812290684
870624542
578830894
683426477
769753855
207685227
64374747
873937346
86205216
971443567
357247017
22993314
913721339
153098343
883031526
577096359
980072519
251198997
782540916
378208042
137129362
851115364
27034874
281465961
659451500
270821767
891085584
283228364
45542545
333216440
113581439
780174629
157723859
578470110
641946108
744545896
317456299
494648953
83914324
522548243
280920557
986377238
371310671
197606981
320133589
477579084
868241553
607579886
572973197
558637051
12438
50151023
49135806
369453864
919892463
919125110
302181088
130618706
273931535
540160538
964455326
789153718
194088698
36418809
608330949
422706198
279075563
402918908
323403324
810861725
67489006
650061543
770472820
83394710
778413334
242810752
442506268
432555821
851793291
291993834
382576712
331919314
185251377
466298278
891973071
741912201
240963495
504942524
657468375
470015128
698736213
284738902
200714155
98834663
268033235
277747347
545555929
845873760
17327026
578538347
407522307
700809188
712255548
236505532
316422297
891056742
559223246
232513190
5622651
3687720
168901836
744610008
743178549
182498321
807094607
565551583
91915695
459308237
156262820
178580919
674629260
917138194
198193802
750025291
192226398
184760079
895000525
610223955
722876128
786301304
909242388
365900237
818246465
153577981
440507223
997660120
511505468
644040060
721634039
135375737
269888458
265653433
789780399
918168877
752007346
731689493
278974595
689481640
456696053
978212715
269877818
568512926
653451140
717400039
520092856
70714568
13044266
492531515
859493062
556171454
182484132
822736318
603234522
433683581
511177118
358969442
372598740
489441558
944456813
455245482
541408378
647622210
831618595
330851524
87594951
790323069
210425093
423886129
541284601
807547533
49422790
210600
993566055
118574298
761470393
546885784
75992951
885888202
539930687
271822298
462398474
49007357
141758680
215206277
2613
732933458
801652222
819059321
578165166
925365442
191168983
135747042
566801240
991421158
284044128
284219150
904158395
15807323
597774849
673973043
712712007
760843684
377351475
769231971
235178334
749869855
664623605
42114605
905772910
822820803
262720189
943135370
914826284
295035140
661413085
200891798
166563202
445035435
828623359
100036788
473411614
122594984
954181555
638016697
384453218
645252747
597261550
5221582
353040992
385188013
957829083
838670798
686865315
126729731
725059973
47000503
58959534
584261912
593174263
833785797
599904484
229700005
299821271
635069110
750835994
278736475
350127103
273824072
251541161
990958785
34173393
586146024
379403524
836938061
318560915
13088318
443472179
427283216
520057398
596488079
777744035
192278131
663332144
43049714
490620264
623202422
978965375
991860385
542443482
564310682
759389571
48240
473359061
361558270
950318041
587929484
781918443
162128135
455547247
934077970
622157681
131
545944471
857394777
103419354
110278823
796692142
852818646
831716020
936890718
524930209
537381469
792420790
447013215
954069795
153334858
230342557
133922974
858232623
854065599
647142092
28827798
557810373
921780965
963978077
362206766
507499128
84941574
734091176
530698225
45500235
514967467
34085011
711574729
238285391
69965877
934311637
409369004
89987360
863685168
289984856
645019494
505725817
530349670
465714353
990412624
454135446
790338263
450963740
193673873
402180521
460856621
907720832
508293142
679091829
7207008
793714430
788403165
282831494
755548860
921807236
613720526
126921699
196748333
617439242
685593386
452219488
624595404
57640102
96904573
421296863
780186730
438243295
185495061
539724970
240697723
488843158
974244846
996443210
930191781
548862623
454589945
126145837
554522976
662815645
534257155
398767961
669905522
26113019
834201366
137786159
531635731
106214094
425598823
93648797
786034843
442070939
458061201
105476399
782621588
331578734
136823125
208388807
679875235
241765782
879703508
957322081
495926955
272630700
551757970
80993925
125270824
527410836
637173375
739890751
528949712
751904315
711319364
88949256
856832956
613398278
169593812
289452736
442816740
679155604
380326311
921092816
543265554
7434336
764281047
756029990
223494891
234612737
629868820
519764391
272349789
149934552
818552353
563550355
565560150
767438391
252478789
837624054
92818266
482616134
977051986
69522250
771828652
228279902
431906806
754646101
454399137
970167196
919687662
51781237
778714661
883812701
51579105
42815326
436143325
55295668
976318801
914222801
471755868
127822717
801253982
169167820
83712258
385801561
864098620
538384998
342461654
111303868
516520808
460540959
764838797
194813839
855161016
801066303
377005714
306225258
790011905
454918304
899376069
496618449
473851924
777737906
802378989
261990423
550950481
474134213
696198868
986379243
787219028
532934513
738650788
875574720
624174681
862877325
615899862
179079147
347302058
978416691
687070279
910528177
935211410
161451880
925051998
115848244
962015469
503341244
951104642
225057450
792829409
221419844
204912752
803878819
336603778
258645880
157693076
359862104
692953162
526754460
121106126
954364186
810066176
353355858
311977740
782335590
855284304
45153659
758589776
317424639
478628862
197397020
350210544
259737535
612960683
581912355
191769540
334933324
363622673
847816537
553244726
613860295
472690464
196636337
917800245
399491444
569709028
688131267
83785663
77219394
806230938
402550458
368715719
482603433
3789
317515633
511448304
180715939
783903057
306056911
632267648
45336
378512082
201803459
786044093
95702331
530233627
992479653
265298323
36709399
520367716
149233797
867291166
126138257
440343036
187879262
388403033
321185357
899706747
843879317
284788545
470356089
930831083
734271665
740498923
208139149
85146112
606281275
712075513
510572820
230142812
56122189
123529040
595566621
375776184
288208360
881751075
300568292
636592617
558412207
340243625
666741293
341893662
460382720
155883545
170202780
808639665
745589676
791540010
278732580
2159
184591199
173497667
658247567
5577855
506563724
706148292
974168159
165577228
631156944
700949331
346090778
677382599
329106501
502780418
996378456
360459363
273889379
966413745
235620
624443882
520427400
97278979
941065986
49089305
914304694
853648401
206559404
545419020
141047318
532816711
367382754
131338114
149741285
667596346
786359833
898658107
924704144
679073983
962312244
950783046
160264988
302725032
950203015
3314
382507474
921638315
134392451
986497830
242236070
538756730
967844878
659431054
654633175
774059192
61313416
304544910
827774616
722209090
520173909
740040675
360226921
482975
415569452
237479481
84728274
857522821
610591988
724638009
339023111
203789677
212802597
629987159
30370751
365534438
299053645
300640264
693459729
379343352
151462891
171842514
959806496
437782566
778004666
712214472
137954704
794303521
162819036
661480081
212113376
116658700
574021830
453128451
540754437
536484580
761186024
17211112
796081802
659273546
735606659
828489739
21828
955727009
413128243
450026037
344573463
379318170
374147366
77487866
211512046
37911343
761156589
228402978
610006270
362319527
370772604
502614027
53861840
360036086
246106669
533198511
278253908
650957366
247925457
735901519
38733845
160307545
627282595
431680320
761627233
268799454
377863811
642696295
240903896
800588743
188674131
162191876
759836671
809031427
658870634
878866751
505585427
432313312
709515830
819863595
588735438
696663511
545262145
153829807
540480863
959422222
230275231
168466002
597188024
867565014
213975122
669582573
8279040
236111767
250867318
404095626
23487974
758234598
289957406
983274002
506682624
262168721
163544270
701448040
28323644
650377636
726942984
267789436
895583596
233956146
498191605
496127255
387434749
578277581
565218640
795912888
196708778
593346530
94031940
663729792
144945608
217245262
164317258
575128020
455921090
441727893
510793095
892533973
510275413
563004931
812482333
593092459
604633852
951729438
300538737
307994555
498729634
588752233
905909215
452720882
43505168
50747256
439410088
814184806
573525374
256927551
59215113
778716899
164435105
11
67030275
1703520
336910659
377695446
154
455809614
956381767
625759647
378101568
592010221
542739573
212642464
618373250
360979907
803238154
744450090
735180846
107668732
236773887
673973043
876808165
302322816
26627876
578368054
243112293
273241733
166385177
688778482
795389916
117311727
325082080
86394527
146883853
450094233
408235636
752420893
331321933
115501114
457441557
32303807
404639746
653267719
389996154
713527300
868364476
616592053
341325988
587903495
627121177
208313240
364973839
537453630
592556685
154420491
762023452
183074844
872235870
286966972
501414261
708619200
364013743
301325395
128073670
971472470
665841112
656256096
539612360
502972050
533637945
933219110
922420244
656289103
792274339
80413070
371250671
102159601
5146906
507353585
74238838
978021804
988961413
474991527
921011112
944556131
39984000
133367924
346665687
172310611
581657674
200756671
169838200
172685303
775373901
398549871
988602723
871855407
449522470
216136773
324092944
484017576
686867886
909122104
480060594
30192
274174734
877045873
660983086
339583918
833807765
1051
275179910
406935480
493233494
333264162
4431939
691531357
182351654
271320
59314616
192163899
767403987
200101803
436642633
356316004
663720157
490613274
400075060
784250885
224128177
723343478
214067328
988283954
652964495
259327060
893201042
789897500
396789429
194560599
602327074
66347612
574001936
606504150
537671879
741903669
777940548
518310917
377841924
161033250
408544840
88542532
778983685
933219110
176860697
148354058
102945480
400439008
647334092
217224322
880495203
360065568
886001315
850530819
805134339
874549715
767098677
387565843
450051671
467178354
977376885
574710743
462928411
501357794
106903280
329906045
970964468
727279749
896820569
783966104
63181022
413955360
128037754
976967472
410906784
871386135
523583919
724330937
990596492
109646022
300766135
98566840
231364118
847048852
405653055
936354362
829428230
113509787
546808474
99998435
450538737
978675599
593174117
43127989
941309936
10494466
437066549
137936160
308829607
833721412
680772239
967426978
765945173
638916399
420806844
312508457
793534002
742907566
355093370
799478209
537485518
907813395
882283898
861336997
482628110
957742945
419515492
405102180
341677392
102427224
762226437
21290515
811042139
886678359
918458012
913231131
154
721877
509300142
81416847
581337784
316266148
57172535
55017162
575024101
212092772
129510961
711162268
671814863
510096892
918397622
157669494
21271372
301665698
546437951
954382982
975704634
189021969
516553824
741899278
94357744
546595140
694405728
509185662
949392326
932984043
609981375
489887120
468467976
836882252
29536376
511074825
581789698
294177288
439289629
266470374
14671826
394821564
116426936
375794002
147177651
200334006
343670184
663238822
373437937
263012357
819539558
12
702189667
632511992
813879307
928536329
672981542
161733496
17209103
933465797
35982
825798399
139124008
851155002
30364604
564662695
293883618
413003009
161793784
176972372
462610929
102695999
170939138
473766028
978477359
695519954
608489236
963012537
581912339
522268350
957065535
734239049
896502440
181993292
342297058
205721675
238741615
968897813
771543443
941940769
270172804
645440682
314725485
684747512
214681970
57970338
717519118
357642017
283087290
561613997
405048311
192370157
941118340
733513439
675032317
759589871
260327379
565440214
486472428
465251970
912830510
83175028
437795334
109534266
698872443
217005523
968783245
344453906
500685870
342498038
390316208
135783790
819278746
268778547
880000472
761665531
832608464
334951599
89823479
265210765
469540233
235336431
31323081
577015135
700669586
18046479
849841705
964362166
89634773
783968021
416759750
200291444
463222848
632468360
655427506
301766133
408454704
996723815
798103749
680280096
969268910
746830584
385830291
828036574
663334824
659486081
521721832
126888882
535658630
35339781
229138468
321771133
281784702
391711552
968771057
677827793
260020883
461967501
684966555
891579709
805510378
892942899
667023764
727580075
525951830
337157580
886259482
777922278
356494846
53587840
689491560
737994381
701344224
968097000
930961750
190509762
928619301
832821056
55945119
509411824
230160330
97530079
701329181
975345764
398522624
940362858
819284656
161646665
804960853
828407856
71384545
521746476
676161594
403550734
784485412
5662331
140072994
419938183
191063003
300868451
975784606
670565901
610274697
552419650
211041768
844917944
418840290
702503514
27517991
396600520
8094247
408645060
16500547
293710340
618549816
117326964
237526585
537915931
939647373
334353069
3822255
384489425
466077407
928078305
552620080
903652309
980718497
705729151
487481348
367785772
260237167
528278060
867621169
24137598
405470033
835731574
261148718
20556237
440059936
529732203
558421196
987998022
322314252
720939637
298620836
680823573
512563647
752489908
213509207
987874773
708635486
769421509
844415734
308756292
134087679
76205908
347043109
797752279
78835365
181427372
605717051
80631215
42404163
810512470
685641347
479222118
170584501
611970660
119644641
355982952
253120131
24416892
769126433
309705630
672850567
519238590
121277140
710178141
680663243
295309811
443668042
88825208
386810116
995914354
785983668
601600289
343606004
793619508
529023305
614311587
289135712
197692428
742394897
390079460
628686658
716531521
173996550
346235079
509420393
92507512
193808686
481574183
866284782
316134277
871910535
435188261
950332901
715123242
29265908
964198308
767527873
58918147
143424518
298634479
22895217
248365367
104033100
36937609
914079726
766927316
485658285
313333916
547033238
398855894
682169447
748869255
595338204
457359675
537596864
486290630
297570703
741702147
953560285
108159612
391967913
277093471
923957266
793310337
732463716
944035354
863712061
741302206
829786761
618144307
310426486
138433779
995423905
203758020
38723623
260043311
907000580
614384516
345508015
580911025
614600117
525881702
249336304
187397741
19274112
315393082
655269864
896416909
251078717
657730267
739868089
198011304
343609608
900348548
832288439
951735470
168709067
865606766
358606477
475659500
630954490
601161929
622501976
300096636
588341973
687796001
388643034
273973732
958472805
621538551
844094333
688558312
861342785
981004416
319101767
803002691
573534961
434793429
352425016
736910546
109378464
111230485
151960545
125229964
664552768
389756496
986476194
633887846
271865275
688284290
66225322
158245539
972500518
667580473
981935908
995515912
452241468
258664515
106597576
76098854
617252468
587639690
109661702
960844902
134681528
66530069
942983027
845329511
360482884
844778879
456868728
398561281
252281773
158861805
346113021
493400919
589136818
559302306
417569735
263344764
424921316
573332470
524399534
713315450
174810110
555443663
694391361
151550835
784693571
179835068
883060396
20005527
741170695
568572461
250508238
225247884
508157266
688382251
764869561
149885736
437813196
879668120
636783242
94470781
565864455
515178879
879182505
822290672
116924420
441947
594834199
3144
533995191
769405627
271703737
632558264
932800247
945516129
906540734
603103892
332875438
503980782
79976996
23566812
752711776
175176065
123119784
183637886
779371159
98483334
968121657
241481621
176628418
310551121
616622694
455753653
87302235
894194268
138533219
340930984
997361093
979037311
207113904
52375582
344217458
254321779
407009144
280030357
625379360
411217207
184039850
736821044
861375503
252923027
150
747861134
224564085
43944145
155858394
990666279
621023926
686713165
740910100
153269459
837035619
452526071
932471344
300944314
8482248
48265387
170218170
460735726
443259247
923804859
343087271
773033743
411137049
954205580
463759847
1581946
798432504
428352739
763855270
290968372
113509296
530300696
22548843
558682085
763550332
642644477
3289136
153
913824624
162670779
353517552
360712586
10725120
386002663
540446147
419803015
460099709
428157579
613979472
315513197
623011154
74095405
749008460
327697337
740201604
9639732
436969580
444563175
229499239
640566698
821529356
210196643
624930101
874655930
30574717
887426649
989424719
952200252
127109318
384836234
17005323
291630405
742951507
745772398
491975020
229566350
931081544
75203906
177283392
341972388
813736920
150451251
868414206
202493577
314813906
504509250
227924665
913875621
115020271
313220135
416417639
229850639
448764479
531193651
950302426
780602853
546058167
507715806
655782103
216491507
157838298
379916388
439176859
626291563
344436722
623755998
911332592
410181104
972761675
756256713
859576351
449305505
673391949
619580897
108001630
475808170
742924612
198459046
975542079
431531900
542812205
859218092
2124698
909142952
964227494
32697832
698200431
986826780
888570252
846586366
723442934
100257522
420069568
496149088
800411317
770454367
240572437
73955707
639494411
244073683
608292590
542946826
156272353
836579189
418339310
76920566
240983909
436932105
358374729
694074465
412859614
549500712
426943679
263149656
917714234
585313417
549591135
221058072
704111109
200522336
230867538
899826724
718439105
988540601
625532409
942060477
5401411
196777660
583539123
323705649
971312095
146877504
342263354
597584118
838014657
391409364
230140023
581179032
121593038
966472180
880466893
314377058
826300777
877652630
904812614
864082191
401519026
883424262
734439316
602279405
688102659
764230126
722456520
593181288
5716546
558916826
890729187
704747387
221685677
558188124
665722107
53888367
263042615
899691296
606076166
866277018
28539218
837241937
489266476
375433095
480817656
217156970
630412171
675738449
7536217
536469732
640284480
357783674
493644
157219308
594365215
732834481
25901753
708131099
57417246
114186341
645049363
640285182
190938273
435454345
29595113
948015354
107336812
52266561
969405698
714269558
3533031
497371737
494966777
859082225
943059328
989008054
453117808
283809221
53642504
644472234
94228308
444954517
465503770
331291055
338409590
424726486
626637274
208271542
961169224
763316109
10252127
216772149
189928574
826801239
336936557
241934189
26878694
951550692
692440983
692433769
492531809
151300243
820771181
223287226
546479913
640818366
203869188
841429438
807694647
259000661
529893668
664167722
427026196
587017931
736836182
110111903
110220114
316436110
717803592
812050478
380392106
791276499
340148472
200649138
30806534
8639719
118873240
96034169
546920591
810325593
877731480
530035786
861544757
888878248
80783386
107587977
971953160
749268690
764608702
220054932
658663151
818196138
893811666
230514562
104244795
754892221
433547008
349419241
970628898
867060532
679925027
938969718
700578825
508758317
587369208
377932883
359650889
439191606
408378344
701346723
482216880
811257527
147237538
360323162
815922094
397116126
727090094
588813728
257182004
490082860
778343576
15183770
688447895
270357871
813214474
166872065
834973076
805370633
62702693
314633319
660190695
416759750
793528010
518789066
281587575
231107643
610943289
315149032
747682275
308656613
618483675
892105444
331965687
959617290
300544229
31155100
456782402
99429469
49418269
534109316
564427784
16937504
901673250
554603669
196037534
534540700
13141617
358934603
934027556
984140306
707778754
303064793
588508369
532919938
732838557
604309070
822994199
955048085
269406496
85850253
919188313
789184250
126605931
636262089
866531240
494726767
75418698
445991236
166574170
129143396
