736890885
878149420
766775901
430798505
165118473
711040257
560454923
546738822
9226946
312778501
36441459
771949987
883425073
367203742
449793840
228935281
798680889
749200280
522764581
566916279
621852219
852080262
716316266
594467188
532336334
553957303
566383392
681059971
981947880
535947623
369212201
539959586
458495533
580247471
839500064
92852011
285708412
907287410
881314866
407881844
551580216
216938061
942921457
659761239
689749619
555923740
481976656
332398375
336530858
111933087
320286204
160881625
576536205
934677780
616713852
129010404
249381066
52120729
706506599
879197645
816169066
166247394
772726014
952083654
692065507
743666710
835241841
180906334
64431602
935096467
150484480
257715110
392721507
489078809
291863882
109397670
412429130
437253087
900780375
144345446
566434767
979712308
341132169
997450068
239973053
44068785
806145823
244308342
381829324
970034411
452190992
881975969
483326461
878246445
824197377
695540662
397967798
852401655
726700803
943161874
78448540
195945813
719290230
944056344
563728836
333607784
274002576
536360132
649899365
500056126
962782335
930025454
703452365
480942312
794151983
600345297
566935741
799931074
597515562
881205484
154795357
504260752
98366819
1619025
906266027
986207879
303529139
530176483
451189087
828725567
277613144
606078552
280588174
864940386
911245979
833218938
350661364
317741246
530492964
615910473
78555414
351332483
66056203
772937238
893645901
610356934
958532209
824495745
451102541
9
744302689
226537210
228558469
514595254
373243983
185113368
725097494
971024893
334307391
345740677
145256682
4932544
460440363
848412145
751223888
755863205
971380101
415668892
474806410
401928109
859777255
223652227
982054849
462815616
819848970
675960286
845752235
921723639
203893296
558156989
695072172
186001759
82917772
623934900
378161955
981765918
390215132
437093175
473454625
697000540
372912918
844424553
826278661
792064225
881817818
468357100
956349073
573738147
680760621
409593439
918465240
711156203
920800684
11396757
930216478
716589052
761035671
737470417
730296636
684314419
975708535
553670448
397171445
716941434
778516915
806784028
289900391
134723499
829107146
412793193
153
687359533
402153812
865148062
828375989
133344841
886600163
266762518
95716297
678420693
484102100
60405032
612031194
287554992
840909576
418694873
450745441
540331257
987259917
88104374
693254064
464171457
142560023
452439115
13823727
172572468
374895423
498586301
796816533
150580503
365999885
402645444
193629587
267803825
841311230
294497443
465817299
749985611
47360141
381802160
986710510
327646993
616034456
765586588
933868289
962529186
215909681
471150050
752801167
565075360
621605247
521739371
919904669
296801658
293816795
347179167
786966711
520078256
454028122
907526381
500560376
983953778
899083833
952771694
190784140
441450917
659438919
305884709
894226218
163245977
832507603
554970167
324191201
158287250
616118093
388268726
992984338
51721427
743179635
994631664
943799964
543830428
795644217
333691112
901789130
620761971
535361943
626035301
271516847
357155951
872662279
701063498
121180784
370916686
104630306
675934526
515547469
525502184
515477271
520982574
679087143
71393265
681271185
248361862
18824544
451179078
114148938
907552357
385473706
880236547
154652820
166456133
489350064
522655138
131521012
533138584
509171806
51933977
604123062
306393178
360070343
127435239
772942659
73595066
323138176
383978066
960696424
329663330
442753203
768871092
964300154
861454874
90224109
559053880
861212934
166410510
905053222
477648351
833222123
265095140
436894625
97588274
884883729
648615476
790018124
984073446
2555163
162327468
589875615
224981339
873007812
540990508
986679021
964211342
733700676
63519332
31033996
489412102
385744505
827758808
279800188
882915051
977785606
232364584
294890845
95318102
113994892
897974964
411662269
675945783
601896349
664846987
841834750
992433452
913130459
975689734
616594680
137889356
836248860
918874885
770686685
2759105
377947518
744646541
164306587
805937486
184786374
800583987
805323923
765814497
926671974
924302799
361677174
311705446
13871306
525139534
516565618
173720113
142096431
513408496
798349589
164654372
44906575
803077760
451735621
750445471
574582589
346113799
400184252
733362915
654589361
532323828
924122937
253030912
464054825
685178635
279216787
50554145
117560944
515731027
60969251
141633442
94177479
180275170
802147526
275908061
469020201
982544121
632761338
263271011
353943767
975845098
221537893
125418016
509941617
800885779
909814535
496486747
352643476
810909711
253078797
410081762
565313636
494366090
167947993
985366602
24464791
58086496
463568680
714874696
391777127
223889098
72945306
309653180
727819835
350739424
355275752
492733374
241487038
301991790
509541354
2262089
634560632
816127883
179868584
179634436
504035169
299041165
505799708
331731415
947204961
708308530
329579696
335268602
898052593
647874087
676167794
614740755
957759369
592016559
643431318
657004487
921255710
170525164
433931785
625033304
890233719
487192491
380394382
198315891
402027688
348482448
392113672
884591780
213231680
14432828
38325049
768460927
618961090
446996560
513024197
477039050
682080983
50200439
762604156
574908636
357150023
409519894
262534354
595564505
783684709
183808838
296624113
730863376
906773398
747496751
822249714
984504609
976113239
863224353
118785851
862473684
554071071
257954240
958378444
132486766
581375566
267780847
18416
756932285
121700400
94459093
378137971
277245145
966790396
685030305
691836174
538507050
162930081
818961514
74258321
531971901
853897868
661573493
928310411
599505105
858159440
343357449
80745360
659426595
656503167
881930074
197442130
696006027
144354858
425112875
263618488
367706973
51882972
947713721
93226534
440830753
381734896
858050455
308265844
475535745
752863772
111845239
951298005
269298883
300295555
686390503
289125212
99916120
29476012
245804155
984695215
584381510
728272141
286119655
552122845
207635773
88161256
440213520
95405673
38700
935874262
462098771
993037517
800123315
847613320
231989062
391535478
768327569
532943449
824183586
899175400
231419415
54330627
278333337
155980750
652168963
264005931
564093728
194357389
802895306
987502392
975665469
897807523
475401129
315250992
839737702
902641444
901059898
253566304
401093932
314739124
598044863
246788827
976569418
748077492
973895880
33285104
6655786
287925145
81710937
637507433
958807466
625967766
165082760
800415416
392906673
144734742
501810778
96971160
405626651
802031990
894798696
878781762
383423180
214929344
768019364
518554862
399027209
126430766
118444846
104929745
186350335
595706518
724160777
195692139
624185358
729243624
130247756
251442598
544801826
419780679
283483580
485314800
655467954
235724974
522074728
421123475
795234736
992972481
60634816
336750702
367115273
121927524
812699306
227382424
171881772
783669953
572880276
526181015
963253169
318553934
510954424
430809071
847401835
869278783
309408259
726551622
98847787
414586187
44505024
48926909
74003378
937823749
560378427
184032688
286600733
386682625
412992068
769954951
348348190
344209027
411141007
178542472
133927431
394371318
405042810
396349959
375937991
806288639
730103476
17037579
654906218
306677839
193219377
838287749
120849362
774079116
938349463
187072278
109002841
71302165
185746476
394977602
409029777
632936016
186187020
557365684
451485293
668025935
776487801
48866948
793274263
785107696
284476534
292215312
470470663
909206989
106867436
198442875
31644283
573117314
866599567
66274650
191236033
481928209
709436635
570984098
162758208
499217821
768567858
675494948
513032349
429388409
471984084
517393331
18074637
711480519
363726830
118061035
928088336
431891619
742366795
565377752
6774358
493278341
762323861
99704623
421099647
509482892
184783131
180696965
487978206
145714397
327646993
921951986
614368455
482049038
909726938
208948274
318311601
492264445
355026839
13565373
422198002
203391966
943612374
532324971
21699847
772918889
392636122
564011167
137514286
414530190
289003527
349853870
683723063
821970424
853679746
368728146
589461519
436427990
822148093
857218205
969219149
160727165
378471847
72448165
520990876
4990067
993858181
534752457
405869865
439526922
514657779
909605602
296229802
568297453
757266851
764246221
82995666
643710462
256657015
978235055
240268453
833691280
500514929
404638146
384042520
903596644
813150022
921450156
359150225
498912901
146516118
700584195
22012141
733132937
478102077
403505319
227934491
904142492
456212305
581544917
593041238
552532966
875019937
445243662
244835989
439856105
724115988
427129903
603474388
579327049
2659774
664744592
872168363
693039963
53109527
751618945
261398540
203876257
374379216
746785305
461584449
992896910
798808572
846718961
269163954
436632814
463416709
711725390
459115260
237367151
538563075
800220832
592305604
629089277
382534293
512196911
663501901
216541020
685731139
230062269
194447057
240136432
918717288
759089565
843155589
919634058
255901002
136928977
27267228
646623127
977690205
201177046
994233490
165867643
987612346
175690870
535353992
970917891
374890202
168409894
926479976
629048511
233790772
494096572
86131197
553830085
160457288
628422725
472519375
488971256
190007950
110724266
165572320
860406700
900503509
158682313
715394687
732766905
44089197
845047151
858471898
261465976
844992427
256177719
751113057
897502639
576458398
521779027
681188331
804593448
944120574
481960581
146238224
389561642
195871467
47823646
964195108
559496077
935292789
209829400
388748849
471618838
669101602
447579644
196678540
763884982
897502682
498985108
170043620
789477060
55841795
925502687
542133460
603105088
282707130
113849931
703433919
137065069
590111943
243132958
122651792
831675123
499062671
352230339
867305280
619689896
274960321
700105943
459041977
720073092
674592292
427055831
32895848
1087293
457260001
881713129
343851311
173052930
343568597
705298580
484169497
457800174
382537360
690100656
701021886
936155892
483194743
186747506
750695644
521212214
5399822
983581314
498407791
807450932
98279931
417323290
139551198
913449130
358826140
809826927
175690870
12630779
936317897
12793601
39696023
313432486
924867122
664099088
960711196
327715196
479225801
217166355
408157191
520757448
594541747
821262273
668099609
164621060
356325166
178231097
952189489
934076404
786870486
724885068
577718800
767484072
931251579
772524831
267660782
110117136
967524461
267759016
776479057
175210381
380945464
777193425
373651926
368181253
953636433
87812302
961677880
73735810
709255077
711667783
877420654
155091138
705515656
682016844
408284587
416562821
539226132
322257996
635936506
563011507
786704242
5888689
504775512
833203248
840596628
818694730
954622716
74870394
528964120
934995096
638508682
640313644
310185692
290630
526936599
550213449
307036290
102471481
499773301
31212147
328341211
210636193
379532720
685907234
894296955
777085565
874733525
202472572
555979220
675139683
702955123
645631418
856990068
177778781
442336961
442005616
887535982
483306791
675223750
266977365
546115115
140619742
575242304
279097040
201848596
944842204
807146296
489640879
207093080
215865945
617989529
764720444
236544909
6929165
365394778
294194748
556878197
858881438
170989771
61315342
546853269
896481062
307492572
606592434
532601311
915521699
756510088
423629831
854668614
910632747
61898571
884092617
606380136
710314349
9655193
595784
870143810
799682560
664947089
84521453
497293770
184281052
764472259
453274262
309114683
742188418
77144183
882259786
408641406
773561085
53616779
503148488
765073710
568367924
284406564
440976389
568862156
561163759
182374916
213437895
709488932
714404456
387508467
9584
210740877
442237323
88434529
706807665
665045345
801978062
622800422
384014301
824589918
964197000
329522338
44866481
50476780
694651309
386107284
947672013
82973345
644458196
167960213
714762086
378669682
221150538
720690249
609900486
337829290
850243845
305600191
924279167
488962888
911903567
22495089
237808530
424814901
842490429
146715719
547255060
539747783
314309158
783267096
446057693
424915290
959500633
216156613
189603900
503742677
302961137
177060309
40729556
707981038
864738775
221845519
814512359
22360910
372917560
790137072
37
549264140
28660556
336565838
268356435
390335120
895642452
735267564
692150609
836396452
444654244
271041749
585224785
421115129
140440649
733031266
638743724
645020667
598469842
304124794
344229307
354606691
914730611
310536445
160780965
683784624
930545185
848580020
939589261
542150887
692785541
31443574
968185934
101814728
463573433
926258604
8
417457778
17040
486453618
387380924
380804435
481443803
529917196
180189049
251237477
678128661
431828535
928387956
913351011
634911481
842565028
896004617
917083986
61900565
44935511
804145053
302390096
616127047
212390234
966132531
2348
484687528
758131507
622257821
80617882
89923876
19891166
967437919
15119273
41445135
696710713
295113219
682386862
534741994
527741680
676512372
796502214
143953187
722208218
327877345
204607150
818393875
887869440
41872026
166499343
602489170
515871175
921785689
648123542
830370761
952978694
482322058
474448413
729010945
285305625
192459985
656036299
601720401
559557094
617658588
989611445
341572843
81776348
512531916
224396577
190633394
817940906
202878132
198643804
92646035
363731539
278539994
235088646
326954849
385151872
685978310
915146517
344480730
708585083
270195694
851816337
445161975
879935305
838704971
55703008
816481156
676163096
26821656
48398319
390576441
847876824
842381508
562512515
81757927
22627034
545143244
191629053
82939388
759747829
828098223
524669726
155022005
620424600
481385205
448569921
784094229
35593881
949428393
978615121
947958916
428887383
442111242
55876669
383397634
909316696
113154271
318486042
473279598
557981091
963203039
371845901
194931896
620586155
751622921
676582606
719124834
311813364
220161380
337511280
121401022
453253552
300709397
168651449
652666767
366918241
369896335
120362599
445728439
803266416
127175246
806753061
823244732
959393749
414571846
24035640
124451364
996841243
53680328
593198885
509344847
501319789
1950
442897703
839184061
984617625
9
150114193
133221928
176848066
246359690
959087618
385373175
300816661
538894386
305268418
655029495
119722191
498239865
826152531
408318366
270028512
728913618
980736763
475545575
164293197
664559694
19107392
851080397
251099788
877947394
504689885
548993352
237327063
236108631
689666329
730176078
57522787
302427491
230198310
297639007
175117034
797505334
328608676
788772424
84833384
694872030
225652904
901085475
338611982
828376722
298559984
887944061
228614952
497555877
71871510
464000452
399085657
218056148
342476802
979859162
49582841
551816550
93826948
406589400
512966754
407580118
55641441
335796859
70921375
503823319
188519136
360907002
205459427
407190961
310173372
131747902
182728812
346539758
762424315
292328562
284547627
664506023
312761521
497693313
196338499
157277064
356745726
382400290
503503886
25627565
770191302
461792112
256816389
75775254
184780529
814715228
149660750
293428698
764871023
105161894
993058384
962832071
875927125
542586356
148309551
922716650
89211297
611879395
158181908
302526858
376118856
541345737
572315707
235592113
429453008
725244861
895238514
822029009
804339341
891126406
622115476
92319966
674865029
914969151
816484118
310755358
407104235
530558870
45525770
9595824
958463434
953854103
40492479
259760961
645720391
789603786
469965132
764026486
162683736
672490458
835040600
403717281
550398775
228232680
244218761
255735272
361424630
556117420
784656361
567625207
60573667
277017645
887064178
471674428
802531999
712877815
793395556
588424345
500621820
565155863
557198385
289441652
659335690
567151390
529709484
183140162
90197816
682341550
478058670
493472721
56363816
236569563
153754111
487612736
526103124
683815451
875623448
417263476
319093997
68645879
880573169
727716752
382701601
95069172
849820370
48143333
503056347
270325381
333849467
817682807
810187138
2547460
110469839
54274838
205055879
286483329
335716047
426217685
977863694
554759785
274140101
423416483
367186528
939204357
131055104
516358361
973593872
599146186
835445238
482226444
189363426
217151241
139030184
54249694
17315678
603860346
344603077
994157809
324481925
508531442
223089682
213092295
76384370
825535910
142934343
913127513
831865018
28885266
869923261
294076589
651170962
313737648
570788217
176256885
696031398
756280936
179914782
948944268
188554412
625317866
760970226
441420893
402952683
170172447
107098649
911183421
765890105
7675632
165568657
210476200
105774852
640568564
946192484
539937779
927154763
315286777
540451299
362199702
280390298
443117618
201498979
218972374
494673438
389759292
875046147
727253230
700522897
402002015
713761125
401009523
180539849
586097083
70137457
523054990
145940845
626503851
288441129
942176103
72923701
528673434
195775862
552058340
794783424
931582567
64377707
15537030
377807649
169099529
400765216
533190967
877806762
764166141
366228789
175590026
89720232
598644941
157889238
827953954
87021658
48480700
779945722
451757596
64240852
922396102
818130380
787265332
50078988
146442084
565886001
49342275
767509656
145504145
341014707
392977404
238683397
921425890
454087518
837573472
842567683
496622804
929598344
204343503
645985786
462844382
476914094
405208958
810205946
151601533
5743659
843147589
996666089
284932939
31324219
202838190
583247726
250721087
888750624
990635335
304764770
234565037
891256990
521941801
418496685
344317808
899528884
659041698
186439835
237849551
793991701
801887114
677544093
6691440
753595974
521036448
736520774
69638518
94614144
224882778
334281367
483098563
65662196
226804348
595680190
53192562
216887689
568795519
881047489
594797391
503215294
6953124
627597972
105600517
809888648
700131545
608845137
567990179
813374101
33556650
428724792
20749646
563359031
800996799
541208908
133071960
58477730
232115552
609207215
795062331
979485198
429046267
660165610
915596677
991309592
47778129
186494114
276675620
525843504
979172679
115182673
233922838
434865039
313223466
550739844
570280794
702734838
92737462
134155114
890154982
641683606
240797302
830168867
875819442
205640527
348829991
976892543
989933376
625206270
27774108
470527552
780452735
739241838
4660542
732325826
142294078
206922920
253878904
304990875
873603743
550468667
327860730
184394840
500260221
77008658
756044352
603429777
255327501
798606395
957292670
208423145
579901099
994679008
401409445
36327114
998124990
542797394
622563975
481631911
24797899
523098286
389194624
419447177
281872693
100742395
796444967
592175303
288145467
115647199
68972950
110447091
400673923
751690089
865125387
196228027
468576339
567655112
647365285
287337735
334978800
907261324
737895315
330600270
923551009
704764056
759145135
120233062
313150215
546618643
818457529
683986757
655337016
901032010
580288139
635174321
506929852
189268109
538114823
977006397
37722925
768455423
705780653
587294846
299000882
575457360
310987900
249288
313077125
270751117
519588371
417633687
785919128
442853841
980056171
575229445
861596741
21610117
536762343
534964221
61052173
750556045
702618174
31387106
293041551
64912184
186040816
698198133
614561624
405216570
195063259
201198994
87382145
132688893
865733733
597001766
270035537
502833422
301161730
451474505
912639824
720936550
37208409
144413185
698589675
981025774
187941649
751618945
900305692
766278939
267258092
572008384
416161833
769530879
512207394
364580511
947231572
697781504
635577803
345595545
710038411
306283469
308129471
774024078
169479828
528798650
208892783
756061381
930590213
812031352
4558032
944749427
181149508
808049385
673051163
487514256
748416808
489987155
571391306
443794125
238233475
215959943
904630756
213992222
322215047
664998495
434731759
125319096
860679563
615303644
306781243
953667438
337551210
973902794
728953175
547235211
741194744
288062697
309161694
114
798742636
882591809
215958406
643904850
819790568
811389803
610202795
804168126
35762447
932022117
923219743
159396719
892414257
18074659
643201363
501990268
165128584
538354222
733382560
844211195
847910958
324234944
448708454
679664780
376245676
957203051
967289713
254624552
256297770
604657804
988887700
134875097
409985410
739088401
287993427
598805827
579410044
978175061
321233598
231830723
425359939
403977126
653332627
735020478
284126869
647925671
797263928
842549009
345781586
802347328
55121579
435721791
78163901
651597734
622009725
123840603
129716530
653615891
124669523
779081177
395669394
441605623
279543509
176611848
851728921
26022216
406898071
177696348
258311430
796657761
117002981
154778048
483550964
25912743
523643736
211380
447897050
267217419
780325918
539167654
887555650
308482144
312012594
154912753
840655787
61139988
947902596
981212564
991912645
800413414
852946982
238643451
991237384
882276140
643497631
544919075
490180896
358318983
592733445
622235724
950346826
453142523
99512661
405053627
264691854
166180550
721774032
644595236
945078447
104014947
741708327
877270610
836014143
775278746
754033633
241643644
865536374
834242715
187989176
977408990
93662577
803004164
658043821
720811890
610551432
195285021
374002215
231640917
177611386
659827807
809463991
489978812
323844347
449263038
922139816
456392400
384237116
582757330
83836057
948508687
16202827
127936236
254380239
732858392
30710316
3350502
35575020
85897827
941644755
814434732
339556579
143129791
294668904
590295618
904803930
978860454
933576035
616082803
823110958
392949721
674227605
584170230
517131651
852125262
66042782
991244718
378356517
12816563
872095510
248917064
330850384
762034381
789438749
362063985
703157120
761081682
919229103
514414867
942261225
657380868
441834849
897027279
589805107
640421477
949379538
613923483
112001758
723126635
309984315
380904351
849378879
108498916
142556005
546700577
157027180
601598189
790954159
355216610
239931469
486071009
735552829
236563903
139835127
473869814
490995769
318967932
910236572
852158260
839179572
392307338
757413858
609481825
673668207
435560385
384589007
155376901
941973771
287078396
381594282
761468894
441549099
352647162
880622138
781429508
745426923
439501900
34427300
743233193
625182100
211321917
189195898
399311202
255908968
440304531
782007284
913781499
496424022
204116353
32145168
293421900
142973276
637019148
298634464
18749311
180631753
124813754
89051480
815195908
574871370
832571594
196987638
957828962
708750042
188097555
474831689
781357142
935146391
618623218
772855649
723672181
124563288
954260950
524829370
288455322
16907646
558980935
844779962
778332740
266484051
71013989
220129867
19319209
522094232
874634381
475055259
837492869
210784147
620622804
699271084
510947737
669438098
207689054
993719500
794646674
680278731
462855554
554361263
788817026
277804821
870034571
154234808
344705166
246589875
543327326
711046367
545336792
141706907
81150679
649556451
548475214
482524502
56729580
54526477
342367559
456417211
145404668
537369076
821560477
995720445
247906886
967082753
981199540
922991764
771039483
914980907
741391955
577770502
720211229
183145046
409833184
117287387
268974369
44639770
469041675
644986815
721646000
727819144
789707909
681161450
640669157
792571750
262451566
514696357
393170426
488971256
668990384
957013071
356990505
262474495
357558277
354645024
540940036
639635287
980772031
104666835
280168903
165887009
105026043
502012994
764093040
33315490
718427217
87032380
707417007
303714286
455400032
532822644
856529352
333456263
979501706
528332756
242356688
128689779
597285197
822974591
813342298
638390411
841218476
250636565
896880584
158281405
173599955
428849769
694806243
563871890
280695144
425711908
612739685
865745437
386778206
680243980
257951456
387880483
940018109
712840945
353215795
20823994
855590604
874116782
41824810
687174325
574463301
768448946
647412931
683940730
498560370
311921988
529545241
554024724
366970537
142543766
44636126
209291202
517639303
659768837
27296
914064478
42410173
742183748
60966605
281216721
826587979
792198640
268583857
141546206
91606905
949034240
255168499
967497857
801558658
791005710
34088294
327695310
68985703
542807556
124376996
868690784
368023006
213636115
29688303
611553486
637706181
723738936
590570885
937147973
503395081
355266358
287312817
188866225
973991134
424904129
103366542
363164450
71903163
263488812
664084688
82929997
207968877
49692792
931909693
987778962
686003287
89303257
22980072
166502321
250937938
570401877
75614187
806989474
337727015
698344963
146853697
632537847
645767476
519094747
757972703
869265413
927481957
285672155
590732095
55482648
567323982
139777846
967341480
442147241
7634997
43324205
114516870
716645977
332697834
445612186
819638008
62266936
458486778
256803132
62162771
26919645
39508224
269472542
370153353
974525009
149839829
449735062
459159415
835336870
914126708
72531471
913192259
706128357
968510643
281273272
772926215
898129118
889040569
373403832
447174989
972717339
393307495
678673403
368135693
328666120
250881547
950358455
5181027
735193051
453055280
895572551
982590811
729757369
163630824
823805359
949673424
660163503
156033786
424170579
805783719
819154766
331571261
248349287
212817006
936691962
908428181
758437415
963661527
378893430
844351881
185203324
139000768
98811748
930674373
694175049
498909560
522648239
683806576
276698905
875623019
51983622
484092207
619829254
399490434
260411247
529613555
281553949
637905717
370173114
696559402
105788495
753898880
250301527
602779368
977065794
201525298
31390410
624141065
407027373
266024792
345773486
311650565
108554934
146204524
586406560
519734219
43071179
989090677
67823672
196062799
58020310
844708299
526754654
17274251
395576653
627540058
345858321
498812490
203968693
268950675
279820032
298723551
598415980
966698133
232043551
309886155
12716209
271801509
33039693
878842631
417111970
930173689
163331038
275013020
490491781
966387237
805443516
751867062
54267486
166029049
686723029
875988218
188603655
161209336
288196050
859028169
272329182
372205333
92509062
726825724
45182570
732781786
866967692
250351087
303048601
189156819
700797381
663947268
473818990
226249767
662833820
156616547
339598183
510883631
539712537
784494682
790570596
981622969
180648577
667951439
784365516
575191886
44798876
476651853
457817804
108167164
787908286
855792770
385360925
348639322
482926233
8929624
805507829
669983585
484614974
133224851
600766736
185583681
98755194
286145946
87638943
638939678
185730633
862116763
75010263
759630719
522989626
535740809
199078938
257072245
9773755
305109897
199989152
486659384
916405065
394457785
675612346
785392373
196978772
414150514
968038610
192414879
876597748
611317838
16689519
742833558
301844300
989690823
161422516
578222115
205859724
220335140
767894444
369695060
916799580
422509376
205686697
61167576
739108974
469409970
96716569
957736177
416052615
769194675
421730412
211807518
495791980
655678176
357928552
909435073
663706910
160659795
293246036
247582932
28228233
313484385
250716323
226782256
107823665
356909104
634729434
183083772
938892858
765669385
819351117
383461488
812645662
574116670
209605667
101551313
950147444
60737000
367735668
909769597
922180276
797265580
62760681
829213322
808413026
131953606
225677605
794754848
657812848
378451538
856463860
416837770
265095334
703719739
1656
990555953
586224780
563909484
9686039
244754448
856283723
599840786
495826878
416431875
691743182
278593936
369644087
385662132
631079529
20932475
886708706
255293163
562760773
207977319
8462849
342004662
544810926
535409547
70819471
94493931
858177381
406206162
417920846
436262661
453966608
745605736
411370856
699389042
655977720
317645733
421078894
804344777
910013328
983906973
929265214
935863695
791884780
328594431
717451444
347339850
496849927
742301188
859055963
584581286
259737096
512631991
668446262
166286167
516705967
7779050
209142883
679511851
596683641
594646337
154725552
230625325
772362890
723756076
39150
628785229
293011022
127842576
463923061
147860076
487634672
487531348
202140292
975945024
771348113
858692919
262230427
147064355
573002301
538429204
129433530
729769887
3076846
905078166
94052735
668748999
374692457
174380226
637168520
298584416
746419916
676996500
602209274
409573499
24005474
287312817
498998281
693929326
390292849
180107163
90553586
917206819
494065807
944389761
61755972
32127224
73929586
574621145
32932037
726501632
486131676
28322876
52066062
477681710
492366995
647960546
858764803
638800157
350694232
960300553
25054179
580153181
480565429
661452456
592952417
347159779
348150770
789893267
311315223
824282226
905228276
493369692
239883067
214331475
318917008
69515538
604057368
340533702
171292649
77888515
517007147
636770853
413560662
174008608
607681179
624276342
311477068
640648781
297961364
211472520
671781685
493740267
916395285
578388861
376932280
711337538
39521069
754982767
660107268
9
917878636
2549880
469557747
723338809
229277721
222072152
356502372
637539930
718858904
605595795
651408728
295051747
972556733
329034266
296153082
877223685
204524686
764268081
538181909
19872146
765222316
163005000
638862019
720311824
118473743
283119298
523550012
317448860
684110863
745696838
559389624
808565070
827483773
767674267
949875161
745898886
978517383
441296529
674308977
687544002
4846068
994116538
510090085
558088942
533801601
903565674
848031338
16098340
814160269
112569891
881448728
273820503
641573718
10914573
84620163
193494962
849518492
55426551
176258587
691835145
733363578
182985443
210519224
250755086
500371590
193471580
322979120
207861840
227529217
158017845
373493204
647039439
875385742
35105068
446912781
104515538
38215317
434775190
1263
344939098
894289241
895776123
75151835
514053210
559082636
141545014
780533593
338156311
469867395
624596567
763324104
601068981
297242490
372198812
371385157
825526660
740719504
361910935
527153512
807666275
141250254
995086218
981255642
502352264
37613387
505719871
143549639
432693214
380654052
655705421
531772191
724933256
402876724
838904237
257066687
476968321
651226886
412815009
450903034
489555847
881320525
160662739
748286269
575141322
108078834
148284023
898795153
698726852
290016454
85411227
93
981006022
457378123
804569959
63047838
300457153
737549226
691219562
806923959
725713892
196035972
757336539
508889422
147934435
388832426
277280675
488285542
432391099
311568879
834351921
19528866
664936802
854291738
397095767
104075479
558502937
319620781
204348369
140810650
58773428
54759173
615895871
558337730
492297479
779463292
760533242
543061146
292040498
899832409
667241208
780753132
329029182
121947139
227204429
578108644
551049994
222583200
694862577
984444807
482338330
369003616
404243924
689049599
701066608
537167135
196200765
775332561
81872062
282353451
69721371
339551470
928677360
132965957
566982749
885148478
515305538
67974382
535615567
327453424
662567401
143506350
897971004
431748658
317360845
793078373
765429971
549922592
417104740
214002872
746075250
734993232
117979935
937111548
558399996
796048537
717928816
409548577
767241151
113206618
88452174
379323332
884982431
744430488
775990488
618105416
58744720
916123374
6678022
929098798
969693954
288125249
245846158
855475731
394777472
792676099
624746938
510799544
873036053
592322623
784076839
748587869
52500960
74836499
463382142
887900928
34803871
767608995
502113188
731495329
220071252
277418323
992217599
896084759
938027687
845115806
420829936
618585078
748917841
356624629
360507291
379978722
516945843
575416624
108708672
869715128
223882029
303905996
79687770
912517776
862319024
777858805
393696405
690645998
726226631
566065056
682772079
374284687
958554413
260742045
810029203
539124803
282818468
704960519
581896232
638544979
562127497
541941539
19425836
925380857
962827002
513242298
673864165
251531050
427191000
867392656
298398629
801543656
819875752
529943303
121580363
248763854
78903684
253412323
364412183
65192503
864411946
321813434
188614759
634702972
438247727
250805699
324979651
809250473
792141988
513894556
641957181
671119967
386116083
101922006
780992650
526510076
951689279
62219732
577214231
181264419
182787017
156986308
742898786
589723753
786603850
504189488
367134863
354282189
590115933
716733805
306187953
796633753
237576497
805233593
307865939
458239280
369415664
912449472
158660256
855592011
855582556
421826667
840593079
130370137
588938852
460608384
140634722
774711957
401978384
620276513
301888089
250059761
817799450
665138213
641915844
783615604
979585520
520011782
668953528
814647421
491382780
33270344
739103182
380475606
720738071
370848385
62715600
331342105
457486187
851843138
492724435
282263354
651819349
416444867
452401528
486992680
785822182
615273780
364112892
753086554
893032570
923484507
951352096
274175775
134143547
520275761
117604424
11933442
775126329
175607435
328336281
385028805
13850810
662361674
859450437
885889148
594869567
168221947
734469897
217242367
493248641
739016277
947876335
66750105
301835540
98684632
281773258
259666292
397958062
895741106
324621375
901495291
28649990
311668557
331766190
23318257
517700370
219292669
939677462
960502898
563772720
430564146
788996017
755894994
199010616
752017714
797008080
615335529
924450194
426555416
193675418
496510508
73477262
914350244
738348997
80606321
415172766
522220323
202991664
623585415
730475522
935305521
494953180
531188163
908001716
170346537
619055963
463742064
817542863
245397886
270813486
563552559
435465302
797074861
672682687
868980582
894569850
727078133
15504240
943976713
519308568
473320813
831140417
735281556
494270068
269943772
880600852
437137145
514745370
383137755
323628805
166996170
718574711
5
253346580
563509643
748457565
134288918
409378991
953453234
945709868
51144724
546987872
435532813
913826983
704263067
472400343
503858906
923711861
264608089
609180055
875658469
131596724
287244848
249935007
957668380
448259009
927532802
574259865
558520739
377933392
229762258
219384770
302447182
724325676
478283250
508362751
973180347
401183829
290072902
13591156
776797209
754192968
90758729
491763707
840377971
506489564
673552393
285352092
391507883
513237834
377223679
97386383
699352057
532989815
712610997
897717312
707517682
600456634
706714941
1678770
670772965
47066609
282873297
726952901
849684091
811499621
928840874
895032280
807279052
383120511
441804088
14071936
405037390
256309996
437577236
328928674
383487440
953348716
598765460
698523381
265952749
144837167
493078421
193977610
276840813
484691135
11685175
853583365
823041791
458238302
415112347
816170270
729551515
891913099
106191344
917360347
936622162
261211835
817682688
64408008
591880212
181427291
560513595
200626227
275794595
494757469
863620678
940177212
497782015
403048894
761517552
778112127
635652706
825087664
659927512
788023068
481909309
756007553
537789520
608347493
842237349
773959367
24292933
14741525
805656535
528488020
468815038
485469290
214976596
147291053
710139581
616341495
894754719
391298520
426449334
80281928
129618854
756007092
877285168
549659865
320696715
444656302
295858673
465092384
625030147
457920354
912862300
583525382
144436964
83468132
926122305
87200080
44383808
516164293
798451516
546482923
889035846
656042187
981949701
820857949
292648057
799555573
535627252
617268085
185204800
600938585
369007733
266716642
287970569
238500799
973122551
945812269
674246974
930409804
455706786
66546628
498401980
767630828
236053119
47829671
597035858
258514508
81018969
592478653
694638743
954746866
484842141
821842556
847354858
859100683
18437914
75836378
985828225
516788832
778026175
897519676
124366575
16480515
305202893
20428206
323737189
266270730
646979370
399143231
122292731
933722893
385790943
326427569
636117995
401677020
187097892
751996527
53213099
731066308
461673964
383753583
608566418
210654134
348707658
132600487
232363048
181559469
98827969
637421504
246978825
423351128
440409273
536024275
134722469
636430387
862496376
912776870
224189642
70156361
231955216
175577274
698091484
457001432
957953591
228074027
842669320
295539071
457835557
942930344
750756177
746297658
275749061
970651191
456136525
32932037
289909652
631244020
614838860
395100748
116641306
939280579
100908533
162201693
24449274
728892140
160984971
931760426
950115779
559152073
401073038
957121381
494701623
527177722
44749927
901473490
974062122
585743625
640867600
480598044
425705021
444679822
791061814
548131306
850198054
466625236
365284095
443236863
836385932
824322595
161458138
12275929
118552847
390153723
318664432
818678729
989289720
503773598
445277456
431454318
2432927
878220382
18769361
720294165
616472008
367845003
184979143
707865723
826681388
749430431
822592612
549942566
112110570
540132540
73713696
117842298
325298910
281111354
19397240
586020849
393288623
517969140
325546823
10116820
61873045
899133078
110359411
475462839
993652608
845491077
976225304
640307256
39546882
679598471
458522412
222966585
324918906
794598862
899114049
27343319
463480680
660869218
808765631
720518214
337719591
869522262
514059435
833742098
964500298
304029736
229229720
436203360
102195039
97324444
607829681
591407384
775049050
624772917
797611369
743367621
753739957
1470150
676101134
739757811
506555475
606321581
515238488
112764305
1848
148827499
756074899
760897105
93159995
916698797
122056016
71298598
248615475
787541405
390354493
90287610
802917830
480787054
892260888
6497760
802462129
983007354
294774362
931194832
790760322
769027515
33248322
434274507
930279860
351485886
578479387
951073203
839773235
267398401
782711031
917081547
661785033
876586717
476127032
261435985
405627020
979287347
726245171
175097094
425556770
202801236
121452235
751802898
275506496
62722490
352552768
228930372
765530707
166827924
936875567
355356109
961050872
580883212
4851612
645210756
138100392
681692193
186911037
996597318
236994150
665547660
193678470
15929163
572058840
990642812
234503144
979921762
437060244
765046089
962288694
179567004
516431008
12877560
616789040
786274247
974407103
70310549
9
288071507
316126552
615470170
577252245
557153327
220817133
472152016
735626553
408853846
484064506
38056028
796777401
989018387
84162002
566149314
761060388
838088427
657830454
175109694
605583729
766641475
660364594
936288592
511491147
362058679
643831992
839111395
93
656552744
926686643
52673687
696272829
559202102
75025654
93129971
487366302
384665994
540209994
509396158
657527376
826465005
28885266
745687864
654788227
1007657
79772835
375984666
829003003
337055565
51454246
570356374
781622995
363204696
195569769
977827592
938225904
335047681
449120342
45925050
479063778
192537954
239379122
817147151
179957011
83330987
861490512
854717104
384182498
175198043
184006208
217303659
687884307
468298783
538002839
800705165
560663124
75238870
840453272
2073381
863455392
123725581
839631490
7700592
10
803685517
926518192
523442836
250580800
309394735
2079100
886644173
931642668
570707790
508415490
364158114
837028169
630780893
55845218
772896096
163095090
821612605
626947478
782530292
994801416
972943239
515932796
457870004
931994775
559377527
627737800
780198820
754387250
380105898
488455058
379878667
12437174
389343137
746390971
796462569
753423979
872135692
171323245
677999039
675103230
487317407
139000719
843054659
658893264
410047557
146629426
869690473
497808141
99359640
958816126
800808856
773545798
498477594
842667451
781114063
402083328
903434864
37377893
635488491
409284738
356732682
280584823
497175584
72607046
813235120
752821756
414202734
729914265
508470404
985300690
799311318
218513348
65702057
81413081
730490549
417810726
539862077
561709389
232938690
804197996
260816983
834899262
627238000
480363978
27350836
70299345
285409166
41113732
318855652
34529056
931076730
447503792
589234187
392395448
92664008
842377356
329076218
408109750
640263952
240933295
553244793
854889073
893418008
209775316
889469361
360418000
769787263
170
820889667
852486236
113452541
37930299
511998192
961493711
164909194
718673578
372967088
310265782
45928822
789498288
155661984
149501804
776253047
57233583
755403362
737474007
585627965
32409991
358801213
254952275
929346531
942915812
680230624
469016221
646642936
325948168
520982896
436861429
323929993
726563911
499315744
446067460
159082596
533115182
197916306
741957677
924073802
897457524
665438702
32035977
398916925
195761020
752695076
792651854
445497459
257838866
325401392
709886199
974510176
544390559
763285356
115614731
160491369
298527796
483875330
26720068
466229989
505095582
697019477
798894192
235288343
81279501
419748496
330857095
579631778
339745770
927738804
366503653
770069211
428917074
552270301
753342058
157831725
493718763
144552423
805674392
119158879
765056068
856604801
654802427
447753623
511128074
479627253
529289879
127454749
473756317
447075494
258314016
879144682
590724054
885780452
309512064
984147312
280419824
794702104
134070532
891918872
612601616
114649431
373480897
644783640
3059856
33013435
365217900
570258885
682246288
383712404
599931245
297788980
607850534
866469815
768816471
267736854
665084601
438515109
456072532
932984645
747904169
151311588
211124814
531130856
916558543
221589361
942535794
675707879
687575666
274577063
560320053
543867788
756898553
964452931
740281264
902741175
405653413
41036887
909451766
466092552
389437881
540434210
960317130
886930140
243628475
875115066
338388415
158472549
523458726
409249024
381863791
965990467
90954745
425099567
929206720
54903098
667727212
239376752
252713845
203432642
436703937
1263351
449051624
744815685
173850184
584290659
720362061
662288313
298162094
511499691
23336839
248067519
955939927
741516168
926893928
867795716
804463982
539202525
130300285
557975257
271439900
262268861
892450177
78576519
349965394
323512048
44938393
726459646
868899341
851246490
120883503
364181615
472585662
162
615756983
123358246
980648831
274106311
859718770
298140685
265342394
803057527
568414084
239241344
598230416
895655608
519591127
202890120
283717780
922616699
171024668
459010560
584220123
301047585
419422528
312296108
654777648
114329360
658010126
387342800
161520
779284442
16229064
54946058
539546889
891724742
88458686
566125326
150932412
827603318
343639999
623485428
501288360
949356122
562875256
553830085
773711129
705708496
872717418
541911215
399311817
65317940
638837851
580509414
415624464
380260971
120413912
500509844
976475290
743399084
385724251
599193206
502226007
644543357
137722595
510964706
874909657
769014729
490457155
407165748
1357216
405246553
922120053
498876424
573465623
892671001
663154206
313879296
667493859
183810161
595844684
587685782
319965224
990716455
161444032
127169555
544463654
570917275
852264245
312946779
114434390
218952931
162717493
800893720
573024926
340955911
627640239
204377123
526553295
903603723
467397837
748431241
837071204
335261211
661864007
44397977
839240396
891776728
901105092
179401265
311266967
9572070
622475533
195043016
70900502
317842563
400239555
293630029
668888989
171268008
822483018
634052452
325883353
959102657
55232927
245321085
772581939
763434664
78241780
84000477
534769984
123130350
23878407
586287356
258360405
51317501
737170417
53269728
354539912
400646324
803438849
669622178
197393284
772439844
704328189
866215203
832766321
284200009
319477490
137094419
543243414
299052005
881615918
424797732
979583785
116938743
354998992
728719702
907451558
882794606
757505214
554632213
68521868
705925032
924646187
184603394
139171703
602142514
958123965
136093859
396623061
638125986
670746537
658662258
260198263
312604628
91866293
340163340
3457408
882523730
5513051
547246703
688388925
977958491
330526000
261486626
4554007
664245204
7542701
148679359
53548948
289534798
484040689
237331690
511342863
815175951
959179995
486900219
948507192
916152303
499685053
830886216
327059113
200027461
899370601
312468703
761783335
315244107
916703764
952193830
672305899
740942532
590853816
574624884
450216142
163260979
805344372
730343719
587747865
681563316
747195570
104742434
13460841
389995238
298667374
687323806
579966227
185991855
253476080
940076776
253793065
223489028
802689957
640997932
985791913
202245622
633511273
699112396
885306163
490769894
53419819
586414572
721617217
162171403
208912860
74980967
563354580
585119273
478819511
868148053
846993866
845225239
216160916
414728173
444333179
192812926
699884438
393896025
990856473
684953172
171603244
174559568
980749979
251012856
598805279
755728989
69356484
675855172
983790030
565326867
669213739
348610680
667411665
413832263
981493119
918925099
122188343
483045362
797818507
965095729
349988829
976616391
936015257
517203509
456224889
891611167
166451960
221052255
365420585
370515319
274620694
260178122
758460240
548154499
511313166
934971197
585684268
277360821
774712392
336743598
851565834
598224007
271588549
174207
28648
972211243
841056201
317564689
507624525
254344336
947547270
49951314
548319641
669610700
548263006
778744208
769669606
856604801
381527353
914597495
914636730
534168239
6056368
548434669
231764761
17824795
820635811
135414502
586400879
346504351
307664159
247827189
805936180
912512604
721797213
721850238
241319079
60274265
99849960
875760154
429177609
87021466
574848310
669201539
9511846
426962461
10496551
355136217
195404908
592774287
192479149
236964948
537168530
316363455
979054066
198590304
784937367
41066179
810644107
742188418
638813161
943112117
94013998
656241268
51357205
220496460
200337746
39162517
36368282
781128209
36434701
28980748
99602303
365217900
936193534
474619770
645482323
789875375
163646302
287392264
483512972
87630827
106504324
480071156
367574231
963110509
161447940
659239026
774169278
867750934
502263584
499860389
884827473
102640196
524795779
982889910
250474700
110966032
634521994
582571680
117010276
716649596
95642216
199384599
391366513
827451837
859264448
202053937
905200792
168534833
772017114
12029648
270363441
584302476
357112491
449942670
518592858
710643235
367565726
641193487
551777606
825520951
578923997
690983482
511607649
736580937
347604395
411170724
150869411
26600145
799238974
359503174
574708168
308820931
391547092
850945031
285225809
345367631
96708247
513223560
370376926
332675884
196326561
527961006
14639139
699078987
528856734
298281629
283278705
293808225
724113066
940633203
571540258
817483322
953319315
784069291
28566235
476860965
837868056
614971911
720803069
145416333
635446315
984176083
115282763
739688614
80754559
206928409
540280897
450870947
42234525
956239445
944324278
589000038
154198501
485323
538726362
936842702
130083600
828469536
393425115
125297489
801610732
469094071
911860792
895301195
364166011
278217192
240053453
89889291
440004054
963906611
942265397
913786152
995378270
518515237
430477653
135197235
702912974
974080413
793596451
813228064
930940853
330974202
308010825
613785694
908039778
934804203
390742559
56748223
89728426
46038129
498718284
94460310
67862159
255759180
939795809
546983648
997500683
98037087
20929641
684791353
45882110
301454667
383743125
593210750
268262709
551742493
196847432
854665579
302546921
308936491
180102896
364000217
840980443
913954130
216754606
974929264
715297671
89309828
887391662
236296485
240203746
722092294
249012023
524224554
920498427
17915460
268870044
430885560
509509980
672385974
654031829
183373146
742138260
826590219
390948672
487839800
902818347
645398287
958266340
296944490
917665992
668796857
605533836
242095461
301743904
95595259
11682645
934819340
650744592
559935032
71713706
826474497
915469350
730545854
293660173
234666622
935681990
804478259
35747684
680149747
487431226
105910767
973410194
395176587
344737593
35800102
191282018
486373318
944345056
270029296
186560565
135742186
252903507
14338614
477464922
693632671
318067081
131045590
272823242
714234341
836962395
513979838
378164822
225346978
739705802
747721967
663659545
181184958
879873188
591660622
95507003
178585228
656532008
782699766
957713500
559772023
646887367
721886567
155139877
716647308
471544772
503561311
603451021
899864067
696178584
46923227
978450489
290170532
371531527
553665952
771608086
618312681
851283031
524973171
114371842
875176215
528786302
838667894
815741055
203569711
121971154
808341365
599460099
517258266
900826628
317333579
481532418
228225366
164528524
379137126
639617141
350681049
978999652
200901350
51796330
183834197
138090579
660104951
107018335
947992050
511466659
600267967
389412477
552034912
14585170
91314100
696399378
43338887
620760645
916208358
396918562
396927401
407951791
19669414
641002390
792828441
479703101
405984015
473575263
193832230
376535247
676788728
864673545
503464159
535708275
413413045
980318724
102287297
65522063
900999147
801101231
646556392
914561560
589864939
874896590
531223571
217562085
171963608
306480523
458579698
69691296
843643854
574675763
536946764
839955488
24898212
292853894
271084937
45342849
275763317
21438105
401072541
442663109
130748117
141644732
353264262
926889473
443982614
972938913
137378016
447112199
580665575
971939292
784069489
453734926
657273867
336316753
529923379
522368874
781302454
675165898
42796638
90139820
897650185
732069145
44195413
245113892
664770271
758832566
242770501
637387242
167200620
950816668
259737908
471954383
334797598
445013071
924612586
178542472
575273097
51919661
574321637
802030753
660075521
46302233
56845132
5463889
944145989
94400880
961641685
43081957
845876860
24246794
844232000
575071028
165007293
189165845
356122273
283436198
414925611
973500540
138844031
811460380
391295787
206829812
792998718
702931652
192892767
49881753
548917520
939680452
741097129
170413797
601965186
815583668
358973817
