918991267
383901431
671205027
416818716
206499497
641994474
551724473
53328919
719850908
547760778
641994474
736534966
500509403
69053314
313640416
496337083
872027610
870985891
313640416
360285925
533262881
44984369
249198653
295042961
481589991
398426281
563256316
24231053
864514615
806171262
704936229
248459162
704936229
693879883
322098164
686027270
485436610
390903514
455417928
897731443
132359192
408884102
517815023
424635475
570928101
35800775
300977519
422949247
481286457
818205460
749820892
492926920
11878251
370090422
41041701
691455345
937398431
421997055
304525511
135172711
430089302
129511387
548193306
308900151
519315313
189910403
855427061
703939454
953905057
548076051
570928101
653172022
173615899
979881248
659959972
903646691
920472940
988337882
261753139
861643996
492926920
391773293
952321109
914996624
769163550
997868456
846347907
521937242
129873669
980070338
433905832
529401968
272621235
107352919
420990538
116204225
358463379
885185558
930764756
536496485
257510145
470949250
442526151
227663987
832522146
625655442
658442927
570928101
508876900
686027270
188001003
199001114
110446519
191098302
705927341
178135966
349963685
120346218
912093826
551567419
931977828
245010161
541621437
527661330
894093632
439989774
614788897
604648167
938652625
956361044
354141080
523070515
897088707
414490691
465498784
411308520
964735955
806979416
846347907
807443459
621086106
746133168
522994157
376318853
113332998
24231053
402691875
485436610
653172022
267931676
232909620
801761834
980654305
372905775
945746874
405719495
470949250
455774170
949471945
280056540
590847469
558076915
849285906
424635475
222191244
799132528
685805572
28576446
135172711
428490982
912093826
131223811
240531317
807443459
799132528
25643546
77731223
609993211
370058073
635114681
837860984
99050133
665604461
424234330
739452626
32206740
876010596
909266485
706089865
307147314
127651536
289099728
113332998
989354762
445262470
243899463
837860984
334764472
625492122
161451777
249198653
566628040
92775450
772624928
971940579
424635475
664253137
865134824
814153106
481518560
938188645
670392132
659959972
93164403
476172771
352512313
113412899
695864388
547041858
148449315
424998986
373450881
938652625
199264292
541621437
745755042
82608891
614615940
210374495
119287228
817367582
415558479
979881248
957274346
4722451
460980438
835350933
520734224
820513914
507290170
351200885
88391915
653172022
626855459
415849838
983469774
79121356
232140830
822227584
719850908
40974898
372591816
507290170
279329291
980404350
245010161
980655519
267203244
173615899
96088552
354037844
49680656
161489820
99050133
980404350
173474489
755688819
132359192
118127901
295534198
749942217
284622262
988337882
614788897
704936229
497625295
848312606
390903514
117197037
530924239
108813833
119287228
216218989
41378975
940521162
697160299
291607386
420990538
979939257
966242803
802659742
362356481
689968769
445262470
437458065
91140158
976974465
190565353
753613305
24231053
220778883
281643913
396097127
911357703
186698525
970893290
949129954
544169072
905393564
559161784
742377519
212650853
979939257
201964022
616271752
496337083
854707540
100336905
796828705
465498784
415932721
621601758
135592751
704936229
575697737
361012266
405139272
420990538
676307352
41673696
82608891
305027827
270107473
929418760
700401097
862924795
739452626
176860742
353204619
78372313
100336905
547760778
433905832
803690665
398426281
77731223
422949247
29173852
621601758
88477176
698837957
979947411
63542639
422949247
162274912
99050133
625492122
699753154
559161784
848312606
685805572
865134824
442743149
38402943
48716846
731359579
539550134
309198019
427597364
906842310
219219174
921583309
111925940
354141080
191038633
904326525
931924720
949471945
980070338
202405375
527661330
909266485
569986072
547760778
294796512
817367582
90726313
129873669
938188645
716271821
748704797
313677991
970893290
539550134
407473738
518094564
692680968
306983739
980654305
126978962
279329291
676803418
568639958
622348153
101098635
213688157
61353249
523070515
162274912
903954939
749820892
899293772
337390342
365499316
134027950
84397890
223622428
282222049
970893290
371542787
870985891
602809168
678030044
813185245
606046136
431053151
73161587
260257456
116204225
405719495
681661679
61353249
472578770
291765515
834220811
287707245
726511382
295512715
973961269
745257870
563256316
483670594
182024453
782577382
426113731
598908369
692663055
75414418
314276703
382585566
433905832
249981770
750105392
169784373
625492122
748704797
430089302
909798646
61331739
225571554
838015086
37162862
519636857
706089865
98799185
852275068
522994157
404415637
249981770
593767694
471926278
616271752
274281113
462006417
455774170
933225186
665604461
328030957
550924325
62582989
824160667
824345365
739793516
742160445
612955060
689968769
398426281
284622262
720997793
334555644
700401097
914996624
375721979
536496485
670392132
720997793
58894624
138602968
159490446
904525044
541621437
490557875
361994332
930764756
282222049
59256478
823830105
601128142
715009352
177687683
278815013
910785891
887224747
187943714
58894624
217761933
312343075
856583931
225571554
496207654
376129193
921583309
946201142
635476448
225289190
462403342
735112993
507554669
704936229
492417942
32206740
284313933
333169792
61351752
119287228
498067921
111925940
801751458
47456771
627923689
970893290
389942081
522994157
376484066
249198653
686203771
399761708
673471126
366261985
107274436
681661679
742377519
129873669
61331739
132097343
829534780
111925940
306983739
619390142
101352841
388956708
142962390
5174517
499878199
408884102
90285477
177687683
937432974
677036921
731752086
179101811
965643729
710625812
545004452
557340858
161451777
64974360
757125575
824160667
735581287
720609901
945519360
706094493
805709452
566231008
802659742
169784373
468489231
934950355
980404350
258448272
686394738
550261726
934950355
84397890
465498784
520734224
931230658
185685809
934950355
653322402
61203821
59347858
324803928
107352919
308900151
240556039
75414418
963941436
347473501
430089302
597204938
649948915
252092282
227739735
34142875
234613808
903646691
89357032
69053314
199264292
670392132
311809350
632355044
611673523
474735756
21622106
6377288
354037844
742160445
210483916
402691875
332900887
807443459
267203244
305403476
718497174
287707245
488862760
41666728
849285906
496337083
300977519
295399086
11878251
490557875
296134791
305027827
75841106
294872488
260245257
941900679
700401097
600376794
921583309
191940045
755688819
169943730
803690665
199585162
56850764
706089865
211209351
302707743
894093632
545004452
249198653
836769213
211280261
61331739
865728290
621601758
533262881
14038412
371542787
28694599
928232465
202405375
337383703
697429571
169626291
107352919
432408089
431774493
695864388
213688157
817367582
328464969
614566730
625492122
706094493
662142332
166050653
924329843
32376721
492926920
938876183
949471945
499878199
105918347
404415637
229197396
108311755
74395937
62582989
966377981
47456771
465339857
334555644
360708256
852507478
379805867
169784373
745257870
465498784
530924239
848667837
912093826
666998272
648081189
539550134
772131248
579872711
536496485
705013149
93839581
616271752
452591605
618224103
853433561
904525044
389942081
876010596
62582989
551724473
590988578
824354460
295042961
666220510
706094493
569986072
796828705
971940579
759192085
580518655
441003775
64974360
132359192
61203821
418691191
966377981
972240988
851501334
133781648
728627091
849285906
994548123
428490982
636110446
483642399
677036921
327170944
128050254
611018017
410540351
550924325
604441269
203770452
161451777
745712002
12025493
729330040
916789133
119287228
769803102
700433815
23290329
284170490
720997793
219219174
106442420
636110446
697429571
697429571
983469774
131696701
670392132
741532273
211209351
227663987
973725343
415558479
832522146
874704676
802659742
996105831
750078160
550924325
254612994
136518408
71267161
163483591
235832840
156673832
799132528
284170490
226925014
700401097
987441960
402691875
984370088
432408089
61351752
824160667
71267161
832522146
107352919
722837052
681661679
372112501
750105392
263492392
616271752
666220510
958294707
837881615
531462362
928176452
973961269
767099084
770778827
583981232
707109281
579872711
852734432
666998272
946201142
304565482
55550576
979881248
735581287
731903234
906842310
906842310
108813833
26705049
295042961
429714229
25643546
928232465
376267749
276328578
824345365
824345365
980404350
261691718
836769213
772131248
819942013
113412899
518094564
967849899
523070515
704936229
360708256
570928101
405139272
846347907
590847469
376318853
822796447
494750688
928176452
225289190
106442420
307147314
379805867
92775450
93164403
176806718
424968063
245010161
974666201
713635828
703939454
806171262
64582688
979947411
460980438
424829367
90309188
93777703
113332998
753280456
313677991
173106225
824345365
291988119
199001114
707109281
641994474
434592089
755936236
293898899
704936229
934950355
603953672
870985891
983469774
343341750
931924720
748704797
728627091
558758769
300947792
584761672
759864251
559048990
515123211
396097127
759192085
223622428
658442927
309894864
105918347
855427061
742377519
433905832
395114402
180436431
759864251
439989774
937398431
304565482
799132528
569986072
396382823
894372551
2740748
255449459
965079481
865134824
151079690
360708256
157152152
848312606
563256316
755506517
29173852
54459397
518192664
651
820280438
268541211
716478848
159946956
604648167
154038081
611018017
431053151
33243687
679387902
614566730
829534780
945341423
917923070
445262470
295512715
707987656
519636857
956933114
396382823
300947792
402691875
5174517
206587443
864899190
439775919
977614366
621086106
329035829
360708256
4722451
269374050
536496485
50968228
93839581
838693925
820280438
611673523
917923070
123666952
686705443
127651536
45777227
349963685
91140158
369682257
796828705
32010148
616271752
28576446
131223811
274510416
539550134
788576699
655889580
32376721
945341423
458011668
692680968
325929363
897731443
977203093
300947792
370162615
745755042
316107550
517815023
133781648
340716514
942014276
372905775
757125575
948770977
828984334
287568856
127651536
742160445
952321109
697429571
314988593
445262470
931230658
291988119
949471945
933225186
232140830
17451
136663758
550261726
133836458
528148382
294450640
445262470
988210644
693663092
212650853
904326525
55550576
941048863
683758510
502219563
238255798
349963685
441003775
413357941
139209843
727959160
757876757
325929363
917923070
635114681
614566730
502199793
930773623
612955060
157171968
410664445
683758510
17451
970893290
259824326
740322931
934950355
451637553
744068786
30463227
291607386
395114402
599293604
697160299
343341750
979947411
126093098
861213152
731752086
917923070
415932721
64582688
604648167
69053314
828450035
735055004
621601758
44510821
965079481
598957654
822227584
612955060
757876757
764917529
280314186
502219563
460723689
755688819
496334493
363550978
708388829
49416457
689968769
372112501
78915394
698837957
864899190
135525397
361012266
410540351
673566513
279329291
32206740
904525044
820280438
465339857
56850764
494940194
750105392
497890607
984924124
424998986
328331637
653322402
418691191
965079481
621086106
861436590
194572033
278060515
839967535
95570239
522994157
846347907
126978962
910785891
974666201
851501334
865883419
909266485
703702381
35438970
71442225
547760778
455417928
261753139
543864358
388018541
126093098
492926920
681661679
325929363
397895570
938876183
839967535
507290170
710625812
989195500
422880572
817367582
240531317
193604174
547489069
387390950
828984334
116204225
968061490
120302111
199001114
294796512
261691718
497890607
523017134
759864251
127651536
45777227
924329843
852863530
468064576
394388186
340716514
606956992
593040489
492926920
602809168
676307352
653172022
720801613
569063902
291607386
619050450
970893290
873364794
315129462
145043800
9179812
865994584
635114681
762121869
376162324
530924239
716271821
552613856
726663720
718497174
388956708
891411143
934945141
349455537
929418760
148977580
227197160
519315313
226925014
904326525
743708165
136663758
445262470
108402417
422943960
906842310
651
984924124
197930050
559048990
135666505
337979502
77731223
780693746
929418760
715551467
169943730
384259422
441003775
550055694
967849899
533262881
788576699
282222049
353043588
284267953
741532273
279329291
689829989
117197037
604441269
234418872
180436431
199585162
997868456
345816524
979881248
93839581
841994539
203770452
54797216
632355044
494940194
294796512
332900887
666998272
478664470
59347858
550924325
37162862
742160445
704936229
312986956
739793516
714920179
686027270
229951391
855427061
402824011
818205460
297317526
456351
133781648
197930050
807540107
986709834
662919919
363550978
131696701
326954599
955207844
517815023
980404350
203770452
352512313
726663720
718497174
861213152
295042961
349963685
506973199
360708256
759864251
320979570
431774493
757125575
349779585
865883419
64974360
958294707
897088707
300896815
311809350
964735955
460723689
34142875
62282951
703939454
328331637
197153833
420055919
296134791
979947411
879195139
197257674
679387902
829534780
490557875
764240410
86717126
558758769
671205027
2740748
10953606
129873669
229951391
670857260
632355044
281952630
465498784
71267161
64974360
903646691
953905057
951047555
604441269
176578377
515123211
690530060
428490982
232140830
409684726
101161382
388243912
182022998
791817236
85543620
806979416
711957915
23617204
375721979
570928101
416947671
352512313
58894624
192215878
707109281
938188645
85543620
135960414
735581287
50968228
353043588
53166244
294450640
507290170
267203244
180436431
51146214
426113731
198740712
803690665
353043588
460980438
655889580
844698945
23617204
371542787
279329291
61351752
227739735
670392132
756723677
269740987
63542639
233645024
931924720
16512233
75414418
110155101
941048863
94477816
50968228
978214709
748686173
173106225
955207844
503591555
148977580
717107445
61203821
720997793
801751458
125196977
663616118
159946956
245686647
824354460
908806943
979881248
476172771
199001114
908030553
416947671
853433561
137205893
107352919
559161784
604648167
891411143
4722451
951047555
418691191
502199793
360708256
507554669
143663732
456351
903646691
415558479
313677991
305027827
846347907
938652625
966377981
697160299
47456771
345720436
584761672
825981096
472716367
814153106
903646691
611018017
93839581
857520371
994548123
931924720
63542639
514946657
110446519
605964181
90726313
521428563
115868289
659959972
852734432
418691191
245010161
64582688
716271821
488862760
388956708
279212784
116204225
49680656
349779585
89357032
291765515
870985891
93777703
86717126
179909630
309894864
520734224
885185558
708388829
459478968
938188645
56850764
652195040
360708256
741707113
235384234
825981096
772131248
692990608
622668721
659046373
948931791
133836458
625422892
892008817
295534198
700433815
678030044
948768837
132359192
154038081
597637132
680456011
40295238
434592089
375573863
788576699
980095123
432408089
938188645
909798646
329035829
645849117
66658066
805709452
389942081
44984369
162274912
184468430
272621235
897088707
203770452
483670594
267931676
721771271
547489069
753613305
984370088
757125575
512400279
465498784
677036921
21542503
507554669
523017134
78915394
614759968
686203771
396097127
1715276
452591605
68212540
409684726
741707113
832522146
518094564
424998986
972978802
770778827
278815013
692680968
948768837
409684726
914996624
951047555
220958986
26705049
131696701
106442420
146702735
44510821
761453839
87866721
569063902
313677991
389942081
82608891
260257456
387305648
240556039
705927341
349963685
373892552
191038633
622348153
353204619
719850908
980404350
465339857
312343075
225571554
61353249
742160445
610610425
111925940
700401097
148449315
934945141
19124789
460980438
822796447
619390142
41666728
282222049
834220811
281643913
764917529
507290170
848667837
98799185
67857077
298601071
82608891
219219174
485436610
261753139
312343075
161451777
946488740
610849856
135960414
270107473
98799185
462496511
980404350
83341170
352512313
519315313
740322931
980095123
938876183
996105831
62582989
852275068
938876183
473955843
557340858
699753154
748686173
894093632
10953606
143663732
415849838
300947792
720997793
742377519
26705049
305160085
806979416
928176452
241420831
646160429
914996624
424968063
211280261
198740712
719850908
829534780
565828218
934022221
328030957
302707743
871036625
570928101
819942013
220778883
441003775
671205027
703702381
89357032
2740748
621601758
627923689
515123211
795897329
409684726
259824326
414635070
360708256
942014276
616271752
972978802
90285477
750105392
99050133
315129462
844698945
756723677
111925940
931977828
62282951
700433815
772624928
476172771
284622262
398426281
753613305
30463227
78372313
135525397
605964181
986709834
56975687
874990607
904326525
229525060
439989774
507757020
424829367
267931676
769803102
739452626
698837957
993071071
85554843
611673523
442555175
223270636
108402417
104726986
395114402
47814542
997968189
318606977
80231722
287707245
56850764
593767694
862924795
757876757
870985891
488862760
518192664
56850764
322674427
318606977
427711717
512130498
131696701
108402417
460980438
598788773
173474489
998016232
705789375
198740712
622348153
50689884
211209351
229951391
287707245
40974898
918991267
905393564
252092282
946911117
483642399
673566513
710625812
735775177
547041858
980654305
363550978
98799185
376318853
968061490
614759968
25643546
594580769
322098164
497625295
805709452
240556039
514946657
756723677
400953627
665604461
229951391
648081189
757876757
337766588
938876183
742377519
40295238
376318853
668612028
632995258
92775450
506973199
88477176
815630044
908441234
129873669
201964022
533262881
952321109
502199793
311809350
210374495
824345365
696751590
862924795
903075776
905393564
379805867
223622428
909266485
977614366
106442420
708886839
383901431
569882533
85554843
844698945
366261985
49349656
460980438
963038573
90726313
245686647
914996624
957316499
424234330
559161784
679933531
673471126
120302111
397895570
424968063
50968228
958183356
409684726
629239124
496334493
191038633
369605771
839967535
368602655
718497174
700401097
704936229
956361044
101161382
353043588
958323416
396382823
897088707
427711717
931924720
59256478
213658041
460723689
506394604
311809350
945519360
213658041
411308520
131696701
545103028
460723689
343341750
550924325
715551467
977614366
931924720
219219174
157152152
865134824
179909630
686027270
759864251
61904676
472578770
166050653
625492122
135960414
903646691
434592089
100336905
861595649
767099084
148449315
772624928
971940579
387390950
352512313
75841106
731752086
835350933
862924795
942676983
614788897
114215042
88391915
240531317
744068786
980655519
896802391
967849899
260257456
673566513
101352841
74395937
814153106
752004953
381154335
559161784
861595649
531462362
745712002
26489241
41666728
590847469
823830105
625655442
145043800
378756053
8553220
780693746
63542639
887546643
742160445
145043800
512832418
10953606
918991267
382585566
295512715
857957462
229951391
897731443
120346218
569063902
287568856
559048990
870678491
442621634
671205027
280314186
337390342
736534966
305027827
750078160
803690665
255449459
885533111
519198364
40631670
928232465
376267749
191038633
928232465
928176452
865883419
223270636
361012266
673388386
139209843
979881248
503591555
413357941
32388194
360708256
294450640
214034714
496207654
23617204
122765280
354141080
371233064
439775919
70451221
212650853
870985891
333169792
468383723
86717126
782577382
9179812
704936229
85554843
98799185
794815232
173615899
494940194
775076757
62582989
131223811
260295367
418691191
704936229
381154335
908487089
304525511
345720436
135666505
752004953
202405375
135172711
645849117
559161784
861595649
12025493
693879883
704936229
428450381
865344848
570928101
779500324
52502501
920472940
249198653
874990607
126978962
91140158
61353249
274281113
70584295
281643913
460980438
291988119
898935032
295534198
278815013
440734068
708388829
422943960
414490691
872027610
468383723
988337882
844698945
215500815
50689884
541165185
428490982
584761672
612955060
557340858
716478848
371233064
191038633
755936236
193604174
813185245
424998986
955207844
418721510
294872488
64974360
294872488
27245244
241420831
597637132
55550576
309894864
61608438
862924795
101682639
89357032
887546643
420055919
17451
245686647
602809168
592571822
612955060
920472940
334764472
75414418
620521908
590847469
61904676
111925940
652195040
404415637
90726313
69053314
405719495
370058073
460723689
111925940
370090422
213688157
220958986
305160085
970893290
871036625
17451
304525511
169943730
411649787
626855459
651
304565482
716271821
573598315
749942217
56850764
428450381
793860994
653172022
719850908
559161784
455774170
837860984
74683473
424635475
225571554
125196977
611673523
552728426
782577382
78915394
739452626
604164391
512130498
488862760
162274912
764917529
648081189
398426281
741532273
234613808
431053151
671205027
465498784
905393564
131696701
363550978
71442225
581185671
14038412
598767425
619050450
390903514
523070515
941048863
234613808
987909695
679387902
481286457
123666952
112477804
438184087
157152152
972240988
759192085
759864251
952321109
810215374
204453579
980654305
119287228
32376721
132097343
697049463
459478968
703939454
263377595
176806718
4722451
884585828
706094493
402691875
815630044
870985891
418691191
32376721
272621235
117197037
699753154
462403342
219219174
703702381
180135935
566628040
767099084
86582230
402691875
782577382
891411143
552728426
540892717
563256316
515123211
952321109
439989774
665604461
240531317
159490446
713635828
424234330
127651536
413357941
258448272
6833832
547760778
112477804
492926920
176578377
801761834
279329291
757125575
327170944
503591555
49349656
968061490
559161784
210374495
911357703
483642399
751437669
205115482
122765280
313640416
53166244
508876900
135666505
113412899
942014276
12025493
430089302
191098302
58894624
2740748
772131248
416947671
215500815
371542787
278060515
720801613
494940194
909266485
974250991
753259730
176615095
998016232
951047555
602809168
933225186
662919919
127651536
974250991
353763555
551724473
690530060
420990538
553849423
28694599
490557875
474735756
131223811
583052320
686394738
860804979
590847469
199264292
347473501
122048284
148449315
294872488
128050254
575697737
997968189
995614289
989354762
677030528
739793516
197257674
700447713
598957654
349262388
670392132
676709888
471920662
625492122
402691875
334555644
910785891
263377595
547489069
599999605
179101811
731903234
533250208
245010161
671205027
369605771
261753139
988337882
691455345
180697594
557340858
794815232
90726313
641994474
828450035
334764472
108311755
848312606
223270636
409479486
748704797
197930050
551724473
287707245
414635070
101675594
465498784
282222049
523070515
600376794
187943714
471926278
465498784
389942081
810060404
779500324
424234330
761453839
345816524
739452626
173447397
728627091
846347907
519315313
12493623
44510821
206587443
755506517
420055919
988337882
25643546
942014276
459478968
226925014
267931676
523235030
340716514
328331637
12025493
522994157
689968769
25643546
853433561
704936229
908487089
837860984
645849117
326426311
50968228
64974360
719850908
194032980
371233064
458011668
441003775
21
673566513
871036625
512832418
94023186
748686173
676803418
597637132
112477804
773668569
61331739
706094493
860243694
354141080
512832418
662142332
460723689
820280438
772131248
578756109
692663055
618224103
116204225
735055004
220778883
289099728
678030044
409684726
98799185
634207619
44510821
965079481
993071071
278060515
579872711
157152152
229525060
948768837
356737293
678030044
32376721
779500324
81326996
365499316
115574806
865344848
955207844
921583309
673388386
506394604
815630044
683758510
824345365
427105714
38402943
810060404
198156179
148977580
569063902
211209351
691455345
512400279
424635475
911357703
50968228
714920179
980655519
119287228
600376794
21542503
548193306
855707364
324803928
958294707
267203244
86717126
848312606
614566730
539550134
187943714
663616118
336279677
245686647
604164391
798876596
398426281
483642399
302707743
131696701
946201142
614546726
726511382
408884102
334555644
485436610
671205027
578756109
756723677
307722577
951047555
267203244
846347907
159813450
442526151
735581287
520734224
226925014
71267161
177687683
506394604
424234330
120302111
648081189
865994584
612171448
838015086
622829822
527661330
994548123
328331637
302707743
861213152
929418760
834220811
125196977
806171262
728627091
291988119
945519360
471524025
177179133
741707113
371092903
966242803
210374495
211934997
521937242
856583931
837860984
813185245
222191244
502199793
61203821
202056159
326366670
764240410
956933114
715551467
839967535
395114402
133781648
938876183
622668721
996105831
975696148
122452840
387390950
948768837
616271752
471883067
29173852
885185558
83341170
300128118
519659103
387390950
958294707
659362735
162274912
131696701
293898899
485436610
829534780
391773293
694945338
21542503
229948464
700447713
295512715
274510416
108322846
49349656
547489069
742377519
937398431
83341170
490557875
994548123
192215878
44510821
509489769
735112993
988210644
858746684
202349478
973778950
361994332
861213152
169378492
772624928
865994584
391773293
40295238
832522146
132877202
706089865
502219563
753597373
903646691
50968228
974666201
132359192
326366670
343341750
208979962
621086106
677030528
651
569986072
203770452
192215878
198156179
518094564
938188645
135960414
381762165
418691191
780693746
173106225
494940194
978214709
905393564
108322846
157152152
28576446
232623809
541621437
903318781
354037844
750105392
917652274
838015086
291607386
134027950
899293772
227197160
208979962
291988119
636110446
347473501
634207619
410540351
177687683
32376721
349779585
423620046
41666728
422943960
921583309
360285925
735581287
263492392
980654305
64582688
690530060
229904882
519198364
757125575
110446519
599196299
213658041
757525526
129873669
541165185
133836458
473955843
852734432
414635070
632355044
975696148
490557875
735775177
50689884
41673696
229197396
197930050
619050450
294796512
395114402
14038412
263377595
756723677
70451221
14038412
519636857
428450381
41041701
635476448
333169792
755506517
21
309894864
63542639
420990538
441003775
910785891
547041858
937398431
182619502
815630044
788576699
176578377
870985891
89357032
365499316
418691191
169280668
758727832
508876900
749942217
78372313
216218989
972978802
210483916
877008706
10953606
313677991
908610227
394562683
769803102
552522098
298601071
203770452
287707245
753613305
621086106
442621634
731752086
735581287
966377981
376129193
636110446
904326525
219219174
176615095
2740748
226925014
918991267
429933372
550261726
966377981
972240988
74395937
520734224
509489769
17451
793400678
108402417
440734068
691455345
372905775
988210644
627923689
626855459
169626291
770778827
93164403
609993211
855707364
122765280
497890607
122452840
472716367
371542787
697429571
702218824
563256316
849285906
517815023
80231722
154837470
260257456
203770452
598767425
860243694
934950355
279212784
599999605
304565482
483670594
11878251
230207986
208979962
306983739
536496485
498675433
651
502199793
240531317
972240988
488862760
184468430
952321109
891411143
824345365
358463379
748704797
179909630
229951391
203770452
973961269
23617204
671205027
212650853
169784373
155914721
160952330
533262881
604164391
270107473
169943730
679933531
844698945
865883419
125196977
112098315
984370088
593767694
456351
219219174
496334493
838693925
379805867
676803418
279329291
345720436
91140158
512486271
300947792
980654305
9179812
337390342
49349656
312986956
967849899
34142875
173615899
229197396
670857260
235384234
131223811
235384234
151079690
263377595
846347907
938652625
928232465
410540351
839156306
742377519
547489069
188001003
675923411
933225186
197153833
6833832
611018017
500509403
420990538
512400279
313640416
47456771
779740240
245010161
424968063
979939257
17451
917923070
52729209
157152152
930773623
132359192
41378975
848312606
612955060
349779585
405139272
996112117
63542639
904326525
908806943
824160667
832522146
409684726
291988119
274510416
719850908
686027270
834220811
837881615
653172022
427105714
852734432
378123232
101352841
820280438
126093098
968061490
885185558
12025493
677030528
614788897
676307352
693663092
766547846
635476448
178135966
896802391
552613856
125196977
372905775
322098164
103415022
545103028
110446519
565828218
677030528
531462362
245686647
471524025
706089865
952037296
433905832
98799185
627698685
550924325
625492122
692680968
291607386
23643432
14038412
908030553
708388829
409684726
416818716
614546726
547041858
653172022
101675594
110446519
666220510
6377288
41666728
363550978
410540351
395843586
547760778
101098635
217761933
860804979
569986072
306983739
952321109
402824011
370090422
828984334
235832840
80231722
857957462
753259730
742377519
321976225
494684697
550924325
594580769
658442927
343341750
193593637
904326525
887224747
885533111
861643996
93839581
764240410
908487089
14038412
874990607
700401097
675923411
805709452
169943730
23643432
441003775
980070338
870985891
91140158
431053151
176578377
61353249
945519360
410540351
679933531
945746874
226925014
636390797
742377519
700433815
597204938
634207619
179101811
106132549
451637553
671205027
635114681
178135966
871036625
648257609
945746874
402824011
429933372
933225186
416947671
755506517
428902288
839967535
561580213
28576446
742377519
234418872
18440960
731359579
187943714
180697594
402824011
979881248
702218824
190565353
66482580
604164391
110446519
998016232
414635070
775076757
388956708
963038573
284622262
908610227
494940194
188001003
227739735
414514200
161644083
671205027
949129954
908610227
708388829
593040489
287707245
298601071
157171968
386012514
414635070
390924170
498484046
768167735
11878251
659362735
50968228
853433561
559161784
106132549
945341423
88477176
632995258
636110446
645849117
372905775
145043800
705013149
101352841
422949247
411308520
248459162
279212784
619390142
707109281
578054565
352512313
533262881
731359579
251652073
300947792
21
686394738
740322931
772131248
442555175
507290170
455417928
945519360
702218824
71442225
611018017
550261726
769803102
295534198
213658041
306983739
161451777
948768837
772131248
825613677
666220510
101352841
308900151
602809168
666998272
937398431
381154335
378756053
629239124
612955060
74683473
512486271
958294707
735581287
249198653
182022998
731903234
21542503
795897329
860804979
337766588
938876183
887224747
300947792
471926278
115868289
438184087
398426281
978214709
508876900
697049463
176615095
40295238
279212784
715009352
635114681
904326525
698837957
848312606
422880572
179101811
429714229
658442927
52502501
608447302
284267953
199585162
98799185
75841106
439775919
32010148
44984369
41041701
871036625
483670594
550261726
41673696
263377595
368602655
88477176
506394604
287707245
422949247
496334493
575697737
681661679
611673523
956933114
89357032
652195040
713635828
547760778
429439761
762121869
929418760
263492392
676709888
728627091
515123211
325929363
838693925
62582989
559048990
387390950
294796512
614759968
857957462
354141080
227957234
361994332
988337882
378123232
996105831
480435158
400953627
955207844
569063902
365499316
378756053
745257870
204544562
755506517
75841106
559161784
77731223
998016232
855427061
735112993
173474489
394388186
801761834
957316499
593040489
32376721
439775919
720609901
325929363
211209351
337390342
181156567
225571554
581185671
353763555
908487089
584761672
388018541
295534198
307147314
422949247
768206411
708388829
574095975
134027950
938876183
634207619
307147314
625492122
122765280
499878199
870985891
682942603
442621634
137205893
177179133
281643913
539550134
872542910
128050254
865344848
460980438
909266485
125196977
300947792
208979962
406533116
61608438
371233064
113332998
19124789
70449645
330916955
255449459
21542503
83341170
578756109
326366670
499878199
614759968
106442420
735112993
294872488
547489069
601128142
378123232
855707364
261753139
349455537
769803102
735112993
212650853
636110446
372905775
32010148
599293604
547489069
689968769
201964022
563256316
128050254
547289425
292768496
887224747
395114402
629239124
755506517
857547829
707109281
101098635
157171968
295534198
254612994
606956992
664079232
849285906
441003775
814153106
903646691
63542639
757125575
415932721
381154335
910785891
340716514
929418760
217205853
194572033
372905775
750078160
579872711
550924325
334555644
792830042
736534966
387305648
421997055
56850764
695864388
622348153
806171262
232735075
304565482
605964181
702218824
529401968
451637553
311619702
381154335
751437669
80853062
191038633
934945141
424998986
552522098
218122660
422949247
70584295
394562683
974666201
294796512
671205027
34277979
89357032
414490691
53166244
113332998
452147947
507290170
924886290
693879883
921583309
713635828
521428563
692663055
234418872
219219174
77874725
116204225
715551467
703702381
431053151
349455537
565828218
409684726
25643546
420990538
294450640
134027950
552728426
69053314
135592751
340716514
711957915
615131534
232909620
714920179
219219174
651
521428563
61351752
322674427
205115482
848312606
619390142
483670594
33243687
692680968
896802391
748686173
371233064
592710655
968816163
757525526
865994584
686203771
741532273
229951391
202405375
956933114
9179812
429933372
375721979
55550576
118127901
578756109
839967535
131696701
135172711
44061549
99050133
742377519
451637553
716271821
44510821
394388186
592710655
548076051
199585162
903954939
676709888
405139272
131696701
251652073
162274912
502199793
744068786
601128142
225289190
945519360
16512233
387305648
973725343
562891862
202405375
611018017
742377519
10923161
160003099
274281113
517815023
751437669
671205027
129362160
304525511
47456771
471926278
621601758
924329843
873364794
376484066
354037844
455417928
745755042
269374050
619050450
941048863
891411143
12493623
822227584
485436610
302707743
769163550
75841106
426113731
903318781
611673523
336279677
56850764
552613856
872027610
182022998
474735756
14038412
358463379
854707540
570928101
428490982
713635828
984924124
615131534
481589991
964735955
614615940
632355044
488862760
361012266
629239124
562891862
471524025
971940579
531462362
193604174
753259730
710625812
148449315
533262881
77731223
88391915
887224747
750078160
26705049
865883419
566231008
697160299
396097127
281952630
11878251
823830105
432393003
865344848
422201846
722837052
106442420
205115482
145043800
279472303
559048990
885185558
267203244
337766588
497890607
12493623
334764472
686537352
478664470
210483916
625492122
440734068
245686647
311619702
750078160
37162862
157152152
946911117
920472940
291607386
823830105
523070515
337390342
197930050
641994474
903646691
134027950
280314186
508876900
456351
581185671
685805572
261691718
132097343
659959972
705927341
614743422
182024453
575697737
372591816
244020198
598767425
410540351
193593637
851011557
427711717
625492122
593040489
69053314
494684697
744068786
11878251
25643546
980655519
471524025
829534780
703939454
122048284
108311755
810060404
625655442
395114402
381762165
764240410
294450640
98799185
857957462
874990607
492417942
352512313
801751458
364116069
629239124
934950355
930773623
383901431
979881248
258448272
173615899
316107550
578756109
772624928
10953606
211934997
94477816
603953672
360708256
946201142
217761933
861213152
396382823
110446519
232735075
347473501
399761708
400953627
611018017
692680968
977614366
805709452
512400279
330628229
395114402
854707540
445262470
972884280
376129193
626855459
745257870
550924325
234535419
106659730
135172711
483642399
145043800
541621437
295512715
194572033
223270636
434592089
528148382
218122660
4722451
455774170
157152152
353204619
114215042
241420831
632355044
48716846
636110446
566628040
974666201
90285477
106482366
304565482
440734068
424635475
294872488
106442420
641994474
966377981
148977580
108813833
502219563
770778827
294796512
707109281
225571554
313640416
933225186
759864251
287707245
308900151
668612028
455774170
258448272
614743422
105918347
966377981
157171968
354141080
857520371
812994556
512400279
490557875
131696701
132858780
429714229
50689884
300947792
378123232
906842310
202906864
173474489
260245257
665604461
149462103
471920662
686705443
81326996
773668569
952321109
23643432
488862760
931924720
758727832
108813833
909266485
372591816
309894864
93839581
187943714
692663055
492417942
352512313
861213152
353204619
615131534
378756053
185685809
577947404
974666201
852275068
80231722
74683473
365499316
996112117
996105831
956933114
955207844
59347858
69053314
245686647
801751458
32376721
302707743
52502501
261691718
550261726
295534198
394388186
17451
38402943
105918347
328464969
272621235
625492122
827387807
703702381
976974465
135525397
614615940
539550134
92775450
768206411
229197396
328331637
775076757
814153106
101675594
26489241
987441960
647269631
2740748
456351
136663758
755936236
468064576
903318781
739452626
177894324
844698945
312986956
1715276
559161784
245686647
715009352
17451
558758769
90309188
980095123
980655519
703702381
703702381
941900679
512130498
269740987
5472181
662919919
522994157
996112117
268541211
908806943
193593637
182024453
156673832
50689884
508876900
903954939
218122660
280314186
90285477
108402417
828984334
113412899
611673523
295512715
86582230
997868456
593040489
958183356
971940579
876010596
980095123
379805867
305585602
251652073
41041701
382602713
471883067
921583309
848312606
368602655
979939257
492926920
545103028
752004953
409479486
622668721
906842310
662919919
162274912
707109281
964735955
388956708
304525511
934022221
741532273
40295238
965079481
180697594
420990538
958323416
53328919
284267953
533262881
894093632
552522098
861213152
731752086
75841106
133836458
416818716
35438970
129873669
424635475
948768837
439989774
180436431
551567419
252092282
854707540
107352919
958183356
547489069
958183356
47814542
129873669
202349478
398426281
83341170
450540561
662919919
903954939
283644449
707987656
973778950
462006417
708388829
428902288
368602655
547489069
260245257
420560460
675923411
478664470
485436610
966242803
424635475
54797216
945746874
481286457
229948464
772624928
578756109
371233064
492926920
279329291
481518560
217761933
620521908
41673696
545004452
825613677
506394604
127651536
126093098
431977004
619390142
50689884
673566513
408884102
474735756
629239124
788576699
14038412
946325418
132359192
337766588
354037844
717107445
396097127
956933114
686394738
12025493
227739735
673471126
759864251
203770452
997868456
67857077
120302111
548076051
405719495
406533116
737560951
47456771
45777227
132359192
84397890
111925940
93839581
193604174
101682639
906842310
201964022
142962390
398426281
686394738
428184966
314988593
307147314
579715516
478664470
280314186
56975687
88477176
518094564
429933372
520734224
745257870
372591816
627754751
726663720
226925014
371542787
182022998
1715276
759192085
376267749
179101811
107274436
389942081
100336905
388243912
333169792
713635828
670857260
278093038
418691191
270107473
340716514
382585566
93839581
581185671
931924720
917652274
536496485
592571822
445262470
71016649
471926278
161489820
523070515
300896815
132359192
74683473
405139272
62582989
817367582
627923689
831793229
904525044
398426281
234418872
448457423
766547846
975696148
280314186
148977580
715009352
965079481
494684697
34277979
612171448
267203244
324803928
161451777
206969181
838015086
59347858
509489769
133836458
621601758
887224747
88391915
235384234
429714229
676307352
700447713
677030528
269740987
424968063
903954939
429714229
103415022
375721979
78372313
506394604
802659742
764344029
602809168
213658041
284313933
931230658
191940045
53166244
370090422
767968519
431774493
192215878
378123232
541953246
800093871
256028966
980095123
938188645
876010596
653322402
135960414
129873669
38878630
945519360
897088707
934022221
155914721
558758769
431053151
281643913
768167735
191038633
828450035
82608891
328187567
470949250
61904676
757525526
750078160
887224747
267931676
206499497
908806943
101098635
745257870
848667837
612955060
388243912
161644083
775076757
619050450
857957462
110446519
135666505
539550134
983469774
353204619
261691718
441003775
428450381
551567419
670392132
448457423
361994332
105918347
192215878
387305648
612955060
528148382
206499497
61203821
224554256
187943714
622668721
336279677
597637132
194572033
964735955
44740072
57617541
372905775
799132528
312343075
849285906
706094493
305585602
148977580
208979962
636110446
235832840
177179133
621601758
269740987
294872488
498675433
753259730
495589954
101675594
506394604
614788897
308900151
414635070
62282951
101161382
295512715
235384234
61353249
420055919
189910403
260245257
345816524
739452626
331519282
666998272
19124789
579872711
184468430
108813833
276328578
260295367
193604174
360708256
908806943
597637132
154038081
521937242
227739735
349963685
626855459
409684726
146702735
169626291
324803928
44740072
414635070
131696701
614788897
300947792
180135935
36045736
700433815
32376721
459478968
782577382
64582688
173615899
938652625
735581287
337766588
101675594
606046136
735775177
61203821
74683473
44510821
9179812
135592751
651
218122660
120302111
933225186
937432974
211209351
376484066
173106225
556899302
550261726
48716846
825613677
138602968
268541211
923954391
106482366
670392132
616881270
839230473
575697737
510427927
268541211
370090422
908441234
169280668
254612994
839967535
217761933
507290170
202056159
713635828
424234330
519659103
705927341
627698685
112193313
802383187
305585602
50689884
610849856
135960414
566628040
810060404
173106225
854707540
877008706
841994539
559048990
975696148
326426311
636330175
956361044
343341750
689968769
547289425
848312606
695864388
439775919
714920179
178135966
979881248
78915394
439775919
752004953
86717126
722837052
910785891
464623584
134027950
232623809
370162615
616271752
460723689
37162862
997968189
887546643
471883067
824354460
101098635
971940579
958183356
32010148
33243687
258448272
951047555
229197396
988210644
952321109
583052320
400953627
132359192
979881248
814406775
61203821
953905057
248459162
910785891
329035829
533262881
865883419
268541211
748686173
454816984
946325418
345720436
337390342
73161587
40631670
497890607
93839581
41378975
66482580
468064576
409684726
671205027
598908369
197153833
180436431
81326996
559161784
101352841
360708256
941900679
744068786
979881248
184468430
276328578
753613305
481286457
714381203
437458065
676803418
552728426
545004452
160003099
857520371
520734224
137205893
479600737
731359579
416818716
329370441
292768496
388956708
33243687
429439761
304525511
602809168
478664470
626855459
455417928
619050450
194032980
382585566
653322402
578756109
946201142
921583309
515123211
396382823
240531317
483642399
772131248
931924720
235384234
455417928
851501334
788576699
2740748
78915394
451637553
263492392
132097343
676709888
41673696
822227584
151079690
871036625
387390950
159490446
722837052
5647326
326366670
908610227
552522098
260245257
726511382
229948464
938876183
471920662
653172022
540892717
914996624
316107550
763763610
673388386
50968228
104726986
615131534
28694599
606188122
349455537
278815013
77731223
828105065
255449459
914996624
960326758
623791658
619050450
409684726
964735955
169626291
670857260
846347907
32376721
225571554
108402417
460980438
422201846
150059023
420990538
559048990
632355044
565966248
993071071
614743422
860243694
523070515
427105714
522620776
378756053
909266485
407473738
625422892
415932721
10923161
598767425
476172771
260722987
232909620
132097343
432408089
98799185
499878199
427105714
599293604
851501334
363550978
757525526
398426281
232140830
746133168
846347907
256028966
618224103
698837957
378756053
897731443
507757020
464623584
887224747
550261726
989195500
145043800
819942013
347473501
468383723
769803102
296134791
424635475
558076915
558076915
248459162
856583931
676803418
530924239
180697594
203770452
129873669
645849117
506973199
330916955
472578770
683758510
372591816
152031346
746133168
10953606
173474489
726663720
676307352
206499497
745257870
345720436
21542503
384259422
769163550
761453839
129362160
354037844
552522098
460723689
117197037
618224103
992764721
713635828
552728426
334555644
197930050
49349656
659362735
751437669
887224747
720997793
307722577
294796512
635476448
235384234
49349656
547760778
814153106
414514200
599293604
918991267
930773623
599293604
478664470
621086106
494940194
460723689
464623584
292768496
429714229
619390142
199264292
519198364
899293772
533262881
593040489
316107550
788576699
769163550
229197396
5647326
66482580
865883419
395114402
958323416
979947411
28576446
115868289
396097127
603953672
41673696
697160299
424635475
603953672
185685809
918991267
706094493
58452262
133781648
506973199
396097127
592571822
399761708
56850764
287707245
32010148
801761834
908610227
818205460
679933531
606046136
229951391
11878251
911357703
510427927
541953246
604441269
471926278
142962390
287707245
579872711
75414418
84397890
598788773
876010596
40295238
394562683
88477176
497625295
382585566
41673696
278093038
135666505
979881248
59347858
322098164
752696119
202405375
963038573
366261985
190565353
229525060
59347858
877008706
599293604
665604461
677030528
103415022
49680656
249198653
706089865
455417928
456351
799132528
834220811
129873669
946911117
834220811
157152152
822227584
340716514
159490446
955207844
289099728
741707113
711957915
670857260
788289324
731752086
742160445
313677991
14038412
519315313
677036921
685805572
108813833
349779585
996105831
84397890
160003099
108813833
519198364
236140080
476172771
411649787
91140158
611018017
93777703
50968228
636330175
481518560
267203244
439775919
194032980
343341750
245010161
471524025
185685809
10953606
865994584
176615095
535330587
176615095
40974898
77731223
328464969
569882533
116204225
518192664
229948464
387390950
32376721
659959972
41666728
179101811
276328578
203770452
307722577
71681871
653172022
755688819
557340858
845545479
120302111
240556039
678030044
33243687
410540351
254612994
604441269
769163550
627923689
353204619
483642399
666220510
499878199
376267749
755688819
206286252
376129193
736534966
108311755
185685809
232140830
328331637
75414418
973778950
376318853
673471126
788289324
604441269
428902288
759192085
56850764
64974360
909798646
622348153
198740712
478664470
351200885
235384234
795897329
427105714
602809168
61904676
636110446
157152152
855427061
937398431
854707540
814153106
176578377
559161784
989354762
75414418
916789133
176615095
309198019
753259730
534237906
960326758
668612028
896802391
764344029
326954599
388018541
6377288
980655519
569882533
887546643
612955060
325929363
309894864
340716514
610610425
904326525
903646691
990778917
590847469
566628040
706089865
433905832
199001114
387390950
602809168
96088552
714381203
547289425
211209351
423620046
814406775
495589954
992360165
279329291
51146214
29173852
719850908
553849423
519636857
690530060
731359579
636390797
345720436
828984334
245010161
96088552
974250991
316107550
420055919
550261726
507290170
326366670
958294707
496207654
548076051
318606977
652195040
235384234
232140830
648081189
428184966
965643729
45777227
334555644
61353249
176615095
89357032
326954599
163483591
686027270
635114681
198740712
307147314
602809168
327170944
358463379
312343075
375721979
980095123
294872488
307147314
162274912
176578377
612955060
47456771
349779585
510427927
838015086
928232465
700433815
71267161
714381203
715009352
753259730
887546643
251652073
12025493
696751590
327170944
599293604
547489069
855427061
741707113
703702381
396342514
547760778
679933531
325929363
245010161
11878251
705789375
810215374
973725343
56850764
736534966
659046373
154038081
506973199
19124789
705927341
945519360
911357703
462496511
519315313
636110446
326366670
659033959
55550576
180436431
604648167
619050450
647269631
756723677
806171262
295534198
125196977
945519360
41673696
584761672
194032980
358463379
205115482
929418760
133836458
606046136
822227584
675923411
74683473
64974360
40974898
990778917
677183536
40631670
420560460
662919919
552728426
641994474
946201142
865883419
703939454
460723689
668612028
767099084
929418760
838015086
894372551
877008706
21406493
552728426
376318853
990778917
515123211
938876183
721771271
621086106
396382823
55550576
14038412
934950355
464623584
307147314
117197037
750105392
666220510
324803928
388018541
968061490
125196977
398426281
293756270
548193306
615131534
324803928
316107550
422106530
879867435
422880572
436044481
284267953
636330175
30463227
211209351
722582937
610849856
309198019
903954939
279329291
476172771
260257456
485436610
768167735
69053314
308900151
318606977
496334493
691455345
358463379
562891862
762121869
490557875
125196977
547760778
614743422
802659742
332900887
814406775
855427061
764240410
191940045
762121869
518094564
951047555
40295238
820280438
518094564
93777703
212650853
813185245
855707364
219219174
37162862
388243912
984370088
744068786
305585602
61353249
300896815
278815013
737817873
428184966
512832418
696751590
334764472
74683473
704936229
162274912
293898899
569986072
618224103
19124789
772624928
801761834
113332998
854707540
358463379
716271821
12493623
372541170
450540561
353043588
229948464
992360165
662142332
287707245
23617204
792830042
428184966
719850908
872542910
512130498
71442225
621601758
55550576
