521426420
833965550
122615806
581572828
764983464
526458597
0
0
896245560
770233861
82972583
0
994743613
201066485
851642082
366753421
0
916582787
631780004
656239793
0
0
757639110
655952150
567388305
532211215
244616772
0
55391284
0
0
0
224241658
553902839
439390811
811405049
108075428
832493843
879552472
824050898
203380173
531169571
0
477992134
0
331146463
0
984372477
211843113
346239080
701013723
759780808
12543997
0
168615118
208378823
303702487
0
0
72861108
431534641
0
561159888
615238253
0
98908969
0
455545529
793365208
993694632
240497221
0
406879678
619931957
0
0
0
790297130
0
559483046
0
301274496
379602480
0
676512405
620262967
0
0
214868765
0
0
0
0
0
0
732408842
0
0
633521027
550133150
0
50173721
0
0
0
0
642733662
817834829
513862221
961535097
880225052
4540644
0
0
826488610
0
276011423
141567025
40233617
0
0
525517227
437369749
0
796431272
22750759
0
0
518003265
0
514668883
0
240985287
902450613
0
0
779708685
0
0
872992335
143011077
758108377
164438815
0
262971016
803821687
0
846486653
0
0
794184203
288587088
0
1901210
611079539
0
0
0
779075631
0
0
394827692
0
0
0
912684484
0
0
754095614
0
0
834328237
0
927242350
0
0
935131840
0
462756996
640101250
262719045
715736167
630476118
0
0
0
130425747
0
0
243501334
0
0
954671402
0
0
0
0
561120875
958741410
0
925614466
908899626
886610984
0
826345416
0
0
321138350
958343042
0
285071788
0
0
498592290
0
0
184377150
567202900
0
190861054
213118540
353641431
669033239
138901341
0
424639989
0
192833134
0
64841414
702054399
98315230
0
0
0
0
698180431
292613542
427073296
0
0
0
17824506
704721165
59224373
979949607
0
0
143132363
757077026
949032609
128881620
0
0
331986176
844930050
0
245086915
249529203
858771312
0
340678424
0
878639905
0
0
0
303693236
936790147
244636708
535157194
323904693
0
140566191
0
27382129
3880141
0
69378301
266946222
472481051
134268598
0
720013562
0
983118903
972516527
0
621148400
885975357
0
523944750
0
163906627
15050425
645624428
0
0
413363610
102617206
96766974
264624817
0
0
362704982
0
578465537
798277681
0
440041939
792321981
351977514
699499658
187874167
0
941698298
237084143
0
772210612
528
0
459791653
151201005
793419237
776363057
329127689
510800717
817699845
492760229
570353727
223664544
545954315
840039810
6224138
934727768
488950446
0
900455675
629390081
260121467
204475605
713163246
0
948053987
949621206
0
0
0
786256384
135273918
436470520
874924593
129090923
47655367
0
692918923
217262225
294085321
864706613
0
0
167933876
0
667393124
528407128
0
0
0
0
0
0
0
0
0
0
526285253
0
896526537
129747881
420210864
858918796
0
0
0
72337025
102704846
528082539
0
0
178573976
0
275528376
0
0
0
525378978
622149131
162619869
749301519
0
90037245
21169623
149018236
958704097
0
0
0
0
0
0
762255045
0
0
70561374
244636708
152092145
774065300
217120693
698699561
52399970
24302207
0
752122141
0
546661436
0
0
0
0
686367384
80022677
0
464756466
333317319
0
374201641
786115450
0
328647464
229114603
0
0
0
272683895
0
205384077
0
102838955
667484821
0
44016001
811204131
559130374
3619544
484540309
0
0
0
841132473
34295010
712255041
0
0
0
161508583
809772695
974791000
314414575
0
0
153519152
224746407
0
183815370
193982740
0
0
0
315401165
474615841
0
0
0
101828922
653794849
0
562439080
0
963896581
433609361
676449378
0
264949092
0
788489601
460736895
0
528082539
908002070
46537308
53901752
755301715
402181518
473099438
939632160
0
168702257
686844899
502001991
860532842
0
74268405
174297816
896784016
969517189
0
605617997
289207794
0
0
0
595846886
40678316
226586212
0
126559411
920332101
994953237
270496250
0
0
0
0
0
418483408
0
0
543616198
655261794
206976052
97723143
885274666
0
237480569
0
149483456
0
488481134
0
0
0
927935723
629520612
0
544467229
124546926
61566177
77502718
0
886399020
0
0
0
863183160
0
833309589
929166910
0
914756076
0
513211953
874246865
0
208847048
457099621
0
0
555804128
238773104
41490036
0
0
761433524
184446853
104175932
0
629593206
429352117
537396980
0
235156123
218932549
0
0
735915977
0
0
164010555
359963915
285734211
289207794
837999870
356725258
848535740
966880003
328552940
0
0
0
0
302696444
0
0
0
584408944
946925663
0
434487434
587749796
730549845
76139899
11310025
966435298
287055231
0
0
690746197
157082368
293809182
939458547
340911136
0
621831845
0
338210852
154997165
680156927
0
0
98609098
0
983177136
0
0
560373161
133293718
666680006
831939982
436821618
441775373
970563608
880661986
72557935
625145146
0
106285390
11620586
0
0
0
627649566
897457828
982472777
0
253169626
112160666
0
0
0
42094183
108199256
0
817999494
300403440
200909408
30883327
478077995
896745842
0
753432125
0
0
740706581
132560697
0
312644319
697995543
924523734
0
0
0
301931015
534570356
721919441
454234653
926735871
0
521798953
101922668
738933670
173990002
786853459
128083796
0
492094299
0
109207533
56668051
961467275
549906210
863799583
0
271001618
664582039
0
0
42060084
0
224993466
0
0
0
0
0
0
723790548
417479657
0
785574332
0
0
0
272722630
131441974
0
0
0
967160703
224376625
0
0
441143200
0
816367222
660620219
138864161
757896264
963356236
593777951
242243499
274162051
0
0
934926
887488621
804063047
0
993281021
493693371
0
0
559429885
619009345
0
797330629
629589551
0
0
0
786140063
54745254
112939015
573033449
0
0
500663453
0
504495468
0
582183042
350736863
0
262578190
300323016
629518446
101188006
483541666
475725535
0
173653413
201753925
472408672
0
182759473
9138861
0
781582483
325710749
643923999
0
41225719
82007319
0
682332574
75303805
0
616857598
0
896245560
981666020
397970418
0
569216785
0
486039055
4457932
119370743
957345219
288746775
0
0
0
748881787
0
47705308
0
288796740
127217080
0
801489226
0
78157051
819042933
955829527
0
0
433910432
15021189
0
0
727625738
736723888
0
0
759852609
941690322
847743069
0
0
127172787
821986123
948053987
863020054
557345565
0
318955613
910303271
96476154
425826847
746037646
0
946692958
521338385
0
696236671
0
864474421
381440811
373405745
0
2360627
178890083
995216593
878420983
979425553
508986161
936093529
855739452
0
228478083
0
0
599434220
865615015
80293780
458169353
671734818
0
420318192
134159827
281477866
493826312
162269835
0
0
173494347
833088058
202146869
0
0
0
533755500
0
422414967
496753209
856229285
630439833
163184511
0
0
0
178289318
628935402
782414384
0
0
654365440
826339275
725996110
888167098
741115256
808674512
0
0
656602747
0
545106109
460831004
507166565
0
272735943
0
0
627501757
0
611710812
0
0
0
0
326242905
87787550
850169936
0
856897286
985778940
0
0
24198087
0
173765366
0
0
696317144
26756718
0
234009785
481031480
792174289
0
0
872009874
172922206
26105193
297210446
0
207391499
763715544
275204834
0
177077094
0
56668634
871866753
713344718
0
347264411
0
812424345
0
0
38644088
557359389
264232178
0
343112425
765207524
813155436
0
0
0
0
997892651
350495106
471016399
768485192
0
416725509
230907393
0
43843115
355582285
970755883
0
0
0
752680131
464207029
0
0
0
0
974065506
766849875
873072196
702468427
0
936340597
98862794
0
424588694
0
649083595
980214034
988258585
617333593
0
891849852
0
705924900
0
993189249
0
0
491900615
560564904
0
919478451
578761841
560564904
916705208
0
0
716802928
130155045
496123725
270078265
803847713
414222827
0
0
516203649
422824879
597879180
356945084
0
690033595
0
951056210
8561140
69968776
698209215
413471865
0
187284322
763906489
0
740462010
0
969698191
791763559
528711678
890575152
898142525
156501458
378923322
0
0
239468003
748243666
0
508778546
0
0
267997022
924930319
0
0
0
801398799
840591125
0
632500445
426327037
94484310
0
0
734964970
59802892
917294249
0
0
854131480
827446268
592940640
0
770233861
302786130
832341196
269193096
159704874
814835293
187579096
0
796370689
869349837
0
0
414458660
0
0
0
736987660
398212306
759034643
0
632690577
515985797
567754911
304976163
681791477
0
730150786
951122297
158287209
167094498
190011897
0
0
0
661442846
0
998094458
437686977
842588693
816224414
105447470
530259108
186735149
25576423
259820781
0
373911999
0
0
6507779
743652087
0
0
0
684030015
493027689
0
0
397116879
0
811659705
741010651
0
0
577470572
358451723
384168153
491738531
0
816510536
0
0
0
177780506
0
0
945997830
870213155
899982893
162582556
251397878
674201238
716953074
233606657
482524650
0
0
714821510
25361786
122333322
873935261
0
0
4578921
0
304817375
0
0
164004777
0
0
561283512
100211609
821830996
796737373
0
0
0
0
0
347811362
802432474
55479213
961042233
0
424734686
0
0
934764576
0
179377243
849595409
879063050
0
531403269
982627242
176158865
0
918446947
0
132766105
128749521
0
494453842
477843439
346625127
917136997
0
0
600
592180691
793001261
138787102
684443421
360806300
366769390
734568420
0
102663415
31358435
0
121059192
352931157
636180269
0
0
0
0
526063553
828918267
372240856
0
977673573
803312439
458575018
399156744
563359711
29392766
0
907903248
0
0
0
0
264288319
0
0
0
0
0
0
0
675111287
521468891
178118483
250451182
712487080
0
714025610
0
481251135
740393134
0
402345770
935825847
373306342
339555854
505709230
0
256273940
0
0
735529427
793753128
452077859
772012221
300257928
0
106352588
863691155
910279877
930820475
0
354369026
0
913724444
0
509399945
0
0
0
158354624
0
0
890408546
0
993752251
258703351
206987738
390785811
0
0
570029285
627925068
138083175
637107648
134225136
173601792
730770746
0
944664616
853258207
663688331
0
669005279
158486435
0
0
0
432893251
0
888603549
565553179
745880714
608596452
0
2526295
854881312
746063733
0
191818582
0
0
0
252220196
915627210
790268872
320706345
0
276228974
492203027
242539262
130155045
0
563401512
0
0
277954161
189383625
367094291
796963519
0
0
0
181898827
380365544
0
353453538
0
0
15768313
374721955
0
893485919
0
0
0
0
0
740618050
0
883341938
0
0
309864188
377722360
0
674023973
775661610
954157823
64015155
0
237859425
0
384168153
189054801
0
0
0
167057551
690349466
826487392
525130028
100528506
856733667
0
135273918
856349505
0
0
451137295
464038034
0
151995575
351206181
339301266
0
0
235419542
359299297
0
0
86410075
0
505547930
334654100
746647415
0
0
988271637
950748872
0
0
193154542
0
511116948
0
548817112
436170594
0
0
0
79978553
0
479148960
924336021
116580621
841423892
0
0
0
0
632611337
75987185
0
600018657
0
685375132
246807272
95150534
945829462
148178868
803840277
782596429
0
46323494
260713618
0
0
387223317
620703418
489154010
972545468
4076212
0
0
0
696649876
0
0
0
243510514
0
0
829347505
930955141
145721760
932774990
67177894
222020439
0
0
0
0
0
811090429
0
0
0
0
119308327
420292917
290227681
0
0
0
0
0
544112682
0
354541047
0
397844669
0
557322755
0
0
958413841
0
0
96138162
755380064
0
859647771
0
0
0
306825733
0
77655135
0
820775859
391945216
485758002
0
0
0
965410092
0
0
525047793
985551158
942559460
0
0
906230038
0
139178594
417637959
173898144
157450482
79337748
694184855
109434190
505925882
471317343
504316364
436134019
0
0
0
0
0
176567255
294526961
0
0
0
559065597
129196521
369442788
0
959475438
345327835
940306355
293307970
441161020
0
26794226
0
207636208
555428299
633343011
0
595963372
0
94870987
301201064
0
0
312848185
978989601
929451997
17084449
614042964
156813901
0
0
844522597
103996170
521788859
635707647
715521953
238115850
395780689
0
0
832744008
901558519
0
383253067
0
674729120
0
566257973
0
397698609
0
0
350774495
0
0
282188872
548680863
239320654
0
630271918
0
0
0
577649633
0
0
984372477
0
119638264
596080640
174741082
923476160
0
813218447
0
243813943
315628094
0
0
0
45422520
0
979427690
312410442
374932698
0
0
0
238390123
738062237
0
954254550
109854859
0
423427701
193274039
755285265
0
0
627413108
147735819
111258095
259780749
0
378060798
0
372891149
0
0
0
0
121175870
0
92445069
0
567499396
120653821
0
745193648
506914414
993076650
0
0
0
0
0
0
0
0
528742928
981666020
648452290
813087764
0
0
564300270
254747953
732130845
631550599
185372164
602461013
0
888261957
989165264
694194557
0
0
645017152
143835280
128912818
0
0
907877125
89881872
0
953438280
793941811
871898386
0
366750750
0
0
0
773758959
739715400
976566303
748207448
0
325021033
0
789256872
0
486245307
0
585861163
661547355
189323410
0
220453346
833025956
252837402
674702253
926540774
678981089
0
0
783932866
616798577
641867609
0
0
861742041
799287104
0
921321682
737997043
0
395258382
3874476
658211079
0
509443700
0
201917111
0
0
0
829477839
715197116
453132837
0
0
72861108
417730766
0
917294249
0
977320903
0
0
605568070
0
0
510662115
58519685
282473437
0
0
0
349355997
773205695
0
0
592392105
879642083
67196009
170789495
0
207177241
868110567
0
260678406
0
95829036
0
0
51145904
0
55323380
0
160349829
875949960
546187995
13386164
922776382
977320903
0
168464326
183375160
728003242
669451994
889961437
0
0
321541942
0
0
0
0
0
116271397
651478073
663361143
713563275
0
0
0
0
840010089
113038005
571793426
6416120
0
0
270998984
0
0
0
0
86846101
633792356
730894753
968252333
0
517835343
221059765
0
767349208
972542734
0
0
884386758
53064814
355805480
0
779501772
422220422
0
199538824
987891367
0
942210228
0
24231417
234015551
203017978
0
0
695092226
108906259
733924149
22019656
0
0
91547708
668816012
228567250
300585538
614287232
350827719
664742020
152860607
0
0
0
836136073
0
0
494821295
868401101
0
0
128290031
466148352
509673876
15840066
0
0
0
215363645
940816045
32015422
243384731
14660215
0
0
0
616945444
269790453
832662632
344243350
931694754
332104255
335029136
0
840792520
367648636
0
146321234
0
0
823151757
0
828835731
0
23386813
826856378
742326012
180731658
176541255
0
871137553
88755208
0
0
0
899142047
0
0
816224414
0
719632016
0
929391251
378042079
49551840
588399112
691198805
983875841
415327181
598113887
143550507
0
844546829
0
0
0
839793524
106437677
0
494361274
730376668
0
675027705
338431128
512097578
207792035
0
395293989
503519947
922729870
390574283
257212499
0
116713182
352682934
0
167172695
337677351
0
1851889
806897431
0
418530685
633098770
61608528
0
0
0
0
812247083
308618179
837721533
357175345
387883691
0
554790239
0
0
0
385344190
410610698
132699177
876437618
0
1439660
0
222170177
122829440
457694993
369766286
0
622978746
0
0
150331477
313478381
0
300415679
0
421271775
0
0
626789572
249309992
255137205
717349547
44899277
981530866
363228973
0
352069034
0
141447967
0
0
249229827
446313117
0
0
758770289
0
277074301
0
0
978448921
0
0
745001624
0
0
763537671
315452778
872092931
956878840
223869366
91013917
700475789
0
315391050
0
522372726
72813171
413987692
0
594275755
0
0
44634919
567187964
0
473508315
684538301
0
389684153
673413694
641682068
0
683190465
0
0
0
0
0
80004330
0
0
895577930
0
0
0
286953899
118221248
273306153
0
427201819
308966649
709316491
0
497746958
177466180
0
979521079
0
600690603
278861785
0
295930309
505075193
0
0
453123926
0
0
303408158
862753850
341280544
0
0
0
0
0
0
0
0
0
773763143
16850871
0
339748246
0
921142954
0
192132976
700016341
790004966
0
185942302
736424944
699454306
284655362
487372968
519452618
28874110
792102512
0
598913707
143717755
222757279
794493338
0
275194728
62449960
465267101
49079985
593272822
771104525
525500004
237075099
910279877
0
242923827
0
595267044
923906189
701920976
417246480
785379717
0
234223259
643772729
0
131343512
0
497498516
52912820
0
560157229
635536924
0
5222724
0
0
857944608
422220422
0
73447442
988357486
884370902
0
268764812
451515518
316969235
785526071
0
975334483
0
0
568771499
0
605415596
907746506
0
12610101
649940949
0
0
188690228
347510371
152998805
13803280
464240034
0
272457771
735672515
475164697
0
9524634
0
0
603397431
0
231577226
912786212
863331965
0
0
0
741892127
0
878028998
0
0
675217603
106996498
965138992
0
254519499
255137205
102669032
0
889040199
343432389
184847750
343540852
464678116
174808526
0
849860515
0
0
483997188
412165980
0
571974993
667829613
160422587
0
0
0
0
640940309
188168762
849139405
0
266499346
626631493
0
991744165
0
238289334
96861900
770614512
0
595297606
378465070
0
0
0
0
0
0
619518620
0
0
0
287646686
673032838
0
406495934
940398995
5169375
812345910
736815601
0
652399913
599880456
0
758472188
257230460
399764554
0
351689539
714350228
889068490
0
87138877
0
854262945
237837071
0
129549986
294783160
0
491121940
0
286229404
0
0
828104993
637266649
837832163
0
786934995
933553314
0
0
0
0
0
0
0
0
810097076
643532084
0
0
111441614
0
0
753043983
895542305
563250353
0
0
0
0
605749943
0
0
179405316
0
931644943
425566322
0
0
0
0
863166078
0
0
839397427
0
147300670
0
895165626
641996056
685215122
0
0
0
0
452089193
562643758
0
972400018
0
563601985
0
0
0
0
442287002
0
0
696236671
479656132
397970418
579530665
743054353
676512405
0
0
415567563
509704133
704419761
0
295611660
652832643
0
0
767247081
584752847
50105360
0
164635766
0
0
0
666716736
139495524
0
0
728400839
352214935
0
0
423843826
960468366
505173287
939394297
240771154
604770054
0
279927827
0
822163069
546767534
11792404
783800739
54110222
670521184
139153736
0
367342347
399580485
324396387
0
0
234281434
0
0
888559370
658495646
966586387
0
161354634
0
0
0
0
0
0
0
452191561
0
0
266928469
0
428208811
0
0
0
161704342
9702
874460888
0
541007490
614819685
0
0
0
679401675
470783138
0
0
778519499
614785633
0
140643054
419733046
958092351
0
946233446
0
178778431
416270415
0
0
617333593
0
0
586120020
176255907
0
71787025
916987914
0
812028862
490617245
0
463716662
0
0
687783691
908733332
0
0
475812532
528776718
980258754
528405864
850998494
899174366
0
623896475
442342082
145730447
32231307
0
715344172
902392586
638929760
0
0
282740725
831930105
137030217
235918406
255010505
366397789
0
243355898
0
368149690
0
205596201
121145724
42760115
0
0
0
649680835
0
0
380005966
85730232
887135337
285071867
0
806266923
0
0
138607041
0
808102583
0
0
53794587
672247974
85736225
0
0
0
228833966
492550470
0
0
0
864148983
95243250
0
885853532
394849439
0
0
0
0
210327042
370470909
403640497
0
824567886
0
37484194
0
0
0
556179772
177399499
627395676
681778933
89211988
0
0
0
0
883300842
864723161
774280855
708606225
0
0
417690485
23386813
0
328525234
700632813
469363571
0
0
0
0
0
0
934661393
0
833956251
424713549
0
0
226554678
134477844
51856515
465903028
893002232
886914543
0
954370223
71207083
346902886
0
0
78219634
0
757873554
77450626
748769146
0
0
778748998
395424214
639141610
0
743285236
967558375
0
891025826
561422495
808356235
188459355
755072120
0
0
0
915761912
626425324
0
934621811
843382143
837918896
134989561
98296732
0
0
614892864
511685039
0
482174594
971735039
0
0
0
724909469
0
5496827
0
818076814
330466158
0
0
726394920
0
876936391
0
764716278
181179966
0
0
519775914
398272068
0
0
376994161
0
697390359
253133478
51951633
178974868
47253485
0
720595973
374390887
866811649
545132713
540864321
238101745
0
137949666
0
0
216056506
695149275
0
0
515893536
57382836
0
960216277
6803649
0
845232380
630271918
0
0
940985223
101888564
182378129
738675984
0
721316811
249229917
0
430698225
0
0
0
0
0
113743320
0
0
281342683
738267069
352512289
0
145032718
262059702
183920535
517179050
33772268
0
0
88439569
0
149451985
55570547
162378194
5611116
824862850
0
0
337394505
969698191
650949431
0
0
0
547786390
235498693
0
0
538037872
530259108
0
159346183
320234144
765373955
0
0
674226745
0
0
0
0
0
0
326605565
673396376
0
0
658566475
361902619
0
901456019
648081250
56273916
0
430731664
0
0
828854310
0
334659690
414818092
658339648
699053316
805905566
0
255535305
872257802
553339674
0
758656058
346447571
796431272
0
101025193
377232147
0
0
301010293
590705698
244109439
187430864
678894349
0
127458149
0
442238303
917355280
0
616788604
160990398
211854955
484348973
238581535
695329837
0
861495613
922629095
929867014
0
0
901960407
91149574
0
775427908
891849852
0
0
30694650
773833144
117831881
0
0
0
90318551
0
0
0
729593178
130589020
801986400
0
175570931
360811502
509838487
823400601
253932574
636609895
0
332900773
0
0
0
189037439
337480994
951712747
619229248
0
88753259
700620521
0
0
0
0
574838150
0
0
771058880
0
0
530139644
544458038
111469033
238057513
439631141
248499478
0
0
996761670
0
977884015
400196783
513211953
0
0
0
0
45807215
789142890
0
0
0
468036569
829477839
531079724
636180269
998018747
604952175
649235760
308795656
188279694
158615543
905136622
468265297
0
0
0
747720824
623211298
0
489644354
0
0
0
0
0
244416414
0
907765689
289310855
0
628051870
0
911904770
0
144787399
974621196
343812211
226520548
446207275
920391905
537187979
0
0
391253268
0
0
163567089
0
56210658
419847005
214006997
127644787
0
0
594644145
171926880
690234232
684219304
0
660468956
0
374201094
0
606364281
0
0
0
204845291
0
793002171
509871280
578021012
195513427
0
157964828
0
0
970397931
208684057
733541120
474641730
0
0
0
792265211
0
0
742754521
311677045
684353069
0
0
807644336
0
0
884944378
0
0
453505917
0
0
734273836
0
896047775
0
0
182103756
903139042
309235791
0
499754684
375158036
0
0
0
933908089
0
0
0
14210313
0
581909658
690592337
0
696489794
0
0
310752746
172100459
943318747
837722903
577552709
219816401
542504067
0
481739920
727554068
787289348
0
0
0
0
0
167855877
294526961
0
0
45603835
222641547
271931253
0
17911353
410342112
0
0
0
0
0
921129060
700582950
0
0
123018309
0
0
263468623
0
839326466
869852172
0
939023582
0
0
0
682138576
0
645833593
0
376693920
0
0
0
375714707
636577246
0
97994798
726503324
452077859
162098565
0
147403301
99938684
0
528237017
450597810
0
165353566
885806265
0
743162623
0
0
0
286830990
0
726478816
585226837
885328550
0
0
86091834
0
0
340136389
0
770614512
331440229
203159728
12758971
452930915
992704084
988561612
0
0
236147251
0
858012507
0
857693963
893298007
659897075
393481114
0
0
0
0
0
368783225
0
0
434398183
0
56668634
717081016
0
354869501
204677940
0
574712397
0
698740572
246472663
91629172
0
0
774203561
313471442
515450154
785645455
564485883
0
0
616247863
840846962
499874422
0
88749403
0
259366659
0
339020589
0
0
918036800
0
508627979
161086847
205940413
889522132
132079077
320983580
793675981
0
391037397
667702116
0
0
815875731
595818987
385790652
832103734
0
83310399
693702438
491333015
837821310
232520376
529430773
537862910
846620616
313018962
688180421
0
855860984
0
651637664
534268460
924889335
310165242
693918676
0
22750759
825193532
82774035
94392398
828229849
481122744
375430506
0
0
780810670
0
0
0
598087153
0
11391238
0
628958833
303597328
0
0
0
0
0
0
674743128
89170207
35058819
89676664
0
275296511
0
0
997058545
9899540
0
497641841
0
512432784
2634337
0
93587705
129549986
757729483
422933608
391443767
675101795
850879134
177318512
0
0
482132665
0
0
0
712953018
950172519
470489159
0
0
0
936589249
951346344
0
0
0
317901808
0
278711291
612267941
570161010
0
0
733699619
972789304
0
780445722
0
0
601731824
8415716
11790520
0
0
299986362
0
0
0
0
68046477
0
0
432637452
513363054
644445541
0
0
805368141
316502456
0
795692558
0
0
241514884
229128163
311704651
480521116
0
0
805173004
0
417805192
0
787981915
0
824683485
0
87977880
552261260
676979111
192589344
334805093
753353625
12938181
7854008
622269586
617605188
0
192180531
901706152
909250988
996333347
879742320
384039621
302549360
431026387
0
0
0
0
0
0
122172684
414949364
527501720
398884259
0
189184520
565461104
0
0
808228255
568018417
718931713
656198168
655268335
0
659965659
969571254
0
830046813
0
796321869
552145838
0
0
581831329
886764264
315181980
0
0
199851083
104076727
0
0
0
0
0
0
0
561477851
0
0
274690523
0
970755883
0
0
0
832625517
466375679
0
0
802117057
0
753436790
0
693739527
5836335
0
0
731589220
745837099
259820781
440244116
0
0
911521262
656961889
0
842735990
622054769
0
304909131
802463901
0
224111703
467799552
924351314
736494448
101654664
336263240
539260634
0
261300158
0
0
379971556
0
762742241
683153847
0
0
718722188
0
0
271431096
52010351
625312967
0
345291542
998135250
485617437
897370197
0
975341984
0
29496915
738315889
0
0
0
0
564615134
780245317
208553656
769719418
94249275
0
0
741779615
423175397
911770996
0
961357571
936602807
0
351509747
895788604
0
0
0
0
312138381
43028681
260518317
0
489033825
288242139
222914140
12012
0
167678087
224881132
0
3809730
64545701
0
0
0
0
0
987550369
471915179
0
302904978
0
275089713
0
448342411
197337892
102214041
480901375
135644197
913282578
0
2634337
0
0
0
0
283103960
0
152144096
0
0
863699475
582929534
0
0
0
305046528
253720352
0
0
272293829
612317836
337720215
0
688185974
489264474
197903895
361275281
759655067
562823730
120653821
963942102
647995138
250364656
0
388286109
177918705
641836803
0
130174358
0
0
556432818
760671257
615175239
0
151466817
371514366
133003542
911750875
0
33324483
855526155
885414357
0
0
902465220
0
440720981
0
0
0
507078469
0
0
900455675
804253667
0
288317919
0
162164505
0
0
0
237144814
0
489742967
0
820871578
0
0
331184211
841876282
0
0
994140540
0
986980192
273832623
351635018
342017115
286012332
719281409
0
984941382
0
335544265
65823585
247326935
256451384
0
14350806
0
0
539069825
303520088
0
98105366
460927678
859243568
0
0
360451714
259460495
0
0
0
178766737
0
14471750
763051710
495371546
161558626
464824385
14102290
383902575
247053982
0
0
0
232870886
0
0
155593762
896745636
104861446
0
524252108
683745607
0
0
0
247898646
0
0
772179088
453052096
332447905
326866328
0
0
1709436
0
718406999
0
0
181050286
0
0
0
0
369024278
0
242059071
537174726
328986331
0
0
0
747088531
131731756
596934040
980352501
614443205
995595063
458901701
829575293
0
422213372
929504134
0
686528773
975355330
659017041
0
0
0
931830451
752470517
711961447
88048259
3352477
346710009
267489036
0
0
0
0
0
11088
252265941
613233201
0
51713412
0
593600940
0
0
618982609
0
416224914
0
639255770
324938174
0
827550919
494216047
28021392
0
894494782
625030912
0
0
0
765331318
130501596
0
339333374
502951690
905237626
205620126
0
48337617
0
308329635
0
450513686
280628025
0
925167163
0
0
0
0
0
467651278
634315886
0
255794627
0
0
920332101
737823500
283093122
371544693
229267947
0
0
0
271451457
742138660
223621931
967745015
0
5083029
0
577422298
0
812952627
0
855910757
246452731
0
618780850
0
723534177
0
810622570
527556415
0
761799367
889021780
324396387
0
951807560
0
629426083
311512506
0
706104219
147475273
107951630
534344696
0
0
559483046
139780132
452287930
124623852
156140065
0
0
286653675
0
643640694
0
629788967
0
0
0
0
0
0
0
0
613014763
0
53077891
0
18192570
679528716
605433192
0
553675990
243786276
82939362
16544121
613693814
575990903
0
3619544
63075878
133856660
783674418
130079086
0
454253706
141567025
786403093
0
0
0
0
0
394683788
0
0
605732463
507627924
3766058
0
0
0
12984752
0
174816872
0
0
0
0
83019457
0
0
816048071
719612540
0
0
559553870
0
0
761785051
0
240196885
586935345
377219431
911341841
0
597260371
298490360
0
0
0
0
0
0
0
591074179
989878274
824862850
0
0
0
0
498915371
725258574
370300037
750233417
494623264
0
450909324
154680769
0
0
19200173
138707948
401387440
0
237510525
0
979276372
783445167
391999205
0
479006865
0
956353311
935048721
0
582481137
0
213697431
53815377
0
0
318512947
669538647
0
0
654207395
0
0
796823461
613118160
0
321944342
0
294653358
0
0
773466883
0
961921445
0
0
961357571
538151775
165516943
149196701
979405510
0
236460778
0
103992854
226633937
301247993
0
0
0
0
0
78444188
0
0
105447470
489624581
0
0
910625615
0
917488441
464379796
270198886
0
957549288
0
0
0
866543001
658296054
777246825
90382394
966520250
161861689
562439080
62836785
0
917518637
0
480292116
545710349
0
25694146
0
801630362
0
0
0
255007209
555989529
280854867
0
0
205620126
0
755665736
0
0
617919113
124433992
722770172
945510057
557606584
0
0
0
661326465
0
556161380
684910879
749567256
531074877
977613897
0
852722054
0
993454925
0
561662484
0
761280166
35862945
71195800
0
923724435
0
0
0
902143246
0
300588395
756833336
721213743
509063447
71651157
35746533
699499658
761150971
838627762
0
314553352
690022489
691338093
937485264
0
0
551147885
0
0
0
288825143
0
127217080
777011783
0
907680977
497754639
0
0
600264585
0
0
0
880992553
673320003
0
370691197
48870522
19574363
521677754
175407885
634036288
0
906141288
513114422
0
0
0
113669258
878639905
928605873
394095473
927069791
231795312
0
995478310
376454376
772360303
493170438
0
372744083
0
978108252
285733867
103995555
1901210
770778252
805117138
64515730
0
951383508
0
763744234
375399099
572979678
926062202
882671807
0
111769228
779007539
0
0
854147752
0
834573252
11190194
872759671
626836138
0
464038034
377287676
226682220
0
264246717
557359389
740557084
874574719
908214022
675963784
9313245
0
0
296778514
699499658
875046598
933903831
0
576571573
419242582
70014196
322435157
242951170
970790396
0
258905866
288482929
0
344854570
622563583
57707083
100738985
895735984
297618538
991641600
0
0
728961712
769809419
640691478
713627528
0
870147119
0
732663924
718089205
452837055
483710954
0
0
0
264976553
0
749392157
0
0
0
547037149
375124518
0
0
0
238858577
0
303693236
262646999
0
0
2628768
0
625782058
569529313
995527076
46362846
0
0
43686847
189699134
0
7228209
907765689
753165937
880828475
790813432
304779619
0
0
716671822
399012115
82812251
212303812
116392452
109607251
729351732
0
0
908804135
631411906
0
835690587
727773384
0
114619019
524867793
40528381
684553225
0
0
562678746
229461619
0
68543113
64737300
0
201867745
773153645
0
0
509937268
345311350
382439895
0
699872446
78412158
0
31541758
0
688226420
71805623
537187979
738037208
546005717
789020005
0
923906189
157795700
856733667
0
405046004
491124134
931154900
0
0
0
845426425
590109326
0
498023138
76993491
121193223
564504088
44216799
24458201
383253067
648764667
679467839
771002824
584329457
754319678
440747919
0
281138873
0
0
0
758085215
162179228
0
79803341
0
979112081
248054784
558350172
182103756
545041273
209541948
46922449
533279488
195094412
419242582
18161563
584377850
0
375305509
228640190
561401408
0
0
312157451
0
291348152
463569608
0
973700301
867182827
0
0
317473275
718864685
997596200
0
813872851
724274453
133045103
0
947505096
791723503
0
798731547
193224348
851488786
735134526
10670778
651163565
626714006
0
0
0
908345779
0
0
450743270
614026415
0
0
275648983
603562687
0
186070098
0
0
0
223985383
745606482
0
0
0
987891367
0
601008404
922776382
512055198
597663586
990776712
522437314
0
0
0
449421350
817558036
885161696
0
0
448579249
482638671
774044551
395424214
0
192198130
509704133
0
0
470985918
589110100
0
0
555055907
153927564
823485520
0
687076521
0
0
0
377111624
865856378
0
474696950
0
175502567
0
794825822
643079248
42659199
0
197440476
0
0
245153072
376159687
0
416013409
910408506
0
301512075
0
0
0
0
540031248
855061687
339352370
0
854519730
386431097
0
106231831
345744001
980587274
675084480
754395899
952518912
0
0
607236447
268070437
970803127
0
0
466186302
0
352288491
0
405660733
0
447419675
0
769595452
837165565
500965567
732538234
0
231784853
0
901611181
0
868218297
126930464
677543159
925506236
751697581
676775563
0
484944677
613944252
940588298
217285877
815875731
723860498
253966956
924035446
142767371
0
68870846
0
0
152656209
867487493
0
72126437
117874403
0
73421931
0
566773787
955400387
440571557
799921942
926735871
0
77098907
0
608174817
0
368944992
698489932
829248893
0
0
482416034
0
382194225
0
855712830
865709155
757081299
0
791763559
0
0
327699986
467993464
0
602640221
715918875
210995104
374314626
208852951
0
390549289
0
0
0
923466580
0
0
586637453
0
0
0
0
0
220461223
0
741991823
0
784977913
0
181735728
671870362
488278371
387537170
664994337
899416593
0
0
359286497
855122029
566773787
888759482
0
903139042
220058614
189749481
780546443
0
1182111
525047793
72198629
193295742
787152022
704419761
609813771
34551840
441260607
493701776
123822834
0
0
0
776178660
471646214
895710873
593376424
558869616
277623193
0
317618244
815669980
592392105
940821313
107829078
60292312
0
0
269757851
392139132
953040972
373666473
0
0
0
0
715530361
66233655
602357596
53791787
285556005
0
314360988
613785581
863352653
184496172
0
130848401
0
0
137305245
0
0
828506675
3348748
864842576
0
0
0
948850796
202124387
0
0
0
0
0
0
643230569
561055765
0
299658539
980113837
0
24057269
268215930
990248332
457050551
986889368
506250415
0
197477924
776095373
0
788467837
0
576701930
567985658
0
82548587
909360973
206736352
796436205
445777656
0
0
35443730
0
167698635
567322286
391037397
327762823
597879180
57480824
0
0
860551876
0
0
0
0
268652281
456040243
0
908733332
558950761
513475512
320110176
0
869614806
0
0
0
880059227
82939362
566257973
0
90193955
0
149658245
0
0
0
0
386021280
0
0
0
109221807
297210446
0
164501982
0
863703162
951331298
248065955
0
0
608764866
0
217436368
343812211
0
0
595909681
0
0
0
0
0
0
290240709
367714807
510677277
314506925
0
521426420
540216579
0
0
455809728
934661393
0
161508583
977822495
0
163185044
976546968
352473872
824248161
200909408
844535874
945592587
955322710
54574578
0
393273715
342214600
0
24962093
0
929977742
0
0
90839847
0
0
474310684
645876201
0
287927540
907494798
175407885
806715837
720422038
0
0
458165148
934183679
164622067
0
222119966
87009939
0
178289318
0
0
361174816
504339261
500874680
771118806
296912063
0
895296027
0
0
0
0
0
0
470442966
749807675
163129349
360478321
0
0
683401396
201340790
0
261626017
0
0
509314542
0
628770144
0
192432328
0
0
493761026
0
527613215
0
145887729
0
780367331
733046636
837129186
931816047
615815914
519775914
0
730213568
216309185
0
105419409
0
179184301
0
532712223
893382425
0
532623239
0
717335747
0
0
659457981
677379828
743226321
0
0
647239082
562719976
749767890
786278550
406484804
856733667
591484702
0
505446643
372406766
0
893485919
525653718
0
0
0
19388673
0
966180542
276331628
267423086
0
791996520
198516603
4235611
961763069
0
0
0
744600808
704438642
0
591439735
142780247
431905475
147288041
0
723668174
0
521280899
267637022
97059834
0
419887209
0
872345957
441131296
719350038
0
967412455
0
780638606
817671879
766278253
0
724340072
865952112
628820527
304807063
0
0
0
297818173
908358842
40533963
0
923663358
995103723
0
146002361
993281021
21876165
0
0
0
325625583
320782521
0
0
0
132331476
