546223334
659580443
68269660
289216918
94843969
133765817
994237563
121452534
560349209
584999225
388013598
501648653
144054164
173569523
968376027
44921759
678177044
435087958
715567181
15736849
0
736522609
672523510
135370762
969265029
528649178
466920714
755733736
466432471
554395259
658874321
401429425
0
0
0
301494384
968376027
818582279
119755144
547551928
993400752
479799853
271661793
210427389
691598725
661532860
2284880
704992928
217623577
280378747
401429425
621832303
836523639
561554323
592519751
668796879
874443360
756193825
646267909
862583766
0
172876513
195358078
26300957
182463569
231740730
686283957
544341887
659580443
168831568
0
128982682
811631671
70304
0
143463008
551917217
352962111
380724965
449226398
585300321
980731870
26300957
705999977
706087163
631917084
0
752486099
881593481
35638517
404194183
201394344
6663415
0
719840837
125222417
163864168
940375407
800871988
744698839
57013887
410203032
763520879
993359332
712043019
719840837
249288218
444541840
472408642
953730518
526430090
580008694
308833391
501648653
411529134
464364451
231740730
668796879
491038980
920235614
575684920
0
103390522
181926619
879954606
182551025
582052214
274773516
514870470
564578355
0
726526524
132982997
673180318
944105366
526430090
26300957
140810376
712043019
901266861
466254613
69611891
912050101
771179506
380724965
646818192
8101316
117875993
145121907
593911386
0
12353208
716723390
958392080
271483851
966150491
725934937
0
234390896
365287101
266111956
11060390
54051965
425651800
703976805
433414497
633322906
754434189
654635614
669546636
727357476
900893425
669546636
653478184
853189787
0
868945534
82564451
853189787
132982997
142429725
683957186
853189787
379371812
151278251
127635807
706883421
303678917
403998467
888993635
652521461
635427427
170034014
744698839
0
727976301
880442053
738877192
900893425
585300321
578279035
952937180
267980048
747210414
386811975
668796879
140711649
946600502
254278307
135039440
557745032
16260469
702474798
917483067
0
506168195
8322714
501648653
271483851
550628695
551490442
888993635
47508451
0
562178599
271483851
777783303
818582279
610077594
711080473
827777272
327802124
146198860
245149783
195358078
870425403
793739854
993400752
657582111
458123514
714741238
28004396
681296023
183211286
403998467
295092588
198971577
944105366
444329902
920459738
0
25855241
295092588
417087862
434709239
752486099
221736115
238537733
516815149
315854331
371762644
352962111
422372938
275221365
254278307
114174970
578063147
35771475
958057245
254278307
51690792
95307003
422667184
789964718
256665213
968247158
727357476
54051965
888476764
8671412
128247369
178282170
262131742
878867266
70463381
414583658
519761254
234390896
827777272
570877330
815773265
606858529
257117636
550628695
495889128
979902616
0
517439260
740179172
926130886
77963165
0
991902306
28004396
637212900
828077134
462140690
52
643120811
31935276
434935422
991088262
6663415
681296023
969741241
653478184
49324057
583473079
823701727
365220480
466432471
225305759
323948139
354951927
886318771
421414975
580008694
261524456
260810326
422667184
986730487
25851523
963077744
942004461
941653731
625896896
255053787
860879495
225305759
917483067
995618539
350408468
918295128
860541047
470947079
767263787
380715718
686283957
794322110
443053372
914517826
153197035
665313602
24589475
0
995618539
7979858
44921759
823256710
897928330
673744812
408314078
900233705
113682943
462811726
541908563
664314779
330393012
559372596
724329901
525115761
830229427
413672480
388013598
328486197
519255778
569693190
456103307
187917764
610220646
205077133
28884794
195358078
517439260
653478184
827777272
969265029
51222850
885127214
525115761
0
667780068
901266861
724329901
133765817
874422280
376989838
739013822
905444513
154764738
807634839
961260586
658500386
505948908
2028
503616291
114141980
483558479
724375463
980731870
815773265
352962111
995618539
679462241
669546636
165921726
0
145289394
430387138
935060163
726526524
279922845
979902616
198971577
769651308
310789860
328486197
557656254
546905929
256088156
404194183
609813624
257117636
146412825
791298159
944891170
114638709
559372596
792172467
350888780
950243860
208396022
0
591307410
659657434
504718319
103504314
35771475
580008694
418153329
528649178
165921726
44921759
855159663
135370762
0
352962111
0
439984897
843336656
163663228
770102758
536928203
496697426
470947079
68269660
920294126
769071323
946600502
17854508
968376027
944891170
151278251
341345980
525115761
992492063
967980816
696988805
493207732
339082489
614914779
175137846
489215801
613485338
606293005
422372938
962525192
656318802
970621758
147436575
121452534
454920985
701201326
788312680
205077133
560349209
132982997
392040258
315900770
963710600
16304456
610077594
248628923
273648943
610738424
375000807
917483067
410998853
613485338
771080523
704992928
526430090
103390522
118517326
0
716723390
624963179
887829981
799760440
157954494
234390896
442030590
1
805784853
493345620
3515690
0
638392727
46553184
538472515
172876513
726526524
815773265
546662800
381281965
967980816
370508149
742562616
28004396
331129831
659580443
511376556
544676324
771179506
898880306
593911386
903486843
744817813
763520879
728625501
292401417
168939094
934015240
652521461
265268934
752355424
667476165
788700637
208396022
825793822
324572562
751783944
220633420
321929581
0
117278173
0
106221569
912175036
0
637495672
236958562
664090741
604819375
392040258
620493510
336865854
726526524
517538507
796990437
0
544793338
610220646
661455583
210666302
155552576
240263425
51666545
210666302
281776044
668796879
752486099
956478209
684536298
714260585
24157098
84993445
0
737938511
584999225
167196600
815773265
528649178
169639052
301494384
459922425
955143779
704992928
861972239
414583658
69943202
523230738
900893425
540267110
66363420
233920428
8671412
221736115
210700425
897928330
614694852
686283957
756193825
502306056
578279035
854320686
415880817
359212071
25851523
172404116
983730840
0
920294126
23325076
669546636
0
693537290
434935422
79003442
0
0
183851907
956478209
918295128
522636539
739013822
993177190
503238624
110134188
970781248
684741613
901199337
818582279
952040369
614988873
82235279
763890471
415405170
985642478
3465711
208396022
103056908
0
365287101
472795202
216224508
823256710
897928330
49483535
599596678
20929732
149728581
449631095
815773265
21917684
979113027
168939094
54051965
248937692
637212900
666900078
654172785
803309021
931525590
912050101
919330774
866338176
16128565
355791931
77409877
991902306
145121907
759107069
922237411
414583658
852225896
541049402
528381904
183304016
975983539
895186405
106543723
568114714
162922339
309140656
146412825
445427916
458123514
306666761
234390896
592347351
100718506
0
681296023
229591724
443053372
210427389
171155711
511376556
496697426
637212900
825793822
980969535
439021495
371258693
905243588
313640265
944891170
380724965
789750277
652235381
957947930
724096025
769651308
591180517
14907988
978925353
22533549
980827959
737938511
256437552
541049402
139240949
351688613
700968238
654442774
956902933
19227801
440340312
334768124
228153296
770102758
975010629
830685214
544793338
419895304
54051965
140711649
249114662
0
692800404
48400870
587519570
291358870
731442109
866495126
525115761
992492063
322435983
991902306
389506504
771956346
847825857
88034238
329529739
14907988
0
163864168
443053372
613485338
614694852
404194183
225305759
217623577
267980048
894197108
879954606
51666545
573706976
793629793
0
139035759
712357395
0
532573464
0
380724965
118517326
526430090
491167539
781692491
908615489
610738424
8101316
286989169
315900770
381583937
315900770
114141980
208396022
780191945
470947079
295092588
531786216
278840897
736042818
414413441
332475955
301494384
796990437
551490442
878867266
667780068
336282006
17854508
579398487
894197108
793629793
462140690
28004396
925089562
214755937
35771475
332475955
410203032
154934544
266111956
182463569
51690792
99953433
104383559
721949513
25851523
859083411
966150491
950243860
0
106671399
712772439
0
712244252
877700763
322835806
837300637
525115761
459786987
200965829
686283957
307403568
744698839
483064501
855417115
491167539
0
653478184
124405296
466432471
449416858
855992287
484240582
767263787
673744812
996664828
555896551
234507221
664090741
895434371
1
214755937
322835806
0
415405170
855556826
414583658
245149783
568910666
913538137
955143779
837300637
993359332
365571932
459922425
993359332
859083411
989669065
659492658
413123711
855556826
739013822
210427389
870425403
26152052
694601906
656318802
96149036
165921726
95307003
555896551
323948139
177843078
492646182
100899916
736929464
283508506
958057245
484240582
442030590
493345620
352962111
983730840
355791931
415880817
155552576
715567181
918295128
59286181
260810326
229872947
789750277
68269660
149331791
26300957
434709239
214755937
990214920
408242119
619212973
955052600
145289394
379371812
266111956
714741238
365571932
954264187
526430090
183851907
559372596
449226398
861972239
132982997
747210414
458123514
880375737
406203011
216224508
825793822
321929581
430387138
542287698
859083411
23325076
768742990
26106257
859083411
519255778
669546636
643120811
405413786
414413441
69158598
556004166
449631095
706087163
988016700
989350936
918295128
321929581
866338176
588459565
601921974
462811726
604689447
410998853
195358078
695673274
191073691
222711404
410329258
610220646
484631564
614988873
86473959
248296444
434935422
125902859
89406158
590980033
967980816
2284880
370390280
159564562
46020935
457588402
769651308
329424646
968611700
430387138
476977370
774062977
1
163663228
974319568
140810376
63515622
897928330
135039440
514870470
104900050
612234323
767263787
599596678
8322714
736213192
194419257
736929464
741573133
216224508
413672480
263195178
827777272
0
604689447
875593486
926104037
275221365
422372938
332475955
400968106
691939246
920235614
511979482
903486843
526197531
850705482
712043019
0
712043019
667780068
604689447
492646182
843336656
311612105
450699552
224545506
156151876
107292562
205077133
12353208
414583658
35771475
317310187
0
389514838
493345620
917483067
347648414
525115761
466432471
117736489
555556906
256665213
370508149
912050101
995618539
365220480
927808581
118517326
66903000
995618539
267980048
156151876
183851907
744817813
217623577
502582732
900233705
167014332
847825857
673563519
829362020
349419816
220633420
110134188
889513353
702474798
61279581
336282006
523230738
789964718
862583766
578334130
275221365
380580587
808293306
8101316
110134188
156231310
935060163
0
200965829
544793338
445427916
128247369
964991390
322835806
677605135
93507993
25851523
100718506
28004396
843336656
77409877
562178599
731442109
279922845
668796879
413052565
918969490
985642478
323053925
775815577
94232035
671754491
311612105
0
659657434
140810376
656241774
444604492
159564562
706087163
724971407
587519570
328486197
879954606
882991991
747210414
210185833
472795202
551917217
79003442
245149783
32933002
258895276
156151876
729052355
840925455
354951927
211977345
710877557
573516306
616758961
219345583
578279035
454920985
381281965
936774412
847594249
830685214
701201326
518254534
0
660725969
802132982
721275415
546087021
846531178
135082763
975983539
439984897
751783944
171920595
472477033
35771475
128982682
329613065
464522448
238388058
752486099
422667184
135370762
617062969
563809229
163864168
238522814
234507221
415880817
51666545
778172405
952937180
872567365
654172785
413672480
294082362
881593481
913387623
254278307
968493529
411529134
751783944
379371812
0
500314312
501339404
477021885
582052214
905243588
987456512
0
267980048
922237411
611422166
194419257
651939220
244688857
0
35638517
736522609
0
502306056
0
606591866
793739854
780191945
706883421
837300637
941726416
26765855
768225422
328486197
587519570
502582732
46020935
375000807
669546636
823269080
194419257
492646182
118517326
329754388
95258263
0
453104219
796990437
660725969
958057245
797536651
466254613
625439059
0
381281965
233497948
625900823
988943200
323053925
351688613
224226913
901199337
721275415
591307410
737938511
986730487
948484453
492646182
913387623
627081332
0
114638709
850705482
542287698
855992287
411529134
405326605
368175527
738877192
489215801
0
604689447
125902859
24084056
979113027
926104037
950243860
847594249
669546636
659657434
859083411
526430090
171155711
0
688427909
483558479
913059557
625896896
556004166
425914607
0
808293306
705999977
0
464522448
95900679
765860616
51690792
957926910
223782875
816655042
450699552
903486843
352962111
526430090
0
21912333
221736115
0
125902859
462140690
281776044
578063147
171920595
791353797
818582279
791353797
666900078
365571932
924324522
155552576
195358078
142429725
308833391
514870470
165921726
517538507
606591866
792172467
482832315
694812646
23493839
307403568
911770562
77963165
480387830
173134050
992492063
493207732
329613065
706883421
667780068
259204303
413672480
390514485
990214920
609813624
912050101
511979482
54626895
876388028
97281488
0
430057662
496697426
971976020
110134188
106671399
368175527
0
108181616
920459738
590980033
650271391
261524456
805784853
712043019
42440436
868945534
352962111
280378747
476977370
736522609
392040258
132982997
445427916
383244912
653618077
134001011
768742990
912050101
944891170
147436575
41248751
294461477
69611891
782047030
840925455
397720788
684536298
577541666
127635807
368305770
744473283
380715718
251059935
986730487
0
64136000
667082488
81202881
868945534
0
987456512
238388058
476658526
570877330
450699552
780191945
488466729
181926619
23493839
604689447
484631564
979191964
714741238
201394344
950243860
488333327
146412825
689563796
735806355
788700637
108181616
94843969
770102758
823269080
754032903
125222417
16260469
24589475
770102758
887829981
883578818
860879495
176806155
493345620
732744741
244688857
306666761
928285756
908615116
542819867
569693190
482689051
24157098
413630802
2028
572555134
955052600
267980048
336282006
421720833
291358870
667780068
990214920
491167539
843243561
430387138
323053925
667780068
476977370
748999746
0
489215801
0
69611891
568910666
789964718
466432471
525647017
502240043
419029710
578279035
855556826
229872947
251102640
0
163864168
96149036
673563519
69611891
782188185
905444513
703976805
294082362
980969535
359212071
660725969
693537290
9549081
736213192
685705374
563809229
668796879
502323726
0
49483535
0
380580587
901199337
318273635
144054164
882147851
110134188
0
571256057
454920985
707929259
307403568
936869541
901199337
742562616
0
136230070
665313602
619212973
71288256
564578355
992492063
68269660
279515336
853189787
536016771
659492658
430057662
908615116
656241774
625896896
582052214
0
318273635
464522448
905444513
0
684536298
336311949
964991390
772560327
989669065
405413786
375000807
94843969
625896896
107292562
278840897
143463008
644928919
610738424
669546636
691939246
532477110
706883421
254278307
228153296
501648653
274773516
612234323
595525851
97281488
964991390
616758961
8101316
406203011
0
612234323
986730487
66903000
562178599
183851907
544676324
519255778
0
51222850
480387830
214755937
47508451
8101316
425651800
61279581
238522814
969557171
371258693
765860616
575789006
0
772560327
919330774
877700763
476658526
414413441
295092588
341345980
577541666
0
991902306
472795202
338761169
200965829
6663415
415405170
117278173
104613841
502306056
590621869
638392727
704992928
224545506
736929464
380580587
419895304
30800776
0
900893425
146412825
619891133
875864747
0
458376603
768225422
564047522
936774412
706883421
175137846
777783303
922988551
958392080
916533432
260810326
210427389
684642376
411529134
459922425
829362020
210185833
572555134
970621758
572555134
843826111
401429425
585300321
876748228
262131742
106543723
879080113
459922425
714874407
592519751
781692491
540267110
898880306
414413441
0
414413441
214755937
233580637
574866466
846531178
792156576
573706976
953730518
286268892
51690792
201623553
623268617
0
445427916
106671399
752355424
544676324
778172405
877700763
113682943
0
553485437
21917684
702474798
85527568
145121907
16179113
0
808293306
698917821
219345583
611422166
560509471
563809229
251102640
0
728625501
778091903
0
614988873
780191945
580008694
195358078
850705482
38497018
988016700
248937692
222711404
648435413
11060390
774062977
889513353
371762644
714741238
0
739013822
77963165
666900078
0
599596678
590980033
710877557
309140656
913538137
306666761
823269080
504718319
759107069
926130886
248628923
314827438
365220480
25855241
63515622
975983539
724375463
862426728
103504314
955052600
570877330
165921726
84993445
843336656
231740730
408314078
589025189
434852216
791353797
914517826
726526524
210185833
403998467
507138156
599596678
46553184
751783944
0
79695462
952040369
342163634
462140690
0
281776044
416604047
797536651
535673675
0
621832303
301494384
830229427
797536651
163864168
0
234507221
124405296
706087163
0
23493839
685705374
292788501
0
818191737
425651800
136665601
672119567
362348913
85527568
860879495
259077160
93507993
583473079
736042818
870425403
408314078
16179113
673744812
0
564578355
792156576
736213192
282347345
592534014
367484187
0
627081332
365220480
559372596
878867266
817410911
673744812
462811726
578279035
588459565
165921726
830229427
210427389
224545506
345391655
200965829
985642478
612234323
477021885
605268737
256437552
19842188
183211286
583473079
852225896
653618077
886389482
555556906
144054164
157954494
3465711
0
632630960
445427916
311612105
303678917
970621758
0
979902616
173134050
764427590
578279035
69158598
587519570
897928330
54626895
49483535
968493529
392040258
229872947
0
327802124
389506504
84945453
843243561
274773516
456103307
536928203
882682092
502463013
175137846
654172785
971724797
742562616
320125264
313640265
918295128
308833391
519255778
825793822
778091903
195358078
528649178
434425656
396684970
430387138
419029710
501648653
993359332
136212290
248937692
685705374
592347351
766419920
658500386
133765817
692800404
434709239
796990437
993359332
564047522
118517326
0
501648653
210185833
870425403
496697426
928285756
0
689563796
754032903
879954606
117278173
773051923
163864168
846531178
0
732744741
145289394
570308739
38557165
294461477
380724965
259077160
610738424
736522609
751783944
901199337
536928203
459922425
154934544
375342338
421720833
380724965
998000842
392040258
160356690
430057662
549211051
466254613
489215801
414413441
502240043
271483851
324572562
823269080
225305759
542819867
156508930
414583658
774169202
591307410
140711649
637495672
258895276
980969535
974319568
766419920
968247158
837100473
0
108390512
380724965
328486197
168831568
236958562
748350776
114141980
84993445
95307003
142429725
816250152
572206784
168939094
956478209
840925455
19227801
103504314
675131430
0
173946320
514197026
781692491
281776044
852225896
483558479
119755144
15736849
710877557
84993445
311612105
918295128
95258263
32933002
146598274
619212973
885127214
807634839
325730396
414583658
542287698
311612105
365287101
857304467
846629005
572206784
224545506
249288218
759107069
472408642
859083411
365238840
339672869
694903019
224545506
705999977
922237411
514870470
157954494
541908563
901199337
502463013
2284880
182551025
721389518
67568497
546662800
759107069
706883421
440340312
88453550
874422280
659771478
1952848
955143779
411529134
741573133
183851907
195358078
313640265
299145243
63515622
875593486
172605158
578279035
332475955
855556826
476658526
963077744
778091903
248628923
837100473
214755937
759107069
462811726
901199337
365571932
22604493
953730518
124405296
414583658
423538429
16179113
518254534
411092501
691939246
551917217
511979482
156151876
651939220
908615116
551917217
595525851
944891170
551917217
88453550
410998853
771956346
593911386
151161896
500314312
367484187
815773265
400968106
139035759
748999746
262873623
599596678
195358078
852225896
280378747
644263979
585300321
318273635
946600502
516680055
667476165
0
210666302
995618539
986730487
592534014
724329901
477271913
165921726
528649178
714741238
867861026
322835806
0
792156576
106958033
183851907
422372938
652235381
595525851
748999746
113682943
173134050
913059557
0
653478184
791797891
901199337
685705374
69943202
495889128
781296786
732744741
289216918
430057662
662626016
25888827
165921726
855159663
306666761
211977345
0
168831568
848985699
562178599
467006682
659580443
721949513
995618539
693537290
500890900
371978638
136665601
848985699
526430090
139240949
388215871
0
96149036
706883421
289431619
330101408
724329901
408314078
134001011
857229884
946600502
667472401
239946042
462811726
46553184
0
715567181
51690792
125222417
654442774
563809229
588459565
554253482
359308298
686283957
289431619
631917084
782188185
0
0
1952848
860879495
612234323
517272403
883578818
95307003
172605158
610738424
85527568
397720788
695673274
210185833
683957186
379371812
528649178
484240582
710877557
654635614
735059439
151066880
329424646
805784853
0
778091903
430057662
711080473
916533432
322435983
747568784
771956346
286989169
151278251
721949513
658500386
624390534
195358078
881593481
818582279
22604493
271483851
0
808293306
625896896
918050762
950243860
171155711
0
829362020
948484453
289431619
144054164
578279035
860879495
0
124405296
914517826
238388058
664314779
912050101
866338176
818873797
23325076
69943202
756193825
808293306
227877317
635427427
70463381
423399845
609813624
711080473
582052214
336865854
328486197
182463569
694601906
359663253
443053372
25888827
408314078
0
0
551490442
476977370
9549081
172404116
747210414
415405170
822172
818873797
587400870
103504314
390514485
0
691598725
135082763
712244252
546087021
477021885
8101316
920294126
763520879
881593481
587519570
380580587
683957186
348221661
816655042
701201326
861831052
370508149
0
154764738
0
714741238
920235614
133587795
632630960
519761254
458123514
793739854
632630960
980969535
693537290
434935422
26106257
601141177
587519570
419029710
828077134
248296444
100718506
0
265268934
163663228
439021495
47508451
430387138
803454663
604689447
0
914517826
17854508
969741241
0
16260469
156231310
210700425
913059557
108390512
724329901
234507221
0
559372596
501648653
146598274
866338176
883633934
744698839
495889128
880375737
588459565
307403568
637212900
970781248
688427909
843336656
994237563
270017737
106221569
154764738
570308739
0
66903000
898880306
620493510
573706976
818191737
352812366
69943202
985642478
329754388
136665601
781296786
233580637
778172405
664090741
279410524
151066880
557656254
957947930
879080113
425914607
799800545
684642376
517439260
643120811
406203011
380724965
172605158
653579764
614914779
423684322
320125264
952937180
280378747
616758961
837300637
885127214
752603024
223000999
920235614
532573464
944105366
535673675
493345620
245149783
35771475
898880306
0
628264803
113682943
879954606
546662800
2284880
166085976
935060163
828077134
854320686
365571932
330393012
877700763
182551025
142564702
66903000
544341887
623268617
562178599
891926000
659657434
42440436
275221365
248296444
665313602
575789006
16506944
631917084
231740730
986730487
517439260
472477033
619212973
836523639
359212071
918295128
44921759
26300957
71288256
368305770
434709239
712357395
955052600
2284880
614694852
991902306
77409877
955052600
135082763
917281557
321929581
875593486
76924298
934592597
162922339
731442109
656318802
233497948
214755937
125222417
329529739
606591866
724096025
782047030
843826111
275221365
157954494
670841169
433414497
51690792
693537290
484240582
224545506
872567365
0
221736115
673563519
430057662
861831052
882991991
737938511
466432471
564578355
25855241
941653731
823256710
136444193
870425403
212382346
736929464
262131742
604819375
390514485
584999225
752355424
444541840
22533549
175137846
299145243
625900823
0
117875993
593911386
667472401
1952848
911770562
514197026
1952848
210427389
458376603
493345620
553485437
6663415
724096025
958057245
244688857
491477251
464364451
767263787
332475955
829362020
250555325
210666302
2284880
855417115
592534014
846629005
507138156
886318771
136212290
578063147
48400870
696988805
638392727
667780068
344575347
125222417
0
562178599
69943202
920294126
415921783
613485338
527240229
30800776
651939220
156151876
715567181
578334130
536928203
503375532
653618077
0
442030590
0
619891133
517439260
714741238
173134050
278840897
979113027
328486197
408242119
366842816
100718506
491167539
0
244688857
266111956
202275666
517439260
217623577
66903000
370508149
735059439
0
548143756
24084056
637495672
838571451
250555325
877700763
702474798
415261864
879954606
176806155
736522609
405413786
542287698
751783944
578279035
354951927
234390896
0
106543723
954264187
274773516
752355424
667476165
517538507
877755186
542287698
791298159
947441319
145289394
89866850
900233705
459922425
386811975
568910666
525115761
681511709
817410911
712043019
0
97281488
995618539
0
872567365
416604047
534343526
532573464
256088156
868945534
139240949
968493529
614694852
574866466
267980048
886318771
248628923
693537290
502240043
774169202
213746841
788700637
435860859
942004461
0
491477251
670841169
587519570
789964718
222711404
837300637
788700637
998000842
108181616
251059935
830685214
948484453
0
957519168
0
686283957
151066880
693537290
610738424
503375532
627081332
30800776
716535854
51666545
689563796
254278307
26106257
728625501
788312680
104383559
503616291
23493839
132180787
146598274
947441319
359308298
456597184
859083411
731442109
575789006
686283957
22604493
805784853
803309021
794322110
998000842
587455155
898880306
414413441
251059935
568910666
216224508
872567365
855556826
882147851
591180517
476658526
280378747
349419816
715567181
401429425
875593486
415261864
223782875
993359332
969557171
139035759
712772439
730226638
234390896
380580587
767263787
423538429
0
542287698
542671197
528381904
935060163
472477033
466432471
110134188
466920714
254787094
0
782468370
747568784
998000842
0
866495126
623268617
616758961
0
641390640
866338176
0
803454663
0
365287101
103504314
557656254
966150491
26765855
136212290
732829202
251059935
936774412
967980816
234390896
847825857
69611891
912050101
106671399
557059705
712043019
69158598
587519570
488333327
583473079
124405296
828077134
504718319
676954966
564578355
69611891
69611891
752603024
0
696822067
450699552
22604493
941726416
118517326
250555325
726526524
267980048
69611891
136212290
969265029
42659055
516815149
555556906
694601906
944891170
414583658
351688613
535281533
658500386
887829981
950243860
769651308
702474798
0
0
610240292
136212290
862426728
676954966
0
968376027
483558479
748350776
284882079
24157098
714741238
362348913
956478209
493207732
624963179
430057662
698079629
260657530
917281557
173134050
233614632
614317709
791298159
637495672
625439059
564047522
133536399
54051965
958392080
0
149728581
646818192
317310187
0
259120765
803309021
38188960
403998467
0
156508930
577541666
289431619
662626016
838571451
796990437
16128565
143463008
379596473
423538429
606293005
658874321
843336656
392040258
440340312
613485338
883578818
736200406
323948139
805784853
259291184
969265029
234507221
273295005
780191945
367484187
548143756
592534014
849477096
3465711
456103307
777783303
2284880
260410860
362151131
882147851
143463008
987456512
768635672
476658526
766272683
0
803235580
882682092
911770562
255053787
71288256
396684970
69943202
0
77409877
957947930
0
401429425
955052600
250555325
12353208
423399845
765860616
651939220
538472515
198971577
0
108390512
926130886
404194183
219345583
614914779
563809229
768742990
383244912
955143779
747708838
701201326
502323726
54626895
195358078
225305759
289431619
857604039
668796879
550628695
0
866338176
517439260
169639052
580008694
912050101
146412825
59286181
94843969
69943202
918295128
580008694
415880817
336282006
284882079
493207732
675131430
51690792
177843078
259291184
610738424
104383559
411529134
216224508
0
71288256
0
0
419895304
2028
942004461
605268737
528381904
559372596
755733736
883578818
590621869
270017737
172876513
612234323
181926619
920235614
794322110
654172785
422372938
807634839
84993445
614914779
417740435
879954606
846531178
144054164
381583937
538472515
870425403
683957186
695673274
222711404
962525192
771956346
860879495
752355424
114141980
114141980
606648152
233497948
585300321
308833391
502463013
25855241
805784853
823669287
675131430
991071463
946600502
94843969
872567365
957926910
125222417
0
47508451
8101316
511979482
533490480
823256710
396684970
133587795
0
650271391
407602152
614317709
0
63515622
661532860
903486843
169639052
827777272
336282006
0
176806155
748999746
910381872
0
942004461
257117636
958057245
0
163663228
966150491
281776044
106221569
172876513
0
118517326
326142629
19227801
117875993
591307410
0
968247158
0
449631095
0
685705374
434709239
423684322
282019378
282019378
961260586
26152052
414413441
560763456
514197026
900893425
419895304
84993445
536016771
791353797
403998467
944808678
0
669546636
323233060
908615116
591858336
763890471
862583766
846629005
381281965
0
935060163
710877557
802132982
124405296
643120811
26765855
523230738
6663415
466920714
569693190
0
330971996
405326605
430387138
163663228
900233705
737938511
962525192
703976805
0
181926619
341345980
683957186
140810376
731442109
919330774
142429725
82564451
411092501
354951927
168939094
874422280
100718506
57013887
20475783
332475955
95307003
791797891
222711404
795739837
847825857
562178599
139035759
940375407
856310666
650271391
440340312
425651800
918050762
146918804
12353208
370508149
419029710
966150491
289431619
1
648435413
789750277
413123711
870425403
879080113
44751351
580008694
738877192
993400752
788312680
535673675
792156576
803235580
720217839
913538137
182551025
890552213
113682943
749265116
715567181
496697426
128982682
986730487
707929259
472477033
518107515
12353208
271661793
562178599
969557171
282019378
918295128
0
427775435
442030590
653618077
963077744
408314078
688427909
548143756
651939220
905243588
106221569
225003043
769071323
172404116
234507221
868945534
104383559
519761254
619891133
519761254
256437552
335823683
706883421
679462241
19227801
350408468
796990437
0
822172
952937180
0
8322714
301494384
359663253
791797891
912050101
0
969598569
544341887
466254613
578334130
817779258
501648653
975983539
345391655
911770562
23493839
944891170
908615116
329754388
712772439
69611891
270017737
800871988
1
893376879
582052214
371258693
684642376
128982682
556004166
631917084
454484381
250555325
25855241
514197026
654066030
323053925
528649178
624963179
467667453
595525851
847594249
795739837
2028
956902933
403998467
979113027
54626895
969741241
612234323
969741241
501339404
113682943
922988551
307403568
173030282
315171477
648435413
339672869
308833391
417740435
792051539
492646182
323053925
133536399
924324522
482689051
386811975
135082763
381281965
880442053
0
840640287
920294126
176672842
434852216
270017737
307403568
702474798
434852216
694903019
51690792
818191737
212382346
0
415261864
132982997
249288218
0
227877317
491038980
986730487
439984897
44921759
367484187
286268892
345796203
286989169
950374971
491038980
278840897
941399722
68269660
265261385
106671399
388215871
113682943
246787845
467667453
689563796
591307410
404194183
592519751
930791027
0
985997187
660725969
449631095
489215801
997276482
712357395
41248751
704992928
882147851
770102758
370390280
532477110
792156576
69611891
578334130
614695417
265268934
728625501
0
727357476
956478209
0
414413441
502306056
355791931
76924298
752355424
58221073
659657434
214755937
914517826
957926910
517387902
106221569
792156576
175137846
322277403
456103307
525647017
0
546662800
989669065
51666545
700834740
855159663
712772439
795739837
377961366
0
781692491
0
223782875
654635614
345391655
140711649
210427389
95307003
920294126
803686543
109497811
788700637
0
228153296
678177044
261524456
406203011
942004461
618407398
0
732744741
211977345
413672480
662089126
968376027
606648152
614694852
889513353
526430090
578334130
917281557
26152052
141646553
389514838
21917684
370508149
0
7008013
720217839
106543723
948484453
416604047
342163634
961260586
49483535
435725516
875593486
744698839
114141980
320125264
476977370
903486843
476977370
323053925
920294126
825793822
0
803235580
590980033
493207732
128247369
458123514
133765817
2028
577541666
523230738
8322714
266111956
154764738
587519570
919330774
329754388
913059557
568114714
542287698
535281533
625896896
595525851
684642376
526430090
887829981
672523510
181926619
886389482
945898681
902334133
280378747
0
794060473
731442109
488333327
911770562
751783944
747708838
936869541
466254613
967980816
544341887
989350936
673180318
855417115
908615116
210700425
259291184
706883421
1
0
0
2028
525115761
880375737
926104037
70463381
38557165
504718319
669546636
128982682
791353797
491038980
861972239
38497018
146918804
77963165
63515622
701201326
359663253
431912981
0
914517826
462811726
315759748
752355424
788700637
434852216
918050762
689563796
413672480
430057662
26300957
538472515
225305759
383244912
547551928
578063147
410220873
488333327
17854508
714874407
26300957
22604493
0
354951927
661532860
266111956
702474798
811631671
449631095
901266861
826051105
0
742562616
414413441
140711649
541908563
20929732
941726416
942004461
874422280
96456753
7979858
289216918
967003930
329613065
103056908
491167539
381281965
0
354951927
800871988
968493529
501648653
336282006
664090741
823269080
95307003
259291184
414413441
106221569
805784853
673180318
0
20929732
171155711
622875581
259204303
887829981
771080523
667476165
194419257
627081332
614914779
741573133
0
95258263
636676244
489215801
747708838
941726416
985997187
171155711
805784853
110134188
736522609
580008694
459922425
414413441
472477033
415405170
0
504718319
71912262
488333327
633322906
587519570
517272403
2284880
442030590
614988873
400968106
104060264
175137846
351688613
612234323
443053372
441535174
770102758
986730487
793739854
273648943
570308739
549211051
540267110
792156576
823701727
840925455
705999977
228153296
716535854
283508506
0
969557171
0
368305770
329754388
720217839
0
38557165
389514838
545838122
669546636
587519570
470947079
367484187
560509471
477021885
464364451
472795202
167014332
70304
792156576
651939220
721389518
380580587
768252165
482689051
704992928
731442109
533490480
846531178
169639052
778172405
160356690
96456753
456597184
431912981
676954966
991071463
591307410
744698839
545578108
555896551
156151876
139035759
108390512
3515690
0
26300957
578334130
201623553
619212973
879954606
895434371
901199337
673563519
882147851
271483851
231998376
963966114
770102758
231998376
737938511
0
648435413
582843885
818582279
389514838
920235614
788700637
156151876
511376556
696822067
381583937
306666761
119755144
245149783
295092588
922988551
151161896
926104037
671754491
944891170
172404116
875303129
881593481
886389482
721275415
689563796
553485437
324572562
963966114
128247369
0
1952848
182551025
223782875
922237411
0
462811726
323053925
103504314
454484381
200965829
6663415
501339404
860879495
0
652521461
417087862
985100629
0
339608406
993400752
553689438
546223334
926104037
401839198
466254613
979113027
365238840
736522609
462811726
721275415
590980033
542287698
993177190
57013887
644928919
101674736
763890471
24084056
256665213
0
493345620
259291184
694903019
614317709
980969535
936774412
156151876
604819375
694903019
458376603
419029710
250555325
315854331
637495672
403998467
349419816
477021885
811631671
878867266
140810376
741573133
964991390
978925353
172605158
125222417
968247158
724971407
518254534
482689051
339672869
875303129
370508149
696988805
365571932
772560327
823669287
274773516
128982682
676954966
818582279
908615116
720217839
535673675
859083411
667476165
162922339
859083411
888476764
714741238
546662800
229019638
770102758
507138156
20475783
390514485
791797891
221736115
466920714
257117636
421262934
920459738
967980816
318273635
879080113
512013567
579398487
685705374
631917084
673563519
79003442
848985699
164728491
547551928
773051923
48516724
106671399
1
397720788
549211051
876388028
362358638
500314312
19842188
799760440
846629005
22604493
740179172
900233705
231998376
0
886389482
979902616
721949513
872567365
980969535
286989169
883633934
336865854
320125264
673744812
818582279
822172
792051539
86473959
227877317
879954606
664314779
280378747
714260585
256088156
540267110
390514485
502323726
231998376
97281488
748350776
502306056
68269660
177843078
433502461
792156576
860879495
855417115
963077744
421749821
145289394
501648653
706883421
957926910
449416858
868309409
183851907
70463381
88453550
619891133
525647017
767263787
830685214
8101316
585300321
0
556004166
583473079
789964718
294082362
400968106
732829202
539917609
445754394
883578818
143463008
221736115
19227801
564578355
239946042
770102758
442030590
897928330
684642376
0
248937692
346337328
69611891
876388028
434852216
151066880
659657434
669546636
9549081
173134050
175137846
271483851
256437552
54051965
491477251
970621758
322435983
255053787
882991991
0
548143756
491038980
684536298
918295128
518107515
546087021
329529739
963966114
434935422
254787094
238388058
472408642
944891170
0
924324522
112380180
401429425
782047030
518107515
901199337
352962111
301494384
511376556
0
919330774
201623553
570877330
895771275
418153329
859083411
931525590
648435413
323948139
248628923
323053925
168831568
103056908
840925455
286989169
0
952937180
491167539
648435413
0
554395259
953567542
497727485
169639052
0
803235580
19227801
51690792
383244912
259204303
132982997
415405170
325730396
347648414
991071463
477021885
102740692
377961366
0
8322714
748350776
908615489
968376027
807634839
901266861
540267110
112380180
434935422
52
925089562
125222417
96456753
793140273
700968238
667780068
648435413
725934937
195358078
917281557
110134188
947441319
988943200
901199337
379596473
454920985
259120765
924324522
575789006
214755937
0
859083411
823669287
615541872
744698839
16128565
56727495
0
638392727
782468370
504718319
546662800
336282006
248628923
222711404
172605158
49324057
592824346
689563796
765860616
991071463
695673274
502582732
125222417
878867266
854320686
231740730
855417115
958057245
106671399
656318802
782188185
352962111
208396022
502463013
514870470
228153296
0
164728491
843243561
359663253
329754388
47508451
590621869
560509471
861972239
408242119
970621758
549211051
934251770
16304456
518254534
648624570
986730487
66903000
517387902
0
315900770
345391655
942004461
480387830
397720788
321929581
992492063
68269660
903486843
573516306
667780068
913538137
502323726
782047030
488466729
574866466
681511709
919284597
0
706883421
491167539
654172785
818582279
654441720
525115761
124405296
771080523
352962111
560509471
519255778
549211051
350408468
962525192
0
445754394
362358638
421749821
936774412
546905929
547551928
286989169
901199337
789750277
0
989669065
156508930
20929732
693537290
165921726
16128565
154934544
82564451
82235279
752603024
106543723
265268934
683957186
847594249
771956346
359308298
958057245
942004461
573706976
955143779
435860859
236958562
968247158
121452534
1952848
658874321
0
442672279
117875993
957926910
913387623
491038980
936774412
0
958392080
985642478
0
940904959
172876513
818873797
612211230
955143779
554395259
0
256437552
956478209
0
747708838
855510840
800871988
458376603
995618539
383244912
744473283
210666302
30800776
0
135370762
262873623
109497811
593911386
266216796
480387830
0
918969490
664090741
855510840
944105366
182551025
24767170
411529134
228153296
172605158
220750094
291358870
823269080
427775435
125222417
843826111
250555325
6663415
526430090
238388058
679462241
24589475
942004461
502323726
165921726
852225896
815773265
0
24589475
375342338
330950022
30800776
231740730
171155711
477271913
164728491
773051923
560763456
244688857
862583766
0
772560327
125222417
156231310
306666761
379371812
88719247
426943483
351688613
610738424
415261864
500314312
554253482
307403568
662626016
816250152
231998376
369314785
774169202
917281557
940904959
795739837
380715718
540267110
675131430
830229427
381281965
855417115
103056908
16506944
113682943
644928919
979113027
536016771
194419257
397720788
104613841
941653731
668796879
434709239
352962111
470947079
336282006
415443127
104060264
704992928
267980048
550628695
511979482
282019378
536928203
171155711
413672480
536016771
462140690
898880306
870425403
97281488
825588237
840925455
791353797
347648414
551917217
588459565
88034238
926104037
777783303
79003442
0
514870470
541049402
534343526
39631722
348221661
415443127
652235381
823269080
917483067
793739854
653618077
279515336
23493839
667472401
729052355
855159663
609813624
128247369
0
825793822
41148487
575684920
694650667
741723063
320125264
992492063
716723390
500890900
212382346
547551928
0
803454663
823256710
331717007
426943483
913538137
648624570
482832315
328486197
837300637
450699552
431912981
503238624
646267909
0
940904959
151066880
456103307
874422280
888993635
578063147
773051923
572206784
769071323
721389518
895434371
124405296
557745032
495889128
301494384
223000999
491038980
466432471
683957186
903486843
995618539
40505624
433502461
0
253591206
919330774
76924298
354951927
419029710
308833391
807634839
502306056
149728581
502306056
872567365
301494384
489215801
855556826
245149783
573587873
882147851
178282170
104060264
848985699
956478209
444604492
336311949
100899916
944891170
390514485
577541666
467006682
183851907
51690792
295092588
506168195
961260586
747210414
554395259
160356690
258895276
315854331
173030282
502323726
658500386
466920714
555896551
47508451
262131742
917281557
808293306
425914607
51666545
574866466
944105366
359308298
450699552
234507221
323053925
141646553
519761254
379596473
958057245
106543723
685705374
69158598
900233705
0
877755186
128982682
87362493
0
177843078
30800776
0
817779258
0
591180517
0
117875993
321929581
556004166
359308298
979902616
135039440
390514485
3768343
2028
0
768252165
483064501
548143756
379083409
156231310
618407398
823669287
256665213
390514485
805502242
245149783
2028
721949513
0
229872947
803454663
615039974
411529134
254787094
83208167
752355424
658874321
805784853
147436575
667780068
667476165
167408482
714741238
935060163
44669088
35771475
51690792
103504314
891926000
336311949
389514838
855992287
266111956
49483535
667476165
101674736
828077134
553689438
882991991
410220873
106543723
414583658
712357395
166085976
968376027
362358638
17854508
551917217
259120765
392040258
113682943
286268892
16128565
975983539
777783303
266111956
862426728
752355424
425914607
955052600
534343526
212382346
564578355
696146525
408314078
177531919
462811726
564578355
693537290
66903000
422372938
551490442
500314312
255053787
861972239
980731870
818582279
585300321
483558479
862426728
431912981
0
71288256
501648653
623268617
754032903
225305759
303678917
14907988
133765817
587519570
0
837300637
830229427
545578108
313640265
721389518
789750277
867861026
662626016
117278173
847825857
17854508
392040258
128982682
752249291
425914607
557745032
617889182
375342338
671928142
544480851
535281533
450699552
593911386
406245585
585300321
238522814
133765817
143463008
12353208
93507993
0
894197108
251102640
848985699
426943483
136212290
514197026
413672480
585300321
95900679
77409877
233580637
989669065
912175036
578334130
146412825
654441720
381583937
975983539
808293306
796990437
828077134
7979858
900233705
9549081
898880306
592904656
752249291
291358870
788700637
467667453
656241774
233580637
0
823701727
601141177
85527568
0
0
118517326
171545245
778172405
476658526
882991991
96456753
542819867
88034238
511376556
214755937
749265116
260810326
511376556
167408482
955052600
248296444
175137846
591858336
418153329
880375737
313640265
940375407
301494384
381583937
654172785
968247158
661532860
258922697
422667184
0
815773265
41248751
336865854
423538429
28004396
557656254
500890900
805784853
16179113
367484187
136665601
476977370
502240043
883578818
16260469
706087163
625439059
220633420
695673274
113682943
653478184
698917821
183851907
3768343
0
503375532
477164998
113682943
146598274
476658526
868945534
2028
369314785
860879495
70304
286268892
882682092
178282170
35771475
853115204
168939094
653618077
970621758
735806355
0
606591866
219345583
0
365220480
381583937
84993445
267980048
830685214
420918971
808293306
351688613
517439260
741723063
118517326
167408482
491167539
44921759
525647017
135082763
861972239
295092588
139070739
430057662
85527568
145121907
489215801
955052600
96456753
110134188
1
710877557
124405296
281776044
400968106
405413786
792172467
940375407
942004461
627081332
971976020
727976301
688427909
430387138
383244912
696074749
610738424
456103307
658154401
205077133
587400870
0
173134050
327802124
712772439
666900078
54626895
721949513
735059439
231740730
703692499
0
952040369
862583766
643120811
0
341345980
840925455
256665213
177843078
273295005
861972239
205077133
862583766
2284880
0
346337328
153197035
151278251
0
322835806
732744741
0
0
493345620
224545506
528649178
502582732
595525851
939804423
226850944
477271913
172876513
724375463
0
222711404
339608406
217623577
776680637
883578818
544341887
108181616
913059557
659657434
425651800
388193892
149403010
926104037
117278173
992492063
430057662
97281488
555556906
888993635
61279581
587519570
551490442
49483535
721389518
880375737
200439151
901199337
318273635
849477096
550628695
658500386
263784109
852225896
406203011
606591866
715567181
100718506
109497811
505948908
894197108
668796879
627081332
294082362
406203011
614988873
659580443
955143779
517387902
66903000
0
891681802
673180318
275221365
823701727
919284597
516680055
413052565
612234323
830906517
367484187
307403568
727976301
172605158
582052214
172876513
249288218
114638709
875303129
171155711
26152052
354951927
187888158
172404116
877755186
623268617
28004396
44921759
344195444
454920985
434425656
914517826
970621758
77963165
648435413
249288218
128982682
295092588
48400870
440340312
739013822
916533432
823269080
555556906
51222850
653618077
654441720
792156576
454484381
913059557
8671412
883578818
882147851
0
759107069
28884794
11060390
0
42440436
551917217
145121907
748446402
714260585
506168195
630850760
396684970
0
936774412
614317709
970781248
24767170
0
442672279
573587873
256437552
535673675
658500386
54907922
612234323
518254534
771956346
31935276
592824346
792156576
208396022
488466729
754668947
332475955
253591206
222711404
16128565
953173015
575789006
0
444541840
25855241
696988805
162922339
171155711
987456512
256665213
707929259
955143779
807634839
0
140711649
82564451
673563519
175137846
369314785
696146525
782188185
0
993359332
885127214
156231310
106958033
84993445
830229427
0
25888827
970621758
554253482
546087021
345391655
225305759
868945534
3768343
966150491
239946042
26106257
444329902
925089562
968247158
970621758
449479697
862583766
957947930
927808581
935060163
695673274
339672869
371258693
673563519
1
306666761
68269660
837100473
545578108
0
922237411
610077594
810526214
744817813
493345620
88453550
532477110
143463008
306666761
106221569
136212290
925089562
879954606
49483535
517538507
774062977
533490480
585300321
599596678
464060353
146412825
84993445
662089126
694903019
328486197
732829202
0
877755186
604689447
578334130
656318802
886318771
667472401
922988551
418153329
