678292551
673938837
687033789
1
495379796
1
0
1
76125198
426783050
0
238694203
51
416875150
562163108
1
307663056
1
23
788382469
402216520
695660247
0
305693976
505583746
566961756
7970290
835033455
0
379054293
0
0
0
45
864167914
1
44
300904774
909342910
481021626
985881490
1
567381016
1
104752634
0
435930561
869342207
358367750
324548847
912922519
0
0
450577869
43
0
159587870
0
880893811
0
920516417
741301520
296367646
196374679
0
208631749
874010614
222913381
22
0
426514347
0
247217655
493376851
403798947
24963090
40861960
222208461
1
1
741937585
26276168
785617254
313986022
234640941
817041455
1
814262348
73856946
24
627991916
612444786
1
166161239
0
150049549
502145076
405965534
104279651
128492414
731976923
711557981
682668409
1
51
339615873
1
1
602342175
982741413
911318170
394298141
1
394063893
124589028
336558316
0
0
1
976871264
1
67084924
0
158502992
634488559
1
46
839419072
997366447
391571619
292818943
22
0
255130718
104806708
266262510
836257257
348730450
194850899
662278192
828357364
0
757447046
43
464814967
0
551623385
437016719
436127001
490202269
1
377705599
53
380575412
17436158
637429091
743227589
385613249
50
780711518
739511592
45978485
53380342
891118642
271713783
0
467619519
936074273
1
1
419017157
1
1
735633855
0
0
646235784
528894571
730785130
50
705994166
1
590137302
0
987917814
182973223
494322602
292286512
1
755720665
1
217703236
0
453217338
0
0
306560027
185268730
788912987
53
214248762
493603133
0
425233081
280277454
0
1
80983490
0
0
400362682
1
0
936778766
637566903
309923957
0
673198976
143227188
973677347
1
255836339
1
623443766
70877737
821107839
0
1
281091421
421232790
409219849
0
51
569339941
0
0
47
757416941
166059444
48
328710098
1
232961200
735702915
856576293
688410601
352167919
578015069
632803388
306538419
802071057
46
46
349459151
45
0
51
1
0
0
0
370850669
0
200992832
585925153
0
219649233
76341527
801506809
455949990
160378194
262887353
239995248
236067420
715323316
43
564694243
46
665138475
176118447
632594885
202888744
500746685
690430184
0
500133572
545504348
548883541
10579589
929172689
313523220
0
1
191230431
623851525
1
603572893
47
709205053
0
614689153
807830220
530813284
795828740
0
922378008
1
1
921361268
29129725
1
488183758
898863297
812665549
950165912
421058973
589425873
1
1
461569038
384379452
342647392
0
45
755894690
898035738
0
419726104
212067837
965161381
206218090
45
251289516
576095378
203758671
46
0
973496895
355674339
1
846488517
734460454
641978979
340201495
1
135149853
571723032
918222005
1
0
872619286
306190230
50
774737243
266356902
48
193030301
0
927920926
702291597
0
806728908
0
554511819
0
333895266
166009135
349014245
970378349
1
70157106
1
0
828872579
0
0
822104427
0
641457733
651154919
463333835
556709133
469088357
345556612
1
0
729004498
135129816
1
48
1
44
390025880
23
21637401
0
146495388
1
403215151
494596642
663589443
1
0
67301118
0
368268969
604045002
463427341
72870726
876793053
615051715
963406636
1
0
1
254622015
543648236
489371398
325052392
479299556
1
0
1
266026330
838462433
1
48
290238701
880934550
409211240
615226177
1
0
0
0
1
496149336
475693304
661880861
53
144792162
474676734
46
609626630
701940914
111842608
23465065
332205933
128798938
619418484
1
605076068
407243503
520495423
0
0
944083503
0
642337416
1
412081092
143227188
611205649
0
1
332205933
840599356
994769081
971936040
1
545434026
1
353456051
632222658
190703902
111161566
1
1
691788725
279785851
462588621
898863297
556963383
390966404
708317829
826099982
45
224157889
929499087
708038303
369819962
1
7830332
386002324
444167536
878069309
30497008
336620108
402530109
1
48
0
425876589
805982409
582451062
1
720639218
247839154
448500868
43596253
108210917
451042105
740210529
865929512
0
44433512
494062545
931261316
652362062
232765393
883290070
1
792066700
906091518
396591625
497914676
1
94093919
696962292
809866067
46
492654165
0
0
0
1
82302096
427817207
471685420
54884642
174251991
48
45
189059674
259531386
257889122
268226768
412694408
978180657
687583583
844797608
723054583
273835426
1
0
1
199787642
1
47
92970772
0
752287628
46
947152825
1
0
126264900
363987549
871946387
354171631
958461945
620713339
407084089
896058065
160586661
52
614689153
46
51
764092684
0
723494267
51
134805949
0
0
749151290
0
165878657
1
1
1
50290103
349421742
426063138
0
26
458775173
0
0
258292071
536461730
49039389
431170358
442666261
777388508
279914133
304871597
1
1
11677432
481166775
682167186
23
200827769
937553136
0
765132881
0
616192266
228662000
0
370588175
11421159
529596508
1247508
968727154
1
0
48
875707281
358949602
0
1
545517036
499338279
406108694
1
1
50
0
190154519
471059551
205499785
44
0
576344571
819295001
600333557
657653841
145539111
991711553
1
1
904751542
108663072
1
762971882
627960515
794614694
159569871
606151309
140870905
611716540
316770140
891356371
1
0
723380647
0
364085317
571337353
0
450053342
11103251
936572033
281484143
629461761
1
855521565
47280605
0
1
330293040
598977758
1
120336594
659388858
25
742403633
835937965
43
430583298
776408939
1
470999162
431621856
1
23
449898155
915130126
48037442
242004895
1
1
432412409
363090076
966707621
575785326
546144499
161829153
46
1
320421378
85268435
596608196
571275596
736064604
902336715
0
16843459
1
1
0
0
109697224
314074928
819396066
617411607
0
1
1
0
433449789
820830620
960993017
245424361
50
205577792
703510598
792191339
92613714
986263453
1
86533010
884396239
53
0
944917033
233019041
0
701159861
512339275
624668539
0
1
0
0
22
941745526
175622754
24
742286434
639755942
44
461984461
524827296
0
339356613
0
0
0
615027061
333832360
0
875901415
584229656
191800238
588657812
812756383
0
0
0
680847633
749671450
1
813546492
1
473352847
2363456
1
0
1
67142633
420684908
935994337
49
865408595
648133582
804200669
966622038
4196195
523482558
50
320568905
310322678
1
988381881
562353643
426405199
48
355438715
616570506
29041904
47011378
215352918
858889534
610122068
1
48
419674057
908283200
563403627
541273955
475339973
311023148
1
245187348
0
641139386
840520737
408330987
973204674
450716866
756763662
228095914
851790700
750742967
0
1
38149953
966958801
622745072
199137488
48
1
927407116
40085582
863819075
964289235
0
1
1
43
300523045
1
643552754
467762190
951896896
0
51
201417428
950039535
252644796
262717308
578495972
154437106
1
42
51439994
942226804
0
1
721561243
977382670
0
725429296
0
855166033
68391293
762485420
356304826
0
782750962
1
142084485
1
474405639
834530759
0
191587879
0
0
508654697
0
1
0
49
0
48947236
975636154
803436018
1
542939563
780821367
460317730
314966669
656341564
508823230
0
41742164
278906313
163166055
659824427
20950897
1
0
0
345986066
1
881949404
595269813
1
398750411
0
0
941895450
0
0
0
0
304518202
0
690316290
46
4063494
1
53
1
0
67113255
854868856
440287922
1
911590796
1
0
336971595
468007565
1
874651673
620281772
268140745
968285545
822449254
1
992280850
16704427
50
129921625
0
909212725
230193505
242679131
0
867557708
371025382
0
0
82876459
965810581
990605059
1
0
474981298
901195271
727233247
0
0
497556739
35279614
0
98332696
997123466
188015825
360395663
0
716225612
603573189
157596533
0
240404219
834353370
0
259394864
577234338
179367026
410314697
45
581301731
0
842040219
0
0
193102260
535304256
945424588
898475789
868698940
954976856
531621724
0
559527749
640605013
598244747
208765868
941534276
977538790
298514868
408746300
0
162993238
53
1
877083305
0
1
1
537549209
107797150
581935737
477181987
602276266
486986000
358601715
494617157
756135227
678390363
980158512
355716666
77450875
293606021
6779387
94277399
1
138048657
503897970
0
669576179
560254300
649361522
940270408
794265475
50
958841027
638466035
1
726660573
689049327
24
761803368
917096203
901727690
445619317
439609973
1
205757148
64900656
0
1
51
22
546580900
1
0
0
787372556
575442632
747417211
0
1
1
613978369
369016161
45
378554213
869194491
47
383767948
674363129
0
47778620
320807321
961667209
45
1
545415987
980321379
190085631
1
0
1
1
0
1
759552940
482648954
238935921
0
1
424871703
400387588
1
248509010
417617982
0
519768112
0
448242042
655948135
528316687
416133226
208218149
48
718091351
1
281833250
601192628
985230930
460937207
1
46
41702840
868162685
22
567899048
48
292054416
20689378
933216526
115926065
50
517259543
0
297899137
638510165
0
1
464147846
0
1
350145196
29587378
638457073
45
1
847988249
952450470
749904165
838553352
548900956
320255632
147022142
43469628
205146716
100605992
692717946
679368461
390807981
288308727
1
89029921
390563928
946113489
48
582238887
619482672
207154499
726972722
73841886
48
851776683
1
641294651
47
135661063
408408198
0
0
864062348
0
706309573
0
26219597
0
360449647
577477313
443718976
195034225
537481284
223233048
193287399
440416921
840045980
432749912
925738082
763339281
868831314
0
200736696
163021096
974142910
679704984
447153867
265425297
773078634
990802204
461887348
741943073
22
1
0
840979595
958098132
26191086
823946698
1
723165944
932783693
997778159
549610635
623300140
938387251
635808495
850107875
110519770
300100463
21
1
0
979930081
1
418863007
13066654
186616502
992506003
690787686
0
22976278
279276699
270232758
0
591073578
757306718
1
47
1
1
320768330
619215203
1
43931012
651719658
784410213
0
948019423
278278263
194360034
540341096
560185463
1
980054696
272615874
231178895
648794239
1
1
891217466
55846528
0
600568938
0
0
143356188
198509565
0
874863697
453294782
708264833
728707595
1
756509121
418638547
1
817688867
632149912
678469693
50
721278839
0
86995898
22
187340013
937265813
59385297
546187888
522521523
904380071
736167105
313030230
845543495
51690020
0
53
115492821
735040854
1
322150756
928597395
1
0
766744031
0
758950785
52
107067907
752183553
1
38829
1
50
289026189
52
398766603
46347086
275130773
140913288
584101666
1
292030828
572925276
196595747
756378186
1
600338734
1
53
1
1
970227046
64348092
1
0
736528717
1
499328056
755855577
704585883
145492049
270833768
673240844
705256628
35639029
617873716
1
252345664
858681850
363673576
1
286903893
48
1
524466323
1
722473206
872302780
539628329
1195
245214102
434068015
798412524
220447295
521026331
0
0
846155881
900713374
1
45
762739673
429240686
99866021
160047881
1
615815148
941763748
339366742
181382600
1
429996376
1
0
0
7162524
472163560
1
642098268
174554566
1
114210408
87660831
366163923
778059886
462383329
145043373
804782573
851984862
289339191
695210826
841592050
1
746259739
28863341
277298534
0
585527428
44
0
305880497
234648661
253589674
2965374
0
1
848379609
21982828
785617254
0
289250804
484807543
540866356
51
0
1
28237925
879096425
1
433892312
0
900347896
571712046
826416298
837104151
199821977
253193222
986483745
821310059
0
836807446
180352090
583528206
0
641234597
680239243
0
0
254751428
372767763
1
0
783065019
153453584
886026687
768738468
781409720
1
325563643
379854867
0
49
1
987580113
889935682
43
670497538
0
0
243822054
234330963
303084217
91944081
75105049
1
259164134
585744154
0
626146852
829276892
423306760
973337048
279892456
0
822535823
123341469
67923165
672663785
63096892
43144923
753789951
536712147
405283634
903358443
429129321
0
862820621
643927323
687272396
789159066
773956282
409478252
4305200
49
285656972
43
0
563764557
166735972
0
345824101
0
0
907956503
232189800
1
852958974
49
665365428
1
0
860605612
879523258
49
645103919
542403189
297605030
730648732
813172677
161450365
792428491
666688357
655948655
514409451
88181299
233849636
245779201
69076431
0
0
1
49495169
376261414
695079208
1
0
832365576
43854904
1
280965096
579431382
1
667301428
647379109
44
817064447
1
1
626055205
1
48
736504784
56373604
50
759634682
0
251431842
440410687
953823103
563769815
985307437
525437662
0
907894678
142928201
656697357
538976548
0
119418543
0
745514864
383508633
1
1
840321573
689707343
48
477965252
44
0
0
1
869095735
149155806
1455504
177568753
598521171
831081886
676269058
0
47
96397278
630041119
294158619
474535078
267117190
601697434
61890888
707059880
912148045
103392146
169286966
409490828
1
349522431
280572193
1
535190385
249470253
297791217
167315981
823225860
619397668
1
3389472
249780336
902539760
281727348
236404447
860574047
652168287
303940980
90385313
895182001
96537647
884439370
663990085
0
315477800
0
477652240
0
456381567
129630300
618187344
14145347
281295351
50339637
50
777388508
166830725
124971671
44
959379187
1
0
422189048
0
351569136
816443867
675120452
604143334
922568551
47
603542587
548983784
780460318
922087907
0
46
414606797
1
488719553
856748120
356279361
481552746
224157889
0
0
767937901
401515772
261320081
717738182
982340153
40878212
684437346
458731093
1
981802638
672021664
645787907
1
1
49
49
311802254
58167217
843686089
0
273263547
952257913
964840022
0
936106757
174071151
516728312
572974090
318095446
47
134440038
760077144
48
120622807
90907499
677706535
85015567
0
203711309
559369004
1
177403072
929191029
45
1
0
4013051
0
494816218
494355689
799767073
290948853
847521049
50
0
567565833
334181142
0
45
310254402
1
556524140
936501857
1
21536676
0
833363457
748212046
23
870607616
969385594
1
462839374
622626446
634131174
0
26
46
488857957
186483196
399129261
49
965965229
977159983
543660860
852795476
205836585
969954206
718091753
937903350
165204814
1
0
335202693
577724717
45
892672319
1
762923237
0
991020399
811850
274857059
47
51
48
882707589
761775869
573739100
544670386
115829165
791964313
651233522
139394175
529873069
875429833
736386866
651631228
0
710269535
1
880526042
1
497265148
0
0
455430589
827121856
47
329533488
481828228
1
1
330146191
1
0
664861257
792423578
384808856
992568849
951173754
646174035
460625191
0
0
1
271351424
0
610097765
0
969631303
355401142
1
789725935
0
138090809
794063649
503412694
312044674
255082028
494408219
736463770
1
1
0
579720998
720644450
907867592
0
49
0
116454273
0
0
1
818156770
49
554181632
673132148
957457233
492472272
217885883
0
640285
902496773
800348622
911344343
47384078
0
731246902
700925570
620968566
1
349166453
676361842
105302739
464185240
48
216690052
257896028
604547652
288101501
478213911
46
66043429
0
45
243822054
289528165
135881192
1
33006351
0
1
1
585157897
377892174
520743367
0
189291478
749457288
309040141
991550673
23
907474932
365142212
287421550
205781972
871789575
0
162721144
35999319
284620945
111530748
658170038
336406279
1
790184604
193760309
0
806383934
0
976656064
445485168
962991428
46
1
172765195
854117435
846344782
0
1
1
466169655
0
0
852795476
318994970
368589826
307132571
0
1
70356149
302014258
27847386
434443848
572010161
1
830665963
566094277
443192878
1
515972836
746046356
1
50
738639835
939715821
0
1
232114914
260788267
675543106
1
820125906
0
790704075
0
137012061
270154329
699359083
646525554
1
737406658
438583232
589352807
853516438
725338757
392732148
0
871867915
511923598
1
996897865
232186421
254488705
176689301
560193378
225057153
918028337
844958153
630052804
51
518459789
299272143
648449729
321145160
418731714
853435795
0
0
410860066
961384205
184899096
2410510
197283280
0
0
22
51
482133227
235230934
47
210799654
45
102386675
0
575923631
1
0
995085015
395145500
0
45
967074442
48
1
249995723
504837375
716548703
476603631
0
192804020
1153
0
1
783962647
539552312
475884368
752671096
415048966
857099790
553296650
986753241
853445633
78194195
138292306
24
506172390
94997410
51
48
0
0
0
945564666
869886713
296368912
266335643
824239358
0
568511486
368484951
626120048
35833546
1
437310385
976064225
47699386
47
636229725
0
198281510
153971979
260883363
49
610540104
0
458855900
0
118868813
1
1
0
766574367
0
306563709
34853573
870225946
459174543
144474540
0
627659401
1
504362608
575971621
426069615
569596446
820009621
51
88341062
854288415
709055695
0
89751608
0
918793041
1
774877229
577368969
154331653
748368003
1
146619716
283858752
1
913753207
633259726
450375605
0
315264935
1
51
806049838
791751793
675223309
800591226
843009460
391646191
1
1
987680325
987191902
770959695
249003827
845910672
278606776
1
257060510
81501915
481552746
0
0
0
237086467
43
642946690
0
880364648
918630731
838993289
907269059
0
617431204
25
0
0
288723762
47
418463984
0
0
0
372337552
95467473
585441973
47
0
115472333
22
186770451
444562488
0
45
49
53625487
216233099
163774078
1
25
973296827
0
39884445
1
291546574
779339132
338750286
659361810
1
0
127507073
408425985
0
1
609251455
569131719
559077263
253294368
0
708011004
80160463
43
1
1
0
397829010
1
1
475907926
0
433657702
621399815
576536881
378594524
92970772
699837057
846296835
314924434
627778315
0
1
462202615
0
0
866585812
789159066
162787162
917096203
188023222
0
743398823
238667864
622670622
0
349745100
1
0
478236416
897236863
949724269
0
140185151
0
331932019
646330239
719360403
644703966
0
392270858
246978514
880154721
127834475
45
0
437796473
627749882
0
1
808206446
49
556811086
64012739
770946655
426408683
301923019
372712310
1
53964633
0
457714475
313835735
483931391
189578534
144158308
564558310
200714758
485230553
688871455
881623587
1
990361867
768556984
0
964984096
0
106745411
646974210
413696194
1
394476560
751492807
975156160
668494709
1
1
800325813
0
481252030
787581288
47
612781307
667300905
0
615788204
828932406
494061356
405470810
16263130
135229299
0
0
484641752
651613749
591832632
0
63865136
566353789
797734094
241421233
579251830
96530820
221145887
617019016
66377683
1
890532420
662644731
221744882
206360488
649050628
48
766524919
862948183
0
154141592
941951852
822104427
1
780546969
642688125
1
170231498
536649306
1
499917752
47
822219045
1
324066668
847106034
684891250
467208015
212822007
866732274
951701061
800451018
21673
583991100
374694069
875033680
285474094
321175443
0
99108847
366706446
46
0
755940139
829346963
0
44
864641096
0
466626319
548082901
0
1
1
660481135
572407358
201741198
381102896
0
75110660
1
387570492
715577170
1
410741720
0
218241216
1
0
23
351641669
1
537133894
537669742
537515759
642796804
28164018
418100205
760992868
1
1
1
415350610
1
399584139
72928477
48
881371620
0
1
525305660
80940306
405068787
1
219705186
48
189182225
588495028
0
12595411
50
40205670
568887035
0
241775824
1
49
555236865
782247566
1
828185373
548867230
0
297711245
828465540
632985513
0
45262161
873262748
681308887
744405006
0
290370714
0
676619134
338475166
0
583924433
1
155088096
776747249
358679357
51
369855169
543714236
351678538
1
121723562
726598465
612766539
263947474
1
341304094
1
22140678
23
51010
23
44
429152531
492044208
0
512974785
475521798
407017302
1
52
629901901
364797552
25
742791392
1
429042011
770832689
0
0
692861678
0
1
464033471
0
685743732
1
162063525
831663564
89788497
772733372
0
309534159
75162534
1
154321761
889799534
0
48
623149616
277332299
24
1
513533820
651893692
0
1
49
454741467
0
1
532903888
590796677
1
1
0
383120632
70226757
232316896
721049216
823627189
0
839872482
0
0
48
29908564
9101951
278249683
52
634609095
705384922
569948655
192266847
0
1
823627189
660630190
657566426
127614263
830366201
292956511
540548095
654716766
0
977305942
993625776
254944391
1
0
307612295
192010972
540513596
1
752833752
1
544982280
0
139924813
213254469
0
235370660
0
694109536
722052224
1
689913173
646024196
0
442904624
0
0
182661629
383533544
257284088
1
963132407
1
251282598
707851424
339996657
852345908
0
44
273174161
1
844669596
777039168
267488672
562705619
534424217
73097409
986673435
48
24
0
49
496060426
49975486
276589012
1
1
51
863070363
262479694
1
63309961
700135181
1
46
968893966
52
0
780580272
0
772215910
0
627874901
0
634151352
690537188
46
384252357
968159476
391566640
497435698
660180654
118306662
49
664145553
53
458052637
0
740483184
733998763
353542704
348498939
735935052
83746690
646623054
220858208
972048683
0
983547099
718102891
636728722
48
602729547
1
357215295
0
0
491357929
676559738
1
746290464
299712115
811323772
0
1
0
0
885761180
604113995
15006631
1
25
26186739
485763847
91969506
1450349
568756470
0
0
741736719
51
370548897
910197884
737427347
650641861
262524777
0
865512252
670093050
500414579
167037984
596509723
21
50
1
259279373
317753689
321040748
636352946
1
576740400
990502990
1
505855518
321005312
228326779
45352205
110873504
415880782
304015586
241061318
1
636436929
977773394
151811091
647639466
953591090
147605670
625271210
79275422
363352406
893800805
1
191124515
777978410
0
0
952815614
0
836391311
0
973640935
37494539
0
418003132
0
0
142830246
970661786
0
1
826053317
486161968
0
46
398322281
326074667
49
822851240
1
61438974
646024649
184069397
994843937
1
47
553841797
0
865874253
1
405094598
0
460549528
153159134
46
318800222
343729837
213201615
590125603
904189574
378414059
521349354
886874470
528132682
1
254051687
0
565431275
31437925
0
1
823670218
1
0
353353423
204603763
804674842
893662791
793333009
587137963
203621580
41731287
22
22
519850414
925975202
0
1
625339441
389111546
0
650960341
154180966
724459211
642803985
0
1
327283448
69316368
52829752
1
455802435
187934634
0
380529073
1
529464104
402485404
561234965
216345761
50
315943075
402166463
1
502206291
0
922416025
1
910950128
197690715
1
1
820738621
0
178040769
44175964
876031153
47
1
72886217
0
230538957
0
988284528
549951005
1
0
832798032
403435758
1
624742648
11981888
327743315
829062165
1
59485440
93448130
50
468891867
847902550
0
124412035
635220075
523438347
161640951
126289443
366637663
48
966300463
1
907616699
0
297934528
972607372
664056971
0
774121259
604816534
942211437
1
27548841
723964637
884523282
846744920
397312380
7786584
130897739
1
66867603
59910199
48
24
709813171
0
496182145
0
23
1
1
1
910120247
856240754
1
58151103
555646113
89945519
50
0
597586530
1
820666084
931836809
779488418
451454725
37331301
0
957259117
1
962359825
578273010
810610113
297013243
47
962783852
0
234835788
84966829
654529848
1
865144156
0
0
610037716
811749291
306163594
406508402
1
905999017
4317890
133453935
417788532
1
509890041
743227589
822370319
343181775
277910764
971465143
231845311
244344205
47
148117490
886064299
1
653860500
173206998
951068350
814004142
880251553
278653168
0
0
1
668082739
1
0
87007131
579922942
644297679
991624008
0
749596247
989469030
502427115
1
0
345319631
169365292
567565833
837981360
1
270106165
965059982
955306111
927779587
0
286925242
1
0
0
522721372
0
825097984
221563069
223487874
0
610610415
272981815
629284869
224784550
136334133
140913704
518238956
0
357639339
892713503
0
534804115
363265063
89646891
570191411
399069965
1
961954795
249162030
0
1
242817725
1
93474079
82353452
826471597
558860971
0
45
135420677
841868925
315507766
619483328
0
330306218
1
119524184
477353713
367481716
837085203
831418195
166506033
461603895
1
1
930490152
555125715
639455344
77149828
46
0
987110049
779955210
961364923
0
753221535
959703057
806291203
305746667
553473244
226264571
0
0
766260270
668182826
47
0
49
351416095
561232792
1
1
643927323
340351624
579925371
14330471
1
419209753
161512808
673373690
290370714
588864910
79230433
911480210
927768323
558321714
859045642
52
0
153831208
862518273
765795350
789846381
518373095
859181292
50
14090178
0
0
926647726
154784990
1383334
249780419
1
386635617
401625385
1
1
1
799140237
0
472184016
0
0
997701856
292793036
0
1
421951212
565178506
501344315
175005949
177661108
0
130775152
130381701
1
721152653
978488982
611284057
789173260
0
51
1045909
267957996
0
942036620
49
715135465
1
709045977
285232167
0
0
1
305688453
0
877362458
28481701
561251281
357081161
568485052
431420440
1
19569131
586514464
1
200304559
762042835
612495361
906070432
155496144
139894556
0
1
324584546
342022087
549378425
732211649
442076303
976335898
505650519
0
553053623
326654663
629048112
0
543110832
51
0
916777299
451268028
272615874
211878980
457989652
760683959
485181659
773210438
987224751
965761894
45
165858328
611275369
307007435
1
342875552
0
938039104
0
832063835
0
534191477
0
718570490
1
1
34765333
720910145
922240164
121821972
297558240
574410181
1
376123689
323743777
125250142
1
883411809
51
913658653
43758783
0
767972274
662888645
1
125230848
1
927548181
119206074
533075281
22
822341056
641930211
224276504
282678731
699442529
112558764
996750993
12674963
717084987
57381815
169824323
53612841
1
384164235
1
114704993
322228992
484069300
777770983
1
504833777
752791144
50
0
203759145
149617677
424633843
585224011
989289883
650758071
832420178
603013529
0
907834674
0
330614127
340804797
9563113
296800936
25
191288887
245906761
574071390
149038524
1
0
726323305
218218226
0
822333025
30943583
654884286
548917246
842343602
49
211534062
783474201
102771799
154953696
47
1
0
0
1
430235478
51
1
401367096
790699273
617659818
1
0
965896714
45
367762642
65456422
294820960
967685922
953501794
533966416
331526275
519818800
697582927
49842001
841063408
31746264
648675264
496104112
499244013
0
515884361
4854138
44
805347714
743414125
542574137
739898935
980861088
0
451128140
331670514
1
960173408
112527960
223610210
49
1
580629649
472851837
355907010
555953417
312247397
1
889392591
0
432838582
539628902
496819682
902596177
1
568228080
570122847
830091157
518672
1
125321181
599574447
0
798646574
47
51
261967228
49
49
49
205668834
554353167
131685969
114995135
1
980179011
466214970
49
1
1271770
126659622
1
45
865012173
365803763
308360323
0
23
778935786
778037603
0
746733818
461152027
1
1
321519738
828627793
732806982
233958902
51
0
673640868
125474987
686091910
236349449
1
293007748
496122961
174673200
0
388737401
106760561
1
1
814962975
48
333366285
401450928
172768888
1
15378859
0
0
483583247
437152657
0
314628551
693828342
1
951866299
592960520
32929900
652774749
51
0
273118393
666159721
386494159
1
658311
704954562
665107961
47
993975675
499338279
1
0
852739784
932432926
905438144
733983249
380285269
183619691
224685339
95450824
832082313
0
386604020
146397365
815877809
714435000
402224415
126213993
739889716
1
362676430
433264527
516228613
1
273206327
48
130677630
573516819
0
1
601148827
1
53
419240451
46
23
380010836
0
0
0
137951615
1
49
44
1
574804743
619008108
948487498
918350802
80696125
1
0
147478390
50
945454328
0
857769953
517505330
202551224
811850
46
0
47
0
85221560
987963564
500473456
0
931379877
190390437
768942605
72824547
427828895
846255616
1
12292547
554656782
1
275779519
609609405
125178739
386231508
873728960
0
479529055
1
129729069
390413813
358993065
0
0
1
0
949692546
849695699
0
0
761345596
991992187
566186262
584543264
210799654
461180776
883530082
878219654
49
916104660
1
274852640
0
730522006
48
49
8360895
47
46
42012569
106677721
0
383415968
854467457
52
41882251
664904566
0
719801675
953051566
46
105123596
380529073
192661128
131069466
859479492
205717181
953043986
50
0
107710667
506028137
988859388
318975089
0
1
241591626
554341471
642148867
12321300
47
280659629
835726202
583184505
0
204519800
21
0
0
935395153
619138337
894705439
0
786136090
386257931
0
1
240053254
661257357
223689326
114833985
245393649
413023760
1
681144996
704965047
576118674
75591295
0
1
9984899
303574977
689016488
575791235
83959794
1
680933133
434228735
863812319
49
0
960769
691262871
921833329
452615809
4442619
0
1
1
0
0
48
0
917660923
27621338
1
846638800
223944018
285654893
483215138
1
199688798
0
876149900
620157447
435538075
313406397
388838622
0
22
942815844
1
0
505365386
272354826
0
968082092
353016032
762229483
958447818
360053570
869395618
307450837
347372339
639196217
402026036
0
941951852
25
384892219
171786510
46
213962982
1
9688478
1
122700990
354784301
847932112
653365804
120098595
438022128
1
1
341690243
0
922511693
654827045
0
0
564218133
1
0
1
153675291
898349718
23
1
0
0
0
0
848721889
1
363688469
0
1
234798288
49
341203944
1
0
0
415741303
0
847416928
943116425
450716866
163852455
0
981543829
0
242884432
1
328911341
520250740
0
698762511
1
290021490
25002828
908295240
45752322
0
1
1
446611604
883895314
791656254
531295256
0
1
244480612
1
641824095
50
1
0
0
943994956
1
932624372
0
50
541602450
1
138182918
788792877
0
1
0
168040075
1
421682068
43051541
438067383
336009213
0
956492822
0
0
0
801380423
0
457889400
1
1
1
0
1
192808441
393367087
0
0
318298917
462489144
590580212
414388145
655321375
0
774865693
877362458
652826632
183339161
636458292
261662807
363786982
532213675
624173072
0
0
89289381
959555479
1
802121948
22
0
924278700
728321022
47
711679406
154086590
326348255
5857455
50
515285140
409353757
1
110719281
0
1
0
932921887
0
261858709
0
1
43999107
78855667
432306395
75404950
527491260
1
0
621669731
510062747
1
0
43
0
51
667654702
0
408676529
134774397
561757634
444762440
241938521
1
306821895
1
718511421
1
936671240
0
125588863
1
461572284
0
502381297
631383847
794265475
1
575941637
0
1
1
808089864
383971212
265917768
666044455
0
0
845493936
807054286
247779433
1
368263027
378627325
1
1
654410197
0
99262946
985819165
89370100
669328603
593991095
1
1
34398415
777981595
932428587
572925276
1
1
1
213178442
53851546
615982310
1
773045409
398766603
916813911
2268344
1
465562704
0
11924278
666752890
1
1
375066362
467163523
702038534
1
1
454846541
418993690
155734266
309131008
50
767321974
0
734483546
622072372
702323178
131929626
0
108295071
150197843
134692274
171545127
1
1
147353998
420364799
894930949
788746364
466191691
48
1
28578972
680253862
660668694
864907739
527349747
48
404852190
0
894251390
0
0
749207778
0
705800437
432807317
666876212
41460844
441001021
38179980
37061313
272276086
49
184183389
931561324
307765582
148661878
192088954
0
425620549
258547744
230255364
594554089
4864906
504895358
804518589
22
996466773
583195141
182716980
52
84120334
44983315
1
969414393
0
1
0
705601476
870095531
51
515996241
460326862
280715317
1
1
641504522
1
903549824
442206448
23
122881066
87547546
652798286
0
89929049
654895875
0
525862087
1
0
0
877787185
0
803065019
0
775839722
658934798
1
528128085
90958168
786522193
0
0
1
0
263480668
1
0
654710781
432270106
723356302
838974197
10580809
1
351289125
528943649
0
489516571
1
252401738
400042445
0
432601764
165236269
768235589
230868992
605006050
323338068
1
229887520
81810314
0
402357669
329527049
0
992222908
726101623
285134496
1
2403483
497785925
691250979
0
428506470
318959580
0
701354137
97145040
18140214
247686380
0
536449504
383891757
0
636704869
64118499
574685360
7220212
805557301
0
907855341
46138943
434008868
0
447700393
230333925
0
753292802
0
832846814
50
629101527
1
1
496490692
0
304199567
25
0
108538895
708058053
52430300
1
292276707
232540463
1
1
614633676
0
29841920
406112555
1
23380835
87708904
329589427
26
0
565070507
44
157435077
702399752
47
1
0
906296489
670656726
48265074
574120421
1
0
0
1
1
818262576
0
14722812
783002269
1
1
717275094
1
47
397145167
50029339
953604392
1
592935400
0
278751846
321797348
500171459
497626146
193310935
68701918
48
772272749
755077876
0
0
561752068
668617710
110349228
212910391
0
567161665
61404153
841769118
1
267733913
475904064
720609740
2458774
462246143
0
47
27709431
506575890
338702608
616407344
30671684
0
453744653
0
31581794
519332093
0
497503096
193199132
0
0
246906260
335082786
392051075
0
151088638
468810818
856772532
631991187
875966336
22
105036912
1
290258341
49
197690715
0
24170281
310454460
44
205993832
23
388737401
47
836330012
0
0
49
347634276
771311683
524466323
76490459
0
523915624
286489992
435558668
1
37311061
555029397
553786969
0
617851170
858691435
619546799
380497698
1
161596280
1
817716737
1
486007885
0
960873166
1
972894585
215073883
981634708
0
1
386993268
394283350
135129816
385189658
160362281
650623018
0
99393570
501185768
703470510
124646015
871816900
849833523
416948062
359053151
897929723
779572674
52
747325002
440159683
49
587089779
678210588
0
0
233459644
1
1
299669657
1
75361664
474565610
1
155956786
599744924
0
46
203694849
645741745
43574193
943223064
499203362
1
177330036
213497207
602373487
309428265
0
0
0
0
821613644
216441444
860011431
0
421107105
472083157
0
1
541214332
480824511
0
1
1
525736284
904525421
834935625
300496629
53
937095461
1
329565051
922160911
984108169
0
512795626
275857738
54075109
481669559
515821989
1
880364648
158129093
116058325
267957996
820184313
45
320692893
149810313
421091664
977188267
1
596669695
0
390563928
19748452
0
369524658
831554495
0
9718194
613021537
649005593
716828885
138219807
48
41273003
324667855
0
198342895
452796710
1
201304184
1
725429296
301287811
14069018
924240661
189384731
0
0
573671164
276072107
980440858
899052171
0
1
15156403
1
1
473201881
0
0
1
827702638
0
427231924
460809092
313150736
1
176528320
1
968005288
307981769
49098735
192197163
369970373
453469455
830929759
545963675
879773570
149675435
327464497
952450470
281509305
318455119
757785674
130543916
556252527
1
550421501
0
50
332163839
64693237
1
1
681907566
1
917377136
1
243627618
141307878
0
642629757
356049912
1
864144094
698347122
752399466
0
750687307
0
1
48
1
225843772
831201548
45
555680077
858945679
774464179
577618831
1
396361630
0
317993293
1
1
222424904
0
440729065
0
923826495
526896291
0
146849128
1
678282167
30845597
496177806
0
439225266
493719320
44442
1
1
564240188
48
1
1
439646499
872637328
1
42544032
643702025
488518725
139052878
912936396
532408629
0
45
454364025
188350709
1
357645245
365755226
0
903426883
0
500791859
1
774176724
317852264
1
351418643
22734261
523720090
887401520
105141766
388039683
594681743
841556266
416303317
835817322
255012670
684453554
400606570
1
456374609
871802369
0
996382885
902368023
278496648
0
0
0
1
138807711
698504001
50
1
423597269
0
1
1
125022654
829561513
622775120
779545685
349153166
603100838
249665408
49
1
354560495
892499261
858681850
115717428
0
1
195329521
1
538566320
1
0
944617761
0
1
1
307284256
714801196
223230640
990210766
362388814
267721930
0
135515697
1
0
296800936
740081335
442765971
0
528061614
0
797234254
0
1
0
10068993
153274231
48
632217949
492232432
585973164
50
921816994
1
1
1
1
764342330
941148549
805488665
278073085
367698619
0
897222534
148679793
487000482
0
916698194
870416781
0
972965533
0
25
50
673947213
1
1
569330613
480365637
0
553927774
736236779
626397975
296532674
102185548
13462083
704275516
855013407
784160741
25
0
228048411
1
1
1
0
1
823648285
690252409
44
806051564
459674029
379699834
46
261747733
0
0
1
947804581
0
645190027
806520852
1
559663497
404543936
815458590
52
485898790
583529406
443087357
384896300
0
284928918
0
432885879
1
1
492049516
577007291
1
306507618
907853047
447779185
1
369992264
915566778
800825911
867465981
543575913
679896699
0
204348055
395618648
1
1
0
1
962074412
0
665365428
0
51
457906677
757787735
1
986729011
430857494
656533094
657963259
885467803
48
798251368
88492874
728693565
50
870637434
44
0
1
1
683003344
1
595186814
737682932
67740570
245215682
693732105
1
301658864
0
1
115379245
0
1
120180718
974018249
784748906
125642073
0
754273149
50
153104675
1
899821949
1
280564434
91695850
786730995
1
57719628
997074103
96778987
479821005
176902030
526871213
43
782660696
129368802
1
0
1
0
1
204451786
0
762049000
153366454
511909138
551065459
629400715
889972895
101946832
829552363
492836552
770991125
885608017
508416393
98236656
197510955
0
875634649
198026940
474689066
579424513
618635191
190680323
26
139616043
1
1
443267705
337965355
49
327202688
213732279
74029933
578310152
1
1
0
0
0
51
643773030
1
1
1
656372054
0
232069646
751251774
835428228
1
425242094
178272200
0
0
154801299
810679281
514652192
157949624
517119017
647103661
414699815
91081269
668387809
532157404
1
131300240
363786982
496347667
640651911
248754318
682446067
0
1
552376436
861823024
103985316
328076058
460798365
845585176
1
0
811597626
250258594
415577696
21805564
957939243
46
0
1
190680323
45
708215663
0
619401289
0
667130050
0
0
0
191930253
978508236
403532320
14718878
24
0
307618961
785567251
1
340332250
127265131
211980787
295651982
61540002
0
679877074
610892718
1
323843188
66519475
737640646
1
542457061
478125909
223327842
799779171
53624
0
736047482
324715211
332803672
1
836027110
1
0
266480545
516654337
404574598
0
733965081
882095281
44
0
499407522
265998923
635582896
0
0
303535620
481252030
256077459
1
597098658
1
901233507
1
1
1
715413838
0
233872389
0
982232863
1
0
0
174415589
1
46
160526586
176269819
968175643
803594996
45
298611545
210476670
954548672
1
950033719
565344402
770033373
343928673
673603250
0
744900058
675160372
548010736
0
0
731576176
1
866936535
0
1171
713710691
48
992074329
425342528
430273632
1
645039904
312965445
876609103
735632557
267160152
663480575
329127741
614279695
164883534
229568550
1
216951173
7350211
1
224922298
43
690139226
219117646
126130897
51
466820196
1
581315671
370627673
636675015
0
835255006
324959929
1
128632650
980875712
1
1
0
639608207
596481470
