785645512
886593226
670985230
631865282
80024852
0
647069993
13828897
813263766
507369227
111317129
105823020
837331430
647453013
1317672
430420804
752263720
389345113
934812837
986521422
147245762
179334368
316116767
685059751
313882652
408682520
891217948
351801997
29636775
598022441
235834687
722184337
710674555
762365840
509010730
0
0
379628167
835791800
298322506
0
333483748
783919616
922633116
370297290
461988007
684272825
0
735321326
0
347559418
763788946
748643050
1363179
46640705
0
97368435
1311450
521758003
518225921
197497487
378632310
39828610
385110765
633195698
41852
67653150
856717622
0
778046867
628563307
699653773
416313632
724893766
224845079
879969999
798634257
413205557
644552540
441768388
163683135
1
963137513
833378086
5168420
537628629
79403728
1279521
1
213395651
869912539
716573256
489458227
1350804
220999472
1279521
545275069
429832508
548400385
801481501
699613058
504469141
71092453
309653795
0
666768432
1495026
194162596
713894161
323093156
463345601
151771616
701269210
249682639
881402944
0
621666721
489887969
36990
757728378
522623776
524186598
35167840
52578615
846572837
431091227
46774
572861408
64515756
319753194
66431257
44678748
849566735
579262820
687887006
611333612
176433546
0
187131870
249794344
1
72571235
716143411
0
181579094
586164039
786709933
334460344
405315200
37867291
929183900
745526307
92834369
912401870
53659082
723940481
645167730
0
0
451368376
483965110
962848062
958653097
359238724
753063671
905593076
269791289
616992607
685053213
212105143
320102719
903963722
382819471
168268038
0
833764228
434746931
230394336
587285796
23320487
634366952
272626511
899835053
367576137
838782572
458174051
357983073
0
300827860
149779079
44218369
147563281
815850769
607575654
718880459
0
958404043
1405100
268913284
0
44
153100323
618237009
521960555
647448158
897236732
124223341
678310410
1350804
298724558
563189769
245392431
907310210
876958077
540317772
846393961
597894504
190034983
891261506
504570851
408174614
457950628
0
618320228
554696885
966445023
841754494
24725
37452
627884749
555293916
329151817
764207509
441187411
0
412880171
299886470
609948223
386079491
940504689
614571486
138430872
60874232
523778936
925799605
559131064
361539928
0
0
36800
674250165
766771604
635785224
486964240
0
986469140
257351543
787738581
428629509
1365700
61087497
617424568
112691421
87736
977166310
155112760
181235767
498396573
708540972
795324259
181235767
307275835
987268395
0
235208675
437967249
940843032
670660063
451909110
439243063
120935117
56230215
490409249
540008539
874318483
1
705359959
550647140
371648165
42074
560430189
272096874
1498750
530435670
393097183
803964874
704392014
208479610
547845145
729396839
0
544170558
797357353
0
0
167175925
502297725
174057042
530825809
705718916
455325509
92448736
706409268
98988216
73699577
13595382
812079976
944148249
147780786
260545851
374811810
651809240
913808678
137283336
177800178
462707931
861224767
1
378041318
0
623981929
644137862
252762122
936079125
966767913
0
423254823
0
363982133
429123598
408530800
933318129
997310500
467424793
692900371
65011831
256038405
93007793
772400423
50
836614850
321062052
661043520
1
109431733
812801899
378374196
524975564
687095195
645380720
1
154921020
498865024
914929534
188153468
161545387
111199249
997531070
992788012
567179177
563583381
0
516652227
310242526
682246874
798129977
907298186
396936748
485072339
45
680998980
875935844
1
0
821156712
665333467
669534617
458585146
972171188
699849060
0
84174319
254765966
195692792
226251284
679214697
24070178
419397961
14197833
249226102
0
638876779
30892500
749972108
75100423
605910016
185370105
58017150
39750
428276061
203708260
730407686
707244561
813890845
908535399
991462381
314747207
338344696
35393928
44060131
488454085
163373791
196261642
183494528
414736905
0
822094245
448611061
996998175
747314897
15456260
26220724
281015789
0
1966340
933596166
97738630
1
379702559
623336834
718946291
0
293018408
600123114
810212971
243162036
387898619
110187411
772289272
234738618
366649979
680431199
44226
436294289
623746289
859755815
0
146047628
896713368
608554625
652816025
0
23184
220927139
256386981
429446453
0
31422909
509814250
225927063
928678634
0
24490208
49
904248248
538751850
149335319
1
0
767970266
1321396
44
991919755
977947525
6476955
996034804
647844992
0
661675357
483754708
249342206
97497432
496837818
820940704
881310409
707234639
0
588523114
947250232
0
204963268
698813505
314227902
898658669
644471263
26243303
383723075
992788012
909341385
0
649291812
486268362
186996583
242158139
551728582
155047646
679997895
250880654
419762175
0
0
196750628
0
209175028
47
40900
108505553
824178040
369538412
647229889
687166216
326022335
77796006
953464263
749450253
159506258
46451428
362800282
900797009
84580314
441212480
0
158499962
752131904
28579788
0
852314687
638408445
26928
0
236137585
775065761
0
123517019
633083291
437685212
43497599
757830935
484503198
713749328
0
957375237
205282914
909374967
147707128
1
0
170657183
15539027
202529098
678166327
543181091
508349891
61002468
971192928
729396839
962543260
94972938
790992409
0
417965985
245627889
1321350
454898822
713492319
288239550
104695723
353850791
841844511
780565194
639146210
407768693
20140090
447237764
990060385
692663375
857780013
451291176
232399860
382154893
21
236131307
981341833
323712401
935837130
1
514988252
796244789
406776813
979889898
102353833
0
48150916
0
976962972
96663678
748354706
244293818
503320576
185169275
753402514
207039585
378229427
20472518
840769846
60006397
418919688
521960555
340224652
932953198
604917266
560980050
127166646
714828642
169250134
831905634
220140939
0
978687749
21444922
991359552
68072272
624584675
0
556446641
596710611
566708716
723970918
63201212
71738544
757904411
599252307
995544406
855489015
888079649
697727115
544820080
488475199
435483027
338796972
639095510
277905553
289766182
863285722
105550767
980967427
450381299
0
370276175
560722694
0
0
741464060
718839069
0
284405563
58203394
868027332
502038640
405393692
684666071
876632091
48
931126811
740651156
412725270
289806320
983862760
239828732
677799876
296068643
0
135488278
569069932
1591174
668436231
1
1408778
544129819
630349817
261050461
377244953
43078
637862610
623038803
0
763503699
142408794
398785603
806154981
877879177
586126345
499035354
385733752
77314475
0
19328296
1237692
0
0
144453797
302218071
530486226
75602551
1
588670641
572965486
969101176
894139247
278086002
201712939
551230127
205879853
238083364
511198401
654469405
84462354
50863685
452731089
0
186062452
364554494
717362102
0
0
83606417
527836726
50
730646348
491768751
842401234
723141417
947056758
583710924
688693009
719561786
781059798
681787881
59615449
605431402
450799737
378083901
122264588
606489802
765836647
441031204
1215785
335298336
457156575
912335315
587909382
252456096
459564842
0
0
850780830
739081231
69330013
1454400
974185601
873118928
378555311
483371504
699663330
468510258
233920517
202403089
316582351
354818071
94633136
828358022
371371592
656059867
652107781
57852237
512033689
749625597
0
891217948
306501700
1
592549815
753574351
283448185
954166846
362625451
714570995
873021096
439618558
985864836
987405838
666933849
845342689
870325732
965477261
381457900
287645178
134284616
461284152
984771517
871550616
1
209159967
973930376
0
302483716
790992409
760619419
560472188
992395219
894800975
436116303
557737342
552205068
0
0
393831025
158002832
777277255
24725
280950602
514574231
21233700
437585124
86856105
216159856
377782547
880826621
595370405
867844959
178315658
906309122
754838354
737886657
1002123
657563990
540210432
0
229244526
716241478
275673606
38601
580437461
278563996
0
166790094
241012955
913381920
421179042
54945148
259025882
456551145
1517
1321396
31565478
489619799
660164532
135115552
984034791
505484664
769175607
998230154
46774
770359186
787467896
996745270
54587530
711209904
39224945
360863638
28966360
43101
69287804
0
976364542
43327491
151826820
1363179
472914259
899236730
188857723
49
826670141
957702305
489887969
463251281
459704205
19694274
937065949
0
631873878
372666591
0
857571718
0
266754206
455245247
96660852
0
864252212
718812536
0
40636220
756727235
668409709
338820918
99320002
106929051
823414662
817277762
28042727
415942543
822550555
994590586
89026620
388605736
160304600
515783975
42074
782206795
157229685
352044948
104625334
395423488
679606648
895496800
199631143
164260707
0
994618438
589679928
204465646
812954262
823388623
226802406
880998905
17283982
196658766
301063397
590580081
950079845
0
22875582
149996544
952232394
639765
958412448
369694123
715059923
662266943
61436857
812213263
327898632
516671813
800968324
1398878
607463758
0
569050136
419599366
885717732
89585582
945114829
542751227
0
910974541
968588350
753841077
805680981
109146448
655290005
1
237641934
260079437
277143024
33330863
365625586
533700666
220625678
673356850
249342206
678125180
18109375
0
57137104
492229373
778296687
0
433374616
1
670271141
769239659
618632701
88595633
550018362
0
226019668
832770023
56230215
88370274
0
2336133
654344554
517946820
1
778433681
220696860
0
420091872
957096
67774890
0
56027805
921343839
981059693
477890927
1
532310716
261212419
154587377
251313273
44669825
0
433298467
748052998
994810540
884143388
164979597
1
421451300
874318483
932425343
888507487
538006125
0
90409974
725116935
614120147
531084365
858486323
674240003
602009855
972207474
516100237
0
1237692
803742666
681578866
891661744
216085527
676506623
333929158
705171761
584819499
227093173
153642186
470569325
827007784
966444919
554812685
636467697
0
1
175026168
209473938
920483188
310661194
910134082
964232164
36204
337682832
806670825
351801997
536097731
992833184
40988158
1
491654214
850863999
578683962
79066781
49869115
441031204
417228880
437585124
0
323798708
1122
269903477
1
0
283590681
690641374
14863750
0
33796008
15178967
367322136
515088130
251177342
0
613793478
675357035
288207972
983375410
370038032
1
222237015
232504313
547603759
984054654
572674934
0
598633364
156398492
455386731
336338296
96581580
0
611486734
392970257
726089163
471311365
43101
479627409
142819162
451356224
525121445
612913106
320878464
105823020
838864346
947716
0
126687099
101303214
216044020
216078675
50863685
0
941814195
527724914
161067514
104862911
430259342
838682195
993265805
912841381
46
0
98750176
952996242
15338750
1
879050646
782323018
791758424
373148564
608304800
1008
91723118
5032264
834042538
70411659
793766492
624113769
45815587
933656663
444801512
503484713
100813399
24604323
308832329
555143978
400520371
522735650
71169605
42
821016012
862914803
921359728
472262515
0
770445755
773574361
484356341
848417827
1236466
0
161816079
816246689
476906064
960954710
465954739
541311412
14197833
893963408
290430552
0
782181892
1311450
922573342
19592698
160869010
605100696
15847063
871469354
249319738
631268046
417296444
629869375
945856321
459052598
277639511
597633752
237090903
45
1
115021413
417747027
145977857
637671454
714446999
159740673
651736413
968626772
0
1236466
56099685
0
1543100
540566715
622870649
600783371
116499353
353925336
912763757
0
678868809
0
159818836
471790029
732017641
520237435
25875
422009168
364139185
431507590
0
158586443
842854619
828742960
437913784
997789140
849076192
301046020
412117615
233289942
0
912009035
758009003
0
160562642
626146505
731348346
407001856
72561270
896959022
0
53932592
457652035
839641134
696730650
1317672
113182692
768998769
0
302067600
340580290
38903429
0
990905325
730098521
986501867
512890097
522937292
833836183
287661500
0
227498223
919132070
478793354
800928233
213905140
1591174
925488627
0
123711945
205832253
194787921
62280882
15456260
661955710
210165045
44320517
747320284
930867
874126597
82101477
912076407
456361169
72104531
378246234
343903812
290928135
1
1
393296194
854141248
814517707
1
354456150
721047577
977166310
406398827
126433752
126670407
93485547
0
1398878
520777005
423473404
500100271
0
825359650
754295140
217076000
527812807
425572874
961933025
0
794294290
77666031
828337432
962259105
0
450710333
0
533257296
564585562
476838048
625504865
597664907
133285552
0
341418556
381300602
511198401
911783209
824911438
0
26928849
0
256150656
963891621
629650307
614120147
460534586
161548463
836162421
415285636
0
169153839
39147287
315781517
36210294
462615374
976471705
212321018
205255093
31942952
0
0
950777717
102966061
845107500
507006539
39457250
402445083
222986290
871501143
952835921
565170807
19872341
352830516
267373411
960594374
1037843
0
446258903
424482961
0
468354416
84555744
292860986
0
254783758
663522876
0
24794553
471657457
0
826004428
713952943
0
230870667
340862629
111962462
258390702
614120147
0
706036997
0
822042474
351858161
647749308
755132740
113037296
310242526
3090163
351805440
63974202
207776390
965792608
895850057
397984045
1
768491746
353601155
1
146087134
3964067
365027148
889176253
21946658
1410050
66995434
334677898
221569244
885388767
0
214063967
791267390
102353833
756408398
514309740
0
971482005
0
639628586
986171575
984054654
720432876
896438572
820479441
193940224
45802675
591244594
567041203
413555219
783782412
525843827
539912563
959137927
573990307
861391863
759098041
918972007
356035095
559531796
114543670
42242523
0
837222985
370782517
895971397
139618584
0
757237509
260798784
853070014
64473061
144608833
672611607
926378768
931350
763732500
611925397
170789025
658876570
88913691
39652
633083291
597008268
587911225
556040713
840335618
331664737
371792489
0
201712939
895213518
416664352
444443518
24726816
259028248
578030492
200022496
58406524
667066134
236290160
0
863199862
618085578
0
785645629
416105772
807579006
220703152
47810718
667078519
240639288
0
465742934
400023426
519676569
49
963210438
135972277
895388980
280032697
1365723
1495026
0
36303
1363179
29119150
86334476
110290485
990060385
51693895
1446952
757559427
881868822
236969182
21303533
672931777
402250352
846414061
454551051
871168592
0
45599
384818425
572400897
53410556
0
324559490
959683828
428103903
196718193
304586924
909541178
72832511
560606094
434510574
868555494
35607176
515259283
0
226805587
621267295
82648652
23232908
437913784
72619678
955705282
414241653
50894137
177676072
605078716
805834127
523697540
989207968
961035464
866970997
641057941
666064850
782564779
77149231
885644111
369399010
948166277
920556704
0
551131129
85879691
262036224
394875453
807100012
100197920
448796056
930746629
74515671
271223020
1
583442062
456095178
0
411984167
346281366
171808526
110830988
0
0
451546901
265115265
108885717
220891040
669038921
854074051
989248372
74598203
711855636
181921152
248578424
460942659
755171391
347913327
768638766
479679648
834066036
1236466
208771148
127326802
680028726
110229759
200332552
294701906
577450167
219887480
462385436
961256162
66396117
0
271628934
189736702
1
672422139
137611544
721517368
638222725
863275220
961495896
749076135
655290005
117282222
533113885
369137969
610404007
554934575
446002387
247173238
915103621
61002468
0
939340402
0
71631737
89401148
60898084
44350
50
385397524
885286429
825971332
502011114
362779386
119280302
19444487
95211232
250845548
799828238
968951250
385392578
0
972261358
77592990
234411997
196658766
430939718
949552227
635551700
0
57896769
592971623
233496297
957796668
757237509
757139858
876850803
531058105
801562361
0
547381871
749798793
154643519
83235214
425669761
416748980
11221107
441160749
654463188
995160432
90756130
556261509
97994686
44424
39810891
825493130
0
150914525
852076972
630909964
579262820
138676002
767716962
949244689
63633079
273224417
854231107
659144623
266408126
920406412
14829786
304127769
771486279
0
0
117603854
116503683
410554725
287046638
650025545
301050331
485480402
745444760
450374603
882366243
283925915
114629215
281740830
761040307
16604642
698325143
315191040
324451157
937570256
373856685
214102808
512890097
372275917
31750022
38577426
309756404
743149588
378246234
898310685
349855061
0
275211576
0
878409
0
850018588
0
616907832
442475298
591244594
561789457
565790149
824490293
119936493
674460277
719623627
0
459026013
571384599
700264201
899636361
981427084
561789457
604890172
501907383
317414252
476610077
684435143
460534586
0
606580379
135010259
338849074
388505707
26056930
200710614
0
279816510
159690350
81141712
549740742
374709395
69716658
741962560
526832997
39379668
279080128
763708042
198579812
626146505
471311365
370240885
0
128221854
401712473
43327491
44350
696849455
0
652793942
0
930771453
601931285
0
15013479
0
39528
655228125
918864114
81062296
832741444
502041099
74293079
15344784
252326836
728822543
191930832
208356537
673429204
150734750
774364185
715677066
52931199
1237754
609210003
877680776
471727145
482255997
0
813504880
442374094
0
0
558831318
620304784
1410050
100965621
92385666
0
401153746
616036359
649718253
601975268
546014557
960863918
223358205
744728027
913124719
645167426
740688584
515218182
920572158
102353833
410202893
551752418
0
0
314103541
716459989
51
0
589643120
30220472
0
275154848
0
110948810
734066979
895961068
1105702
510052107
738229062
512302044
523851372
432682061
1195863
703980634
671803020
862471348
838854092
405673135
244679797
778720178
442858843
519196696
561696771
508280442
42430697
568111778
195984158
2659123
129766894
684348038
63126577
208496813
241288836
405761349
697081523
214469065
676616730
681867145
44218369
796467201
952949857
482036183
366735307
142607676
643651727
937762289
620059231
117029101
490009025
441962729
525555656
681765791
1
994513217
258567099
684618038
490884037
327012916
154306555
609768817
450164021
692850170
0
251836856
874441129
522916869
17792374
972665967
372798432
0
420807551
995918210
821150887
301623679
782836371
769401947
13722721
362980733
911341664
438280839
249648160
474766349
623315893
125099915
650025545
486177318
275792751
848701028
610111202
735224361
318676003
541500686
138545730
0
448375461
296442545
263251353
393699680
543814247
746322370
728336137
658799804
893266
145211187
143712214
535347980
720932792
185408708
105714113
0
219675771
1
48070372
219958798
265115265
283050366
26967678
576547831
669013885
830455237
711312794
991682722
767713417
1
663091959
164638870
251071372
612479850
0
0
663051750
529783044
506230055
145593652
471265359
250036982
0
693559034
492072756
678377010
178480927
803497937
251558051
541024110
251071372
36509637
819222158
806879295
42327055
562845533
755932742
365741200
644350321
0
65544219
198877309
466660857
98104195
0
869018415
882188257
902607776
766359586
263609330
111182000
452219097
961082428
437099861
0
48777430
458020489
0
245630062
0
584716975
970187889
537980113
697670079
611304397
630454668
551197583
530203258
350280336
954788494
488673051
48
119338521
658023673
747138797
145229362
352024126
420321582
35265723
654220163
445539138
567535393
393885224
937893354
0
562212564
257462485
62521950
769564153
290436633
468098907
383837129
995900801
296947191
0
562696751
922862860
130418212
408783297
169156341
705345552
0
838868447
611663602
226532165
859406806
317035117
186764718
134739273
711861205
47022470
977141744
0
785612164
0
47211041
0
665657917
0
84109867
687720618
502250913
0
589462383
238912184
990060385
947272257
808740552
826509929
309026945
992759022
313200347
224255798
0
0
151361276
1196
483107485
51
0
0
540893699
341091661
0
319725586
42047495
643651727
788861304
800928233
50770296
0
876866145
905593076
0
0
558278947
990788996
467684773
969987241
225349887
732998937
850258910
964340737
0
1
23204862
62480684
472930992
593023651
253343541
843719007
726216724
127268493
866286209
231993552
563675825
286964750
87182093
105289470
520694125
404466674
595949897
0
796015920
886202415
565617122
703650132
31491699
952835921
923809918
874211672
352725740
711628626
276434307
464541208
864466533
513696095
152132698
301432257
887151516
459222458
300163183
195692792
502502919
727912240
350389266
287186662
454069586
250563997
30538602
237641934
545559197
891033543
426483565
473951595
572498553
696041378
960026972
581933893
219381671
0
205966293
320980704
147206986
313903261
394997632
935920010
201099874
125181784
363309266
495319276
615949944
0
1311450
151951929
165599200
612479850
638635143
260895318
625197861
906573044
760610660
47419938
158462534
297908525
423682614
870951081
906111370
315035067
954948725
103620885
924815048
125213963
651068201
1
139975715
731146722
909493154
71278235
691165967
661461301
709586016
82714235
352080861
693375275
754103263
708540972
895580854
342712836
971781977
102198711
258351830
706781800
755372894
987268395
623256961
45443923
832617199
456937731
415989066
952057192
494699641
675003035
378714764
990867007
839733632
0
650025545
992314537
199924074
54794599
0
748640778
814903286
350064804
329773304
679454158
679485514
120830554
939359369
251490656
306122111
48080825
675894046
0
243933418
663821859
0
985323783
491580645
43497599
935928089
454242544
542806390
724562569
209133006
588583818
706601726
854281019
304608101
0
429987009
815895971
823728566
898892622
1363179
600660721
367608586
406896156
994174257
897594150
285729393
820411866
1277069
733221710
488139827
348700882
30600
1408778
134538953
769712147
424645608
777694540
523563154
299217632
651737345
301770613
1
908687129
39652
622217905
833836183
574847301
403653282
0
720154516
692967473
349498903
527836726
842861986
525070248
930221908
925058606
810493307
42952
897828532
44384490
43
723470195
0
405403936
44947703
670555790
257462485
1321350
644350321
12218704
439799748
245912810
163264562
840877333
49
735777575
678868809
855246046
277600504
39697630
944546083
282938184
612169890
0
0
335636203
37452
0
37813670
0
831159189
470294185
418638202
330479351
951338148
719992324
562702660
69362246
449092737
781666901
606461170
769395082
303315132
215707921
35154
580757899
336846247
600298353
471803915
386727332
846543634
6931399
0
660356931
579409291
835524453
50786508
972860581
470243288
200177024
918213466
370019309
267853502
743516608
713235201
852131289
742023249
951390137
27476666
572731082
88226505
379683795
714456960
883138812
181235767
976537351
256592784
533387680
0
851188417
233207793
19697214
691482796
936605266
12729243
17784162
0
566815377
699819086
0
380913440
957125221
759989687
583537417
220974911
350339288
84973307
238669691
362764811
82197117
679806275
579678468
980841972
978831424
0
721262690
1365723
735053798
701165224
857096080
989999565
356004673
50385461
467107327
12436540
698557754
94267607
45024
266463110
458671269
699197855
94711797
558410643
40163410
857056886
668965983
237896293
452449224
877087731
489385988
0
266224224
676525635
450374603
350525404
156597134
55445198
41976
0
783430557
9340225
898661181
303916599
46774
648968541
819869487
839051561
315538020
243305395
78050132
471305223
943362775
6259116
336531485
0
530542942
50
44947703
352875161
109177637
430651980
614486450
197368771
67912561
333158378
702951745
437913784
419061748
854240331
904246711
273994341
271802831
691120047
238668768
853570366
491463590
263457413
861642900
867425141
431897670
966341688
958695080
767713417
182276266
278950593
612893682
610427659
0
470061262
125828851
518427631
0
519597691
782226240
314139548
180735665
981143750
0
0
611792979
431426063
887434939
71272848
812377858
916165569
507611428
272409638
1
939035985
1
372630293
1705344
349158878
351801997
899695313
783984052
0
203938193
621928448
774394632
23285687
201734319
372983971
300426818
100142964
615822655
928133896
0
67512658
944234896
815035593
686950
213392385
700075413
487285279
169372854
431426063
0
163331540
987622932
374001448
905047931
51005922
772095911
0
0
722535655
36303
474247872
289129337
888839595
692616136
18821073
716750259
529003316
890511220
693803649
985585020
528066550
0
33030253
0
519368177
844463590
296388688
844481933
29181979
410903730
84831575
694416322
1
150889175
455641892
78821985
310242526
298424954
405906191
979755673
39688027
0
678166327
104325233
9753237
60315702
483051571
663934834
40752
794698391
907971860
265732291
134413338
0
986279081
684188641
648831989
712068392
807645267
509095958
831297356
493869650
341348077
829737420
449406341
363371142
951780360
905895160
350017185
288878217
257262053
271802831
418481720
950379252
33794437
340414357
308751983
981242668
841461650
373856685
0
188552110
318722454
1
358690022
358713896
385898873
167257958
539120217
300300
54309108
763027861
750806746
433991998
726413818
34062632
894967070
523466204
704635775
852903121
340701549
37591970
0
926802663
202920101
190908367
858430313
519196696
568057379
0
254459558
737508110
680422102
89058619
926088236
207597895
588455733
0
120128021
458407555
886202415
236597648
233827871
0
462
516558556
284205574
380256563
499259121
0
0
884806294
664044957
428983993
386186577
513087689
493694789
187827353
0
728314116
441747116
750583101
105701931
306489275
235834687
374326333
325261448
657607556
0
212624734
309645213
612893682
275112339
537388460
117256121
29639921
515837234
209954673
0
750597536
0
32588898
695156924
921419438
803398154
224364690
989214082
884978383
100813399
53701440
239306400
839376652
570134240
139376615
97781486
535681748
791468799
734638965
1408778
0
984054654
609453373
815788902
365027148
222947719
148051292
131386451
0
229001069
0
546615829
201559251
990032820
36792325
39354
243587134
399983777
178941828
871469354
109904286
215216649
505176105
0
485562422
539991629
767685738
843610682
49732406
0
35221760
84567281
274395102
315191040
290181764
474871688
21216135
237810314
544488184
325680290
948365061
991462381
49980608
430259342
474558454
314976911
351801997
921310517
108627485
347412652
6430209
183726837
519737354
398772292
769213770
7557749
166854306
875142778
609948223
52308523
432929655
729394248
573630954
47254242
317053219
380853021
975700
176288800
521479853
0
898147635
172756390
327012916
844293839
773736844
483940767
462236314
275186881
72973744
0
336588572
796616756
905121
368170601
924871209
0
666926461
760123196
635122243
594416147
180895613
258222393
365011673
767725724
843866333
226143848
627736373
930867
208443194
156373829
188728211
979755673
455386731
381368539
0
858532248
461487310
719416695
333842296
493742803
79048075
703574478
263284868
550667308
654619599
692950886
326957868
754081564
72648977
28028
225434308
0
419485952
543711820
147707128
566482871
553351586
683630011
0
0
338546872
127718643
455324558
1
967783046
193485547
378632310
669038921
566937032
242335245
869342035
685128399
1
561327249
677829342
25058877
56230215
600032633
0
375113101
363015304
88359072
386694595
33661340
473890521
109243451
1365700
111182000
202920101
536084321
232877692
0
0
905153492
21218275
84530315
19000060
675722616
675015321
457156575
372548668
914714302
713260494
320366200
888111754
339324722
566191977
186542320
117080559
707669888
45996351
0
0
982422154
518326623
528209662
709615016
0
813937373
596043089
580638927
765501259
0
426615573
235312020
513632368
198034547
0
207958344
209830288
463120844
73498254
626146505
842185414
272078146
412725270
788326540
375806255
1
0
626146505
74523100
169971619
172561279
694542601
157740847
388229227
744426155
492966371
475606265
787311620
704398621
633863191
739320098
419617664
520611663
991612220
891156156
262701262
878455887
1
923521183
96682536
40851
0
584357134
886083443
943499796
914714302
310242526
699695029
540316569
925985415
755611818
559414468
97784011
913878998
1
617709945
256150656
771254234
21928887
46
745342752
0
68655553
251046521
797592480
811035862
221725334
0
429455635
983631306
858532248
45500
227670467
570466889
989067503
537743000
414134852
36204
162080396
253232922
263106661
0
1446952
578887169
281100579
606121189
472420685
578444
417347488
1
894344794
0
0
78145795
1
962100790
588749855
470368473
907565054
0
48
42952
513875667
121817677
0
791468799
818661173
281584402
377537383
249256667
54608014
360461257
0
563101024
614626180
943351587
813338712
0
131127837
835924201
0
974586303
199296381
308986845
188107587
20526377
584063892
470824146
341871854
70327196
0
112396342
570606890
514644218
305741323
0
0
449836629
0
829689049
452712361
797899349
242722811
206105252
740222113
332010556
921406603
836927499
676762050
735849944
2694313
179891480
0
605940187
407932380
1
663726977
396417050
862679733
774169404
752966552
39726
0
302686402
1277069
519196696
634377406
351423888
0
355098162
275319049
39354
705539549
775506240
0
636246400
1454400
85669431
220518900
197804943
45599
275706220
551543191
0
1365700
151826820
844670410
846080867
163264562
953678214
199355840
902764644
941497942
353811588
676281776
29850429
319398361
67263355
617758445
339324722
0
300183623
598129473
523697540
147796539
731923221
1
0
187881941
106046166
31620385
680769170
280315151
843163399
0
957220161
769080278
538410728
0
258267079
471585896
49847249
570795704
449993137
544820080
291835781
330753093
262288902
505717747
0
946944692
49
595370405
811035862
62679554
858352163
245678348
534262166
292903729
395091140
605965651
73758297
870284768
105274089
16788433
513770638
374583977
443832047
913682146
277104858
1
769144355
1
717121752
183914746
609224857
0
556546584
662464725
51730501
804264599
612697434
0
3864744
582827966
454229986
51738860
67216246
0
196418071
297099324
612029171
719431805
394318366
628563307
912305854
1
0
609338193
438386130
16405550
623694141
500472896
666810293
100108961
961313987
65084047
948510257
858500885
702775256
560908632
145462314
790427391
964379839
647574298
769484768
211201781
657350971
906315881
21
966865072
612302376
15814966
406632936
51927102
95684023
301059863
491161815
534437488
1
620669005
516671813
64713492
501671757
466293083
698068826
559596690
880826621
16014224
0
77957529
893135409
735777575
892774775
620333438
439900182
911210196
403940128
227045316
571385740
718590619
36303
632389224
953499184
965056259
196482675
887860064
949136734
305619550
770283843
319376507
0
515642117
792651241
515218182
263367409
726944358
37106787
363343776
485706288
542685814
758859286
164804747
650025545
671548804
634820155
880152575
180200696
551728582
28045770
126687099
891995831
15742807
911327103
310442802
507823527
882604117
293339540
539926598
600911081
510289498
167567549
74567357
216025057
335801920
261847959
126687099
671648211
147439010
753444865
540485851
967316798
880243861
411808422
67828939
0
644137862
109960010
809143492
7282760
758207569
607222498
476368563
15772198
271223020
930855729
388566062
49862255
377248872
266774571
540717506
563424656
829383005
741015892
561086836
113653464
1279544
556677641
0
40752
0
25058877
489887969
756592440
717867826
252383212
683094404
396598322
46
724798603
128324469
184229033
7595559
930785860
126549097
765857613
22024316
528714745
48832377
964857032
9656563
29159276
972988102
706754211
397975064
1
0
968801228
839385524
663621340
775953712
892318103
263671046
420419397
628487228
22131595
214502450
23876033
308961906
311121438
22076670
774689754
146862199
257611331
1154034
495464088
595977003
422793899
141441846
541477081
66191087
558487151
679641112
267866353
0
589256840
907579544
874402473
719416695
411494228
116336356
619812306
440875674
6418698
1311450
614120147
941770105
444670315
565853127
423473404
657676791
424385065
534006459
166670359
654393063
211062926
610788352
558168728
0
0
0
768329118
938253708
609398939
730361310
470812107
944234896
834886544
101421171
582746513
753788223
0
587238519
989202804
275653494
359739472
1
300542885
103449484
911691290
0
103005611
196697897
854609205
114377679
922126534
386001492
161520293
790619187
994719548
462785707
944534101
521602465
822531685
188850352
696725093
133836880
799970590
796015920
579396972
799976388
865703134
416770464
494897657
135410756
279091736
0
605882845
151826820
594223069
748896441
0
229870455
0
169257235
0
499650297
977462002
987835372
0
692768783
505184877
564822855
962455884
0
218663718
159506258
94649138
990193331
866683763
512890097
38168186
739138434
1
695079693
0
204845020
0
570196228
955655438
0
545073572
746322370
341156583
762829481
0
839670508
0
872236726
836679909
458315631
819493055
305763747
300441756
398472810
104726515
232832230
877127042
41645676
1
172239063
662505477
536780186
1
0
949349296
788502575
824057248
294767356
791970364
413947489
571385740
866442673
560425148
153240194
279634658
0
314064558
0
1
222541210
0
638109093
34195103
0
48617615
470268227
573718028
0
599946104
921185155
864060729
681867145
226750516
493278971
573552862
550809
288196396
278626375
0
211725305
725942050
47211041
10526333
837867750
704779273
0
711117790
906600933
930064973
427101838
748240172
698031946
64473061
867724197
0
854086920
57494357
1321350
497099131
233133084
0
88642428
40899
923892224
122524859
662209243
172328782
848100353
431065561
0
897158139
579422035
140346338
416165250
489445430
279691690
60335738
120837919
653729379
985323783
577628775
340383184
728336402
691880935
338692531
989426059
0
961562636
742910119
289192308
484749087
43200
491243620
856600360
737186140
758207569
841834914
741257730
724135110
731500206
724726777
234119833
1
294553467
493306978
968688307
97122705
244211432
928030621
0
50
407664485
505320828
954273459
612893682
983647714
643179033
73851498
462785707
17623786
694355537
91033484
719758786
189077040
32822264
565007455
895961068
172939216
0
876316167
0
709562200
618237009
909742624
506542989
92811751
266235414
131338096
825998601
0
419337011
0
349592985
102278264
1822479
0
471587237
154424571
39232341
748893201
0
213416619
867541040
431663756
806497111
652107781
443820930
167407958
769549098
597556654
130043160
153807408
584468563
847000983
768692684
611154277
0
306404636
145344657
101568983
284102769
557804222
327077079
0
289186981
3103014
120837919
534305806
938137730
269783763
196252676
790952794
435418418
913384250
577351209
530496929
297659060
60134475
1
16829722
365620267
130985228
564669504
618242407
172846446
83551679
329190113
200958407
809743011
196451670
35154
705171310
0
286907034
366850510
55514113
520185295
1277069
633514231
482855367
959104148
39726
491244355
610734086
228009383
94767276
46774
58196620
997294362
532225449
82592820
568102882
793012874
566617649
516024543
126549097
0
89263893
732516702
119211339
748744174
930867
524467558
872236726
471637090
23
511246486
972832404
678438732
186323485
347920183
492220940
886499008
0
122634789
715716197
571985462
710671525
651802193
0
136623648
827683512
603332757
289129337
791094767
780381821
563049169
74996190
214534551
35154
900091695
0
1408824
547603759
510052107
754669944
407086729
1363179
378408003
640154534
363314213
819901559
26165645
467334162
45
92290829
184098687
815289891
841404643
843465824
947167238
860969370
0
908360009
109869677
36204
0
107103555
663788857
29561051
225701906
0
115180280
967137180
881331792
959806701
361142766
800445400
936064922
118625912
57430132
457436507
61950399
647876450
791514939
609654663
44350
954698445
0
270342438
636055319
0
901347820
800265680
0
341440584
291213409
29130478
869524480
27206429
124927281
538127289
784757984
586792381
194743203
62740027
986973415
235929251
1
69497905
172636947
729236579
1
0
493112102
0
0
992117859
360389453
72956002
484406434
400804502
879667858
0
13236454
465150348
50770296
994314235
803700086
710897285
611791265
589683363
748049801
573648988
1279521
126752248
0
727906695
0
826758324
31050125
216866957
760588383
44
715649120
935501558
763708042
658500922
86131728
51
62545138
34863967
180608443
339047724
462236314
0
264470906
297008472
804264599
544820080
612479850
902503066
48
0
0
997183356
271878046
799073755
529949335
548458488
0
1
475037766
912915685
0
972217573
597140374
251071372
473897015
85304704
223789642
738757567
220578195
543450884
743702922
617987733
786616429
64473061
491992820
876060005
73314289
848149517
789579645
255199836
234849106
0
0
537673538
849417548
188216689
653354515
876902544
754669944
854417645
802509379
0
0
0
955322968
913381920
147658057
0
0
0
1144
229878234
536908453
98674588
483494438
511248794
211446555
563375688
0
333258079
67158849
646950697
222567059
274750707
981675834
960455608
229799062
342869685
361833845
570420963
0
789962650
979404916
819920043
781116306
73090873
611602186
715070673
828797613
469437102
12471739
453650607
327254578
105674361
122100004
548259190
667796221
905081048
379758119
92929186
815502986
367867340
79628534
19787023
230068849
556901883
0
0
469536246
215627959
365782797
974486455
617424568
561789457
826130563
492015883
322160646
993440339
365076986
443222368
365432339
183257512
0
531058105
709222984
648348110
151134557
578630076
758886535
844401549
680570411
666747771
242447135
126433752
364142057
0
481101239
441845177
158216577
0
1
0
262464938
797377005
904759863
711739614
91837492
803396896
759989687
76052687
700917395
928387586
871494590
263340116
447561194
267464329
0
925777954
852663
614434699
937153291
0
44
22699941
869969026
794405205
137790504
0
677654194
287142591
880978548
368565515
489598363
142032580
767564907
547603759
875036150
852065054
778559263
0
485435921
923604107
542719137
0
559596690
440451840
562460735
827098908
257166878
627451228
514574231
124359651
739820036
557806495
58459619
0
558879348
0
278508941
626198047
0
608676811
141728066
468055179
592486676
285676076
289760647
822044891
496812917
870910176
425605603
189702770
129103110
959648172
0
308342490
0
161267248
290766111
649187446
385499297
1
851307006
917844474
318650885
283336904
460452173
376991026
463133801
25300
29774380
94667401
194369112
182286286
160462516
0
249972901
136669805
580093246
276856787
693807377
733533134
0
490761572
986381615
0
799210339
142655921
229302736
1237692
562838963
716200257
485280962
943760944
687281650
265282333
508961187
391739063
643158294
382790370
305967949
953715268
450183069
1405100
70397628
368843862
152057215
0
312170904
0
606428395
0
882940796
772215105
479634090
0
487464256
724784418
148607643
120830554
26450
247422092
741650395
461352938
692755479
179700492
545390610
465731281
394831319
403579916
976217310
145498681
0
858532248
869219602
405871436
59736100
837711087
989107575
437913784
0
684411153
127050631
529503346
430041762
918513235
138941794
38430519
0
401069893
455487442
781933500
1003178
450968802
823611692
46209500
43200
906141185
869152102
394250820
196253755
510438170
358215028
0
635219646
353850791
404466674
52
295075229
0
677208669
0
19694274
315312959
464661861
883795768
336292435
970774295
310903296
780910575
992943125
545386488
74625417
349592985
871945563
92214048
0
324736351
914495378
726103412
0
22399063
414134852
841574726
754597078
812821648
805887126
798999616
678114443
231552351
24372124
822689133
25300
206536226
9429387
709163921
0
639445326
614767313
488475199
915011653
250948556
983270543
0
544820080
778964843
638880654
263890446
982663846
260866024
575601016
236447924
711746410
291002560
81646216
787369939
35034869
667040091
950499563
262367505
800265680
26724600
574934155
288753007
477890927
750685915
922992338
497599626
788564606
759395701
242335245
366355365
54613656
0
591034366
607280084
748744174
598603209
552760844
0
567408322
985757733
127106176
992223034
146745460
405580589
93485547
977362859
979142131
882453579
40851
551860261
398345466
549457593
563751326
747272474
985993673
32343196
0
235754246
885201856
604167097
0
549601056
23876033
852374541
628739523
894800975
463034553
821377226
130022929
593726482
751896416
174004222
726823566
47194199
0
0
29130478
275056093
56071070
348902472
44106274
511113837
649143000
231924353
266118930
0
476453032
912076407
640880466
0
598022441
1
267956114
771510821
0
441160749
354594331
245001872
0
756033925
520771018
957546748
968748684
548845108
452047417
379392614
209430853
438671174
21
265132916
177051051
576941281
483187433
359083167
694416322
815788902
623332896
0
705667750
482036183
526053890
257094943
797251131
782594795
924274463
103521710
726496098
357072042
0
1545575
504737771
38577426
962281530
0
371130003
479679648
874309716
0
0
783981249
98583623
708698455
393530311
0
331056997
622703830
425266052
283476486
91439675
961646497
453634684
0
289373280
287835701
564585562
647060679
791514939
0
0
42047495
453607773
497000763
0
269432794
854086920
1009554
0
358750412
827750501
492887569
441160749
573465252
0
277798180
756846454
835113166
1
713120443
102915443
43200
582180790
966480509
847232117
390832531
91378179
1048777
934816387
161301981
787823180
196252676
21444924
688916446
764808963
766960826
296326337
289760647
363323262
861684322
217222388
560722694
73767847
318547426
910168867
741750636
671601942
226029762
185562525
0
910040573
313684810
44488346
684966982
99639605
256829584
770769253
0
571509802
304487174
38730322
28877832
911156947
443522818
654903022
822042358
366812639
869487149
657307847
938829624
490204440
675536494
583126945
597008268
369969717
528732901
1498750
316235850
45599
0
973904797
400365000
813091141
241288573
593314399
352314288
0
508920358
0
36204
874549775
384740647
707487733
266529701
0
940580447
125867155
912596764
131223130
729844419
0
0
42861584
504432110
206506449
869559420
45992549
365543206
884658294
712634644
511831276
137480826
150862576
896240183
450374603
671443087
0
353067321
871071824
933393415
583054720
304341939
252010117
646632332
543302494
460361309
1
664951810
510268030
23863392
6931399
932829080
590163198
37450035
286286617
0
0
0
948222
333287143
945730821
806331654
1322622
0
0
421844790
873349974
24573625
791009165
0
457981677
875082670
0
582148333
375143541
1
457436507
775495843
936490855
50
100236729
55947231
83679596
783375425
106526796
962596
719264900
614470737
726337955
395156488
579196963
540358704
621649260
0
742940888
1363179
47
788955191
201216324
800217767
918864114
270380702
529783044
41976
917932595
523205706
34965689
526386622
692600019
114803586
784465722
828212937
878745988
163495009
355500151
676619344
836162421
33402385
848236740
43458770
360649737
39125099
497886146
94144284
820115156
0
237939300
479701353
154450528
0
777917849
0
158330827
833859851
162031685
956344357
77168162
136177178
839384150
686557764
981912883
0
377477375
771717664
0
133113493
596000826
0
194355797
309260393
0
771490723
30888293
390584290
624665685
574577304
156024066
152040046
711613317
609338193
203453692
1365723
686309102
271802831
813287131
903444590
777900558
338649574
43101
568647138
55685866
609179716
943161353
962157537
533947724
0
0
648589728
671950457
934002991
521871131
0
112419114
0
824653312
192995470
553588107
658091340
465421496
900935486
732102139
649303918
980849031
1
627898870
373376154
753459981
551270355
165334332
0
1554298
67404010
842359063
885565852
976364542
308558641
0
840898125
657842143
844933047
813505148
0
108688382
591073814
536185849
570642807
325036511
516349340
819901559
31902288
34683391
0
293896974
356420262
0
113619883
561870928
876099824
838169953
271425215
305982096
791309530
41976
623731240
709781084
497395195
0
996097192
609405216
125721810
518413469
195728673
704642657
581238708
36322692
844490361
993378918
473890521
606821816
0
540180527
828646067
788831183
299051065
744494241
438687529
896118820
188053440
880580078
462410390
206202877
0
398977961
841946367
240757508
18001986
675539230
992140754
377662390
924972622
0
906116423
825133739
0
663590039
172239063
219381671
750505656
80767546
654220163
342309069
490535097
790425125
214794163
283986561
457388884
585355393
0
0
963410914
1
301063711
591108319
352599012
809402205
667175345
203538723
126026475
503345099
694957757
773383527
291094482
335644237
728024940
346206159
686904641
652962460
101270680
320911589
37259529
0
140363172
264731032
0
774576783
370377438
573499853
235578298
40899
424272147
0
470675020
873545380
0
79665637
623315688
932074094
821437771
307689977
1272096
825141845
331022072
0
853996
13639052
8025274
784193955
306501700
402250352
425572874
833836183
9919306
221898127
965511276
259468547
237558570
824439802
10730499
0
448014080
901476410
571541281
9099724
879022804
818032134
988726
4989133
0
133805027
205892497
842707612
313882652
403842194
718946291
68393373
742374794
612192194
314919833
327012916
481530623
805947206
9281786
557157449
439236244
831138209
84636664
831951657
9088207
817041928
252029692
0
239162838
0
0
633833612
634614260
777382009
147707128
351550683
287798032
121837753
238501864
0
961990416
653920910
272070789
870905049
658114977
940047751
538617805
157161242
143772045
395156488
0
347231329
29690348
191757153
24
150352491
170784959
852663649
959699128
