666232394
159712889
48
22498847
840419160
150482321
677864509
912279822
29524320
635604573
43
1013
44
1
975481734
459898554
288773172
361780804
466843389
41
33899
943865781
193617970
188623818
709487587
606142093
1084888
150221977
80484914
910623474
34182400
160181062
804873978
946574
974434180
1704
230733186
870710332
780177493
483863455
30929
340915128
1084888
773358427
67225219
347958552
568322035
329630121
934514795
50532840
844964112
498175499
382421050
963201144
319899247
738772602
48
315994166
20000596
697195500
830438163
168216817
419680075
272005344
720724132
378271562
272828315
1657
925299404
603022078
80855019
932301745
777672197
776664772
268426292
308998239
981885978
576419203
327839428
108067877
960725253
45
75197858
307702308
441802790
474356293
424730550
36812158
840553208
156228012
293205057
121790315
640506039
739516102
259904128
161870705
104310848
158820476
34937
386945268
1129
876047
944108931
744295396
515881351
46
450267736
621001819
929890770
689282716
973877318
704129210
153663596
641049567
675989290
44
410319227
832170629
422664542
231103360
159008200
44
458787219
45
647253797
271913909
628946373
485607642
705208115
83084570
323853512
997119980
712672325
240287499
809900281
799866342
937716188
557682633
784121363
370290560
337373514
360083093
507683659
322844926
869609984
887766
285478629
606657278
448676388
832607934
196664956
96463194
752064582
750199625
975065966
1474
702299991
167931699
453422857
86369074
439915089
560293490
135884034
486040465
591889843
612198695
495924911
963530552
915881522
6053687
723002120
914629445
497019575
371794578
805707038
201671921
29845906
408594443
87278665
296409952
978742007
817556489
508417945
843100419
577083303
290574040
429063726
604323047
47645861
38089
178290017
804149036
634035235
457800
913520736
42
934691415
340884631
440980365
460953182
583296776
106357615
341132326
938905256
8412680
953570238
434420216
925
724013801
102032815
796804123
890484140
964753589
450239126
29534400
14941509
66440288
716179836
217411331
839583952
992609835
979136641
443357782
799866342
46
364559463
50245413
160470902
53857992
846208505
1156394
464899655
47690186
463630516
504611032
453715563
43
42
868173271
177473887
938268568
30404261
464352010
113845154
791313124
16013021
510767243
895120462
31919
960624507
949709251
168648226
168248273
785200739
885642
47
697130191
124093476
903202613
949220951
841114305
959335011
209751762
505458699
158146312
235501915
345708949
787364525
906005771
138136259
947036
566737153
985712931
287142084
530998257
371073677
314133563
165063520
19998273
440609336
339845130
291615045
33945
184190834
68500133
990003816
195758184
75401668
362872987
1886609
281365823
246279116
1429
845837128
451420661
989510144
841521724
1154850
923139227
434906925
585057518
862123560
582726818
907165573
131476975
359647258
254619314
228147207
1519
330707899
553527213
580338858
734949872
786571595
91328075
689551330
571526110
737481348
1009
47
191504760
879853131
386873332
45
46
333510086
142988971
1154300
721591271
134525431
907193337
431139477
633145415
979461
46
625586346
64703295
233097451
315504759
45
461164195
683898664
940289654
909039984
827201347
845174468
556328720
733895928
381058531
428791042
571612646
510365956
580377999
278991164
503939675
571526110
721929562
262286277
97624456
415759361
987712484
336402833
462
217906598
165888291
470948194
531466525
200821895
805618761
855783985
1013
315365792
1610
231040988
908822771
246381215
734982699
705121422
548085769
129344383
67567739
48
820966470
59585796
614512479
903294267
41
968478285
41
33945
700523973
495224872
699675400
776276144
856658786
500565861
1048365
475662425
621760642
990977816
337240574
1751
969174140
837021590
861370057
398487237
1610
991355591
939744405
958820526
305862468
605968690
45
42958797
553545466
179079349
804014977
97761994
202022501
978547299
49
1473
780046761
46
337219034
34869
617703267
1231028
825145885
549970481
314594456
76094360
217727859
710965075
621375458
203884813
653580420
42
50
450060413
56082031
810183631
161640902
594868082
515841934
867998475
465765141
1084888
633325920
374194523
32791680
750727394
185180346
160938544
33839129
117612832
366395364
24
34004355
45
878634134
527280463
443598759
937612747
559874986
973805354
476955496
1154850
441107504
679038525
217382116
98847783
43
10432569
965271701
1154850
85980796
373919481
688199874
477773186
318323639
142511750
837623052
959901771
435825740
566365252
269064448
751586458
35971
1126
256699511
897664021
161427696
675679083
244798352
111602781
686801309
440723847
503177377
513528990
45
412595691
187146422
333204641
593417636
121130993
317964792
904204801
932181329
1565
664522437
440087588
613281937
400013396
608030547
935715016
969444174
412935347
295855056
459401343
907413228
993321044
897720833
112978738
6800913
67787940
410497114
534679884
933903236
907618663
697279588
299973851
1429
776981436
609570532
58749
508282385
876668597
975711313
45731994
468177605
1048871
236806251
770478259
844540906
1559
548071218
21
910897464
872818700
101339162
357986891
874889866
548273530
572533079
23787503
555020038
720525416
5579766
562787792
635699611
975171559
704860505
65077235
1120399
211398302
233969440
574466422
39194
765383113
369613726
392551271
316139331
791619920
651947950
176057337
728734515
892629569
964386393
262698900
952474626
942946028
27031075
322521893
330187458
393582108
38135
657053327
75402572
982550480
598752051
49
533088276
40281966
607028439
1657
597222896
625900088
21
75797540
902276381
797460635
247424925
207264384
403559961
645470067
46
653360523
797009240
921513364
312316735
22
892952097
541680144
149788353
833347052
290860158
986700814
226690643
1657
598752051
550106146
23205
312580786
449063102
321619692
908730930
121828075
477212142
47
1475
683067107
78282462
4639383
213876223
868525737
488557645
697442706
943994402
375931975
820365278
803918029
1519
299885493
773503040
628866368
1565
372907871
630536088
716293638
366641288
848034447
608030547
807587847
857607473
357453372
43
39021696
979299538
794131692
613281937
556031481
23
270168896
908730930
592272410
175842930
518801246
25346
268581351
22
1558
675027977
773628748
941371718
864898539
657804593
507731936
571607781
39217
911361497
661500405
784732780
639961480
491095939
125937090
774268694
506931562
236266564
783558584
785454786
531360997
632896956
49
380127333
905947709
348146146
663192131
227920368
582629475
233212572
351601433
857770773
422300627
5520379
310363378
746751204
627979560
638409135
517983948
81669977
818220484
925
15677345
670593299
783263421
498238823
324500647
662041753
857743766
952456923
593368788
241933157
271265432
1475
252138623
597134630
107119059
363749779
347050308
226943394
384332602
109746271
183191079
263634029
321448462
680951434
546252149
204708950
843555934
333980708
987400541
887614349
348803024
511561839
231543798
38135
938125660
45
1231028
165561127
102693273
621461762
886455182
6486817
331595249
47
477978780
44
666736208
435529080
417959892
290185068
341833864
698840159
613607274
995616184
581202965
710954864
875557226
936765244
306548781
816020381
960272156
436158021
686024725
664230308
433155306
1559
312440811
199289665
349198662
328517726
401454004
707592625
636830420
492754472
524302296
1156922
278055213
69314951
47
114169450
411396208
657751854
135001176
580270430
740367150
277735206
202802084
940289654
993438243
330091621
44
166153505
224513369
968781643
24
31968143
48945590
296069376
220890068
466767776
510280863
268451515
372186070
789038988
644786419
811077258
159772222
2156675
45
37778112
879295882
432295442
785942884
69552435
452736011
398349985
55165734
332596550
451171096
716265770
803008577
833034896
682304859
229225000
167643761
783332048
662971585
483188843
180673139
43
947137241
856033332
935710051
478821301
865860492
460924403
672646526
335614842
763426113
828659709
204526646
232100416
40299
609079112
58109602
774886249
553030903
364146449
1703
865216065
248673918
515090498
49
596479184
44
356871504
142662262
627496075
72184327
719924221
620868633
778641
460867646
293777520
735526801
45
375757233
733761823
425983929
353178134
41904109
73995398
605922286
850806552
283513180
547502230
2029781
48
455647832
438901342
936453781
302838301
994148196
321153374
197690619
291498038
188707685
968809214
653519259
113887129
977227727
736790595
323816378
423312888
634360839
258393855
270235620
728632806
534881232
982144372
903905241
744639366
970225939
720285916
532280003
697957399
925685224
1231028
603342633
334373552
85110214
49209198
27358372
942969056
888395257
101531913
491314885
489668464
912479324
1655
913166589
814055835
459914590
238924770
1475
119803049
47
417959892
90257138
493314801
90274395
359304593
384356782
588806915
44
563428473
631850844
584403123
523890777
26686026
520450903
920602876
978321765
404623377
58526674
50
36767786
86840907
23
48
182860477
27269844
765387968
588829120
246341033
199899995
49
7974439
634822475
640640763
587217369
723825729
317561957
792880
918376559
1120905
983809619
934903919
853939162
439121261
913613718
505105272
581957409
851943906
658966905
814458414
11724689
484878365
145951269
147396703
328517726
46
376891245
894361264
936765244
754271872
768674822
411191569
44
75097909
406718833
862445155
21
8529704
618880170
608497688
464295840
186405732
517935291
376333459
831461245
342495560
167990592
719924221
546808771
469754540
348259032
190167728
320400593
739360706
827126407
851814803
117344260
36550272
236330863
871945524
662012455
3728958
554661926
739926687
216004827
900850412
412483921
735698783
661912159
601178754
717146485
836030331
32909
817681039
9001355
325900334
415290134
907491141
544902082
729554282
51
84140161
708092028
543839569
138617155
501060646
331373115
182439056
426666945
1116761
30771790
50
931601922
605573301
183707841
462852950
516930525
944045739
750775865
547642677
718309845
826640843
698406305
991
741758619
807125388
371562190
897924819
786946436
81922393
931601922
628558020
739817359
89086146
309780637
369198623
631893338
861771817
403964380
2159106
595026967
37778112
301145226
1386
194153395
143566574
701572422
517618534
318162962
520933363
623451526
380040974
127440664
645911399
587978646
121664658
870958914
526395434
779723788
662953967
631792018
664162434
851297357
493300708
882766157
511668071
728943983
416615307
682024608
404521788
901405015
508344015
633837355
721340157
435781869
225453983
988822019
905861462
226488892
677373929
570744146
72416270
869832384
20788547
180363186
877258491
171540615
843264645
438453702
297097017
205044141
817672735
244107647
616961484
887940126
492997222
893274400
1156922
46
599155788
162916420
975278114
106171917
529730027
939940566
338981792
44
951546711
604075929
123138155
79934763
786568503
538600064
763693647
504117667
640934630
46
6020234
962547141
960177640
539149767
891682227
47
332425531
1519
964386393
232772037
50
437365008
37451061
69316354
236304025
576979307
694420592
719046211
957295272
1505241
88598644
1519
428011609
1609
912479324
114287400
722810600
875774379
538909093
942183012
840531673
757534098
931747533
965542812
879874118
883466461
269034693
71858779
21953887
300268299
795503110
159370147
85797217
983508305
747244953
217882085
316640326
1520
22
51495662
496477039
627170219
648726406
429666934
47
979125912
31712640
21
260893926
19544423
215562485
927304053
646583395
48
374387494
854278086
116307315
916039388
51
766563231
967236966
513476178
799518066
434530990
45
624950063
11176
542654381
429746217
602527633
784649336
380509202
255896129
43
165053064
1559
254567861
876286228
1156922
798457084
757446755
707791063
135697452
564598193
397318901
588446524
36984
935624648
603160981
632136427
470444031
58413814
913079022
663829246
586547606
730110034
441518944
46283317
739499106
262249949
46
281195539
862862526
300615942
343762823
144156826
1472
56620116
846533540
22262
944432800
344154492
180423089
685025489
22
49
511944497
936765244
747088324
461178928
397994018
144522612
877580723
76095714
38155065
401280738
458238740
170404868
375488976
328051654
295334461
255496119
681033486
76995051
199990643
589033087
0
276534084
296203186
441423836
45
927703058
392872265
388038194
582731936
102343794
972203419
35565198
828659709
149625007
148160677
873333159
374060596
870019746
727889432
900162289
336156627
287632828
348259032
366807539
135432609
46
506843598
602034956
1014926
817294486
188999704
616085104
250237807
32957232
399573462
693025798
531319166
641484647
192909017
745578609
50
577526657
293329382
523189021
957776584
973568278
45
330352537
107951413
953414866
224610143
588843523
24
191655063
595577862
631755919
509175006
246389770
593432684
298360632
301145226
282048449
416240673
719924221
774675876
225536250
350076002
362268412
215103541
681326062
104658417
903692136
823529667
386920114
344144938
260738858
738691209
743576003
764440348
838485658
992005258
496959689
679400294
127124755
1048871
62096701
43901465
25
807778705
374692899
162631019
202409513
743026253
184329613
546103777
228529622
46
351825023
21
796216255
734355119
981368537
745071683
537739344
362225772
17159098
379801051
483011545
758838959
736296918
106101617
107304405
196861719
645247632
777862748
437705928
806778929
591745549
776391104
326112208
222217508
502500111
820818644
25
275690799
910010074
895148888
287451162
267577675
643139128
612731735
299325711
7823407
246620887
181631764
990998542
957348851
575966857
480971843
980582056
299803439
124430522
270907623
431982253
332453357
760962471
839355658
953460006
143566574
282107344
88401591
1520
741259856
878675409
724438
122074413
22881600
554649144
958572628
468955456
142155876
907980964
178815810
375790860
868383016
480717009
947925320
571483946
1084888
920518471
851206171
512777395
119584525
811110253
530114562
546472563
441472599
457500671
36017
318877033
47
136397260
450794620
227570735
1519
996169236
35639640
189460114
564321048
523861479
442
668988744
781283967
468157259
339422203
573925055
990801361
566209683
825715020
438742089
328168510
945915115
394586237
76367997
685653614
747728151
980798734
46
571842194
40299
537787903
929559050
47
465988201
795266722
67672014
418843819
551465765
678806311
114243618
90868130
601554857
54798875
34935
157676115
93769094
449167977
584570171
946060883
486597123
978667488
556936244
420903526
236684224
421145939
37854722
20735337
374845635
964041971
22262
570379082
765801633
102181718
156716264
750869836
42
300747208
715113412
389243715
734424663
728989911
96467040
834094111
494513024
160041910
310318910
793606436
710585951
862241594
726459328
318941599
655234733
677113762
981202594
715781741
1611
978446380
144869600
40758450
728431805
170773629
882208713
916170477
311932013
411466189
136312702
209177354
45399436
188151452
91328075
865375389
258440239
45
812145069
107343078
47
889257385
933022695
677172105
758512210
80466693
360648032
90459134
589827777
980981
454264353
676919639
49
753775320
367337438
1655
554584738
920970018
799358475
578066139
691529
674986055
305370539
943480900
245124196
773681385
505744860
993999604
48324
904984599
203300277
692476680
721894480
256779334
624337013
409162213
274160495
137834533
379743550
725186701
155363329
294959893
681299173
658295237
479578147
51
909902183
698311091
337463308
977408838
488655589
8984638
948169824
134525431
850305867
954516976
1048871
490846674
29803715
637774677
676484811
167272378
857080073
652270789
130840174
250734867
638276799
496084797
13108492
650450476
563241934
1078672
505286771
682304859
9169002
139047541
277898577
562072216
198039191
610082987
14841548
522947566
877390380
130388085
543812620
787145662
279621396
203491743
581203601
40758450
746954497
243514929
884487341
1473
95651876
75027035
464683703
13476367
48
596324313
620236349
4957393
638115918
525808613
834107693
613922334
753886509
11838514
743793605
558218324
538797280
43031767
591639093
71302809
42457763
810009319
510810193
265647314
24392554
747877493
964389953
485925026
1431
710328053
95013872
187141926
697275948
1192939
582211245
339822475
50
303013078
453871143
746590916
688168476
901020856
248206527
872883085
222369320
190476327
74780643
372434716
951544029
511352272
259573618
552920500
554584738
1014926
364690273
696886338
679973462
616776042
731699017
54663824
650036756
175296630
14566754
969928511
849715608
571138985
985547832
36984
582956825
878961314
37738992
939700721
284400107
22017847
184995235
121561812
4251526
900673140
902595662
840139452
163308493
137635943
676099840
137149862
1154850
233252309
294226046
957224282
77904368
883472266
744905368
924628265
355322104
286487482
176429990
189331056
260738858
517717576
492178474
346155467
1126
790180758
233121110
826087858
1751
412237898
35175600
786339432
520305429
970625835
43
23681075
636834074
646196479
938225397
902351552
382649440
1057
16000788
901510801
856916975
711600761
73206773
290805220
99286023
598841437
600474675
55387667
718812250
709120458
1082
24333
684312622
645157240
831291451
401042415
42
1952
164944136
832327338
49373547
39454243
459746398
294527746
200614614
184995235
44
731278935
379679026
363770192
751283066
1
68323465
47
961977969
927342480
150464415
69336486
151962008
610082987
23
895319373
511319663
927716764
149760350
308484753
328568732
150414543
404270055
49
558361976
415824662
551629858
1013
509388038
159331638
605789693
764269326
406873036
38199056
71518607
776012040
22812680
1516
90328014
245890218
761972306
48
876392039
1703
770618842
44
300830977
1611
470948194
750610410
187438385
555229132
115519386
279631429
212697457
45
701330214
746306
22
758512210
545185603
46
21
861913589
519180184
464248392
969
288773172
43
72600858
103879466
979458181
103339911
777862748
22
68231914
739742238
431354015
46494926
318926330
24335
24
942413734
514482397
982469184
231720506
58068234
663652505
254038106
235996149
974422831
387356593
45
993525296
686210375
520506198
723223442
616316866
630302677
142181284
773135500
259939161
47
310211970
980981
508344015
18388332
332998898
768221980
257263530
653289048
100281522
241856256
398676159
550580561
461411664
166958015
361038568
781789404
434649027
970846801
993891416
853155198
685421745
856240141
188519333
48
582125019
498998953
680857376
45926397
407602845
301668132
468968348
855216277
63794986
178735670
207472986
531150560
626911842
258395387
986725848
636532542
512648058
445204894
545815563
377683228
714077377
326479223
934272135
97242599
495844292
454974717
352524906
566552589
1129
1129
983653327
39194
94837531
314538970
932251
67201463
1082816
610260299
39194
784463438
265958068
858334940
641977071
239074946
477130402
994969108
921386348
509589524
179719351
157209880
746335801
49
87890231
44605037
133232023
559470780
36522432
755398128
777902075
156874091
514270707
253548595
938371582
174652283
596580214
935529197
317866275
47
183401131
516704057
505934989
484839136
754667044
252103203
504053109
746995357
300638048
130666306
764838175
843381360
1519
508529749
650524809
794364671
42457763
581905309
47
36017
162233560
935830578
668694125
931601922
854668472
242259660
925965285
409862107
679386888
377770956
132065593
763704193
341833864
858258613
402607383
311281946
58381626
308762677
712734991
965183636
954919944
510348927
44
31790880
1153
573293568
534155262
299922525
740557017
142997336
435304042
508459199
284764397
1048871
869336335
503270032
97387360
59123658
715450489
913541901
4554202
682304859
861508087
901805246
963343
746928891
940429565
276626740
904525392
1014442
829416087
96363679
832327338
583860209
422342825
23
342464055
638168641
613776283
803820866
714454552
221066237
415343152
598193060
751120413
727540303
728324376
338920235
752753578
354675901
900162289
507007770
403876736
559173455
44066601
586139812
461811502
217233091
307411360
343130315
656487414
921318631
661254615
850589021
214795555
484109578
410609499
710405756
715581045
50
491418403
196090198
528749422
118619679
259573618
409928928
925
730020414
306721428
46
944538740
685384611
256970261
121143485
940287359
158820476
519537089
916159307
209513560
66172791
40299
748869719
1610
1231028
319007091
706740960
848486127
207127251
941040250
830574916
42
565827680
992376615
425132813
910010074
47
130470870
6669818
744553073
745745177
193148990
232977669
1084888
70139972
126685883
299513355
22746
311528179
765486731
47
607508254
608438090
803044117
37740000
32909
950032803
890516987
26148960
25867840
85309198
22
616514372
581108209
104142087
285376028
359207109
160434600
716349715
1045763
148522026
989762081
299226909
137078509
801248769
23
867468207
968809214
196381324
50949221
653630598
863634351
985961577
1049907
932730257
745680533
46
572621310
38465321
938980031
857734050
69758608
668327318
535620714
166697796
347958552
517179923
973888722
1565
228234092
78146841
600739255
64305822
903005866
528406920
817681039
241442024
847555586
205763584
137319347
580896847
901476159
41
923414944
883371908
222103267
186332545
981867837
803026506
936765244
528449435
562774683
4321897
404213072
512701921
747127391
741607793
785510884
168853507
1702
961791218
411864230
956592805
340968757
533740433
648487709
803328028
570583323
359126281
878007922
554449843
57192162
467032068
39194
660542589
825999834
859982473
346591841
247319196
232049040
639909736
200942141
255761707
518183662
957052491
1156922
598752051
47
190502644
628656833
877896106
758742968
827833935
501404036
673338968
338840066
1154850
119989346
976251432
226690643
702749788
397482554
327549125
761843460
198564874
419640555
763578813
961855517
515489001
512595758
50
298588405
66088431
812174326
627000660
237876726
614222827
49
547604566
66150674
634171885
247263836
486486391
827379383
383342804
713422409
903027954
391135718
1654
222144353
1116761
156111282
420082137
232115700
476250454
621448720
978142946
716834800
414128275
210932287
97826812
791429227
905053426
538308283
360468924
6294747
988084430
417079512
46
684786464
561814432
20110787
17168015
174449718
678932094
860658579
899097669
576860611
164941904
569993680
704191810
526470670
647961207
879641167
1751
257570013
919968367
642283091
962847019
865399409
1799
986725848
433144639
155415956
63502012
775021796
115519386
854743931
47306923
44
41
381824281
574126339
316495861
532994682
729449819
771693160
302788573
1703
748362402
285732764
3951042
678723015
938906101
21
6020234
352803090
611217399
538865989
46
6294747
701572422
318590905
611718507
7191399
0
353464873
189774759
841551854
39624
442207313
705605389
254619314
1057
785057991
455382872
636048534
141277159
456799577
879633063
387553695
335177520
48
48
971928050
424518567
820697227
790114625
183875812
619912309
616156814
869549153
559253617
630833657
526360913
23738210
910556330
404536825
229719340
46
485620396
959390388
74255554
10031767
614320181
682643869
898001580
188141422
1
75812425
262249949
76935198
725813818
969
373346721
270469507
767220872
319568201
851278857
864175416
508806273
359231981
336065740
259676324
34981
44
47
388573104
383196383
1045763
981145178
27759074
398987361
527577714
1520
846833132
600393361
80075680
1473
569372549
815659276
91328075
770606922
917154763
190873436
853356608
48
351342570
499392077
80247225
613281937
79209039
821162972
743905244
104825012
551136929
479553620
466231501
356300580
161931165
992779016
780046761
855359798
788050864
993531730
104018044
46
920970018
707791063
185842155
49
66584814
133399142
1655
560994231
480068210
717803337
432463254
623352509
565899051
944679727
730022669
368825048
371367411
375169049
21
232977669
69545655
885451268
721831862
730690280
804381552
237706764
37470270
261060581
49
736501841
155228264
856131736
976942856
788636291
274905906
768559880
328748527
827446915
34981
334205470
845404163
755084681
48
835331328
328568732
991
229806848
1609
720621281
46
666076403
1156922
58931751
433689776
963838088
555229132
62766957
24629247
943961209
840028
536486068
43
44
43
611217399
284489425
764189836
622290695
186459084
979945
682677429
382101037
164025126
800935396
562794021
158744697
29941377
405591671
698844224
908685532
583439635
953301607
112294023
746435816
603026040
526360913
31771397
175001071
320946049
342407713
454156417
475344146
325726420
490018841
244894297
1012854
714479506
855825374
457394121
625560019
949278058
647700569
481444318
132077807
477233112
997574443
656760286
894691708
246512406
688189408
348493170
891340386
26686026
760435590
398305294
796580824
633577256
855390641
180578797
191398937
758191032
377549156
621823721
295156532
878107378
415729638
23
457618723
46
37740000
682260085
572799541
146929921
49
272169573
847287910
610684919
401931952
338013193
177507255
576614683
450908345
90733180
843555934
616222341
3350254
177106367
724624919
294261441
820616069
16008443
424246575
618953761
240250369
77217945
47
47
600089886
818325978
910750871
1611
1655
691766123
14628216
526417883
285859590
180386293
493197939
101639728
647929702
354412061
975516439
186923727
652923718
166387335
117510832
16703186
123116882
377768799
51936201
127039882
53641214
911441335
179460276
21778
621404289
74151903
109327537
672127917
163018060
294505839
423051506
49
1344
701077521
34045848
248747440
903485024
731700243
786038279
1014464
30193692
177022184
657438482
21
14579437
812639243
899866195
509132979
569752073
356031083
721043104
409758741
60945161
242953192
224609729
438280210
409360291
70663172
537375105
538204002
419618099
675155643
936229361
1461204
904731237
192043142
1563
54130111
762798789
832327338
589790895
608543340
919629288
21
816977398
35879
663671010
547307549
871238225
892599325
1657
115519386
130967747
62055748
723620648
446891527
54878914
47
889483768
622128465
130141451
419684930
489964998
879359070
103184766
63794986
21
874193523
929523617
860297440
696944860
652867588
824365434
850103802
52139831
6310355
404291734
763704193
710674212
186752613
225649898
223764286
691203724
468351838
133085515
983398254
588381724
184995235
571552070
525734930
612180267
48
432189008
2053588
811025480
1056
253972177
718793207
312607397
919569979
416026635
709780820
879979498
587651597
314323532
39919282
926861687
47
157303018
797343061
151391086
36126066
941605039
673654297
819418298
836225531
731815194
226677074
974357848
167563216
539878465
25
960464165
921064764
31919
87943100
944469317
55862981
320169693
299116053
762030186
140505254
564598193
759005501
989875698
996126043
856345539
251086804
348536558
115599533
290368247
970307177
287424265
79469163
477578907
13575306
79890868
56055393
977571774
115195427
524241350
311459004
525972116
892605154
888518027
43
236430919
235536614
93408070
663840071
290888875
901682228
449236336
892642708
226488892
933313050
732481748
877943624
946048050
636345969
496722481
877960220
23
891425257
926201518
708393594
886548239
259238678
740646786
741547967
925296904
29667118
261597248
739972142
979461
74589494
36017
627300326
713161525
50070242
34429169
458165458
396852611
1120905
768510037
347301389
565361500
43
17465500
21
38063
757262930
114180980
470534587
528500395
1559
786999222
588408962
733168665
551740898
844566426
828258243
911836386
493718923
835440660
239772348
938506851
454874698
158940412
719384000
842047046
378610506
525663690
415883939
622772701
919857454
696278376
644398842
74917528
965372945
850219239
968996348
823998683
519067171
152159035
225536611
48
223265245
1084382
31919
589827777
801769759
942116243
546110283
819623272
303627949
262395265
70179430
157810515
528412056
877023418
524498160
781779382
3148008
764582475
115368838
754891657
653690053
850037181
574175336
362528665
549684960
581780839
142181284
183127221
65379314
338013193
386202264
375005695
867121924
946
556450154
180699670
522437881
779436792
785132351
531115946
625599438
228099815
953504934
17374658
189960711
43
486067820
636985052
862056614
572553278
566324046
720100208
441759570
831138156
269457386
870893691
383353980
29002263
19381693
664375371
883160635
421414279
785037335
798132208
48866675
945
204273913
18743194
27007254
49
961705305
50
1048871
958291139
158965622
29534400
939363791
569564042
708849894
698869027
396193152
940220852
34045848
937297099
283682076
255062832
886932435
633576028
443703368
977270997
338013193
883468501
506962470
761755130
637236444
856660306
198786421
271251652
489533089
928277244
455368791
562489013
632413554
554830869
557812591
193905345
824717243
276534084
290340210
622497619
443885309
121443469
61074071
961705305
516362974
494891193
576605952
234564811
711869507
628112412
432249747
154659575
34720691
77909114
840813281
376325959
626888126
339161549
422272718
240248716
1847733
46
909321366
256266202
731449220
106326944
906954688
609976773
924
772655340
693776055
653682269
954968258
384340147
560200433
1192939
866842328
962194247
566028781
44
46
45
57459227
910535936
12991743
70703872
465938069
46
904456481
49
768453040
304887166
712897897
308897805
148904715
783384997
76359522
47
70021674
520467621
42793297
572158194
663652505
718829186
305589305
137213722
135153739
183238322
266890931
210624073
492205641
597536569
947537882
235309936
23
687687190
742168559
298782075
389579891
737135333
965116345
636772945
14130417
615262284
191331775
656313396
476814533
331189547
947036
37603917
725100637
109416998
442371097
957415572
677011493
944732920
665923102
689870280
75590294
34991186
936194349
551136929
560148267
492583755
12088659
756192219
235984437
21
993944519
64446385
1703
463348305
499316643
993054215
381559644
688065974
731463729
649970240
1033
60231182
80645884
813583925
41
381651613
44
151627229
739130989
763604247
748077197
769893044
274588596
923952317
716179836
1012854
566141085
506
785460205
307747108
48
767286589
682088080
697130191
349461923
846208864
361897334
272495446
148736454
625009017
302701
776724444
1559
310822479
271288703
86047999
498550507
469754540
381644428
523678568
729350382
787497910
456139838
45880562
772329762
898870970
921160959
506487114
494834412
573237686
317223625
550669526
251185337
212812556
36440690
494679086
141277159
509403160
18048709
848504674
223145701
42073630
960398056
978523804
974006723
323907952
169675398
403752909
532994682
239074946
896307305
808705504
197989010
228342994
727854345
318672271
474009979
209689117
938268568
781253522
822899351
736107935
552000511
559969980
561732422
440807683
964836748
80321403
507862457
934618563
752321891
426208830
50
451877782
1156922
751120413
425627576
891991545
47
287585976
622021868
979945
695089293
619804378
410755804
846536098
740589808
142895669
997754813
75235087
657279538
347958552
422500821
17968786
361495550
892953816
325497394
253820697
916277682
271572722
233145121
538017528
558526931
614777516
546472563
740282749
957052491
222912873
887938501
937167767
95118386
620972299
228661386
310668879
986949028
301164363
747413340
898833191
922873100
100218106
456626564
744879460
592660106
878001537
8828605
696886338
293034819
361394678
719779853
2454629
473260068
330818297
862079591
953052234
717197556
239205354
110602870
797753302
550580561
928292142
189996862
243932486
156669995
722337862
260399883
211755776
290414719
45
469754540
464560461
592750466
49702971
266342947
503894254
664522437
957410588
13552361
656313396
1082
627290184
49
503677267
147523342
240091836
993926736
565744207
748954960
171865857
93887091
318218365
340554948
260001755
137494030
267855153
879798952
103603482
899850404
536696603
655539646
94734929
425288964
257510923
38054085
741073153
74702613
535520871
936282801
988004898
692653993
690935747
42
980213965
32932
868679995
715524866
960624507
793869218
816157932
1193975
1153
806860570
920950580
131476975
476381454
857670400
491505125
235626726
712852249
814674937
149030349
586589676
737595909
292122611
844821893
952397920
34958
277583294
256430849
578640402
865375389
278141035
1657
72924509
770319118
944550961
25752463
46382498
388624905
425128077
375100305
941051045
604370535
511820572
469268494
967036971
300443561
556618845
867784540
804520970
248206527
378592350
254567861
891055693
159602775
757862433
251139882
889378277
817304298
640839829
816020381
206555339
297888470
798457084
141271134
47
730175753
991305749
222475975
55850782
547849594
971278191
26447140
41
206799388
59744826
205372525
309532308
15966643
852387819
247694377
553620791
784362345
317243892
377713880
328958963
350072900
684634286
1565
864235666
450857475
531590533
436792438
263707681
7874826
1036
499457505
586516785
749878187
688279730
708128408
543058527
955500
767202358
335748463
626182540
49935904
830109766
964510997
694857410
48
113745394
814919265
835382175
937195272
684236040
772070629
748574753
38650205
1703
447868543
991
710459946
488368622
725811177
877744249
313895007
202788973
949789235
44
31793827
642493619
474875305
1012854
535620714
230786564
766275860
15820797
303625167
571228648
436593709
561068977
249529406
349198662
411215819
922517244
435671391
640084070
888018008
529853619
531749359
577708024
1269117
302769531
713715249
37326036
40281966
555887981
269692635
107468703
810845630
764932035
748838995
77175379
634309411
135561825
835848576
831756385
680095610
901714046
462859744
37366017
783160056
16358492
579939867
43066421
439579281
697612562
575085835
947424209
1474
134525431
310014274
502341094
676324124
183842576
926348065
553058560
693486355
48
551127909
711847275
198287796
447605061
917621372
534378830
171668119
770530645
54130111
328520673
368404608
445835007
653335279
382371970
576792136
272160916
773987093
604401837
286820515
316308843
852628717
970064265
735742448
259238956
35359171
960946703
1412858
885302968
226022482
976289175
816977398
576109768
622000527
655073405
217727859
337710531
348760907
276288718
441829165
374486172
719863422
972251393
77938062
988576960
516209838
30817262
66380275
532312824
850165347
546867000
295537709
688099003
1116761
911753171
310537442
806168133
684311041
82353346
1035
872128039
451580784
197591625
976227649
141472051
538001927
3772693
735085
117763542
14349248
641085492
480184831
539493542
284592819
957052491
675155643
861781514
1119869
138049944
814196740
556634436
687938365
832497013
674497919
216952625
49
47320711
832327338
840266113
758642997
281439726
484196920
503426932
243760594
876545613
985157461
235270843
633139969
577768020
235712718
639965010
87115919
32685443
540142120
370352791
698755117
40299
26085194
978485942
728142640
533542258
809485013
622544345
30623520
532280003
975406946
296671374
363737165
354946330
362997800
567504005
876744117
136117436
955425475
124889457
324276202
656319352
689736993
1799
633454216
564236030
985300328
980981
678483279
503593618
47
107143862
979461
223879348
428625649
1193975
47
492544107
483268349
279300195
637736060
868607220
346601541
708008651
270907623
428923007
472737289
967
756863
936765244
167197546
823393183
751120413
359423458
905576592
345574901
1
104875489
889507267
482993401
189500585
853087963
137589260
888064649
408737048
245798669
26625843
374918054
671630327
658716584
574368860
856962583
884197311
543863507
1119869
338459092
324919132
275627210
650391321
432189008
102157638
378360604
13542174
696886338
532308400
438893906
411082793
877915938
528135088
666912662
176012699
660810784
984396168
707329652
560655624
268349363
387738751
608030547
61005672
339752750
431865191
903382763
1563
975735503
44424919
44185165
964922534
700523973
7412694
172050437
411976715
193513568
678186907
517983948
939450796
195673771
603359478
730509307
46
408316805
46
1704
24392554
348206593
385970912
165629654
194915375
289021516
823896238
143936201
45
939329128
267553323
616612771
36320
499311681
957369494
548020
550580561
282157858
83735637
479137128
237863413
326096538
472015763
401722810
583686799
577896781
288900601
412810393
622216217
711848644
651397243
389341225
213246595
193782686
219515938
824992147
658667641
119829107
460895449
763779506
241381280
179730848
342301495
1120905
290432119
637545823
48
732240844
1518
545790611
175816380
543930850
730808232
530169077
986815766
42783641
485925026
357699130
650824655
822848110
256709506
768923076
614109769
297532006
652924452
37533
806863306
59902762
327839428
344831808
283805007
66384186
134542637
401711355
327230066
46
757864685
450609990
551136929
494053814
979945
820049161
373127613
458354287
474139677
1129
879842156
225758445
141925207
232790446
870246684
791597239
777301974
1474
772705574
112260643
145487383
46
50
79998995
820643374
3504711
271956595
717974933
112430764
855690279
783658515
361009106
251667430
1563
110604232
34791783
577064465
355274976
388038194
1387
934019025
374682043
47
846669887
927978970
72223168
454389446
846946650
33945
739333965
93162125
946
702541264
796747527
182005288
27011800
598752051
819046521
1655
672891713
405876624
220545639
192627923
424151885
43
988398411
429680638
155951575
86282591
400808653
354235355
48
511520160
923416557
972443659
65547720
573175266
920199630
50
386458307
892159471
156034514
817304298
771405559
756863
141277159
307188451
979606163
554489194
901444887
125683364
247270675
680920465
435875910
915778158
454057912
422629782
451190371
325872689
793645944
939363791
347686739
782906976
80876455
673689974
278124441
367337616
241160836
387466335
1520
969181085
765249159
798972856
326670415
777404609
465881662
127778703
905821901
233068072
940376
962900290
578153722
446891527
663989502
32932
827521781
665453976
952065841
109100489
912479324
102081740
53546163
782957046
304531682
574126339
758820377
916314306
170371420
929226114
811194640
914575463
340442449
832627589
859733226
36017
404033907
430287915
496285985
782691504
1655
753483198
46
772684022
704015478
34958
181360254
402217980
424151885
592106738
544738697
660705164
325793288
735227843
712439428
46
803569338
448491237
715322197
834860761
332016847
32310618
528951242
461375282
272026673
154853136
674919700
316331215
461411664
17867392
622601895
229642943
742510558
169598074
1610
35971
402822112
254619314
35173584
810940387
918225830
26600424
823941849
39194
943116998
220026922
506464341
740537641
120014855
277642865
24
568122383
822043526
574988826
180673139
584459240
32909
178170737
942708256
913519736
8758841
695055733
540142120
581851353
210555918
920939785
174787409
46511356
744762835
72129853
741424163
978670444
588722404
817402855
115684667
742074916
509841007
783205455
445383211
693677077
272239344
674148994
647388755
363143484
42
161227800
34518783
521903300
94627417
848181360
393417955
731446320
37076
231881929
883882914
740354256
775997921
690560956
328117373
512331125
985237835
60039168
550015644
385703708
193951413
946574
802486423
446772011
294373031
728996667
494018956
836652934
378597049
474845954
599616700
956241644
1655
682304859
265319120
410129969
361214830
48499734
175109880
938208765
877250877
44
55475721
710761252
297162732
5644528
46
189500585
881867500
6516345
533853303
799956142
757250741
888458312
502058240
990382183
571642316
43
203147490
537414214
729507602
286209901
771799069
801418150
176082967
918850345
221699428
846924363
126226546
161427696
677877408
705258121
971040259
362687081
766134142
1012414
528872819
552054899
307241685
109295422
347421864
1473
446566814
14962685
859465425
677342708
409306206
152952313
23
586684727
684944692
222505572
1475
763247557
959204681
430817629
34123584
992156345
580134273
891984667
1751
86731702
540715005
376737391
936282801
73128117
881253968
513212075
47
457926473
796190646
264724576
287076027
995220092
964416068
630545234
920664213
51
776775233
355119637
621299203
406520294
196842070
577826878
228099815
37430997
381151528
352705527
489256310
367994574
23
167132077
259674224
586883825
246586714
731815194
143596903
306555645
874988701
649779306
823874047
694472177
731422059
2735925
873193784
902189886
283042222
810465381
113975058
902955755
244407121
610457294
75711684
830497142
67821390
536525973
571089058
496575215
390248667
45
634851156
142986450
179466947
673154147
631024086
334366167
884141631
653459850
89421072
526908472
48554557
764522507
106671181
33044290
785942884
977466969
739566095
349925972
590331518
45
46
385333952
782421849
8329800
413246213
234544199
318845631
376673957
22767
150577585
476076396
908997318
396894348
483529404
590581160
92209356
636405973
996876199
398035710
360134350
984134772
588621244
769836299
362108574
537739344
635592590
995880616
984620194
582323793
698457463
446503072
370520970
271992056
272169573
131771364
732745869
9468845
207506119
251733570
577291079
260696469
904602038
533757470
161339036
432895470
202984947
918324115
620168856
64522973
541981363
984257343
494701046
985074217
50492002
270420833
730022669
643488714
504730362
908492399
854278086
711185596
70584004
578496515
968935567
577708024
420640374
96504387
423551208
942720162
62440628
1657
221777066
487755181
340390471
867121924
636918883
97761994
722914682
1979843
50
21
605725100
947036
235025107
993921750
927382023
212983178
420484071
656053212
602710080
941152883
1387
227144226
440380405
8048840
805444889
238895260
268754293
48
324215313
284592819
27662356
126537407
649177059
52450923
383864713
799256632
613152256
452251456
107781966
642854067
977094838
36534528
688083127
630316414
1463350
537911741
683051674
317224242
181745913
605459540
879834031
1078672
360662275
413836704
359835450
940757841
21
1281044
158303054
1201
511820572
387308031
283238734
1152
946501367
464644756
708208259
374333155
454996321
525663690
312129008
685969660
42536699
414298558
291608555
492693418
385727175
38049899
779504815
85314178
347782192
236495907
651238631
104109427
775698682
156953345
789251555
652263007
40299
634734570
969786942
613932123
1703
976058088
446891527
869336335
45
723296134
67411431
213205387
397318901
420593613
221423483
150523623
793878303
633398611
284750453
556328720
104310848
103277495
513342148
5208934
465392813
621358403
38703352
1430
41
544072730
615262284
115684667
676099840
905053426
1703
1704
447640458
938521931
685796431
112894048
236888320
309408384
366233853
609719624
961370486
693747800
446891527
408926468
910010074
884065193
948894401
115044287
680690312
734646645
915415118
428752965
607627529
128694522
315668871
670943134
220782542
47
20735337
536626519
968809214
363983742
499060412
947036
587388436
56190172
581572860
856047881
35348620
615418401
960891504
877833542
600739255
188151452
404270055
39488632
710074426
348747304
275669320
115044287
8984638
183267352
749104821
32685443
1515
952775
44
45
796996750
194347771
202905998
22
280408497
29670836
789160218
512206452
519139582
104640369
430481964
991
655567656
301335599
422632233
855577745
994215285
216371464
127152298
606619019
412313926
149420934
208440793
474353876
889681739
990451700
990
593016750
680062388
934484380
48
175938590
496959750
995620476
581170031
601455589
598931744
940463290
907248583
254416837
344563046
192754932
240972494
808804290
65737692
800940174
949633924
114407523
462282044
385905150
624693313
850385292
956921818
983304675
558218324
613702750
72216048
938468095
912575278
504249283
47
624431174
496887651
823851651
530663365
332856950
995938701
895440703
629068668
1269117
87520254
47
675003931
735244421
168648226
58958797
67139391
869173780
150954928
559841593
523499778
145049797
792716668
236330863
1119869
843407334
733933636
682092483
344393487
399533673
693995725
624740130
527717701
685471071
864137535
947036
629978295
387688109
440432820
1084888
49
629533732
790297307
668327318
520719628
136373304
44
886212309
997607173
755543434
518510429
45
604323047
232977669
192906476
589167285
322630104
452736011
846477516
563029789
469012725
47
414242663
365212610
909636519
80006081
521632616
28445280
461726322
784116045
816663569
337651067
681547206
188430561
49
987873930
1609
435781869
116017573
335126213
509361672
844566426
1610
196381324
246491965
38135
36984
461066036
167214284
47
812403265
46583246
646196479
468432173
255322948
727149452
667837205
253407160
836019261
956592805
961705305
706445383
232415280
1564
298756703
886099139
90284446
268027810
50
319044852
691264143
65085937
1014442
848289413
256225963
46
49
115243451
799506889
751902870
484068509
39768
7713283
849401557
57420259
119943222
409947768
728797186
1609
924310452
86155297
224534283
495902014
269410891
421572239
238565086
327011351
254870
93366118
765990576
932432091
811877998
975424678
735581118
798016173
42958797
818183387
795532054
1231028
408658634
22
355963081
852799103
251662509
680167844
1269117
456864783
287451162
23
4679713
417148342
35971
432913051
956189429
18415388
237356500
472963817
964753589
878509338
1611
406477027
813299518
667107897
829150557
885715471
942142023
342012720
166697796
58173984
527662430
74429170
289496754
685952193
585057518
378992507
336149238
617170288
909236994
386197753
752880235
931226955
908562306
58404461
470095821
347020015
630719500
560330071
181193515
99633564
1082416
947723011
142599270
906256593
33899
939114851
938980031
3350254
140733729
131515947
139566391
578503720
885816116
27341623
922094950
635753862
108787093
955131209
950378097
564413242
52207045
129271168
539018958
21273
13107239
281343426
549056425
246281898
885777639
21
902368775
105192405
367337800
875836385
21
459690812
424872532
108517176
115684667
168889086
198241038
876855286
966165378
876864535
965121986
854500761
465585818
287424265
67286523
30652056
842326783
439301087
124889457
505599990
866367765
272169573
478348683
35773242
835075722
605233416
318914620
947
906148765
845545147
801311539
580503977
878967230
91533773
652190074
571307642
180771409
868686663
555358061
250132917
375159761
613760780
47
27474664
45
985638802
851099019
715470340
307569715
296670459
468207077
335624290
618117284
790918384
740322470
47860278
567495958
868098803
276796076
998047195
216986817
20788547
813111949
479188474
22
562283548
508289869
316247460
113329600
768032460
848537582
268343746
841551854
183694029
753569730
457594552
209050158
925246026
10223734
725546809
98589887
46
827225925
201633964
618449665
86361469
1082816
5242038
403623586
697345143
14711981
144522612
459055175
567202530
621864011
550386565
46
311349997
51553470
247890198
664124405
827589658
903611842
838016155
670872857
798633509
144128734
642390412
966863690
618838835
567844081
477896905
749930439
917649509
149754462
1565
496929225
36017
243747052
780066894
108260350
429832887
895658079
407627493
109760589
36984
990282579
47
715864190
952278099
647334805
595638026
220442125
945489961
796165990
45
184523644
678471304
13001080
21
646138037
587768607
392453062
397331670
591674233
757534098
798457084
935758378
93055544
1192939
269588295
710680366
87723642
276534084
373164345
64704960
34935
252270620
78091393
677699185
935474768
516522311
508794952
209957099
584295521
1559
368181987
213697760
