206781755
107829722
738260151
103330889
73
148227137
844675678
941444211
639247841
318457687
507410842
505185979
939229423
634846051
262299173
478828420
759848424
602089638
207839357
832528973
671252097
920373951
183945123
729026734
365485654
979328453
91987214
243638890
101
881235831
951506777
596212199
197054193
158255827
998230797
414497653
454246582
980895325
236987517
139690340
668599961
10045568
735750114
685714110
194260963
454841276
818107538
926222233
594412067
378253217
401231313
687626726
353132308
130390315
991254604
798610581
821233981
390845294
329481186
915459534
836806202
569692131
463150858
437005831
640438600
768152446
73862698
103245422
446253592
810515207
488557700
811080330
237739091
168984363
657225392
370146715
929533612
221978608
63343754
417003539
179695070
778769858
564194349
325459780
595257680
651240393
218228596
19163874
614443570
876267480
722339899
95250388
663085966
168444972
476135419
131673590
850957845
991276697
232551033
411712427
191209702
391822547
468023034
462685953
532237922
254065498
842414519
873509903
849130448
306169107
687413808
97520685
687239882
896939587
846507768
768724133
948494640
649798795
299075090
448161434
788247441
121677104
800229638
241966157
233669444
733166493
779032982
277371770
506640048
418535653
133655161
388860489
373894330
904158932
726817448
585731415
607734744
391176113
672389804
767261019
614957313
563245047
96288447
816462781
315420407
274226068
831260927
588234079
156069977
2988
980758681
502235798
654734136
828100621
965734896
813474268
525521409
110469336
816553348
840973036
345873436
969596421
446058763
867115616
673239579
694242486
702777475
272115270
246344758
651460862
809785170
875288354
942586498
696971263
876355242
793418236
627087762
343318165
708239345
978697611
660263344
872349251
187967668
890816896
362784993
640892017
807173138
691242686
265584569
894271132
463597460
932058429
365282397
2
692363047
624743990
82702512
687439598
624219574
211687888
983464574
541777491
275235378
69513071
673295279
434914336
479190563
311941303
127360665
224042285
353609635
377769047
291165994
29457849
157631162
338591028
35398013
547003208
643503788
645335114
365977110
481533333
501449249
23317666
115727139
10861963
357950539
620311202
4562268
502761233
825811858
703344515
843514130
579148918
452043191
664717386
269380649
913243476
424359212
521485807
140018675
558950164
941409607
416045289
169280816
839935492
13226115
984275962
331593267
920783611
811619773
729480353
314239908
74608414
534522850
542313716
2
347030012
867989443
916486355
63567031
819348069
151181902
466623667
532080968
615147628
792536235
41699255
606739312
726127164
469723171
969129458
218940569
79164262
832571201
231039715
335049006
9814909
959622417
61127812
148317150
746011340
354086149
265225771
19478138
972809546
668428879
701057466
521346659
817758219
529357478
802696001
908638390
753853989
62850761
980091
760913605
259130786
98938567
624685254
450740465
339696248
827292686
701499727
660839069
348551536
239965384
772979600
770671247
722147460
766180117
887294796
117538840
674985766
807206918
276954112
698445654
338571238
829021630
232124067
969177554
567844006
390824821
872361135
635055782
919915755
544564544
867399612
372087646
159703487
126219921
90590751
619225533
717783502
592686412
764049818
897795426
160220302
897172829
307002145
797831694
442382866
506213804
194601949
123007562
370887450
292696057
313491143
381077586
955609125
294743256
512798714
200188820
655023761
751540723
923921724
279092093
819459205
622968071
739677253
255580503
528792967
114116620
853780583
569817946
62875056
487644020
735089171
34960208
944036570
577998476
832518310
232351172
688836291
818446250
145038306
16233292
240557904
505680742
235693984
82271402
349767356
129246827
175075987
397676698
77513629
661639662
257308366
694236232
621335468
372908427
539560024
480669025
344230879
161514238
675294790
253639224
695979195
784200843
771889335
106064027
684376062
246790312
457674657
480560716
930335201
633983275
409999868
995220337
519993995
13927879
406963674
732471912
739192881
604957098
719727725
921092844
649391191
108962755
874039911
796846636
395554812
946945483
764099705
771872670
415085781
962901149
143107173
577050336
35396830
760210146
126942282
571802343
916455781
790179854
794348033
280823854
208134058
251314291
86797818
942296875
251314550
68747731
818217499
254037975
651604225
310470154
837755960
523787331
856672049
457862791
133272197
320064603
740005715
953884214
763667854
173904229
335284775
303161768
768474169
191842040
375552021
817196152
238106692
40560
371581793
653902502
762202651
490309833
812744924
173131896
971596776
281635573
261911107
693262501
304744590
746981143
625595155
17227176
621378460
767301841
82577657
562365190
699623212
192251674
417418495
406393055
265221742
237318937
968397245
763775843
567140867
437717818
651505327
583909011
545995729
113392854
321563941
761729145
955527679
859015091
961620417
1486284
789598252
851546009
350439653
40540725
140712316
781093715
46449615
611692469
208722884
142303279
825080558
492779295
764948634
763017720
845047263
796833660
113247842
146246164
527175309
623504119
564267353
782161583
326388121
221510713
277942617
1606
274076140
978053094
257658946
954903818
511580169
639577295
970834083
171913394
199842249
742100643
499540676
293491530
55921190
204673851
635178988
92540815
494966943
935594960
368611759
468879202
106722111
702140632
184126176
24262979
918573537
264401688
85226088
597975871
405814669
563346863
416366408
12187106
934200745
43734239
884506171
870444208
582099351
915106144
725638764
463630576
211600185
417139821
284332588
911587716
139882891
193605869
304067666
267455994
523911614
505077081
443060073
337444821
957387054
395026905
624497120
482595556
179671910
542299726
767587484
248727214
68304
839729110
737891222
585234853
397106688
316429543
376101788
62952112
629634045
197850231
283368127
602471702
835019248
910076451
302459317
850061556
444055035
190998935
587250931
439589685
307761214
137448317
167991275
883899917
324025489
407047289
107092883
142313762
415966782
844567544
34322631
415905905
875090862
153348603
367986838
225621015
411222379
496520039
557941209
707341627
416274310
401228254
672726509
560245177
773059403
158388237
98197494
766406470
725966114
165509333
80495229
990687327
953888385
209563507
455281302
296018148
179075011
734740397
950685530
544138422
587539102
109141600
964816599
35395389
610051805
883298186
136510460
783725241
312501468
128090239
0
656563888
370812257
751795456
142366654
254234463
185742046
70918773
495791055
823511744
440401835
454639191
729676448
66700546
44518897
420998670
740544889
967771969
490707701
351539050
441275030
249062775
941192988
749055750
880054926
392076377
466948854
686335520
674796941
510831340
42984960
929508177
35639297
623725987
557592685
816375637
16857354
154752808
987605107
774788306
850868053
48925
281260097
460194509
965082108
901341126
737635048
979567431
103347535
265651677
335770114
46877666
730591165
484226967
146485230
547236961
392185699
355787349
945593885
545205037
292029088
41322979
43437017
163298025
958513929
311001854
624591368
455623908
772752734
282069476
786659027
419072436
822004608
346730379
451117373
988578789
708454000
228092012
932136557
956088954
873335823
321934152
937652613
917489011
844590403
794464211
349326195
8131578
109263535
966733134
15460898
144130140
206503578
161448553
153802307
809374733
960717221
63023150
983425616
872607250
577309971
745370123
450776187
885508693
253475471
215845865
193563540
474203733
134217409
832389121
140500385
689740760
336863354
148367154
18071377
671915030
81103224
695484791
126679805
706512892
710950739
699146164
337689054
953228643
541947449
331667355
434679084
408130770
60606395
126501512
447623780
728536853
82192224
199787424
828514823
325884310
254250017
62712775
770531633
589297215
254222396
237750310
237049275
458461764
314861943
854119095
691084618
518500965
589141926
839848242
33186410
417385056
984137823
260204396
945922220
793577923
304707611
239283707
376295957
873378813
48261833
122894976
83517985
924975515
556393178
234089260
916834192
247455059
343399747
615200561
401622952
454938232
777066954
3588
788581051
845850905
864871004
229881206
764690472
640569419
974739279
34703072
154461921
280313788
404858716
360960415
655129868
780388508
406529096
27402907
607798214
72
850642433
555417648
322350231
638508548
786690194
701364479
788516017
641661842
173478673
2
303297885
849449131
616406013
384254602
932682052
625155229
936519046
729666413
133168773
691994978
417747947
259762055
698522025
829237548
328126384
761355306
572290205
515283071
55093151
289668256
926650284
504283206
506315322
903890405
221451129
486853776
938005244
967705195
956815786
509918426
772973731
99008000
486308056
461271266
114086294
635747743
224627893
241590410
778397025
500802144
71688835
739383423
558787012
412643930
275759502
639096101
690797762
103262535
411028836
566190159
121988509
764611842
452500084
620792044
922027573
131364725
574267441
587673147
20550288
879533770
668000183
842282554
124265303
118271663
281524655
706272630
179273745
815425393
774878171
802889022
678737766
408326571
85756385
537952092
328131768
372415054
538198485
693955830
137913142
827106911
1
299267474
471675460
436303397
446404399
820702408
733615995
832481609
306799474
214971840
658420299
653702525
527934291
471063671
744222534
857628536
567320355
3383266
221014600
366076117
426676278
411029033
549326130
795839124
256343416
682138367
674444313
359312277
81460681
961059385
63245921
700893911
409198710
417307142
361446424
913951960
774304359
178126511
858634728
992877627
865500897
83259414
545971591
695845163
534233915
645061593
340818777
761120837
569957959
660100710
687776077
214340706
305770053
85468138
902912282
524790403
765624002
279941889
444049752
997653251
337120107
78529372
6576084
793778807
653618051
289954627
857697249
269681608
799862671
635972054
248076497
419555228
397541395
369208913
810638051
615627345
604755235
907784337
891899860
176877615
968013451
914891766
682268826
57130409
686490837
212889917
160043253
720123294
177898805
566204607
734500432
828095683
347628367
2623685
592477271
568700749
3176637
850057950
397963155
617278677
556805253
237253053
756305054
522883244
690402622
773801869
950190782
113827821
24479215
828846040
717016012
446988782
569927513
439051468
216161414
937831435
454928183
500181341
989606922
98310789
988882001
122522233
109204259
221951651
570206791
972259134
92861320
70
278360742
36208126
113245701
497686750
367796670
238692724
640666336
659160420
434762834
405289070
584750138
561541197
844761113
874679109
731942404
427789932
843274045
450882763
682877134
323939190
512398199
107212795
408737395
545635709
533169613
750470248
641422963
442353228
241121485
227689953
130942689
858723963
315456676
536188062
154985130
198218792
474259143
731559064
40341699
945213393
886953216
692592628
362468888
623011563
135686486
66594373
428561779
63249710
151970185
763020819
10883641
396135814
800639993
524742237
273867331
67300700
250595973
236583057
360937285
234566746
954092238
323316372
879552911
871415583
174360613
685485631
2
698523825
399579779
927297878
501640748
404871193
705474240
993187761
487002459
704385579
896676422
712489705
111964756
442688994
595343550
123569105
234469877
277659612
156231709
505583432
509858783
595761917
432621825
933452543
139785564
661502628
134005915
537866128
201658611
690118897
927285078
213211217
702636288
205647158
78719942
587943466
339487817
915095543
92783116
572365728
679867939
837893811
167913413
675770887
622188747
783813384
654257583
784182245
80945102
758254357
245167291
417836719
106193335
978253691
15422468
959184047
38914084
696989663
974407888
634122455
330115552
929221392
91161085
80309850
64790657
921135143
837901901
227147493
41398736
956695224
730515937
268792870
549614667
485849243
127966981
131578459
924355202
467471697
978670299
843001905
730189921
347055632
736542127
637198801
849413941
667342382
118388597
450324352
885323286
705765604
183015443
692532399
73144822
684464313
286172516
804065983
696237226
657414929
513275550
742228544
200941906
533320545
17678717
122479451
171800973
700436641
987171410
442681678
618231157
884626592
501774717
99415716
253676468
910257444
418274911
724822183
795453949
109495361
535367658
955116282
952501205
728988069
510563503
47871569
171355123
602851400
484017922
742971556
702460548
161681908
533367982
606067484
223506798
764565739
419594888
997367501
121467141
619307663
344388757
820706230
614133171
891799780
183436623
313200456
406433066
133016790
551818477
928078158
821073666
286001617
100765806
509371526
548667506
318093548
299317827
794330871
956984140
852938254
134440679
2
720666899
436800003
520253961
819753391
859219717
163162946
620502030
680498937
853686411
702248947
895515788
398645393
485361580
894313889
111757510
958863432
165093559
780859419
124029878
940590823
723270068
856957797
117629584
577687907
191369678
614684275
656187280
813422794
690745894
21146467
287201152
980109817
629428913
879151349
47392418
990434933
923518390
614014815
667677870
765907997
906850403
608007849
411315708
516266431
393522815
734193407
601046413
824484794
556824312
810552443
418938951
447667498
510000677
267571622
250917217
84152262
860328226
259006904
123618161
444734423
388169289
662919769
396119840
292883619
756907909
49821907
981989758
164164911
765043912
127687224
791624530
285914285
642979903
919268655
118913963
411633728
43454759
2676254
845726253
44952421
201303265
78907770
540090562
257468467
868859459
302891977
554085538
871928336
248170735
833388526
896272697
914642747
259181743
356471983
246075931
245082362
658269677
897751793
810966960
678219680
676027354
971603009
19310363
822553849
10946909
900272636
181179389
138588906
498705906
11073807
584679110
892071530
1717
325715109
953788575
44118774
44832
791438598
962771038
277502860
472964225
207084293
200811383
698505990
772196372
727776376
189898388
618698392
589816001
865290627
595089977
608837619
73
597094133
125992445
762689809
530261288
276107147
620705569
143274138
812714497
503117269
397913663
405732991
630420647
112844885
940286004
892615066
516793464
68217797
507108972
730515114
5347826
169922691
963489305
202678740
471558928
650234901
361597698
259107610
530328284
796049595
99920896
721257360
241322557
592119741
365909736
936516051
636679960
586035831
854519479
241241161
461353010
687598537
785755261
282776813
993212566
222836784
282278986
804882265
935350772
224143660
607548617
61161997
866212628
797473339
234162390
242183463
734993606
219504099
508944669
628836354
153823973
746557035
1
781119297
758125364
465554852
795713827
843414545
942463640
760028546
2
947965792
357310457
438865494
840117251
203786474
329179403
573512083
717275319
48997620
602502530
938774750
800191671
807658760
504914733
848618053
114308438
872293380
32079169
602539505
876960768
466203557
957164474
901437952
192327184
955237891
755871280
137188694
479568733
425242560
856911739
923866244
280055642
579409306
30543057
865004211
143952011
559056909
637293689
133484803
979233605
637919046
80202559
875243482
874489961
51448120
8967742
971038364
493419570
211368532
110945032
659903775
912513789
672398558
484849960
946234024
251388780
875593167
458333779
678464341
774427486
889220613
395113829
27978556
497465136
424131978
620311901
878150005
979507886
854460044
166890811
529388354
448745328
215805047
257311643
990682119
12681482
982527647
287014993
817053411
806907072
14832679
810164082
586453133
637286477
831543625
348989502
182818832
30188571
293700880
591141505
942024978
711971300
259294917
79866459
363495557
909068591
690592625
186642094
785102439
963928945
63471005
598521932
209569893
367344100
231780929
705006401
452285322
108490386
179852803
82301022
545819553
898280173
137066604
351942268
665281226
215122780
531647305
665749915
830352336
994524204
117009187
790864987
72131053
127148803
512558943
896432946
470141777
234690249
173203667
881793978
859710292
422310368
901568521
70295780
390578013
461168746
419742700
70929629
618276790
291290309
222519226
771470380
487735201
744428658
984066147
483142573
857158971
256269634
120153103
739461524
6308437
753536812
773837905
224341943
46841853
641478462
283433212
931360361
552191601
646592365
639090802
780679325
337185683
171590746
948075041
19479013
443564220
861863654
625047291
402386885
809856623
511456576
148144124
410382574
174468353
363686559
983470653
895688627
242445635
799841652
648926631
664309417
125443664
387042
737147146
192452882
766591621
301099804
652778725
32814274
417961543
620841820
515043180
736341146
259681905
374625459
25310099
786549376
299638343
32569328
56346413
677187779
212853913
281843344
11796501
624677900
49910347
474251077
555268635
738655709
171596025
306154023
940430310
20192235
787057841
184251608
623375489
460183256
18999561
922397970
138714148
174754457
982169129
123305745
261970248
24656348
936772203
269580386
305287026
624377217
896416645
997883124
958720835
38511969
471611677
2794170
609906362
544294075
992896727
903971352
259912199
860325423
478597038
514679908
434483596
696477961
429120321
80745675
689642128
697164759
84671702
186654409
32647318
149929511
584264721
799966084
471741987
870053256
222079207
582693831
550544313
961963545
790968786
552267631
97353119
955033201
610361108
877690137
928986123
829980361
846037627
559011091
621355405
974616901
231990012
805436024
746161199
581851920
12100088
868231765
866364901
92081473
780632592
952390535
1
3452
0
279197412
764948168
535549539
13739530
337849458
305218633
150165445
752221286
661315343
120351759
31094510
91688267
478213248
465656543
822023164
586230864
77012009
101649828
818821945
88248978
383654788
53699672
395407819
36573947
550
886830814
348676587
217085137
597855386
437098919
207922042
106190369
477345322
282555413
481358869
240223579
343170686
572000051
399144937
363090879
576397102
61849646
752367311
647375853
584093755
178081648
373600427
135450716
104400496
493507576
494715811
254173436
611276461
983131524
531203154
687384688
85995948
115929278
486138187
270630085
95615905
110162080
218288120
952400069
508423829
623900032
570241828
453902927
133210518
10883849
492780395
670062553
773529677
993551929
18105141
219942007
657858749
275368801
22216040
516312657
888661092
151881878
369889758
961596875
691355946
713331405
968288604
152460851
514332377
956382259
928458061
32067844
458843812
751516540
521694242
645959964
1
360602043
698888307
886262520
2
349709629
692227307
831587240
134285265
921091750
226719138
354011297
843502377
546752912
20613815
835396563
289696035
665973926
798992133
789757887
107086152
17914520
623300562
740054991
388194953
263820052
336708900
120193
503521568
582332041
204127761
572995866
360345744
741234990
835083883
759096787
359496920
409397503
333081541
221144584
408545423
590381993
220848927
507334930
228489762
887301574
442150296
62528381
784842403
445702870
157142804
788146408
892682792
675993561
340607210
70344538
888105428
742805248
717404245
137793826
428128161
105470308
773341836
475841336
393542477
743217036
426409074
8909428
451660731
695931739
109523030
763718428
722209398
618730514
800062923
383710839
100417365
121999201
506838827
151007822
901402469
291091723
513940922
863569838
200303095
992914956
856309803
192183567
478052945
764469077
43331443
147340639
588163400
345741242
377102790
757007786
179942489
480480095
158628179
74133169
363635639
960785228
609228717
455938911
337322164
199422551
119866714
51971404
51365479
305327081
226497824
985808658
867197788
684870218
635202853
729211116
766244075
402946075
517239805
933085694
466833104
525306746
478687935
100355369
881960191
831908990
335789531
971920599
437336949
321549387
202667786
417375815
638054785
118432498
687467852
17678290
846142918
121819469
531937029
604871516
428681131
425800441
329383967
915554077
354394089
534555001
673312112
899899669
840576327
34444230
914351484
280945466
777505626
596812802
670649303
189683887
546642910
407646539
138891840
883965506
52139162
896895008
377475310
832225590
872663534
773196796
815848843
143095887
570282622
21331147
714185365
509742977
729606388
717357036
361453830
928727196
720762548
335549240
790404857
540570198
246940455
6332107
474855524
396256946
92411916
573331285
895126024
419638062
676839320
144437578
549002408
201255354
389122201
632760982
573478527
768904227
87362310
143547144
414241126
547873291
647990506
182155547
153141852
442018327
297784104
845743244
72428038
528361533
770993303
560814405
490309076
664256373
934851825
939860673
362723206
811315907
51051775
760704728
655919400
586760038
473923896
21695357
909877975
423801565
662683998
608336118
888518915
688835430
513940922
661313042
19079737
426919704
470022152
638141507
160115453
73342572
571366226
636627394
586949748
453856192
98918392
561499565
77034725
995553468
301140210
637580340
944068022
830158269
569777730
305937246
438158225
169456026
922749485
810817502
916231528
89292934
714919697
36613158
232260339
550121221
469815321
986481256
706799779
861298294
83225096
660174902
86505140
826456560
951433034
737493467
836411423
820096254
346838404
988872697
838276688
863011839
13976844
575374893
273595055
868018531
116423426
109682157
152952694
273348811
405657790
496287460
609180806
142168250
111858820
652209970
742839763
56452074
136545408
590055110
580010750
837896241
370133872
60930775
325685643
410002689
275789134
949384888
988795425
513907260
488537869
327509331
320284341
970495913
689728495
905944641
473833997
773490827
979882729
985987240
740117603
153047480
501853757
2852938
104490255
785512614
626833469
374709186
454078057
738098493
110710264
371411357
291679285
164134733
285318155
945553841
702290870
362087950
49912495
446049096
510054573
730413452
443253599
654168110
558263001
801999556
453262271
507123469
303590112
789410051
636589906
852835981
99235826
138267614
582249421
845709622
948761577
299377785
419012326
235373562
933441210
738306707
408746761
472488572
2533547
765415792
362221653
308988800
32793406
601673502
872713393
599178888
958066218
243447367
230031271
744361923
331021778
675240466
842498545
739805550
827023639
359674310
534257415
241845386
260050092
411650160
664218133
637031284
260730690
978692188
248483150
612997382
771277526
477544985
668308644
988382956
692348629
740084512
588424393
1
427944896
68097302
717653912
38437141
850503461
679398798
350558888
571442425
730676941
476849611
875356576
206887588
641116228
490271241
842809874
932706323
97948275
127944644
458521162
563466145
836557019
586641048
540710798
517859138
497495762
444509973
137195914
859800270
497212668
70016431
702557085
383108174
623693761
116097703
632112337
432712008
283703175
80732066
320832036
806642476
805442672
484280626
361174282
900370115
596665022
484852924
2
851408043
783067123
224600868
893183709
336373584
832214244
725667212
74898318
802245963
184098065
899989534
532326230
190428266
710315267
154676215
144263055
126662776
521446461
949090936
47977445
644729503
301268275
783915584
208123356
462675681
144169605
48102182
522612607
610241878
333149968
896034306
777239756
987947555
129502819
511705287
480693127
118461873
671106488
346079920
316649862
99430438
986243600
370970153
487418814
734070152
885167964
910506049
222727267
488164466
677187779
784469186
570423408
345091721
769818785
390611574
7048160
153793390
552960004
233247431
340376644
832209083
280204710
78842759
895183683
222517890
802344310
876956587
365569685
41906376
635362900
472851724
263927765
161260800
805700516
575818873
541249296
665597595
321131143
790573928
176652302
255260641
660129244
519172424
413455695
916804738
294100164
813928557
918634404
236925050
499471161
308065337
803017724
580159263
236155807
70847397
375520390
135118198
475756631
823245961
76514195
993202093
67631352
683995992
281008772
2868271
411538288
190045511
269906384
140403622
556698008
839176903
398698530
454687517
380919175
45069145
823812078
373254286
876160288
340834026
278139687
977236919
123618992
412906384
683282070
32203430
694011719
280340364
92419356
21298283
589579413
100518751
17957806
660238770
867462617
210465081
200598438
639884115
221590352
543012114
487485333
538565343
388867117
422859379
207828706
66381625
404703694
327397174
489324508
180809457
528618990
417754148
704083586
411315708
586314971
2806716
761646943
731989454
53413688
913132073
333601030
613558889
797766119
895937604
331765849
164937907
533924059
918478668
272177673
859026047
330657627
518099949
83954015
847599723
865445305
841162820
543050050
193185852
507977426
870120923
216086474
113463264
217688102
128694504
179931271
267116896
924795463
182765460
57179272
985395126
434318477
925783156
801583654
217133437
630448361
365213722
834568500
913975919
679424609
932822235
806897738
639512530
195777795
258611025
717579254
711102947
238231377
608989478
570631080
866983459
866692512
245180615
987188690
894639196
623037389
705306849
546127911
635757596
581805852
611771729
256472329
675463405
612729645
669955690
817020749
945866928
90503907
2
984668257
89486078
744497471
96751307
715650835
763355852
144645708
761417797
536675488
294797535
201667098
326420487
945953556
339233102
752725231
263723606
864282238
949187659
419213173
599021201
907344218
899017385
630245777
784596297
805114977
926973638
903044657
411688118
977228099
583443965
600334190
652776296
388857132
762935800
716079748
760261379
177771827
391375057
848252408
404726563
717485175
103921469
899361565
159919410
927551389
834896333
842923081
615012110
584014090
767034604
110047810
494185640
204603310
959323685
969452673
515095922
505667987
96913411
34584763
170945864
537654074
787849159
755025841
541165859
57838409
348305620
259283421
372323843
32753281
243449039
771016780
354759297
216273381
403790503
881611125
614925071
647876246
633003874
968205671
666514014
534025533
312570523
173348124
198382578
401563246
850352988
18195453
9330177
997531418
378985698
306046629
954467811
834846277
986177801
560439912
3559478
802941366
344342991
608123527
281586003
677217723
13379743
787338833
933836072
223314035
27444286
628479273
210331241
202770774
916606760
194163175
476454301
781164321
395146820
807913066
355961872
131278558
67251008
832435872
8970956
52865574
427891875
964021722
431650586
733698983
304125370
878954161
231970649
313875317
412732351
314206290
565438799
714342400
272397110
450736460
411789888
683433666
34983407
457308109
588171546
832918294
362272406
46694628
278170181
856789512
995900137
459108982
550761803
619268213
858940271
666758147
30249431
14730045
30083371
18005899
190191378
558110882
546763353
759111137
307418192
691689461
757973414
185095496
484872027
20190208
255995874
530203275
225273802
871583525
142536714
64694041
206131084
78862794
823063777
947082001
248124303
581372961
980756235
599328891
784109500
506098996
244604461
250995234
339830829
524726018
31179043
111656788
56175007
549163712
319378527
491632560
638027082
258235944
616328830
523949000
307359064
187043586
783007689
776589328
798006158
853277498
619670741
224808563
143974612
794838364
816615783
334395619
806533485
859415853
268093306
861894661
810397516
816378028
743370882
955692826
478647377
150108866
930122356
958866745
757194880
408616849
947713343
773901774
166841377
111189726
981216518
441394434
646644301
961266974
783318120
192229981
701793188
940073719
846170978
937138392
135348842
620970473
39720851
318844380
190322944
661746530
2
910081457
248731368
490883793
377013208
57723466
862663318
380895134
723243325
397609448
357770807
14261839
378075997
709110076
550072142
441731471
666348551
223957116
840191725
410575967
887657799
13399759
441542277
275946206
996247611
24097762
264573120
50922578
713354815
910732764
478073344
797798356
189688046
502036656
167111950
440431966
48435345
311907874
615353578
473673043
885223475
738474837
2
16079099
140090489
369452390
110517546
74
409424408
424391576
897220497
180996949
283787489
408270079
56821075
193789478
610033857
530631324
657340518
42389760
591394825
252469903
436226680
323161521
961527470
749938669
166267594
107244770
377522005
985702204
197605993
277929502
871231689
351104442
403151248
0
598399430
331809710
476994318
665565835
99688594
240389478
806038121
238367922
612579288
479833787
885815826
108741152
154595053
215067679
31925733
376893645
126101601
213308783
358437701
735974437
929399887
302145857
369514444
560091724
116027575
781394399
65547697
541499343
230127832
842491894
724742373
973482213
417881452
861737253
880079434
215421235
475209656
971113606
87535840
272725996
535081649
229952267
128801923
225134915
373672201
286441717
544208577
23730922
670002546
716477510
750250944
832794907
944789138
32593417
138585131
294958484
789127453
889541006
518037486
708967433
885149106
494488062
52270333
165196076
210595728
510345076
462948451
471241507
439990827
387629871
481002569
863641823
12049413
584981851
453917016
454570300
850966459
149115717
794088965
757469691
659686550
717090918
541385543
40155242
225686364
110613768
339302484
26709671
246264757
594180692
582272920
200745256
57726546
675858704
697549368
86525611
724306355
887630699
251591730
965625326
465518679
220930254
708350877
713243239
453123505
439124270
269510394
603569876
975989016
838854532
880825847
354990461
57054214
678854006
438541578
956124289
594503989
30854889
729242689
138022483
219833742
642503766
352392332
321649982
513951754
798722500
307307145
138853505
315627860
728553144
867708337
712441387
199137977
641967896
199477097
286163879
621754285
958701586
160648181
265641528
849922526
929571238
740236200
963734214
697806196
113276918
686627768
966125553
761600922
815134585
211835759
178332421
453552852
612222183
486736296
195743293
476088553
618976149
255661415
1010138
987173956
410980582
606065157
816435185
46541992
563778210
252294867
102648638
516948939
719535673
413908620
166504722
749044500
782907190
393237809
678734815
586323241
19444537
218902214
139410534
574530325
5366783
471855707
16271426
178801558
611682731
503219036
507907736
241962121
783051957
195769686
55058864
733391852
154044018
257061818
510587598
367544535
247774591
224104519
709692961
357741858
733278351
509658510
953060100
278800048
594789302
52582722
835392670
845448081
875338401
762745870
137832759
941899650
343997223
873716879
700118883
511803288
430026159
148692131
296962587
673593282
252176708
111681326
247028679
680186132
259769944
632089519
349700881
518847446
955604617
385798593
777290756
97
114185861
607132782
769229410
453144673
129432162
178956539
860368324
856251510
881151842
527539686
266387038
781798383
416327917
949065689
956046617
610799204
141580987
226033898
680017936
698837740
669660624
934869778
188736891
741829622
713094595
224637175
41646514
879076978
274285336
587626283
197736584
388440504
307842818
945421531
541845107
269398074
83239140
682544233
936876851
350813885
364130651
375831074
167741867
438466829
369555779
230568398
114502368
343382986
216202974
960754698
84830805
167769041
500181341
334203450
487153228
26564830
58006521
894743172
654525610
387939136
284581144
873446043
585311317
955587945
973248186
301619893
951239688
781207540
426032465
822249184
892359993
718025193
707620970
857588641
748956347
630755691
597583984
58090411
493496821
918368696
635259679
441994536
853913262
335397991
286926035
278586091
640009158
712438858
736383447
207146165
624605688
970060345
458920735
659790000
642151482
599068900
120912196
344497047
55313149
252405916
647795635
568013607
378827500
165248423
988003304
861159899
582145690
788173348
904461553
125687895
734464470
472958585
604277661
710953659
857061481
590349934
22488117
176329157
817495103
847136335
523860370
655341816
462687958
298547792
392388875
945384475
707742387
229470353
832538694
346439489
544372230
843949367
609011318
537859065
375887311
578027691
281132614
543750535
340078382
703402125
938437755
716507179
461645338
938858614
316481916
443434452
234124162
528200030
224172320
661855115
286202021
940569114
17210007
3817279
962971473
72968864
238235839
411894515
3036183
490691824
313386798
349402772
409295468
118145651
763330948
794558663
106236814
912693901
318938454
579778322
180934607
243668492
187419498
629922269
362781815
722065293
668982130
815008186
998048538
698663682
757107652
73561040
274284186
391536200
571486963
412435389
931512111
913871402
343778888
674270442
278010263
328802799
552557494
291088498
962511560
601633329
100659585
217793392
157850344
697661495
225789905
286861273
712327872
731343579
313113809
391054863
411233015
5409607
393440935
467108753
15358574
869938709
294929552
292961235
591361103
203435700
95
551030680
269990065
535453362
587988344
686050245
330029564
161803595
353495214
654046486
670837692
13635062
664959908
71084785
986917511
218905896
185357201
743724189
780582447
484823904
93733706
360850712
527083858
915519113
258821617
149561588
645134708
653715899
345757905
899924812
9091970
855079245
555234400
201955372
984899188
241302889
313004063
364464160
31355791
234390759
175804771
5279152
795981838
198543640
414636688
180211946
792439111
510197536
374841725
839017706
950344520
382646277
803883517
245455436
906861242
846055722
787833880
126891681
141784321
57913
1140445
682043831
553675917
210216386
509008076
832548233
527238569
923426586
611759867
1386
767719739
490245984
667575106
909234499
281696300
255812768
783984373
671810289
1585
678753780
706433885
372065451
610558150
825270056
699463116
598269152
167604784
270812347
409276642
583164495
154775982
500531976
637152281
655494363
735588191
793032372
660730597
526164670
720163984
34902869
298419554
462896594
680607332
786040698
2
865900024
383197184
833999403
555624029
632641028
915627318
521097775
906268259
428854352
445029580
922687143
492428677
67803990
4747565
959848033
387770732
302174906
683939134
550343662
86807173
825922903
928485141
527402304
143118047
682939115
51543559
669466895
933884016
985151384
948935248
449824319
281315653
964135682
521777526
418953868
880558554
358190731
720902531
663556227
378994533
666559434
225964428
571946451
568105507
849039957
119927459
76902225
647339829
851988395
484095609
326134457
838739872
342339171
972525144
887074088
587213238
638394141
434826090
661405975
42463764
19268036
56508450
895496478
965690289
424329209
371985918
244236927
150440246
909571204
841279758
190647465
251214278
536669351
96868744
819402322
311830570
492573267
175515447
777882795
278290475
186091318
55147926
833977931
821877829
40458202
169668748
74869710
60948414
931881565
483539318
483313755
962852979
533569860
364516786
258472641
492980450
984373254
261908455
807043694
905068261
344713600
386047802
763124368
586153823
755204701
843099135
51142115
326908207
545891320
576919062
915080019
930066349
223310337
199859111
599862001
170028262
165430548
883567684
464939929
623302942
185222449
330855331
442869603
296480039
436972102
19979569
974998226
455388639
983617322
963872301
378906387
227309007
986155260
559733630
133668360
976881906
365973267
739462043
423469709
769236721
292886522
540359776
178156945
142313557
425376916
940636856
328145812
637411164
143281736
632124379
705371957
639551198
440638319
315466955
479134935
915184273
307020133
561967480
227461637
860735890
446732833
326106800
383552342
9209534
2
549237572
764325135
958155895
293052743
835295701
503809940
409303717
230184739
683065827
222575893
2430998
74219783
962503584
334536996
219257320
764561652
223379828
77610812
939774930
37697089
775604587
344677061
514246488
812755285
965766803
937192847
421194335
670596569
471236657
587094372
651682288
492199286
352699650
449151520
997448413
694108363
376663560
205904613
681076504
116434109
224556054
346724163
378461605
623133188
721112541
212739129
360895768
813067503
137145221
426391298
331540631
844940147
300110943
692514481
754220691
942306552
552115753
778843391
36869634
670524873
480519776
606442576
264117187
732543138
884769883
329980627
859476676
807935471
462217283
697463807
402996100
279656739
318651501
688335380
627001453
125785375
941780665
990332725
755864205
276022598
654831917
543188696
293873181
25691503
27338086
973293644
139746961
15087558
904013690
679897916
106474391
559259334
784579898
503385798
118990748
990535846
985342864
469604239
447577874
860234554
321828832
692748528
394347984
755646401
584443126
406727496
761682552
525511726
132905496
158234724
102180945
2
508619723
19287519
442897412
754976681
501400163
595050043
641213891
766808358
57991698
672532421
24414842
309941020
136407904
128320391
732160238
493767692
66
758034569
645654637
460156055
628048352
889233757
374651694
392406168
957594594
493040715
646279739
443424655
101978410
463210742
332591972
413078241
455966253
100606119
306092604
499194758
300761877
150818955
674905081
514082575
917259942
493909553
63266481
680771478
248513426
955731180
153767979
663355329
506964695
686840689
682577923
561520382
547077367
543629135
564443661
67597392
684823867
928391911
138383349
766186059
397538137
956898837
193972877
713790805
473573085
59107197
112769479
983848867
901931917
875694642
607582803
806483301
592453705
148378561
905748377
231156832
238418516
643733806
224459856
683790235
279757612
63427552
984105102
386502082
803216688
817479300
393567812
988871941
501997463
952240785
111461123
341134622
973102452
964556893
664817689
205520630
96440402
126550592
816386834
1102
922851170
862593691
263580095
144352030
354121484
673397748
2
261362937
747499266
407563494
119158871
480320759
459906648
911232810
419152039
182021189
923887241
408018610
912131748
246702771
217234479
446453061
862515421
750796483
381215787
82404897
842887516
824395788
349726974
483193240
545520305
335826845
515173174
713227825
87243317
407100493
442621918
767552435
740398278
758844656
229929384
587116612
746493837
116915824
357990382
446542357
450355426
596771831
675575057
379923454
102382960
351747036
960558719
521217780
426115211
499048834
418204251
833405283
752100037
159622976
466755334
801732225
511497955
345284692
403133088
803177240
1497
448240320
13041490
330334272
176601028
141962070
969723692
656241090
470311357
974195084
63496221
402009284
70419960
969665636
655366592
166173301
798768838
248872606
806002335
100315715
515146278
843027394
864461783
18521903
198454519
756203330
86907207
995825061
2
165230733
749373792
922801500
368682311
343916405
652254856
182629414
93499529
464193068
525437833
722445553
94927379
6328336
272310386
437361073
529800184
946240317
541620257
727052310
560184282
956449385
176087106
913147802
694382254
523431820
568289055
564866787
341274185
186620184
29569991
785223196
667105665
379052385
67442620
812854134
14168232
2605556
939982960
512794446
536478621
745048992
82992209
382512329
809097479
791350015
76465147
834092564
21644841
91143508
710974050
795368602
659630549
253592656
716419635
645999263
520942907
812447523
941412728
228699590
126636121
114642912
581534717
895792183
695694077
396359670
879642285
13203509
500322257
939370091
215067679
1789776
21578489
792617924
597944359
149409844
992494411
866383136
519879245
836528216
22586511
355490472
609142734
933719055
743631349
578589410
401428492
368704634
57336632
648326185
854930887
133636950
445155007
252442811
203805440
139524147
815068180
267690718
844491195
253562612
639193605
397364247
593560305
87705288
858599726
82408773
475850567
0
615950613
27714336
400923064
126613136
182976720
335223701
574236190
966948901
412368028
967782361
833043568
827444038
586181272
417021063
280376192
961136189
782500342
241640083
72289381
946102716
402096500
467660500
856237641
957774246
186505910
515892978
78836577
244956858
238227326
244074869
458325937
871914932
427906385
599922998
829838777
639811803
674460720
211106634
628451749
683511362
20134706
462773107
183082939
229282967
299369
334964156
982251539
970236975
703889566
436900740
22576673
238437097
117055906
19954973
302690568
350902082
148492198
282147401
643799862
453598237
588585905
637174896
47
994202574
559149065
415181931
143415229
374813318
488306248
636431
741685031
949764884
142427314
823413563
582783562
695415916
914828040
755653317
4666609
251093636
32293062
943294548
507149427
686419804
56929806
214869913
183586284
792886080
608395110
1353132
223677316
331114937
449749209
699901351
195361033
327704371
640900507
439906417
24399883
586260767
124586141
556617998
507256448
89867558
564940421
242828607
492101060
651134542
970201622
588539873
318823356
854374955
976300212
970042821
278718383
784931081
964864940
689006815
622380898
358091664
542063561
924150097
938809194
321252437
9533327
677673499
392205069
832481609
559461197
541812627
614386769
271084799
781651576
889277741
494748176
477742032
519776495
632970831
747187379
249198109
943102673
951735093
208962984
645565331
556094478
903323560
830765452
502410940
511117804
600229556
389212621
581290175
385637325
536524509
348491853
998057113
537994935
116707857
818880240
508024401
955113562
29129848
789741955
771931442
605177568
899032289
2828034
138267116
347739481
266837088
400120200
770887175
910933861
274316419
223658891
830855464
431233861
517016129
181184581
363344922
473841319
278313906
793051203
633479013
254628783
366350149
603532768
628996504
747490351
141216764
904056117
598769638
46917763
927389476
276142241
841852830
14311967
34282093
987944217
855976940
25288234
824952029
44103082
943340384
739235906
657919545
854448411
641649696
853561706
573951756
461524163
153753994
832061890
831731041
672149197
472744361
962344710
537511755
544364606
820613354
330460789
294096115
123283172
141471649
144522332
571757409
55592509
167836668
481018152
194845668
203720798
444437561
359097632
859096955
252359758
993162520
264627297
763193367
836922289
254940466
899058246
378576702
112478020
636444210
934576860
654240999
488988340
253864015
633755154
508394837
236138404
266848886
620614799
1093553
493141240
531175818
665575231
866804435
871915847
50088
659655897
489945574
866056622
98894483
588407776
361391338
622011252
377925651
193075625
234454158
942389815
101667798
410749609
382807855
722813138
935334683
915897687
864765861
490774748
553422611
81428979
736539706
556507085
846585244
945790246
418612642
475850567
497400424
63489485
145637713
580219015
668220790
230626738
939332610
224243596
395908459
221828637
66383839
589631780
245836512
567305451
329555792
548431562
462212359
355718620
32331629
399418089
78792472
70686228
592840951
5261376
45091274
200192511
606746984
675403467
214501960
611638943
182448817
87696725
625876926
452866807
247540051
596401583
913061835
594474945
492424403
226218824
297491252
697443874
949272110
515237922
393523400
635383206
809954862
825885810
272969712
771744542
770000136
185583806
269623822
390879196
271214934
855810198
346024548
934568026
967488404
622605583
372186879
170747735
427867825
272744386
756960447
606953280
521282487
619424555
981776422
647859928
852279055
685665934
876496513
349158831
724157780
197395099
364878335
314471970
146440630
392987512
500220191
449686680
479952256
659960221
65679924
397337898
279077219
438733132
648059012
176784387
542974848
98437598
348850938
384966978
189136609
29473047
640951059
947915230
64208347
625521622
526942155
189150295
146609231
313792840
910334475
612258499
414418344
986010773
777135328
986476384
187841052
96261072
452419804
843007060
850955131
189990266
90953758
57100058
155921186
289085242
881436824
445968224
521507762
647313636
890345800
326466579
304590225
152073488
907386311
23420315
203585878
198461985
980584654
51162207
134678478
219874193
1102
560193515
416861466
507563424
205371832
684683468
753464201
314320222
65415349
288220812
169101955
497699769
615406824
738706398
53141051
630196165
772524437
778869237
51778525
749935739
813531497
240407932
618309075
703428153
676626856
406763776
587712135
13834372
713253645
52156764
718422796
299208604
665310326
312194565
868153929
767307957
271418942
338640376
978324531
421915641
281780269
290047455
624834890
508946286
952721580
221753218
988979970
785789147
851842465
753207722
436543485
119302424
748964383
976359707
270677508
980346622
367670582
705505356
157215510
2
437106722
515777681
94943643
953733795
3706522
212396758
869177585
506782196
107402767
891843915
65
55403987
908465045
229213471
263477087
960641318
412544836
1301384
550640764
768710694
300324695
39676808
704168906
669784070
694014440
480072363
1425741
633270360
363844352
203378191
563423261
347790495
672918812
783923669
52666815
627416532
989370273
932282012
936432984
443571529
428149960
529194374
981681116
853817728
216452196
785695486
788599906
286826379
960515841
742411493
277804239
639710765
387480668
320723436
256075726
830122984
693887817
210003044
896652783
826371107
548763970
269068994
697684401
205985178
944404343
100643466
292198374
252490722
838076654
811005613
901963847
935498488
488500418
715080025
994631812
355406220
471071356
445159718
281733340
148717954
203947289
203058928
880240475
974836934
294447539
845058012
784627643
126807236
490198577
156775367
174494256
221319061
897406232
371310099
551937259
370286931
504692282
877704928
158298190
173440280
879369912
148343259
21603483
407982355
395540510
811257547
884747951
744365186
786758156
504912479
584437411
0
836686938
687276470
650374532
283645719
802928090
553931782
296962587
888475561
808574278
166208067
0
513953142
375305228
254075586
616660469
382825674
285282223
693625795
230591336
274144518
720387272
71694
181057714
787857949
757524572
912145816
163992285
120390110
15029270
694753345
971244296
25482939
493311615
678868575
818264929
990014783
69760402
156624430
747610651
447106844
647904384
766785880
477409852
535899446
968857730
732711362
672324518
717934645
871246408
1
756931675
232414260
522262072
989465818
865850924
568274475
480594919
39433069
883030905
774119913
989863869
469773959
73530506
905855447
485217698
33214420
280354168
392654996
731329483
373491511
927333400
125887196
928780082
847782719
746864357
99183136
687604415
550050306
58945981
601279660
75244585
794217742
812316622
587500598
448996307
367870421
158605698
618893076
353304862
169711698
759839520
702103718
314781447
300938830
839674477
922790957
313810152
114997799
750755879
733125062
147604956
773468211
125569782
265731808
441839711
763268668
195845315
344576668
575412690
613201843
119308961
282013635
908452323
171897654
372395478
321742144
535884254
198214079
705862622
997754256
92822326
908836574
262231837
617049536
919070211
709510404
125359494
985683628
302504580
144346113
430130003
676027354
9733920
530643768
28554622
53822617
586706675
766435396
714114218
537261495
356262823
653206426
895909154
203905473
988298103
237149538
245005353
144213920
212145347
93762953
750233850
137311856
504364809
719435543
28215739
503031435
738547512
255164964
630058565
625177414
628087321
325716426
327008624
125364345
288288410
676087273
583549369
165832129
166138741
727602771
189745472
701445914
298749203
166898230
769999426
41522558
46110194
798167117
92699637
6177800
613762759
652879683
576746059
129411855
318040075
854416038
887531879
356315716
200784411
820832459
17658056
189618310
69112635
868064309
2
687162306
702605375
918158169
778989420
91373620
538277527
956349359
97986015
206079059
89863778
941614579
955795000
510527679
10952761
1080
814264526
872128899
402856647
435059977
380478432
288383825
666929084
765960897
40330244
805094301
73766457
48203519
814964202
523116280
928043527
18698700
738024758
1
819357114
737283012
551933435
487969235
785362669
77649919
445801324
747561492
261182280
405130247
843766707
862561831
620601834
229956818
233354417
84699352
46029930
159545794
487877759
667386447
853923618
373935189
897464820
860209736
740527824
508962176
540770634
211612470
655448061
44699513
849507717
775198964
638406040
818546066
841221528
128576136
181495814
421614440
753857939
778560278
358316425
156760327
1
614904768
515090995
294769225
777986909
905241085
191193143
238974744
238570670
163422646
728267305
369127163
728210716
396220697
412700758
62
154291618
70345130
2
1124
463245785
40332529
184048204
573815964
144827432
733991800
729495266
88430678
20659085
505477280
973912299
950482200
759024668
547698917
747597742
668927366
335948306
398531722
529470614
767922861
113086207
875266354
248445868
123580408
136840055
745276312
505003223
222873459
213764558
213337205
433436307
618215409
908626041
188308243
263092681
261515761
806633266
39505463
615582438
81878916
130538776
171983849
260811111
67671146
328495242
562984835
752258105
129812922
921106479
527854606
441949430
535984235
764437141
547504359
254619570
786828743
889156144
206656104
60927007
456617446
894465493
136258235
943270823
308900185
271791866
908733114
409219956
301527155
458463692
49257058
162136456
566916754
954632833
942597683
13283445
66306868
856736409
955277530
123304888
660729197
961178368
244349134
181718933
907815521
766368928
474319713
872059524
50794164
589001775
372531779
498062198
854824558
110556368
963599354
813615872
295900840
783247636
323475623
738774563
839742728
187399977
312521995
235622310
53844798
71578329
328671580
846887418
359549835
978766552
676504559
786769110
203185125
824415817
219363481
749993878
385059453
