297 294
276 272
253 249
258 254
279 275
261 255
248 245
275 270
299 294
270 264
273 267
275 268
293 289
275 270
276 273
257 252
270 265
284 281
274 269
296 289
267 263
285 279
262 256
294 289
243 237
260 254
282 279
260 259
289 285
265 260
297 292
266 262
321 317
268 265
275 269
273 269
280 275
293 290
263 260
272 269
267 259
244 239
280 278
282 278
299 294
298 293
278 275
272 269
261 258
263 259
294 291
280 276
270 265
259 256
261 257
296 291
269 262
264 260
266 261
278 272
267 263
251 246
250 245
273 266
276 271
273 269
290 284
287 282
271 266
297 291
281 277
302 297
258 253
276 271
272 265
267 264
266 262
282 281
251 246
287 279
304 297
268 262
299 294
268 263
257 253
280 276
279 273
272 267
288 283
259 254
263 259
278 273
275 268
282 277
257 253
271 268
285 279
299 295
254 249
273 268
2491 2444
2469 2413
2410 2356
2395 2349
2513 2464
2850 2807
2706 2648
2792 2738
2595 2545
2633 2577
2620 2568
2387 2332
2808 2754
2845 2794
2708 2654
2502 2458
2537 2490
2426 2382
2497 2446
2687 2643
2405 2369
2305 2251
2596 2555
2588 2538
2575 2531
2630 2583
2566 2521
2530 2486
2642 2597
2541 2482
2485 2438
2523 2483
2571 2514
2584 2530
2659 2615
2443 2401
2599 2551
2369 2308
2659 2622
2521 2463
2451 2398
2434 2386
2530 2475
2471 2425
2571 2528
2816 2765
2425 2381
2547 2505
2526 2479
2700 2647
2549 2502
2718 2665
2523 2474
2632 2583
2580 2533
2663 2619
2625 2573
2761 2714
2385 2327
2387 2335
2488 2440
2615 2567
2786 2735
2436 2382
2400 2350
2330 2284
2616 2563
2499 2454
2499 2455
2529 2477
2549 2505
2512 2460
2672 2613
2636 2584
2632 2580
2672 2624
2645 2587
2521 2475
2493 2447
2526 2472
2766 2723
2841 2792
2468 2427
2573 2522
2670 2629
2514 2471
2273 2225
2728 2674
2358 2312
2758 2714
2293 2242
2425 2381
2615 2563
2399 2351
2464 2419
2275 2219
2550 2515
2619 2570
2419 2366
2471 2416
27225 26745
25374 24933
27267 26683
25567 25154
26482 26010
24947 24464
25600 25101
25518 25025
24086 23584
24540 24067
25770 25272
25686 25184
23701 23193
25023 24590
22690 22198
25298 24833
26001 25448
27249 26727
25474 24887
25532 25095
26555 26067
26109 25666
24655 24136
22498 22009
24196 23712
26837 26260
26132 25617
27196 26706
23580 23012
26492 25903
23744 23198
25467 24905
24998 24393
23989 23471
27556 27093
26467 26053
23224 22803
24257 23771
27301 26720
24460 23979
25793 25282
23543 23047
24422 23880
26584 26124
24523 24039
26711 26200
26931 26371
27123 26581
26557 26019
24984 24577
24844 24431
23589 23146
26987 26398
24144 23659
25229 24812
24797 24291
24518 24029
21826 21379
25495 24935
25036 24528
24902 24410
28948 28372
23593 23202
27337 26802
25009 24513
23003 22567
23935 23510
25068 24599
24463 23891
27204 26705
26334 25831
26228 25736
27541 27011
24528 23984
23496 23015
25957 25431
25169 24636
23928 23393
27150 26576
24454 24011
24557 24103
24271 23746
23315 22802
25305 24827
25265 24703
26787 26355
25944 25538
25897 25397
25506 24937
24790 24246
25755 25220
27831 27366
26496 26037
24188 23738
23000 22510
27468 26998
26920 26346
25375 24852
25443 24944
28139 27594
247733 242655
242218 236808
242430 236781
225905 220867
284502 279473
242963 238745
262817 257710
253666 248807
253810 249339
239748 234449
250448 245484
264262 259160
236907 231966
247489 243049
266852 261389
262313 257873
228028 223417
245421 240104
255239 250655
263649 258295
247954 242573
265006 260579
242653 237325
240027 235384
247929 242883
262347 257346
271262 265996
274676 269631
245580 240909
263158 258298
256511 250784
243355 238465
247493 243327
262059 257392
251544 246620
265657 260803
254337 249904
250277 245694
248120 243372
253545 248217
236447 232045
249637 244088
241777 236551
245918 240166
260694 255692
279777 274369
247251 243513
257119 251587
243107 238038
269459 264680
269507 265281
233782 228641
233009 227940
271606 267097
256848 252106
252371 247992
249315 244832
234243 229669
232557 227101
240986 236059
248557 243229
270785 265051
245101 240791
266971 261686
247832 242653
271924 267247
247701 243161
264648 259096
258701 253688
240124 235250
249485 244559
261750 256662
252328 247198
255650 249546
255366 249773
241455 236829
255926 250690
232244 226669
239804 234883
230134 225971
237477 232609
248447 243386
254427 248720
231670 226524
263438 258444
267703 262986
256285 251949
257342 253140
249280 243758
271131 265485
236584 231380
270444 264674
273023 267685
267793 262564
270738 265545
236865 232131
249070 244429
258784 254300
261396 255676
248787 243286
2408827 2364813
2215022 2157081
2475794 2431630
2344980 2289808
2458696 2403843
2437857 2396283
2553657 2503302
2685068 2640850
2442699 2386877
2694631 2637818
2570207 2529034
2710041 2659329
2583124 2527118
2252819 2196891
2587032 2538986
2474594 2424473
2450748 2397405
2513768 2466941
2623619 2573496
2642667 2595769
2491204 2448622
2659321 2615097
2605400 2553397
2584853 2533687
2751520 2698429
2727614 2677773
2492428 2437982
2507466 2452604
2460073 2399790
2656428 2600400
2628119 2571497
2490097 2439006
2716380 2666803
2598422 2547774
2516344 2471163
2370802 2316065
2591819 2545300
2673397 2626189
2494603 2439989
2585344 2532185
2628197 2572522
2458273 2415413
2410383 2353858
2430381 2380848
2410438 2374227
2412074 2362044
2501120 2451544
2657931 2609504
2357240 2303479
2325990 2273320
2710096 2662752
2672348 2619427
2289152 2239320
2490664 2442141
2532500 2480157
2520577 2465413
2485017 2442630
2483112 2440009
2584770 2527252
2726601 2678600
2569792 2528710
2539789 2488460
2689182 2647265
2522228 2480671
2473567 2431279
2479743 2436867
2557904 2509902
2460978 2414702
2685144 2629808
2387197 2341869
2593309 2544274
2688687 2633339
2579797 2528883
2594274 2545281
2427347 2383979
2466829 2412392
2526869 2482732
2283563 2242484
2752306 2708246
2714086 2658336
2531913 2479183
2710800 2660171
2560910 2510971
2738837 2679820
2793574 2740127
2583133 2524318
2550627 2499698
2488124 2442132
2562675 2508996
2456449 2422898
2416773 2374424
2471779 2432323
2472768 2421239
2458306 2407712
2519676 2478681
2435702 2394883
2436114 2387694
2553652 2499776
2503522 2456073
2601641 2553005
27281781 26826869
25589013 24979952
26870997 26350941
22403801 21994562
22624840 22102625
24144855 23661816
25357319 24869178
25924209 25396320
24406205 23851799
26084603 25625029
23861701 23403483
22837284 22312088
25646698 25135149
27332559 26859795
25829397 25375558
24672833 24153700
26724058 26227586
25041582 24531685
28544589 28007411
25083482 24593238
25933499 25395636
26209456 25721279
26046854 25577395
26444758 25910291
26533640 26012940
24639244 24071781
22978056 22435498
25220214 24771058
23272702 22846307
26423135 25928256
27258312 26735496
26297252 25816879
26049129 25549515
27715062 27131952
26457854 26006441
23309851 22794396
26330439 25821885
24434829 23966478
24184254 23636834
28172804 27556404
25807402 25293801
23423195 22892564
26086780 25537800
24771515 24292728
24463058 24006407
23599137 23117768
25566956 24992682
25727964 25293132
24490566 23942968
24313217 23828845
25130360 24675646
24919636 24494654
24430239 23879670
25367809 24877014
25426717 24899278
26491114 26033452
24651440 24145681
25151576 24700652
26323373 25760931
27652157 27095848
23771180 23321118
24394242 23935281
23079638 22631018
23811688 23421944
24281639 23820799
28636818 28071387
24447227 23988835
26134157 25598086
23828011 23312854
24079654 23606273
25257128 24731814
23003027 22534843
24930065 24513603
25746340 25238046
25506875 24985979
24902684 24473058
23631908 23149698
26244208 25757631
25959988 25455698
23962900 23445675
26799985 26231653
27177908 26657706
25474429 24999064
26161667 25617168
24283326 23768371
24678004 24128279
24766671 24206981
27642571 27149047
25467484 24945757
22582878 22129211
27709722 27165337
24122964 23633598
24372381 23823561
23684956 23268784
26911639 26399856
24108197 23616621
25883330 25394459
26204906 25738772
26455247 25929769
21653774 21093404
268127540 263151657
256011084 251816874
210636235 205140166
254217350 249267742
258903806 254336385
263652427 258720877
257177422 252252071
286203036 281235178
259444138 254956280
256612916 251892097
239805258 234839078
261617770 257274659
274639542 269829293
256818466 251885793
234822567 229888745
253490565 248575689
240021456 235231006
254232677 249787951
251554532 245798517
233498164 228163333
210663204 205634213
259119632 253582262
241951444 237538681
230318500 225093189
252178287 247303076
243068788 237567319
287254322 282251205
265585890 259987880
267396359 262777139
252693329 248238242
262433521 256797629
258318636 253049563
255379911 249730298
259673330 254306946
247907683 242724674
276054692 270302672
235758840 231309904
262512213 257519141
266979942 261579863
256702688 251113441
247803711 242765801
249917228 245839154
261325631 256648929
265558142 260191357
259672739 254609567
239922251 235316575
264327551 259237018
233943589 228675763
215261922 210679380
233980203 229760111
248259702 242811080
252890896 248281302
247167490 242295968
262082702 256521068
264823153 260319237
244402384 239992465
239943439 235462785
244723267 239164768
231371417 226717425
254366492 249353361
264854660 261303334
253443724 248160104
257575911 252555295
235833469 229928575
254706900 249714263
263740677 259062866
264813618 259607036
230682961 225255609
267046552 263027960
257915491 252721568
264635792 259325645
274475759 269381622
259764308 254923749
256524021 252167198
239000885 234367987
250980915 246390309
253834234 249530515
271946652 266566740
290859988 285397172
272055666 266477344
229900213 224806517
248802440 243486253
252463877 248534763
250140199 245031067
246980197 242937246
296808284 291981302
226410393 221162179
254818486 249816239
240645053 236668440
243826619 238545090
259319708 254053180
215981276 210672229
265504024 260143016
277821647 272607868
281269866 275804186
254704138 248933416
242871649 238392896
259045183 253709109
243442060 238840332
275026115 269308415
2918156979 2866234178
2894012430 2849840695
2239216209 2190845148
2663023698 2609487379
2577744036 2535020817
2590868360 2534617672
2526673689 2472091962
2495601278 2446268836
2165763735 2112418629
2502380928 2456831334
2605019668 2551796428
2647749139 2603165742
2730708120 2671180287
2411091389 2364191813
2335436089 2282628780
2566622223 2526268552
2626590216 2577522071
2370908808 2316958348
2341839061 2294260272
2787592107 2736029887
2528421743 2482445217
2474915667 2435826653
2583632130 2533721684
2524711094 2468247333
2465001448 2413024539
2588606717 2538760268
2569476811 2527425029
2677410480 2623804669
2586192011 2540005421
2474670473 2432977475
2548545788 2499857221
2327844800 2277665043
2461033540 2401827575
2688793936 2642828913
2273166913 2222359925
2492875676 2439631056
2501316018 2457550584
2526467373 2479344490
2411038586 2363231625
2672971352 2629648553
2617860698 2566958453
2536135895 2486989644
2458196921 2406668457
2554292940 2510758379
2497546032 2454573631
2560621646 2498539308
2443671446 2393281050
2485835339 2436684633
2465781035 2414771023
2580527544 2525966951
2697203277 2647028957
2361107894 2311280157
2604574697 2549529228
2622823491 2577485215
2413608579 2366680434
2552988957 2503261774
2427954531 2385612760
2360035029 2306224273
2621048012 2574008463
2694387620 2642595654
2545655835 2503294167
2474426486 2426214762
2381338472 2342150558
2633485118 2585246423
2463692081 2410563484
2813857402 2764176655
2642144872 2591153478
2392864338 2351850394
2573813207 2529902334
2638462886 2591247759
2575998803 2525163013
2248314116 2197984643
2336778614 2287356863
2611117491 2564455119
2461140196 2399862889
2158665756 2117259038
2522475111 2464649353
2408924631 2364566944
2352053905 2303167223
2529142332 2486208502
2631561720 2579183255
2683353604 2632619212
2614778538 2567624352
2563702164 2510495162
2554144270 2495783148
2615288758 2567324417
2520376729 2468491447
2726685465 2674195317
2641196518 2596083406
2242730374 2196445531
2427373815 2378357821
2497262857 2439880261
2502245537 2458374741
2531377856 2486009295
2283206024 2232976903
2648173305 2596029443
2718074733 2664038122
2370590317 2322717510
2331902825 2276435062
2425873238 2382460198
24455699586 23989058618
24532267988 24078885449
25372448836 24974469406
27494286545 26928787155
24561616729 24056046206
27640107683 27110568822
27085295007 26528730124
27148294239 26711794934
24354794639 23746311056
25376014630 24874633638
24522071706 24076560418
27139973790 26660452259
24237403352 23788910259
25618619069 25083093003
23257852996 22751041155
24837599187 24347934324
27699622658 27259681926
25148371911 24601611991
24863124563 24337117161
24984404949 24446676701
28845587175 28398739997
26349691140 25892290729
24681481777 24197282528
24363353796 23790263142
25982223561 25445296439
23755003641 23265861049
23859377297 23321822083
25146613358 24652886251
24748411921 24231992261
24342627887 23825339411
25846137387 25437812902
27893155015 27307502108
23653591136 23101548033
25264194258 24755000913
27834776096 27349254138
26757731775 26349560902
24475688212 23984196353
23603397715 23070945044
23400189156 23022896112
27383063164 26902619579
25402402451 24950073235
24473815370 23990486610
23248349944 22746282552
25411852709 24921078794
26106160843 25599352583
25754131602 25171983685
28015499162 27544772034
26818415924 26398340130
25783838122 25203909068
24090273560 23573898051
22534564217 22085782887
23040033999 22453384611
27628102260 27051732276
26624585914 26117297068
24291853062 23831240904
24880733978 24353001375
24943971607 24433012293
24306232099 23870938209
24922202893 24433140523
25705530806 25246184932
27266131407 26756422939
28517360888 28034878707
26451914429 25981321428
22435521371 21939910315
25154707135 24681255124
27125021046 26624605375
24129101219 23579991654
23483586096 22972944813
23770665762 23268017332
25328091127 24800365694
24456840577 23961324041
25933659537 25517843800
26811748405 26297677176
25660365491 25153579246
25505165508 25056189613
24667603541 24149301716
24497905146 24006992665
23873922807 23441318252
24580153598 24049342761
26318103956 25753213860
23868339082 23405743426
23991612227 23439760582
24665908592 24237392808
26338847454 25819772016
24706343752 24187783651
25043535257 24556858472
24139184729 23623381298
23866342761 23297163801
27163237495 26542761560
25446272696 24857678571
25906956827 25483102623
26235014400 25664015627
21367633399 20927217732
25163504388 24550401548
26392922249 25959002880
25248147736 24758865999
26143237640 25656111967
23181802374 22714167387
21430739680 20868691964
23977166529 23494255843
26492572348 26003806653
25714943856 25218710906
23208769927 22729477737
26301233122 25841507650
25945587099 25480683052
25896101696 25512760922
26609106402 26095533911
23607104777 23162275247
24378334688 23906430538
25367985485 24812670162
22094040700 21534831081
24586135634 24064641749
26113101648 25581228409
25475352447 24976024012
25899936831 25369497345
24146867781 23653438877
24302161813 23876412120
23995553291 23504840530
25894966388 25442887650
27031500461 26528611433
23542621035 23037122391
22654172500 22075027069
24526525021 23990631579
27036253470 26575955028
23104227974 22610090692
25709727244 25207671143
22195649349 21776248438
24389587956 23874185031
27379172189 26862134516
22377308071 21840573905
25554506894 25040763409
25981386449 25381515946
24763102455 24234780241
24409667318 24042347576
23465963830 22982189764
25954045897 25478422364
24098595731 23610913554
25521769700 25089641778
23272091401 22851390474
26354911894 25825632752
26874680620 26329161450
25793250413 25366590392
24809921265 24393805105
24195344051 23755198447
26294942671 25797713915
22372725703 21915001853
24036192494 23631323909
27960765358 27373242078
22254662765 21810825577
26002762603 25471573763
24276217620 23766515147
25885770838 25352713978
24868034443 24406019004
22609699107 22100642837
24548969528 23966138281
24103924601 23605686083
26615419812 26046662466
25908796108 25373878221
26208555077 25637378203
26198821602 25705698299
22982529563 22493049709
22767410361 22252134867
25800168343 25335740160
22794096590 22238730922
23937199227 23380366781
25364357946 24977395358
26512704102 25943695723
25716453673 25251658458
24975992849 24546621594
24654837031 24052410236
25418664012 24915284254
26234667001 25720803824
24708314563 24204485122
23497373084 23038496961
26731575205 26324355156
25779538806 25347938944
27570137979 27198228428
25222241778 24642781432
22395376969 21922561636
22052156595 21639291505
25445593249 24955618828
26848153177 26346184080
25258614020 24801263288
24967194659 24515277345
24464261128 23883528293
23628812659 23134867787
24378925615 23940518578
25350559586 24774925817
23234638961 22851882376
23661991694 23180900618
26394451240 25830724554
24172491614 23765547183
27097076818 26538561351
22036368964 21562941643
24755237308 24240112999
25123872871 24585844147
24762541310 24271258429
24901380203 24417882166
23738515936 23277762218
27868088852 27343516023
2520188 2520139
24984813 24984316
250424528 250419487
2509474878 2509424809
249968429378 249963423764
25002973758487 25002473367625
25009664399282 25009164077295
24990219564265 24989719938440
25015810732885 25015311340467
