36 465.7448373409 0.0068181818
465.7448373409
337.4444102248
116.9151260504
97.6357202530
94.1258811617
67.8366764574
41.9758333333
24.6303924608
23.6257309942
21.3218253968
19.6435114481
16.8902750462
16.6836987698
9.9324508311
9.8014436282
7.7080378251
7.6718181818
7.2492005764
7.1668754824
1.9636015326
465.7448373409
24.6303924608
21.3218253968
94.1258811617
7.7080378251
16.8902750462
97.6357202530
116.9151260504
9.8014436282
9.9324508311
67.8366764574
19.6435114481
1.9636015326
23.6257309942
41.9758333333
7.2492005764
1.6703215041
337.4444102248
1.6110964912
16.6836987698
7.6718181818
7.1668754824
