36 12248.4293973741 0.0001527599
12248.4293973741
1814.7738719345
1379.3854013120
719.6899976860
373.9049899041
205.1977421914
203.5290539491
128.2527426556
125.7413146590
121.8132334184
106.7607992757
102.6846270161
93.3254205061
92.4693932672
88.6339059295
82.3703699618
64.1636246976
58.2419599412
50.7958631462
48.9414769865
50.7958631462
82.3703699618
719.6899976860
205.1977421914
23.8121754036
106.7607992757
1379.3854013120
128.2527426556
48.9414769865
93.3254205061
102.6846270161
58.2419599412
203.5290539491
24.5717948718
88.6339059295
12248.4293973741
121.8132334184
373.9049899041
92.4693932672
125.7413146590
1814.7738719345
64.1636246976
