36 10908.3385033949 0.7410256410
10908.3385033949
1048.2987044915
610.1401478111
407.8574163737
381.4659628263
360.7143835944
314.0361817509
301.0269270374
264.2299575500
230.4426266914
208.0184212277
178.6135880951
174.3349278949
171.3903065948
167.7950435172
113.3423076923
109.8320339729
84.0567138248
73.9796483338
72.4551918910
72.4551918910
360.7143835944
610.1401478111
230.4426266914
178.6135880951
113.3423076923
407.8574163737
301.0269270374
314.0361817509
171.3903065948
381.4659628263
174.3349278949
69.8361531600
10908.3385033949
264.2299575500
208.0184212277
167.7950435172
1048.2987044915
73.9796483338
84.0567138248
109.8320339729
69.7257450890
