171 21330.6025000000 0.0047075649
21330.6025000000
17213.4037434281
13595.5785267347
5848.2141666667
4272.4837556367
3078.9697219063
2377.9397600925
2355.0150000000
1729.8687108554
1226.7689797007
1033.0693687416
823.1508658009
693.1428713533
658.5160334859
606.0482492933
590.0997956391
466.1500000000
418.9770194145
378.7211062116
345.8588692368
103.1966031281
87.3085294907
79.9310272286
111.7946356225
42.9224121857
110.7350805693
46.8280303030
65.3400000000
25.2428493668
345.8588692368
111.0217956647
21.1081228025
122.7735008629
21330.6025000000
40.9370636184
21.2608988789
823.1508658009
100.5228266158
25.6081868371
41.3084078303
125.5079209527
105.5184239460
81.7232365411
65.9169899823
91.0022114164
466.1500000000
291.5867564741
69.4625128944
23.5438210220
241.9273786369
18.4717461578
44.4092356688
13595.5785267347
24.4316067619
92.4143664121
67.8146224500
2355.0150000000
5848.2141666667
37.6588195907
37.8641985369
136.1992518910
18.9022415211
1226.7689797007
693.1428713533
130.3909099501
2377.9397600925
1729.8687108554
26.4695294263
95.9690380934
25.9143127939
3078.9697219063
606.0482492933
19.0217319847
21.3021997062
332.6240431503
108.9972527473
68.2921238367
31.3379461253
89.6078085097
43.8054809381
169.2167334626
33.1020861648
115.4934521104
216.0000000000
47.9274611889
252.2295332376
108.6656537028
118.9846564011
378.7211062116
110.4500000000
418.9770194145
223.7256198769
590.0997956391
68.7157800115
25.4038755857
102.0082908797
27.7672229464
1033.0693687416
102.8733693054
172.4059534741
658.5160334859
312.0639928570
208.8642857143
18.5153123189
59.0358026984
123.1789443727
17213.4037434281
39.9821045356
16.8212630308
4272.4837556367
322.6223559322
193.4147993213
42.4469495201
20.6713886751
16.8750000000
