171 643586.3320782883 0.0119259298
643586.3320782883
413144.3780674394
29955.3165118993
19612.8378611169
18660.0333434669
18297.7617835125
15569.8809483601
9784.0514254622
8953.3050149427
7004.2676779518
6737.2806042891
5194.4436978393
4692.0053309249
4519.5620009897
4324.2320860994
3373.7192047734
3211.5472275100
2929.4584237388
2913.8808350426
2825.9931577374
3373.7192047734
515.5720739612
239.6282990137
224.1632407487
1253.4493898318
1317.8353376418
95.6023388574
1778.7064612342
116.1632468102
4324.2320860994
441.6314879509
131.9020273491
336.1680840115
6737.2806042891
5194.4436978393
721.3010689624
1045.8779783145
2071.6288709479
413144.3780674394
96.7589551045
18660.0333434669
101.3201918056
696.6965358111
681.5359656998
404.8397644766
19612.8378611169
684.4140827695
263.1836774691
643586.3320782883
108.4935714843
363.6374671871
822.7724533771
216.1185982116
9784.0514254622
177.4911867901
596.2993851395
8953.3050149427
797.3009981423
2929.4584237388
1930.8833445762
211.4597084922
18297.7617835125
1326.5024445922
1446.0594582586
124.9607248312
496.6783193930
255.6567865862
826.4701935544
106.6675202142
704.8996845425
117.8770331960
347.5763173559
186.9152910313
148.1066464644
117.0267717900
145.6249320020
872.5995468400
378.7893812909
812.4392005701
718.6516945775
311.0016904816
168.4910887861
393.4259798825
187.8176654410
1444.5857008701
1711.8379949017
102.7828534386
272.7477611096
1104.3713468383
2825.9931577374
117.7439315174
1122.7829138194
559.1370363621
272.7954757901
221.2405326968
4519.5620009897
129.1254437560
148.2036470684
2071.0142899520
7004.2676779518
2913.8808350426
265.5716137038
29955.3165118993
4692.0053309249
349.7564468847
1072.1293267551
818.5223066757
878.8715930534
609.6835705045
535.0759501658
3211.5472275100
15569.8809483601
98.7454145325
191.3640030959
112.9509493575
