171 30016474.3988580704 0.0271596970
30016474.3988580704
9379845.8579623550
3103394.7195369313
2461827.9102182495
1601362.9192296267
1092428.2872798447
958277.2864185870
921450.1747006216
880161.3908027556
781296.1103022199
653166.2083750181
567574.6340387113
345114.7747699081
337511.5436416222
281682.0312058337
267861.5071783325
192453.1988337355
176515.1283681591
166666.4336569979
161914.7070248262
10733.4239419326
40674.8994981231
653166.2083750181
161914.7070248262
29105.8861944247
19169.7145251723
58449.4039777890
36576.5495352593
57234.1295235923
6340.8791079598
103330.4383490342
9136.2767338005
10732.3006876147
38081.9176247537
958277.2864185870
35553.4381217371
23067.3953057445
20898.2624954867
5471.8052413382
12882.2816071744
46474.3388336138
40805.2370605985
10117.2823028557
166666.4336569979
45355.0588666940
192453.1988337355
79698.4412377433
7652.6644801042
337511.5436416222
9067.7953525435
34008.1689220922
1092428.2872798447
39070.4420696068
5155.7241182207
880161.3908027556
16929.0045805123
28540.3854469448
13460.3038560956
9494.5014052424
20264.7556101317
12666.6935910127
6187.8234531761
80955.9997964778
23864.2661497315
23219.2030632995
3103394.7195369313
1601362.9192296267
24628.7745530622
6493.1621429435
9379845.8579623550
23458.9666183154
30016474.3988580704
6244.0664667840
5298.7041224573
14870.4136571919
281682.0312058337
6756.7833232525
567574.6340387113
8585.2253143638
62260.8540183145
33062.6403819852
2461827.9102182495
6430.5786359186
16153.3889882239
345114.7747699081
176515.1283681591
7619.3567571055
9938.3018432310
85402.4953113139
33059.2419379773
921450.1747006216
13643.3459200858
42877.0938776315
11809.0638588102
5305.8457747011
105395.0016511697
89101.4967182477
103790.1227328129
6011.5976767976
6941.7280650221
8436.7173675317
8466.9812131694
6638.1609950911
781296.1103022199
23073.5549185176
131880.0147450351
7934.8020415864
18479.0673537033
14023.6526063927
11815.5219835648
100154.0507193844
267861.5071783325
9133.0913312506
5433.5824288374
56633.5527758763
