1176 75825.4105041591 0.0000013363
75825.4105041591
53742.8638486031
42689.8553980434
32731.8798890698
32031.4833216130
26990.1222008437
23441.3388279748
20095.3436603135
19982.9603960396
18146.0855472013
17342.6458333333
15915.5190427880
15069.4071318894
14901.8783366781
13951.7183878834
12454.6997354497
12246.5379199549
12181.4598240420
11658.5944960440
10400.2399980449
15.5820311260
7.3890632556
11.0810718645
8.2071469072
102.6515614590
334.2783202473
43.7734850441
18.0237839312
15.8778227637
24.0797363820
132.0714285714
37.2525993463
10.9869131816
5.4173543386
23.5385876438
9.0102979584
65.1907655296
78.3339339906
32.5577340855
92.5548119840
301.3044953767
25.9282166375
8.6403187597
352.9236142534
8.7697910370
6.4729250507
6.1015939546
6.2066593106
35.4502599402
44.4808022499
6.8117368737
25.3152429728
27.7574057395
5996.5774456522
13.1523143689
9.7555771911
8343.6629993182
71.9016409728
8.3554479654
6.9318457055
43.6428974706
9.7188234600
10.8356215615
16.7748326656
32731.8798890698
75825.4105041591
18.8682352941
38.0420339707
81.2712259267
304.2339497298
15069.4071318894
9.5762784085
12.9531641689
557.9950118167
323.4755052173
17.7044443981
218.1989699907
75.1753015781
1006.8372076854
79.8956262171
16.9278417394
96.5519385829
13.1356043565
157.5400293035
153.8613638105
117.4435838400
649.0533714993
38.4697544429
9.7690338177
9.0317294723
11.4102393133
535.5774575762
45.3828189653
34.6738715890
1884.7395128022
83.8706244596
326.2994444636
14.9570963817
8.9159721132
6.9737705046
270.9174803158
20.4948564868
34.0550681362
6.7584351826
59.9386331071
27.3820590382
10.7417070249
16.6388730625
15.4034009288
116.3971268303
149.3626759586
8.3038025966
16.1919240635
10.5053942204
122.7133976815
5.7963446475
18.1458150798
2469.0210209638
6.3597307178
140.5080184061
20.4334873196
27.4046611903
5.1488095238
5.8207546964
1845.3517156240
7.3638625404
7.2358149906
47.1493488958
285.0323289060
14.9890344518
1201.0690858555
110.1757373854
40.2243673797
5.7544721202
17.1258311648
26.3385300352
81.0806872254
8.5813355501
1689.4465494767
39.2025839437
98.8552552180
114.7858027508
96.7658535741
5.1640240434
23.5960528369
17.0379512569
11.4744711753
172.5802030313
26.3708270021
35.5317391587
150.2329951113
2168.4780428496
4.8392913240
20.7979313472
16.4282689323
235.9493589467
23441.3388279748
5.4653090736
28.0233518677
4.8935330780
123.4479356551
48.1821844305
385.2916645013
19.8862481807
41.4879308459
121.9385580784
27.4452236713
6.2789663609
10.4630126434
8045.3243493651
11658.5944960440
8.1448500073
9.2042792107
33.6952654871
28.1205635210
156.1346153846
7.0865796468
33.2064044875
24.9061821460
6.3582672668
5.8863710827
225.9795837724
4.8439463615
31.6841237716
35.0609733949
3121.7857850816
94.7997722167
40.8798692969
53742.8638486031
567.5562002831
84.1153846154
3696.3362939692
15.7646598348
2526.6335568870
7.0860752224
7.7173515672
111.6062476274
9.0080447591
7.7698465739
23.5202551660
63.0000000000
98.5076490674
26990.1222008437
8.2981696577
12.1008160746
6.7987087769
7148.1605930495
36.6857456313
9.8213394621
280.1759615427
32.1738754288
7.0517304808
19.6292309904
6.2071920635
52.9720744544
449.0422134009
13.3068764628
5.6396946650
168.9450518667
40.3007893543
5.2107864020
7.0540385713
5.8528738040
6.5471742949
12181.4598240420
870.5303379447
32031.4833216130
6.5699246179
17.8608812630
1029.9501560911
43.2184881750
25.3271581986
19.6257861635
19.6743531738
17.6297085260
8.2681125103
33.4229595632
6.1839675085
6.0583898075
21.2315387925
19982.9603960396
12.6188748565
15.0695765640
2040.7058371736
4423.6272155012
35.9279970854
7.2385622273
199.1657754011
42689.8553980434
12.8328109326
53.3876020925
134.7133580860
15.3598094513
24.2702537577
6.5930653850
16.2558058536
158.8364130435
10.1461401075
20.9453690636
28.7748545465
4.7771813312
21.4645246513
5.3435881522
359.2903065616
107.8751817158
20.6419717625
24.4124754359
507.5409284162
39.2424694449
213.2831936998
7.1241813781
58.7689275019
9.1731478314
86.0900638327
28.9689609472
258.3473329365
511.9202129759
12.3366545405
1980.9226721262
107.8541395112
10.6640326704
2148.8041416867
30.8081331182
356.3007876773
7.5928920164
92.2354716582
67.0189238817
26.6499214684
6.8896080516
77.5050987275
17.4373703138
35.5407648328
111.3516092099
489.9296517178
22.7683535282
5.9639852941
29.2101138345
7.4906580714
13951.7183878834
6.9429534595
300.0274198510
1702.2074712644
75.7684140847
24.4513514580
12.9828711731
20.1333090254
36.7437884750
1459.2740104692
27.1944569120
8.1247683156
10400.2399980449
2912.6015128969
13.5522304784
142.1447354871
7.9521276537
22.2019127867
12.5714163362
115.0192305312
22.6597612929
5101.5434336854
285.7512483442
29.2725146575
17.8530153517
20.0857841667
38.8819705348
12.4642546704
2253.8309519491
8.0059390364
299.0841995842
146.8442946037
7.9688655654
134.2629914354
118.2937141158
4.7538506127
23.9289722573
7098.0458793543
453.0714285714
109.0947160250
11.9977657200
5.1730171757
51.7163122667
5.3004459526
10.5450159398
20.4671970369
7.6683468284
617.1140894187
11.2740143521
12.6090338935
6193.1287593985
8.0669509676
57.2330441255
38.5650029938
53.8062636471
12.1772126408
32.0519721408
1967.4204856012
121.6542528579
21.7731879010
105.8948614278
14.5109315030
38.7559295983
9.4369409600
29.9578219095
16.5039272298
7.4097983539
67.4477996507
9.4420825113
564.1251482523
234.9724739593
21.2446740484
34.2031011126
54.0326959210
20095.3436603135
101.2434707336
29.4970997382
58.5937500000
26.9760490090
70.6641351364
53.6429014424
9.1597826087
24.8602775484
8.1019277484
97.7042859505
9.8940902850
10.9685757775
21.1615123949
17.9024930700
10020.3346547007
2422.4237949687
27.9025484164
84.3973900534
23.2292411213
206.7982604448
5764.0932663181
6.1601128979
35.3771498601
10.5913152661
5.4632838096
17.5237706853
343.4162194081
6.6498859520
18.2198715199
241.3300700098
19.3925502801
5.4868828676
7.4905964982
22.8554975710
89.3067240469
8.5690506176
5.1399979801
868.0680274965
109.2829158988
342.7219089491
72.8492100334
11.5664100093
5.2077066536
14.2871302147
10.7876667970
97.2648095058
35.7185990338
4.9499102405
9.2375818564
214.8003907359
52.8023275174
14.4936761971
37.2661542228
102.0517035042
1016.9716598246
69.3852676215
5.1102053644
169.7146605403
279.9934896572
26.2029439230
117.2523359190
4.8376233314
39.6506349981
137.1949323022
9676.1195219199
161.6072095194
581.1500471196
10.0263637620
137.3011937528
171.5750879661
81.5778336128
23.4411566333
539.6318251641
657.7793083741
18.0536694402
6.5382753368
54.8417650614
10.1929687375
7.3107969119
68.7432901229
329.2656202608
39.3957457529
38.3373335804
7.4682323071
96.6454710338
34.8000339367
12246.5379199549
15915.5190427880
16.2981340009
243.0490641420
1688.2504795396
16.8499343643
85.8175334032
44.1006163107
129.9048372147
49.8401268217
12.0267728716
5.6396544230
132.7024216815
386.8757645672
392.0408558896
122.1092333164
59.2723179100
5.9100150900
99.2661641527
394.3803267914
364.5997854447
6.9785628548
5.5208291075
8.9265604699
83.2032027418
53.6215344939
7.9310873675
29.2713224889
33.7343797392
400.3064320364
34.6196312251
106.6516327530
69.9982328816
41.8420824671
14901.8783366781
363.6643040566
7.7504204064
788.6796191800
18.4318363099
25.4459561384
26.1748185847
12.4918606693
7.4074074074
955.7553081606
24.6359123331
28.4440945347
7.5117548026
19.3076054823
104.3815064707
21.5802038886
18146.0855472013
153.2136653156
11.0962135119
65.7710251277
51.0048076923
5.7337557963
39.9217386807
14.6089582710
30.3277392432
882.6261311472
12.3813100962
5.8534772668
60.5642034328
51.0324567540
16.5600873838
21.9931297178
9.2863381458
13.2012191148
35.7440206852
41.8957137301
338.9989554367
6.9110316746
12.9187632139
5.0564462486
5.7913420701
73.3079316921
270.2742122946
7.5231308620
5.0959018814
7.4177920994
6.9809438778
22.3287999401
18.4569752827
5.3499781324
17.6822678218
16.2478976794
28.7057100833
22.6901036369
18.7756350019
14.9668155549
12.1177574531
1931.1037357778
50.0010938937
23.6390124063
1396.1739653355
14.7479617338
3070.6358932330
39.9069993479
14.3434873543
24.5315889190
11.0582542757
120.9468734958
6.8488706570
48.4803503562
7.7559824022
386.3438226071
5.9571559548
21.1201631968
6868.3521352929
135.8861453576
26.2511447625
7.8621833662
41.2361613116
1865.0071866539
68.4473684211
3617.6861553263
12.0617655548
22.9437929193
8.2564353988
297.2220346602
43.0614502241
7.4272740675
68.6466247289
122.7649421471
8.3888956381
10.2595535134
7.0351363718
479.3547984260
5.9618151911
27.6447034571
211.8455330341
449.7652639419
23.3807833858
11.4969797528
7573.7744766926
34.4328441292
3411.4809495151
5.9391587774
8.9903851896
929.3088062237
25.4145757089
26.1736236664
656.6818343027
57.1526053066
40.5510634887
8.0072570910
9.1666416737
40.9953414754
230.5543535626
16.3562502992
53.8568402858
8.9588164430
281.3229206685
12454.6997354497
31.9515891740
97.8109141857
184.9374154328
194.6963915628
13.7858358592
9.4799061381
12.4898604840
6.5058397241
49.7815680137
182.7191477971
74.9521551724
2860.9866816153
6.3887283941
9.3694735170
5.5598264001
7.5093582122
665.3328086959
17.0769989866
17342.6458333333
