1176 2566384.7010021447 0.0000427058
2566384.7010021447
2048031.8867647059
840553.7725487150
462307.3207427004
449899.7039345063
367385.3722144030
346861.0688501938
179222.5065072655
172183.0899681906
153428.1254726945
107517.2371916302
88563.8720622045
58521.1217356368
57752.2675870033
57378.8087296604
51574.3122027664
38817.6414810016
38017.8536677652
37566.4623294204
34462.8969645064
33946.3064898338
1310.0804532879
1029.6300196591
45.2233598009
1077.3055771703
42.2886357152
146.2069685835
270.4226656070
72.9015258925
37.3335749440
28.3856668517
33.6500881610
189.9266517704
100.3238230126
7894.0093314480
147.4528224218
568.0872010888
43.5248630250
153428.1254726945
86.9005046617
88.5394664438
52.4176565009
200.6779660689
137.4674961315
81.7369878523
43.3552930533
1763.2007493170
32.7945227199
4837.7198409154
45.2657862142
23.7787272344
147.7317134247
24.2018392418
53.2105045838
3326.7893961646
130.9835530554
24.7755405391
24492.9164479931
83.0894158902
224.3383431668
42.8995244975
57.4090240628
493.9444101776
138.8167896379
500.6120224796
85.0461805541
1836.5323596600
478.0339733862
35.1797040589
6889.1278571347
123.0049108674
3154.0776502330
38017.8536677652
12375.5086923649
1076.0363184136
28.8316753083
9775.8577260798
80.3665391757
133.8973535509
112.5026313630
76.5409969854
41.7279637749
31.1356189711
447.9519847691
54.5484835616
205.6362755069
2239.2383481553
165.4698459408
2474.5271805991
166.5000457429
714.6780311463
910.3225053748
205.0296109267
36.4296389486
245.2036274107
29.4640723160
35.8625647028
80.3498003463
3722.7061322171
27.1347199617
970.3467078292
322.2023435394
27.1455807272
66.4664895022
217.6737024003
99.0040479095
23.9971329689
144.9929492223
515.9595648249
87.7733034448
53.2390293151
267.2328121061
89.4568698283
27.4541636755
29.3270771146
120.6944542628
63.9709194708
23.9229695274
378.0298316326
52.0261210550
39.0369967480
71.9585886826
24.8260101237
1459.4823117773
77.7811333948
1162.3547032041
92.7550772046
67.5632879354
448.1456023954
2257.1299804094
19554.9660935287
45.5587572785
54.0821230010
27.9812758635
25.8616789979
86.1687286252
513.2857503010
29720.6758489346
494.9580370073
29.6317300720
115.6862051824
1471.6364473717
37566.4623294204
6553.6748964026
195.0677364599
24.5435390553
103.1741732538
371.4783627321
670.7355659893
39.2464438057
300.6264817856
122.8142113728
80.2425754220
403.3561717831
31.5237291808
136.6299800633
48.0749013255
1209.9819703928
65.0457880109
317.8113391482
24.8099356911
64.9684200659
39.9867087511
34.9370690918
1035.7322073631
51.3394409663
353.1571120896
191.7618291830
26.4953658307
744.6305333680
23.1897754395
450.5072624052
231.1914090074
427.9192630716
47.0264086308
74.4774281787
128.2600802460
61.7408403851
5314.8604568490
323.1687806100
85.2410947491
882.2002779211
63.5187753874
480.8916556604
779.5069637507
31.7536170621
87.7572429058
27.8119129563
96.0608772991
1029.2769399763
1312.7435971995
233.8472982257
127.5000151289
26.7149155866
390.3078623277
241.4174980751
36.3016898452
25.0173360944
34.1698180614
9665.9716254078
2616.8013441574
44.1253506673
141.2491000211
2890.1636609370
2048031.8867647059
22712.2734848485
25013.0900929111
795.2597001764
186.9309539087
152.9669462746
303.8038181377
848.4964140030
104.0168784866
650.6084907936
246.2464084952
53.8262138838
145.5652035423
51574.3122027664
133.7349488729
96.1788948549
169.2302991169
616.8073288033
2276.1784158945
363.0000000000
7733.5459981954
52.7989518368
329.4839835760
131.8018517864
25.9398885539
218.9129991116
101.5685955003
65.2891622465
29.4431386529
165.6297278567
33.6814282241
27.7985342346
1396.6851761981
61.6792007954
222.0589550044
17803.6709544383
263.2157859183
38.6697177724
1679.5495583271
6893.3469788079
5750.8960845873
23.2066229635
60.7908962217
69.1936692350
221.9494512476
482.9436385010
2400.0909174735
33.4155597877
347.2759130019
22445.6620721279
323.4273152067
86.4042424285
3690.0907901302
689.8370449323
5353.3056758371
57378.8087296604
8488.2813393664
46.1832340125
102.9774370564
31.2312715561
367385.3722144030
401.1991078803
15362.2408256881
81.4477256673
28.6965971361
629.5212219829
106.5261518487
220.8577975219
74.2786954346
1570.4580810706
213.0589095779
97.8989389683
179.5259606992
69.0839471865
17442.6512030507
142.0416763010
33.8310489520
324.0670890937
449899.7039345063
62.1381749967
63.7187552004
24.0342533367
491.0643591491
126.5905108536
208.8809296814
432.5105417391
1104.5203022215
21460.0855621005
274.5594615425
35.2383822464
96.6489990586
1858.7791727322
44.5366109828
84.8898850632
1336.9865141363
119.0262316266
256.3563783196
176.0328463147
346861.0688501938
38817.6414810016
1979.3219730571
3375.8437668985
912.1222090867
436.2133014839
155.2376549084
140.7540326231
56.6319208618
85.4262244006
95.0301664029
529.5440092004
34.0305954278
32868.8021129587
84.2035258402
337.3684051251
79.0893772136
42.9653046187
730.5088744045
24.0435591088
47.1002636138
542.1775219122
62.2187797128
1317.1871016533
1332.0981156150
28.5017386632
93.6357782385
32478.6266020593
268.0900747556
50.7722278432
3137.4090301590
29.1655714445
38.9968798239
329.2901228579
65.2892912794
757.8848827066
16860.5038402047
30.0050965871
2083.8758352166
648.7968951096
79.7124928607
31.9702225356
70.1818935429
1560.9965580886
470.6732490995
7777.9563807375
12484.2732781608
318.4001635165
320.1198824808
562.5738571916
52.8599126682
873.6311193860
4235.9620744660
71.7253216835
70.9070816723
738.2149998045
82.6548676501
181.5372814559
51.4032906117
581.5491707809
45.7840977448
57.3116355574
115.1687994278
2422.7932526447
1874.5752842634
60.6683372819
628.9369427577
25.8916957283
179222.5065072655
17390.8739168590
56.1204765895
118.7389647972
48.6343303666
50.6036130744
32.8324910632
774.1639534502
2877.5163882449
2475.2959139186
4164.1959566109
36.8613711121
105.4385990666
384.7576191208
118.4976268987
3749.6834056483
2039.2135218716
50.8728806703
30237.0662839889
283.3247605249
200.3051119527
629.5267592742
78.9193536771
2307.7438289845
28.9063261851
34462.8969645064
91.9980832772
75.1465168746
4560.5394839068
687.4979295566
2566384.7010021447
121.7122268088
670.3529659995
80.4601425965
25.2052876196
119.7240563143
2820.0829842653
71.6303328837
24.6140979332
2981.1673848322
539.1148510475
2526.7286666608
29.4788157024
242.4759011281
32.8913447199
88.9410551049
838.8221305203
57.0877982592
65.9769477854
35.1903703328
177.5109739136
146.4799124727
129.7112785574
1506.8086852919
736.3892082260
54.6898705592
42.1149211962
7262.2836744670
30.4728276832
269.7463520247
49.7824569769
48.1241455150
57752.2675870033
378.5354138226
12683.9215230105
58521.1217356368
363.7986462844
1253.4837320527
492.1501937984
893.1056736120
24.6566835962
1032.1653678874
37.4327126357
407.4813380362
77.5562815473
5978.9113167847
68.0517491002
85.9735628090
35.3600451467
184.0943661082
606.0933980820
1420.8905047746
40.2592386341
107517.2371916302
270.2058343551
23.8771236317
118.7933084530
282.3536253795
88563.8720622045
63.1716521433
126.7039931911
106.0508770728
134.3772142963
328.7661406821
86.3091563325
240.6421933370
1500.2887785544
65.9090153105
7113.7440951600
337.2908351241
3278.9756174073
71.0179063165
122.0117820246
79.1942619610
232.7555211302
90.1205675250
78.5036542897
108.2633713006
296.8223114892
25681.9809177218
4134.4211342128
46.9432741062
129.8231530654
1838.5807557066
24.4768781763
162.1481742965
196.4388673482
171.7909534761
26.7940222759
32.7761587772
40.5565909684
57.6533730002
54.6714157008
296.1163165769
143.7412148856
269.9792671911
160.9195436304
225.3652158563
4840.8712235597
134.3012873428
1026.3049784230
133.4379484060
69.3476337973
866.3955524462
33.8302398763
29.5612685036
72.1555140830
60.5751199102
26.9857188642
95.7635680351
919.7671225824
1426.6831661093
29.2143661036
28.8811861677
172183.0899681906
139.8719318483
74.1403620190
54.8013101029
369.6305226474
94.3547312632
38.9220759238
93.9983999609
74.0996547662
93.9431295691
276.8342248644
39.9675524097
31.9796014499
340.4103624056
57.8757605583
262.2275977494
2793.9832230765
47.4074175132
1046.3726163008
1930.0792108744
16886.2278010342
231.7951150028
117.7282209795
51.7153418416
456.3287120483
350.5420789650
238.4547565915
290.0516627719
152.5515765766
400.5883014873
104.1674358835
1206.6206896552
35.0213361740
3317.9243099231
119.5416196254
132.0261540279
55.5083481318
330.4333335094
167.1129363973
1529.2830698451
244.7171000704
222.5125613392
301.7226046880
2870.2861022993
597.8428904677
31.1706802148
237.3387094579
1245.0180691133
527.3416908698
262.0228335153
305.9987785212
138.4070144109
5718.3834357391
222.5705847131
217.0862909099
132.3269175579
62.2389252524
100.6499983528
323.4879146830
366.4632238404
63.4265941522
3549.6126053498
354.2994328354
155.9787247976
712.5382504316
869.5988717838
36.7291275246
243.0911153194
34.5720714101
876.2986571635
54.1487272269
143.1757693224
794.0650247943
38.7081957331
154.3615637354
449.3005712726
95.2447563260
8977.8455186932
1757.6975959908
62.3456157121
63.3390732235
26.5869235300
68.9587067432
113.2425519641
526.7643224597
146.2926573176
261.6104996979
270.5714493958
190.2342086251
71.4577623102
1265.5946009831
57.9078424960
3443.8540247364
287.8999593030
132.2172386569
25392.0190297072
871.4627896547
441.9772974469
24.5470486410
2262.3583918723
29.5753022797
462307.3207427004
840553.7725487150
24.1138374576
5714.2681986393
130.4763916063
503.3834948468
5775.5659338560
429.0249365419
1089.9656128175
30.4486715442
89.7962764925
301.8744300228
104.1840670236
229.1919009257
234.9814694196
93.7152481314
2231.1856404869
