1176 2048549.6764263478 0.0002640767
2048549.6764263478
1083349.3135377038
1059157.1256570721
993356.4066064229
625951.9011956815
496040.6910705646
463768.3260621181
310570.4032620733
202061.6085417134
188751.1371067504
183532.9493695932
151144.1862024884
142937.7555545267
132484.2320821554
128812.8669619863
125583.8893605015
122857.0667561048
108305.4412498837
100996.6984469094
98856.9935520995
961.5429518280
943.9585447437
142.1797412763
67.9576824945
191.1096917455
357.3839662926
150.5855901708
170.3643577946
124.6109970261
328.6922414256
18947.4538397926
5020.2911329633
157.8332053213
467.6932916614
6534.8760942756
10997.5741028991
332.5432087566
378.7032633127
252.3822795625
231.5645845087
29460.7294047220
191.3614046732
84.1537252967
228.7757578467
1340.2521742958
253.2956383551
3688.3975731637
98856.9935520995
10135.7603682724
654.7345489678
95.5152038995
2129.2641523617
311.2320826699
916.6654170303
3125.3424443843
110.8686840385
1311.2562710757
88.6980458276
9347.7251275846
522.3482513323
1414.1637300195
510.1065217617
603.7321808247
117.2854300566
381.7525351018
72.4351730636
92.9482117813
299.9030642832
21047.8776477780
75.9046800519
406.5953545358
77.7801160460
255.3137415194
841.9961487078
482.1864054553
1742.1348119272
97.9581224054
3501.6885732154
6940.1423185286
7655.0177596324
378.0644321124
128812.8669619863
832.2527456746
144.8049538389
82.7967837761
200.7448366194
67.3177472076
79.9972300541
68.1620455284
18658.5596007728
804.7067467024
810.1992089151
244.6997124616
387.6667588171
178.8298883493
1752.2979904545
648.3792594376
342.8852568335
261.9679703028
1770.5452100447
7412.8114756042
9125.8298002506
124.1372320315
1424.4954270778
119.1305455293
2256.8582482163
20882.3111632021
2411.6225756270
108305.4412498837
133.5427383855
193.3150701194
91.1375983608
90.4532165255
1325.2486712812
68.7387487371
4702.0734140671
97.7585429107
282.9638482992
853.2194659095
26931.9891090014
88.6398444109
2514.2184704127
725.6943351868
120.8609519639
4523.6044257939
67.3204786198
86.4767167787
1231.8334451180
192.2792328291
423.3437283156
69.1822676927
12916.2087177306
2176.9042627821
145.7201226046
7934.0517883593
375.3485991862
390.0692758790
1603.9194922932
84.2671611602
95.0180153731
2003.8972862740
266.2263449447
368.1834882870
229.0002872760
106.7558273994
6349.7307077128
70.7872438424
97.5215094299
142.6437723083
84.4807723817
168.4320405659
24399.0948579459
163.2068847306
156.6038347600
71.7676828471
625951.9011956815
175.2695842386
457.0131856749
111.3386276574
1995.8708232844
654.1065833259
1215.4870820785
38931.9854202435
85.4561643260
155.2162055490
188751.1371067504
252.0869321087
196.5637289218
207.8481925143
4495.2300510660
8037.9648481002
7054.0027420454
327.9027039143
600.0640492341
110.6561173449
2092.3848686112
31349.4457974333
522.3178500041
161.6328503750
89.5547906761
115.1866114774
834.7482600021
230.1896917773
3682.2538425838
429.6094499861
32801.0229932336
156.1956917186
373.0625927817
299.2644617331
106.2057916902
932.6475357682
566.0122373228
200.2775810672
64.1532211458
14208.9973591701
12543.9575098099
818.8117359354
61.8888178061
589.9839777492
87.0357688206
944.8779107653
132484.2320821554
76961.9759567779
85.5053426951
10201.4701072605
9078.7378692118
206.5383638157
61.9083596372
264.4270312557
108.4327192519
89.5850319383
655.2543050921
92.4195760703
87040.7152902656
303.6568365734
64.8200785075
2097.5679203875
290.1554340150
558.8256192859
73.5207741588
138.9314799124
30459.3174527925
729.7655923461
1002.0026803937
1455.8873938046
1785.4133851067
220.2121299983
50818.1570831282
592.2376294645
101.3973926271
310570.4032620733
108.6637614098
605.0538691395
6663.6801187218
77.9871493122
329.9492278152
482.4650208457
72.9196598315
661.1091078451
552.9751206292
4788.8029525801
1171.7830206140
411.4032780421
7608.9771043873
2947.3601056723
413.7620071994
1064.0859533369
100996.6984469094
84.5814672703
801.2502094972
81.2140014946
256.7170013525
67.9173273667
155.0593786540
195.5391933510
3590.8203588068
71.5340633407
72.8760933680
96.1952836998
117.1324243820
965.0275094508
106.0397408928
120.1924499909
77.6027456629
619.1245964096
121.6165440821
80.4299025676
232.8349276776
104.9196434756
206.0401216983
113.3637584470
83.8770585422
110.6616010391
105.2912854579
127.2274564560
362.8870157648
847.5832297245
222.4226437339
207.3622130570
341.6444380670
336.9030499537
1004.3714514413
134.0042686677
70.8140103549
151.0658403990
4639.8815826463
329.3358181036
322.2826871441
99.5989742301
404.5504621645
299.9695202210
108.6127380782
26996.6652300282
273.1637469317
16985.0310274730
16167.8373475548
3472.6161074629
272.9913876420
62.2058454882
502.0708838114
127.3260946525
1033.1950228205
94.4481767745
96.7153951745
538.4497128038
514.8654646573
91.4091332338
239.3518448233
4158.9728173429
309.7171699499
252.4868477265
59009.5866331156
140.1091821997
151144.1862024884
81.0730113474
160.5656909316
1579.5882927456
73.4482929565
89.2523636374
138.5609845262
24265.8425125382
82.3284375473
96.4795877305
8557.2841463057
201.2135353451
556.1593328444
62.9412001524
2121.3608172853
150.5638321076
330.4049783291
246.1888193727
84.5349326317
240.5074815156
79.3449347449
706.3148604771
550.9963526070
176.4575524639
575.2528209446
406.8124452568
114.8112818789
687.6163930428
251.8810954298
2578.0844216874
63.1083852059
162.6672591506
1872.8678616585
488.7779059256
8722.6755260010
2175.0787004013
185.0054267771
5180.3516509513
3749.4899089582
1889.4049012488
4530.8853397048
161.3812012634
257.4416029957
800.2375170011
212.2234098229
104.5902138970
64.3040376058
65.5839207010
196.8699804756
77.7566469099
306.8047238725
1059157.1256570721
63.9527708717
209.6662639352
76.6638634001
490.7608126152
1123.4011220963
188.1868501601
203.5729050995
128.7973337017
2843.3632362119
109.8557228947
1083349.3135377038
17361.5218123812
540.5975874351
1595.6560897975
500.4848662639
28667.3273767038
98.6873841064
68.0216965365
4781.7961501162
165.8290023873
65.5938640705
944.6828821672
529.9580481697
108.4304926702
198.8910784831
354.0514036796
73.8592488891
322.8474892648
5383.6810762352
400.4501473340
78.9086224198
187.6472195992
351.9634236022
176.1432680679
93.6480503705
342.2059030476
106.3239213651
88.7724108977
142937.7555545267
400.6624410783
91.0575605076
183532.9493695932
121.6925089876
1068.4726334981
124.9557385543
421.0547195763
487.7468038597
95.8066144833
92.4701188231
1821.4251110448
132.4545541229
156.6001892002
3759.7326504710
188.9997523897
414.4567420610
189.9737641519
130.9599015768
61.7976500118
1525.1902122518
69.3478009773
295.0448361295
159.6995220133
117.8223602286
209.9070201794
345.9993156454
2595.7674707996
1548.7632715403
753.4028970181
189.9839153318
2805.4302584363
202061.6085417134
9354.5360663107
125583.8893605015
101.5890629335
160.6332456134
6450.6207152439
334.8030460705
436.7222119823
2427.0854061766
106.2725243068
103.6720452062
107.9446389141
3415.1392970705
148.9845492044
4063.2705048508
388.5401917827
105.7728415159
668.8605626334
789.7269522237
311.5143973752
135.9994666267
1772.9361769886
5196.4946966925
1429.1908188748
225.5984451954
219.0278688254
141.7197904878
632.5390899986
408.9583367830
2078.7360408146
88.4468033693
9740.4922212977
6312.1854408961
723.8368251794
14800.7106872374
568.3680452044
108.9714612937
463768.3260621181
166.2773208179
212.6536922977
1221.7920049603
833.7083541433
1267.3644720591
645.5706970887
32600.9625084681
320.6432983998
117.5910179370
630.8942437189
177.1753404253
171.5254618203
159.8413641857
200.2690112105
299.5212255780
85.5101436936
4979.9993558486
103.1466139155
4273.9157989713
17878.3611517258
1124.8985133827
220.2340030126
112.8138591908
9314.6067122692
411.8042248967
675.5851230275
1026.1078124421
67.7030192274
566.6331014605
209.8768763987
122857.0667561048
626.5920242772
20343.5864861129
923.1224502080
399.9611527692
92.2815865450
684.1777113759
754.0696631087
268.7409060793
21557.4903349691
82.8238543265
86.3632237635
315.1729929143
760.3458705217
149.2625958066
1440.0691354728
224.0098755481
66.7200969419
293.8741452606
1011.9067681022
17796.8390544936
821.9335014538
231.7175681419
64305.1392379503
7527.6110056324
154.7498255383
90.3049672764
156.2117670618
87.5674823180
678.9101635301
2873.2607269125
6020.1689951052
229.8829030579
10520.6487292386
5274.2057193788
1983.9305318929
481.3558651410
468.0599005190
277.4062507604
38647.5185261086
222.1881977032
486.4133695634
859.2419699607
1927.4199531050
579.2278933914
128.4231304064
1828.0523765112
66.0733740247
133.4101108840
158.3717894366
96.5702591839
8914.6016036051
997.3428578712
79.6272246335
207.5662071182
594.7937211636
10606.9530585068
101.7596195912
172.1257566556
794.6687722867
75.1473984094
315.5692609860
13306.0611422596
96.8424073459
145.7800557459
2481.7219566423
62.4208771857
68260.9294832557
136.8557222774
308.3180275625
400.1041774025
496.0142910298
1228.1596569045
89.6186552148
1619.6819724860
207.3633667623
126.1606044754
32239.5829213602
124.8733936681
107.8171219032
80.7894631110
349.4591309553
2048549.6764263478
567.9811364954
409.1448165200
2465.1376461665
903.2489505512
993356.4066064229
1303.7719695020
227.8079591261
197.9493365512
496040.6910705646
148.3130221228
626.4205329658
171.1466537842
383.3812227055
123.3400084018
72.1626752038
78.9993120071
1237.8901855170
298.6744823464
380.1707178838
114.2906972170
77.4339811859
19708.9230867159
212.8228579126
384.9738457465
326.3955770422
582.1209880477
269.3825498042
1782.4989962134
71.1610583848
119.2075574604
144.1006552234
71.6975071017
94.9962530796
114.9726114073
336.9715571381
107.4232559961
90.0362332924
16545.0978061385
242.4234265297
12493.1047924943
81.4468514486
63.5607018231
18645.0688685688
809.1576711200
7194.2180739225
1386.7792956555
