1369177860 1
1115808227 1
952452020 6
3512144406 5
3557772585 9
2687913976 12
2981886808 7
1749057633 0
1082201794 28
851518348 18
901792399 9
3331788937 1
2115766873 1
2574360321 3
3804950107 30
903381855 2
1016141155 1
4401358974 8
1651111632 16
977615420 4
4064772478 6
3015661772 1
1560135521 1
3104920153 5
1002914445 18
4148796245 10
4812536764 2
4507990749 4
5225301105 4
2325872755 3
40042557254 28354
29333954508 18347
24016937755 23251
18389025970 16732
37634191555 10427
39480962531 33768
32629663826 58635
31270696467 38107
32950462654 16872
16083775722 46956
38573130406 3224
34468597289 15615
38159394699 35663
28521198364 6826
14588293558 34612
10293049076 11943
33395795819 72591
13912860882 19869
28816171393 48671
26383737713 30401
50142506585 4913
53038452886 14985
5795173185 23106
7939964244 13862
40341167765 28903
36465010283 4713
20539688890 29057
24343242251 32705
16168277052 78422
13355931416 33284
15278392533 56190
2503396515 45280
10116250865 29503
28475260294 25068
14412552343 71528
23049055152 51112
32560004612 30271
32271666167 21878
21907790140 44917
39799153390 63203
25554328069 4146
11848978211 30473
28896106732 27864
12652493586 39955
11395513248 69599
37968326653 46477
18847270098 47279
1488020452 40878
35397410235 1651
36442543109 58932
22870317825 29023
38539256932 52633
29854408655 27733
11304199226 62048
15493678661 83330
16332255004 40073
31326767203 65652
32630080143 577
42737134887 38631
48721650871 29222
27558727072 5976
27029684081 74425
26138505132 45882
31503613337 2913
3659351072 13528
27609264044 3915
9995294388 36316
34142456840 30839
21931235628 36356
18201898479 54149
29545434357 11720
11330932830 30843
2151160307 76370
19352640736 47339
5563442602 40975
23142720950 10827
35875482351 81743
51945472197 83506
776275836 49992
41835764694 41260
16787913837 28469
40847341873 67978
44411012264 55934
31099859786 7462
16229435051 51827
26175406083 46814
24602767976 7236
20962816644 35505
32392481851 20893
10031131184 6257
279683089565 35806
324828132354 4433
320679329885 58914
170702590055 28469
46818944366 40746
341014931564 42386
107409549920 68351
81632808872 50798
203808847623 81601
159694396681 61943
299195354674 84513
215957522563 47809
144755070613 22990
6907425161 85550
144869949956 7983
348006698417 30734
451619336847 46744
132116721705 10469
182491438898 55742
356765912358 75319
282947126273 10940
176492996623 76786
191729066873 55002
359397607971 21805
416493865725 38613
78603437965 86566
104751105366 4642
55809500731 55928
98002528946 28181
141051768921 54652
258493230876 42605
182489910162 54839
31326186098 84198
367287488370 11748
159123946948 21701
96914395366 12713
183554714672 33498
198081776212 38979
102344813651 78763
290614316472 19741
61070255997 13725
334477290397 6384
170845237701 40834
47261890472 30778
219539461926 53988
66832580404 26557
211173737610 70043
356523635779 59896
161562904901 49780
73301867797 39902
255540415459 12891
11697644930 3216
122317703754 3761
84059220194 23200
410162346168 9331
364863901226 90845
242703623418 23357
233477023716 19854
21774078240 25033
159049798778 58644
65597226573 21270
78342034387 37570
228558180323 80396
201090839756 45938
262685412880 24600
252093589670 61505
213365017884 58344
322410473899 38747
193123998815 21216
263626348401 20277
8421663442 4497
252415190725 74005
418744458159 66238
325003272147 70327
95899517494 47436
219289689131 74227
322952317177 31731
287754854121 59709
183760084752 47389
75594663154 36919
58381047660 33791
420712765784 15914
204482111004 66815
163699141344 50581
158962598024 58772
17597082013 549
93160423497 42950
293079727068 65451
169679622263 9577
22043115899 23796
1681695304813 54933
608511808362 48259
2897472462848 54384
2077781623045 75098
2050686524435 32636
3275019233519 85711
2518963781698 51680
684135559179 27212
1296424595277 23412
2104878609879 8040
22811998948164 75916
24900013436759 53005
8226751349100 78067
