17700
25481
47771
14575
19274
32244
58003
55474
24507
23350
30803
55780
12145
28859
9905
50250
31645
30400
5371
27916
50417
1563
4378
40809
7455
53158
11111
38840
3132
33339
54584
29672
18361
39258
40575
40078
23142
33634
31159
18586
32665
38341
1709
40638
23358
31273
31625
31040
55658
56189
45752
1253
18091
5203
38917
43098
6356
19818
37647
11359
42362
42368
54134
4485
48379
52854
40642
55626
20823
25887
31199
626
29045
55126
36377
8989
26275
39543
4364
7685
1676
57703
26655
51648
23067
56461
2971
49683
45638
41256
48092
25192
30397
2547
44337
22743
13842
33228
38340
22431
44628
16205
28536
25931
44895
8367
11303
28858
895
40335
57042
3628
41778
18376
51956
3489
19882
3199
21975
929
21220
4259
37811
17314
44981
45138
27870
55588
21328
10902
45500
33238
36113
12914
9519
16314
41688
38956
21066
4887
13391
31661
20077
41259
41555
55176
36731
53659
48676
33979
37368
30749
12935
21895
15877
53174
870
41507
31213
9255
23362
9165
55276
42103
33315
37989
31152
44228
14020
37145
2174
54657
22667
44918
23347
41707
14541
22080
18310
52529
37914
33296
53298
5246
39590
38944
54078
17171
56566
4445
21766
1910
38389
56760
11520
50872
9028
32008
38085
33767
8197
22296
44766
52799
5546
3919
23060
4606
11268
27920
27389
35925
15935
9576
43155
54612
9090
54693
23965
1679
22452
16796
14767
27770
10902
47542
8981
45715
26013
40422
23231
2186
6779
27628
13278
43009
8704
2042
55722
16894
55559
38998
34635
830
54612
1529
10814
23829
50144
52292
30696
56583
19869
42
17284
10778
1942
10984
2077
2066
21576
8055
13316
38956
27799
56198
34492
8122
55467
27698
35399
38405
14109
15302
39145
33727
46165
26866
40577
11239
37449
18167
47809
39242
46385
48848
55372
40373
1158
8561
42792
27208
7498
46026
23687
11525
56706
6162
36309
26908
50840
18864
33394
2947
35999
14592
17194
20574
34250
8527
57751
44562
30304
42643
17159
17371
54123
29809
19036
55485
12788
18648
10762
41376
16936
23319
40583
38073
9332
16072
42219
46197
331
43703
16260
44894
3725
38917
4485
47702
16995
48546
50310
18827
46580
10114
15343
19018
20468
40753
28398
5039
55637
14766
23197
8416
24140
33579
10631
31642
48177
27619
17383
52277
43139
54197
56586
7721
22035
45201
41071
43137
14742
27706
52734
12181
45080
28055
49803
40875
15309
30820
2222
8302
39377
32141
25920
44993
18617
54913
58072
19324
6560
25806
9428
23781
44673
4204
52811
52425
9076
14357
11159
41486
1828
16513
16575
53333
39299
42513
28083
8572
34434
14262
58058
56124
48507
31424
38570
8757
969
17077
3683
26037
31854
33229
28909
28577
18754
47784
32828
39264
33384
24359
28494
26540
39485
12420
15043
25617
40464
8317
27308
14601
43632
9159
28470
51866
25058
25520
30945
30495
50391
40837
14425
44520
19935
6458
40464
39385
8437
45142
13542
32762
5736
23881
10374
53940
6660
9860
43486
18676
55511
48257
16860
12897
51158
40054
36129
10136
14894
34794
50755
39868
245
50457
23229
8876
29488
39358
53238
36759
4349
48756
42474
55941
8220
27442
30182
37556
53764
34809
51907
50162
45503
30470
21834
25684
46450
22411
25635
23481
24722
31673
31690
16110
10694
37905
19337
53187
37500
1644
46856
23652
31482
40368
50131
21919
27362
51915
44152
26032
38653
49012
37067
32754
45777
40403
56641
56657
16125
27827
28056
6388
35703
4274
26536
1481
38972
5274
42788
39336
1357
9893
16578
17683
14642
7953
54986
2076
29239
19881
55385
14329
42350
25677
35680
50565
7872
18467
46809
56753
34449
17613
38929
440
21245
3933
54868
46911
36168
7572
56828
34912
41812
37106
55712
28463
40872
18505
16186
45776
29397
20756
20244
21031
53615
4547
4381
52898
11202
46396
2782
40998
34881
37732
41203
45707
27748
54875
25679
50771
15109
4127
3443
16500
54425
18208
51555
24240
22208
34607
39242
31973
45757
49875
56034
13263
7412
10458
52388
40904
32161
33215
14192
27648
25840
1526
49694
42940
15706
54553
33103
27068
16910
12987
19751
13130
55571
11027
23888
25274
19620
9975
36795
44833
46109
28302
13933
15632
18172
23995
23270
30345
50633
14955
4480
56552
16892
28682
11751
47260
46100
11516
33115
44183
55737
51597
5801
14737
29405
25208
9413
19683
13708
26630
55006
9074
2793
27780
41271
35364
17088
22743
32162
46081
14399
20093
21181
25332
57631
26309
48898
37291
34107
50208
31639
17965
10453
3671
42074
41083
22358
50143
16855
57360
28178
32571
11984
6545
5768
56523
54048
4090
19267
32154
23812
56627
29263
54373
44816
9580
11326
39829
49892
29174
42031
8034
57664
38847
39292
48792
34606
28939
22046
39353
1336
17220
46813
41596
28848
36871
5898
5201
41570
58111
48139
22682
16895
14954
56639
20429
51366
439
9890
14762
20893
13892
45265
16165
27602
8035
56885
18689
43523
21022
15003
24203
24817
591
52082
42731
42763
36927
48367
35151
41566
45493
46890
49554
30515
8772
1023
3641
57787
47451
1983
34989
38887
43763
2815
27603
21766
9168
14577
46889
6017
28862
22471
8314
14933
36705
54765
51681
22081
8157
5629
41576
38734
39963
34408
25408
2531
48817
34069
5139
48947
15027
35439
14846
46515
2393
52993
54839
25132
36887
5800
54445
37916
26780
54484
5302
40703
14345
16277
23682
39004
25004
20641
10818
7219
39652
28833
41757
32664
36024
40852
56600
54186
32648
19290
55844
44069
12146
48083
27420
42351
40975
38682
7687
41779
31676
19968
21116
53464
57376
56127
15910
41194
4123
52534
53284
25208
41947
54338
57409
25865
29175
47706
14368
30519
4114
13524
9969
44986
34382
6514
21995
32877
53312
38173
1299
37364
55137
29891
8631
41601
42902
18030
35454
36217
52487
35804
6001
19306
7576
57237
39595
24582
29926
44979
31568
7124
775
3149
16340
25245
1578
42906
52802
9918
19302
57609
32905
24109
159
7822
54743
8514
9464
29274
21256
19863
56498
23845
27766
43395
48894
44643
53460
56336
38476
54325
38330
41765
37050
50915
51829
305
11823
3193
51339
41981
12409
24103
54183
36399
43461
35988
56221
46172
49
53840
32217
19516
28734
33517
22822
18608
2118
34452
21970
29978
13913
4132
20094
24289
27365
50399
35787
11973
4344
47220
37427
54070
7384
48070
31100
14920
27981
46659
44548
40080
19092
5568
24470
55340
17846
50672
54748
28591
37417
55456
36583
57544
39075
2219
51515
42493
16216
46475
4753
26988
341
2533
44834
3113
14486
20368
21893
42936
21037
57811
27007
10506
48226
3999
36295
33136
16023
37624
20119
32249
12398
1899
33947
51519
23385
10032
4354
5592
44304
26800
542
20586
3408
27507
22728
51435
5415
20198
34159
37454
39427
8791
3698
21060
38245
50502
23524
5595
45664
14576
19641
56677
27198
15313
39414
51475
686
3513
58096
57446
48374
51970
53578
16480
36140
52753
27762
21750
42102
24498
5825
42867
46104
32811
13671
58221
9854
32970
27678
3597
40174
2271
36086
4359
8280
16127
33433
25660
26332
52528
29001
17232
55204
44503
55641
32280
25101
25802
53416
46376
8543
35470
22913
27310
54697
39279
32509
35774
40719
45199
52968
39593
44700
52646
14713
30896
1072
55622
6066
43109
44540
32139
14680
13001
288
45865
52715
56238
57908
26932
12466
28008
984
43967
16652
50029
50773
37824
13398
20106
40911
16868
332
6634
2301
52423
10204
9410
2774
33237
19740
49137
55619
7900
25202
49287
20906
33468
6855
7421
24810
12372
43140
33890
38234
46460
19794
22131
41849
50671
19618
25352
18611
34777
4780
13564
43841
48810
18
33474
19624
15748
27412
50251
5569
9587
41621
24907
47715
19596
971
24785
51182
25102
22530
45485
4508
10461
48345
18884
14615
48851
2382
48027
36555
3753
44887
55668
25072
50683
25709
40218
21409
7173
51364
31206
32063
20410
48574
1572
24311
57156
13961
32085
32198
25407
25315
21279
37452
3394
33978
18115
51518
10491
20000
2581
53181
52862
36210
17665
29281
6518
38319
12509
19797
45272
5407
16747
28344
40152
20048
51169
4216
11082
39892
48537
2844
47589
34150
56488
38363
34192
11932
49395
2636
27565
17184
41493
55294
41114
51961
46747
37279
13994
903
49612
58014
39187
51030
19714
21625
46980
40417
15279
195
16837
29787
9934
34186
9659
21153
14493
6793
52853
41100
32117
13708
17508
55090
57312
33485
48023
45254
22951
39392
55697
4610
21155
19855
618
40770
28972
5120
8553
31335
2092
33198
16054
17746
16762
45575
54628
48123
40107
17615
57434
34614
35906
12182
25810
962
19993
31583
1838
28667
50137
19761
12858
52638
26581
5069
54827
19871
48499
35065
31252
7985
9230
40904
38943
51308
32934
30833
31986
25575
37164
38899
18120
53364
9776
55181
52417
23192
51051
21874
52432
54402
13356
7511
8551
3797
16234
2765
2259
7774
47795
48465
39431
14929
29946
50397
9184
33413
33799
45375
7629
45782
56724
9978
45231
11653
31567
1443
32280
46851
34872
44233
33840
29525
22199
2078
3151
27904
24988
39260
42258
27798
4595
41401
57455
47753
27030
21457
52094
46488
3181
27420
35061
18179
13995
9860
12855
40382
28151
29140
13619
18028
4129
37312
25433
17799
45696
1741
7620
18681
40190
50640
45569
17609
27708
37449
21287
35139
6052
9502
38354
13601
45837
7845
20286
55226
50252
46189
37154
4515
6693
2521
38256
53874
10341
3921
35533
40256
22415
24349
56513
32873
6474
56685
49403
53418
49713
46535
1406
42447
1684
12751
32150
21808
25413
38466
46277
4464
52532
38176
44534
43747
33605
53623
55673
44605
4171
23139
785
21286
17754
11571
40544
34803
42302
29954
8767
34925
27242
9339
56582
23583
21344
50334
38796
23182
45747
29854
27061
24935
17999
21725
682
40841
37546
25067
6084
7810
55837
33639
17990
24320
37288
10243
8939
3244
58110
20153
29163
48189
5758
40428
671
23909
53424
40123
23469
50124
39433
26248
27436
37266
37686
55575
3853
20218
6282
41114
13730
18788
6868
48838
53784
20534
11787
41226
4188
31637
23959
1997
37432
436
32155
14299
51613
20831
20152
42078
591
3382
1966
55158
11261
9073
19847
52934
25835
14500
21160
2888
50008
22750
45486
21801
56278
21189
52121
1501
52006
51113
42357
1646
48652
53359
5527
53848
30724
38386
1851
54199
35943
10124
27407
56975
22164
24592
34636
25912
35908
49746
3626
1607
13400
51028
11247
42194
29894
28066
23889
44371
9630
27296
5747
40973
26484
46902
3464
1999
4696
36091
28091
12881
6251
10523
19632
27918
31067
12261
43778
6161
9068
36594
7873
34540
56093
43964
53336
33652
49110
19995
43089
18739
58047
33966
11018
46397
28441
44796
37332
32972
24817
7314
57723
31641
17917
48737
9389
35080
17078
57676
24228
29690
42410
5219
10330
26617
25753
38411
22743
8788
13102
5112
44889
10428
17027
1327
27808
40611
10952
28496
8862
5949
32939
13547
1878
29667
54513
8738
22224
7771
43410
42165
11821
16305
28711
8124
47143
32650
4902
55393
24916
34016
51751
17036
43039
40521
36428
13692
43540
12852
56847
31643
23097
15415
8255
7676
15890
50410
41429
47556
11137
46986
2143
35343
20858
38884
45769
48090
29180
37576
15548
32170
44905
28850
44035
23329
49456
6979
20210
26955
18174
13279
38401
11989
51228
24305
56314
48197
5724
37936
53335
35560
9313
14537
58163
19821
6684
13041
6371
54035
10670
46429
1569
23071
24225
31459
17751
4934
22721
23595
30125
25961
15686
45692
49033
38515
24874
20285
28458
9125
5594
43680
38895
35965
30310
48362
40168
22574
25256
9647
31754
41926
37707
25180
36050
8836
8991
21853
33226
43250
14343
52774
4874
3857
22958
15628
5585
27778
47803
37021
34945
35605
15256
18135
30776
44011
39778
53747
22782
578
211
49308
51436
31348
9052
37666
28769
49233
41649
32395
53456
7514
39574
53891
39430
43423
5593
52744
4827
42780
32061
9229
12532
35146
14148
6232
21856
3965
29931
37849
5245
5121
19804
16163
36620
4165
40185
43225
44191
4577
32790
36535
19420
50093
22530
1695
22223
42539
34564
24522
49128
31136
31359
38926
48429
40203
4718
55815
51059
17032
1938
44229
22096
9050
36582
22892
43679
27877
58199
41829
47595
33660
13502
1918
47625
8008
47813
22839
28165
42612
48387
51544
45687
12680
9961
38294
45423
55328
842
36647
41673
14213
20523
30014
54117
41766
31362
37735
17550
20141
3477
32804
34959
44885
34795
18237
29406
55415
4422
43218
54957
38074
45444
27838
21577
2768
51820
31121
50114
4777
21846
6661
58174
39253
37476
43315
13232
26648
17596
799
38334
36922
28067
57992
19936
16323
46402
33311
51331
6112
54213
5269
49349
54203
15704
19263
23038
21231
46386
48603
45843
22594
53225
8920
20324
34416
29243
28173
56749
4237
1802
33452
26383
21483
51922
25497
1181
5094
20575
3396
23248
35342
21555
39018
51495
5567
48380
14549
7789
44021
23084
13383
6996
51329
9048
50063
18798
13829
56864
39668
26618
21048
15290
35207
42000
24266
20178
1650
13675
10885
45985
15028
39996
25101
45564
53434
45796
55291
21470
4292
24386
49361
9091
30252
46680
29281
20175
13925
5378
19908
2120
6668
52772
46534
51446
20491
28498
7919
54874
7033
18435
31959
30822
8321
27497
8969
12438
29980
26914
1295
29181
3767
28640
22458
29078
36365
54136
33840
34942
46129
18584
25503
158
6931
27142
55464
51994
51827
41411
688
13072
43901
480
3741
46218
54676
10810
23496
44597
43323
33745
31965
21209
45705
7733
23478
6715
50029
51674
28991
7965
21845
45472
34688
22375
13671
29644
12872
22646
52319
42977
27953
328
27184
2247
2491
10241
1252
16698
21645
45527
2846
26598
27860
58264
16125
56700
30917
49984
6887
55170
7392
29982
52132
57713
36471
48381
26912
42837
47031
39047
25073
4405
7841
57587
19466
8580
20131
20198
12677
47269
15834
35041
22170
21587
34741
47141
53225
8257
42545
14432
23585
7098
39049
19763
53718
12218
38454
55784
50386
12490
31073
4097
29994
11794
24256
32831
8619
46430
54842
30970
44099
2391
1372
22697
45490
46953
31483
55776
712
6410
16794
1974
29738
4355
46004
37261
26949
53585
6271
10414
32714
29164
45733
3717
35268
41221
14712
19547
52907
29815
37316
43425
48345
2091
42368
17385
35493
15201
35825
13827
52145
45087
46397
3
50153
24031
54177
49039
28375
16293
21102
8436
43139
3114
54992
46408
10368
31000
13019
30805
2762
25098
42824
49719
21025
36266
32813
39914
18613
34872
28300
10655
48916
5614
6929
48197
55692
46605
58203
35094
8503
775
17877
19728
49602
50294
56823
145
2717
3041
487
40307
16881
14432
54607
2358
15918
9141
26571
22448
53989
46503
45182
15093
5679
40840
27844
38871
56372
41156
16039
45924
13518
45789
45907
43378
38590
57230
4037
49225
57491
45499
36463
34495
9214
51643
12447
12193
5681
22279
43155
46929
48289
27563
55198
48028
40481
6087
37627
27397
3433
45898
29486
38266
32728
17116
39064
14737
19970
53302
4153
33258
40988
19195
24244
50591
22707
28324
51523
30760
24123
36971
17222
40424
37447
14128
7737
24833
45602
43922
53418
30560
8444
15133
43953
28195
41735
36226
52128
19011
27484
42053
43545
52581
17473
5823
48785
39451
51707
15743
40974
46162
23477
817
19794
36329
17273
21268
3697
21151
28347
49145
50181
43794
5457
46961
50558
37535
38969
2785
42087
47581
57935
8364
19020
35761
21942
21785
57487
18850
29093
8766
30588
55337
14423
1823
8769
14940
244
52512
40340
10346
25489
51873
8773
40663
55898
31528
42708
37846
51031
21871
14752
51513
5712
8475
21113
32774
45130
23630
37402
50189
37294
1481
40831
16022
23264
9033
51496
35544
48650
40541
43222
42278
51635
25325
29356
5741
7369
48170
22334
5456
30852
29652
45808
21927
28001
11771
48289
28223
9918
56136
36644
32025
36654
11080
49457
54357
30533
15381
14635
48427
4205
34126
8177
41175
22629
32882
2389
23703
28615
16898
35950
33844
13379
44413
39992
7698
42118
10748
54549
7512
42653
21821
35622
44093
53835
35662
33181
49962
7286
2671
41621
36541
33128
7598
379
35969
27192
34631
38166
47439
4185
29054
27347
27444
6159
7962
8032
24814
11093
43887
1991
4546
16096
42501
29922
33455
5178
57234
41749
800
17007
874
44695
15141
18040
33631
47507
32865
1729
2319
13435
6307
54410
48428
29196
2387
28607
48972
3550
6579
39316
9830
17052
14000
10600
33371
48116
32219
28119
30264
12941
32160
48669
34418
48980
42037
36991
53970
2754
51946
53122
50713
54225
35392
26422
55771
37736
51919
44297
10313
50540
52429
50218
2447
52162
8966
702
33932
43503
48843
10746
54209
8537
57732
19333
13116
48970
57395
9478
51993
58105
7162
48538
18831
50369
37778
2296
26978
55414
57661
50146
54310
56039
45876
17486
38892
4410
37895
42984
43122
44473
32627
18690
11933
57656
736
23600
57200
21605
21589
53363
14182
20640
14159
24302
35425
8095
34599
27795
22301
19887
30901
23507
30594
1909
18828
6487
3856
23432
52627
33811
48653
40689
666
35607
10553
2810
38539
52788
55171
18142
8191
11109
40366
3744
32773
36899
45217
22783
6425
14488
52994
18492
5039
21857
32641
46855
44952
39133
35205
30682
28301
17569
22750
12176
22313
30309
42683
54481
23588
9699
38921
25242
26189
38615
29767
14399
46300
15963
23905
20221
26804
23175
44722
9843
38074
51362
36636
17871
17388
46073
12359
4358
41137
47391
36105
19994
19674
47287
23736
51152
37774
9800
28773
44463
28167
4475
21952
49608
45917
43360
31541
23091
24898
31287
16511
32200
42589
6417
38799
43149
24569
2430
7778
54024
1936
38168
24445
23016
51745
8114
48697
19742
2814
39378
4023
50932
1523
6902
48624
39404
29202
18676
33930
40743
18852
25131
30351
12346
6815
2572
51473
20136
41046
53466
30938
44241
29161
6830
30301
44716
55809
32740
35535
1174
26009
8923
19393
46240
37234
16507
35411
10178
31989
55104
13345
56601
40375
9433
51868
21076
19900
709
9405
35514
10662
46238
13946
48178
19865
51269
52041
47066
16047
23539
43539
22734
12661
41681
19774
12139
53171
37302
23307
37433
9624
2736
56859
31615
26942
13224
12723
8209
42253
55639
17184
30597
30153
50771
29794
2190
3989
52158
56271
30047
48591
7165
16533
26637
26327
1656
46488
24152
19545
21665
8601
27186
55647
462
12884
28345
56208
30124
41874
49152
8869
25034
51039
54642
26310
30503
32039
12128
3556
1496
50559
6426
19554
7811
20555
43258
17458
37089
15438
26184
47050
24945
50393
56010
40366
44740
50247
23106
50247
26908
54081
32344
20839
16067
54639
53756
21527
392
44010
53908
26075
14656
4379
54923
26740
26473
16094
9838
47841
7545
3871
37280
14671
55381
18351
41764
34672
45110
29267
58074
54833
32071
25537
28244
39755
47033
45110
953
34623
3652
14011
53738
43171
19026
50602
37896
52498
10182
26400
43362
7923
553
54660
10893
17506
36900
31752
27452
28475
2961
7996
31086
48257
54108
51086
44870
17194
17994
4981
57312
11132
53856
4740
27087
35726
17342
40728
18855
8004
24208
55014
44444
55262
33366
25042
5010
39783
25564
57758
19193
1652
3734
54921
13926
48585
34224
8477
20866
13479
52269
39900
38872
45141
8287
9849
42807
47057
57979
57024
28593
23351
40344
46824
30173
48841
7291
49050
37194
55369
5431
16538
36503
55540
5189
38728
26916
12890
57496
14766
45715
19777
48589
55345
43778
48696
56663
9901
56045
28516
49104
54260
1987
47257
4839
3679
27267
14154
53530
21150
6236
17542
27869
45224
5981
57676
21721
29143
29427
26090
38726
18583
10645
25069
21883
1129
45530
32160
57115
53624
49910
42022
34300
23523
13215
4966
5014
56419
41139
11546
24597
42873
6551
30705
21364
8284
43859
15888
30436
27453
1160
49877
56062
41279
14488
47426
44911
34886
5312
52997
53273
32384
37656
28583
10608
32771
513
34362
20755
7922
17133
53309
4202
48782
22904
25080
37985
25462
43364
24282
54569
44221
25303
30448
42165
39444
35323
4333
392
46581
15634
8868
42583
27484
54266
21856
10889
10728
31441
44302
15705
8556
21317
29
13235
46175
45073
32354
10020
47037
25424
8507
17781
13312
25041
36810
51020
51882
6365
38488
1288
29034
49546
11384
32311
13568
6782
13556
58202
15546
10924
31830
37824
22914
19198
9912
19650
14246
49010
53903
7006
17494
16543
33674
53325
32772
16679
173
41557
21282
44234
24051
37986
51628
54233
19258
13369
40605
4506
5660
35456
29957
4188
24117
3765
6789
41421
1389
6916
12013
14292
47766
33896
49768
4653
52161
56202
26228
45651
22963
20499
49721
34681
5859
2126
14945
43474
33692
26298
4777
16845
3630
23932
52456
28029
16324
56149
32302
37144
7862
26891
49080
26841
52967
32815
28924
28369
10455
10155
56239
11578
4866
4454
12338
40822
23458
38709
7287
34461
11953
57404
28191
41103
17972
11120
971
31861
57579
57004
40231
38054
25988
35497
57613
47208
48325
10645
38377
20997
15415
41787
53242
32966
25665
12863
57497
19987
13397
8807
11987
45577
23896
19394
38843
35446
14341
51315
4383
6857
34090
34585
7350
48831
3760
17195
44762
32107
44767
44643
31809
21576
32968
19034
46359
45302
8496
27769
21519
26333
26271
53318
6641
50608
21447
30943
19948
47143
6831
51609
5445
48295
28602
14031
640
30046
50914
5244
14226
41290
44627
1964
12668
16020
40752
17786
53198
16148
45641
7557
25638
2245
38613
11668
11242
23
30668
23873
30625
7911
2459
54797
6503
47546
54018
40930
50976
3483
6862
24953
3852
46712
49312
7815
12488
14480
23476
23164
12587
23109
32490
11542
26940
52396
44879
41025
50420
38532
13092
23970
43485
5185
26360
14044
33976
1997
52447
34959
7525
53584
56704
38593
4277
10679
17531
11427
42978
54893
16693
33631
10759
46880
29568
9087
7026
41076
47592
9753
29199
36374
37806
54178
50938
52375
17992
37750
43328
21902
43949
12548
462
55473
2488
55789
19465
35561
52249
56063
26325
19676
37119
13238
34710
50901
7859
33125
23116
25625
232
34165
5952
11320
52953
44779
26379
52707
13415
31620
53974
38247
4859
6222
12016
27329
1877
52077
51167
39185
6007
45410
45389
28252
48881
56164
33253
15740
27290
48920
45183
31339
35040
29716
24226
19030
32783
55451
51929
46582
25279
14587
50461
51298
45156
35727
2123
29486
57695
8037
44594
56794
27946
27650
32163
19169
46500
21459
45653
51930
41263
43696
15217
19406
18050
42017
674
55172
7334
25494
34647
40161
49255
2593
17854
20676
14891
17648
38565
19086
22119
20621
1973
7595
33278
21966
56138
52213
4617
692
14217
22633
21595
22975
57446
46401
5716
18143
35348
23777
13094
47029
53604
11156
34066
51745
33576
7995
2848
44809
14965
3322
39919
15403
30104
17016
25277
21331
21533
33997
55207
51310
48679
41974
6664
54225
54166
12933
47463
42433
14969
27717
38589
3687
54740
46502
52250
44878
44523
5987
50956
14248
22353
11589
32388
27603
43083
35650
4897
55701
37640
44307
43737
25342
51851
50514
41038
56961
2727
41000
21816
45574
31326
53183
51753
24432
35696
13869
55249
36581
2062
32659
18571
16990
6635
50193
55673
53213
28118
57825
8001
45746
46834
995
41495
26613
23662
665
34168
44770
55343
9989
38952
20668
45673
38260
46088
25428
54760
5353
44024
14953
46191
23982
48446
41247
16788
4359
1079
11913
46363
40177
43527
4651
11880
51629
24745
11111
20997
25926
19600
2545
9980
9187
14773
12904
7453
33024
54684
5404
32732
8919
56197
47309
55973
31773
9849
8326
32487
49935
34162
6084
30059
19308
2093
48854
25520
46407
41683
42277
18430
49375
30350
52226
40053
55529
25228
33978
13694
55315
30294
3661
13703
54507
35999
18718
36072
57380
3808
28550
33917
10225
31727
36146
53114
40859
40886
8564
49850
26174
49530
46021
23284
28063
50258
4850
46507
6661
43086
20175
54760
12880
3874
53712
51228
28214
31783
19631
10571
40268
13667
39460
37345
35231
21888
41142
41653
19470
23529
17706
49022
43874
9787
4817
44771
2338
58164
57454
3794
3159
41571
33434
28501
50610
37259
43300
50067
5167
13419
52132
1900
45220
45994
14627
11576
2987
18001
14638
45461
50697
25898
41361
14466
55906
31206
43045
40523
39724
31517
11299
23614
3122
35205
50919
40950
38947
12296
41772
29919
57595
54885
690
34941
8428
36343
12859
52263
34210
52370
21455
51401
9926
10478
42674
44759
17378
43223
34740
13507
56286
32490
7613
26465
55821
43778
50051
34150
44137
8028
12921
45676
22410
18876
48602
50305
44571
8628
22164
31635
53235
37820
15456
22740
22291
11759
23373
52843
6534
12333
36533
1665
29851
34781
37307
7181
34806
34929
34312
42115
11265
49825
36935
1919
13758
22399
3955
19433
27682
9107
46637
51402
51163
7426
23029
38342
37761
31233
9669
37112
55678
2985
39856
20448
36048
25112
56958
52144
1033
57972
29426
55693
10308
55768
22699
25423
18999
39212
4781
3792
54887
20492
56923
41881
19632
20256
21284
33537
49272
56975
17557
35850
3841
45706
33779
24073
30279
51756
4510
20552
22047
24344
4752
13900
32427
17236
55068
32018
15745
9813
58101
37244
5768
14261
4575
28448
19012
12313
41726
15705
11682
20835
2880
21601
23306
6037
17310
35171
12997
35422
29328
12691
5979
9955
52905
14329
28053
40436
27669
42798
10453
57548
31656
9081
52042
56623
31800
17939
32172
57408
44200
27363
32495
32169
53986
20911
18247
42127
40927
19519
33473
20791
21240
42766
18003
44401
55633
14964
45359
57477
9513
13547
54229
14457
57415
46932
54941
11763
21914
42161
29574
22144
10371
17709
31640
53047
14015
4031
31752
31182
42848
8351
40449
50106
6298
52241
17582
37010
44437
135
58267
32276
57745
57650
11892
56198
19008
38414
38779
39195
2508
34030
52417
36398
28681
14613
48405
55309
16493
21123
27288
40668
11955
5005
18314
49936
45
31189
23104
53648
55587
35893
15670
33077
56744
46514
17081
30590
47357
6345
43426
17893
47144
44885
8218
30113
17201
47214
16222
31821
52852
33122
6299
11774
55739
4842
9566
11764
32014
3860
57347
24213
27924
52686
11664
11114
1025
19744
1735
4253
49203
7865
57096
22420
7002
51215
22713
4125
46864
154
561
56696
26358
11122
44761
3891
4317
40644
42509
21138
29714
11922
22463
16884
39060
55862
5485
34875
13157
38558
39223
35211
27710
842
49986
55941
31310
28324
24727
36806
56291
23976
10151
37084
10309
49507
22013
54002
50144
2509
11393
44110
19135
54164
18471
56040
7329
34054
5867
14432
27986
48518
30053
34931
23475
45257
30380
28473
55493
5983
57531
39452
3798
12767
29000
52331
23920
27355
26296
46017
16601
17551
1076
34870
39890
32411
46721
7263
18362
19209
25667
17566
47642
35479
4745
26910
8365
24784
13310
37637
9892
28273
35703
24210
42655
56614
16039
7253
45635
37048
32722
37329
4145
476
32518
52590
20700
52185
26532
30125
26314
13456
8488
36364
24749
14204
26612
45969
8394
32099
12661
26784
40751
25596
7623
6698
44535
30986
10133
10547
25663
8271
13256
46738
17677
18430
37553
6914
10900
39047
21394
2092
54188
22871
24480
41096
7253
53294
50850
22868
34992
40773
52840
29683
46890
58123
47859
49113
17557
17970
25938
4094
38902
35228
31453
56989
21263
55384
29226
57037
28873
56928
25077
43020
31965
34055
46054
14540
46517
34772
12696
32850
18480
9979
10069
25833
16033
4188
29108
17478
57682
42285
4183
48088
35244
51416
56714
54502
43713
46911
44687
13052
24842
33516
33833
18030
48603
20801
20336
9661
26441
46372
39473
56377
44607
38129
53181
2792
52864
31338
54568
31941
2938
50222
30668
41473
55836
23621
20174
19618
29244
57117
38579
1714
55199
11997
37069
56831
26973
36948
14639
47314
42181
15330
39514
21494
14666
18861
15504
43272
2203
16884
25977
19649
1312
32999
41911
10730
33028
10894
2092
30583
46640
37953
36824
15705
29416
24829
52921
40791
5232
13611
25318
39469
11423
10730
36363
42478
7709
37139
19794
51175
48630
20855
49885
37536
39074
56152
47934
12082
9216
10642
28259
42088
2572
43026
37730
6310
42138
45031
49005
3441
10490
7160
37651
46927
50304
11076
30418
27395
36768
9426
31581
13255
37053
21056
11353
18942
20351
29539
15972
8487
3741
5533
23659
561
5059
27675
49143
36814
3647
4914
38478
55629
31573
19305
44881
38579
10907
48525
6256
49596
