8106
5604
22756
27066
21182
13033
13848
24175
19035
3360
21711
21101
7018
25817
7446
4832
25317
5953
16489
6362
5599
28891
6978
20419
10894
19327
11910
15997
1121
20904
23831
4045
5086
6147
12562
1708
24640
2076
5858
26396
10913
20803
16872
12153
18334
24328
2211
12129
7782
2556
6134
20876
912
25439
16375
28672
22202
5876
4025
1473
13422
6745
25446
6994
5043
894
9811
10006
19194
18291
14610
9000
6159
27496
24
4768
4406
16639
8952
10723
12445
12183
16149
21191
21806
6428
3833
21028
27672
21747
1005
14512
18202
2440
21051
13231
28661
23443
203
12044
25394
458
11336
5870
19271
3007
26509
13392
25442
17206
24651
21001
4015
15881
17189
15992
21028
19843
25707
17234
3594
5204
7314
188
22777
14192
10658
10806
9233
3686
2129
18678
21299
23869
4867
14294
4400
12156
20612
3729
27887
7783
28208
6832
13054
28544
20477
11024
13130
17729
18458
18330
15531
10545
7921
26225
10797
10123
8698
13446
25265
3397
16899
8138
24437
18260
25430
11332
13921
4140
7079
19721
1586
13831
10097
27414
28145
12180
6731
678
23476
4659
18554
12889
1959
297
17855
19008
18234
1659
20160
4074
8738
20085
6795
14911
8719
905
21233
22374
15338
17051
9530
24586
15456
1087
28708
16865
12705
22928
21798
4154
25601
15057
1277
15526
27551
13546
23265
21356
27694
4419
26305
15779
23968
27628
12103
26803
2575
23092
15103
18249
19036
14521
13564
14596
9920
25977
16575
9239
21907
15669
7451
15122
7306
460
19910
11998
28366
17136
22341
6083
8135
26613
187
23239
2701
22574
25852
12811
19197
28373
16389
14946
19408
6662
27797
3320
13874
9530
20529
15140
25526
15546
2383
6810
27360
21084
10735
16005
15403
7854
10040
15776
629
22403
683
2967
829
5577
9623
9336
13040
14789
11723
6178
21982
13204
3764
10183
23736
4690
25563
16694
21497
12230
1733
16091
12155
648
27042
12096
20835
15552
6316
5614
17867
16532
10000
6920
59
24173
23049
24760
24583
20216
8813
3705
9807
25428
24331
20584
21230
2876
8388
24829
1100
21198
1659
9955
995
10318
14838
1037
9777
18262
18864
3540
19978
6323
17567
18041
23869
15320
12484
14565
6474
23939
18106
9379
6389
9018
8464
19423
17633
27543
4062
2621
13386
20442
28725
19892
17382
13541
1205
19257
21329
25559
8332
6749
13646
4722
11940
20670
21231
5383
16990
3369
572
23006
14858
19136
22606
644
6223
1237
8828
14639
21680
581
4780
21834
26395
24170
24966
15430
4679
6447
911
23735
15375
2592
16171
7694
24513
28641
25139
21976
24947
15614
19805
3840
3218
19107
11961
16468
24897
20983
26269
15909
4766
22283
4315
10616
15924
4825
2059
26660
2105
6744
5217
15990
26609
19371
13178
7041
15140
7919
25833
26468
10029
20005
22944
148
12626
25749
18575
1103
21947
27056
15591
602
792
15863
12176
28196
23687
18880
10427
17565
9094
24449
24818
10893
28759
21771
16960
9520
27057
25210
21846
5780
27191
2635
21708
24466
22360
6769
28483
9278
7584
18008
26582
27092
20617
15366
2557
24237
9063
16764
7510
19038
3721
23854
4494
7354
19391
16183
20614
10586
8384
2396
3391
15878
19141
16146
4003
2846
12953
26693
21232
4739
8404
17789
22941
11640
5280
15881
12599
26909
24497
14103
16081
4781
2677
21171
13373
22696
18339
27907
3923
8313
2391
14731
28816
7937
3700
18986
25768
14472
13598
27596
5586
26229
14205
1109
1157
25754
1754
25529
22477
456
3364
1091
18876
4406
4591
12543
394
3612
3980
12223
7454
4192
6639
19810
4135
24077
25802
2621
606
14521
23772
10681
6151
24312
12700
17583
7396
6834
25507
10242
28696
24291
19786
11304
8504
22641
1419
14988
15062
13914
27327
16795
17048
7030
22551
2781
20977
15668
956
14170
2682
3863
25207
24928
27451
20410
9624
26869
3112
9857
7526
4975
14596
13058
28742
27456
18862
682
1488
7191
28007
28302
28672
8268
1348
18951
15068
25732
8888
14521
7923
12761
15787
19022
847
2607
16305
2407
8502
1994
28528
27139
12270
8054
26473
26664
13544
8481
17010
13376
24484
22152
5432
13577
19694
23070
8648
24565
7762
16514
23523
10554
15461
2486
13652
5858
21301
4651
8482
18887
4078
24544
29022
25954
2720
1790
13168
5219
913
19547
20954
24164
17602
23037
23032
8973
15298
4724
22938
23783
9455
14508
13081
25343
28876
981
15508
3858
4156
10166
27647
3482
24314
2069
27799
6584
23005
6901
4303
28563
19320
3705
28237
13109
17218
15717
4173
20396
26478
25046
22992
2012
7834
28850
26944
18398
22079
4220
21775
2206
16034
28042
24054
22979
18281
18237
17039
23904
5123
2898
12022
9701
19006
18230
13647
5702
19510
6201
19485
16653
4336
28211
14425
14388
11925
3304
12443
28493
3588
12086
8865
4724
14663
22426
19347
22095
13318
5671
24002
18793
6220
9127
20944
28827
22383
20934
2009
26572
22967
21484
1035
21641
1849
17343
5456
11982
6847
7677
21161
10047
21426
9131
5779
8292
22347
16892
15487
1336
8548
5736
5294
4250
21535
3990
26782
11148
2454
12881
875
19790
19972
5847
13241
7359
24149
3723
14446
891
10513
2190
7998
14417
18334
6009
2939
27198
14596
21574
18888
13628
19502
9366
1442
11431
28902
20258
21531
4566
10520
9154
21181
12530
27409
23571
4697
2074
15045
24695
16517
13292
6814
20122
23380
20525
2701
3925
18236
3757
20231
24231
18825
26293
12947
18158
14370
13529
26424
7234
23101
21076
1026
19073
28272
10408
15492
12696
28076
12748
137
27241
9054
20734
27806
6544
26215
14002
10497
17655
1458
23826
20504
1852
17847
19385
17535
25421
28360
6844
3561
12394
13395
27676
28764
16983
15763
2550
14
944
15046
23027
12129
25027
8331
15588
23479
19664
3562
20373
5885
10628
22318
13391
1210
25364
3204
28402
13695
17614
7564
9380
10859
7592
9695
28949
25817
5067
22392
26572
4511
18485
28973
16797
17529
5235
3511
14048
10944
28529
15433
5921
13924
25337
1389
26832
29057
28650
15423
8624
18585
22120
1663
26014
14327
19057
14626
20901
6456
26862
22578
27424
27200
15950
3998
11911
8090
13200
25845
13411
24658
536
10448
24251
13733
17337
15636
26141
11025
21798
18657
17472
7961
15619
24807
25083
16424
14453
6106
13230
7828
17612
425
17268
8677
12740
25774
13492
27820
28337
600
2491
5887
26600
11165
28761
24703
14842
13724
16577
25365
13730
27860
28473
224
6282
19698
13559
27253
15081
10598
24264
17532
20088
13796
15137
5565
1168
25905
20958
4466
1527
12601
19505
15913
10461
25312
20727
16567
3504
7636
27083
19604
13402
27383
6440
1471
21013
9276
14541
27657
8996
5490
23491
25019
8904
11248
12616
11356
19409
18266
23992
12352
24058
26421
16040
771
9549
2926
7575
12054
28138
24392
25821
14045
3057
303
26420
3475
10089
12645
6380
26514
10057
9019
25081
14675
16164
3812
20250
18483
58
14520
8901
16385
14189
7638
28529
26576
19603
3341
21156
17290
5688
15554
19812
9187
3972
22149
4251
3207
27984
18706
17163
11949
3829
22457
12502
7172
27713
21740
7865
25066
18186
22430
3930
13747
23116
23736
21401
11628
4510
12333
15626
13579
17250
19010
23836
4501
16376
5008
15658
15181
21669
11396
2250
27770
8204
23774
6978
16795
34
13257
2210
2057
23411
15672
19240
1349
11164
9059
12011
17636
27230
26731
24184
4187
17060
12821
25808
16856
25486
28950
2473
23924
19795
7456
8002
10073
28014
26867
1803
17983
25621
1806
3256
5843
16085
24869
15309
26560
771
23191
15331
18340
27583
21641
3530
4838
25154
10213
20661
12582
8428
21610
12191
4555
477
5917
13486
20020
10613
28248
8849
2578
18456
27513
9044
24305
11219
10596
21107
3350
11325
4813
5499
22446
7196
7175
3216
26451
5557
7489
28776
448
14386
15868
13246
17472
26390
16938
8270
17301
27409
6737
11218
25952
15145
6408
27796
16278
22843
16162
10318
4162
2293
2512
3120
512
8033
27018
4017
29096
5737
19943
13120
19758
6116
26510
5781
16584
27200
24377
28935
8148
24859
13665
16342
29039
10596
12871
10614
16055
22763
18940
14401
28208
20130
20593
5205
27110
21941
19679
11935
17915
17914
9844
21736
1438
1557
19240
19175
10812
24010
19402
28101
10454
16085
22609
19941
9957
17904
24042
9723
11232
23388
1932
1234
4469
15291
15960
27896
22268
17028
9354
12306
29010
20928
21537
23380
22026
16313
16447
20808
2632
12195
3284
19399
5840
26418
9782
28179
23248
26939
20975
11174
23124
17662
19895
23405
24024
11266
9490
26795
7794
12260
28876
9629
5347
28194
27513
6913
24395
4931
24533
17532
15960
1198
27560
1417
20790
732
11776
14286
10628
7430
23580
27741
7149
5994
27365
17040
9565
8697
8294
16360
15639
4157
20627
16932
5064
5346
27194
18767
13398
17481
1819
13033
26441
5345
14664
24678
3279
5563
21396
2010
12601
24088
18193
8018
15011
27108
9233
12536
21108
14610
4657
8280
11326
7761
22384
26218
25006
2799
28660
25350
19291
202
24232
12945
5565
15207
20576
14302
11779
27190
14760
13629
16928
19860
16496
14343
4870
23714
2873
6429
4086
4331
14468
22046
1507
20781
23182
17897
17454
17838
3947
22608
5883
508
7816
18907
17
25873
7406
2554
4154
12192
29131
25287
22493
15793
23696
625
7133
20164
7222
1750
2382
20630
4257
3251
2327
22230
26003
5930
7402
23638
1643
2500
28116
14784
3469
15358
5511
25324
2724
22058
1658
19836
28165
15080
5444
2772
19684
13103
24041
16186
587
13180
27717
16159
13346
4576
28030
26368
11636
24536
27754
26034
27141
16955
21880
25595
14435
12254
3736
8840
14527
7990
9441
6338
25862
1879
12791
18942
6310
25693
1576
23369
25148
4343
6941
7896
23618
22645
17549
1599
14082
24893
26300
13955
24184
17642
17849
1525
15201
20292
8083
4204
9233
20057
2460
29099
4031
26794
5399
23049
23744
1305
21734
20706
14188
28614
16204
14628
15569
17939
14168
135
18485
9363
9263
7896
28489
13092
27667
5694
12271
22088
3646
27697
29100
20232
15376
17381
9174
904
15311
13302
5632
17620
16925
19838
18450
17179
15285
4939
14266
9706
8427
11156
7061
1731
3276
13950
6917
3832
25131
11293
26032
3319
28796
12390
6545
18282
21375
12203
23261
24453
24561
15055
27787
10274
2198
14158
7328
6646
2662
5270
28798
22219
18
3641
19936
5391
13148
8443
17307
2743
11594
2724
2649
28262
7814
28664
16640
6961
7035
22881
1622
20333
14830
1192
15742
24702
14389
27173
20628
9557
12522
21854
27952
20692
18401
1402
16136
3284
14394
3136
6460
13794
17658
28160
24249
12110
3834
18970
1356
17316
13500
295
721
17552
4665
28125
4749
6799
17843
15887
8098
19363
184
19703
20564
473
12225
6533
4522
11074
8839
11777
25931
7734
6534
2854
8142
5468
12492
10635
24464
3615
13108
16559
9733
14716
16205
21591
29002
3414
3533
22139
10339
13651
28101
1073
24629
2598
24360
11386
22330
492
5841
5257
19926
14189
26881
2869
3463
17147
2514
22284
24315
19331
5740
17680
26028
13550
21091
85
4914
17411
12121
21156
20567
1704
17067
17683
28306
4658
22959
14872
2484
11139
19131
14891
24737
18802
12694
15084
24141
2688
4181
438
20105
2801
28004
19371
12102
4635
8252
8015
17560
7579
21984
20490
2162
29120
17539
7980
10562
6282
3795
4622
12199
5868
20930
14484
2956
24772
12236
25220
908
27391
13645
14661
307
17538
1222
23390
3599
22517
16757
22637
3380
14136
18289
25228
27984
10377
27540
20755
5343
9589
15434
15629
11978
6256
7197
12934
15702
20025
16261
10560
19617
16392
28758
12904
16844
16
7331
420
24367
7647
26900
16075
6884
16793
24494
16318
18115
17579
27110
17207
24149
21835
16632
25673
4616
1817
22449
11426
20853
25923
2079
24010
2806
18369
10309
14184
24737
17448
8792
3624
16161
13132
14504
22180
1668
9395
2416
6890
27473
7797
8799
14259
18462
25246
25251
8916
26998
2359
14406
7579
16274
8892
11295
7004
2099
13429
2209
7156
28152
24660
13105
20673
10148
17006
12368
21752
13266
17828
25003
10227
19581
18539
15689
26510
15631
16265
28006
18194
11441
3950
20256
12740
3347
7539
16007
10954
13896
22462
130
20153
5888
8142
11938
15779
27128
8085
28439
24833
18462
2769
4088
17031
5200
9786
19053
9705
26789
9815
14397
24739
18565
12365
14432
26736
8078
1595
7021
1465
12276
13194
2229
28504
1576
14828
706
20721
2743
22067
4160
2348
14693
7345
28706
21968
17677
19443
13438
7187
24170
17846
5483
21665
24415
4304
23976
14905
10743
17904
16784
25787
23163
17457
5288
12322
12493
28625
4203
11558
25978
12614
19432
2048
13889
9722
10366
10996
17043
2184
29031
15056
8073
7355
3362
13745
28626
23220
1664
27784
24236
19373
25296
16458
3948
8695
13165
10628
15331
4325
279
17011
20585
19751
7990
15558
6958
23092
5711
11169
28200
9345
22325
15474
8246
23012
14491
16017
11162
20354
4586
2708
18377
25005
18982
19113
5015
23144
25156
24850
9184
23762
22133
240
27306
15615
22935
16524
2231
4132
1891
19133
22883
24196
23668
27640
5596
7250
1145
4624
2450
9634
16065
10417
26366
2262
16691
20205
5616
9768
17743
10122
1830
22744
8765
3720
228
20390
18617
20038
1249
16558
9747
977
14475
21523
25959
1027
11203
3944
16300
12449
10103
517
21679
9853
16614
1323
8056
3571
23298
24180
17951
1990
10221
18313
23429
15639
6271
1588
19074
7665
18645
20231
22598
566
624
25479
13462
8254
19973
3195
20761
16769
24461
11224
9018
3807
13843
16248
25404
22487
28200
991
19625
8072
18508
13824
28232
14496
21240
7654
27858
13598
27918
2117
21806
25323
21062
4807
18544
22983
1364
27825
7628
5323
10874
6606
13218
18531
10578
2784
11152
15430
6702
6764
27268
20389
25352
27700
5101
25027
5326
25150
3301
8175
24896
3295
26077
19262
11150
21281
21944
8014
4712
28699
5127
19224
26311
13926
17003
25037
15544
26863
2130
22420
20823
16380
27747
18529
9848
16379
3927
12971
14301
25999
11910
10124
24468
24626
6673
13582
7720
9342
1276
6350
15781
20034
7582
8129
26810
10862
17566
19429
