34
12
1086
35379
1152
12
84
8
856
205
46
50
368
78
231
674
432
51
18
1176
2220
414
3
486
1536
312
156
7
31
192
144
13
162
40
815
116
150
144
192
2932
72
81
288
3456
216
432
60768
45
54
70
711
384
96
7
51
78
126
16
144
4
12886
1536
3
36
0
20
318
576
729
1152
0
14
164
20
288
198
320
728
30
96
5
6
6144
4
100
14652
238
156
177
946
72
144
608
1
304
10280
5664
3268
17040
984
36
288
752
33
8
111
162
4
15
16
62
2202
41
72
416
20088
26560
405
112
117
18816
976
6
184
16
114
152
41472
6144
16
124
200
1296
96
4
12
1089
4
3456
13012
96
8640
2666
66
72
364
1
4160
55
1728
48
40
1432
30
220
319716
72
576
88
832
432
1430
111
5
144
1152
364
4384
12
4
12
432
66
2592
9
572
66
143
1488
1032
864
742
58
128
1288
404
290
0
98
181
1156
768
1
1692
30
24
336
0
20
1536
2736
4
18
50
72
748
1392
48
370
480
14
258
684
638
144
288
1
320
1599
351
1416
708
1728
192
384
1
188
66
221
124
37276
832
2452
8
24
464
348
3696
324
24
234
36224
1392
16
88
4494
20
1128
35748
1854
237384
184
354
51
414
432
0
1650
2304
768
2404
288
674
26
78
408
8536
528
728
150
3060
2
120
264
15552
18242
132
288
2976
2856
13
12
138
176
192
6
1536
855
32
24
32
1
356
192
16
432
6912
0
326
12
6002
48
288
36
16
5
0
180
4978
32
864
3774
750
91
270
38
1
18
64
3628
496
14
18
49
384
166
72
11488
576
24
192
5976
336
576
512
168
128
8724
5568
3976
2240
3264
1182
46
290
56484
1112
4494
120
144
99
26628
4
21
864
18
122
57
92
258
54
134
968
64
3
68
128
8
1524
432
52
2932
7
12
8334
3184
0
27
177
12
370
59
4
48
288
6
36
136
0
144
648
224
36
324
68
12
24008
96
2502
80
3
45
16
12
80
4
4224
12
80
1488
2
415
636
24
88
112
61
2
48
72
432
71
12
16
36
54
1296
16
24
696
76
8
5896
384
32
64
132
8436
928
5
294
4
46
360
217
66
12726
63
16
1472
576
24
7470
13
46
268
0
288
8816
1117
90
262
594
270
16
1046
68
8
208
9
24
188
1392
7
180
24
135
104
5
36
0
232
72
72
576
1
64
3488
52
18
4368
1472
1
45
72
76
71
854
6
128
20
881
96
144
144
252
5432
108
2221
624
68
192
18
16
2592
216
3012
192
9453
96
5184
26
504
234
90
612
118
256
1024
88
208
72
288
278
40
4
528
696
135
432
6
296
5066
48
446
12
1536
992
8292
84
0
2
17292
56
18706
224
38
2
6642
52
5
92608
544
48
38
12
244
32
768
172
288
48
0
16
1390
192
1416
36
148
384
27
90
37
32
36
6594
82
66
432
32
270
110
1728
1136
614
2870
264
106
192
996
19
85
188
1
66
100
192
36
1344
542
288
134
0
2
51
5016
32
9046
1512
6
176
58
1152
511
1548
152
1200
1328
96
30
185
384
976
112
112
32
55
432
37
5
752
2982
120
768
3054
20
4
624
2520
18
4608
178
576
1728
256
78
864
84
1416
1041
642
4512
28
135
16
28
72
79128
106
92448
34
58
288
198
1525
3072
1
68
235
88
2136
48
18
354
66
504
648
938
8
32
6
1252
152
84
24
96
352
32
39
192
8
1024
432
80
0
52
16
0
248
54592
2
96
74
288
2
12
53568
192
80
12
72
267
0
18
6912
561
690
108
108
207
4
6588
0
384
310
40
183376
768
78
36
614
136
64
1152
144
315
172
288
384
58
396
576
5
26
576
24
96
4608
638
20
78
48
84
167
32
132
64
372
36
252
11
450
126
608
42
625
86
46
354
40
9909
132
0
1020
832
48
312
162
3
162
2304
576
588
48
230
4248
16
26803
24
6
12
1536
202
32
456
22
144
16
192
51624
11
384
95
96
1572
114
96
180
213
4
2712
224
6
32
48
300
156
96
142
324
172
114
518
192
1024
300
512
428
40
192
1
176
40
3
114
24
745
176
236
92
120
1356
70
112
1376
2095
12
97
192
64
377
974
64
1659
990
21120
757
288
9132
2
104
12018
1
152
64
8
510
1654
168
8
108
24
1062
8
128
2548
88
4981
516
12
1942
100
133
408
84
780
392
3459
84
720
576
6
1389
140
256
150
1152
408
624
18072
208
4
1152
36
26
340
108
266
192
330
128
56
256
288
362
384
7
6
6
144
144
1128
54
4
43
2226
0
113
308
8
144
288
256
1536
48
1286
618
2
6096
2502
1332
2304
8
63
14
2304
32
10
90
224
188
13
1152
718
2304
274
1669
2004
668
216
26
16
42
17488
72
0
1492
2466
27
69
822
10
118
272
114
696
192
714
384
116
54
360
488
172
9266
32
2
768
138
2856
28
728
324
24096
72
36
24
360
2304
16
1072
3378
88
1092
3228
15
36
1980
5
2672
3131
2
336
96
138
99
176
8
15
96
96
342
96
12
2681
51
10
72
576
865
6
116
384
40
216
18
108
10
48
288
1
20
218
504
14
44
66
25
11908
50
280
576
2
60
1152
12
168
16
144
1416
1436
560
64
20
32
1680
0
42
4
432
96
1466
18
6
7
13256
258
99
3162
717
20
454
4
352
456
29
192
144
798
192
8
4
368
3
66
396
24
1152
269
2
524
216
192
15
1011
76
32
1944
188
89
156
56
30
64
1536
892
52
356
52
1106
120
12743
40
216
20
128
150
44
704
458
596
81
62208
46
104
384
192
70
13
32
3148
24
490
64
74
152
864
12
236
51
244
156
16
0
370
37
3188
6
1152
2304
152
104
192
123
98
34
168
7
135
0
2172
96
2
64
396
20736
108
0
122
124
82
187
656
504
128
13
384
272
228
48
48
336
120
602
64
2088
432
4224
2400
9
16
216
1413
4
24
12
312
176
76
16
18708
58
126
80
1440
312
834
1976
88
366
108
1248
432
84
28
192
149
576
384
1152
16
12
6
142
354
1590
136
32
148
6132
384
88
1
6
48
38
1440
0
972
20
384
56
13488
216
736
3688
288
48
18
87
1668
576
55
32
54
64
576
2304
720
128
72
157
96
1110
74
4205
684
320
52
252
32
144
114
216
56
216
24
24
216
4
240
48
211
12
4260
943
2144
1
1152
6
112
110
21
256
177
2
36
96
936
48
1629
288
2154
108
8744
1416
576
124416
1456
8
44
232
800
276
432
92
4
12
40009
42
276
144
81
6
249
4
2
288
480
168
252
918
1256
288
48
12
240
349
30
2752
28
21
204
400
3456
149
984
432
532
294
68
19
840
1142
228
88
92
7
1161
402
212
80
192
48
14
216
720
716
2112
96
90
4608
46
372
1066
400
36
19980
96
432
24
82
64
680
762
5
136
158
4
3456
464
1728
296
147
40
1504
2080
682
192
48
170
164
3020
80
446
2
966
520
172
48
60
1484
24
48
4336
49
1896
144
1728
324
24
48
1032
69
468
474
324
12552
24
3456
78
31104
108
500
408
48
624
164
79
12
1152
225
1
43
216
144
234
1
192
18432
37
20
36
12
492
130
40
165
526
72
20
43
28
814
265
344
48
54
156
4608
138
664
40
0
272
432
1152
83
158
15
537
134
0
0
176
54
96
4
8
96
216
48
336
136
4308
88
89
112
268
1152
864
2214
768
81
46
78
1466
62
2139
10
592
534
8
156
112
1
3
576
1702
0
1
576
320
72
4562
27
552
32
192
496
6005
288
9360
64
33
2194
318
192
436
556
352
4352
56
160
101
7
388
1728
420
48
1944
67
192
112
250
30
12
322
1568
864
872
16
144
96
396
180
2592
1200
288
180
1060
4
9
48
288
1532
12
14
24
258
22
20
8
8640
7872
425
108
100
14
120
12
192
96
12
40
4
260
2304
144
42
576
324
6
836
156
232
138
396
2856
4608
12
144
432
4
24
56
12
162
88
6
335
1
126
96
126
526
2304
840
20
576
288
18
48
60
2
768
5236
72
162
0
48
20
32
27
96
135
4230
24
104
144
32
32
96
708
192
16
36
864
11
7
160
705
234
8
144
96
4
530
1080
840
12
1458
72
1488
1448
288
96
778
7
192
369
6
228
64
5154
520
264
180
288
54
36
864
204
58
864
42
204
1704
62
12
72
1920
144
2818
1584
560
3072
224
72
96
16
84
26
2220
13
338
864
78
3
120
3952
1277
170
2688
32
144
1
2064
12
696
611
2
852
320
80
1595
182
126
102
5
12256
472
3
12
256
288
49
160
8
4
112
720
48
1672
387
183
12
48
314
4
16
5536
3
24
168
44
26
1728
30
162
96
96
72
390
18
5
48
1152
1404
148
16
34
36
4608
128
1056
688
888
133
744
10
14
1728
0
444
3456
480
165
96
122
72
84
432
4
1
20
14
26
1431
396
257
10
864
432
656
192
32
28
12
181
384
9756
7
75
138
470
16
64
20
10
80
702
16
384
6
108
57
864
1036
72
747
101
44
71
13824
216
74
16
5376
912
864
66
128
72
356
93
54
21
48
10
183
2
144
34
6696
14
12
5184
3172
732
16
30
288
186
52
4608
1032
36
4424
18300
465
24
24
24
5712
3496
58
9216
72
8
36
8016
1072
88
7
122
7920
27648
288
27
60
164
166
412
44
122
6
12
224
11
64
70
192
384
273
12
3
34
550
100
390
4
96
7
4328
142
213
483
192
164
46
2244
12
1476
84
12
448
20
14
4
432
176
32
103
144
185
698
7
38
38
32
24
864
388
48
4256
127776
66
19
12544
308
2
616
4588
115
84
4
86
40
44
16
144
960
66
6912
0
684
192
19
378
864
4428
106
22
15
112
36
1632
576
120
1416
288
0
4
244
174
96
764
52
912
417
1728
66
108
1002
10
296
33
1935
276
4482
22
24
768
492
1380
96
29
153
2103
31
952
24
2304
10
64
12
12
36
86
954
1536
1018
3904
246
13
288
360
18
36
48
482
21
768
512
240
1504
27
132
568
184
288
80
576
204
4
265
186
623
248
834
136
9
258
18
42
96
36
4
96
63
12
2021
24
36
336
360
552
316
68
9909
72
720
72
96
1
40
7
106
216
72
128
2178
12
147
296
10
5
464
36
968
72
26
127
1704
768
5
87
320
16
7
269
106
144
64
144
42
116
20
86
92
288
72
6
1704
1856
104
72
1999
568
108
1120
432
2
4
576
768
776
672
1536
660
12
576
72
114
272
56
107
40
17556
411
60
52
240
18
72
384
168
220
480
144
528
5156
6727
8208
368
2580
80
90
864
9216
2
41
46
90
2
26928
12
24
148
48
144
8
924
356
2832
32
108
26
74
20
48
20
120
48
16
256
1152
5516
96
106
1332
192
1516
96
3216
11
2400
4438
2688
1152
192
576
24
128
38
64
144
1728
54
4214
62
576
56
128
6
148
2
1232
288
8
232
2577
2378
60
9456
192
4176
536
96
432
448
198
171
24
16
1072
477
119
16
548
21
38430
32
144
120
0
144
32
18
336
1040
372
576
192
122
518
12
576
24
12
24
180
40
36
884
93
42
72
16
19
49
360
4160
20
2304
1152
384
64
281
36
46
11248
36
6706
0
3528
20
105
450
28
10
1220
152
23
5184
1152
1232
114
12
278
730
64
32
120
176
72
72
504
13
19926
128
1140
152
14808
1527
4
180
460
3216
40
52
324
144
115
420
56
105
54
20
544
2
38
384
72
288
2304
3656
60
66
2154
4858
864
464
6
384
208
12
48
64
128
18
2
48
48
18072
1388
384
924
108
192
72
24512
20
384
12
24
2304
1054
512
4
792
24
142
163
136
5792
3392
3048
4
386
288
576
66
644
16
496
104
3024
348
16
98
3840
16
170
23
336
1728
104
45
324
216
46
8
504
1432
38
62
1728
282
192
192
18
89
127
1
8384
23
15
744
80382
5
22
39
36
99
21
64
48
720
40
198
745
15864
3416
25590
1088
3
1397
96
3216
464
3216
864
24
4604
968
8
432
1728
16
74
200
18
120
60
16
32
3
3456
1776
432
768
48
410
4
150
720
64
23
24
998
46
24
288
64
90
116
52
3348
2304
108
288
12
48
16
134
334
16
1040
1272
140
40
28
4
16
48
99
204
10
432
6
48
318
716
384
13
271
144
216
16
96
20
124
384
0
1120
3004
12
12
160
36
318
12
36
258
42
2304
780
71
936
2592
1470
88
223
26
513
147
6144
600
6372
168
3744
36
20
6096
1086
28
176
8
162
172
7
288
28
1
550
4
36
144
29620
1352
144
393
384
72
1152
384
16
996
32
288
624
384
18
580
32
949
96
72
45
152
3104
288
176
588
3456
24
111
2
752
4
12
72
25
390
528
2
21
5
2304
96
2304
114
48
32
12
24
81
2304
21
1140
1154
124
732
5
88
108
126
4
16
500
20
2273
12
9
1536
3136
10
96
88
177
2848
1152
162
680
228
8
546
158
3198
944
48
108
108288
2486
144
17232
54
288
108
226
12
5112
1200
4
8
2
18
3112
16
172
54
0
66
20736
498
210
5814
320
276
711
776
2592
576
5
1044
514
1
6752
18086
1152
0
6
32
174
160
576
48
2250
288
48
24
14976
25648
288
216
5
41
96
120
74
2
5022
120
44
215
10
144
354
772
52
2304
760
5328
864
2640
962
15
4
940
8
6432
288
0
288
36
555
128
16
39
48
72
53
864
148
2174
176
12
888
384
92
1032
0
288
100
255
4
624
27
2152
192
23
2
66
56
27
1716
1968
1152
16
34
1
55
334
24
576
2054
384
4256
4
239
6
22
4
12
502
210
87
288
22
10
96
50
2962
232
216
392
179
36
28
182
6
72
40
96
276
60
3
432
39
339
96
32
4494
2
466
31
24
80
15
384
96
140
3
248
14
424
1104
90
20
2
9
1440
120
144
1
740
12
14
978
576
64
256
42
11944
32
30
456
6
8
24
48
1
38
1020
32
26
808
1152
44
90
120
22
1359
4
2462
152
69
660
216
656
24
384
203
6372
6264
768
20
243
288
1476
36
100
4407
224
54936
6
4992
222
5888
2980
36
11088
30
512
38
1152
36
2304
528
66
576
192
64
24
6
176
12102
2
1296
0
1408
982
52
192
8
432
10
8
108
732
142
8
18
2952
240
224
8
3024
89
10288
192
345
400
512
56
4
24
168
20
108972
7536
0
32
88
48
462864
64
45
160
18
576
144
2154
112
0
93
351
48
1042
640
696
244
8
5864
176
492
51
9
1
376
432
8
1552
20
22
0
384
23
8
216
24
96
3464
48
328
4608
1584
1356
8544
104
174
116
3072
864
180
5984
2064
84
24
2112
576
608
102
1584
471
48
1520
2304
24
344
94
41
17232
3216
75
448
24
190
5
1420
1440
150
102
8
6792
546
576
11928
299
81
78
91
148
24
144
11
6
28146
324
192
8
216
1152
18
136
339
24
8232
472
248
6
2624
2048
18
24
76
8512
248
648
2244
28
232
40
2252
32
114
54
27
24
1152
6
6
72
30
1440
35224
68
2904
454
32
1152
192
4
30
12
2263
2207
64
15
2910
403
898
84
48
300
1392
3312
12
80
68
64
172
554
96
4
4388
1592
90
8
1228
3022
288
124
12
116
36
16
288
6
110
16
624
568
237
58
138
325
32
19
0
1643
144
48
16
10
163
116
96
3
576
72
2260
30
1246
272
576
24
11
48
1527
348
20
10
8
192
576
20
2
128
1376
6
144
4
1872
245
354
16
408
3456
276
56
2841
280
40
0
5
1035
24
78
16
36
552
50760
184
0
48
328
34
11
0
4944
85
192
3908
1784
171
768
108
68
64
2256
119
1048
3
288
30
426
27
5990
1152
114
576
492
32
36
384
36
10
344
576
120
288
472
18
288
78
368
18
2192
48
144
317
38
324
27
44
128
150
32
8
57
1
14
150
9216
600
28
14
90
4
1464
4
42
388
5
402
3248
648
264
8
50
864
66
260
768
706
132
9
97472
18
2368
1032
240
1
558
29
2079
7
63
968
344
2608
48
318
64
112
26
96
2112
2452
620
228
118
864
978
344
2
40
192
432
6
60
204
62
2
76
108
9808
1504
556
324
2
1
82
6
6
144
20
24
36
84
24
475824
1524
0
384
24
15588
2784
62
2282
9936
10
36
264
288
192
384
192
144
1
96
432
96
4608
224
120
436
36
1513
2
1490
616
336
4
86
5184
9909
48
5412
136
23
1944
2
8
4518
51
4
722
168
1470
88
452
136
118
5704
2304
28
104
90
2462
4152
1488
126
2372
1
5
5184
486
564
708
368
3
265
1728
576
34
324
12
184
192
754
9
720
528
3344
96
6
20364
4
168
6
8640
0
18
12
112
85
6
76
2304
87
87
16
1152
320
144
300
228
768
1536
288
24
313
1804
1
834
2752
60858
54
16
954
1468
326
118
75
1800
4580
288
258
72
78
578
342
486
1464
4320
1728
400
54
64
25248
16
48
28
324
348
10
653
16
8
48
6
1200
20
7776
8
656
144
1044
192
36
3456
262
24
440
1620
844
240
240
24
48
172
113
176
192
365
106
2304
96
312
372
72
80
226
4608
576
434
52
16
1176
72
1536
219
216
4
81
10
350
144
275
8916
23
768
268
101232
1028
249
140
6
1376
208
226
64
480
6
289
64
16
3872
2304
68
92
84
78
1376
72
6144
4
60
1008
26
432
21
100
8
624
576
96
12
96
696
24
22
2072
2304
192
48
4
157
6
150
348
104
32
76
114
3032
608
10
30
1528
304
150
1728
40
216
72
1
96
224
54
236
984
486
51
24
525
5728
246
400
37
16
48
256
11
24
39
288
40792
28
336
108
16
4
1728
72
6912
754
698
384
48
2104
42
48
34
148
2
17520
122
64
7
180
48
102
470
150
29
92
112
435
96
512
216
48
64
432
1416
32
17280
10
2
56
864
12
960
2724
10764
1914
864
136
1608
2
64
156
3054
326
4
48
2034
18735
2046
52
2
192
768
78
144
192
12
132
264
156
84
29
106272
2164
5888
320
64
66
1458
756
138
63
480
240
1380
36
2072
18
0
384
2
40
2
824
804
1026
56
17472
9
72
2
9724
372
4224
16
10
2139
612
40
674
9092
24
8348
18
132
26
438
224
7
440
294
8
2736
2652
384
432
822
276
384
4989
20
336
530
10
56
6
2
800
57
118
72
408
384
108
24
88
288
264
506
36
2
12
336
1059
36
4
144
10
400
1476
5
336
136
24
1516
10
300
28
22
124
36
96
288
0
218
96
88
408
11928
768
2
1440
213
528
8
20
21
541
720
58
18
384
1536
64
72
1216
1536
96
0
6084
768
648
576
460
96
144
2
184
0
2262
44
414
36
832
176
14
26509
32
62
18086
8
31
100
6828
1032
2164
8144
4878
392
20
48
736
192
0
46
8
16
5
16
596
363
48
74
34416
352
324
152
12
64
552
216
2200
6
64
192
129
18
64
260
144
16
384
564
64
216
3
4272
16
72
236
4224
10
15552
9323
60
1094
4328
720
33
6
33
10
144
50
180
16992
384
96
3072
18
2
816
96
6
114
165
192
660
2312
1286
36
21
4344
432
8
90
48
2
16
432
3
992
174
374
108
546
6
348
192
238
15
6
29
168
144
212
2904
344
288
61
108
176
6712
576
288
12
174
80
21
64
96
88
2
32
1396
216
132
100
234
1008
3
216
37
8
40
288
90
576
36
728
432
40
3396
1141
24
90
772
168
27
408
216
3880
648
6
288
76
16
639
32
738
4
1443
96
192
96
592
96
6652
336
5184
68
1376
5184
12
432
216
6
5
486
192
288
4
96
206
12
4
1080
948
864
128
216
84
96
192
2304
96
182
269
30
184
576
528
114
26
64
53
404
40
144
6264
19
900
8576
364
144
72
144
612
304
11
104
16
303
16
2786
516
14
70
1152
360
162
512
804
118
3240
16
4
128
288
3050
32
14
318
212
84
118
2592
1428
24
70
198
768
96
30
216
54
8
597
96
6392
6552
24
1134
132
232
246
123
740
32
1536
3648
4
3
100
60
1728
81
2064
76
900
12
6
254
282
4
348
216
80
44
24
47
36
1020
48
40
96
576
192
154
74
344
14
72
4096
54
504
36
124
186
864
12
284
504
644
1276
210
20
2214
81
1056
19
1620
698
1296
140
2
8
1400
20496
312
2772
168
864
960
1008
18
92
30
228
342
108
237
0
220
90
52
11
634
144
0
18
4656
112
1
712
4956
8
122
2016
702
96
40
1812
424
162
288
90
346
238
64
324
243
40
40
59
800
288
13
178
29484
178
170
48
248
10
72
256
48
40
318
5
40
1312
96
2244
144
84
2
540
384
20
0
184
1152
240
44
1232
7
81440
112
768
184
38
38
32
652
312
11
1392
28
14
28
1040
1014
306
264
23
80
236
3972
819
9
216
384
2208
7600
526
186
330
21
7986
242742
15
96
32
30
576
9792
2064
416
160
82
12
507
67
576
1
75
522
48
8
12976
216
28
3
128
96
996
28
430
48
44536
1152
216
160
43002
552
224
16
18
396
576
68
80
144
272
4
65
234
8
73
2304
2016
532
500
89
42
64
124
27
212
118
8
576
48
957
141
624
144
6
64
48
64
144
1656
292
471
1242
144
74
675
12
7
1503
6264
18
8
94
288
156
48
0
331
2
7614
978
227
18
75754
12
13
29
968
678
30
71
288
46
48
16
216
3
4
256
576
1438
128
134
95
228
27
192
288
2192
10
80
40
334
35
464
48
11
126
150
68
24
576
32
1
2802
188
380
102
6
366
12
96
624
94
128
482
4800
580
72
7
0
3144
10
19195
64
0
208
160
193
12
48
152
36
6
1140
68
564
412
1256
4432
3704
132
2452
4
808
22
48
18
282
288
7
72
36
40
2
44
380
55296
6
170
32
17
34
18
222
264
1224
30
7416
380
1
0
282
96
26072
96
24
837
516
1840
1959
32
244
837
87
28
270
192
14
32
4736
6
124
3304
72
1488
58
4446
24
96
5
48
144
834
411
652
216
19
1647
0
4
1356
564
1013
1344
4854
4
68
368
18
8
5
4308
44
4
66
12807
2
72
1728
39
172
0
156
128
14
3126
288
138
1096
26
2232
20
982
48
8
1424
16
48
72
328
658
2674
48
180
6672
3024
768
160
858
1728
0
248
5974
2768
48
192
216
108
2928
654
2
202
7
54
85
18
107
120
125
303
48
209
1968
278
1464
32
74
862
864
28
348
48
692
192
8456
1536
112
668
8
422
2
42
96
576
4
554
1124
1640
804
162
250
36
176
8
230
112
2304
42
96
16
1404
6784
192
52
724
40
700
392
1
57
9608
236
43
648
1796
98
48
56
44
3066
1392
14
32
216
768
70
6
12
3
352
186
20736
69
33
18432
36
117
144
405
1152
60
2966
18
134
64
69
216
25
36
2
4608
640
696
304
624
52
6
744
720
2244
408
12
3222
22
178
118
1152
34
1176
128
60990
19
910
1212
96
2018
161
8
32
64
2322
491
360
203
368
99
144
142
48
107
192
192
1006
4
498
4608
192
184
2
122
493
5
598
192
36
36
6
202
591
5
6
864
8256
324
1053
96
5
22
1992
288
1152
288
192
8616
9
91
16
4224
694
280
66
63
47
42
4000
8
2304
16
6
1568
1728
12
3
688
48
2304
6
24
384
864
36
26
3328
192
1152
576
483
99
24
1096
13
90
479168
312
848
19836
112
72
160238
272
36
128
20
1152
4144
736
2254
128
22
181
27
192
6
1130
116
36
648
86
3
154
10
554
114
328
36
1304
6
192
39
144
6
16
82944
688
50
0
60
847
11
48
20
14
6722
11
736
2304
335
184
3840
28
33
126
368
24576
45
936
1232
36
324
2064
4224
6
45
48
498
476
177
24
3232
109
465
280
88
640
33
2
12
48
39024
1678
2304
76
38
104
37
426
21
768
288
144
1520
108
24
192
708
20
156
96
26
384
576
448
12
384
54
18
8
3
112
12
1374
192
128
992
8
10
80
66
36
1
872
520
28
22
306
144
64
2
12168
345
112
112
16
108
108
19722
516
144
99
26
30
388
1476
72
768
329
136
20
192
34944
2946
0
4608
22
294
58
1
198
246
584
84
192
471
76
2208
48
120
3294
8
144
128
12
632
66
6
5
486
3
2304
