453262171
675736941
231954339
586263696
75482351
693126704
573544230
371887794
514434059
163512477
209669479
677205062
69558028
310444945
432431928
472520871
6058800
300950043
499392710
713412582
841613049
732827794
614943573
16773120
603388592
312953922
41014223
427296029
606283831
234171814
634303573
279303441
515162891
72974329
767469046
969209047
9767520
232764394
354548923
659584154
519879529
80874858
730546011
3011691
81105738
656992500
586340497
954685193
584340229
11
54912340
165032423
830034407
589139176
297672072
65027339
481728290
854008374
802089949
702740175
611246896
953572477
692116805
427673458
156458768
474775028
863089946
448279933
411487377
414809946
334392503
544522094
624108539
680414501
241964340
537548872
329945965
423956515
4204200
332110548
878851424
204701370
165470098
454231702
270827862
244472169
779114902
130472001
461881318
89279521
798635325
5591040
883678800
739148298
406783006
848769796
420883702
870873218
766675835
366235416
395208422
337531667
691886592
372568821
936457537
906894667
321907708
885292362
381608262
980865206
332895126
978932017
560435077
899340472
544063225
867387331
890847028
668814461
590041641
355185696
927854172
900984531
265468323
165823360
262528599
834740027
483912249
41974743
318836460
653374700
707270623
242209654
623541018
508875
703834954
6345686
486869294
624092963
865715020
883693331
355541255
601840586
911945747
712179268
212677110
245641644
193906936
363018107
895075834
536471575
902169963
932319826
103884864
283396260
986442228
371324992
320902524
786794530
350920395
332573979
767144848
366377283
850677761
728013329
561004004
228776981
161858990
922947884
938832461
69450404
753812993
882480135
82333805
732336935
713156051
294849754
619427110
267374583
560843613
575968920
522016027
576713173
974255877
318999052
749913879
704175922
745040815
636689761
168749133
532999205
204865094
863870799
570448664
424847013
292698017
742259567
985759437
947042814
193066429
156093945
933741154
69672960
214138201
880980716
644835933
830853626
39189274
802163318
812642655
262306817
14050592
923235014
222104665
875720078
80605228
174761175
610398396
248374015
354261739
412162804
559416532
959256960
809106685
657224211
299689227
761165812
53459952
581482745
916014468
417597699
228546670
626525939
234236836
415976243
392648157
843745665
912856806
97950164
889599502
409611834
265000479
2509638
823515821
32922462
674780267
133349289
663621139
3659040
391612405
315956632
366676084
692230665
590622151
355914577
805089614
765033765
794610731
315357494
41949711
650341992
706852395
202274181
971119637
742991842
552124140
873950856
557604644
597858514
450716295
773381571
269514664
150227060
18479568
48829471
709993977
480220705
341474818
699113691
912269427
285147624
325124677
689662967
788717335
482431950
504143297
241370609
196812688
527973561
631452318
405988586
101322868
820664315
211333126
122462814
571881604
312934830
823563920
9866312
303520055
594241266
480527213
764413677
626685333
957074888
794444264
298203914
455037992
432828897
611248832
375541530
58507445
258393516
179738751
59158517
879376062
709748358
943059194
914299250
812956457
517910972
230599368
787433753
655502055
510477806
555236826
379363928
391186505
363120899
582361109
600240549
129365109
705065928
665695917
644107704
877699463
153245601
656724867
300217766
915940475
231000
945030680
562817498
992846098
331086175
389493677
122695728
990268550
171086647
487732049
962768571
253304273
707036191
74282185
310946844
483211432
899458560
48945428
24899599
26906880
430622788
5822518
594952049
288094000
215504605
936827325
620345547
645867299
440110374
187401546
889254014
117412897
593772229
431996427
373842016
591224244
517624916
384575007
286419893
384956529
693294429
507590091
803738968
877703685
286602176
867312392
952386071
704899535
478762588
604622244
54943247
213487565
363006603
69346452
1891874
980747088
529013341
250475367
598010898
817910023
368342813
524684160
188599961
118075120
829347526
660478007
598057431
862406520
171227492
11025625
848467798
421083719
202956446
816933829
306299746
923067483
215055289
157358906
766548434
106482866
910553345
958003008
317249162
287763920
581439799
113115385
665110559
546623555
630251510
951178732
660969570
273607377
392504614
611232738
812244682
842783161
521859808
954881018
96460911
695919573
422199555
579698682
845387002
861268208
811096307
428177986
393747545
470255751
424917227
589658947
731757180
95737428
193861850
22724663
313215864
85858264
346104875
824354493
914774357
149253361
935976077
95994820
845745971
724158049
856001499
120625572
742554034
30661041
371277017
853663894
780024226
609625049
786036635
782433510
495731587
326111426
217121230
554401658
430545523
720248422
236270003
919346719
460621864
783785480
735724163
606830336
649075877
72604534
827110009
466600943
552799496
4804800
214034599
302941992
412743801
368174391
785852173
404891036
159850362
249133307
784821360
242760477
180387669
358038376
279809828
782115450
676517201
122364718
946425142
534418441
51657865
311476337
721615794
908922349
612568443
854113335
438096365
511281802
111498247
468504708
731559728
755169986
383129675
52741384
530202517
64127877
300366509
798387546
825865078
113019420
560802699
622808234
884399630
216452795
220086273
43280981
402578903
229610367
679810440
373895742
509772112
492821686
895959347
959450572
278581531
543757345
213702817
366408347
585381868
590644175
83046600
67424727
618292325
214688155
576210578
353986898
921161480
648787289
565542765
959540582
78306205
249490922
215611112
794740521
311531601
357822906
951429722
346493656
447265615
295658410
431791031
131789900
594250825
800953459
877026789
280768984
425608628
704566024
376079811
435310553
236450324
6693420
489387859
141985560
755203544
163342
17
729163609
161258322
508862603
807455905
233100331
299262208
473155131
789576521
212318488
794079604
185057320
63640467
620989475
131
29575258
349485186
638277451
680798569
690801763
14818474
247710859
837865711
794216988
917075268
702430525
139145412
291467223
193422043
462410424
245194417
162049075
468601717
56019961
352853216
374257173
552976433
37994139
305616369
378514726
456715320
832068190
440141719
10810728
704332052
253494203
186224643
518054589
80052225
411660661
393494596
307134971
556533774
57457623
95256000
42474432
886042260
61647214
806589893
497173114
9584720
658408260
677019730
470804562
941448865
992107363
985619643
97567492
496036485
892102491
300178399
578915878
166637603
380573441
266421618
587737639
300807158
469999385
716415639
308356410
990560409
624731786
870095806
220719227
287843336
846988526
489734912
530305380
91063310
890472877
979429867
162939635
404683186
206767710
418645934
864325209
122651067
300620728
605042450
439404758
75676840
718710393
376562355
953685434
111557
878749274
162292126
305193524
668354395
654043471
916851859
536229705
46050141
98042517
546322398
844576834
16931650
823015336
712127501
925165098
687418484
936423035
978598007
982384566
392358492
989441429
566079651
608723113
138773803
862488605
734947518
283976707
913705575
750558985
255770983
399282752
764330504
437033751
833700117
83957722
809521974
179665686
482664
392575260
240478560
573520222
856363659
129733627
209430367
804663086
847812550
755356177
199028449
480235841
914689803
547170474
276707764
28036478
367750690
807098707
540166563
491219620
641466326
135962088
430250760
894177520
259785717
491833481
61533854
82495573
785686447
409334985
168749186
365053009
553424021
211985408
186919681
489970395
387416487
97133505
753986668
488767971
156291968
116598
899223485
120229000
204865094
531692775
755719924
759479780
572840294
119464556
15335552
225750913
697374452
759978173
588067026
703828591
395791545
861414637
854877363
731804673
808657097
634174913
657016740
51824474
223381497
670942105
899283220
568778684
219180659
794443764
252019757
931217331
525091878
651771206
508492257
775775302
105721495
715056258
692278574
285120
198877667
343846642
119109799
820003117
210001526
81879162
149103453
500665764
80429319
401637359
430637114
18727986
388076
670541358
860806267
289359795
842979077
216523417
870483425
481884249
278655128
142863727
140021833
923878496
462300524
304388941
498936519
678437789
111150748
135595135
275970523
949605851
373322024
773657367
249815982
958179015
362154923
831414206
586913543
995489765
888979029
339292800
84324426
686291713
885357437
411956669
513202367
638334183
144165483
93260510
7826225
805708850
379641576
325450707
319292753
530824704
39327657
538586820
650316230
561345280
590841238
366088527
490387907
748239422
449641610
384412993
464500957
722796644
65490740
676178156
570243882
861489571
702797793
75720042
465765664
412690997
19006
188068165
498318755
467982424
509907104
881758665
74587105
349424
306028398
918431687
726463408
515118016
845059741
671225248
630169281
909026020
740001728
836512310
973380030
88311680
637644290
694801806
656366524
332501123
150310364
180414948
621192995
1573
216350633
7188540
388444582
139474664
181206820
868478932
192
136702497
55550047
293685095
298761384
657872961
195175348
335147241
116844289
854
859924865
936448989
589509755
7118268
248629270
126869937
902382384
901870008
643468282
835548872
534524507
231648
785528510
755691558
265258234
387263082
941946650
498371914
58578328
95855760
668221336
471198872
734976050
880220748
310504448
118966827
126125160
182156215
650622305
769707160
164568195
883895238
336877096
668892386
121386463
913664404
50490344
108584472
103422477
698140894
484027150
249263828
548169487
457913049
567599344
755533558
84673423
244869889
452744424
955716501
557329167
413676830
105347468
77016772
194169981
238631281
622837
471034185
811070429
613477725
234452445
143543947
60754311
545646296
476442411
52985141
349857589
581629467
394468330
59202226
762892339
774255726
43952867
514602512
733784600
88472004
349860430
179829526
794258292
735560316
760021363
737636769
805351277
191714841
663049160
494342930
797034646
524494572
864325209
260428343
790577753
320424953
946402235
111588208
982744344
167339966
700354962
360326573
680665486
454579464
777826555
495237849
784450211
770163685
909965560
79073940
978810551
167560344
750942294
28481932
145687139
123039235
158091932
287228871
814134653
369580057
394330421
576860095
239102151
158882383
812778688
499425779
94182850
743307741
577212833
151459300
788278339
390812340
394169705
629123700
572363916
60496851
122537193
872184993
697770837
101714387
985941290
533631736
404330467
249189467
940599719
928121149
915747529
242168817
61208735
611695200
415051142
614968351
686263048
665818205
995927753
767464760
923303686
780333285
481335242
623305189
214412772
361487644
533367198
119703738
480609565
204865094
952642115
525068887
411877289
522513629
748411020
943843842
221449013
328545178
660909980
870165558
646318293
640842586
486264400
26758962
60396779
438295464
149438629
599881122
393513120
643193272
808219910
128627121
469324909
425523527
863717931
897698370
371901607
744441359
337296960
744635147
607829929
340301567
479395142
602764232
493475464
802102210
579068191
705529755
146367852
521231194
810251763
397666915
662435582
849343169
377339370
117172331
974480669
791911288
5801953
120853728
900654683
132906339
252732624
569414697
342744949
65583300
815026838
236038359
388515605
847567927
424912243
576476845
170352
65497275
988900950
685478563
135445945
620661520
675021338
549379007
822495636
567018408
972672062
340275238
726566310
585347753
343324873
453737612
805331844
771075239
572534969
796811362
559389724
341323684
767720528
957030141
170105171
385993476
434472102
50946799
895095940
899453075
928147436
926540558
518621460
78458181
414866153
314095773
473004117
66533696
824469318
867436711
453717909
414731361
323637057
259200
809316121
236804606
526922090
899283220
169963127
825039161
621612316
326553722
452588551
439664652
41978861
491770720
335800095
785995587
580583505
951028772
996476026
127656173
540176012
819672366
470348248
374147416
711767201
815835401
650387025
92297422
45893738
427341041
4258776
691691687
178377012
736423970
373871073
732703613
467420099
53071658
352794223
440210734
67252503
757160438
22172
516612096
587505890
71442113
628298890
314111457
581661818
253660808
867494582
192353385
288553618
431110178
71340646
410921766
765869184
485054384
894560117
633041458
668894174
550781919
935288757
720226231
815115067
627685191
611994347
221888513
294901529
528552697
737737801
235538447
791699082
888879185
837173393
238484965
308891327
206274851
722990888
250379242
803244641
800652548
63461065
226126882
589210118
691691687
722770822
792918531
787858130
83934459
843579909
226484599
961304784
641882742
680770160
908344243
983450059
62803733
760319904
230924098
975289453
722914545
389303031
6636614
103454846
910522805
106352671
863582062
620299931
889648003
790982439
260382526
890137412
970327957
734995412
924247162
886811114
744113646
387935566
818624775
580471603
244998110
507986680
338479637
312727644
752018219
76825697
198448048
35271909
89270012
846309388
878526552
980161209
576371382
328832774
77064000
624092963
678912
506965409
109387695
949928132
916584531
660807323
244171396
362597015
573285349
264540813
321413866
497171010
685017207
655169651
632809466
110872
410841230
283464745
19649523
407331534
630027828
614894532
705034208
369976599
413362503
695735576
251155079
315013914
134298272
738307009
106257275
929463397
852173888
933086543
367587040
764205512
174287667
481684205
870252536
705925290
881201302
959250273
869674514
85462377
334648177
207704603
60396779
327327504
61026970
649041683
751458988
186499575
338092370
710575218
892324489
742059491
493013537
234688411
894301168
326986858
808280400
967123522
122510057
668505191
134160789
650714224
307780978
626729669
640956337
369189256
809146170
20676771
904346497
327641692
25748081
823717281
710374464
493480930
706289905
277353842
718392540
964562086
904646276
804191113
587347605
451554958
763934067
772631051
433926066
576564518
864553805
83906448
762665132
63095073
854669175
533165578
197088176
518054589
596198000
373990940
412468638
246352038
543973343
451156453
873515554
604743179
748254471
460686543
8825856
360138288
1820
158495290
214702568
766139370
960873383
925272759
883668721
226310442
731588917
109779314
9330433
465365395
684335692
300691580
185291363
43723680
297034726
80347016
527392467
512925280
174771590
17854134
422693364
445585797
14430764
60235935
384148905
523928992
442553231
892665132
594826876
123012441
108274055
393035374
571781118
151043445
547061231
259164051
339973104
715056258
188744492
520704734
461953019
94427596
861050457
277555671
969224747
42630998
94813831
210190962
56433041
721076719
36414619
731994388
552298512
45406104
576998251
104317974
523242716
854356640
955605054
487196398
216931804
742568134
846344626
51253406
500797003
374094094
230480251
799556436
156254651
765255670
412800391
137961854
331676889
69701447
440777711
2386796
344367724
989421631
354756987
916680814
981906493
403560841
725447867
502555651
549814253
289132821
729538054
20791636
675113220
688880659
354315230
727298988
183233091
902465550
552960486
281726286
845849483
339853284
225476097
607709515
190729062
554296318
205524420
191399533
286758578
950861471
124760041
321292403
17500773
823675946
341765901
694064485
948122119
863570704
819156698
498150322
377319220
325668377
219
342587711
381198723
587645774
526619676
842521810
528801917
601757426
285444282
643080686
744532654
673209066
675415797
465367801
506908129
470721358
721499281
720072172
377065519
112440966
562655297
571138698
257585871
638144828
292212795
467913551
994769453
527936120
897644700
830201017
61322082
239554248
967262736
44641720
178999135
198024617
478966748
915549796
569810807
814390752
509046800
916022136
507510776
372763483
509257234
946079938
329488642
503058974
204509104
493836930
158680138
989262094
621027080
446626854
51229061
826124651
922893642
779711977
122426663
878150072
440254718
664988209
266469432
454819885
134634686
478331941
100795313
418130258
466407921
27442800
206555289
399625905
188995170
353986898
447964802
412000037
755981322
895630833
769531910
186880598
815296056
572502872
730471016
550148349
496324189
318124368
756968483
412383440
827856772
335508585
505197466
186880598
247349376
25189920
890563046
904146050
950476605
761639588
577570121
921582569
911759452
172202593
993188894
794172202
412507338
62184501
363242808
532623563
763404481
551504285
244910959
669137980
487585593
544099662
975820258
109932555
148010242
898937538
682996938
936291221
80695617
901153384
571362159
612419335
745713743
996969181
20798
25528881
669249852
756580938
577253881
908638207
769383410
861390511
53195801
892802476
651760960
674462415
787026240
215504605
884131447
335246670
379363928
40884480
586408301
606509291
811917015
200142964
285007434
620889890
649325132
503791967
81098603
606347234
879111382
146172784
732807852
666446265
508126107
595180402
456275693
278092923
243494819
391042151
368819251
991132924
820214982
958552130
929463397
992809920
794267167
273071488
49766400
81205143
176015485
499169787
735007179
429617353
505052722
827904458
773131166
260794935
877830207
588865731
717466502
496266135
577907873
61642856
726806999
411266656
413954731
461174467
445107697
846257495
206595520
640811874
742569925
484745995
3783842
87220589
908666392
763911691
873098257
230604222
170432639
351503175
190389096
340204894
299660157
838636520
457154550
496218616
80069225
927910668
305756
578529245
617590854
496486802
53617105
472401563
107432515
408090717
781057101
981354914
203704617
56258688
467923560
95456222
588132949
33164672
724189351
672381608
843455360
50295147
451755948
759672667
239820069
762085792
606371269
651124744
951603229
925892253
239494781
542841095
286746813
821252368
907448809
407886264
949055489
26486894
46160801
169653811
274993627
434916031
832853375
953744668
711767911
74363009
874721541
196644796
623029432
479993528
941264192
773413244
100316681
580992919
116543621
734611778
236664659
905679156
283503028
524148
732323640
199117976
360729583
185745553
725888917
837277961
747562060
386243478
749097388
38877300
226738416
145667765
940696705
448450796
68891795
965406005
503021292
242248517
516320110
865994744
138992117
875380856
2686
146774470
388359739
61084717
14767371
494038531
116121600
32804091
428165263
73836264
936332223
452839578
203236024
817810242
131094497
235150468
54591478
798473045
816593788
788306265
555171245
575967813
859248000
66553251
528350048
182844537
817986176
948496457
109057783
942434900
223703290
426618531
183010227
36512549
485249502
715843005
313665967
677115432
205524420
867031755
772973796
743696368
609049600
553872900
458891372
21858005
922053452
766485191
706202317
878117274
237192766
57001780
138558605
480404889
271935428
512098764
874719089
569808181
184478546
600568221
2760607
384227599
502438438
310101578
95132581
815416666
202779899
610607809
807323862
927872670
841413848
780157578
469701768
904169499
766334442
996844244
739148298
400712728
592567434
739869067
85205656
503263409
137320435
576582619
595770112
77414400
877317837
746179349
600570506
515375457
680950936
917556204
48437754
836306682
137029943
888547812
37739376
289446522
181573172
81323583
824455607
350665709
284683398
532635889
369490593
57988403
753553736
726911922
854113335
771750344
427513350
729948098
291769370
663608535
927560160
183287032
764171542
222486264
627902846
854858678
675167018
923471549
227074981
310151565
510495106
615329058
778665467
1868724
37909059
608869338
932660824
742467184
87214316
730067584
923090422
245922590
747385031
300917323
680005243
27877283
798581078
557604644
553373570
89347919
831960472
514731571
204258455
344317969
548539437
912605704
29175864
565575346
668935978
347937284
581162030
723146277
464466804
482457990
701278521
882720007
824685177
581702052
354378785
398154091
922539957
127242013
463783320
770694984
448940038
744256049
674759215
569779518
676937523
274122800
784260979
336648614
479671359
942522461
326071009
489063730
859119199
542852549
103538343
623554232
10220347
532466817
223546350
308901301
988042586
429749152
579064258
322351004
325450707
304504200
137687809
992695495
837976564
174572249
729298574
33863300
832855239
351515843
481887097
387491292
339615500
737636769
404104082
511068709
644396817
210535902
902226657
215244873
578312325
315729028
879081170
153458430
77788427
489265920
601948489
794091632
851672942
102546876
839490708
528132381
556893350
142493481
104476231
207709925
243535427
997933313
385096009
68100596
804836295
179269489
893292274
91562492
818318760
270806010
984967316
609584016
700112136
510713202
188099488
531767841
57487018
854707191
368129223
639015794
661783406
395924470
809616914
960870741
125936583
671533745
837516551
440468300
652689402
532870909
570435061
178681205
275953202
874468268
774193984
913695648
425030408
386435982
594379152
528063713
96388606
736712832
384384
706241290
126749867
113135361
987484016
595718873
673914352
9321984
44171468
360497583
682771060
892717901
377967853
295989360
783977200
872522531
250858747
730484457
132136996
596091020
550570500
583332711
807714437
350714793
387721404
790055355
103711452
606528000
248049751
625285452
55704190
275348601
524628592
792082159
370106598
216867703
404319141
264241080
583597796
546752611
66217235
831611339
568587171
706791088
79531092
13848564
639807714
972445360
589097033
356089288
547379429
423496733
156156
995475465
527512678
536418556
398438736
803460310
350534643
304435667
21217286
228425181
991980343
690880353
286851035
173811342
910080054
262919057
76795856
278654597
382857313
71537327
919884417
939203678
244256854
255620680
451278343
763821422
486527652
330404717
972173838
687398384
208484185
557963805
345811209
932844647
204687469
224761079
871671163
224168933
994273572
758417746
710447573
719042600
124986477
314402809
570846527
566368524
279416021
364864488
904223344
943247911
104417352
796916462
498454941
779974875
365230763
929379653
493480930
773664774
85956819
981857307
336507056
9107142
177131787
409324783
14627501
94722721
420281145
746790822
407489917
582440978
485190231
749064921
373805079
906980039
568161595
792904058
457832176
647286659
346146927
7757092
47277352
190215949
731082830
122148283
311850933
172275272
825810889
252374060
735405028
921500274
67138334
4745520
440110374
242618046
27146599
15386843
561846337
462521144
411125241
381269101
920145868
156832627
3805961
5504886
495304946
210784398
927173319
600868519
204974807
516177985
60240780
364599594
193578025
920150557
651554122
161682548
928025174
862903551
159791168
435436609
66366228
575600851
693201652
295336174
138773803
144743086
893224998
627313023
268
39444174
640147913
39624663
605138746
614789314
202648079
375789654
824731023
953734844
896111947
333030826
953987563
417841078
168211836
225306926
797805315
169358290
722624388
157466153
581638388
868391739
56609272
984690505
88296431
968173102
322957537
137338980
395497979
642136996
199134552
934598405
485479983
443323213
163148183
295378266
367595637
773223848
115907468
186790749
486423182
760022056
532716971
266986450
138929701
378324227
464974377
893655168
181430225
546603803
583597796
24678166
473527055
630368637
183828110
224847386
206675385
578136013
462427232
807135311
32290845
181915152
976937689
401193353
855027805
36336106
737234769
389327547
36298432
134895564
872192099
345037254
779713705
255492718
629598658
106470
610787057
363524805
274162199
255587843
36720
870940928
236900075
235200
932175843
16578171
740269680
428523745
376006017
564451725
149485052
873644393
947742925
707118079
741078301
247179392
783741435
12
21372750
202838069
537796382
329839718
99001046
21974158
823455437
5529600
768338557
925081000
368780938
845474753
826244720
685017516
111343216
652342449
231473168
526877498
1432064
689899936
235872
911641757
826428594
415800
136936216
260952963
812273420
713280764
341581549
468012557
351355254
2610012
167178069
432959068
818402152
644218787
675994362
86981334
428171024
147546968
702631591
870997367
545614255
614828975
816783141
748675806
123415975
10971213
638217160
100480827
174418120
493136973
352352
944270282
754225974
386838919
418843029
836810764
480462297
323998
112099567
273214631
573846237
38812639
491553872
595676468
748796799
237525098
701918512
358307371
78265706
478701464
907637097
421407786
435658782
474429649
893714887
995670902
832676780
467507338
563927571
773198530
740319575
703237726
384866917
671051858
210507081
484525942
71346892
661515080
78833941
812212232
514972002
38517197
174472915
814678700
907636848
316984002
306037882
622744956
779261256
39765546
255492718
903598815
27720
482522360
29353205
490151600
550551536
931778332
46246200
458011068
981391205
463669536
733958498
762060807
591268123
50381590
953080298
822445747
762020829
334422613
974220158
858563285
508639754
506115436
922070100
117681816
356043090
278994231
63461065
78912794
400821414
111639354
914605034
988109228
416078712
72321011
846380074
344612850
143323520
467665674
470907981
20676771
816898980
312442939
453774733
962940478
592918006
504300262
108790679
572187186
623557205
673683229
237554682
88340049
48278159
316081933
182864411
502149634
53619546
230216008
51682272
223439531
483801927
193013950
751896111
5475528
969105454
476474127
453737612
594919538
681369821
824232092
536151162
489214
886615026
468052415
623369420
883481813
434362853
472935129
174
334447087
21058
473703949
485394619
195330137
41258757
252338934
767863950
458915860
813429965
661875030
939856507
819664976
990739454
512568977
3036
9986948
56216160
173020289
386092
941585177
260145423
879310069
782993811
819298163
565417318
748651468
474585131
251264102
412939623
381849144
10912903
930249555
130068175
887466722
954577709
507986680
949156507
313839650
640233547
117141588
337143233
83337283
715569627
113599312
777033621
781317045
953396163
839460225
425454974
174599393
813429965
667826970
893725976
123485026
923845447
539313927
511573387
708012889
725975025
365260602
486951635
434612786
896709742
161210391
840299415
235309443
802784491
676763024
711351453
876590928
826470350
632096358
969628173
112145912
745308454
54181280
837254954
792179075
284155937
846610235
664324535
601930096
426018571
778623412
929714375
644114562
801826602
820770964
797672220
232333032
364369820
897412165
62263583
620299931
444083788
541198835
563979933
985213478
43628076
842188822
743977671
22076980
154752487
19198964
414960
92133065
215504605
816418007
998057243
410336249
12
324177845
482046022
613960528
300460184
186409281
270492793
883783017
328564339
974095345
804144469
379145789
809029796
278974642
863467409
20945043
785852133
445449862
448958005
231739870
273642676
544038308
995321459
469672958
518016944
328981628
876514676
530038072
623883230
817166179
149049500
140771883
295236819
88908189
539101728
139265366
986266286
392682236
499728122
900687374
15814788
356756328
639659599
866676537
138060197
808978959
811380649
608850485
332382864
890269315
331414204
883895238
1940660
396220806
82529181
849010148
182816321
878551126
856937493
21738876
88014847
239107558
339871664
499443305
776262272
637259190
888906082
495100592
333370076
923412925
975579050
912605704
72903474
151980490
706198952
47201845
23668397
486824666
563585112
53842167
418365244
276990186
8387299
849186009
483632300
915749959
144057190
767965183
230696644
712031837
371114248
852498979
5322240
538881484
890050515
798028766
293547464
288635266
627118558
155751095
980598909
608285209
13517623
945708995
693948272
393378302
310977685
491086046
409784895
4700160
637828479
560972576
78297932
346788736
379613252
572534969
958867330
63992364
693365194
80014928
861380133
66378601
133646674
119638909
440508852
379591547
77610056
370990826
480924853
468199971
725034468
83875133
614151863
1868
471353422
950926906
174969022
327906483
880972983
437998146
139448591
325701914
915606713
210884023
660100734
494165887
88604226
13513410
851206434
858377933
735752514
426453183
66934034
640744881
782245948
356609976
176116284
395555301
958304108
108
880974936
542032122
813970740
801585100
38554155
8343020
788605410
431410568
456987016
222226487
743312532
808106771
878162270
768654422
674720242
946534580
495449190
25228580
4730862
5757896
469040653
993951926
691793177
182999578
157818618
500606871
248121252
822020036
264668270
583949849
445221739
494369927
303548760
856622625
599740119
464734917
659710855
122942680
783845117
462743341
164020455
748775085
935626831
936827325
142683879
862196188
97392060
676397917
573779441
125112274
943074702
182107466
133347027
17266046
474234527
67999737
919099514
278770194
929386829
932883925
267066966
79112076
220201246
749200716
218898055
55937632
39983642
818093304
973737563
283664112
641841206
452172470
372124396
43198301
72702785
369274066
720473311
790355696
699109507
672506799
58674963
612090883
959600379
386565583
320149407
260352367
746585954
862416001
160806078
907053018
605821427
237953794
902889094
971690279
210045344
885419028
365387403
1201192
187640280
556850388
934957758
784449340
49224570
623465289
183864327
472681311
923990747
393464099
23345553
712957821
253494203
956035222
871108596
907895069
426935642
768472276
884975158
863326263
422207065
944936228
547648787
417521410
5345928
592021845
641032939
585978454
927590923
857397569
794650579
597635406
670881788
548667379
142333092
846690719
118195164
350833313
649010435
81890611
284960109
611381999
748734276
679555438
290980783
403729950
46768427
166665529
988646242
233584392
811082907
644287798
959680121
631656415
428068730
42806873
986110915
808302943
5675763
618565536
881941567
337402748
446556862
501651654
943540010
955697929
657313582
373012637
717747867
232990124
528763355
675143289
307329994
722179117
480864198
320558138
904383443
925357398
82114528
781034822
785605093
379741420
450120915
32243592
797424431
275162534
749425612
956135007
462782861
103920973
788557176
165940858
317797873
806346554
753159092
541912961
207840794
117750606
402861008
240481519
700500374
111304495
397877854
322880588
325502207
789138599
690938410
193920089
194674081
588806497
108034376
138439349
911054224
8196192
584196065
674633406
83934459
425277872
737691517
29548345
922877541
518830898
143979127
957749366
643079057
630211599
828388801
40848686
62700967
702271328
19361086
50270557
830618806
850957743
65949732
594720272
3425383
848230683
385025660
760585604
606500539
795918173
302714109
190037419
290870469
735040970
14948388
157289687
675123601
635331205
761415773
768012793
816810798
300965048
395436
676540753
420161336
36165746
803896260
859884966
291026749
132519856
103833600
319299206
454194706
782942082
932720519
766384430
126087660
198925916
78959502
278388185
998214059
631113431
361072099
779970480
577794073
39169321
932666229
834271541
467725058
872221127
619194706
118299127
126359976
683507552
290571873
989843603
11
115453784
433176216
796074870
233625600
981242861
875125459
554797078
356089288
788850709
961729199
437038233
67757924
549280517
667757716
341652618
636732608
983854514
31507720
361541154
799053279
666711533
169899404
415111390
61291803
639537901
229404375
952286522
846566021
432554898
821567780
124527166
626791626
836229082
139968000
993024424
133073581
405677924
895406401
513016658
92464284
249440432
30661041
693332506
895074718
536772664
4084076
497893787
65585520
811345457
843897852
166656253
836590318
594307586
422767873
43264
724740420
287354964
856139795
290348134
846571405
631764938
896060131
833463881
471062917
752225718
447211052
759164711
55050265
654197959
54421491
814545435
103499564
48728013
244608
182932303
887771258
1233289
86059876
340511475
431038136
991050897
751603332
903369970
277514380
458552036
654366903
406972624
486960300
376514567
401269601
817475571
655938436
918126732
577875655
771534213
980541637
210581191
250511458
623001600
170558374
775901022
693459451
322703062
435828193
890139763
449603612
921148371
610233220
67908799
696110840
732599246
197331651
830957160
551468015
717282665
272654452
390741614
109906941
460857188
624956647
599943151
221208881
369570364
518784691
510125723
721762938
393875712
340107720
863443914
620303130
185616796
827821231
642542369
557982454
596808239
218196028
29400
277490025
455938007
224820805
282708659
826124574
732922241
176526555
296649152
733997905
945391888
220339803
313509790
505436888
6899350
875125459
11801610
139179411
693538490
154085869
647600648
883726592
196372181
826452888
480327959
272019299
144597566
566127252
51947647
721867727
994251430
767930498
721418086
36294651
120618972
588037937
18987071
102509131
897817089
66202771
323013534
632908752
658369851
251236921
786591976
512953228
658432979
469369557
135727630
640592084
577167827
356494655
951815176
217771194
682699125
727163016
296683505
29120
805480015
978797293
439275563
381726039
276878698
600209665
760860305
747764421
134528245
648577565
719516731
223860814
539842075
503812522
349861450
379085295
871403066
303144213
760984960
10750533
27288999
966969919
524821207
544777325
899748007
882951733
167990935
360187025
359830426
544483786
46804087
564459722
108355257
10785639
8496438
137259993
440135718
705769330
3953640
438069338
447784284
458640999
150011506
70269732
494183671
346892975
308880
902430720
26376719
219865110
33075754
817670607
721486167
955553261
951257202
362597015
277021398
906798187
906118811
216188308
21501401
247723079
201641949
132120635
448887656
188395481
484213867
801392364
131278340
587216278
584050265
174325615
276274387
484723814
563064412
981471214
4561912
34435537
692684902
797445458
156514704
790280747
308901301
75531439
556338950
5268972
863620239
394230784
505337606
767716610
906839061
137519545
842287329
756491082
697144446
813119323
586586562
262166897
715734425
592453085
963743621
624644830
464640
261578249
447501056
407707385
406601152
814208172
675382283
709669382
336092890
499831209
450346192
782513083
870407139
248791296
468144980
881017704
335979827
50794950
334856471
587347605
612200033
17488210
722559225
17839308
21057529
887720336
472520871
75539272
2906856
579064258
260345640
626699738
695932425
934415843
598134485
502418513
732579363
740112598
745107353
861132673
857656800
386419590
910980817
524023495
566092800
422097234
343647520
953742252
179891712
707005743
33045032
213333676
296029853
893344538
71313893
216602565
904658831
662815179
676239152
139428902
556175688
6399377
828397115
312727644
1685813
744942450
6168914
459089825
355079678
530610055
383741287
883727438
489502159
860682441
600215749
334392503
927491561
352317885
135837353
957025988
420251631
59588422
800397370
394881088
828677677
713768926
315405952
102876599
333649896
69828095
937076476
501470044
185557124
787659941
32288256
263844838
457721403
1891890
897300708
973991796
872452764
487715835
352784689
587126302
137411553
59136480
26065181
766887684
992505628
527645970
504200165
746932539
496778117
441203838
927910668
549279457
799607492
929020439
622141498
552769862
436007243
152396443
31455993
599785976
174247342
491252727
424936075
70214086
616476600
799088798
1573
236738382
71091839
47472412
419889176
143632003
558451467
35707672
199627855
547193579
776354485
863825851
62831324
986398358
466138022
741808007
174771590
807218097
142642426
145352477
2839200
720653146
28930067
984326316
906630821
5445428
370537448
260859833
52464630
25155900
439545976
870736785
394064024
975721108
858558116
838532303
960455434
581236902
187199
512994643
218245505
216163165
843371336
290665751
725015916
987838777
643376988
265422538
14988396
583284330
712484656
632815981
802572037
62368883
261445727
756473082
259887497
158259033
187572025
472222883
73378460
763444247
917561895
408660223
210264795
670147782
554042220
46148711
918929153
666061652
261950711
17783419
548108769
741384784
564217808
722888797
621697554
938622963
451736647
793176011
8257619
645783257
193711142
459595189
397655460
601284033
726773084
665284529
966788109
819728636
339133352
555901903
809521974
554205518
11281039
202591791
850622199
19882773
786467863
323155217
884054702
470118487
831497383
64544907
156260253
728862498
286581918
339190090
313772969
784828992
686050711
595132146
595824939
60843071
440294392
174411802
733278967
731339885
546623555
883118369
70436889
864733339
829481507
250592754
567396664
648593638
55794656
801015290
70
863833889
148914554
396822557
208
263157515
535020744
815167041
828132945
981604522
983985857
505397640
411833892
595564588
336157625
47556443
214851889
696700206
608960243
904519916
697460992
912235973
737409563
860920451
699086360
815825692
117294011
436123728
129142367
827897313
1840410
28509490
126481172
744464298
65255106
106436660
262885424
269385178
932198969
442042112
512198540
110417726
782544673
69133143
560763024
668261744
757135574
937770396
917874760
395112
831061007
12337828
744352116
879233909
777031210
340303209
96388606
558849866
519975295
139145412
254
326964340
711083278
257510263
823411176
314021444
603108838
199942361
393602366
695413418
150197743
45124156
332858238
832994237
903968159
230925044
194055439
265225743
460155964
766384430
32659200
813820591
92539471
780299624
400479675
109058400
871728333
182073095
593520848
835906183
883484282
490524469
871311787
872985433
846462061
856493915
279634544
891018581
674466544
477029185
518399254
879233875
811059190
25140533
752305971
933930675
422895786
567690221
276113434
53729168
414016547
800089242
422976890
38059610
383380307
535431150
554185783
804804681
6739176
652832127
869437912
278319076
373213437
132658688
224953798
454120557
994694635
540535645
58762358
418257150
910026875
608512605
179502878
738266470
813629694
690487652
213513400
99316197
324970785
104054540
738720
549502789
509949582
656366524
870474713
544373163
116416
230910232
30326384
712408552
660807323
925934772
526206257
364345474
352478679
903467879
960509270
825391553
893845773
698312417
133022823
329415765
213572381
317708824
150180005
729709410
507656287
875410297
827665307
385659186
38303228
408371053
237196738
756859526
476540810
752538836
979233025
805924405
1086
113155221
502584498
927520228
762145813
645624641
476502397
845660337
296670285
792568449
336688092
723173418
795609168
859522735
91576426
604540375
925449122
655855200
970335068
165562345
647501512
403600735
763736264
984023040
73954078
649140124
162121079
338493256
318211324
23638676
163968726
523234407
812507088
162169182
969118417
743197348
62368883
619232154
884190365
625357255
23867641
937108926
387780008
241855890
399070405
8091507
760386367
413510346
825650445
136812596
810597749
361467701
763609718
317113289
111533026
524409680
145352477
765785932
423535352
831154312
642999008
28828764
838968840
252355393
655472081
95767991
284134656
313794353
802163069
5322234
358392856
255967764
108599400
968481779
653243257
287026889
210857487
268702329
432249484
679884607
64774064
689486086
890353398
925539680
894653506
920611715
305256464
393112
409659344
461651843
748793035
842264883
940670889
451684985
621564449
62411189
308034741
363855332
552548774
505312171
453187622
844561803
479725286
937926893
904532062
516859656
934851815
926987394
885729768
778949187
649706605
417987275
166830826
644317270
94676392
568824413
387901709
951885997
877225341
925812939
283494337
249620457
77510160
441699312
934656266
185000432
987097465
804174267
261450199
532138894
6566400
405006035
411333523
310697398
403630990
595507564
929605011
706864816
871733919
920848853
860351332
829195050
502005255
50059152
154987058
907895069
498517734
63711648
482214266
612133315
2694268
21646146
51180975
701498152
561200714
455455464
841722781
146150478
491757846
454487897
761721308
392491008
326883494
147436235
509213967
411032398
60396779
10279317
277514380
963032657
278159145
933932962
954023027
485624617
231739870
215414619
166150498
619304028
498106553
602953639
28979346
451423571
167363538
128513850
948117514
448706399
786539872
979129749
357458343
992619064
937828478
997103603
694662677
66973007
648404762
986331185
866488615
636704678
992521117
39584160
629874553
448291288
661598756
982771690
862966425
780954109
57382053
954720441
402180602
754419982
135716108
174063380
860566575
143176589
147675370
195556819
645520199
953355354
469260631
300801651
755005221
876301176
122643111
635880988
937789744
757943749
473716812
388561166
454599323
697244581
730555443
134942910
226057750
2201472
481247315
339539917
116424
673504182
829462722
132874524
173406351
90888291
751723782
135767759
631566823
783533237
875466669
193382238
258269061
534671203
667433873
404957955
444069904
609780076
976503270
58706629
910740797
467684270
877467045
239686752
185255785
216614188
613694892
353206022
316658457
477691020
86671705
267722588
715784809
795479157
419189824
709631416
448584207
619194706
410048296
763365615
974851508
946584788
586510584
480693246
130954402
41078521
277166123
808979047
197684236
445585797
525009221
953192335
972567042
18450458
950207158
804647435
61999811
620840457
1287
629371287
823434627
477885403
169992979
7513294
357766710
931670030
157282968
165671294
878857349
78788066
397170420
890127291
148798860
469184565
978924797
945657450
975443234
741088177
67908799
613385819
835446965
33467572
325175789
366329275
452434212
444137568
903233882
748991587
375813754
286581918
926270233
984122730
104136820
189914517
381588480
507133617
543979382
113503825
871870522
890847028
437195117
16623250
503687321
765720932
80726198
340092224
482648548
266585291
112484786
169742771
672617895
467155113
9739206
315098771
431974326
976764888
952047155
963031414
443514
439659616
823960223
211012044
37949456
757581814
992602267
145586449
546944633
962930612
485021711
792043240
112450841
322350987
366226041
750331433
551457261
4164160
413277940
572102468
260352367
842092080
470618222
850833176
218245702
721444847
787028340
502014401
657471425
777700658
181347974
299551592
51015791
75300975
571685416
953150249
715640055
693836697
247914624
423956515
542575976
191552650
492586142
112338123
67266752
868656832
558059193
264540813
729034740
856668870
126193751
708046150
352068485
649391281
633912089
249249474
351264800
365241021
726485760
32928
818266633
211822312
21299871
730423120
209149399
36524622
130470163
108455835
836563691
964500650
192900130
546016125
499513607
134380471
897534820
667719329
65831843
568504992
512740960
401081672
358190603
980938803
359980575
575344707
193878392
216027943
116459222
43079375
977826116
850622199
327969218
73851696
271775174
177517955
765679092
916433218
411247818
686069856
620608805
604550920
520956619
126036664
168637325
730330314
262214269
98110009
574926654
11150097
144294813
530418928
8785015
931394789
724598779
2144
4769856
2465755
694993780
669313115
105856987
705863951
755655497
10245240
437772447
340686018
661624310
230734673
64248848
152756475
372240857
359721504
111626087
315193238
938548648
207529628
190444096
907957480
819219928
857037096
571848972
256381693
21368794
14525533
287888665
354315230
347044792
394172594
775733848
171227959
428989893
435437147
1505790
968142534
800760097
17491732
251792855
367691306
752549035
492821686
389188800
369644301
445034478
685235992
287640869
176258552
439591926
875690137
856330526
717170046
416211582
942183935
75340759
859202550
70875757
357603552
974868106
32411167
384571220
452103511
438703033
713254994
861961335
822379389
677760950
262919057
847922738
675127687
647966299
682465839
970720265
935140227
682852372
362695948
264590679
585265174
968714376
970110879
707068090
928362280
626022252
220871441
892857446
144723261
64607457
478884486
554678440
549692041
604622244
34183417
676689524
645790559
295086181
624921987
974205580
86642701
47735294
862999984
763343511
421516231
938158294
853832874
982646766
803514477
64915162
305760
194350835
677607979
960289547
352890411
258870445
236819111
510047330
419066768
150405521
245002393
173190478
263295566
299892988
277403054
678083394
385473273
872098729
879540987
421073766
637872433
223773985
744616922
161258322
622248899
924885946
168964689
78397720
416595652
906467415
581746323
873913440
453476148
28719561
112499422
206521821
888737315
349432
602541435
422207065
257797957
636375391
851086269
762557766
382329084
402081379
48143820
800870349
843328578
939067177
914903526
501841057
7573484
820593482
4633192
391250984
561872989
100166976
67675158
795764891
516382430
609551525
121855993
323968126
447463584
727594275
980230215
728999342
883557722
449729278
52715960
58705888
534340189
459945362
922249109
838214475
2460
26536854
964066296
796603500
849251418
501337710
22660348
183883695
705185737
623846780
900692384
224749595
202557409
392502020
472292551
202278017
454264652
602088212
272745035
549101729
527988544
475678132
213972661
901645465
73836855
162328921
205126616
62741250
677089240
27105199
830931992
288261927
61776000
178787947
509594824
241041048
526079090
341510400
67331843
87232190
446371044
648946232
284307152
837594557
367520485
489212
386243542
241856348
29527680
1306367
139350843
598039929
970277195
354966093
462069658
659840361
503473761
170398968
844275511
376216646
383613705
61181785
180967538
504250952
309003794
506738935
611188010
326831921
990226781
190278119
793818096
42887778
529877727
452017919
467457272
960225125
200460098
160467252
544900407
817745236
42601082
1801800
926377103
5397786
373576464
12729600
779384491
355642398
215913492
76610339
670445217
636811644
350811824
747133809
556453739
366835233
269582860
745040815
17783419
481774974
204932159
966495815
2730
35225493
90049849
714833572
539208928
82145677
522736707
96898164
120624554
113376259
44169832
403799781
930361116
551251501
717530213
949085416
137912359
289597467
828996344
321221265
985007343
308488871
528731670
764785990
317347048
719606663
353046932
140330899
290576111
709161842
366936175
329399395
358649158
992723123
344163345
142943083
957779117
904300163
904588361
577322091
938861766
941719244
40482873
900316059
286433361
959580997
166085633
317783646
695504304
755114124
367855599
368967670
611772135
494975989
706371375
535462793
365040
559615829
114458804
577020349
969458949
618332682
868978870
691691687
501924943
902889094
110061335
858920044
746010303
291943659
626125648
46103505
6814078
917317336
145884685
738555878
270652608
765378939
46148711
395005005
861568075
948859458
801622556
524643675
297207583
650784573
555081826
40690937
834453027
87006808
945173422
266469432
769964701
2535
347444762
652548900
957329855
147569838
765689709
303781472
957093406
129069144
845555133
608784601
784027676
396943446
400499558
477322444
358377379
39351799
786357785
605078820
300328177
704190159
901858021
174723594
390573789
93715618
173477014
225705144
469760762
427407020
751338638
715138157
317261532
155081438
570995370
482387183
397579384
365195727
635263709
370868012
588463019
915539361
438746461
960644029
337360121
856141782
22364052
370656000
618316447
182765318
613928614
307413516
63498335
258922975
629102181
288157743
347119324
740142125
969321247
865205968
236556822
248999960
721226547
69180050
91174527
348956931
122095611
879325120
933203489
556699963
428155048
972049225
781328532
186884240
541517828
4577774
236501823
658655334
454605734
819989903
858806157
694491009
918210705
479996321
587980840
98663120
405844257
302429627
98740917
742908615
410289335
122154867
355254332
944350799
892124054
868459651
620306079
257188729
26076654
238914139
829778664
525899851
93321946
2162160
626999219
510877189
62827235
255233783
328742505
761478835
993653373
264539598
285785813
45373040
531122995
192914721
857982044
909682057
543536629
491782586
993904672
179902085
810853843
640571099
40363099
532170416
980522906
323437533
258166754
789751364
344683657
329584818
318949822
84922848
682517611
137703526
528514132
520814628
652396142
224193830
868691507
359036
350254808
1664241
960560947
727902817
218969922
554659722
207990118
826337022
635364030
516706854
854974661
412894664
989900995
314476232
293156965
385845025
451697355
3964962
862444393
439688147
222816760
221180010
585843583
849292079
889965670
408408000
203915000
863542932
549885441
12517039
778888478
676903149
847877651
622604350
49778420
794825712
7289928
143338139
232297561
789677972
680333289
690394185
125939273
544776557
468583980
777877313
264264
753941601
850290295
455333525
300794128
674301716
317423915
849835545
656366524
153217501
981721378
776289769
840299415
585329822
479263443
573464571
439326334
837340225
20180160
158784410
468342453
370611162
907968325
13522726
941120467
27852095
309096883
531869230
25897872
215054819
990302791
417638335
521801682
499494061
113290357
848125
448917196
644613235
243579236
536781013
638112717
162320100
187906877
8258195
28858722
168077450
885413137
641567056
387848023
394330421
517720970
957880982
274253119
204088711
761326946
272921163
231312366
377862646
618286858
967736841
159560769
475232239
796389786
807365778
352321089
3049188
877876448
985876338
71613236
873377441
304089386
211203527
213357723
481296276
833461262
636375391
22020090
505879461
291564
658608423
840298942
666584408
258264195
337449680
337600216
252506660
149232728
32828513
603136520
870041546
