178423926
191780400
981734210
354625672
222385726
444205408
701456600
248474476
717503117
651871734
647751509
773500071
97202084
346582960
180472326
675489761
365736332
745893689
368545142
157943051
526592
438712789
133224576
803493824
967087104
921687964
396593267
16319
430151115
508019817
365501367
155790946
241636933
799389669
204602945
770670721
583054063
200328184
591976742
937278684
942647743
776505142
367200716
355334692
144314698
720251647
52164627
915988473
952574334
142749001
561430784
310036950
672920655
975382036
330228516
963284496
693189997
729909722
127988349
962324233
294581884
384435833
174118899
671447390
738744204
65155204
32959229
683779069
932954819
122076008
12
942906308
950030830
825930770
868290988
369549587
550437303
879670674
995701370
394642026
187711660
183232384
28840172
662946567
286143187
725497144
85577611
116782504
354572037
243831487
716882654
33763038
340308699
246822145
944536158
397009408
648946593
29794663
435321859
470524018
725068516
696001419
822234110
594491509
856454487
31599521
265372823
579286780
459687784
503267426
357510728
205029892
624808485
848166397
94070617
442230927
106601173
997996645
220189302
714107601
996606607
254380244
593838376
86080540
179775283
614279077
321137639
861919151
569274522
757915871
300385585
662023802
203240325
68216474
46541075
796298034
154
224076762
573779935
308816
376949385
426658133
759750036
483581447
737107688
415067246
728537910
40288335
296198121
542493361
136028067
448044935
915345586
862302221
38408123
145355514
885502908
753404168
387724609
234035170
872634321
151649547
383890093
345242194
643413467
211836770
283305088
389211287
989815113
601782593
876227644
797599194
91248592
329151947
603897948
364267552
321432680
320500961
7537167
320236
284113132
888619527
983599913
276478721
497897591
914203064
320545117
715186686
462526624
231401261
628043263
743135527
649015680
1823061
516687601
165822032
838796099
214450309
879789395
682541569
532039403
543774987
930602350
980967997
844599444
285196528
93432894
444604329
94603242
524901216
885187144
440946995
959697227
689987665
988697385
500235447
114529502
123330320
175294527
238746813
438251507
833856861
669040926
99512102
737441653
274827244
711696525
205347538
985397165
557312803
382783025
397196272
145597847
296990785
898400163
182129527
500803514
344506058
200025175
413499602
22192260
362128684
369784924
867966584
560280077
880467070
676594762
761171399
396791014
595961472
568916814
527457066
274348198
616104305
41356649
984688095
958219778
871479401
825974839
861790861
182212320
704292476
548960738
779839449
318280712
69280619
797481832
807779171
92873711
774715034
619246666
983934133
479982660
731784614
896060902
43717895
877774272
629851298
344081416
803779489
934462654
893372032
63910934
723520274
312226284
2136
473362614
822651178
430378845
608692845
18822528
923162737
116810057
421599697
51352422
907968897
649671401
55152
323392760
833391193
269008281
747809636
670667588
396032356
151534444
371944263
24041753
81648000
622866575
58148810
564409548
191511043
852852611
192606450
768935181
674311373
736839872
420697399
447125755
341138863
687973216
928229436
560052053
942807522
558774329
112752337
80239115
856652798
782610530
618009883
642319428
887414186
414483774
621934048
305862296
479018957
128663848
789478037
985273866
179960366
436053697
550400513
219378372
824734234
16631854
888719620
95502379
164654438
787256683
635825398
322762583
731144578
161957476
985268164
388054337
828382647
652543268
374098857
307129833
238314233
368155278
200147082
824282037
345448924
913649574
641743574
72520240
17092870
952955802
915382664
702638873
904721212
175479404
705469142
927635572
617532648
865195429
113906416
923420741
860682555
613202056
737689425
916993585
121530325
376086316
558127802
254879117
520606498
269213286
753720486
583458372
58086888
131029177
430145415
580079630
182045000
630078718
961649481
26202989
287080861
485018189
736740051
798985031
648131838
615849927
971252989
174790409
338326907
220984729
771386352
246564800
724192236
453867025
30845856
218729878
243252714
694590179
504314687
971485926
298836738
459925436
708495955
904605633
755675306
466992598
644312648
836871323
764005809
225311057
784983631
257164917
327789740
366365976
107029941
826790578
828193142
492166192
629798087
245061310
373579791
84321949
526757689
426901197
921416594
600870566
766809308
469042619
388327485
743882385
988053007
233958140
696619495
796357573
441619792
951511541
649093943
685852082
544965724
622654148
247452121
857593317
615320498
730781643
26761694
375366168
51911595
770025982
663113026
231031838
721876126
561013584
606974290
609673509
997206635
855756851
136809713
190719254
55891952
92084609
251737839
206598168
755805543
657392491
483184676
806695414
790281497
925176615
43268189
432576738
222219341
990343909
698807777
218514515
394505060
210363852
428133054
256841908
855490272
642084793
447974038
983845407
853328281
489692835
358503537
185594022
855518439
646643143
942572739
572842429
20376123
229430744
513700191
269152565
975960051
516611156
501962382
728115164
966747087
86546093
206985156
246764120
917828875
354959434
780326795
949702963
608794418
46822428
675183355
272669812
298783521
939218083
809484347
893494938
564004545
659849065
800925755
243620778
865607973
365982395
279607349
146369857
974553890
756320808
214527722
285567670
36637758
235326029
257226292
76724720
184742032
23452040
252216286
205319154
692361446
689871657
262213189
772995327
418389536
253374026
52058185
668222422
317744114
239760356
658871953
233974160
289030198
903704955
109271106
680596037
445741682
583874979
666936275
963219337
41097517
918332582
2997477
374005507
51191011
321749680
453500942
837197362
294541655
849579883
357535803
344280955
2684
374537657
149939690
656262392
997756048
350832268
115815882
47461889
516318772
688904600
978674134
510024461
492481717
218054587
832401205
828420166
360438359
485716066
872888067
642046501
374472498
438943414
445471385
914487617
30015929
664383673
118901059
212579795
190742613
435326879
714826446
168233666
985497269
455624719
653490935
648209528
13
924704256
778512130
343706931
785217158
330688850
637056753
310452478
538266405
78411289
75099122
492752970
372825947
569011900
579557707
611307108
704930233
570419713
717057958
436331877
30972629
819191324
442304994
823027861
215367626
613892533
425905994
553571264
337799813
793551264
83922077
701323870
2334
134592926
698139383
64591900
298365855
776739057
641835561
901504267
179229108
212864897
281972258
484076955
439439933
292420146
171130170
106267870
996866258
222185660
545325787
27855674
355558328
513492496
798520810
503762639
256808166
988552775
772371702
742324549
928021092
486937348
495607434
602047770
114605809
341589566
264756065
502184273
468516770
510409185
28901588
113619709
783042711
290092533
561100744
934162184
544554332
396085649
706153456
4050975
513970596
706891485
107893239
18286223
853392024
705893774
846392567
991857806
53567681
226886298
320475152
932767702
661480049
6123496
456929603
889630172
519092915
3974880
121046657
678218365
383517269
371120773
386688381
791360354
437435893
746990895
283871905
115337962
213
388459270
641479372
81513880
744750079
15057869
839457651
984718450
741820332
569710780
706313616
420760733
971630133
649170572
760005010
109718289
405951158
501344312
977332578
575359333
547803531
858467274
693072300
272491563
545197545
471766219
320742109
25362502
68516297
889430285
783594066
612560210
188905041
507390661
768435701
18797706
835011146
594145101
264574373
735953753
897617268
597608668
796621690
348137392
180742357
139890677
411063727
216462125
428542592
78303420
843832275
660664021
776885623
754887936
914344735
292317182
944880824
474651013
743281212
33048445
38044299
597038174
616693021
566517228
85193409
780999692
178038737
370174433
597437295
675803831
370971213
337806228
575818865
722261203
155318442
772163499
180894218
211247653
900806478
64671619
17907702
362291078
367162232
202784237
228108254
175552749
148765166
68973299
177371905
33092776
259212527
457517167
344436
610894626
705641445
848785876
135090135
334447309
788719175
70574846
588232372
935135536
230087291
547352948
383471601
452919835
27826236
664319612
603090198
568831470
269824218
894510094
764524225
390442850
108617487
867237625
675248743
26763584
163425480
571562765
852928790
202214244
6748012
68150770
704302839
920042648
145064188
685481344
139150999
331822531
670602048
197469594
793299304
781680549
780390733
263262760
514655401
938368494
245808549
889890063
801108707
811286380
786958051
973933064
395382471
73386390
634995471
224449422
512957848
293688060
243129909
179244844
546786756
736997012
96519763
975980346
124146162
852993193
287708134
745283542
807896399
250425392
421090379
281258941
733911548
256010155
772732463
356293077
611193095
468079210
749375316
318917858
920568694
158854356
472021127
141533078
148476312
503994839
594518951
854053156
273125588
519206268
342238874
238994079
552226587
471901637
351058574
208080416
989517507
286816514
928932642
88429911
831210267
857704961
382405565
362534586
570252533
432865555
222168754
57013283
679384473
499780766
9853410
986324695
70106977
524513738
823371218
27265166
610582996
930358050
86900029
214450425
995185616
914827507
716845621
795218212
367618226
561593344
161324422
201980969
468692397
25669301
325240553
908333157
729048040
586332915
245710235
59018312
359067080
757180340
923234380
864726087
874976567
817521592
451587927
99745285
310131605
890476875
558238695
315847040
57637504
638491538
415699359
511177040
120809979
657658719
468750156
618823843
301997345
538499685
467113859
229519982
640410406
238696239
680942778
869548624
525210708
526211995
183768622
87869150
830505600
451120860
903468874
677548096
117953856
465322794
19111337
188375754
942001686
119659906
137142320
339697741
200151564
541296431
210239161
872392066
964751723
63474395
933247825
636782566
241281306
978100672
443520
175631585
996511090
781788081
541928439
438223294
904034787
422026092
871206908
375176716
69431062
713791725
808424373
530096164
36223462
798621360
332310361
58485599
418670540
994629482
72759752
767747334
562089728
875052590
635637677
203264740
675091882
805986892
593506987
466133662
451358675
306902497
885985412
589417360
685202924
161234866
907555586
642469075
107734660
888297504
104323759
887423125
203562647
157335411
925988108
754211896
432136308
155884857
592322237
936073090
729293451
440244908
723164730
210700582
739144729
701805157
585065549
293200072
231461548
374234477
12897109
114635561
779646649
919136515
573967135
55236452
810007895
255118536
3235292
704657334
488249548
81294907
984970548
112945674
488169416
369471060
547241091
538336469
52572565
27204898
738822946
955975108
701092470
698692739
879904786
940450154
12996275
11286267
168464
856018128
133407315
175708879
581027802
443631379
696653435
160054830
460019484
521562125
111811157
510501365
198948837
17684225
946052656
752117637
219391427
786217208
99943177
158294563
752154076
966164139
532868062
448534052
868819064
368585917
252925558
815378641
126337656
353053082
241546166
493999452
188982190
237985520
673883304
48535526
512739485
856983664
61405016
158221728
804396241
201195670
589289138
117910041
707035015
73323935
292431400
372689879
273990768
561557385
684841754
981711307
967305823
61190068
68767516
811050467
547949453
343208163
792267855
336214258
549131126
404010595
688011864
233259712
129104022
505699378
647583972
382929521
101932737
561603453
130059433
984379891
346003778
378770602
427575950
73913484
571034904
744266550
966079297
658037872
390453117
277428489
414714953
738606544
456309892
865347578
499120162
760302655
226450086
33323362
588200567
402153912
324157375
917351952
607017832
462991950
463888631
596791654
211742918
333123374
859816362
153693741
574467523
19934885
998115122
973592824
259491990
611066342
942502621
559900410
251639226
592866193
325048255
326822842
274925288
609197134
898760107
828294265
147487099
674189072
277745275
515357654
227427163
732093527
246898916
634776358
647209264
337244308
236242178
89409941
276617117
944414880
325251877
139030886
908008819
212981727
38900723
724346210
830588196
961952875
933867435
477485052
335584555
547693827
531832003
207630799
457946443
135681483
354970695
489758835
699835939
176385234
86427055
461756372
240348895
348525330
173690728
450972979
716594944
584186855
596975583
897296655
658663034
962324747
732535341
2844
168734778
886620598
773965273
130183237
520789595
502382021
828632791
180117846
850389713
107039602
245689565
207303691
821126015
530557241
272059340
856395436
858124544
5610280
18082686
545651722
346761748
213381358
854094619
201402093
623513502
973209412
352014775
209609926
295353915
451121739
976980314
643770742
760121639
758675376
588215887
891040925
675429498
691025539
408739664
312136988
245558125
899414011
107081271
358542310
267164847
326382179
644247262
366624828
62407948
858950945
843741756
674201536
459943271
641364855
640464907
346429821
203202101
328379193
920781104
601648007
170545148
540604488
758276976
713092446
630939355
716385385
786343808
221896711
428928914
878610355
523016466
754920917
79339406
983810055
917009343
875783315
572694079
853848548
399877480
494360428
232457446
689937723
540541324
151284129
524220494
824439105
783748842
501862692
747725856
941258123
307985924
690660494
640933155
641570088
65252850
416812753
983625593
562723568
679230151
661749662
510019197
678912395
603727268
509896653
114248447
126646765
488837654
843026911
543872841
127788073
941514028
392278461
170710362
178533454
560488057
429201313
865720304
156690460
557101344
50584079
27168670
542912747
159829374
604702251
532595356
336072759
826826047
817310464
345246103
885402978
751067726
333041941
425803011
929069610
627016683
305782692
875704520
975519875
908856243
344066433
220943618
741433852
399602920
667614984
434595974
388275484
421778952
5950048
35274142
144101204
225682333
583710001
361632127
224488346
5528410
636361138
206511085
401477957
866537790
84653461
962353103
599814868
135541186
343670850
158179590
402458078
545499761
571770619
2682238
980237407
581050071
512159523
367020638
372945887
35351354
353945112
30610150
472571302
731780584
504217708
404009805
534927600
914534912
755434646
39392929
894084777
54045347
860113854
247809665
674806044
364845393
303343859
765912726
414495566
910557411
472360635
464690684
426910551
221930395
532154713
20692413
259642371
683255781
137370943
826973931
973188467
572955760
556267743
905112563
468407326
265122808
764297278
297654044
312205544
960954412
488789017
103272177
975813803
509233826
253181658
772754160
606459587
220032614
306619281
814243454
505038748
765741595
562356848
644290052
397909186
907828935
871600436
560513400
688636307
505068300
848103007
221587759
694532205
449543537
487188824
164331349
993383503
396851189
523095605
412326542
511618104
711589908
159794519
834360209
431323819
496709887
599398248
773397004
396319266
69603438
498600994
831794333
959430754
628656668
251413804
988815915
640634764
553568048
789540102
104643640
227595467
187876133
7819304
478505013
784956932
56839269
112295045
991662596
496511723
379741520
21568206
814009396
883912927
126598660
581061218
464576983
429466929
747767994
461913422
53436161
566019038
740927202
424984538
220853686
730805843
959682811
681607574
71774071
554826843
318541112
123446971
590600725
936075459
464943743
958031708
650028008
545286083
611184188
88044810
88464174
6364262
35057363
96337704
317588998
609210849
625028127
406396588
718199997
535056697
967767074
89162673
161415911
370871668
660689167
497283144
651194776
624669497
355684487
474838481
767460597
422505646
263809843
524553289
805037647
639925290
287453100
208030708
255357347
465110431
313366119
104845161
588365125
245363189
851802042
281183228
836976860
963313876
830195626
41252611
206378627
916273590
890348480
485281818
965946766
821460216
866777280
386035468
514999828
659105363
319383239
159253802
402435742
789363396
625734319
825453834
396526742
781493919
918545727
746240712
321777888
697983095
379886910
480907129
674159461
846672009
752147943
513228972
193122073
807649590
9514870
149186114
472009329
623806714
957290715
856250322
49768965
738436144
241561337
188239443
755208581
610690326
168206421
188452809
154717191
811907350
119044290
585378669
356727056
961951967
268445259
409329207
781999015
880213578
907297694
388829961
926693935
862142853
299304953
260213785
14663714
559042103
5768787
657755304
740816926
241967779
271586097
829761213
538688252
793929806
381705969
425725376
333194640
957880650
60310545
564104273
93539191
218578993
146661052
961767298
702271464
280462517
258952867
349991995
393375630
263793542
607067129
337463870
175334743
819283220
278961717
997221038
476927589
661780804
628577732
288400332
305616797
664017803
194022708
903748718
136871333
33882682
213659771
908241012
90832090
504177259
299211104
128539524
864654664
161279414
42419734
221631998
505888078
875389967
203970974
629899708
129616762
406303021
944979879
3346681
267541637
975435064
274240945
407701125
911232343
57812678
120959959
981595004
742633703
924644675
265237606
140383393
786409067
603498710
44286411
559144388
466785721
7709217
606808348
896399746
247946669
735870505
822335755
507745855
743536858
616723736
524020507
622381437
959380820
972277923
996190799
315781122
836483193
582559474
477077133
605233210
136224698
576876460
492716257
352513019
849820821
992887545
832089640
969817663
747587991
578492217
14723576
778194604
223635738
46402991
691072281
469062408
775937361
235984530
626809313
321604304
39792783
817035092
925089306
58588360
169072197
587362355
437304545
775622163
935300348
543580295
258947897
645931740
662798008
462688545
918706149
428357457
386375884
524878289
520441612
395006429
740219783
446084415
283094463
255690319
654584720
977883484
453641433
203856714
251345166
377689415
724080408
464640836
12960
784756763
792150908
536938660
421289594
247801588
53513747
540130821
113627605
617452803
177606177
43741421
512413891
334426079
951363734
970514177
894334011
952413195
898243302
768046049
112336884
445395774
299468908
187874098
709690532
43187725
116783866
389044071
974997883
471831628
452636121
371806150
633268122
868882775
752667294
614584974
945404200
606346295
518666417
948577706
571596018
561641099
677240732
761465442
332006631
428939405
195440920
15225103
921962534
52637070
733435704
974304479
292447087
970987353
18834892
358976656
756938367
993349368
3421440
568960365
396095748
183394699
32831910
962813721
823901477
517079674
259488879
54924461
805542989
282178302
605504638
785124688
687818789
896717353
842205639
618840417
652712829
749533917
665369396
682106375
987105484
16855739
613631298
353374314
900440906
400315268
989068442
141810679
670253355
393998091
54637318
617757933
658798282
830311434
335766828
319141507
294330207
770182090
797618499
728892794
936581253
548140809
893898632
108205086
224037443
723422927
841109432
156241549
959036217
282526937
882824175
644681254
753261631
111075770
896415331
794820772
318016718
11461541
271841367
724183033
105108557
903139385
599081095
980246371
287329220
283990237
259937305
283206341
990492189
35906341
330010268
132453865
569865303
726084867
682472623
706082417
670807725
97181408
351188550
423485065
859884921
25692
759507018
403646090
826875208
601150469
176955593
772724374
699429741
735262915
969997822
563218305
383664951
580361250
745745703
733455368
967805638
677629482
134515994
156941754
647357946
964120653
163003871
468867447
310635934
572853962
486899556
491595243
972938108
605213704
161354956
584908261
949369122
464641742
640516041
340958403
48066480
324054344
909632446
625506435
547446093
989441429
140973518
748540212
638682708
373455284
790718266
348184995
930785308
873173687
336122879
454439050
935792115
82658765
43622786
944656690
129120313
302529185
605190685
230198728
564716348
255023545
495708966
205700819
791263451
116761576
849613998
278848570
401594244
804620390
321278673
152815324
141649852
476340804
401568124
122730065
941424211
437940658
847729256
695282334
162477731
254716213
920427647
675724505
774583931
411334225
374958729
902525218
878352382
367917428
530622686
958695943
127260900
257290720
228425113
684918794
597535289
697613276
864961633
439414308
508268023
677114567
390261098
381388745
490117735
206198476
183911869
870742458
693984879
114740117
932376204
762240256
708381914
148890243
238642878
459704498
245381533
142196167
653377516
726087536
657966478
194284676
776957795
672313975
743133937
331921622
32373462
147275931
208864781
878118097
944550176
764438954
824217458
732347246
26086904
374703335
715915170
470998086
488322237
982015678
291952906
127789959
233198127
915317431
394535414
625626873
2838324
592538171
985682770
263809843
567719539
978989823
270047742
418431384
455772422
752078547
207492203
120150097
245672218
6733022
933180402
386626492
797756392
518092168
3572504
602796377
465038438
186640894
222533857
586623818
520802371
565371794
314891507
229490071
254254126
621046514
255967744
17847414
950419866
659379261
500424507
930812448
573240039
407147891
719482955
479638051
759114390
207633094
601095965
317964583
611239776
583827315
933929140
580914122
394351214
423318153
388958379
885845718
157489185
466935184
372962854
728269712
727983025
914412966
408386718
942935487
78696162
150608340
319849531
301079949
303487974
938389059
705087888
164248574
840996717
707664233
568929461
376645208
21426305
332607099
269380288
502306624
399606292
384115874
409112716
496226987
400564054
967916870
699903493
31582858
141340832
435638385
561014246
520718901
141344451
336902627
483103595
536917928
643811387
427089078
749997954
489665582
164594894
935694394
181773848
615167191
283801355
376503782
139876205
663153750
375215353
572662755
562389503
140993281
921221593
880485726
205178506
734535086
185882828
974527812
62391559
814422592
326913011
842700483
518662269
23995216
399804
772894979
675683324
164589667
379702041
874109785
658644366
937893991
526096465
969440476
556187548
222478126
70905550
656044484
311879683
842032455
568012526
988525039
151981955
187891805
344329900
883555058
451837894
854404312
207417433
659567476
612134198
50642779
442185856
305176327
77745423
614342790
572169195
382320838
241385249
177394413
356338779
544555508
102465428
82986344
754592275
698062378
384735559
731574481
966444085
104758523
539084442
763923066
445170956
179014919
637530305
466935184
410672305
924729098
402221407
851484379
801489731
258523770
992500828
904112032
38981808
460521887
545263396
811085968
82949577
335907506
857158784
147215735
697453804
335643887
853815198
562715721
396391350
414700518
131486273
119871994
484029160
63884549
612892276
636191271
527895185
556786148
921679082
517745034
85669301
831023430
167247165
370079380
590946084
190568476
558649749
823435705
926708232
93492070
543726098
74449857
238554531
568543535
854601695
906792271
17999785
206717690
685724079
759259762
363127240
542247652
699411744
378572315
640044979
636240802
171610625
835697794
733412259
629517165
921280100
418161580
331079610
411490124
484673067
95335312
112559735
955042306
973238463
515537363
681545733
905685587
823021626
103165580
866547238
12841201
712836947
851831465
865295165
189066147
937619738
117073980
832021373
164648246
758386392
667813306
792041351
376746048
325180527
705692736
947119739
431290738
619051417
460094707
913344130
632986533
503134047
348028936
270645861
881800374
124743292
150621492
166639656
786767691
795622582
859616916
337389085
995828228
423582359
431885323
675896889
376231852
248450308
965365046
627353675
857459093
834335679
677917322
697196311
972814191
930359416
945291523
36266452
778248181
877248418
176771074
885956618
12138153
719368066
773303859
904691046
178915650
195735773
577320567
879205739
649191248
510182180
425463571
28948484
780742449
298112218
719508238
275551661
241026812
659223274
17656909
865576459
97077811
603070422
874848671
876750727
712857090
211533047
280604704
199880644
963698895
242419168
501744754
166825937
37596716
321052033
313512930
34745417
922378426
230571361
528410662
794647994
201813122
23297872
505586215
902131561
20521076
655274036
496246274
470161692
981800369
179497911
539881612
428128763
105921273
400696041
491058960
192229692
304012678
250323240
700002031
529883027
479143788
157681684
216694353
816139719
698260258
604533996
18219
707057224
397306098
91475024
804575203
277598049
859833517
163456349
434414509
404686297
438983405
790294522
455056635
490920521
718356476
415406758
291226621
861004161
901973211
440915478
828907911
550001017
471650698
145619421
894077772
985788440
348429998
838824331
132923193
987613261
744224013
505758338
935839394
607477891
438722489
207841804
762395518
239775686
429787356
903244355
540741479
842899449
423885915
500197861
203697212
924157199
334226347
474488176
559685179
466385222
250067866
677532605
218617438
743132492
798000347
138170723
353083849
266208310
293151105
136885339
972423273
327406829
23331661
517373262
906084264
157117055
943160527
888024296
600382051
961067886
288494291
101326848
67793623
755876774
919068534
227389058
925378946
564144628
415931427
647653109
522423837
997439258
562024721
935549330
274053645
161144663
881207288
93226742
144103207
408398300
321137639
757130747
627715102
44459432
584626642
474934970
214493254
539239416
983670716
405249489
338138265
922202408
353238553
945212551
19751827
675245191
279556227
35634990
623385802
879079576
531728204
367719531
694004070
587513312
328724232
947263213
763182505
822048306
206495819
153328136
281752766
215709317
369351464
387669063
562832869
310135416
221410428
850386407
868634519
211565956
952495480
433851409
560731000
669923859
23223606
368972856
476149706
438120378
527608826
922911023
682433625
575731446
176593003
636740854
280839685
339864455
856561838
141172142
465359740
803231744
289380211
670685840
850627777
359304179
639674992
892747976
962198613
466600148
115215302
621844083
784985273
115844449
913311728
498690356
914134944
157670691
350870057
698302515
596011009
958292789
667313900
680189448
216456638
375218663
554135233
516536879
8
595186668
873021514
324328932
380187582
316843518
469660705
882351930
690313954
53823055
310515663
304780603
868685598
161117414
92434006
805142422
284776198
401463636
828124490
583839615
899247174
369850762
172818132
392882367
356560803
534008037
82514647
430418511
138093032
475114474
71111605
334737495
623800706
660354067
363936000
530993861
990112978
360086243
602107483
347849731
826238060
53807437
301352166
343344616
106831710
656407095
956926562
902595839
986043095
414593276
340521220
876959491
309816163
925202723
145759963
124743292
635643724
291478255
858010200
557408353
205805606
516755921
233201159
697278702
597624085
988596912
227458536
823048697
687761113
824854895
113883141
369144620
400132801
312644067
983459053
49292434
526803557
267775771
238502906
74172324
632290545
604559031
788001627
925498423
513067567
199488085
604024206
61788267
799012606
159047929
176598427
556959240
375883045
281362736
759077454
196415274
735063126
553202414
608943630
865631334
864089815
535638707
557803445
57336136
677893468
120040022
541474677
575922230
944164606
811414402
445926933
324282190
114936665
20361245
657181401
543899745
179275330
985373702
359218518
952499442
442004023
474046321
907169720
616419429
323824929
818740659
310751686
370576068
811564612
886889413
474719348
571989075
18488529
905651019
105162906
500177167
812842589
454551463
674867616
123930411
401525682
881914488
697334538
716091538
369022862
550561162
110172612
242011833
75709338
130766943
949657638
295999249
100088256
48227293
345565418
639293899
775950808
75101552
695700868
920933286
794190887
22924
35428616
508363633
445238133
504010129
961575914
840481832
549536632
677186919
687764018
975878311
355259373
419520238
696285151
511454057
882486000
902970682
662798969
417093573
616006976
177885933
488681007
809329142
20747377
909460
152830790
810315088
213619266
72580097
880955284
101713640
650605261
671212064
494259432
855451146
398954124
225106177
364650
906432235
305840554
655444450
638855358
477523104
687455433
147244125
849345926
348925328
4914000
767901372
170526286
612417223
723411456
447594139
348338341
641396383
428442458
981039659
369112646
334225982
625193507
100346466
260103820
668838485
619372429
364650048
866056092
300037131
485561470
270599233
745004836
98083096
215365544
488266066
850188473
946390260
714636753
89561679
533956387
802722488
521193852
593252905
106454273
108368542
927821438
915889856
578802514
680153379
612644020
33010485
291744186
399999460
551563116
95820311
347251708
929039830
826718681
72080295
7956325
379476723
489389925
393991259
550266054
83114015
87170008
875904158
812129548
775780100
525986385
941438676
737952486
505003650
15573503
887356434
602581719
789239879
303602788
455907370
195120408
25621115
179586640
16198685
136558112
497342715
729245741
121769098
108884278
856802329
325550325
314594669
563240611
870341468
454756773
652022627
38807133
205185804
342878600
942139599
66630793
102104223
50474596
68811868
775537389
471375601
817286665
168544588
69392061
590756339
689954131
615597955
701641679
951020291
465751495
365297383
162017484
625825279
250949307
603836635
489584288
748444312
34899836
180679700
842194997
67459270
250766985
383314158
82576102
46589783
255426668
216890932
732383424
58640716
155729064
509882486
436299825
474291615
785608107
838344775
860142584
330868061
453144014
370684854
341986684
409204151
61345450
637392641
25692
371996076
912405713
152093631
98323002
684458594
286403650
241140199
160298786
57656306
611811148
628773297
739747868
182115609
7290181
932543038
633444178
680908718
780189196
768921837
928942041
185875718
592259896
108462263
536980748
984807075
107968021
478097839
488088331
750431611
641835787
243134832
148238817
358081668
557155069
855759846
662105463
734148431
631415942
453445619
184
715392416
236756964
532636779
87491743
706097661
594442566
757218213
366628458
157105026
488811326
704452355
583847669
450021648
674584888
951176870
563951748
588784671
896793857
517670866
554324680
99979318
698980133
254873471
403735810
230714125
596274722
505301039
955113778
503016350
275804747
725419263
743626300
862924478
874696301
494826239
916561638
218300417
750899690
293764782
2690516
280229730
595519323
629798087
349067432
792961312
964435370
924862849
331594707
704807772
188935158
400330894
160505749
644958307
599976982
577868701
512963174
992212777
967419479
179531058
286382213
495007048
327361081
568029395
49106012
829334403
77703143
760424757
141700778
882833510
852073632
508552291
600131256
934540552
331894764
279088390
596685288
554355696
96447723
208054936
291989659
521214707
214193094
504568996
303086083
839241065
824114138
930980949
594775234
996463540
787243324
271664350
943618791
90382922
223759753
520166975
687641837
171475759
683713795
396060154
508072817
678989146
288300856
260854574
256191823
335608857
961067639
43030153
860009126
922329899
415215633
973389191
560722677
503952540
373633311
627508931
287107495
723794046
438337705
732434062
536058581
805586325
320214709
564832284
356342066
48297487
317487030
333312467
714587156
932457224
34504229
954847041
554327075
978522514
774689284
770557891
623734797
232085755
159003952
16640506
507551690
899280398
785759399
854104651
219894033
624445377
681634644
917303646
773168104
376497454
638947682
78197608
232621608
120191124
121353710
786707083
923317234
559452653
74552029
186640894
138780709
119886212
224731397
881038189
628852777
163375848
206392580
575272693
481633294
949427312
894462847
388336988
796232981
633778323
231472720
982897375
592674409
363224188
425060672
188286219
590722669
326343111
58845752
18844447
855937325
715368746
409344600
370770987
979497640
859730471
38570689
277924316
79578470
184909204
642826681
261114616
941282553
174595971
89382115
976235053
895744777
18995761
453051929
452778445
352653343
26484395
46221035
915437524
75791388
438191506
515752329
267792764
401432518
361626270
561739486
381293851
166102433
53072704
699193031
554029194
444307289
142652985
72175676
816134833
206185994
302789298
649864233
555857706
436744816
384439603
99791983
378183568
586197838
86874227
783298207
228050922
166586827
284049525
399710172
595290400
813061232
189828772
166767855
59476850
451927243
798759696
420123526
681024916
38833207
83178342
731836929
810919042
657317634
877894522
929437898
228611774
190709257
654543174
729371716
558181434
629483585
969111083
932073861
406533384
167462344
588712555
622279398
25638856
734222300
508507259
942704459
831521691
896086445
927541787
134275483
310206731
147916226
804591207
859805135
495989212
977885098
937336166
694443428
983898783
246903765
471905570
789483143
858486588
378933316
77445118
973480814
824384104
900197970
261475309
489240249
990267200
653413521
892310483
165717831
103765878
575421012
802066023
345414123
800374893
444987447
435222962
747730712
573565907
6748998
400683666
313684563
433799928
628174700
259229769
241802679
883270177
313317090
138424986
45895460
158401197
356789030
155815229
3104
201812889
42512154
639353443
776848280
224122498
822429838
12357755
309354143
282918932
472363583
210677021
290721379
582361291
790999427
518588574
72243323
743595094
90387433
608060209
126548934
948542563
689600772
363642357
112913621
861244142
344146010
451934695
510238460
64908318
996933466
348818823
88989037
888731363
106482702
613345431
823998637
813468716
315307680
88240656
546551338
681607574
492187646
537856471
733706229
583068847
900922320
730424846
243842624
321306152
996180382
373810370
505992508
810896536
848398688
194476413
828160293
84295244
419563960
102590169
176600341
27055043
430446115
786709904
129469009
117130683
244387552
650331737
235952034
685846851
863223696
233133291
471079394
401776239
435326879
152703942
763556601
829309583
646748327
482848921
340334066
182687602
231123579
417011054
416426198
337834889
887354377
671188554
56448658
907074144
310053482
576701379
126651302
903159655
631327589
721113637
218450778
936239948
122449926
72519403
274103431
105966473
435580862
134861777
501873570
839348695
938927330
135768781
129703063
934886322
815440495
374055797
346783223
142367830
907926277
294795031
954648898
391647788
337806228
781011361
267146404
812869149
32900755
66334761
200865029
940564218
307488060
801762635
481470647
152699840
400866716
417870367
937819108
927015672
29380453
315463239
6683549
25520225
649389772
211253851
230383938
904432376
662295336
901128006
469397775
198179134
431709048
296570718
322003674
191688718
200910330
517604734
8068971
970403495
607299955
96368221
758305157
170179383
716777081
474970755
925131571
937224118
21988346
377164948
696765741
234008854
938352155
497832872
745790645
871982254
665953228
168325208
410557194
197775757
582309059
646306762
344269707
267133459
489535392
556825156
579832142
965762883
71565653
714230016
740388147
173224970
240517497
773213765
619454808
932050803
505726305
90460097
513019769
835840776
445149319
299472451
93348953
985566391
994412539
311020281
823071237
337692371
588925216
346725111
552728638
20042824
139822696
204741276
435876881
343360481
883830999
173104722
533381844
122799758
248472118
519700933
36629084
613044681
394363418
110152081
269954785
184696491
439338405
984541578
551885464
929919625
601645922
668564338
883484932
674804256
542900682
920640409
803581546
973280876
608574408
383666222
903121534
858497442
686587897
530898795
209733411
963852177
710833099
102354130
743397356
386098805
863955700
552140023
667125441
619718443
963359782
775272033
768124866
967649720
898406221
452478519
766626527
16254046
923581860
596421903
815309269
478090170
759533759
720820487
703027259
152692758
99864344
189645383
111683015
192720095
326327307
365055593
482094470
489961636
653236680
914896184
190930369
384632706
946219425
199833409
774373871
957368746
81538864
280248225
637964763
728974438
877248945
743405299
541223566
866768845
590890501
859957268
9
853331653
852026221
888393116
328764414
676372660
543899745
979648127
462557462
698043832
284043132
657366808
874383843
885203117
784491822
448020650
455901560
363235582
209874884
486896604
726738139
843268480
819257724
779850686
842143320
658101
384482533
33623230
52100634
693497699
72519144
166915738
759564409
742339217
781402821
296570775
732802867
379869127
561883731
819132290
742576292
750989704
673420811
864678962
871305855
14283516
281767464
399329063
219981963
447390512
900720042
483701904
438709298
899991282
876688853
71714811
73693610
747150185
416444371
569699461
628911397
723918718
790087004
925520952
904958226
297697215
782477985
460377743
720563150
383609657
70706143
723602151
891779585
138320904
199382415
864398170
267860952
345067247
715121140
963607837
961340097
496665573
78002793
525017280
124590864
737957588
165108875
390466756
428357457
502692492
577523312
949012480
647173827
984183695
767499019
188996029
455563564
988853540
233873339
893898632
720888945
263842843
753635015
693083167
643302504
156689858
550051448
662172626
423649977
889563379
724578805
125929612
386228942
578212750
693595045
987395431
572043467
590168193
673354776
277248940
150599642
970365692
576519314
739652017
305848005
98751306
34243862
645182106
442818789
86403126
216034928
807186356
619306413
816541458
159482716
3280388
900533664
621710402
620423960
369195899
780949083
876904878
553807875
348371980
929905019
570216171
555129348
477932406
952042297
525309654
625468924
756359558
985552652
680911412
108668462
826792395
671504469
778880645
341078806
297261922
213954162
383419588
952414604
455510793
674806044
474039406
727407345
868110795
402158052
442991001
594408129
981335553
925742300
73342645
586734549
133361331
234975865
865582898
16896479
143591164
434398933
651202564
950404763
933352129
538073852
552121287
130409136
882969190
378693900
648045696
933038847
471010879
669840496
488293675
786444523
791057082
116925943
256943274
229220752
525704701
582071213
544267892
242627586
247774939
797103006
111572077
975412226
762486001
864608916
302525000
824861610
731029718
646190497
661519227
217301757
699693413
641247192
822382688
387969256
597261055
850189014
930316558
940202920
27701710
159235711
421702067
364251267
655532018
1924045
31803408
320790150
878595757
182809606
745780460
323597343
71722880
429338234
473507654
319542235
688222887
704553663
542962102
512305185
2136
451130464
671001422
991585929
621337732
789271127
840721320
408820759
483849935
196166583
954502930
133985068
669795106
662484479
181844864
449852343
668335214
528239303
574858913
219467542
384756306
334792591
892191757
394877506
18460533
203755944
596978853
316221963
904618479
615213234
795319305
886870297
273336006
312757474
738028878
566945919
173399403
177474084
329173254
388172953
230854222
564820970
367289474
461542700
462720993
315328549
791208135
230849963
209625415
388644514
986119562
579072662
361292157
169630487
163690383
390834862
736754367
977571781
748574464
45300584
991751655
940407107
798413973
855773960
982182146
134381380
690016701
794917559
687810255
595889368
287937763
408580022
728863957
482109019
506310603
724670889
847918864
683714776
919929645
714759513
466629816
801935680
473859586
284003958
220598123
911281878
25065517
758272057
338890419
901644553
66578838
916243172
83741694
579847217
994877823
37905596
360028018
221377987
201079421
689081182
135490268
824462753
967432365
318538658
739116784
354023305
215412812
631415942
728610781
167789499
434020963
243969970
542711652
876937171
692508275
271955097
28011374
621274682
10
701468796
417374196
972860030
658904570
23403308
810094338
653546414
12
354345192
123329963
836642331
315656354
92856625
250255026
591174327
249491409
445021233
268929601
567601150
616228425
222440727
534534979
35271807
185206646
652261020
926564085
984396671
197096822
360919972
414673972
471379779
372905571
599361240
581066457
968952350
655399449
497236289
315516783
51207663
57684592
262119979
452248974
380921882
821083380
778175964
976118033
441948961
627761003
794952275
893687316
695486836
557065729
753696016
32032
845454436
787335972
860539787
581969895
799007169
619691767
764982209
894026750
941745768
431096964
646251262
70499480
178109916
565126577
966890534
635964767
844114879
348233166
326870696
952881205
182956145
40020930
510814007
272389634
343929609
330195287
722144927
665140020
486078228
37073103
48799052
790129900
656998391
136503352
251880152
532664695
680393463
737213385
555394591
889882562
716033786
892445669
735462928
85678742
880713247
530197339
383071224
756998329
127170216
525643845
208756518
217336565
617340277
572760732
178378733
851870715
134826576
269467876
266690723
102998411
707159260
170527294
704562283
336580828
33905926
647096917
715057645
976644077
144648963
128438676
562791320
303652195
215542352
969369947
273571532
315016686
681707953
360936528
88260067
534265975
118218322
11515194
79814662
749472922
128741922
932720805
934389265
322892674
3094217
488550879
74051342
170231989
868722294
734741889
320920603
300585218
97973185
647384994
933354626
866401280
475945435
136512724
122542369
437150341
379079060
669661276
98670606
764485307
891461367
772637663
320617963
223556107
87461530
122534858
712275397
631746373
544574102
822848998
155875842
872595717
217279292
110959119
584629953
322910130
67400926
933893422
715163616
927202629
847588520
436494563
736308535
388078119
828652136
201947815
445251066
338771990
583495499
402127210
185313868
213870627
147081969
131019126
761155952
849575379
957085884
596410212
811331155
658948674
698026336
910124439
71600133
529711786
131284650
61880166
87975124
776622252
433554402
877560813
290245795
978869235
798425104
658366161
729904142
424468477
618085557
118071260
95827735
249023502
247791303
288730686
121930708
664100730
42399934
396313648
291564770
691545254
898187544
570684989
193098659
582882456
438581389
733741206
524196381
598870591
76882313
440102062
717241355
342305596
153275855
63403859
901429294
781454554
691987727
571971252
77732297
124591330
592580281
23476260
839276731
779809741
129890363
838529951
849495719
202060594
350983749
336823119
950227941
917157719
488392592
40943469
373537684
439387047
829860730
471421904
529787620
300027571
406886832
20853779
414785794
394424630
824870265
239988756
480101734
751146493
419847249
900080288
53030438
210379533
950534612
925908502
191387748
393795095
716096649
994122201
110830918
820711049
821740065
749907269
528644047
396811271
7824137
704806723
455275061
138389709
486478360
204511379
293065089
225329907
967082089
441668726
677619622
7710920
121411683
31027784
761025786
397166689
462421559
479838146
290115673
959543849
185894526
48213149
626781250
154020017
949582790
686287888
706630615
722685429
482800677
756600572
400336877
765503321
883074556
988678411
234157642
501787998
115041713
691511998
704184028
12
750015653
148322466
755778406
16402984
990330773
877642276
675883339
247472676
777434603
519824102
377667042
841712435
665669868
1613407
634803540
850071238
253431144
741216038
766580564
874096227
379133332
821574079
64446630
431046707
609552185
184885076
836359322
559357987
435010369
348259819
716838762
678746436
585559859
530913324
519620616
111421126
822317972
520452257
216185195
951066670
145109437
524018901
853875823
929860445
319251376
458829519
144103490
77128106
864810802
325550325
675957293
83638774
99308463
714242858
787556277
445857123
157202803
916850080
583286126
72269100
420551160
577542354
413504411
505685937
127334422
197404952
740343024
691934394
18073013
775693770
479311292
921523147
250878077
787178121
218992560
396959548
476299942
652750391
334789575
150712866
959857012
612480476
674691949
326293527
326996226
79322542
509449125
148993602
751854272
418822264
647516673
647902594
233627147
955194295
638625042
229361525
380178967
32772763
879147656
35703414
75850822
281227811
420733585
841286295
332239704
751254226
38794611
458594249
838148640
694348603
666250130
503289496
297861318
982650557
337581931
82093664
772661831
388681012
2689604
417886414
944534920
16045841
305770249
666850434
384879942
708077085
622453801
769139791
525475722
132920508
659647811
276118568
614220784
664109120
102841530
947092375
992566426
796982960
382480822
303089960
174561439
691461128
664905390
263141364
141632907
155232524
170660444
3924935
547290008
517745034
818656135
268426987
662038031
913649660
877236999
278054115
38957842
107280251
108358324
300502058
814705586
19265376
517238181
148048836
619424918
855087482
584687206
149441916
934643536
89531102
381218939
866742160
423065060
404501573
517785987
612527338
69391089
438739865
599912622
434145346
715639962
614934820
738323711
670779499
11006904
56111960
721530712
948262955
314415397
340581177
178301815
920025117
499992271
103074241
912187636
110187941
48541504
333313849
117516727
394909888
489064262
299842939
869849169
383368529
900321501
776902074
143170558
808421699
707004398
63304451
166639656
950098514
525536925
746809856
903867938
256146629
928668476
736232485
203994898
657084008
890299145
337272896
423189753
756409742
205199396
450892251
469176042
421379232
214097907
82238575
453456120
940087463
427040175
86483527
326319487
924149631
29952
700708310
570044803
130962521
387529660
807792253
58994287
416944153
822285265
406665567
97842815
511717965
725959781
211273267
81832751
184635090
866292647
398395385
799389669
381374015
862666311
602443517
28450262
157143298
85422906
437338518
70965444
528877709
383562453
431293974
717115077
324772221
689153635
435638894
958057160
101804482
191504591
242812802
52903955
775455097
921579131
914642780
161121755
888504898
745150443
513261611
308940106
956982194
679416888
825745109
863158636
561761886
611086465
394065063
24570
88791636
398906499
271285210
436835379
292751156
259160435
315999212
26693513
235331244
742524194
706149006
809141842
594911283
810268166
76936814
715862572
693432553
591992767
42065061
172982676
228309358
717237217
197078283
584280504
514768730
996463954
716658464
776177009
237520081
510276633
150823331
209047730
613577755
2474042
134268566
643828160
363548298
184200564
753720081
23232040
94277449
964895913
664781027
257305396
233123036
979962516
61484172
430403168
122140761
215970285
466151636
23382308
475246598
959105476
523945234
793291833
724536082
410705746
825472992
298918222
694042670
10288874
795829792
976496270
555876994
116528357
660864580
887340211
551602228
609969950
496732523
266147212
564017435
274233560
330721676
558095932
856465362
831380148
662127370
866363850
394714814
369315850
917042720
80870328
453175637
66717112
516606458
318109999
500406916
923286045
776534188
559877328
133689863
724899016
761953761
659103133
359371346
252
871893271
787028106
66291836
207318258
221329492
22630987
183074876
299109552
379023910
580506291
319561848
803812302
394880964
500487384
103516879
39921370
62602103
420344335
240767489
220848626
276463876
618217941
613514892
695145648
4037751
976099188
782319494
677047987
909574171
875010960
950806838
816266644
263311471
831439574
333861635
539871125
349038591
29030400
808534758
753488410
658105295
5908857
688945928
386540741
846774109
586617528
502167767
90780376
410440562
497066366
658166959
958154143
530304505
432790159
283806037
207322618
174122444
813362927
290787607
732812792
826935357
987122053
931401189
848896251
603102998
861157179
276943586
170884772
149504355
180038798
674711141
719148833
923867806
693733369
657361452
957717575
690395264
712169935
372287430
670149418
632649941
225514385
335703728
55584463
226383851
756613777
3363
54608290
41673637
974951775
146338177
787835020
137706897
349516244
774219746
400029339
132
503751764
956368698
311086904
958409728
309579287
797046662
301405675
781944987
692359986
535637243
40701880
64491983
630415191
467469594
597186389
371831688
209026345
720668004
692671653
932258926
306884061
425026441
32760
263998878
282430175
480445069
890672834
64281597
425361664
2791271
548290756
514058200
288217007
158416675
749024518
337719344
578962314
749026187
584985958
22517282
602087829
342021859
759893277
763550433
765063653
753569561
873022998
381297360
488702518
471458860
379160124
666765545
452689402
499797636
856064197
433123634
540946458
699434138
346820882
570110459
833874367
532613116
254599086
812021174
355519279
686664216
628336502
239540615
558503705
644389594
557043021
144240816
476831809
249088179
322393436
381889958
170434474
205533871
721387327
354117250
71495917
243287483
354505076
63183010
723603282
8056740
275866754
819046051
654721890
571596519
99838761
469540124
911027744
804631901
593543648
488513618
54728984
56647440
854749609
61702900
112968178
382481876
268611935
384778931
792892277
843946580
277146352
526068793
480451576
108088453
873170892
97497553
749865524
257289465
766953830
972636574
782631801
492749909
867916078
661430862
555538
516823907
68079018
722304377
712021611
660285186
987578178
625153286
75778758
835436831
525364954
889378575
610558782
848100410
283666599
192537920
549615339
921169417
669802755
922963208
488445793
907791561
136707270
827954740
670574548
4369185
705062712
890736975
63700743
442130697
722959482
798195984
295916686
129350376
456427364
425905994
493451095
463032256
476082103
713821627
675395321
919537793
212669958
756241400
876115805
81863458
520358207
331435779
681424665
689437008
274832640
824123421
