795151448
705121917
307666417
684046085
1859814
458821379
614119334
654242643
188414577
845660794
853473639
588729476
15026
132312
756702510
93208780
866599174
296159394
185465788
127672004
656
403124875
383200098
547656518
277249370
91592736
222988240
33370797
990940075
740601060
260216764
762036916
489145418
633318389
7934
967951571
28317141
529981401
2265433
287429475
437463258
267853599
355349723
1194282
466589622
168
600404854
557254090
840812522
844927710
877050425
633786801
188522966
49486855
450383503
115833104
950461597
12600
143111759
403157247
650868281
991622274
850760027
660567475
535260969
832207322
784289476
1572186
914588430
993974695
709633275
76783578
59510
924768
183648
826537080
2731768
331675695
908284687
745196703
900413524
845459443
700208177
531010025
22975058
856108852
212185462
28462308
764395854
862763703
879948470
350568551
886795644
570063362
19647271
485093374
55225220
568048067
587228400
398259180
932160185
21660451
831480837
17520
267271349
941948405
442155905
895054488
320417746
4317817
481603902
938158379
49104715
446255538
651634013
18600
714808008
469136006
756970580
987199116
118512957
75780370
819008516
9384
336209912
393586963
52375373
922942528
460079809
498983757
850782823
632893461
923580084
765059577
994908204
305596548
963986795
471770463
698607162
132875838
27068002
45747844
27931514
597262759
26945899
66779690
134084876
276121755
1570576
201661023
510378626
118050533
267937401
722736045
35714360
863914907
6041955
623032976
744814823
912618298
456795284
870323987
82350238
533628026
233860303
755888940
55263840
353466296
455694944
838173305
399437362
700416373
638643600
539301707
1503072
419411492
248032095
459967422
910656732
578265115
418
3276334
906961715
340398361
675623922
443760319
193701879
150308944
15502341
743650305
373522519
830584755
709971219
387769215
333481899
919010624
156408
834933454
521463053
856192404
67546053
564408
109256267
857826549
5599949
868521020
932954381
227870134
448401805
796620757
846755940
572748296
49234135
320768436
579889029
745626301
220435894
47557910
742752058
35577269
856544565
326360467
224977350
453379894
878104207
78905745
710715434
75627
11975765
45924455
563837873
427455645
70619382
70471189
561651134
910446788
599430756
523265790
839573483
36482905
774717197
956862427
256483622
843644521
244773845
503959381
256114945
524271777
3564
915715024
426031276
949118424
245455861
471553216
993845015
305347649
276714012
103007808
706675171
658408486
542904283
314798274
504851830
953111161
147581676
927278976
14010
884206486
620926757
501637430
27792230
450027015
204713176
639361881
493996127
2137869
265252329
378026573
2010064
424392538
340421961
868617349
335614165
893866
554834935
2963869
829222941
695884521
959001131
738151846
829908682
824649965
576985524
779831182
604304
11037
10664098
981281192
626021725
837160715
832305741
947430347
570483528
865450513
391870094
23338208
933859146
807704651
836951058
794537434
275476677
600
646386259
594420539
471325466
429386396
760862980
464259454
863069306
591325845
336137
665680804
895971682
879033558
376969291
741652976
978384563
749620499
319592687
236965960
250646433
721533486
82968386
904825872
539360312
800843632
656788215
135472666
190536822
242191878
445677979
371960734
494263780
474670982
162029088
772238655
966754770
947264060
310849763
133423263
42252582
910836376
1703760
482891083
690951045
543355766
47054918
594634337
38096070
213233545
454138476
626692770
984604
718410136
618196982
274942897
987364452
48084705
69056745
489951332
945110205
108540
620840734
129924150
238242020
850184128
968848289
31615483
399865531
580357318
175472093
193956
790634307
647400936
995619179
6378721
637896130
272691360
45732218
740107572
577704064
174576591
632120637
337729342
534636331
599659495
15834
846060768
219134400
817777447
421885662
952937088
242497740
287758249
944108821
1938530
915039027
573531794
285500674
669429462
2648096
861205862
615029002
3390117
332465854
167844508
761874879
580257280
741703299
5035264
401235798
167773
98321851
110458879
322583652
365996040
550879979
7864
857027027
3296319
280818380
286354270
989027954
953193305
607016835
146991801
347002781
107999026
32585551
861830032
260950340
588405993
669391324
788198902
995983112
5039
867867241
958772084
1097
894238414
644276524
394736879
929568961
933499222
24398160
10032
3625035
698990958
152262379
156244869
822179618
862158696
269541211
101064301
56307556
691028410
428323337
237708124
333155379
591566270
826743787
312560980
711274070
641672982
329852121
423412676
841297103
834655306
509709502
167749982
669952729
241538332
787003631
122567577
91
479234326
949395448
8653311
930068523
759554896
827615368
998235887
202426358
191137465
3741908
938341250
24869
576361433
936906497
576580655
90743740
1409
5968963
606815819
628149133
935436390
573644806
654076389
450704539
391757061
691947500
640506697
693405174
548918209
920713673
467057654
836121816
107255271
483642958
281787585
670349883
171706405
711291628
319047204
7085540
336825533
879235309
757287304
795569944
846799052
595777469
844680
911572747
31498808
590688687
577250514
28540070
204044261
248544
18376940
960003808
449703344
177428848
1352200
1
464078654
690336359
732326192
292363271
174198816
503414177
435139312
521568295
712662323
49769277
139597544
180620604
60233513
496856223
610932442
149952
965159684
568986894
666785238
420991791
34514841
697623732
47428402
765905777
911870745
394393197
146230656
703982898
988656932
392330387
123744864
95622322
775623012
464869316
807738408
380317980
828743309
486438069
14472
965907222
20784
854182283
393928980
760128425
677844460
151779580
618952956
810563547
497120894
51139703
521239849
273982007
27651402
599520842
280
415057660
765963846
220492263
927105504
239268
82940915
393534597
129087237
16456
899736786
364457768
347138
454122364
774526617
925589746
818290556
733481160
26994602
742250508
120039076
300202599
561391247
337482006
889871561
179048
784085641
265265033
351483774
387040327
280305
49025738
414
686241097
443066766
212535322
579233200
326777528
18364320
770952900
167567511
877346433
11823
188069269
97731
862181534
4662365
313260588
110957174
44535680
404276195
611824141
982202642
2348236
41
944743630
380374306
47460
249394176
331791776
844032215
24935450
816019866
963648
437591142
585740094
2176449
65596160
763462043
379999712
599061625
978972695
546607515
880601168
253797846
199163283
900718523
231015
61018408
528156035
741
51360043
383946253
963477029
879359682
380861398
269272608
157796982
476815216
59015384
24
112486436
919857206
248418189
383200098
11133010
557105270
158949012
14108
625458512
182469693
841390571
921237124
433716883
849483094
207983419
688241334
46297927
149640
868775536
561770763
445682863
623923655
949014070
608135657
901915274
364894792
244505312
853125924
861858692
6902658
568129156
996290908
623193151
835877534
199284
580715230
2569
373196560
834114645
2314319
314927128
23185986
682911839
766461719
197423061
234641509
531537621
1842998
224006185
151371506
39612795
571454794
972860434
577979552
70156530
191743751
77831136
56117190
586571250
191700100
276755809
294410159
426244
28
812431456
638718974
367173943
28956
2628504
64462295
56265946
636185691
417257678
785090482
764306333
221672291
396717848
835034416
148574147
908706647
473671920
144747144
219107729
580669522
68854871
899408166
138295469
940390683
912177614
627092771
887168164
2458624
26365827
974777580
98084620
468006250
344137960
440952645
863409537
352220008
22801662
230097278
467995570
556737168
967668187
772659057
297166165
493048610
1548264
889378999
593405226
118194
157158021
1570344
581780085
836281730
354595140
317113879
364187367
117697921
747599975
570656973
955700748
36509331
12654980
85712291
2851594
152560581
3500530
327862964
931105518
344971504
779219702
508495310
295699666
596434949
740152303
1938932
31897108
808667145
434709661
769223367
439774815
1304260
87227763
756254209
154279099
910586077
46659348
368164379
421116
2607360
108469156
522
412248352
77986440
981864232
528586382
37941309
677543452
205978391
721051483
510340094
4752891
529146448
1031580
622000581
773125191
3208784
171960890
608508028
492415579
310260830
2951991
517732313
65791307
499538675
897760350
883259190
408261490
532533277
467133730
104898082
20776461
4191024
454832587
302924542
732055449
222500221
907352947
309692834
157180820
837444012
434297146
186022
6877378
30224392
169466120
352578772
990745780
382605312
257167462
413158213
298514098
339468857
141084036
209962954
518527007
878426901
404433930
830956911
476582499
555774937
118770017
1902348
875222956
217247659
894787688
404379595
41900174
968734738
80751010
367119250
20114776
381614287
146371633
671194180
361817958
8303400
187140664
899412839
860466543
332703403
26579959
462107665
941338404
513846806
991
932378
90982
14781301
749659222
705887916
254079045
210971
835648023
29012704
61505841
650775182
873509528
636368342
157821899
72784885
895064047
118875677
795945379
613620640
513112356
351440973
170884
838241288
434175083
802696774
885277193
182527896
44878323
418348609
168465562
825827469
88251721
1595052
410774650
261583228
926065737
85113138
712633305
845214294
30365617
724472198
489433054
841638348
407621062
62084281
177806958
94576944
85130136
159063744
45720
754232532
980603784
384461048
16548015
748004293
144561995
246104701
792971316
340901774
344992437
274288371
852417443
859107550
506117876
441946408
955323029
703181058
127010
48146826
482175737
316918329
334671616
781200801
708800484
618963076
395871395
456286784
2836690
615932992
544175460
262190596
745106515
954724040
233679209
919562717
534779382
498779776
283765173
575356569
4087587
922375948
219509105
941346147
649626588
25124901
845150293
855718934
389445413
125910065
175871917
572597749
472661904
976735272
165162688
666397498
834097460
487079324
414059546
161655428
564178211
712312712
597944306
556721591
603746897
108329
49316405
647132354
3072750
808691445
10768
90215477
283715154
992104415
940613633
54015
788433515
67943690
6885
576109755
1861296
600906228
87696
858182524
1436170
237567825
661017379
763215525
15551717
942140892
336904443
425535038
158143657
856090439
856990174
921606847
73887738
49016120
762000264
61893114
662512800
384807985
277056216
17812592
247117415
610282410
32547923
751335600
565676682
941512922
33607498
392850300
1506123
38575824
297906386
595876144
128533346
436154862
745512039
541783558
829
540568949
118756677
348
761802657
30063298
419378519
188386360
518972848
472713211
738432096
506626707
349318747
488306135
70425047
402655529
210006123
2648391
41531310
343841726
862005238
228458081
415707794
940230313
634777902
340690582
588419597
404029921
966485668
417300072
533209871
298106760
317858090
996706834
48458217
431581239
175086297
255015671
114658491
414341364
441429194
484942126
22104054
408830606
678014685
3005808
689671392
8078077
84515860
3461474
72435871
333838139
36318912
396176499
607371052
413034048
22941391
770595154
407471391
4752
73944
947894083
616413236
980832293
618111026
628359337
123407262
166213548
469800328
423746458
281275798
42698928
237560415
444858085
5229241
125115714
403685033
664419752
798796500
658415923
700281630
30014161
1437997
768267040
842686850
476471103
471060827
329
993460324
870526078
555688550
562266654
826543853
326912634
3475623
975011492
73375898
11389032
846411328
720776374
2987387
412891118
904859726
26961
858798690
893862918
735764424
439049253
98875124
444733679
388502866
677446161
950800792
269265838
467162008
153873225
869760839
737885490
313255267
34577220
7200
353072411
994035860
466276063
389703995
580230976
376026432
447262
419560684
630960343
91583275
552290447
137139514
655811775
26998048
848801829
295041792
497745368
354398253
241558858
295566070
94971076
372586742
444977888
804649673
899706005
36004938
339702809
224407285
41273894
667095452
563134208
64880765
420972552
244569616
882254335
95509990
959633561
494873830
6137286
584193792
823941867
771441540
20917038
879809537
64283833
53921784
906642898
469103013
57683812
423957123
201189269
114274473
809918849
566859366
407853629
849506695
63630630
8373
389509440
12434
21205030
786868452
740634264
755561025
418893272
148687615
606163688
572834605
630768430
611761485
663864462
842295632
17230158
502074780
213639579
236859099
1018125
86956359
561307633
267982208
795069
6947480
41348764
820225205
887100218
301392
146677317
92666119
566718028
673413716
1837291
952563168
40527359
55905515
344211176
253131255
695991411
359686902
764753945
14450
37698162
2796144
139029928
712281614
694511367
314148101
589583881
12204291
1041012
186862985
495662730
729657533
394322548
1499565
953801648
230431
43363520
776974148
433955360
820651585
148036505
619896592
455
278703881
584087870
350047
255328113
637480967
131876
728165972
187388874
111028
465781389
56363365
392675666
571369575
239391921
672032067
852236031
460072926
346605633
805299724
24586883
254455968
117957859
666812886
557731849
4763466
548011865
652097836
4680
68224376
940792
935119053
391441306
657565055
404518182
499184484
273320948
749411187
507057273
874054106
259835020
937176708
513919612
470357184
97831110
488522014
598983216
56401723
28
3391700
551424930
27771601
340959288
313981718
523331870
848841384
305820958
189876838
137134524
502605611
1127817
758504946
625815763
332202617
697852854
844865612
604946086
873778225
398157365
826204006
124218612
258411796
367668771
30501922
750747831
279068146
686846549
835928199
421906860
789895854
942399490
613609033
445382189
2206952
222625
980866455
706492791
145882480
28077540
280615574
426672149
292370393
550191264
60750018
13928880
439772326
583689886
8724971
3136982
864087756
606679488
777497169
28925760
405
16116399
779243356
253522952
759385518
14196
674678023
619363845
400
350609088
923773254
120223385
772554421
733205354
968576528
13239702
350009798
576587392
700631786
368781122
789207453
110777815
25668
396198225
1444788
382926652
26
24833099
837808556
426631686
683909013
783883547
97590560
741548747
945346514
353671824
658
963324334
49581885
909975441
909241003
266438618
56303276
8200
30875961
229977436
791297520
794177626
173671833
49377234
333103056
120828565
731237762
38124160
37672501
913508594
66592420
956234929
704267171
116231369
481058929
176408867
413286508
33336875
361901387
341599360
205127461
889095104
544802065
572314901
306686572
322434051
167382129
20039316
519622996
425482244
21868729
10597154
62113505
2
983959571
430914621
974276507
191644963
445678163
719966756
169831758
512269135
4368
644948596
518343966
456511566
40787509
958516357
88575603
113414671
648975470
937150574
192264284
338983649
939422015
931319024
37287937
556113857
429404610
705085472
333804695
105303052
384575562
435406286
196227976
100170250
526022482
208943102
988487022
938581787
877204203
26118180
243102872
520180661
27832529
107832170
201871698
552927984
128404876
766011994
380449075
272395954
856710898
756850906
452439642
63563532
657246405
149816694
4683
110274188
585734908
307091450
562362667
745325204
145939
48707868
49717984
810587510
722251533
652329921
551957653
281125653
443908355
947920265
162052062
633190295
468615505
950189548
587377509
390236611
10602393
466531962
582436417
40315
232460066
172214949
244764103
546697695
234225593
778800136
2684766
652913347
184742201
544518187
279633780
434594127
226189139
24936228
466327721
90367557
774751663
378597559
596848262
53141915
95360593
267493894
946320627
204495141
879385410
885721215
588917101
939354866
61019720
484550409
17118
423779023
399783316
90953257
381102378
678877119
422119019
200549328
702722901
2642556
735286642
293311793
166896
323934579
475747466
2655270
775127640
362944400
240148553
324832361
542939255
880707199
127917126
31192645
243188189
18341955
122328964
262795801
455742840
717126365
0
327624498
182647720
792895679
763827608
189609762
865918612
273596145
265638584
356265
954394086
349822830
615414957
772975442
257685136
306064847
920177615
744029
745950663
391773782
7943630
367441577
155641962
307043561
26427155
591940275
229904347
718974498
5719089
167660
946223127
375383400
2273544
785173884
646127906
281836818
652031894
637376752
164918298
191677980
509277289
700373677
385949028
296526592
43261872
96359957
19568
601056797
671649450
496913700
567862647
516900713
615613485
117188266
152002706
20822179
795332534
414
951111111
618886256
661474873
4002712
952117557
36955008
56262557
90001
114330824
274883467
263937323
420084483
98789730
19773
10500949
756443240
380918792
32209911
72935481
49865435
205974955
615197060
949678988
980592923
156591670
919850982
115602181
932833475
100777122
38409741
39875952
782551908
2666023
992543023
410174352
268285920
816473
986227317
180341849
109091528
97596
478901027
205569
355973904
985686546
465147435
79068462
1214136
548623485
586694883
84735
395488996
276347900
828455033
298479371
829210770
24022975
295486566
419978892
348084858
5769
236176103
548490026
27
239332168
424784764
249880537
805797059
966488747
199667738
626756980
989219154
920781745
997320684
125520
4620840
109906389
703777912
666848894
939882418
491317522
668804765
16384
0
196602548
536671506
261851682
59010
803183395
183078204
959437103
383785056
789670051
110041
209502697
2961595
847971765
807233345
282870180
113049155
106274554
53109
910689943
429527411
960031565
5345970
18089
23951792
645405441
216606992
789690696
223093534
631645982
1862571
982659715
507359863
427229858
144599314
715119449
897656220
922595600
500726436
860687840
343093375
870592946
728615515
880195267
159393442
922474127
83895777
220213217
982374421
839811409
256378787
5497912
703211545
439357814
285158016
630663627
192813881
728562198
208104030
188343399
482579703
74547
319729532
484964071
104781038
781417207
211760550
891537865
849570094
896633655
595798681
522203784
560189342
57953213
185735311
6456
71048461
45456028
691306264
105046480
554707543
539024834
69246656
979471820
3007036
6273287
299697741
412365060
736334921
245659383
396788085
468624792
938020428
818260013
289678534
22212206
205941781
923716268
30699600
817440529
692858486
133644440
578932120
1140
651795212
542474628
633404787
648834643
155933264
378353634
763015552
827231972
4475063
565048824
156191443
656671886
538255080
189296990
873260542
812184824
143299
46273344
12
166357134
552
815530954
614152495
115451801
598828137
225440691
99436055
336067331
170456007
135570876
158581162
128121
27009117
144979155
412125201
380668173
258926209
46354867
107811294
934841002
467655552
578088926
201192092
837439918
921196852
606486134
214850380
882746385
701279097
262391178
514962021
837219252
674742884
141931
400053037
505638278
612254148
211296168
933429949
27308610
312000
695742462
717623651
278868632
230821612
633824400
595651831
875031937
22753255
2957524
177243676
681170347
62610696
177261693
372418420
23755442
372910796
575228053
5476
365552467
348051748
332383940
405405592
339356298
467582151
883043502
591999408
37863153
2835404
285107913
15807688
139410867
679142276
20472839
716499281
87563735
672413808
358901564
442564514
23458
672838136
1866046
272040717
3014425
407488807
658018780
302247136
780769839
2198478
499564276
980220081
298548468
417894080
2433664
579895843
320481221
11238804
71725857
838282179
418715293
523930027
127915887
435953667
541168680
110842828
356993265
281807892
879528505
237082898
78366372
116874444
655295249
236241382
580183019
3
538190403
881936014
11082
354344526
860795483
75047100
88870027
868637725
905816912
896616220
822612781
98728005
421517442
383509680
445295622
3222588
429843996
24930950
269829196
3192708
707369018
884902766
62393560
587631047
902832094
6403295
571580403
469208662
712832482
781394383
489760268
533484304
468693456
1811330
3336547
537420018
423698765
128424257
208
613916979
670849093
268610
468843741
335728807
872566369
998210775
32125725
438556432
6890
211348017
615218643
41790105
414928885
986174161
162565880
778522888
259310632
697964364
391175750
596901065
804392788
341806405
283114004
161370920
604055649
998085622
190895714
794354538
15521004
515266906
22042176
0
201799353
944128998
657806317
51076313
268830879
930110521
410563609
512224672
718253819
957882060
962218388
3015528
426243951
422082387
587772400
691746734
970425632
432362652
57348629
669919144
140120490
945727824
930922805
250
94057776
18409338
22647915
112689195
746692353
337575677
477335119
112551790
485525703
169589376
852694134
348488614
34548673
578340605
238929985
553905732
11714004
959961787
604521067
201902809
118166722
125728740
137780748
72254157
316143360
19273
269779125
258374591
903983602
98959265
298373747
120569805
522012838
662634335
809311536
530866
462603407
305802996
133784473
178854136
302760933
700233011
572914147
608830408
485266287
122546549
475628364
971376318
717178935
352
278537910
670641529
172663382
145656146
396067885
194668892
1776753
46065273
14384010
773590723
927106245
93924695
261519488
204749681
182607858
954898738
439130080
606751674
592742635
367492187
615516799
199988404
905275625
149646295
394683210
57026424
969188210
301611363
10766
674177127
852821080
717230896
272753824
113700
385507894
102141502
704762789
334057073
77096147
301759703
314619273
43102114
783301736
511587808
455
78490011
520143433
868991842
814854806
413043651
308848356
47219293
336180917
13906110
976736350
82200329
165927489
3024
689722231
385524530
136251186
676078895
2365536
238102
555521338
800039537
535206642
1783633
882292740
16889301
630242726
13450689
2
224298562
90720
745868368
542553093
2083785
2972074
948229531
158980816
429745348
607867548
280
611273779
266602689
276613586
486138715
309104660
170382236
707585418
421023306
596847876
38581084
6944895
852926162
3371172
337768312
573661998
16328964
800252068
349034972
339454533
727389610
931002298
18038211
14214935
330398897
696926776
172209896
614881327
539521142
349227138
42453634
7824960
703478007
61297658
15510
325769560
220487
807660722
361067532
333509797
775785773
250276
997266060
398782639
742531273
182230230
871162528
259697789
21093472
816359124
31373060
876882096
567824916
382660440
2309216
985980322
957762893
74948709
841225860
736447622
431915284
13366368
522366888
884148212
412611783
756738528
892531392
843710463
342336547
603343335
84219898
245321105
350998
628382457
708228686
260697645
808489476
791034630
366645799
601716
42128010
374183715
630467976
105876876
515765112
763246882
44771141
515765250
148517905
836267603
7838
251492953
190844584
512617102
709511646
177973481
619836890
786460135
663491489
415107806
949172115
801583738
397355676
794339020
21350
50586454
1246
651577074
947161535
9826336
160508239
372657361
226447666
123947872
411381268
448248471
604266624
0
260941476
923373064
308187319
693875882
47079692
6006
33395956
383338014
464515336
449603603
71908247
330050803
157916417
78679934
629096823
51036232
289334314
155182455
800178244
237766895
220993801
85703507
23
486135854
290690784
727282005
285318122
747556721
954995394
11926192
740447032
224936252
724973317
897953307
208805848
19738212
203695
2209944
335652050
609538962
927584950
2706181
2
729839462
869898664
323307906
410046693
980352683
625992785
686050956
390779203
672465899
408134941
7250309
652094653
598802223
806086452
251076577
56
602874329
796198810
453311865
1226
929785925
679857174
707208350
243817378
124859807
71420225
431206165
459293446
652141640
644521970
973874708
957919244
4478
609188505
442624270
213980
764511495
218213609
724679042
18315297
476109800
567979135
911688142
6659
791356630
879842627
928830109
2776865
12831598
95997361
22602145
94872750
697566522
570697250
7893536
6739539
766861088
541365860
272555027
821954105
709181920
826614671
18417360
474789635
865416177
551501988
928012599
21507317
950175521
511170966
159921534
502811610
61323075
376099972
603007960
443590738
15111900
409133441
778665485
780837375
576329473
769465235
815031550
595572975
442049362
686466244
520107747
295982444
12885909
772464119
21787920
42333487
257465108
903272695
1771056
63617303
20638842
105083273
814687083
652901729
981029287
171110264
133512463
111740160
899274615
44280754
848896001
424054618
593049611
630571698
233119936
295296
976170400
359845154
673030431
369484936
44126604
710998595
466770744
80299
695643722
757561334
299085494
307717523
866980929
294480458
1275300
6995201
546501452
427580401
532044465
379352839
895811322
217286033
944781791
127424874
611871169
529266084
906747715
668696488
789519538
355759874
178856842
447376385
215268911
106378116
180501316
946464279
634116023
76760761
529400257
583506524
231939180
488673612
967319885
517857300
709567173
988501101
601005791
68289621
485529050
625818072
719556963
209600283
894042119
162920388
3955
195807127
312586506
649134571
39956562
83548288
521838371
865563374
782137119
307845317
975612852
21
292894179
795268303
113866912
896
414648029
507988511
172368846
893949235
492892409
224741150
345101456
568365620
263413800
925616552
120234
4598
374618573
23788440
180729600
409938604
1498010
983599389
419723645
601913651
530138057
217709351
59403330
948768692
476633889
258388
343283698
524470407
2413494
869143023
902798751
670518131
136742951
964080197
274629114
719347590
524673563
212555191
68275704
6072
377074855
250571907
321221271
645204433
720323515
776520513
16086431
641995711
1509231
488732780
654581700
995140238
101368838
865040246
310655994
16358160
855869785
388025423
565093891
936080310
4451552
581993127
191488362
805856472
783167875
212338830
845277967
399098849
990854303
282825196
627855739
53646384
818191327
3347500
743171539
74099566
883610781
670545373
190798754
958013947
928225340
636532740
781875559
334745536
593080288
23610
152417
384228992
353252558
2981344
336116251
101202002
201204274
988197105
209362069
255682902
111539029
949820818
371381445
940471365
589315363
895629769
904319062
48200604
580550218
368449910
905871637
91349532
269470376
1520496
97114054
442736425
289160
44987040
590258748
25472980
369731067
132598985
289047528
926218282
271306009
456532422
438182070
803562626
881149710
307497213
676772802
765126061
455325673
51762760
498101455
108396635
251166190
569147516
111167728
492976674
879593066
6309075
448020924
202520872
835034019
275134492
795450534
67863170
411448704
702980279
634830600
252198482
288491588
551029981
575368261
882506270
546421473
695044680
264132870
459912816
166531867
25
997245836
357624918
131063026
171380684
891836257
18616877
794049081
886841080
161026666
51463620
492146411
755771670
643770956
550818158
574704126
868306227
101527
7248
1953504
310625734
107633641
400978517
441519231
866020624
962154930
522769505
387048238
292727125
643514175
562820377
620670519
756588006
120453685
902831239
369556331
953321400
76193089
319739833
763723309
490246887
589684821
266677542
70399252
527492720
818934380
525860974
375818519
869970682
183135830
63936
551328424
591240480
285159417
885096024
26726792
950893089
1378306
410115463
6994148
29922550
4580716
159064820
880251960
812919676
249174448
157574794
290405995
154255846
1924592
19148772
2267068
309569521
517928589
4365273
143077114
404370424
244368362
190857248
12161900
605086399
667165410
387554884
973625086
963365895
156672255
401503936
578327837
60771732
878869708
369083542
879359289
310659742
436055021
217593561
34067025
313415875
844216101
317653080
658318273
300302488
821852224
520512212
442119121
266329708
588515587
384553719
411837286
292516275
23955
672733871
372005768
161564
255512741
953009255
571572817
67490244
5207045
919117944
140618531
110076
68325832
841182939
920378065
203415590
883017209
992928727
757714399
75873208
274564439
572873840
180273617
490733878
78903
399769088
13571
194290567
8136
546925488
398784166
8283743
53848701
823941109
533524379
901495534
53560047
87319496
814513282
412413053
569599676
902245952
651298814
387647785
67944777
786440537
846562244
762617842
2472808
18623258
925721184
1305640
20212928
264677474
958824639
215220
615643085
966417088
877741115
816566015
15891810
245361840
656665628
3326400
512387173
994019579
12160
760565010
648797499
939300394
97945213
26
440846344
256912660
808132398
202644
621095520
692704134
587318716
213850
150788519
419410952
813242047
158456939
497
769350354
245709292
746805132
375289637
798368751
684058221
680392123
646691080
547815300
50304447
263930917
431949614
478083789
600805673
45301734
790469979
52960224
105425089
438972243
920121641
20159210
379910795
84859576
389964672
96184430
310868880
104573042
307232749
560644904
7155869
152341092
0
741703299
925533652
575359041
818735151
638585949
67388748
537726894
141555753
226146381
44219535
341735768
242751997
89678926
723673378
448564090
507968803
201771879
27535028
369226659
3812713
81447768
718717380
391602996
30507272
586
5768
791930196
271262733
211717769
66905776
557427145
210782905
669113674
0
154233502
35206002
216872512
1615608
599097154
106988641
860621044
1167960
475745919
903662420
181945648
747038785
988007846
882
307109344
175880738
948155856
128572694
420335736
785622439
382651982
866039987
496178332
580212879
234709
408
493127852
612315271
649922540
650886169
524095781
230228573
2901384
125227843
632759620
427499346
585103048
632894476
520766783
195613888
896904505
231029751
50492679
390149542
656476428
596299646
369638888
4600977
646602003
631053659
2765162
276267012
2391032
461318799
1768260
91064809
975343696
123208820
77265920
24004095
878059783
395091029
934039911
538423028
347872294
180
782771842
102079
13443463
643539153
737913783
229772604
14554020
425168985
558259127
9223092
31482992
613040598
657927543
789221104
329142568
638861622
464142547
915824469
89436824
223204511
892512732
561835980
312242
20448
325915376
738899798
780908964
3147690
721036085
100286664
3726135
790092990
286837611
407401419
318780703
2213658
955476097
18034
517929485
759063461
459002457
609899817
157496010
854633968
170618650
753581765
800616940
740247770
220008605
355775955
542369814
966954686
199373825
76119494
453842509
273171
775263
622924321
451590932
833970422
7623281
572012950
710329229
876972727
20824986
964245191
804469395
330677153
331896000
2135664
825752807
892587103
1658844
647463804
809676984
163331452
317552448
144998912
65664
707641400
133775561
476975765
478134258
573388117
715723531
557186323
943108630
655322377
384382761
28
307231453
448864960
73294313
326604761
52964020
470125656
920740918
419912171
117237060
68711554
627801069
550036241
727221208
745993290
531284279
606287581
367395114
813723503
377618850
919185686
282746722
117008471
792326447
45970308
712250687
523661649
11317957
713257328
310173304
617099865
813444981
207545791
756425194
903126126
215255289
121792089
875261881
373568850
133701552
760127449
266310247
126824876
44544480
523344464
939237577
2218904
35561688
306404353
741313266
949688221
886635204
513233779
965017082
75579723
494687957
47898688
655120892
20235
131992059
75996
139103875
16925
91872
183837779
283337266
501102568
457383633
775520386
643366652
745663165
10715460
670780241
996666476
93502702
455807027
452325720
3906096
924503666
172396224
596520523
2753304
732104275
908662419
23472274
449631202
322084821
742773028
214247652
825533618
517504421
665536200
265010720
37344906
433523069
618092790
217288
919961992
246278255
379877415
290633945
390166995
6728482
555731205
472989056
139921684
486474724
29713101
629143621
20927115
451213167
0
36482340
804104449
918806530
994974564
86774678
935596783
772936195
45417660
571820258
11018
263807315
670639421
965483271
161929436
275696715
649377183
776587576
45543424
149807083
213127780
837367755
529487874
556371413
377830473
35283820
459866633
152435135
21110817
115516911
761558662
262602747
1657290
118009602
835267454
3388247
891028323
25581102
73519430
442208160
623780578
923722050
187104804
357243633
139298643
827428596
277571052
528562494
652424804
357465489
956638985
572561841
48222830
16846214
265154603
252060
1062958
586282435
26138520
898782445
966885953
30804620
39680655
154986393
45767880
0
15020840
905818736
609287700
683456846
768708340
201616
519885342
346246304
34457634
421341723
547171135
3
456516216
190776777
59184868
149136
486411765
543540131
395204068
564713558
339607841
26344344
352379960
556246413
83
604456108
18292380
429285789
325543768
751650531
875424236
786417056
341815488
943964710
649055649
267868284
277915959
687146142
317824490
197839355
764117663
636803488
486305155
273430443
912144346
2339232
475088632
286963092
578871285
302890018
117902392
207716
375561351
97474560
247017838
620052843
159052
509355009
750757294
539654362
138894
379517468
391292982
865023825
227599489
1097328
576804873
7552160
112384087
490815690
835454852
3525681
181779809
505665584
409345985
507180251
843828665
703703168
3898012
422800778
286619783
24399818
418585291
0
626433960
163881962
835168732
422508700
2647716
248802933
40213357
767979216
744900265
52551085
591438971
25635452
500983753
333468196
706839662
266321435
11654820
21226816
132948582
29561297
933126544
156918897
478672790
234732981
443410902
751986698
294859105
226180803
586958855
604714014
607445743
778443829
189763672
25568994
1449350
275033275
651484894
31348422
326157335
982498558
78642328
912880296
639365390
529624805
419976518
833013846
399820260
357801404
839084802
734093130
762706403
924914116
424977966
197228346
829550568
938928183
793529704
153126432
258907721
414387936
48106073
861904193
10838
447943614
2036525
207514137
365986853
2464550
861329520
382785393
558367717
910870022
702615822
326651626
141765
65190773
158266212
822575685
465933347
916075042
975909106
562628215
87181452
43431530
426083654
4451640
265070208
840288946
637992710
4900
619659325
440806208
493744976
81675580
247371499
833749070
604057127
533329420
357835681
991296689
311733878
342117675
109511689
628175005
251263592
248818561
984887045
874868829
449429903
20956790
30
808714728
875113618
812784112
754726905
38156920
711450590
2664974
472403080
311367719
977826414
671418305
915154552
225829577
235786357
336337602
23704604
20002479
68338436
672113415
633504937
608728614
507910347
356132196
176507455
515616216
781299041
601293414
526441130
261926144
28773600
125145964
771509707
507704161
710910909
908718148
45342207
438770457
551647473
193998991
315603889
274182815
320578941
734940105
788503435
244237647
103549525
906962903
851207547
50945915
221108291
142083177
581351885
48183989
535320883
628670452
356826521
666917589
362609
56215402
23449307
901860896
617223175
671105951
419731339
693653933
809371304
948825923
72561292
16238
3323164
177943584
754761343
22929049
14923995
712744121
674705265
764649558
691391900
615577443
271818438
973046226
135163781
912621710
155676
1258826
280993421
395904343
154347240
295055714
406773034
975354392
970
712434380
107508102
855542899
883710484
307792716
273929260
680849427
306494577
3715936
751523427
434415313
150835615
864782738
925622
707628336
339335354
343142712
982520078
35315588
959858324
360212058
28522368
624596791
489761700
678556874
202939580
830136643
630680471
420818803
497173048
28291912
742029112
107327384
972
521004598
100269985
639506191
449937488
20893083
158096642
10062968
727240603
228965774
253159078
529285174
345931307
236560020
153740340
438264
162587072
42384472
462617216
717777977
692138974
691076996
617836840
196852859
81162907
168110145
146937482
358954464
223645
768478993
533835053
614786707
382468091
474190599
432
553364851
706384798
333094251
840160253
182437771
905813511
766599145
628087828
46575237
639655805
56961784
71777023
235620019
284763446
578285442
926543052
87393782
85454884
520986937
802717991
836107922
472163422
398590376
206355925
220044168
358498725
25982136
444016576
732598152
319796400
720961610
343847194
468089411
139511492
801955020
974994329
400334093
103381985
226522337
974948418
576445978
883898527
856409767
634014748
285723580
603613365
300712609
67427341
972256434
695283396
327100444
152272333
321388200
302526728
17685
22086
224286699
956
169850277
913375641
938272583
567559878
122967142
866720301
613900294
972656643
530132308
560238412
307535103
835856069
885868208
73248
680171804
291073675
940282199
905267831
733020
635845276
445159026
971857119
102686
232195297
235035408
684881248
400009680
502762399
49799876
953505644
420425833
184851607
276808252
53510067
512738093
529599464
236483457
42439547
906281163
956953612
415355261
903397821
531156849
16941504
100010904
1012680
30783556
221992314
336675409
203893835
181350982
602388314
36850060
931921959
803113499
302453135
767764204
322291842
672683867
961099207
117058994
520168144
958217413
835863554
441994215
234903652
111573877
2136932
211172481
743948760
2548
64800
494523079
269038
698548818
311268403
287449055
516171585
506733320
166050377
756233420
699395785
755597302
820044
472606590
409910423
211334752
983837493
101300
635894892
246609200
545399990
226911209
761693013
363721389
314400012
300341730
309030938
595846248
216140004
442683659
938307384
23206040
920786199
339941334
528001820
428233234
966659001
31205636
800746908
675238751
273032040
404237816
21196
150275030
523044012
199269633
534980226
46
579765724
237863997
46
610
125784502
913583259
563391318
734710339
674663752
725432328
892917155
892352662
992182534
621556550
28429959
179843838
252429017
977120547
151335030
73042307
678183865
942497136
866038684
779634011
2190029
16
575943368
307529539
115255452
5231989
168185667
702851105
982019258
651006094
72173233
36675626
446280558
625129164
82119786
338180600
844944602
528143850
938650728
449786926
269252688
272932362
808586473
850647159
813750514
649874541
422789644
502832154
32076045
142554084
568657188
26335947
653912746
2730730
36064379
484087504
643593303
327935729
115481455
415150200
990172654
466293001
839903084
232152821
528248584
640570490
415074681
168
133695726
127008
50467514
3231274
753439861
40928732
836576279
1439424
801776628
186853240
932395745
639189435
54106349
82012396
134381287
680497813
32955020
204806558
108726000
55272423
132536592
756467998
902904184
266419050
442
984297151
55742705
824177946
23093124
393018495
931286906
17459016
797304158
6532002
146621929
940643287
149780397
924010358
751202599
442264409
849850166
703507944
32485531
617587532
1530900
364819749
855326303
981988374
585062111
250235413
3109221
422036200
662843724
938771555
121856
302756362
602575122
483255360
863454352
347372387
781414787
971680344
688908482
7
1346797
1688725
550122290
208449
296328878
734935584
42858570
835948865
326408287
279472482
2690602
170017143
55788258
448605638
238677422
820591090
944814671
61501796
3009712
562658126
972486469
1622857
920724686
500211608
237350522
812232460
479566660
113072947
174356
994498438
685517774
369729035
585597316
438356303
174397965
870915074
420179429
249099570
1
56027916
940727970
312385994
568037840
356132787
4096837
977828456
554093678
414648359
433982174
74680697
257761452
633598534
156690
37295290
136775204
843656292
44
500044908
569591675
533405737
316917543
561022814
332265246
62731680
118932874
591857967
520264701
418698300
258514466
278591746
24326510
792970168
413385691
489096682
49401741
1471704
572728146
743739740
980377380
929678553
431222964
0
44969781
806876889
842016872
565896798
99563758
1116990
574606448
467142681
377264318
47720
717260544
315614826
924895924
740836245
611716728
681425671
485074486
623114953
635133402
781227082
296855097
607075352
711573694
12099
628587883
309663888
19979922
792029613
35685206
946828482
912406048
526386354
714871160
215626
432
529609774
531007202
193108112
828887283
362507363
34236450
44119172
473599651
782994279
534836554
736710454
289195156
217876735
450101919
117960253
91443572
268188916
2049824
254330982
654630655
451923472
272898263
584814108
243270
970371926
575920799
643428683
0
350745812
16371211
649993244
156111429
236934403
68069218
300590738
4654907
814041370
277227722
384112571
31207247
635968923
181133575
588804552
3247330
729316163
17457700
787248954
967212440
3227268
585778551
329471739
892115716
272551788
35231008
534023798
637289955
45337694
467405124
219024
137973573
238482355
696141077
415139010
160
426714698
676467990
974171265
106721398
171298786
996122302
730226068
476893328
703523820
675147144
659217762
557561676
490406936
169314373
382730902
618064339
390902538
968049318
237099616
55237
258366
804318015
299980393
704146040
816846090
3358524
368825410
217063317
429617720
671118624
471990558
744599319
430211040
155667223
650513491
137782
705013678
695063451
662515100
632259105
355344406
415306944
829440919
955416278
217591917
141295444
203016786
184497065
36106378
288419859
855934198
645414828
722548666
260376820
366764956
5612987
610693191
973240280
165508347
560837088
94938874
32419809
131186122
131101834
124039612
470090113
38959494
5529102
980582328
6428437
37167798
306782220
390787919
308073281
784456712
902097407
7826712
615374858
583341271
934408752
84703
1152
52450800
343676220
101322
151172228
91319009
448946884
848521040
539226134
914866727
707151299
263013570
712335912
540484365
73557829
2072071
123851137
852596453
2272
1922076
19228
525825413
990043036
612024000
279135829
902702906
965139887
55137975
953531948
270723484
948634682
921496008
239974739
921044724
124719315
760677892
62982940
882236272
225367567
886220187
246472382
76758375
501736562
15284430
348139266
889280459
757691722
401154714
281609615
77130159
555313356
850505602
198785301
550984756
258046810
809806975
584065189
946754116
17492706
346306129
844494960
240341151
162901424
698706101
34391651
77073444
420344645
754761031
329607435
83421952
974796067
435145283
235440
102736122
341500
850203399
537321554
41680688
184952104
40111680
319878432
451237859
123886658
139633353
427136190
161457173
623774282
156491967
790959022
326210559
869158758
336722134
57698748
3276416
606130382
408
650641906
661597471
36179726
723348961
798243035
209109387
497307142
828509689
61542484
3681483
652
688410181
636740414
2603515
870449273
315844394
435863724
927671695
390165
7465
47117646
1411345
254173486
491454789
438405691
83824915
419457568
541968735
714663608
411875545
636141961
415354085
211536644
88582539
807739324
317417830
880440287
591912672
990223378
205956006
514414177
48303558
766438228
387613563
148477958
3081984
966018421
327381
177852362
863899830
534011168
853191358
86884284
80351211
647658920
357689123
956382032
23880
258032496
79139036
108419
597948510
633003747
780638785
956935135
715731743
492874653
628616084
872862339
203364318
596241904
34519041
706397133
698273391
790434362
486301330
305724591
233483
22608567
624310818
315663888
275899291
152174695
116152
992342018
588556619
990100978
45036893
652440142
595838492
914867807
257532309
188912606
33830964
748287140
101475
268348378
418306537
566135299
852532944
164434
912136543
1062477
336
685920559
734205534
291788254
860015801
4450418
25892006
83578656
355657530
741096162
202518668
105887739
1161721
748015238
55764800
484783336
570468857
876641938
309472364
60720
34566983
652077559
593813359
186510355
164206
523304276
928675209
402842917
2032705
863245728
222109
164205147
845576627
193135168
219174000
699667938
205976638
903455374
693786293
24027000
893731538
624169987
729740027
386295390
732022537
512476912
22009108
100150065
610779098
339343167
489040295
299048584
394173516
273864991
48014067
278370278
419
325716321
936775253
649626960
678312681
276956
762340539
932238216
68627274
278030523
12890479
66744358
258928299
67773470
763336796
807176183
165466693
619619171
803813020
184327269
641074222
478734545
105568379
884571586
47
50903115
766369269
195471976
598160044
284823282
691328
453749330
20714624
864441556
117996552
693539122
114750949
657756032
938747005
38160200
744117234
752052624
7971630
815073817
385482212
570755502
8800
513876567
3482287
257784770
126159
715850166
288617104
231808084
643572473
335296708
601427109
870710899
16920621
633986123
42855233
644196056
115533953
416499142
160525240
666410390
256418512
305191790
309763827
613061812
725989524
110422001
712522582
183248298
25422100
112869683
116103640
435750697
895429566
32552676
761636288
40713596
106286544
364570884
903577732
93845256
455484850
311227401
11723616
200316116
421629928
818948998
438194833
936540029
937869417
636192972
47442900
986664938
32228152
836439454
494370295
332035064
52448055
902999770
841260928
89206165
126300071
862574631
74649989
519440550
843750948
334401678
529105660
657638956
38634906
541
275473795
856604712
214892870
555092946
564381943
931819168
2771661
1
475958823
5680574
891757610
663909998
715121892
740023896
137255316
98481186
803430815
339172740
834707651
961591517
599437824
944652095
557488437
29400
361738894
952108953
434362686
245810214
233378040
517623295
499221775
409394209
78504719
30097050
418409460
122425
664766895
15324
43948500
119666689
766779299
945007795
514034769
687295048
279135845
774508534
339650576
43157336
2937302
460410978
282115226
703477173
516436554
536660100
453141822
835688632
4187283
177055416
724527601
44576756
772801063
552740884
733216
501007020
74706684
219310
740691388
26931218
205084519
300497736
819284183
74210087
183985115
391204164
271143519
510037695
501874842
795436971
85274562
311565528
530974610
24853
19369215
807458564
856136319
4766178
202367057
77685599
326353514
592044001
77593702
95034760
356460637
909911587
804735951
642314813
658605613
324729246
988433368
105383652
656105230
242486446
778477057
3737
90608900
712497963
536699020
90099790
638547406
218846930
679741717
642639415
713747365
27018432
539616984
15846194
944620231
961947891
143797379
882250870
672794507
822251218
802568042
17641
1356784
343710
446987529
29743138
501319728
458439499
338412327
213528296
568119737
443918811
30622191
966379419
567337260
32400682
65958954
127694
524851888
172863472
134520324
3440
582322989
1522248
306091594
925283320
327050880
0
163441053
430984998
75608440
781475870
2267452
431969965
949882494
245362539
923210517
782132398
743915304
794889570
753313781
9362715
317433761
24383217
622188763
808914120
908248576
307057584
64697065
475285710
648664079
974399396
314526542
825154214
768815229
3088132
80192840
546393747
523600167
570639924
656952624
20454462
269790267
711341033
107354586
4460764
192540872
948375257
960138309
464213451
185003505
779128222
921756428
739806792
865675585
60826834
659766314
4113802
794370475
54119657
103696099
86704
186536247
524788716
479945989
412587593
13044100
828873531
920848698
736523883
461038191
4316800
420378861
33643506
5291
623595055
697701676
475643944
884859143
617265171
980726071
327581264
15618
106290686
90596443
564042468
524932221
224186857
287882277
840984436
63
109963662
417321286
23723401
466640356
9328096
3536740
635236392
903269311
246032
857837634
847833249
867672
534105
440633723
547604649
125662
69319924
239090953
209448573
30523386
622580844
942405734
7576390
589133699
779722845
677800742
38
63510008
2490974
282239019
174077785
15997839
434065944
837122529
72383236
350053526
327006052
527614524
570845086
198653159
243419067
959675744
281776264
915574873
677311463
649771013
462104664
616332511
557976696
9393699
809898964
375122736
305522195
805516137
698320570
788543014
839465898
117691161
420284224
743899682
11374
575342854
3809652
669408630
52546999
614205186
385
388348519
33254475
25855112
109854889
689443905
452391216
605862873
429205
661665315
249388
739325853
197144301
916678096
454406866
431420531
933267354
293654820
72752406
21684065
613101414
742495782
39618423
72067314
570919130
53185249
157197814
436604710
712003211
822604143
437867157
215349599
836601234
370591675
226160458
734022011
