0
0
192
0
0
0
0
0
3421440
0
103680
87480
0
21146832
410000
0
0
0
11520
0
0
751320
288
600
0
0
0
81000
0
0
10886400
0
0
0
0
0
0
0
0
152
5760
9216
12096
0
0
0
0
0
0
6400
62208
61800
702000
0
691200
0
0
1728000
25920
0
0
6192
480
0
0
373248
0
0
0
10368
20736
751680
1620
174960
21520080
0
0
10368
58320
0
0
0
27432
502272
40640
4800
1944000
186624
0
0
207360
248832
0
0
0
0
0
9
746496
798780
19872
0
2147616
0
0
0
25920
1243296
0
77760
0
3840
6
300
12960
5702400
51840
1687500
0
2457600
0
2430
24300
62208
0
0
0
1252800
0
5548800
0
0
0
38880
3240
0
50
86400
19872
0
64800
552960
5040
0
0
0
0
388800
0
767320
0
0
276480
0
155520
48
193536
0
0
0
0
0
2284416
0
864
0
0
0
0
0
3240
0
4860
0
0
0
11520
0
0
0
0
864000
253125
0
4665600
0
0
0
0
311040
216000
0
0
38880
0
1440
0
1036800
0
0
0
0
0
0
48
0
0
37260
4320
0
0
0
0
194400
0
0
0
96
0
1855500
1036800
0
0
0
0
1080
3000
46080
0
0
0
2059830
28800
8640
0
0
0
0
0
0
17280
783072
221184
0
480
0
0
0
1920
0
0
0
0
0
0
207360
648000
0
4800
491520
0
0
0
0
0
19650
46656
0
143424
0
0
259200
0
11664
0
37152
0
0
0
103680
0
0
0
27360
432000
0
5184
93312
0
31104
1119744
13608
32800
240
8640
0
0
2304
0
0
0
17280
12663000
0
0
0
5400
0
0
81000
0
622080
0
0
0
0
5184
0
3110400
27648
17280
2112000
0
0
0
0
0
576000
0
0
6075
0
3600000
0
11520
0
1658880
0
0
0
158400
22400
0
0
0
0
104220
0
34560
0
0
0
0
10368
13824000
0
0
0
0
524880
1152
129600
300
2592
0
64800
0
0
1710720
0
162000
0
0
57600
138240
0
0
153600
0
0
0
4920
0
864000
0
0
6
0
0
0
0
10368
10368
0
0
0
0
0
466560
1093500
0
5040
0
0
5120
0
0
12960
0
9910080
221184
0
0
0
2112000
115200
0
0
0
6000
0
540000
235500
0
480
1166400
0
0
0
11520
2160000
0
0
2916000
0
540000
1944000
0
5184000
0
0
583200
0
540
12960
0
1866240
0
0
0
0
0
0
46080
1080
3928320
0
0
0
0
0
0
80
259200
0
0
18432
0
0
0
0
0
0
10240
2430
0
0
2304
51840
0
0
0
829440
0
0
0
6480
0
0
0
7200
1152000
0
0
6998400
0
0
194400
0
0
0
0
0
216000
0
0
2880000
0
0
749952
0
0
0
61800
0
103680
0
0
0
205200
0
2855520
0
0
3732480
1926000
55248
0
0
93312
34560
0
0
0
0
7776
0
0
0
0
0
8640
0
0
0
14400
0
6912
0
1990656
15552
933120
0
0
0
0
16000
0
540000
760320
77760
870912
0
0
0
0
0
0
0
248832
0
3240
23040
0
1536000
0
0
0
6480
97200
51840
0
7680
1440
0
656280
90720
0
9000
0
0
0
0
110592
0
54000
414720
2016
172032
0
51840
0
0
288000
1442880
20736
150336
0
0
0
207360
7680000
0
480000
345600
0
1180980
5760
432
184320
0
808704
2304
0
2400
0
0
207360
0
0
0
0
0
0
81648
6480
0
0
0
0
19440
0
0
432000
0
8640
235008
0
46656
0
0
0
3888
3078
0
172800
34560
0
16000
0
829440
0
0
0
0
0
345600
0
972000
622080
0
237600
0
0
209952
1244160
0
9216
96000
0
34560
1800
0
64800
6480
0
0
17496
0
0
0
3456
37500
21600
0
0
0
0
0
0
0
0
45
23040
0
0
0
100
0
2917920
0
0
0
0
0
1080000
25920
51840
27000
0
0
0
0
0
0
0
0
0
19200
0
115020
0
0
0
0
0
0
0
0
0
86400
13440
0
0
2494800
518220
0
135360
1872
0
0
0
0
28800
0
5184
0
0
138240
172800
207360
0
1506816
93312
0
230400
32244
0
77760
0
0
174960
86400
0
0
144
2304
1492992
576
0
0
0
3421440
0
1520064
0
0
6400
0
110592
0
0
6912
28800
0
432000
0
0
0
0
4389120
155520
0
0
0
0
12960
0
0
432
0
8755200
240
0
0
0
49152
0
0
24
82944
0
311040
0
0
0
1356480
0
720
0
0
291600
0
0
0
48000
72000
112320
4608000
0
180000
403200
0
0
0
518400
186624
0
0
0
0
1920
12
0
0
499200
622080
0
36864
46080
8100
15552
3932160
847872
0
0
0
384
0
7680
0
0
0
0
158976
17280
0
0
2592
46080
0
155520
0
1555200
0
0
0
0
1209600
1036800
116640
3498120
497664
0
0
0
1866240
0
0
129600
0
0
300
9859200
0
0
175770
0
0
6480
0
0
0
0
1399680
0
3732480
25920
0
2700
16621200
0
0
69120
7776
77760
0
0
0
6912
0
0
0
0
6912
3200
0
0
0
0
0
276480
64800
2592
0
18000
0
31104
0
0
0
10368
0
0
1769472
576
276480
124416
0
0
0
62208
93312
240
4800
0
0
0
0
102400
0
0
0
0
0
0
229464
129600
0
0
0
0
0
131220
10800
0
466560
559872
345600
0
64000
0
0
648000
38880
96
0
0
3240000
2160
1536
172800
0
18
0
0
0
0
0
0
0
0
0
0
23040
30
0
414720
0
0
4
460800
0
0
0
0
0
1220832
311040
6720
699840
0
0
1200
0
189
2488320
0
0
6998400
0
0
0
0
0
0
0
2064384
0
288
0
0
0
0
0
165888
0
7200
0
414720
82944
0
0
25920
216000
0
1382400
0
13824
0
0
0
1166400
2099520
0
28800
0
172800
0
0
0
86400
0
518400
0
984
1044500
0
0
0
0
0
0
0
0
0
648000
0
0
0
0
0
276480
4320
153600
0
0
0
0
0
320
0
0
81000
967680
864000
0
0
0
0
29160
0
155520
0
0
0
497664
388800
0
0
0
2880
0
0
0
8640
0
155520
0
13824
0
6336
0
0
0
0
214272
0
81904
0
0
0
0
0
0
2250000
0
0
0
77760
90720
270
17280
216000
0
465750
0
0
0
960
19440
0
0
0
0
0
0
0
48
0
1036800
32400
110880
5184000
86400
0
0
0
0
7776
1244160
0
874800
0
1536000
7200
0
0
0
57312000
0
559872
23040
0
0
144
0
96768
15552
9720
57720
69120
805800
72000
115200
276480
96768
0
0
144
207360
172800
5024000
1166400
9600
32400
0
55296
0
0
0
15360
0
0
0
0
2686000
0
331776
0
1080
0
2384640
0
24588
0
0
4320000
92160
0
0
0
0
0
0
0
0
0
0
0
648000
0
81000
324000
751680
0
0
12672
10368
0
10321920
0
1440
25600
0
0
0
0
276480
0
622080
53568
8640
0
108000
0
0
180
524880
57600
0
12960000
0
0
0
0
1695168
0
4608
0
0
622080
576
0
1800
0
0
3840
0
0
0
562500
0
36960
5760
0
0
3456
0
0
0
0
3502600
0
3600
0
864
0
104976
0
0
0
0
0
0
0
43740
0
0
0
2160
0
0
0
0
116640
6635520
174960
31680
0
365472
0
933120
194400
0
0
0
0
3369600
0
0
0
0
0
0
1296
43200
32400
0
138240
103680
11520
270000
0
0
31104
10080
0
0
0
0
0
0
0
0
1
0
0
0
1
0
0
0
0
2880
0
0
0
0
96
0
27648
0
0
0
43740
0
0
0
0
0
32400
0
63900
0
0
0
0
0
0
0
0
933912
829440
0
14400
0
0
0
0
0
0
10440
512000
3732480
0
7200
0
1620
0
6220800
23040
0
414720
8
0
4000
46656
0
0
0
0
76800
0
0
384
0
0
18800
3072
803115
279936
0
0
25920
0
0
0
0
0
0
0
0
0
5184000
0
0
0
129600
27648
0
0
2880
15240
0
138240
1485000
0
10800
0
97200
0
0
0
0
0
86400
14160
0
13824
691200
2304
5529600
0
0
0
0
38880
0
0
1555200
0
1350000
233280
0
243000
0
161880
4147200
18
0
0
0
0
32768
0
98304
0
0
1350
0
0
0
7290
432
21870
0
0
93312
0
11520
0
648000
239040
972
0
0
320160
76800
0
0
0
0
0
0
3456
0
0
0
0
0
0
0
0
0
129600
0
0
8748
720
746496
54000
25600
1555200
0
2592
0
5760
64800
0
0
0
0
0
12288
601344
0
0
0
0
3240
211200
518400
0
0
995328
580608
0
0
12960
77760
0
0
7464960
0
0
0
5184
129600
396000
14400
0
0
20736
0
0
0
259200
0
0
1296
92160
290304
101520
0
0
2534400
1049760
0
92700
12960
16200
0
0
0
0
0
103680
38880
0
6622800
0
0
0
0
0
2880
511488
10886400
13824
34560
18273600
0
216
0
0
0
138240
0
5184
7200
604800
0
768
0
0
1536000
29160
0
0
0
0
0
1244160
58320
0
0
460800
0
82944
0
0
0
48
0
0
69120
216
0
4320
44640000
0
0
2880
0
129600
0
2160000
184320
0
0
0
0
282120
0
0
4512000
0
2936320
0
345600
518400
360000
82944
23760
0
0
0
956160
0
4140
0
276480
0
0
0
0
0
0
6480000
0
36864
0
777600
36000
0
0
0
0
0
0
0
0
297216
0
0
1728
777600
0
194400
0
5120
0
0
19122
86400
3801600
0
0
51840
2160
0
0
51840
0
8640000
480
1555200
1966080
1175040
0
0
200
1440
0
51840
0
0
345600
216000
9504
216000
0
0
108
41472
198720
0
2917920
51840
0
0
0
0
0
4608
0
0
0
55296
4
0
5033600
0
690930
0
0
432000
0
0
972000
0
1866240
36000
0
0
0
1267200
0
0
3761397
0
4147200
3311400
0
0
6739200
0
546750
0
0
0
3885030
248832
5184
0
648000
0
414720
60
0
0
0
0
0
0
0
368640
0
69120
0
0
0
0
621648
0
0
0
233280
2160
746496
0
0
32400
0
414720
12960
6210
93312
0
0
0
36864
1080000
0
373248
0
0
0
288
1296000
0
0
0
0
0
0
0
192
0
9600
240
1028040
0
259200
0
1944
0
5248800
0
0
0
0
3840
0
129600
0
103680
1511550
368640
0
0
0
0
77760
0
25920
0
0
0
2094336
0
0
0
0
1280
0
186624
28800
5760
0
0
0
0
0
0
583200
1036800
0
0
0
3888000
1296
0
160
0
0
8640
276480
691200
0
229500
0
0
234000
12960
0
0
18
0
349920
0
221184
0
0
0
480
0
0
25920
0
0
0
540
0
0
0
0
138240
0
331776
288
0
0
576000
86400
3000
147456
67500
155520
0
0
0
0
0
86400
57600
108000
2763720
86400
0
0
0
821760
15552
0
0
78720
2227680
388800
0
0
2534400
0
0
0
198720
0
0
4800
4059720
0
0
0
0
160
0
0
2488320
0
0
4860000
0
0
0
51840
0
0
0
3600
0
0
0
0
0
10368
0
0
0
0
0
391608
7680
18432
73800
1296
0
0
0
0
34560
0
0
160000
0
0
0
1728
4320
319600
0
0
0
97200
57600
0
0
0
0
5760
504
0
62208
7776
0
0
23040
0
0
0
18432
3072
0
283392
80640
221184
10368
0
6480
0
0
0
2400
0
0
216000
0
0
1969920
0
0
0
188352
0
0
5266944
0
0
5400000
0
0
0
414720
0
0
9600
103680
276480
0
0
0
64800
1866240
414720
23040
15360
27648
0
44000
0
4608
7680
672
0
5184000
248832
17280
0
36000
51840
0
0
0
86400
0
58320
864000
6075000
0
0
0
0
0
0
194400
46080
0
0
0
0
10368
8640
12800
0
10368
1440
0
0
0
602880
1512000
257952
0
0
165888
0
0
0
20250
0
27648
0
0
0
0
0
0
0
0
0
10800
648000
0
0
0
0
0
115200
7290
486000
1596240
0
0
28800
0
69120
259200
0
0
7200000
2160
0
0
12960
0
0
0
17496
3932160
774144
0
0
9216
0
900
1049760
0
0
0
0
0
69120
4608
0
0
559872
0
0
48600
0
77760
0
62208
0
578580
1866240
0
0
25920
0
0
0
25920
552960
0
3840
0
0
0
0
0
0
30720
0
0
0
138240
32400
0
0
0
51840
135
0
0
184320
376704
55296
96768
0
5760
73728
0
0
0
1119744
0
0
3525120
1175040
12
0
0
0
51840
165888
0
0
207360
960000
777600
90
116640
0
480
0
0
6480
0
0
0
3600
0
460800
0
0
0
162000
0
0
0
0
0
0
2400
0
0
142560
0
3840
1344
0
414720
0
107520
0
0
4800
800
5184
2353536
288000
0
77760
0
54000
276480
0
184320
6000
0
244197
4632
432
4536
0
0
0
0
162000
0
0
0
0
6480000
0
13824
0
0
0
40320
0
20736
0
0
0
0
17280
0
0
0
0
72
0
0
1244160
0
0
15552
0
0
0
156672
0
0
108
172800
2880
0
270000
0
0
0
0
3600
0
0
5520
0
0
21600
0
0
0
0
0
0
259200
0
8100
279936
0
4608
0
0
0
43758
11197440
23040
1536
1152000
0
0
0
746496
165888
0
0
360
0
0
0
0
15552
44800
54000
0
0
34560
28800
0
0
0
331776
0
829312
0
54432
0
0
0
0
0
0
0
0
0
0
0
0
24
933120
0
64800
450
1244160
2160
64800
864000
0
57600
25920
0
1296
1166400
20736
324
48000
0
12096
0
0
1382400
62208
0
552960
435456
28800
0
0
10368
0
10368
373248
15360
0
17010
0
388800
7680000
57600
108000
1134000
153600
0
0
237960
0
0
0
90
1175040
0
0
0
0
29160
414720
768
0
360
103680
1296
3110400
11421000
0
0
2808
0
121500
0
0
0
0
0
0
13248
27000
8640
0
129600
0
0
6480
0
58320
38400
0
2304000
0
5184
497664
115200
1215000
368640
19440
0
0
391680
0
86400
0
0
0
0
1728
0
0
69120
0
1399680
7680
0
0
0
144000
0
0
0
0
0
0
0
0
0
57600
0
0
0
122880
0
2880000
0
0
0
0
129600
0
0
0
60000
53568
0
0
5598720
0
500
51840
0
453384
0
921600
41472
0
0
0
0
4320
0
129600
180000
0
0
0
0
0
0
0
640
0
0
20736
5400
51840
0
0
37500
276480
0
0
900
0
0
0
0
2868480
46656
0
0
0
0
0
0
0
0
38880
124416
0
0
0
0
0
0
6795900
0
3149280
69120
17280
0
0
0
0
0
0
345600
0
933120
0
0
0
2009088
0
0
0
0
1152000
0
194400
0
0
172800
2160
0
311040
0
0
0
0
0
0
115200
576
0
405000
0
0
1244160
48
576000
36480
0
0
0
0
0
2798640
1920
0
0
0
0
0
0
347148
0
77760
0
252
1049760
124416
0
0
368640
0
0
0
2150400
0
4050
0
0
513600
0
270720
1600
0
0
0
0
0
437400
259200
388800
0
0
77760
9504000
0
0
1244160
0
0
0
0
0
0
1536
0
0
0
34560
0
69120
0
55296
540000
0
0
0
0
0
0
393660
0
0
0
0
0
0
0
388800
2160
69120
15552
0
960
0
23328
0
831168
0
0
0
116640
648000
21600
270
130950
0
0
0
0
122880
0
0
608256
0
116640
15552
0
0
0
0
0
48600
80
0
0
0
0
5184
0
46656
4140
0
162
0
0
0
0
0
0
414720
648000
0
1382400
0
0
13824
0
1920
41472
6220800
0
61440
0
0
0
1166400
0
0
0
0
248832
622080
19062
27648
0
0
0
388800
0
90000
230400
0
442368
0
0
61560
0
0
0
0
0
0
6912
25600
30
0
0
49680
0
116640
9216
0
0
0
0
69120
0
0
0
0
72
62208
0
10240
22464
55296
9216000
0
11126000
0
0
28800
165888
9600
0
0
1166040
4320
0
38400
0
810000
6480000
0
135000
0
59087880
6912
0
0
17280
6912
0
0
280
0
5184
0
0
0
15552
0
0
0
1200
10800
0
2160000
0
13824
51840
0
0
0
0
97200
0
0
311040
0
20250
6144
0
0
0
0
0
3072
2553984
3132864
0
864000
0
0
0
49152
0
57600
0
0
583200
0
69120
0
0
1296
0
0
622080
0
0
0
11520
5400000
86400
69120
3888
0
0
0
0
1399680
0
0
0
0
0
0
0
62208
768000
0
0
0
0
0
2160
0
746496
0
264000
1244160
0
3659
0
57600
0
46080
0
0
0
0
2903040
0
0
0
91368
0
0
8640
510800
144000
34560
0
0
0
12288
0
291600
0
0
62208
0
576000
221184
0
552960
0
0
0
829440
0
4
0
410400
51840
0
0
0
0
0
12288
0
1658880
0
746496
0
64800
0
162000
0
414720
388800
829440
384000
0
172800
0
0
648
0
120900
0
0
6
13824
0
0
0
437760
0
0
129600
1944
1440
9216
0
0
0
0
0
186624
3072
0
0
1080000
0
48000
0
14400
0
0
0
0
36
0
1620000
0
0
0
34560
0
5760
0
0
0
25920
0
0
0
1548288
0
36864
0
0
0
3041280
0
0
0
4860
71680
144
0
103680
11664
0
0
4608
12800
0
0
174960
36864
0
6912
388800
207360
360
0
172800
172800
0
1010880
720000
12672
115200
153600
0
0
0
0
0
0
0
8640
0
4608
0
0
0
51840
13824
729000
155520
0
77760
5184
0
0
960
69120
0
0
0
2250
414720
11520
1205760
0
0
663552
0
0
194400
0
0
0
0
0
103680
16200
1728
0
760320
0
0
0
34992
8640
0
0
324720
72000
0
0
150000
0
0
0
0
0
0
0
518400
414720
0
1175040
345600
8
2064384
0
0
0
31104
72
0
5580
0
2444250
0
0
103680
995328
0
0
0
4478976
124416
3240
0
0
414720
0
0
0
1458000
0
0
648
20736
648000
69120
0
48000
233280
0
384
345600
0
300
103680
0
1000
1080
276480
4608
0
0
0
0
1197360
0
66960
0
23904
25056
0
0
0
69120
939276
11520
0
0
0
0
0
10497600
0
14400
360
0
0
0
1327104
0
0
0
0
294912
0
3072
0
124800
0
0
19440
0
0
0
0
0
0
4730112
0
0
324
400
0
23040
0
0
17280
0
0
0
1296
0
23190
8856
0
0
0
675000
0
0
38880
0
0
0
55296
0
311040
0
165600
345600
0
115200
0
1244160
10368
0
0
0
0
279936
0
1166400
4
0
0
0
0
1440
0
0
0
74520
0
114048
0
0
81
36000
0
0
0
0
0
0
0
0
10368
0
0
233280
0
180
0
138240
0
4320
96
0
0
2322432
10368
0
17280
388800
0
64512
36000
311040
12672
0
0
58320
0
0
0
0
4320
0
0
0
0
34560
0
0
1440000
69120
57600
31104
12960
0
124416
0
0
0
57600
0
0
216000
0
0
0
0
0
0
0
129600
0
0
0
0
0
0
1327104
0
0
288
69120
0
0
3015360
583200
0
28800
0
0
0
450
0
0
0
460800
0
18000
14850000
0
11664000
0
0
0
104832
0
0
230400
0
12960
0
0
0
125280
3375
0
0
0
0
0
195840
0
34560
0
0
0
55296
0
2592000
737280
33000
0
0
0
0
0
593520
0
215910
0
0
20736
0
9520000
559872
622080
0
0
2160000
0
0
362880
4423680
0
829440
0
279936
23328
1664000
0
0
0
368640
0
9280
0
27000
103680
1198080
0
1059480
360000
0
0
0
207360
0
0
39888
358560
13596480
0
0
729000
0
3223680
0
673632
829440
0
0
0
0
432
0
0
23040
768
864
0
123000
103680
0
1071360
0
0
110592
5760
0
0
248832
313596
38400
0
0
0
0
0
162
72900
62208
129600
0
0
0
0
0
311040
5184
0
0
2187000
60
0
3888
0
3456
576
0
0
0
25920
0
705024
0
3840000
0
48
622080
1728
0
20736
0
31104
244
1750752
184320
1296
0
0
0
0
1077408
0
0
0
648
0
0
0
0
0
0
51840
48
2799360
0
27648
0
0
0
0
0
32000
23040
0
43200
0
0
540
124416
0
0
0
0
0
0
0
0
1296
2948400
0
0
8398080
0
0
0
6912
0
0
0
0
0
79488
540
288000
442368
0
0
0
253440
0
0
0
1555200
0
0
6400
0
2160000
38016
0
0
0
14400
1296000
0
64800
46080
589824
6298560
0
1101600
0
0
0
172800
0
0
0
0
43200
432000
276480
6480
562500
4608
0
0
583200
0
0
8640
0
1843200
0
0
0
2880
0
1296
0
241920
373248
0
659376
0
2880
4582368
31104
777600
3600
0
0
57600
57600
0
29779200
104976
0
0
0
0
1386720
0
0
0
0
0
0
0
0
0
0
0
0
0
0
583200
0
1492992
0
22300
0
0
518400
0
0
0
13824
0
138240
8640000
0
0
691200
0
0
24
0
0
0
0
0
0
259200
0
0
0
0
115200
373248
0
0
55296
0
288000
38400
0
12960
0
0
46224
0
9600
167184
1105920
0
181440
0
0
0
0
0
0
0
337920
0
0
0
0
0
0
311040
1382400
0
13824000
0
207360
0
2
0
6480
0
0
0
14400
2332800
1166400
138240
360
0
0
0
0
48600
0
0
0
480
0
0
1209360
0
0
64800
0
0
691200
5760
0
0
184320
0
1511424
32400
0
19200
1440
0
0
124416
0
0
0
4185600
0
0
0
2799360
96
0
20736
368640
0
0
0
0
1728
0
0
0
172800
0
0
86400
663552
0
0
0
0
1450656
0
0
21600
0
0
0
1651680
144000
0
0
0
6912
0
23328
0
51840
0
5
5184
0
0
0
518400
0
0
162
2700
0
3240000
0
0
0
103680
0
77760
883200
276480
1036800
0
0
0
972
17280
0
0
0
0
2349648
0
0
0
0
0
0
41472
0
0
34560
0
5040
1280
240
74160
0
960
0
0
0
0
92160
0
0
0
0
0
0
0
0
0
48600
5
57600
0
0
135648
0
900
72000
0
311040
0
0
0
0
18432
504000
25920
0
10800
16200
0
0
1566720
0
0
694296
21600
0
0
0
172800
5941350
69120
1972440
1536000
0
0
4320
642000
138240
0
0
129600
0
9
0
0
144000
0
0
331776
72576
69120
1497600
0
21600
72
36000
0
0
0
6400
0
0
82944
0
0
0
144
6480
0
0
0
6400
1200
0
0
23040
807300
3888
0
1036800
290304
2027520
16200
0
0
216000
0
0
449160
7680
0
0
0
0
2160000
0
0
0
0
17280
51840
0
0
233280
0
0
138240
25344
0
11664
3499200
0
0
0
0
0
0
552960
126720
0
0
0
0
0
17920
0
0
0
73728
138240
192000
0
0
86400
6480
0
0
139968
103680
0
0
0
0
432
43200
0
278400
0
23040
0
27648
12960000
10125
76800
8640
0
0
0
0
1920
129600
0
11520
0
0
5598720
0
0
27648
0
0
2160000
3888
192
8640
10800
172800
31320
554040
0
3981312
0
230400
0
0
0
0
0
432
311040
0
0
192
0
17280
20736
972
0
48600
0
0
0
0
0
5760
0
184320
0
5184
0
0
0
24300
76248
0
3499200
0
0
0
0
0
720000
360000
414720
0
1536
0
270000
0
311040
77760
0
5832
0
194400
0
0
0
0
0
0
2592000
30
3870
0
0
0
768
0
0
810
0
155520
0
345600
53760
0
11863800
864000
0
1796160
0
2211840
0
0
0
51840
0
13824
15552
155520
93312
216000
311040
29952000
0
0
0
0
0
0
155520
0
457740
76800
0
466560
0
921600
0
0
27
0
0
35840
0
0
0
0
3840
0
0
0
245760
7680
0
160
0
0
32400
1990656
414720
221184
43200
0
120000
0
12960
2268
0
0
0
2304
23328
0
41472
0
248832
0
2916000
3600000
0
0
0
0
0
3240
0
0
36000
0
0
288
0
0
14256000
0
0
0
648000
194400
0
0
405504
34992
48600
0
0
0
0
0
0
0
0
0
17280
15552
0
0
311040
0
0
129600
0
0
0
103680
0
0
0
0
0
0
0
0
11664
232200
0
0
0
2361600
0
0
0
0
0
1944
0
69120
185760
103680
1440
0
103680
108000
4320
0
345600
1627776
207360
0
0
0
0
1944000
960
0
0
0
576000
0
450000
0
0
864
0
1555200
0
2332800
9216
0
0
0
0
0
0
4664160
0
0
8640
1440
93312
0
0
0
69120
0
0
0
1749600
9600
373248
10240
0
0
258048
2592
0
51840
0
0
0
0
0
0
0
0
0
518220
0
92160
218700
1127520
0
0
1620
360
288000
0
13824
0
0
0
162000
0
0
0
0
921600
103680
25920
0
0
0
0
0
557280
0
0
0
0
0
208896
5760
0
0
345600
82944
30240
0
0
0
0
0
993600
184320
0
160
324
10368
72000
11520
0
0
0
27648
0
345600
0
720
5760
13824
1600
0
0
0
0
0
0
0
0
0
839808
0
0
0
0
1220640
0
0
1280
0
163840
0
0
0
0
0
0
0
0
456192
0
0
0
0
69120
0
0
1244160
0
0
9953280
0
0
0
69120
0
540
8100
0
4320
18432
0
4320
233280
0
0
0
0
0
20736
0
2160000
72576
0
518400
27648
0
0
72000
3840
2430000
2
0
0
0
0
41472
0
0
1036800
0
0
0
829440
0
0
0
0
1492992
4320
0
0
5184
0
4838400
0
0
0
0
0
0
1224720
0
1036800
0
864
1749600
0
0
36960
48384
0
44000
6144
96000
0
432
0
0
0
28800
0
0
0
0
0
414720
23040
2430000
0
43740
0
548208
0
0
13608
480
0
16128
0
0
0
115200
0
2304
0
18000
0
0
276480
38400
540
0
0
1440
0
414720
414720
32400
64200
0
345600
1866240
0
0
0
0
1200
0
518400
0
0
8640
4152192
115200
21504
0
0
1800
0
181440
16200
0
0
0
12288000
0
0
0
0
134784
0
0
0
0
0
0
0
0
2592000
73728
230400
259200
1024000
12960
172800
548640
0
24000
0
0
19146240
62208
138240
583200
207360
0
0
31104
0
0
34992
0
419904
0
0
86400
0
0
10368
0
0
0
0
0
25920
0
81000
2304
0
0
0
0
6220800
303264
0
20736
0
491200
58320
311040
0
0
0
96000
10368
874800
0
138240
0
921600
0
1620
0
0
0
0
0
0
0
0
0
0
432000
0
0
1236000
0
9549504
0
0
20736
0
120
0
0
12960
18000
320
67500
12288
7776
160000
345600
2160
0
0
331776
124416
518400
720
0
0
1440
0
3240
518400
0
0
2304000
589824
0
0
0
6000
1166400
0
0
432000
216000
0
486000
0
0
0
0
345600
4199040
0
0
144000
1436616
86400
0
0
0
24300
0
0
0
0
0
0
0
0
0
1382400
0
0
0
3767040
20736
0
0
0
2180148
0
307200
0
155520
41472
0
5184
0
0
108000
73040
749952
27648
0
2430000
1312200
0
0
0
0
92160
276480
0
36864
0
4500
0
0
3840
77760
18432
288000
0
0
0
1230660
23040
0
0
0
0
0
0
414720
0
0
1231200
1769472
0
720
0
8640
0
