15583788
2088
130
38228
8224
2928987
19020
80352
228
44002536
376200407
17
25771068
1894
2808
19536
273836880
66884
13536
156708
124737280
4652430
9988
6186816
14304
1296
26733
3732480
73149
137664
632124
7866192
16
160
56
5317157
165306
567396
19980224
136740
11832
64656
268848
841080
20310000
12570
339
3005802
2852475
903880
2485008
9045
21033195
2324736
5526
1126
35568
37520
12310016
5783520
6174192
4064856
6876
32807168
543872
1089096
165
192
864108
32724
40728
16935276
200316
4974120
114688
180350
3121632
4160
51072
76080
20
1235200
1004544
217008
483435
214552320
914304
808771932
266504
120192433
1091056
1806
4399008
4902
44293632
7515
152280
199872
3564
10464
155
222714000
183324
292418688
17448
431535
10525257
47784
27073
464
7956
732800
2880
40014
32436
9418
657
1431112
253800
33034
1624460
50368888
364976803
26376
8
576
1920
406558334
716884704
612
23652
7236
52
175584
14545074
612810
207575352
1313952
300
665082
1663168
7125
12975336
444585
16039
291276
2735
750744
928512
1332
101692800
208
27046
233592
46656
199908
768
6561360
7404
224
169584
106935303
18118
4478976
288360
132598
300
48449396
1400976
208440
15933760
242772
117440
31824
155097240
14720
25511
82923261
77280
333904
506593807
60428160
669114
1408
3690
24
564487200
1171396
1856
334608
244728
495072
1181
2520
151
9990
74428
244840
4194
4592
28732
5760
3520
101940
1485
4932
16796160
674944
1700800
499483584
2040
817848
396666
336060
58796
815
20259072
196049920
713414527
30720
108
31124
392352282
5087040
1273080
69680
42976
16112
168558587
880794
7481
12
1224406
575247600
605775974
2616
521540640
3934
14616
113994
339768
3987
5808
16465
1200
576
442464
14724444
57144
47616
2426208
42378
834936
141264
64
73172800
6268168
434780
350592
494720
168
29256
19214010
73548
664062
34
276
1344
524736
434560
1438012
123360480
14464
6093128
33738
720
1926
777216
77868
175680576
404
4180776
10561536
25608
164345661
25527752
1170121
372
6232
576
665922047
5052702
927168
9799712
994224240
1121505
10050
72316
28469880
3730192
624120
1072
15830
20800
4470
51350
24302412
115044
4968
1310325
57408
82796520
19900
4048
84
384
135552
1316592
29306880
67506
594
83382
18429560
628686
10284
49644
19650
12
51144
3236352
32192
119705
637440
78900
222044541
18
5495
30
549162
31360
11856
6528
112500
481767
337842336
839808
22935930
13452
1476
51
219456
235136
5400
3006016
28169568
106560
29829
23760
725870
40032
352786400
3468
79866432
479520
325712959
1560528
117520
90576
495132
360
6832
1824
36944784
480
2873664
630920
57792
26010
48355968
21104016
1178880
3315232
823950576
40144680
1401
73320
1074288
1082
5862
296720
703935360
20
4107
151677
21195
6427200
32862
278
99
55872
16032
110706
308975440
21
457064
28
1825656
30474
63848
83336592
26276
22630
73662
8685
1945200
142848
166612
1502016
206
42912
7692648
156258
652320
74581200
332000
41192
324864
59325
15090903
801908289
214281
4909800
9120
11736
399744
4737504
96039920
1011430
16524
337760
16416
443920
86544
82520
2
18932
16
3567
12608
192
190280
528
345984
162496
5464
11160
203019534
4926768
1352
2968448
147924
103104
154400
399222
4214
805440
3429
869538282
64656
261272
31
3571293
192608
4752
1898176
352
5301920
1478
712008
941615
2683755
132896
751440
250110
94513860
7
755827200
912630
2832
1244
2424680
16488
564
68364
152
44976
140724
3044880
42
45824
4867
9
4602
1395952
99
252
5712
477
166416
2312352
1216
22940272
65406528
15553308
345224
432
1503616
8839584
1503
47088
3123960
67261320
31933
467040
4990584
669696
607744
6325416
651240
26352
528896
139432
171
55728
13016520
384
42414
35069360
3608064
49870
2084088
72
140475180
1255
876
9099472
23874
798374174
136521090
4800
30801
387
114624
489492
577600
369840
2614
229512
3013120
1464336
49624
26624
25992
15620
4820
3180
992610131
1814256
121560
189216
4340
17838
4007080
41256
13680
658168
238090301
21376
11868
60642
24
26334720
42888
3511062
3036
20376736
2372
405104640
148272
1380
575596800
3924
226329009
718190
493560
32409360
573042144
5580
4587264
6903
31
29304
900
2503040
25294524
78459168
1809024
87258
444153240
3072390
4684
21817272
11353128
50814
54687960
478554494
48760
9774
959232582
4044
2014620
58114944
1688
147504
2880
166632
9000328
3600
419400
3662160
7524
250
148760
2227500
192
1998088
257388
2710000
106
19478880
7414272
292
60462
54523992
10926
46224
648288
1188
5928
4670
1333800
12576
840960
3309
2896
4452
175063046
2070
240480
1288
239256
1456
804000
25720
5175
85444160
32381070
516312
125035
128
6952
173028
360765
154536
514432
42120
159682140
983386870
230869983
205232
694572
81216
617472
784
204
15616
1905408
198
23736
758792
859278056
226599520
253950
1636
1673200
264136
65188656
32319
128076
13458240
881544268
11669280
15896
234816
35808
166101
899438624
7782
1752
12384
462355872
928
51002460
35208
12564
34
312448
137925623
1388592
6259032
45
393138
65826
3466
527425584
22258800
107984
27126576
40
22140
2922
63432
6182040
177200
651
9552
10744320
8147232
1526616
37272
86
161424
8478
4968
7227
1728
94403024
448920
2239488
236664
10416
180
5655
21600
1570
37750800
91332
1448
931473
392340
385380
1599
4460860
25152
1728
51354
66688
144
669696
184
221022
12588
94000824
11534
8483196
34928
310278
476998431
10197
15752224
2989
3170
132333
56934
81936
125606527
41278344
25186896
13
158352
196080
324
3158
859
4936
392
57900
936360
1664
1000
2958
7776
619944
9060
80931744
7696
954
185472
8480
17568
3456
9829248
555610
16422160
1776528
23492547
414
213216
160288
187840
864
54
540096
60462540
12
327
1143072
146592
1388330
23526
282716
135960
13651920
170388
26160
328128
10224
116573200
21120
610433032
5241720
1277
1968
7146784
1150
1002
41841
464
30
19768
136345058
202968
175284
6780342
54672
226694880
6112
327808
684024
3297374
866025
749520
4083200
15429314
7903
846
41544
55584
398448
748
14127418
2621880
120864
392772
56088
8893440
1200
190476
453389760
2701080
296676
480
60944
550959624
3996
1026
40453632
979744
137544
90466811
48410
1950
6541680
1584
106592
0
336
169152
13192
582
126360
304
8323
1576
5037090
970168
16698
8
1010
88
6022620
5261898
15506
519
677080315
944935833
595980
8
1013760
912012
216
0
1488
111970
4584
6021
447264
561117
53328
72012
536
841116
658628760
9672
9348
206969040
155280
420
104
663952
4464
2115882
13389596
1236492
468
134640
3430214
3564
491760
25310232
700326
191173
567211888
168
863010
4965220
8346
24588
606240
3297
57948
44640
344
44040
2633
28904
6732
8306
40661
635664
1360
22646
7182
879433260
2374272
253894400
1636224
857279004
1008960
2342880
1132
630288
4101
48333680
56
1032744
5534
2448
95322
27637824
19644960
1499760
10733760
17174592
10440
14524
0
18172716
20760
183384
11340
3912
6947136
576
11150280
166176
379904
18240
1294304
84018
141712
15175248
56842560
55296
1863
1971520
58
5096256
25144
414
488
2376
7650
213296
689520
3888
29028
2977028
15768
272
478272
759587901
1119744
480507
904953092
2592
12705480
370984
1336320
24
61234374
52944
21
186505920
34518
124286400
46656
138820
26378
5769144
104476000
404407170
5734512
272
15005664
56
7647
2922
972
494064
1494
403776
357321
46848
264998040
152
136
12165
72
84
3230640
94038
26519
68032
54176
1692792
20924
990
1415616
47667
500960
185110
93476
3090780
198432
11769600
3986432
12416520
5
21295320
6712
119809
5808
31392
32008320
3448640
522
2298
412152
2448
2505608
435888
9404
38752704
349849
203847
8116452
38310
1924
52578110
51598
24
7228
1612
89942910
1934046
477
7442
26860
540
4787
7982952
16200
768
4320
81868320
25739890
124416
440280
2817
2376
35960832
13296
867232
91074288
8864
1683456
35408
495672
10353280
4542156
43286832
13018944
9144
12077
2097
4451850
129504
266220
350757
46180455
26257920
59088
7197
34511850
496800
1
2812200
552960
24082704
12
162
43624
4064
424512
87696
1423292
4506240
4533040
958676
237528
15041760
360
13472
374104
192232
3404406
45
87036
1349400
1836
13320
417699
15582400
2023488
31392
339248396
3788
50
10388
66379968
25208
945828
9721728
39360
21120
5921988
13111928
71051040
262800
43506
136163100
28332
5054940
386864
8448
3196
82008
1158
3583296
1558
400
1003200
7560
50348
3093624
445020
9308096
12672
286038
36220440
8416468
24820
1785888
1037532
732
20130
189710
77400
169168
97542
192
246272
523728
46210
95310
571239
1042
0
403416
6111752
2186190
28646197
870048
2720
405307776
6760
15468
161496
25236
3606
502558461
5088
29952
26328
1166043
1149
4470
3720
55078536
94500
956040
8691912
3252
171450
8
49623
4930588
24551
146726640
926056
423867648
39282
4936
15810
484332
8133210
165
16448
287208
876
1200
640512
5878
5324712
22608
2290944
1628
1100256
247601322
46428
137052
825884
26760
43526088
8748
5416
84053636
9114090
115712
34416
637440
3336
3592
24528
6288
22172
75
558726515
112768
345360
11664
104712
268
13800
19827540
203320
144464
2448
3051936
8379600
11
65090
1068
28776
3456
211590
4370
377297640
37740576
486432
39744
912
340
1408
725
1679616
1644
674
33472
33840
524880
28
6138
9368
43844788
55374480
3268968
11236752
337712040
40778760
176720
115812991
20736
5336
227734720
5649984
219348000
1017336
3936
69033024
2517888
6828
1166334
1056
640092921
186624
235584
35100
2550960
253052
7800
6088
84
942288000
47340
900388512
2522
1168
11776
34056
995498861
1184160
35616
13536
9477
134208
1391680
343029787
393272
9528864
8115768
41616
103296
11658
90240
16164
4301856
315252
1285092
1006734
7020
148
16
23595984
66142464
6704
376320
14
4035112
692698878
136376
1005
157025
126944
570288979
353
283800
1133
324540
4551796
749628
144
660
656
62
2230
12724
8216
25331400
3841488
3681024
53617440
22830
3575340
132337
169416
8760
18948
3321816
11634
27600
228528
10026144
821448
9512
8733042
12231495
6339808
77936
7170
214
1101
413640
24784660
1296
1678104
13140
2997
130118400
12864672
77556
67428680
148440
1330676
113260656
77878203
109160
234408320
72000
782088
105210
13653920
6594880
1728
109206395
245052384
313728
171
655704
81576
154968
18500
166464
253404240
11431800
13965360
742272
333444
131
611550
237666423
87
21422080
5889536
1632
4199040
65066
126528480
168
1726272
31904
38506590
37862
373248
263520
3446820
218325720
311160
100644
234
1601360
558312223
55232
584
22614
15336
47577
38784
25608
0
30
79
401760
9067
111152
27192
23064
687744
29629932
24561256
1279
90996
10059120
1922140
15648
240
36867996
22720
528
373248
465876
4572450
130960
408
876
566196
7
22152
111348
499662
69374784
1307680
14232
106
1044
217600
16938
10077696
6480
4594848
7584000
68944
631872
114
7700
113751
1353792
11197440
1373256
447042505
5280
405045
17991
67908
5598720
8544
4440120
296164983
67320
19186176
5241720
648000
397456
309456
498528
10512
30907200
2052864
4176
144840
98736
72234
2823
1081362
43920
132480
1020
723981034
30768
34512
612
31900680
22
1000584
22934
33312
321450
800752800
4896
652644
30760
4996
7380
3222
2056
3572136
303360
5568
30672
131
1082130
73050
192
13752
42912
65050
4236160
191945
9015312
160992144
67784
468
90
1536
2334096
4294
17788482
105152560
5317728
47676
22932064
208610
42320
1854336
3990600
220272
45
405060148
1211556
1780
1644
28350
1076
73320
3108
1944
77376
58152176
9617664
12504
1564758
5072770
3222
456
33856
588
2
18176
552
56448
200778
66208
2160
16172800
295311304
971472
1344
1859520
2451
150624
2252734
241780
2730384
398376
745616
1992
1624
150026736
46009088
10212
18320
24
45140
3922
18594
2047000
7758480
241508224
142296
88002
4608
348
103680
3726
243374400
3
22688
1
28374720
386910
2232
908613
458263
24174
62343
42
1851648
18453
324
1443
14519248
1804
4224
199688
7171200
367620
704
1244
178730
228832
1045610
224520
3352632
112
291545844
204054240
4470
542016
6171372
333720
8268
188748
234852
531576
142614484
4844
5701680
6830
11838
49344
360720
809400
85
1079808
7
1074
95476896
20070810
86164
241216
2187
5430
531712
16128
39
219360
8938240
1467930
51713640
8916
638169966
147060
1188
14916060
190080
236879880
59144
854862197
109002024
6960
1088
97345376
312320184
286
435184
134401200
22768
49559040
151042297
720
85772800
10012609
247436
1536
182
780
419400
8771200
11424
64380
8304
702
85734
48099360
141698456
28170
5171904
1290640
50184
137
181312
11610
119502
3744
344220
4770
1500096
496885
83040
1902
28584
138
59285520
4338
4536
3658
426
46325682
2773184
27783
690152704
9113796
1233408
764
406093675
1548
720
954990
5367434
60
4476
8950840
42720
187560
5202144
907488
27520
113040
51444
2692224
534
0
9002991
123078
72
100416
143539992
20019640
3678
144
17531952
64836870
721340
194773920
2352
197580
268960
1185280
2275140
42129
4398300
2888
1896
1323
40830800
4186572
138048
1248
2964
1296
748197934
213908
442410
588400
190120680
3143600
4243384
9542
48810
15214080
524717568
8832
639038
178074
1075440
948680
836116
0
74434
20208
73260
6671960
37054944
165
66102
378965196
18336
59813600
6819200
135585
8539296
70249216
6699780
41536
8
32
12768
1752
159165
8016
298584
186248
1984
172535040
43236
16704
572616
7861950
258451600
5652
693
1226562
12192
10220
4524
808704
13129520
18342900
3960
1079910
84
4344
7438
589584305
584821849
4968
3060
2685
2680
9720
386688
30
16416
50157312
21
236064
5712
23600
107689750
13344
19620
370944
197873280
41139
949344
122807240
210648
329576
71
19788
67812
30582720
14380
31938
139590
1154520
5370
13930320
17365824
619
6994
152808
3648
37115
41
8370
9927600
581032
1166592
15040
212
732392938
561180
2583
27792
4192248
131448
31152
3984576
93119
1197504
439385
598694148
4558800
111641
376120
638712264
744
9096
6360
4170
468594
1326900
47797776
135
3
235183089
33104
149580
162
9051888
101824
10728
76617
64220
355152
317904
93312
404416987
2113472
18
2097744
1264
0
24243200
2616
688221247
241614
5711780
452057760
68
6395360
12636720
177684
137832
16481928
560480
72
1216064
225
7920
36218839
6966
5281560
509412360
1734
21
2157120
339898
424
831744
497318976
105216
316712645
39936
1708866
66147
507690
3311
270
6170760
7704
180
11000
5594724
10272
96585376
13074
2916
31966773
166
168192
87766520
3232
4471200
43411264
5880400
336
2007
14531400
106
116712960
28800480
53856
756
1299192
309
181344
3392
1107432
27840
12925260
372956734
425
242
1922
45
87348
29595600
1020
21435
6263680
100
2592
896
11432
43604
36
624
420552
6746760
99288
572504
1065546
695088
229370834
120
1190016
68970141
462
60612
24372
288
173058
7321680
6624
24840
3780
601128810
3084
3088
248
8170
3057300
9864
19832130
728
16200
331861320
11946
640
1330920
213271990
18500288
10370
51
2232
4200
191
602256
191865600
243972
77232
840
126504
2725
250160
593141760
2592
12804
6907680
28704
1798896
440064
35283384
216
2215836
432
25920
14863
183078752
0
11
9337
8913778
1607032
211200
3
5630160
432
388558842
104
26622
2832984
4596
88939520
119070360
2
1404
85
471258
5263125
2672
15708960
6199470
411904
560736
20
51045648
86091120
1301340
357831936
216
5062
299372
265752
8658366
502
1824
1728
912
4788
20520
8405856
109140
36806234
1940
11772
1941088
23022
31600
147221247
24591
47296
2178340
571249586
97412784
1901056
357225
111040
7660
2976
6912
150
3552
263720
60750
32130860
68
1473000
2886
61
106685
81674
843016701
528
504
50878980
2692710
1962060
106
2967
416
127840
58175
78
153576
7080
35640
1477998
119
286632
1464
1200
160672
1124928
140
6004
8080
186830398
3762
42960
53892
1036
5225838
45190400
2980
30860
52200
472
16952
13598088
6775
55080
985608
286612735
69984
52848
2970
398389424
861018784
85440
54330
135
14540544
1471200
5142300
992
681872
134968
12168
42
1623
1504440
342522
1792
296599200
232
44515344
4304
0
103166244
23763600
112860
153540720
3234
30
833040
347280
13140
22336
12480
2
29684
220135520
21096
15404740
10465248
25344
2164
29460
256272
10077696
129601024
18
30
238073472
21924
45435
164392
159616
26109
244640160
1051744
4915
2614
130200
2376
16632
51213600
3726
3332528
2199720
54032
93056
2952
228
613376
935474400
52360
1684896
1721232
26518320
3153
7644
157410
2086344
8280
99562
124668
298956
63424480
591
1303200
11098880
171564120
21494
239880
248
49
59706
2476800
9240
90278850
143
2784
53664
78
13532
38784
7034
1534
2763
756096
39176
60
64032400
3825
42
15105
13360
3202800
282808
29160
207317247
138794967
1178880
28800
552
9
38310
30
144
40284
372
6362700
359964
192308496
40664880
18272040
115144024
15552
113664
11151
15075
25320
71910240
117648
921
123144
6393464
25023816
31440
578
141888
521586
225664
95040
17928
59157
2063
643623704
195880
46236
1224
102758
14856
5625
1152
678
122
240993
496
216
256
177056
440
2917
80340
286368
532744
372771444
1689
69040
1032
14020
9040419
11152
678584
617120
379320
7298
38708784
7250
2330212
1024912
652722
20946888
13656652
8128400
564
1257000
5104
5715
464
320
118152
104645
7778424
471200408
88004
76
894
547496
1425
26352
1170
649764
1368
12304
4792
190
1974240
964320
2966
1
209448
967696200
3536
220410
22752
8940196
7691190
1072
22932
2622324
1744
0
726
14
7032
1824
322
33592320
28825968
864783
83848
4728
1253304
143880
81312
271328
26064720
383364
1112
22059
140436800
839808
542
19988280
905544
416
1026
58734360
576
72450
6198
1645320
148620
12157344
1165120
9822240
761704
18016
8476812
60767040
1260
1056
206270640
47545152
969082320
1200
135216
49464
83256
1160
210
6308280
11781450
83520
258876
2413764
19868287
16280
17796
4112
18562424
202440
97956
540
32698
172545882
80372096
79
768480
153144
1065688
104
23646456
12
513
1728
4345458
34728
4284
1278262
740864
2010
19220
140224
5463
32
188
462
262872
699840
308913144
31152360
37260
196
356295515
313893792
624
1050932
872242941
273060
53217
3612
549
8136252
466848
53747712
179036
16230
2112
249780
52008
6288
63016488
362556
5035968
126996
19458
377712
680311454
3810
11306
130176
124165
264896580
756
4537
13122
217869408
91008
5541600
55269780
3913
31454750
245232
787562430
163164
7428
27534
39243600
41160
148680
1453680
28068
5928
48344064
287725
935
34512
391788
242361309
22236
111232
5280
144312
187220
45888
19849860
532956
194156544
2646
11160
14975
224
133740
3048
43200
83984
269730
13249120
5552550
65900
4467
3336
3022970
36
3946
26982
1946272
3231232
70362
11763
2188
2087460
201520
83004480
92766800
54427104
130500
344
2304
728
10951
1745856
594066
20088
1560
408
2028144
106772
288
58320
4086
2856
6075
1432944
95256
997344
1133
27
100000
10225928
1786176
18
726835296
8755776
204
7742752
185688
407106
6422
4512
23040
807
17429
716
2232
118876
16875
529632494
11585664
366672
1856880
20352
1217024
608
104644
133920
24325218
416
33098208
3180
14929920
320448
964440
64
108666
5376
49136
4032
3439488
118016
3000
702107360
383714496
64680576
16
256384
426960
22672
2152788
191232000
5670
308686320
992200694
845856
2088
10863
172144
131771856
4810320
2900
90
1430658
512456
24790400
3098592
67328
371892160
912150
2228724
87776
34938
3514412
128099385
153
162
250992
3799140
1202880
40336
460966
530664
975107100
30309000
174
21216
11070
274300
5356380
5460
3840
50398880
1403360
12
8110120
243963
95
2526
347133811
510
19573632
802070
29280
1770288
1611
4140
722304
3165480
232455
46880640
3745512
636
14112
2773935
247400
3132
71904
952
82547400
183624
264
2574
574366655
25
2454
155688
2222720
58887
325410
4512
111640
34992
14280
835724216
1752
262752
517692
52228
635652600
153425
244
702430
218186
41404
2285230
45888
29376
12287808
117945
15027
948186
4943808
2748
5278
5400
151811328
168
23892000
7583160
26942
3339600
226827
97064160
1588032
63
17262720
164978
219
23472
1544
12960
19840
4635
3505480
2975454
28032
963144
641752
304236
10186440
55872
23074
1774764
7749920
2921056
769452
9012756
5159088
2780000
90792
4245376
22416
975222
6718464
1016928
1536252
75406240
5249568
227232
74
5340
68
15124752
18864
301920
34498
502272
423680
7696
1847520
249726
27968288
1581696
107669
34464
3512800
231876
171540
18240
494480
48741280
382782
20768
5218
128628
40832
348000
895
4890432
6
200608320
326496
816
89040
32740416
74805
45724
2681616
93465
382028096
76864
206747520
499600
28482840
71179776
7440
5735664
2220
105
2267
835560
305595
26603
12966672
5022
1578720
926055720
112512
858
40890158
421560
3312828
892512
1093564
2208
947593503
1628496
876769042
98544
3061056
117539122
11304336
59286520
967482
7860
10812
920702001
203868
21284
20796
34025856
7623
363104
64321920
64476
1624
8389152
80
420
1443
1808
358452
71280
299520
58880
7287
72432
16128
4900
2389832
239220
17889
1644
2400
96
364877731
9102880
3165432
3751620
3433968
88
727056
203
4744
62770
6540160
263
262414592
157920
244155
384
5260800
1681
48
978
70830
4
326758
341232
13046400
209664
7185
4380
7231200
119696
320448
4329120
379080
669568
70218400
1462854
3984
24785856
176256
4058664
17079760
1564968
49860
10624592
1209344
4104
2800
200
1216
2355
343440
221292
6576
307254
42
36
4469076
73512
777
148296
928
6416825
863016247
104400
315312
194204
33959934
3553512
404867584
2296260
557496
28336640
10944
5052
143060
195080
650352
3031110
7296
26825952
8290440
1527576
3903120
567080
15684360
7419600
2716
21360
78336
318312
26922
972
219
34146
2700
15670968
338
1334
424650
442704
58482
1210788
988845840
3
384
116922
68
48568480
2877470
33080160
0
234
91296
2123120
1265184
36816
12326400
22944
29088
6336
1704
89056
24208740
16143280
36504
319953
12
16723
11367270
1288192
22058
29520
1116480
55608
781876
3027708
15516
659016
379
50694
2364
33008
11877
14567040
952668
130112
15270048
309492
171232800
144
402300
5616864
175168
92812
3216192
37114260
540
2299560
117200
1668
194108
120736
25856280
5118
23642970
16712
96912
69924
5720016
3492
139968
5052
1488126
1058688
2512
18127632
1334892
10173216
148
428016
293400
4580820
43697280
30272
1762
21864
10467
61392000
292658880
36
182892
3504
10488328
9078416
9466176
196800
79652568
29516
584952
137345
13178
4432
466560
752
29753
352
2076
214694340
29331
9004
89115744
73605
233232
17580
53390
57969
303
85480
2118
129828960
25
10944
176400144
168
403200
60
1710540
39936
569856
2204916
564
1799808
66265344
22887
733816177
100505
8926
4320
8009415
17664
43157592
508740
8224
5424
7128
67840
5370
63040
1950
193320
2232
31792
2412288
4199040
3920
15456
1015632
4149
9346
17
165603
9480
198824
510792000
658
59688
945498727
7354320
343320
197424
26798208
133692
30184245
534
140832
6016
8759280
14396448
18336
2058096
926706
3816
68710656
47060864
1104730
15508
474
223205764
124846816
380016
180350136
1080960
4124
5192456
1148562
12817728
143963322
4088976
537420
26811
752771127
2112142
7936
461664
1264
24396
22556
159080
5552
2671900
6718464
1609
1382
15189444
47736
11394
16248
15153
27430
8355
73
4640
666
16056
21250
3867200
5366440
50952712
41188540
52608
496848
22864
48
140
18666
120
32938560
1020
204
761472
9932256
177804
52800
16853142
180447351
1063
3407644
871676
29160
175740
5104
1596888
11018700
61934
363600
1
540
16656
98454
711168
86540
274112
14531544
2332800
8473280
9075648
85456810
425664
119357982
37920
7164
8620
12
92
1392
5738196
135560
63487241
163584
182160
144
198
727370880
2016
218844
39420
80951616
11868592
624
795318
12368
4501470
1116
9
12
1622691
149942
2778
14156352
10392
32832
198
107940
4440
20557272
366
20768
8080
523440
766
63243
75960
4787
16
151475880
34976
32630
384948
2016
451502847
775654
4048350
476672
126
19008
233010
77112
58859136
58752
5906640
5494464
25620
288
2106320
52888440
8400
14080
13752576
47808
565344
32978174
174120
2702
6054
73542768
536616
44832
576
1759716
2087688
3727
500868
82512
75384
3960
1464
108720
26978640
1727201
67833
871344
1434816
1184
127526
39766
84224
24066
9896205
10944
445723584
18207480
25225056
8807040
168
21410
121320256
27840
780324
3402
23987280
155664
5990
12891648
5151744
34239
78732
74496
1826
160798608
392832
215880
38070
4255376
12
1950
1151820
2549760
12944
36672
3102732
21504
265417984
159462
855186
48
901376000
64800
695412
79930
155443870
22219830
2047600
179503463
655
11087496
348768
12492
160177
494720
12182
1008
34071312
7760
143542
123364480
49488
12
51266688
126462400
24288
1614456
57651
17
25191
3273552
699060
254298960
3496
792
157756094
4904
213190879
150
6421760
6456
2199504
154560
410
8760432
96412800
45513
54120
90
50048512
165024
18
4257
273288
709940
247394827
906992640
321640
407471870
4998072
71592
214176
82112
19692
1035
579252
74649600
50552
11376
163073661
96
358656
1559088
60624
5824
144
6252
6054
24852
496848
1805424
2056
977533938
2027808
1023840
564
4512096
6960
71848
46656
158072640
90672
1559250
9738468
10464
76176
533112
66930
155064
240
3928
748464
195936
2976
711
328
4966848
6228
8306
6150384
23637
284088824
974274694
837
896720781
24786
2628
349380
324
4005
199389
13788
5572
133329
35232
473022
1337952
1343250
316206
255862257
11970
55
940934880
1040580
7812
103341120
3792
25881856
153404
178660
165136
319092
366816000
771600
17766
12150
31743648
51052
2928
3089
891944640
133018080
13948
130715504
327721088
35833600
94338
6117504
5154968
2697435
2184
140880
4717212
5944
137218320
4128
1696
113
828
573624
22
215025
642928
456
134848
7121568
863120
6228
49
71000
2143840
2952
418950
8056
2044560
120810
30907
363620952
65152
25440
6112224
1
62568
67449600
559872
601280
12384
77694
9723600
146
287758350
28512
48
4176
84
9072
232554048
336884
136863
750
77213
4982
157256
1356
19710972
96
2058096
4032
336
32310
141860
11274
490407515
735
57886092
5592
121590
229
398064
13373400
9140
2748
248
3618
315061920
5673882
74979175
1644720
55692
446704
123228
3984
2724864
220122296
7740
10360320
155375006
29856
3078
10816
1950210
282300
2002
9893568
356
31983866
1206592
636318
4778
237096
87936
63936
717
141873600
3531145
301848
156624
1956
96
311088
5071376
8183200
917170207
43116480
8568
49376
58073312
46656000
54
657648
265248
961960
8376
2956
25977060
619046
18976
266061900
377362
1333075
595
26
59004546
754200
232800
114480
38592
2745000
3411546
6298560
2982232
361528
189868826
70888
70595472
776688
4869056
714
36
162816
0
17
16380800
294
70720
1080
48
11514096
10588320
1
16
746
10084
136
2204
14850
19475712
125892
226018800
78
144
4928
922671
72
151680
588
746960
59232
1555584
4968
9996360
62670
3060560
30840
2159
3036
5893600
75
2064987
325
3502008
512
211918
46728
58564
4632
146668
338532
229824
16002
16268584
23027040
1224
3328
2485872
8244
74850240
27229770
2304
1604688
22392
8005632
57788
22590
11532
5131200
25200
28188
8660
333
185640
660198895
35
4485
725196
502560
279
304058
288000
370060429
548910
2658736
69624
78
10089300
8064
22368
1720704
50184576
31489
16916
233232
122660
1296
31213656
10662
706
81052320
9679212
15276960
11208
240
14571
35068
204720
4116690
23424
415763460
312952
277147
11648
140832
240273
26965152
4286
42624
64649
156
1639280
100570
4860
16535616
72
92101584
26414400
5888
2924
4094
32652
20748
417
6660
2486400
130132512
172848
136751
1680
942144
8158748
240
2720780
29730
935520
51296
182769460
13137120
10672128
480
48
1581792
4176
2026
131480
135924
6240
2448
55488
37758
430960
205664
925185314
25698
252867168
855792
1140
2640
80397600
4804
18672
131832
697296
50668
251568
666240
345
200680
393660
83240
861328
75825720
174
58061520
5597460
35015
1198888
14047752
24504
1685096
11944
72669311
479232
1596
1258
8100
4834560
265484862
126620
759744607
164928
2021128
27000
117
318
6648000
9796
12951
4992
5460
36
48312
485280
428800
2234196
727
156378
495072
28560
5886
23096
692073854
4385680
6768
920944
2304
3429
13224
2395224
858079925
10672
8176032
3711540
51408
5015004
410271336
41655
60
359304
212840
87600
1968
304856
18432
4022376
6160
4912
16740
1635800
897840
5778000
942699060
13008
3234640
32224
1596320
567052800
24
45068544
177120
35083808
28750
3699
141084
3048
242082
36000
840
551172
98360
20810880
93840
100845
1870288
11212920
115
1836
285
54214092
1159452
7320
56526720
63850230
1521792
185580
54144
1130880
414
1189896
31656
75300
107495424
46976
622788
494240
1368
40800
1632
154305
43536
48672
238140720
144
13608000
8058
212927384
1157888
12
94704
750993
114012
54720
336
15135531
45026
221608
23224
1080
53334
13880
20252880
558
17156124
7675
819660816
179159040
109216
1483424
0
435264
1967
178884420
1260
135040
1624
102752
1367856
1632
1026776
971244
68400
628
2258451
3579
33706608
28695
7924
92738
984
170584
227482560
8600832
1968
12096
2006776
32246820
2893032
21024
147360
360048988
123
20052
430485
4392
24768
3924
60669
4175280
63
576
232
4674
756240
554
23952
62
1623888
3132720
55
2016
175680
95040
36432
337104
1354
1840488
201300
1546210
31584
1848
851788800
53045
25260
7002
13991
47954112
9424
5532300
3602880
6296
7320
6702
18576
635842814
5656
738650
10129050
720
433980
276444
963
474354
41940
1671990
6937665
948396640
3240
352
9054864
211461120
3402864
22620
994800
86
85503300
729
5331936
37
45099900
14032
145422576
133373940
4779740
480329393
320305791
17575248
12950
2155464
1147560
1938
6660792
82758
19532
21960
39168
86754
635472
11980
60270
2581620
1210
9224
835200
23392000
3740778
191160
4293
46896
0
146
3584
2205468
2736
569472
419498
1156
2176074
46250280
720464734
4304
1848736
183324
123872
10536184
42425
5405248
3282
590400
2460
371328
29974680
9493280
2304520
200
276
2477304
510
16944
69993
32580
17053200
61776
227157472
748109375
799056
994585727
1224
866
11967120
43420
1833
249615
3864692
134720
120420
24
177204
24207
1012110
6528
5952
4549140
666
42960
1764
1272
3526
1708
3926448
1911744
186
1463552
25270
221535
8758144
551790
144
73172800
74520
6
372
78140304
2214
2504160
121500
1224
1155168
23568
118578
132583200
260256
37928
3208256
2200
383904
19
6264
17640
3936
4392
27056
717681289
1155840
21888
131208
64848
239241
9664
748008
383400
45960
2642
59
62556
42432
3713
360192
736
11121
951984
3511440
21658584
120
348294740
726864
18688
29305856
6500
7266240
4
1953534
2223508
22208
12510
2720
1206
12565962
851916
3072
6144
19582452
191392
84
538283760
1004
78390
303648
126168
3208812
335158270
16990194
1212
2519424
79036320
416
766694400
87773760
4627616
675600
2952
239652
84
976944
0
853202200
23306872
465640
518805
1360320
8748
2871680
20
63
16
1650000
24704
138132
8218752
415
23052048
87480
4224
6336
549
3442680
15200
66711168
30241760
26928
15948160
98698944
74024
45672
35757504
6998400
28073440
52988400
11505728
4680
27476
48
15058
204528
84352
7650
384
352
152216
33192
1162368
8457760
283908767
6120
6416
74192
93336
4548
1336392
28527037
539189400
680755
24062
47506
7236
507536894
14
21168
50880
111312
106164
798854400
17
2232
1960980
111360
26874840
4372768
67449600
130250
2410
5
13554
8073552
55656
22368
6576
3108864
97639
426142461
23640
17004
15968
312
424968
149154080
1422
121608
9336
2760
6624
353120
133792
288
365580
4733728
690336
10901224
16008
841
39940
128896
3289800
222720
307140
12816
535223647
319698
199139904
136926
122818
42678
12144000
323312
127872
36
30840
59904
38560
848
2848384
1548
207660
5808
379876
17440
1040160
616095
122894586
221832
3024
666
2583
5427600
2784
2952
19720880
29130
4304
441708
24336
579488
76882400
3900
946223
29465696
15051
322320
64846440
315
405648576
329318942
7467
53736
118016
153564
202283954
52320
1994
1904416
67740
0
10260
4218
265344
456048
1968032
442992
603774000
7453520
642816
21960
38865880
46704
2256210
12728
31531104
62846376
2763114
598272
5288
221600
2216
32676
17650
19368
9485120
11164
656892
602088
4759872
2191180
2
35579160
18594
4097800
976
4048440
70148916
29852183
118080
21544416
95
18120
41043
281688410
20037150
720
234900
9654
608
719990
140032
32262
3384
32750304
281040
427692096
7843
29504
4883760
96206816
4
513
275484800
40
3060
15784728
924236301
4083672
97063754
1941072
69
21744
522
228
206496
82
2370720
247
1502256
25812
10916
10026
5367
5360
8340
2180040
15376
121318
380
99
902328
62640
800064
497282
602496
575712
4822832
1620
1096608
25164
43709664
508384
449880
22536
13011480
20379
7921462
17160
17084
888
96006656
186096
13089120
11853400
37692
9981696
60343088
252
148902
481128
1376184
2556
49968
1612
144
2
312543360
219444
28304
95966960
1024122
78768
2613
364339200
5820
2256
21945060
208640
177002688
383520
0
5805000
429504
132068
47536
276
172963840
512
2911632
415945
1215
18031
52
85590
42906240
15957504
4096
15230
233192
2592
4644
97668
1200
235311640
10971890
5229
143285615
1093440
1769120
1152768
24464
16527540
13340
615486117
672
118327
4142376
4968
11332800
184800
57
47808
50993772
389
332254
5432
19595256
22
22056408
77976
688
27232
378722207
54720
247
158600
3448000
581283
880
212652
143232
65148480
156
46936
1
933872061
233280
1305680
9578
3814712
23795088
23625
1289632
1424
582227856
112
519
253240
108
365120
3479
43104
4189
242976000
8767
660
95076
9120
508980
808
25902
20672
728352
5148992
707072640
194976
8635952
929600
2334
3768
13824
22237104
2789100
12600
21225
3215547
31032465
748932529
87368448
34
4625
234
461312
106747591
896
18036
31150
4122
399730941
137728
58746
5485230
2739420
311308
489100
100028384
3929232
21
38436
1514318
1824
30927680
71856
9825
34929
1696
232800
4846470
35760
20656
274050
181536000
32384
7068960
324
10742
29313920
16590420
408
151824
77064
8301600
2736
5922
354940
37361992
1339848
44940
1394016
1220185
25987800
523344
4548
942
54768
502728
78
21576
1587600
876
164581200
269060
1844
292
3348
573
109669472
24912
211580
13239
1065660
547323
170720
846650160
80
9234
1416
12
156820
80280
1272
80937
4992
3888
174456
12672
5781120
516558824
16
128400
2591856
36
368234
11472
5312
1512
3240
1394628
213846
300832
2456736
25044528
57528
107460
637445880
18840
2066112
593536
260724960
7618884
20567880
2287680
11957910
1147968
138053700
