799137231
475178278
236735183
665905029
710760232
146854920
461369077
209097641
751692107
803427284
212103876
402189561
845630756
44637084
490903156
995827354
17968032
760349863
52211032
858222099
475570299
624217422
279944843
788682865
1006
12853296
953060957
167277880
125336757
580111630
536516423
570717248
358184546
333461426
29477003
915563296
270508833
950986257
983194076
705792446
432357433
433359823
805152253
607876976
888123078
893732708
810677772
961195631
893462469
198005558
256098541
36327542
436140923
685834543
909096524
861552526
761259060
215967115
823031510
349290
89004466
425156611
202186342
432086235
327161450
73829254
695755429
433825854
736200716
71660498
1928422
364381330
589781764
302753634
576659622
778096987
884691740
161224296
596597755
669969020
362430429
912439409
859616764
860765011
277171789
82421724
874083366
92505768
572623636
814708217
836988121
250520142
666835875
331022116
137442961
76681835
230772811
231434701
916373073
80901111
111959585
590144610
348138143
194660638
432924949
823749533
323177918
571486358
714633077
231386199
505462519
58653335
435319550
607720224
537861894
766867129
869701898
346333271
308813295
948876677
199358934
483510166
801587877
952008475
35124552
566203517
878829263
430374700
100
721824053
288824529
688438896
647132239
208622342
888489067
665498631
280775943
660015763
546405232
722093873
97769787
880795701
792077386
899354372
153807734
949820846
534058984
271552916
121139878
93828168
13624878
480914229
785091910
55294795
744265008
401931900
152176424
260935560
695930908
457938992
9984
559593352
868025221
414432551
159164658
216584449
307249935
105770972
67236556
612990932
672555092
689716644
740225199
432526346
467123730
939080280
815610240
996646900
225200940
142251656
431926499
720738295
349613076
760191042
674679855
36343604
401625955
790822201
163453962
314382004
4264056
112907668
882728186
74364051
975904560
842327247
261154040
121158369
983185223
117495083
845505588
930038008
869696007
630386579
388854702
922008024
474126909
690781350
84225507
25489228
22466895
841969432
893815208
828895698
766725318
122416265
401640527
458704224
89538303
902725564
38171995
297781337
386144536
814755633
476897740
454598087
335399603
372547303
670696984
516479642
902495609
225264356
981837506
69667930
778919258
797826247
797882033
174851794
391378972
620761008
263344465
168346281
311911998
722701141
263648478
12398485
451194356
764975296
835868733
868602275
271962310
994597307
248845663
222036994
592287279
189728911
796277544
607288427
300738225
73610056
837873128
443038370
537727337
62878947
714245305
866564636
435450744
685322017
363263141
95890490
985500218
226600899
180487556
688618710
185250850
237573843
397695879
339983692
238981602
766442098
676380396
280959877
373160316
240116638
38273089
630905657
390760109
68400355
162371834
319245927
511522119
418174500
405275213
231543748
551098797
479867976
400192360
606454103
728786879
275652979
875375384
893590348
808999905
279796276
646704866
555832446
800827077
806094383
159266843
769549523
437046322
776579341
245964529
351294834
583844046
303765879
977867256
113982263
2398320
593741769
907465064
56465393
792235570
367489253
755595672
773502733
745040180
124166715
424690329
0
467820467
276148454
29749220
713850982
0
489384270
985709678
816787348
472072796
186889768
956362697
409697744
491821149
245911034
202651341
614416959
1880064
82918050
472044813
518280724
73117879
735972214
756178438
400055661
813506637
937634021
703788529
918108598
747559050
669974882
98914826
923584145
638431999
254496411
794057401
242423984
90534532
194846693
171067489
7314477
11616584
167821301
639923897
153519756
430434181
702643765
220338735
328229046
73905755
574429850
177914880
768230857
100205946
359498444
583516480
405563410
626982104
192962377
315300766
338968267
242196202
23820365
948264470
524897851
749842755
401760959
256359121
759712676
900466131
979640400
140714816
448950954
973100600
975951264
547455711
863237981
132706420
836099221
189616836
703446836
324173118
757946395
1818
173222330
209403037
341752935
694820951
731435889
763860325
535487579
545280383
96079794
102475199
97771151
157384710
587698299
603599456
23629594
304319146
676793592
789361725
398960021
862504395
241486879
780711260
774323039
81133584
15052962
778701814
133547599
420086162
445967452
7188877
203470832
948168245
103468920
336104570
717205113
888883624
618989198
581629188
8760
133601345
11111040
376762431
726827997
624885458
447270264
834481115
157098348
713848796
276337539
649479646
445373999
93685272
5869584
665607771
253405362
445442174
747214755
424551021
838789030
957808466
829576299
349919799
924727019
50314812
919418569
899654051
486537810
655755166
625226927
446704941
418875983
678499919
224707649
993771728
37515241
128965291
191708415
424838393
533913293
675130827
833580574
225912843
262460105
782430003
402301974
639655662
794016467
274761772
19339089
915814504
993895844
589818994
624654847
996578126
439034415
578226229
690865231
697606253
864256572
387991977
905878963
324742584
488450856
7977690
124789578
815176463
101976460
782574753
356189518
688582399
307325463
293593029
252969195
920302715
232351144
358474900
117483195
589779697
2831740
796774637
264544894
937328777
21407019
519599722
662806970
573199851
272443608
254450056
8199545
355906727
441421729
645947127
173911403
259682228
932737963
986876651
638631142
341321193
910849513
562035381
681910852
153884006
749530977
141423761
911949982
678990604
308449210
862846884
456870867
11297572
602831793
975140981
421141471
423448652
154435517
495878698
155350993
83984053
736312345
722595286
891979001
70461689
629550141
327503035
206797401
258385667
920254615
655023859
390341557
153756637
153998584
724034234
696089087
905463523
612836119
941586505
770350725
192907036
627314823
461236943
154884426
89513466
297411486
320591868
826486936
515339995
590963052
27551342
372416145
74749043
602656636
90116183
855234276
169416000
239582297
486551369
609355698
76205525
958398361
979771707
354781263
861965721
502094719
337093783
453991098
8812800
792747270
139496416
232038864
667667771
255127613
215405542
174828686
976822624
567765164
642058909
780515122
826735958
129674540
711709152
523001161
75372114
269052358
24635759
745369585
428051414
650961975
384382432
979807139
807564497
491354716
632465472
324934928
680761182
996353731
948215234
697408215
332050649
398957850
868342156
309033161
58624438
783222646
342602239
703456755
831912570
492985400
20747787
740824177
606399402
800843565
910452101
85372971
562738828
985053129
574669068
282835875
307731246
922469241
394252558
365005662
946735949
2
632412845
81904154
910759578
860236315
363818827
450344961
864202210
87985804
845140425
454262598
554785546
688275750
480523938
521289076
476879647
940000417
278587305
451931163
827953369
932893523
868316995
652930419
478389993
44209918
990403549
0
885053444
492938610
381148030
660394673
758932272
241743980
916020666
970900276
127538961
434556712
844206358
315207273
384987316
865991177
922765677
826311142
653000629
143368917
174450124
355926600
994090143
495531060
637874121
1704
817186983
851433835
607669452
175497921
336124052
368013202
291298561
889919242
973967210
26
587367409
863131498
186112230
551673832
138182660
302965107
228564855
457181235
352014990
825863753
753616630
48522340
9722994
664650844
921358289
874934828
248247665
651303463
58945573
80135619
777536981
870682795
704424020
771493381
839251550
801944350
503570649
671198723
868169476
94546249
610595740
836368895
135279774
751226562
536517515
233153168
355616440
675184585
413947001
67939505
542625737
637368335
601782439
632124630
509014971
433387089
9349071
392597468
971200873
383706454
666337534
815897486
361860249
136167256
38327950
997988692
657312721
653890553
389067853
623436307
866209730
266036499
850980142
241898999
434512181
779206343
298666385
37263999
5599360
165650548
177596538
241328611
26808210
589723073
334121241
207850227
22282563
326400780
772824601
393609726
272601383
58231941
834033079
533171036
580967158
782990262
6784
511040099
853401429
230173632
287898796
869856798
974298683
277564571
670663906
447359880
128183559
118669119
93490247
754891619
970895834
802328229
990524618
315491994
765261857
990368463
720743665
150157283
579201303
367716198
784546383
101732474
272903173
911263738
16325084
862663470
484054841
299238333
501417917
567843881
314796054
820933900
432044311
370075697
256941768
794335732
299667524
893985608
369717285
817982070
129675403
544926354
578894017
220908463
246609955
706336882
623897654
24016486
893323005
732409781
44051363
678012887
970993244
458614067
804586653
240480042
869617035
750346197
58779054
397708007
35399812
595119682
128513748
763844617
667837527
713226123
229104741
127622912
602860548
172677569
815817243
1300320
418008800
239419488
548956285
451019212
516251915
800860832
199013699
353599836
827325556
667875581
529669768
141386915
11520
157329348
898726105
736675247
99699991
871094633
801063871
655667369
779749690
885017103
731486099
738904763
39692825
752702694
105308531
271162191
949616410
869490427
259170436
576284536
744580694
2160
46802583
332384640
495177015
683259280
886011983
505771144
718429640
685993324
11335335
206172115
845086268
42576380
630933940
250195474
693156262
274050555
397117771
604825203
800227871
177456373
917684988
61015186
394862481
540828756
421613335
705730034
241651989
181993851
533099591
836475265
755149246
176942772
345844725
723485260
348619079
11310371
441568062
913750049
154055477
780302893
90172453
160283781
209721945
725317617
751740321
107672048
748341588
415082072
373985879
169513142
46669880
761522389
259177817
968240147
952642758
784140744
880086893
400319694
848500477
12504860
41964360
62269743
454358655
329429009
365744
643879522
475447859
655951528
599196877
571332343
222914072
451252459
121696841
639365153
380758688
774584000
203485440
58168914
897743857
436817429
138864404
947041508
995785003
274358311
603754937
864208761
498700436
534207540
594048408
268215055
82423811
592840539
418267819
199117460
415341719
190934414
21961969
974294816
314525717
575721076
22934055
726842230
566690028
803293021
796718189
755350960
359064167
690923869
697048363
266769197
628476447
448405300
786332636
39960567
585171166
256323878
226628874
429900004
689409254
370348166
145218579
853042416
276197202
635364787
255937719
679204066
439069385
139905755
154135971
508917741
666851954
233068360
703143116
984281335
769301399
424541572
206476062
77983756
325877531
152103907
150321275
749203287
218742142
419117481
354536947
890814628
371553239
186860110
799989093
808975103
42265363
53075750
911961306
171535764
92837099
24883170
7542540
601654977
725758268
818085314
711290967
603063599
923325395
26665590
629733888
72781250
862969804
522257561
726454121
420760569
813510421
575335821
93443115
277425691
25382815
571018800
200048265
292736365
794943519
647306882
596365111
342433038
320716009
365895539
893759904
755884116
890840654
0
864529101
255768505
125431272
214245550
954206301
590621394
668608036
695851561
925636342
468012384
291927681
364149592
519186229
29097814
614453732
430039807
989140535
424266580
239298569
759722632
693868342
303664806
883890264
649922848
876240633
439852140
882731987
670149952
550478675
615196833
152485472
370523263
455859259
799719788
587038896
388475757
82404244
861800846
746103896
379287368
622691160
757221059
989533049
146441062
190106060
290279328
507585308
968309166
782559813
46559781
355866495
952158982
516135905
908649841
409227261
954147954
957866002
3459633
694578774
728271445
9084581
975376636
974992777
789842126
327122169
142354881
841030279
936572948
245227800
38077600
76202737
171073310
369804359
972498246
834733643
225624010
737627052
199467802
234498619
68321277
738840717
313
448063541
681404268
314679941
477812614
861547378
664384505
40078631
203342885
425385347
417386571
944585020
885721123
554722503
856418398
991295743
693820096
551915608
406654014
6931067
960503500
891310725
118969577
386547149
731642284
381139645
223609153
497068712
675983173
581960896
366292698
432
941155991
493206282
656760916
718286100
721569118
353421125
115635257
907720455
214327021
309558692
666388791
128269581
143544902
642017014
30954073
372
113144888
171910460
582066649
264867509
701357030
973907554
612566598
579110252
936585892
785186108
15995836
665958265
901521539
798392124
842855578
887235416
672307746
244399030
722495553
944243113
466811597
564167661
83087404
416954316
85816066
27354312
346763909
51676055
186877761
921092618
958351575
956342581
401479693
716178575
393007837
729019038
227037904
611536998
578312885
293593988
424034251
268309564
638567900
752522189
667154791
827952681
151440242
745099122
295762690
353525795
275975823
560466962
893916871
469560744
160425332
110989022
186478827
907458983
235416972
305819469
48230740
55560574
688980179
176584069
182778217
118037374
703224618
454921086
379904648
233331855
222810225
276363580
52190260
914153272
920640952
941692133
940128841
443956661
680153950
31748402
912735931
66383822
730008011
531232260
904884489
548061432
962729570
675763276
930604326
201231238
318471242
335181351
323317751
467775654
326121951
136644489
295979888
845486469
712955973
657565236
370945252
427478290
499433279
452481303
102738856
767217173
216449341
115300115
620771553
329171483
337232801
359654696
506180259
215904513
513989113
310584001
57412687
983824337
19
276609093
205620322
646345501
84374467
498655293
646750541
158359973
210097879
601327453
691530867
404209296
895668694
155436622
876993110
11290272
814077180
889767908
132958844
96448283
406796593
287173589
986019794
384976089
836065277
450610522
467859835
306674766
283980321
341453156
925781279
193243030
140791747
392450972
716224602
456918797
565351886
419779456
380182692
971292737
689623139
638998064
265954613
158780136
751637992
758875258
808980874
369984608
961598740
57267495
432333124
937438509
473137848
508946489
21376136
202440
835273317
302232225
789530116
26899061
357530617
283698495
836633878
9252323
650870165
510763883
600757613
213301593
575707757
829671024
146072975
997890680
693145447
795126303
620059145
37359
845781599
14465701
439448704
894659462
104979925
852689644
488820435
324200852
360815811
909090884
228618477
578636436
753763267
655671052
102688260
693870371
988926126
232717937
956274576
700962470
737804962
544202925
572802585
334762888
80298205
211260603
968313503
450826489
341953698
730489494
39700553
974243705
994525467
941523049
528706339
346182181
950481071
652543108
411782788
949132846
102931036
799110315
738915042
550128346
486046001
33733706
440744201
442027395
743479368
930848927
505112482
683774724
926216993
622796259
103477198
212385425
677926286
843688782
380270027
520334326
585465343
857618311
932712307
596112817
220516539
173547576
77605438
796371934
711178527
323585770
397354499
525925434
816
834143692
567499909
707636403
461212361
611484006
321734977
342229779
641101811
193508681
776682644
446269791
479421379
249774622
727744793
449673647
317428020
682031856
580030760
279854504
898535764
708839538
637803933
848810320
829214285
950659378
664554042
64237470
303410814
390295756
217075863
239565711
819272850
570916911
0
133332790
632944864
782117855
832784928
26784
677238198
91874045
500986825
294105812
864799850
173065901
128337840
68097512
260023376
701190488
901858306
737963512
96661233
627082750
334271829
324454067
968650710
542923244
23866857
397293495
941019107
365764414
465247087
322715882
379469775
981437246
212720505
410027835
254989859
260443550
120205589
263843537
645704711
717687100
251337254
319398386
95260607
947587718
752162889
384602644
766677405
721986549
993289321
877379408
825870518
390658958
39249360
431866884
171829145
967816693
684374330
266402817
501790591
266691592
762001145
880661025
485137189
626590248
194603928
41629315
228904149
163500543
228730904
45349500
518233153
878424431
272136939
96501281
49776158
949777057
366833413
188670112
67271057
244197391
188037227
516531582
21503436
524947460
457606629
577049926
312432836
67433315
93740665
210674902
930267007
324729702
516001693
0
56593942
927645276
106246273
8878864
76926321
525487388
855524710
536937003
801649521
919759549
689174303
976270289
390803919
43351656
896422166
963779072
335293016
737139079
411857415
200835749
846674528
348173935
882864401
363711776
739428507
835118945
521388366
512027076
211727758
431995065
28912789
108703428
987268368
281578618
617619288
821383939
671979887
424234063
205385404
579821353
229959001
727293696
916495361
388782566
955185753
640271832
254399310
326880461
863077143
423344006
825021252
1
647146381
463456949
480073228
413420027
41195243
846199430
979132657
387796595
862277995
454878358
502265492
295577914
590642200
437400348
787435568
180352553
452525520
739836462
936280537
191244709
340247272
453909355
225834028
285120
674579427
602495891
233891833
52864648
513045847
439228775
638886377
768478390
747891391
793306513
344660728
260749297
278763365
850190230
908222210
439692716
647776436
762323368
966708753
153418665
800332004
875628590
278518478
434942242
253521880
505974263
61509305
968055739
105447055
280649789
36802146
136627416
964477663
873230855
936449462
602620640
243821965
270714913
134080193
264051613
198543669
168374268
443344508
264426275
156231432
198360641
359056599
21114070
72015532
171145153
97500277
199286090
319308187
354609780
315635467
114642079
71115524
456791322
123013257
569940670
500886120
740469942
954285161
410811405
370765227
914653295
633099749
808719661
867803073
293474037
480207685
99456756
883978711
141111142
903748592
90773071
335799249
208468214
861130553
344598013
90891860
86749336
394713882
354507515
503379444
426905088
726150722
784384668
141262098
58950685
761560648
401852906
676150821
1405164
253052920
636762092
785104159
987214468
190281799
469636937
906398942
451071166
334840306
723783303
618810633
784595979
67326496
133510037
829311319
828431476
886148545
30823842
367372816
548709598
209413028
463635190
862811081
570150484
560962125
380023501
323055697
979143514
758186894
156993149
696041308
435886288
204392086
196389
577195995
453702297
375549973
687115979
165539776
852082567
736341542
250701283
375064415
220925807
852646258
755304608
138099523
570981635
852630176
362936018
206662125
951850477
764432045
129071455
917668888
742374550
684626508
339653743
86030925
545436388
387581658
524809793
78388431
299788980
651718286
292358109
711489163
716146635
224039467
850905038
2277042
191960613
359365933
71099634
152000421
669448345
437447391
885155172
65
354674413
404823694
512871676
324065374
401574946
91399277
3700978
450683018
489999532
874683352
5417771
760266921
377030687
557680024
105631964
6470069
671352319
559157803
706317053
209863038
870519888
569275878
127436668
849191114
628226350
270884034
503587305
497889494
101956290
716593480
432280446
470783702
545766067
696954822
684460719
280937518
826781266
570329193
796657207
91189661
66742655
455429948
878326975
529445062
328622040
590890583
633348952
849525221
484902721
789018479
718134268
539923200
422823588
752569014
764438966
86119038
225273397
784499948
421159217
404286501
930318492
289598885
212476893
911192529
795107895
204223050
890154235
333051657
357537942
825601519
215020794
238150896
498135231
182964045
522763117
158473448
50649306
173215557
921925152
229950862
175875952
421335682
651764900
300519478
533532194
515163787
768439469
403839921
678313289
866806465
828458278
102912244
429141716
796615069
578583438
588300738
144630576
671899583
347118416
614290697
944398236
237830700
189280752
830037290
451395506
728873271
484726343
251592475
439461722
350829710
951866201
267319410
591485509
827192447
282805056
567830048
850080130
780392439
200419270
327542645
804448676
610445669
303925673
153907196
590913309
477937735
322308402
565507747
936235216
363924785
882989351
196892181
974078937
936137330
594340577
593092596
147985587
376528883
964942943
440728981
341501957
953261722
39827941
86984747
962461462
967196685
879868743
344006666
118082339
889281251
482889142
136147976
89531830
259628844
382662290
595752249
532840555
156603361
584467719
904796841
641763886
903687719
307859396
11310371
622384818
7852477
447254441
46513449
370146081
443321130
769137481
14980269
751323896
105464112
205624319
39694621
640221817
698762730
225187840
816266688
203964045
996874033
6993869
180837324
628989153
387394364
748412789
179475048
576012447
188318847
752096304
887217477
407808896
952616587
488496049
285578288
241564094
807086246
981905933
453368255
652771704
290541597
316093867
823932833
152327185
656184922
449926285
635743651
974566762
0
268807367
424138724
388880900
903224289
512504033
102276139
130568761
457051562
965859564
386765701
666840748
211171822
430133790
238077896
204896763
350005347
731283911
874611484
983942307
8009899
839999222
449125893
510094398
253072497
221049576
594152780
833421614
270460873
356010386
61036680
75477358
713381232
719366015
367020474
53040729
397385527
628409723
361478688
49638370
211498479
795617711
285232072
728743226
526837122
290438603
81818011
645816640
785761323
225513465
75591704
194370831
910456207
454378921
648499092
714642435
272384009
780096876
143232327
409248102
217415515
305510837
290536910
715904211
309099633
967922784
301145368
409760619
755174768
133368657
844173611
904904038
279590934
210888880
90710928
65728188
48043837
516133461
405509338
889488454
502578803
754047991
899842671
470771162
158096
245301290
140189338
128088920
31894567
656234573
577340221
500456714
853613956
713233025
483518341
714601866
910831806
675531358
693893168
764710147
95761333
926391385
508943212
730145963
550694916
993305726
889706999
969654163
561479553
659094192
60954552
409028459
842382720
927904909
885857657
631123955
110115086
650772599
454733778
840994611
15045166
954326267
409610401
201948830
260533030
207287475
745762431
418108829
173673338
948104248
649286921
715840386
295780450
977658015
692133738
175049998
696169235
419625426
557552290
427287624
966428566
749480236
985030353
964587053
184812433
655740205
561973096
320433877
847734773
494609892
551153555
133709407
535383516
604558140
520807523
469729008
647256038
523234936
243562941
115583013
1798524
638384430
472265732
173412402
47677896
977859276
0
772722109
905513865
86214221
4755
767306391
716011667
938700360
900861461
587592285
772640503
494998446
214750701
569419284
854330853
256427270
190925869
2760
452133129
762579462
974083549
523124924
870045040
566902638
120582146
736326561
460503342
727221291
859751851
804699863
707177311
642008694
726004139
431835162
356817207
113288932
0
820475823
855512427
917950604
756776510
227486575
331696968
976399182
184721965
71984844
215976243
925776942
750622834
942330140
136460958
532493077
495315503
350641186
446779812
946475682
68162628
769782993
722581926
112610682
78580445
102168317
216732399
221745519
612395902
105825956
83749589
183026147
15816231
668402390
392524918
637987540
515432709
248132837
304847955
228369441
416045583
877653570
707618060
186895229
765436264
182725046
222818904
169116209
720624909
404819401
996413008
602084689
466477919
332539649
451440859
787764860
447260109
788417586
692208971
878624222
459114950
29895294
194318072
443999401
399620527
574081158
338922121
858253772
346410883
674613161
715251641
540535955
759764838
661248325
249239618
108248552
749593639
442316727
906431390
63392850
106479668
819792892
570177421
108610239
655010683
37022062
399198667
343684379
604563856
132356380
390884705
869051921
719029349
242093336
455113914
324789643
763941822
524722996
348850011
718882615
305868796
530988107
5201262
941734381
410541014
395936411
41672082
385351973
889501590
927226661
469363580
336203851
90
151726744
696471670
251241230
696167244
904125118
14797469
763734974
713074578
632341986
979813096
320164533
546783346
752574837
836737784
658784971
407559171
5899817
362958896
406365211
861092317
162216389
745194712
35931104
616454345
989384483
822286848
507398546
419864572
234040180
196402367
367961028
828238348
803437211
430981591
670334434
408847341
707095998
830100914
474555700
331085860
333992969
227571369
172653610
787452706
852163151
492150932
84895404
726762504
240851240
465308480
977819023
947278847
183305858
911414258
556401286
180897423
592633540
61861201
963541064
652789461
714979519
3895200
213993342
762090320
510802775
203549687
829735271
877828843
0
473879332
842855294
856698145
715196333
117355849
577711149
582531127
281541646
757399157
953434471
274122908
917087309
376031980
976718216
169925669
443239244
734706943
414784269
879988196
734858736
683353796
118630484
646379860
941817762
889677554
588736789
442149436
518886889
830271322
799584286
133701924
445315826
967668685
116964656
614976616
651079891
606635375
846177562
394301458
528906757
594609525
225816087
530441150
286755860
795419387
618580584
278300166
37873647
649167617
188204444
481607914
663848956
920211087
608141976
970954558
157821045
6692117
989307777
589981281
947562632
889173318
33992620
346302011
777142968
27708639
786103753
62896466
215535789
49549561
10628543
315132883
253809267
88884636
284828434
851135676
837777076
343883849
41291291
515414137
433435421
123383987
855586792
185377429
61386198
577449669
210528252
89028144
18350988
934616998
935250185
336631725
766614693
513033636
181033962
828069998
24
516695612
652520129
352062502
603568326
259181236
157622174
341377813
463272527
228621299
381973573
989592114
728782830
38796960
335396180
496853703
519293419
359705248
110218520
705290409
71253459
145451511
276966609
451498081
142891200
951013483
434025342
2
159795533
225361471
1470637
68667029
871543840
909441687
284294022
551960369
402663413
977302364
944909302
164977522
199919743
28680223
887561255
614246646
442486402
830704301
478598670
729186402
361846869
957207785
302330984
914549122
320714982
957698735
248529852
32806297
717966037
454274418
28131156
27659587
512037312
402277906
854706193
162421326
673823764
5303184
620433702
847262975
605567129
510747206
295982568
279869434
339852206
563676122
762183036
108624108
827612488
850130828
626517506
846078829
795122671
54345965
848195778
169854599
465971198
916771824
270915838
364444370
330203559
480528711
302129988
43476275
452339090
637641235
742332029
360378026
426018465
89215364
780392248
985352642
845976956
736718788
885844352
106962942
55985031
20504735
359282260
208087502
526220432
19892624
101875787
35542656
296755841
402312604
179175953
469463253
284428581
921551643
821335546
595251681
629723075
547364835
545144325
433537988
357301426
804201391
808808384
594920444
389087781
272867205
518398143
373896
424370078
291056725
414905046
848361688
500020317
364380587
975287957
284084961
914552426
611092670
578606426
153277519
74145099
561443123
570334297
723864132
385669410
398520368
74719393
996379220
567661841
987426483
647213653
815897486
615222883
853065921
670384207
824312295
767079664
986328406
80284448
210378548
70863630
600665336
155039309
816043175
137374814
761244623
522304107
851773348
104898495
695778069
243163190
344678892
276974749
323422399
598374780
358704862
993454769
522070980
88538522
325218043
15804
266644182
990047517
597135691
967088771
927635931
195461806
84006552
96411052
919645567
439884610
896381678
951514520
527760456
453970125
562168385
2926536
629972121
11017444
923605972
489873613
160438660
426759610
940232469
862613871
640380261
713730900
542844822
199196418
165488311
464243423
300795407
231690612
581189705
748158490
556448107
133338288
953565991
844372586
7536815
950290485
666589931
821760147
512328649
340648246
955702296
863144698
798578130
198372341
974083549
497961070
841836239
208301274
144896699
263356356
898077398
711076911
862138615
750928072
826745063
790516482
625861609
668754364
162388638
47754231
751739803
342363816
528454948
515702802
6592
445664784
616026946
809084849
342582340
39959690
680346061
209969027
310416575
208936326
470215394
309694821
354177226
354527091
889597688
886317061
322423509
636499129
856810222
621713357
228902259
68441415
851634858
532960444
918719177
533619996
585223550
324110131
268324952
414857473
832973385
554286032
807295392
266491802
947910170
366221609
310292008
890
449141710
220871115
973921604
428996043
489494592
430824092
387541922
97408792
273899469
214042359
983946811
157162353
116557825
518814922
63186617
238710986
953823615
480266727
505021991
634078682
0
707061546
452503681
864651428
716614705
456404174
990525125
186265278
828928213
319169063
170933148
484696464
381013126
401965879
840237762
709496785
963460955
888667675
6
329755294
607496044
731794451
514361892
783495365
11460893
297524529
426368456
277356077
48445176
922268563
47050024
183365853
901351502
347901881
100743441
556631857
154895745
324571596
976367949
345254767
417590138
685838514
936507896
957443297
973222969
752486179
1080
888354477
605254770
629292308
159699518
77146144
918545339
247773260
163877387
480685296
562999152
6236865
155367465
492955163
140646438
164180192
718598098
976115312
932611885
893196435
972651026
260193133
43988364
806124073
804003471
584449055
888557559
920866984
155315600
605165363
399295013
509341744
83860337
47519085
668082751
567280251
706720043
669040315
501968633
144031533
277936777
680410465
283997825
496690802
359640292
373625610
6374415
506653813
903156048
258669027
896887756
159202490
371077601
113724594
300278641
860436775
216430477
432671823
35900941
515283125
584483081
674865343
337627999
727641967
216494168
0
763511678
304452735
501181250
631021378
160438502
684696892
29364784
111930703
519228315
867971877
707057784
868133064
275491247
856862352
438151018
825738398
193555196
940738123
727898027
265146787
636190951
462004632
45312839
657313811
54461662
80840011
259411822
747654363
441263211
907568277
797379202
835372219
910291586
26265201
836445551
519963163
299675359
319255954
612533055
289148268
445939932
613260777
44318415
673622241
99558485
35069899
140770823
663815169
953223715
276983870
126992766
834402404
434761915
6986675
670362156
829095481
295623746
624488797
786881216
579908825
45805490
837647755
600897556
524533614
459501287
731110486
739565085
232841511
609075906
8068598
893894344
966428349
868335407
727037807
342367659
550446726
19548
523231819
414523454
754757980
571631241
991355040
465357440
533939519
340810585
74945390
930760290
82685367
426890274
265319785
635847406
349800691
710073066
826936099
66581753
153297183
454132650
931366168
240654026
165774125
466055381
430305886
433896404
596367626
665116812
914849142
750649663
432332334
719100816
434347774
811911193
605198504
612766894
548680262
646043202
25841877
109318584
914752575
138928452
340513661
816437830
29730340
108481622
578167469
379564011
451871283
619841552
643905947
460169893
38378148
327982150
788429801
86949626
691308486
740929282
364067541
22239360
641686795
3311220
663537807
58006960
556764366
772434314
376913704
530843090
741270264
545143775
743718516
10098432
415088531
702167811
250594557
159023723
655560716
751495362
935880879
806456883
187077259
746696640
702641367
628847839
237368165
676259845
663552
688709802
209121476
313045862
832519259
808721705
714718155
628022983
247916210
283851954
36
873867429
884748399
580989828
832484371
309448986
501132108
785943747
258255932
374298087
60334484
461232834
446322732
67667813
686166137
866169153
398601763
613697246
670896265
291645068
987495765
327555123
458945268
750094359
150676892
359153902
666690154
30088468
752428380
38485488
614346440
144446860
808037073
760026753
0
12150399
803133421
488456056
61419694
584233946
214902555
315415273
725088540
593624490
667382043
115467192
458802822
832980518
442905170
294174154
544998619
607097094
450862085
265357403
363688615
273875424
324630018
473452924
330027621
438014702
128096754
105324474
516407803
266631454
515185571
921973506
125909960
885138361
355681055
597883407
503832609
759489640
642284661
119684056
580225453
412804376
448936622
843352423
2228
711361992
568933437
261878207
270925305
840763998
482425949
472167307
716385051
30240
748445966
321083816
670137042
309140028
24607
518627588
601315183
136411615
293407613
691547126
302574983
66255853
762267616
582455653
225727988
981366507
113244421
840968470
955480579
381149213
994674153
592960499
233365517
374981001
645005387
499515359
9563492
214976553
122979621
190263263
261504264
927545305
783334648
285756823
328391456
194316703
240558563
507428553
137212321
303752715
971542864
100919662
416712747
98109639
686878012
342084884
165239717
573794882
854167968
131029304
643272568
400503829
349941865
221367892
8519263
888756417
266140980
52767355
132881204
291837302
678125984
921465305
958340833
196313008
139665393
105034613
953960736
727634578
189565998
942292022
797988587
946403170
414099749
293838588
287911678
154059319
266950500
51428932
847815474
323525862
546876054
850014936
425938980
273653273
211860491
145348166
851443183
823682474
955149491
237426464
412758460
941157889
770356641
17668539
871575826
618702486
856925933
28661383
519133640
955263923
721544249
436468227
808625452
962315371
100567724
178074968
730187912
107792411
780700843
90895274
514949742
521784698
9807266
494146180
198644472
403065466
582891240
961646252
285128417
207902076
1
118652308
336737634
886476053
315659053
605049723
234992615
859557937
511523235
878387717
886463118
38697996
251224035
136039578
238065272
239650106
838346289
765092050
388754650
330033339
430153665
579075330
228399384
245738546
393317929
563659727
956087603
819055640
440910172
669963721
336416223
360079848
963140651
452994630
193525001
714258548
700467590
253272189
117378349
292771436
275025502
373170753
952869665
686268785
88533192
649977752
874007654
36985245
394084111
398772296
779816602
616510334
872968602
466630103
785073244
32
501546602
817802501
923255899
639988133
399906748
855238066
763689259
12291064
977964288
108515498
317736183
877379408
805690893
926576454
552214319
701675768
252276172
558541712
182408621
103848612
2583504
304891654
441773931
821610841
701453011
316899171
171079428
150017396
698806782
246346335
203180262
631153672
692774255
325409842
430045503
456923741
719940245
323646890
942347392
672140732
344216340
466829634
339744883
483181608
883565198
65031248
582675836
780952705
828851840
190974434
601451846
399964953
680575454
103058745
689580018
384052068
857773244
869217230
140886637
654683875
307232839
444649826
30115328
488837747
882889689
27751105
939074172
891762465
285530253
6012285
211512400
47099237
357478003
354734998
275881762
218673247
717399051
985272986
550771284
603670232
631608033
661659501
535472083
655628879
47582406
905020280
289919769
917644473
827153301
235249927
850847820
267137594
245706110
15656541
15904841
473442418
391959551
425107476
294840303
807635000
746764970
781503120
937437858
973058959
714082903
41857862
830532359
185447902
311286100
303563330
5288714
35013083
466093356
417834887
433706191
684368063
428077277
686293279
626790868
166014708
808112931
602761564
669044459
922645119
749522694
498193571
278433092
496670283
395482529
402823173
845710330
780141227
249950536
132676556
609103610
20897339
377735518
928981600
790959960
800216491
170510028
174396901
645617283
959401250
383561808
110852291
665133930
681216728
74301208
89234029
289102870
921148519
711375217
729618948
390360227
857245623
622035900
114
90130014
23155097
16540176
38519702
421370138
866589496
621538321
721362977
179197323
359317137
149175935
578858929
885627149
104046879
643156676
600016370
703687117
490227167
279089141
642937509
86828534
904923228
151630732
820660120
923679903
770761452
356352462
485097475
336846768
654300887
36803839
214670523
50287804
818169507
497794542
756213036
222942708
686255110
653257272
67601829
914057937
628753894
487093367
785434721
136941193
316450006
771019523
184290684
456845769
599181777
699381277
780287643
615711044
954087274
80
808174497
468987018
586941906
508787097
251222597
5760
931433117
388641472
816618145
769409234
847071607
50888392
927056714
748073388
942444745
305319327
702154744
657948085
206406888
560938406
14862998
252181950
921547119
815232231
993663430
294307091
365419764
375833412
457239980
443408032
167589630
169682086
72585969
300204070
784431163
867899486
577586257
263505503
304303796
219742009
521234739
828650177
453558419
786422599
459
665152560
218333157
299385601
812143289
812582521
830350642
582490068
540966400
125989936
518531438
414505668
462597826
123772938
434324085
315174992
339386952
546341344
927273135
464288679
168480
871852612
587320346
738337289
403324983
546086463
379531009
104889076
793758625
524057479
28114279
541388035
795995597
687955132
123529452
639899263
259102501
97068149
924959723
569242316
605582354
291176416
720139299
863407375
481465111
545041845
641735421
653392206
885072222
155302963
297989492
216430477
3
713159459
47608695
392029154
415375578
275672527
188775629
79973567
457074875
7944109
458683767
911816422
1
378635078
242506770
880375386
614629071
540923113
95796036
281270768
595306715
983406423
91915727
537956565
977995093
361234163
904364217
91048987
581750956
133898970
311089140
50213394
968919327
834268255
226809014
92932943
694306229
773793677
647232381
197297344
335774400
811970681
175875952
383998475
750360768
137381553
688778384
408679721
652103427
754588821
162009257
431669082
428692204
316
712726057
358427408
447015423
916234273
885275915
602507083
778248285
354306106
997334442
905616451
290297444
817838672
50537002
470665833
878268224
767004927
794110869
88064637
991443625
599209466
309811618
132597400
362605792
43679547
181955541
279758917
960726700
528912687
475450775
551867278
328864527
599903434
449853689
115702822
795900138
911889251
443431916
291778386
117667618
817637555
278836480
52535515
202062539
659902582
899743810
867947693
259457695
297703684
810156268
82528410
13944749
116784125
490759021
324752920
913263366
148491481
581805221
333099422
980258940
779346953
858167925
57529734
811299213
159131501
984565497
463642909
7987465
713950261
534513779
850782221
279005440
421524344
910778299
287495170
387091957
831912570
937869868
871122234
649412760
996320605
799847932
833653600
59560072
946909524
899196794
875166165
740398627
811682573
730241498
629493093
297219750
219105660
709560103
851870543
220304691
407862574
37093529
57286656
834574525
53851991
685382762
290438093
645625980
488968648
139254908
294283352
227117854
291621230
594749798
404136626
38500809
401313948
10331552
232964739
148899207
845179784
433366069
666210505
413096342
494101978
98130761
53789236
979
652344719
126020767
580055895
701129535
765415581
446181068
483491811
216781346
980734390
367206458
134849584
316583207
64509912
542696609
86938164
988701719
699602235
947346230
246818848
464597399
676449631
808481079
603997412
79590636
416800571
443062308
879943764
526606040
252911415
68754768
275771012
618895869
640711003
374123626
428586651
664932796
124218777
400200006
878830607
54731256
732857433
347118714
619572085
345080609
992339171
25693224
102857619
276010701
9366782
52549863
34873090
326833977
569557170
488965963
203779829
772205815
837603487
835918072
260834106
688693537
947346284
882568577
449671370
377243070
648576428
125758686
832472333
427413059
233334308
220620056
556648441
919543526
388957116
120
725813129
625646736
530641502
399443484
936123890
525354959
66971210
262378075
515011785
425172723
288274149
414112530
280290452
368713207
656677071
388575851
213525723
53351314
963874707
7339968
408332559
140189338
82723045
995412936
450092661
626204429
735383592
427816410
679498984
470918881
30519044
733248977
576438556
9427170
167769142
654569186
907100927
735609129
580725146
713498880
870208719
900739499
582533150
395289307
248027431
545432298
627296889
350663215
699732598
804555208
870607822
364527091
89733466
586953650
599857183
34920273
556917075
323702826
592113780
399173712
293731819
4127814
198648573
344762658
416655647
30795785
207731873
161815965
135815522
310131973
54
994289689
164580940
21443274
194776850
397190115
184674570
1597920
30984229
102416499
406422446
20350188
355885746
744666810
37067109
443996078
907064500
621609429
457145078
665032883
967239598
68330378
436369157
305974609
129232479
352254928
484217179
274558350
25195139
447908703
65863732
522215219
604543905
557400665
126420503
766008981
84433636
348853284
986484855
217073894
899715255
741171784
199043087
247596221
782614784
170169207
466011327
182312063
149996896
748702537
9633971
125772193
671116235
547030940
37631891
120104595
919068759
410820973
569429335
157481417
182416895
838297378
537786687
931944564
100223785
723854483
650507475
293520404
703470312
102853127
111488196
536949770
840699006
717660846
347631462
518020258
725034376
99645282
479502836
271516419
761353856
454137431
393884187
788803694
384361400
13125036
608583822
968003309
811213506
30476953
733968174
167650408
808977573
529479091
730671624
246692930
98412051
340148594
685940026
275543628
355690978
12296170
618588114
66219456
856551743
977513641
449076
778864600
97029703
294870
58640191
323336421
365331687
663521671
411796372
427288159
142057190
636001142
103179808
53245839
367976921
281850754
266273766
974978855
422548845
448837313
643266012
24786025
609770070
599623292
918006243
969704130
89211411
550446204
874612533
41742308
416108077
509639175
635937202
508243544
860872377
64614828
946715737
673218080
663567969
537753984
145340524
321800921
884156722
577543350
57998270
387615650
405514316
219707440
105992650
34157778
820810082
90416860
513300298
459162213
185837573
273781890
187603774
379945587
855389891
59030642
806003699
826801877
771241586
183042753
243343978
464572572
866106368
747744933
10647680
389050400
724857426
901179713
121805968
673735676
79991831
173889381
910612736
23031769
286402284
456574584
693921524
179266554
618897941
124690529
296845910
62207972
495760209
827516983
625097014
225104026
350489432
270835985
582206390
816846569
679292294
238957881
441863631
467661950
391957039
797684061
441633814
826989716
521741131
899525332
172986779
80572379
293716340
485912530
783734919
168850125
708750356
398899159
39925066
812704928
79700548
441412374
354718345
46350589
949144269
688270460
621364138
566940202
295492286
762272821
29560960
126165895
473831186
410399115
496885400
274934492
475351250
127603065
846544760
716146635
43306822
176904515
527951325
664655957
101921771
978263907
36680543
766620320
467528282
593747479
425504078
849799377
25604806
52030376
903653953
177189355
27975342
296505373
275562
626328227
693539250
885493452
792909179
842223187
497079900
560281983
910230089
484578933
933060446
422970731
243394396
867161250
787995554
380109320
519582393
74045151
449309332
659045254
278569915
555157812
452388798
0
770889625
465663266
673071897
742383939
866679721
595808372
196935951
745192978
993396763
336620441
759260338
482102584
684951382
810374880
121523461
644553507
817007554
714189241
28578880
10
38741061
459074580
267237940
147
977848371
734249758
96629065
441648372
819266986
862675241
310438684
441943736
157789142
970099821
160549471
176855800
180076643
63587515
502978499
465731857
937478128
814646576
298399553
892240981
827543291
145488648
146667013
934554513
994205549
794802634
170217078
360704237
478777323
466553667
337717891
775545478
173842117
601409498
906456982
985455980
443516238
959442368
163129915
958139618
884121834
835433115
710054544
780295459
216678627
308431214
264519747
366927728
375577815
61132461
75555262
218448445
955150529
261730161
4322430
210415362
725484066
437919249
279431310
89380916
817059776
592931229
104132022
348889342
247216757
176250051
622193529
557240589
28656
672674316
714760907
824773371
657331857
580168175
322835
828635268
4690
347830111
548018126
716966302
425555175
574061199
295336921
688025047
457743506
686131082
437176744
313470526
151844918
155699143
343600972
102373489
41017338
486258490
320467214
366686773
665159747
0
89055026
528576783
840207375
828608391
828670979
723359179
343586653
780671727
208977976
286852858
478604713
134585233
780938938
466477187
30032378
369885400
335031929
832155692
474973205
487390977
395748314
899398675
412066505
787216571
993958459
986203923
566748415
551676768
498539455
562253389
563257251
759781852
484881542
751824090
813680681
373966073
741650253
124291845
109521079
310517776
790680927
498433251
211067017
730138850
772941381
593798984
57339
630649743
164162164
377350254
76
506094950
601904690
915271483
228501514
860653086
619104611
948802889
949006810
941948708
505852646
286444944
782285502
918392005
15811224
479138927
136473437
912607943
997220622
249418008
152032285
591634615
747177591
654621363
177998229
118854209
20494202
826787975
485464888
774218794
13531069
529979359
887069681
721991214
472348079
957090810
353574739
236241202
299421360
348753663
25550194
365605339
21275184
408612258
675192364
925922446
813355726
349793781
84310343
961555792
427764752
780980670
845351395
454263858
561799619
844849850
993721815
404015300
27554630
834240097
997193647
948707840
805697962
981636241
871636310
189695567
520103831
59033963
144777043
852050355
891933394
923210433
95297638
913913953
897560718
617894133
892502948
540408353
551923656
699584968
394165061
116283139
21863693
556282890
781996490
711707243
687663412
479928325
202897038
858824041
51342480
828247820
953094337
763292349
249561470
988818433
877094305
397291066
521185218
939256875
627198881
319370218
257678605
745348497
959419727
129421998
221244450
350990939
517564431
1556
475705902
201422800
104985681
8413988
845980201
786105182
953272383
938304144
88923610
389924460
477504287
309088874
15387980
545510126
416894721
6585403
937595315
254687272
407753588
315846092
652727391
514010661
845472105
508023731
301949287
485795738
155520
906107169
955544633
527279715
300992039
62158255
797660891
803736448
168674336
800422159
996092714
867564693
917813933
888192754
430915543
298608569
561074563
409135237
346763909
530051940
885156802
470030923
883398049
185882058
0
115314087
489036104
606851957
497738968
547383126
0
417616285
223787707
805794194
973720661
258429741
471693829
248518176
659339039
297595597
685988294
996605202
629800131
862401315
783911113
776007081
239004109
942320947
614197321
743424
4
697128822
180844977
474169464
640090851
838827357
904382998
386832737
797511678
294116348
399299010
165448675
118532585
157971682
215203665
847939594
150684147
918708319
183336684
410023682
396373688
72277347
393564932
171411529
240442329
276635191
330402345
674941992
29106323
265034542
475890329
873420776
269844382
608374362
914355525
639964581
640042143
457161572
964377915
824906948
332402169
365965549
27128117
732296636
19963852
49791451
962085954
921594265
956938224
682524602
39699319
247106385
399815163
135402099
560410664
123885883
992198294
283781662
760025168
719010587
925700001
256094108
936163265
295200
75782542
102241699
855810279
627161521
145061557
552976665
868734139
182979219
740151112
483662868
198050867
723470182
453681437
892224154
711622581
523697004
519166115
265883141
780143897
335988860
110347562
165452824
489527326
160309257
739127524
20732856
150319453
0
76073865
690658658
326070789
740825537
521190531
814889258
672665360
641423386
205768062
930918934
994664640
160473408
386697303
573190766
669138032
629488386
103383461
118352358
903795606
35285188
791112518
725270490
840735774
502580298
438078578
521068917
469179442
82038973
721525979
357575795
952215266
224411107
676055355
778189279
332314335
580417628
457798515
1721250
800425756
0
181460479
346715576
528734284
293867834
223625981
963131759
668146968
67994982
605549004
529339868
717066210
186811779
258778065
587774941
48149981
899044685
272027303
577756164
956493415
499396891
202021121
703519320
542278699
570847912
874929932
160407557
46167155
334279775
12287171
618136572
196194054
89459321
500759956
789117479
572259711
797015655
706481658
734786217
376694895
168967750
95571529
704362687
418354406
395808825
914031168
390601504
248334336
256693073
695389033
684751422
1548
168519966
818496150
273496956
924885994
788451433
692075050
209124570
501271033
881915519
40304789
555838611
422607455
863722702
789522482
481466177
743822295
189386571
51245639
958380912
836830713
126338297
812273913
586524916
268363298
444586721
52249327
809467284
74596246
971357124
608090656
85500734
625150180
955485287
690291518
557765727
385064912
464486999
5989740
38841805
24928970
273007801
381809074
281473935
380378185
263729520
69337186
588490930
889471464
357830027
608903382
36239730
933776526
921032262
546905907
191593574
604999397
172210826
779508780
760361041
351336606
94081596
389128754
726193775
833174619
116061064
350738730
895231214
32800301
676275304
188256688
141874339
25922533
382475096
983425912
833544520
821106699
516298767
964588299
524585587
48158365
248638522
465369199
331754962
448964155
270668866
986464375
962509063
292614215
572496067
706636651
27060480
523142412
401515210
303393254
324332212
81873541
867720451
82384533
71532571
50293209
451526528
308987461
177142541
733319622
395257641
605239174
701759359
