528378168
1
90184150
0
867951983
976266810
473158768
280694884
823112617
0
0
776442151
302371146
0
726555838
396158212
0
4212771
986774877
627868568
310440428
504616754
0
594016205
905830994
843091674
0
357081118
853664951
0
418728468
763012307
726263858
448920963
780212971
0
779550886
815731709
276072234
429235515
218982475
990008980
370362000
216172048
807921024
484112115
715985085
756682724
475603755
175264730
164223224
158042751
64291136
296792708
1
277146245
1577940
0
538716941
75418869
666578980
796662142
0
50108099
0
471940695
501369221
785937284
973127912
640437752
780912319
530562904
954434165
95447559
572510747
0
970412294
961052664
84814807
549517076
1
856907300
618684700
933267162
356779361
958943537
67159486
951042424
647245282
296924388
837490488
2047
456680702
503880216
790379442
454125342
469645343
857413066
669549305
583025058
135687551
941806268
216632496
615882717
435481341
39624493
0
944315638
550422999
445817901
33913244
850905522
0
188879742
391093924
183632256
690041403
469382640
188732074
549833615
0
897820740
823066959
481964544
925316974
279962428
24
235563163
7571565
245217197
816498005
290518021
797669893
671389692
127342007
634165384
134982837
68553351
345009754
383139814
808861829
617589857
913294689
159293682
943833827
0
800416991
59064475
747820227
920600527
0
952874109
941939720
76503364
668660904
192993501
381379815
994522254
559078808
393379359
566951233
609154568
916699005
587682887
103511361
790059693
42635399
922927502
994634389
809862653
160716725
0
470475671
897087582
943249577
189116174
208496880
724535146
328254289
128878020
200713440
330123707
483804667
224377512
566148031
583025058
488936873
698256632
301059661
652197047
125811496
369159763
3850012
788426284
56383124
214918907
513019404
670095575
756203804
1
780867062
604858537
23503933
317712002
511692185
266523227
338449089
410024591
536870911
147549542
0
0
1595522
798963127
871430205
662500939
287900137
867972718
132615057
475318936
609763051
199108743
65371132
479892989
929082643
429157597
850277516
0
105911748
553001811
298272015
633426846
599418039
879307018
455501427
550935753
477203294
888212482
891737415
0
552154740
103251519
526251762
340463601
489681719
502164371
70735326
643944206
478549596
893336060
0
82645488
4762636
484469147
773550339
96095725
82437225
641283881
719381979
885644480
286664292
0
820390164
415852838
0
0
720154603
893623263
193071463
494751971
475897702
289980868
0
0
681960628
1
628382929
185550095
279729838
673870692
484231100
46169532
281119150
686181572
612808913
733981292
585167478
102704098
273756232
262848574
738523776
208301958
65554258
0
54651893
810583251
107956944
1
0
321634932
828907742
994470767
879686187
146709753
315465341
576100365
370019788
875809583
812263896
0
996858892
794448410
72303338
0
499832699
265732040
912715799
40375171
0
1
32545212
0
928094598
0
296131133
979764802
862816596
0
257485859
853096834
0
221602597
364838976
845990430
196797669
107179602
0
1
0
355836051
302847896
142634402
1
2152762
371141734
626240723
1
464804125
403418020
912605901
152947812
736292870
0
0
168564745
778571838
531738679
367342306
63
448149397
14298642
0
134217727
209173815
488422982
655878922
206958711
996537836
787926499
99223895
126337769
786650132
516787541
630749624
553174367
604023232
947677547
807137051
869180186
760684719
567355456
557218050
193086758
5264236
318837568
255116626
532796108
23232990
0
355288603
310129906
365218224
454458888
37700086
498269002
880022538
27155509
411814407
261848328
18660
0
147680772
264010148
24
487990702
718991573
0
5462473
469084608
99542808
547282781
46005508
266335431
0
674022860
694742946
324929440
24858132
586838143
464634133
651903826
789849920
1
760666004
238796372
981837338
612808913
778702742
791256746
133494981
44154962
110230395
0
132391594
441004485
262143
0
581042488
439882327
835309635
0
903664041
337253559
571802893
0
65586636
0
299224278
885277153
402868765
484028088
783153097
537825257
1
448644516
268440438
841020232
0
413999768
786972611
997847934
939384695
935724841
24630979
32545212
620942453
0
0
229805563
0
350629491
506165079
0
0
669201098
741468928
394568510
95571260
59757579
720531953
965190653
515813811
536870911
313211509
228505427
535354172
65601228
0
452883101
636616106
713313150
444595122
310550252
1
576233104
69393210
623889250
555027021
86660431
0
