Ace
Quailty is very great
Quailty is very great
zoyUCiiVwa
FRXANBsluR
PvJBwKwpsN
LbLfikDEMa
rwiSkcWKZW
Quailty is very great
Quailty is very great
Quailty is very great
Quailty is very great
Quailty is very great
Quailty is very great
Quailty is very great
Quailty is very great
Quailty is very great
Quailty is very great
Quailty is very great
Quailty is very great
Quailty is very great
Quailty is very great
Quailty is very great
Quailty is very great
Quailty is very great
Quailty is very great
Quailty is very great
Quailty is very great
ApOxgdIYgn
Quailty is very great
Quailty is very great
Quailty is very great
Quailty is very great
Quailty is very great
Quailty is very great
Quailty is very great
Quailty is very great
Quailty is very great
Quailty is very great
Quailty is very great
Quailty is very great
Quailty is very great
Quailty is very great
Quailty is very great
Quailty is very great
Quailty is very great
Quailty is very great
Quailty is very great
hOAbOHYxxK
Quailty is very great
Quailty is very great
Quailty is very great
Quailty is very great
Quailty is very great
Quailty is very great
Quailty is very great
Quailty is very great
Quailty is very great
Quailty is very great
Quailty is very great
Quailty is very great
Quailty is very great
Quailty is very great
Quailty is very great
Quailty is very great
Quailty is very great
Quailty is very great
Quailty is very great
XebeUNcZzW
Quailty is very great
Quailty is very great
Quailty is very great
Quailty is very great
Quailty is very great
Quailty is very great
Quailty is very great
Quailty is very great
Quailty is very great
Quailty is very great
Quailty is very great
Quailty is very great
Quailty is very great
Quailty is very great
Quailty is very great
ITElEsBENn
Quailty is very great
rGEuIkHDoa
Quailty is very great
udWNbJKrsk
Quailty is very great
YtTthrIrej
Quailty is very great
VwIckdmUHL
Quailty is very great
Quailty is very great
Quailty is very great
Quailty is very great
Quailty is very great
Quailty is very great
Quailty is very great
Quailty is very great
Quailty is very great
Quailty is very great
Quailty is very great
Quailty is very great
Quailty is very great
Quailty is very great
Quailty is very great
kJrUunXBka
Quailty is very great
Quailty is very great
Quailty is very great
Quailty is very great
