0 1
4 1
6 12
0 1
18 30
4 1
5 1
4 3
3 4
3 4
0 1
16 1
0 1
19 3
0 1
0 1
0 1
2 2
22 3
40 6
6 7
0 1
0 1
4 1
5 3
0 1
0 1
18 3
3 1
0 1
9 8
0 1
15 4
28 6
1 1
1 1
0 1
0 1
0 1
6 3
3 1
1 1
25 6
34 36
8 3
10 4
10 3
40 1
0 1
0 1
1 1
0 1
4 1
8 2
6 2
1 1
2 1
1 1
26 12
0 1
0 1
3 1
2 1
6 1
11 1
18 30
14 13
0 1
1 1
0 1
34 945
0 1
0 1
2 1
0 1
3 1
5 1
0 1
2 2
10 36
3 1
16 15
0 1
10 3
0 1
12 1
12 1
1 2
0 1
12 10
1 1
0 1
1 1
4 1
4 6
0 1
1 1
0 1
10 3
0 1
0 1
13 7
11 1
20 3
0 1
4 9
10 21
6 10
0 1
4 1
29 2
8 3
11 6
2 1
14 6
26 3
4 3
3 1
8 4
0 1
8 9
1 1
0 1
33 2
0 1
13 2
0 1
3 1
42 3
12 6
0 1
5 1
3 6
21 8
30 3
0 1
8 1
4 1
9 4
0 1
9 1
0 1
2 1
8 3
8 1
1 1
0 1
4 1
42 420
21 6
58 5400
2 1
3 1
1 1
0 1
0 1
22 18
0 1
11 3
0 1
0 1
24 3
0 1
8 6
2 2
0 1
0 1
3 4
0 1
0 1
20 1
0 1
0 1
3 4
9 1
3 2
0 1
8 6
0 1
6 1
2 4
3 2
14 60
0 1
4 5
13 6
3 1
4 1
50 945
4 4
0 1
26 420
3 1
0 1
0 1
0 1
3 1
0 1
0 1
0 1
35 4
79 1
28 1
177 3
68 1
104 1
22 1
0 1
33 4
39 3
21 2
9 2
61 3
120 3
92 1
38 2
30 2
101 4
24 1
18 1
37 3
67 2
72 1
53 2
290 36
142 3
10 1
69 4
8 1
41 3
81 3
99 4
41 3
100 1
41 4
186 3
13 4
76 1
21 1
104 6
37 1
22 1
16 6
63 1
267 9
86 3
153 2
69 1
17 6
48 3
11 1
39 2
329 6
23 3
36 1
2 2
310 6
174 6
23 2
4 1
18 1
8 3
75 3
74 1
28 2
4 4
12 1
46 12
7 2
75 1
24 2
32 2
148 1
144 1
191 3
25 1
14 3
11 2
117 2
32 2
144 6
59 1
17 1
56 3
47 1
0 1
71 3
40 8
5 2
23 2
10 1
24 1
15 1
32 1
139 6
66 1
83 4
17 1
20 3
180 1
3 1
5 1
30 2
29 1
222 18
0 1
58 1
315 1
138 18
16 1
71 1
12 6
78 1
76 8
9 2
88 4
45 4
19 7
73 1
18 2
120 21
123 2
106 1
24 1
251 2
12 1
79 2
87 2
64 1
18 3
37 5
27 5
322 3
68 1
82 7
38 2
35 1
16 1
55 2
32 1
53 11
30 1
46 2
77 1
63 1
219 2
21 1
54 252
174 27
116 1
51 2
32 1
19 1
22 4
218 1
41 1
42 1
328 1
21 1
72 5
293 6
40 1
17 5
23 1
14 1
72 3
29 2
34 2
51 2
10 3
66 4
36 1
41 1
78 1
0 1
18 10
77 1
146 1
147 2
20 2
10 2
86 3
3 8
8 3
117 7
31 1
113 2
17 1
91 1
32 1
57 2
33 3
68 1
193 6
132 1
13 1
24 3
0 1
124 7
248 66
86 9
131 1
119 2
11 3
15 14
21 3
33 1
29 1
39 1
89 2
11 3
233 2
108 1
262 12
113 3
33 1
111 1
26 12
112 3
5 1
10 1
160 9
162 3
50 1
61 3
40 31
23 2
85 2
6 1
13 1
21 1
44 1
86 30
96 1
18 5
42 6
33 1
23 3
3 9
9 1
8 1
35 1
35 1
8 1
45 1
10 1
28 1
4 7
13 1
165 9
60 3
22 1
265 10
74 17
23 1
28 1
80 1
80 28
25 3
261 2
6 1
70 2
14 1
74 2
24 2
19 1
34 1
105 1
62 1
52 6
36 6
31 1
15 1
14 1
39 1
67 1
214 30
85 1
59 2
19 1
25 1
120 1
32 10
8 1
16 1
102 1
9 2
77 1
58 1
290 1
27 1
13 2
29 1
23 3
34 6
142 30
18 3
22 1
65 3
52 3
85 1
55 1
31 2
62 2
29 2
145 2
99 3
142 1
8 1
33 5
8 1
35 1
96 3
11 2
20 2
25 1
68 1
18 1
53 1
6 1
216 10
49 1
42 6
143 2
41 10
5 3
45 1
183 1
26 4
24 3
11 1
148 4
54 2
0 1
53 2
17 1
174 12
0 1
1 1
34 3
165 12
192 1
31 1
91 3
18 3
128 55
42 1
30 1
49 2
11 1
27 1
19 5
35 3
128 1
55 1
257 9
37 2
35 2
176 3
68 1
4 3
79 1
26 1
56 1
34 2
61 2
11 1
41 5
299 5
193 2
19 2
25 1
250 1
30 1
256 1
125 2
29 4
13 1
117 10
13 1
61 2
32 15
17 1
0 1
32 1
43 5
37 4
41 5
28 1
111 2
28 1
7 2
15 2
1 3
22 2
69 1
5 7
70 1
35 2
13 2
22 7
2 1
88 2
30 1
14 2
179 2
162 14880
27 6
8 2
37 1
41 3
20 1
53 1
18 1
5 2
52 1
61 1
22 3
13 1
22 1
5 4
26 4
37 1
19 1
61 2
85 1
170 420
76 1
5 2
305 3
66 1
21 1
19 1
0 1
22 5
217 1
17 1
6 1
22 1
46 2
1 2
55 1
66 21
37 4
8 1
40 3
169 2
17 1
0 1
109 1
97 1
18 14
9 2
29 2
133 4
102 1
22 5
63 1
59 3
46 3
44 4
37 5
135 1
13 6
2 5
10 2
27 1
30 2
4 4
77 3
7 3
33 1
61 1
2 13
19 3
33 2
35 1
13 1
20 1
30 1
20 1
7 2
19 3
13 3
42 1
77 1
25 1
13 1
4 7
23 1
8 1
33 4
42 1
87 4
13 1
6 2
190 1
5 1
28 6
9 1
5 6
32 2
23 1
32 1
18 3
19 1
8 6
53 2
48 1
17 1
14 4
10 1
68 2
6 1
17 1
13 2
42 1
33 5
58 1
4 6
25 1
21 5
57 3
17 2
6 1
68 1
5 1
20 2
14 3
11 4
19 1
21 2
19 2
58 3
25 1
24 4
15 1
15 1
0 1
17 3
2 2
10 1
88 21
63 3
26 1
63 3
4 1
35 1
21 1
19 1
5 1
13 1
77 1
12 6
15 1
13 3
61 1
18 1
13 1
8 5
11 3
14 1
9 1
21 3
13 1
37 3
6 16
42 3
11 1
135 2
81 1
5 4
152 1
8 1
10 3
34 3
70 1
15 4
68 5
48 1
158 1
31 4
23 2
15 2
91 1
29 3
22 1
42 10
17 1
11 2
26 1
21 2
3 15
6 1
12 1
39 1
54 3
41 1
15 2
59 1
84 1
12 1
71 1
7 2
18 3
39 1
16 1
69 1
23 1
38 1
44 5
16 1
10 1
14 1
7 1
105 1
10 1
20 1
138 1
72 6
10 7
50 3
12 1
5 2
34 3
57 3
4 2
16 1
70 3
39 4
34 2
12 1
160 1
18 1
9 6
47 1
6 1
9 1
138 1
90 3
13 1
36 1
31 1
50 6
5 1
19 1
10 1
9 1
6 12
10 1
39 2
57 2
29 1
4 5
37 4
16 1
75 1
31 1
193 2
33 2
19 3
13 1
38 1
16 2
19 5
6 3
3 1
23 1
40 3
16 1
5 1
31 1
51 2
4 7
14 1
21 1
18 1
11 5
34 1
46 3
16 3
41 2
20 1
15 1
64 1
7 1
18 1
9 4
5 3
22 6
12 2
126 1
13 1
0 1
28 1
74 1
7 5
34 3
13 1
36 1
5 6
12 1
49 4
188 1
22 1
22 1
28 4
8 3
20 1
8 10
31 2
72 1
47 1
79 2
37 3
121 1
38 2
34 3
22 2
18 1
16 3
25 1
74 3
23 1
70 1
22 2
8 3
3 2
12 1
71 1
20 3
11 1
17 3
25 1
19 4
33 6
123 1
38 1
11 3
24 6
18 2
11 2
12 2
29 3
9 4
12 1
30 1
23 4
99 2
43 1
6 3
6 1
6 4
46 3
91 1
25 1
76 6
15 3
254 12
17 1
0 1
1 3338
2 5018
3 769
0 1
1 2048
2 3879
3 4301
0 1
1 1394
2 3154
3 517
0 1
1 1081
2 2662
3 454
3 9997
4 6663
6 6662
10 6661
3 4998
3 9996
4 2498
5 7992
450 1
115 1
890 2
221 3
246 1
78 8
2 26688
3 4659
3 99996
4 24998
3 99997
10 66661
49999 2
49999 94214
99996 786325722
199990 347957141
