3
1
0
0
1000000000
1000000000
1000000000
0
0
5
0
10
5
10
3
0
10
5
0
5
0
10
5
10
3
0
10
5
0
146595730144168239
10974087366700578
21076180420813408
183538167814754058
46751451188711820
365292306661444331
23639646046527434
40476687889457528
270663364266559542
139940820548070767
21494649603533736
100200536285688652
42378796729715960
5195123588259122
90167827480663385
49575838558393620
151815024119261998
68261767080080850
170455176693365239
107104579388181648
116289760812804154
663636971369348427
8379850810506241
78962781351158622
138335907929521702
100358054126378427
245482422756736292
5560732879123793
52683023827
29797320454
46782887032
0
0
0
1000000000
999999999999999980
8324376202087
