37329314
9806612
21857603
24004497
8974528
6001494
19140928
7713873
30678008
21506509
27108072
29908431
12992856
3645069
21815246
2440601
3829211
29069479
6564978
11660021
13677770
21131148
8277354
8235803
29540647
5934040
8561592
36438519
12053288
16968033
21506509
1101740
168112
13677770
9043769
15629641
21854026
7986568
3645069
30678008
29069479
2272085
10350390
33551412
14475870
9107374
2282723
24004497
13535426
2158734
33242822
10353126
19140928
4610396
7976033
1207746
6411844
1668284
7535984
1541463
29908431
20664931
8789676
9696583
14741940
30066277
12736511
30066277
9057895
27644378
11342095
32576504
8277354
16211116
8561592
5330549
7986568
33551412
32576504
4521979
36438519
14741940
8561592
12992856
10997942
2452172
11422742
33551412
17119505
13641271
13331023
7982290
11805196
24599046
16968033
30678008
2807790
8242336
6574894
5847162
21985857
30678008
21985857
10350390
17775866
8066713
375874
576152
3658263
25335725
29908431
36438519
7993747
3986752
12912641
15856912
1561872
8242336
9696583
12053288
26672500
21506509
16243115
5875074
11422742
2959646
5393580
9543834
12053288
5794271
18873877
9107374
8145509
11342095
14741940
30678008
6024687
10066143
11805196
18252391
25335725
4309935
8561592
7131172
5755007
11422742
2379715
9063899
12736511
9874393
5404407
8066068
5340411
21531050
15666968
13331023
27108072
7976033
9559710
1360112
29713031
3829211
4871256
21985857
9852428
10104663
6730493
11928655
25335725
7982290
10798775
8985929
6821113
1261653
7331216
4457709
25335725
24004497
15749671
5165891
8974528
25335725
7331216
30678008
6001494
8145509
14190214
7595910
29540647
5495252
21857603
34261030
6001494
20904328
10252362
14741940
10865520
4335687
7758164
3845848
5153078
19140928
7934865
17119505
13582522
36039755
6730493
8121375
13677770
16144415
29540647
9496353
6670450
16951056
3454986
7216985
15545105
21815246
24599046
2274122
9910284
19140928
1550878
7131172
13641271
8789676
8418773
2908188
16243115
14990793
14773470
3658263
2062426
25335725
12053288
14434465
3986752
1774960
2069788
10451944
3418878
6502915
21985857
33242822
5755007
2010436
7554896
11427517
2813115
10865520
16913916
8638946
14741940
10997942
14678138
20664931
3857651
1821766
1174667
12992856
7835104
8194214
21506509
2272085
25335725
36438519
3438792
11544044
32576504
3801502
14773470
7993747
11422742
6349539
16913916
20980941
26466414
10350390
27108072
7535984
12712550
6775122
1343983
7554896
11342095
9496353
15749671
3163359
995405
16308084
11928655
14434465
6734761
20128950
36039755
9763372
32576504
7535984
8626478
5161426
9625268
32576504
12151854
7126065
6670450
14434465
7934865
4610396
29540647
4398184
11928655
4521979
29713031
33242822
6670450
17119505
14434465
16913916
14773470
26672500
21131148
17119505
16968033
7206203
10660057
16144415
37329314
26672500
15225975
4610396
7690543
14475870
2073690
21506509
6567913
20980941
21815246
36039755
37329314
3418878
6564978
32200238
7075668
14434465
3432015
26672500
3649851
15225975
13669689
6358310
6821113
18252391
21131148
32200238
6209188
31201763
16211116
26672500
16913916
6001494
6730493
8700860
6479747
15225975
21985857
36039755
16243115
9625268
12173549
2786921
2303555
15856912
3986752
8985929
36039755
27108072
16968033
21815246
36438519
10783649
11422742
2338095
21854026
9899013
9107374
3786913
995405
13582522
2193137
7554896
3418878
21854026
33551412
1787109
29908431
7986568
21985857
13154423
15856912
12992856
10996197
10997942
14755376
12316434
4664698
13630948
27108072
6734761
29069479
8145509
9543834
9625268
7554896
9057895
10258540
8277354
21506509
14773470
5161426
8542087
6496920
24225290
37329314
2417657
15666968
17119505
30066277
27108072
21854026
26187351
37329314
12736511
13535426
21131148
4730101
21985857
34261030
6730493
5575273
24004497
6229229
8235803
8972569
9763372
20904328
5898584
3065679
16308084
21854026
7986568
34261030
15749671
7835104
8194214
7131172
5904255
12736511
6734761
7986568
13001090
1867668
16144415
16144415
18377568
6349539
7535984
2440601
23524797
21531050
5794271
36039755
6839868
21131148
267363
11411409
2391998
6010890
8626478
8974528
16144415
350672
9063899
32576504
4153963
21985857
8121375
29540647
29908431
25335725
24004497
17119505
1416981
7367220
3177072
6734761
7347338
5340411
11928655
5770532
29908431
12151854
27644378
11663343
568161
6024687
36039755
3432015
33551412
14475870
36039755
9874393
8066068
11660021
26187351
36438519
11928655
12853397
11663343
29229462
21854026
26672500
14434465
10473474
10996197
6411388
3432015
10497207
2190818
5575273
4457709
1566164
28309940
7535984
4807768
5297245
7835104
18377568
10473474
5103249
18252391
8242336
26466414
2807790
16308084
8626478
10660057
28309940
32576504
9543834
17775866
14741940
7005902
7028617
14741940
29713031
16211116
7535984
5847162
2690273
328161
20980941
30678008
12750874
2786921
13630948
5119125
7005902
29908431
6349539
16913916
27108072
6747181
14755376
5251392
8561592
18252391
21854026
15749671
3018278
11928655
31201763
32200238
21506509
4594178
11660021
5628196
13582522
16243115
3163359
29229462
3454986
29229462
5770532
8236835
26466414
12750874
13986265
37329314
4730101
4619783
33242822
16968033
2440601
15666968
17775866
24599046
7595910
24225290
18377568
26466414
10997942
33551412
9852428
7131172
5859055
7986568
14773470
36438519
6496920
11544044
10350390
11544044
13001090
9559710
2895399
32576504
5568367
6411388
3857651
14190214
11994375
4710016
11544044
26187351
30066277
3438792
17119505
17119505
5859055
14741940
4130666
14449961
36039755
2303555
31201763
8974528
9852428
5195696
11001648
10658490
18252391
4730101
36039755
16308084
8808026
11544044
2452172
8277354
20904328
4832161
2793262
25335725
26466414
20904328
26466414
28309940
5762069
30066277
6839868
6574894
1100029
33242822
13535426
29713031
8972569
8129212
10997942
27644378
34261030
2253161
15629641
8561592
4594178
33242822
17775866
15545105
7934865
21985857
17119505
33551412
3024395
10451944
21531050
3163359
10350390
9763372
5475405
4603984
7042546
6148156
21857603
4809753
33242822
14741940
2849218
7982290
37329314
2793262
21985857
26187351
36438519
3986752
36039755
20685445
12712550
4554410
5251392
16211116
29908431
21815246
32576504
6148156
13154423
16243115
5970336
6730493
4710016
21531050
4153963
21506509
14741940
7986568
3432015
4744934
13793131
19381025
6753999
21857603
17775866
8129212
5794271
20685445
5904255
33551412
7005902
16308084
5462537
12992856
7554896
14741940
5495252
2338095
7535984
9806612
7554896
34261030
6226208
6775122
1774960
10997942
13630948
6411388
9063899
27644378
1934572
33242822
30066277
13154423
3651684
7993747
9874393
5495252
832578
3163359
375874
13331023
21815246
14449961
16211116
8493024
7713873
6226208
27108072
10497207
5628196
6479747
12151854
10258540
36039755
9696583
11744220
5677258
5875074
4153963
10104663
8121375
24599046
16913916
2793262
11544044
7075156
17119505
21131148
6209188
3656072
2783766
30678008
37329314
7347338
3454986
14773470
9910284
21815246
721552
5794271
2391998
6839916
7331216
3408609
13001090
20664931
7005902
9496353
8626478
2274122
21506509
4449116
16968033
15545105
26466414
30678008
36438519
4149216
10473474
36039755
9543834
16951056
26466414
17775866
13669689
5762069
10066143
7554896
24004497
717614
7713873
20980941
11660021
4619783
33242822
21854026
9496353
4610396
9920108
12316434
33551412
21854026
32200238
36438519
29713031
6670450
4130666
25335725
15856912
29713031
10252362
21854026
9057895
16308084
12316434
31201763
5475405
30066277
4809753
5859055
3018278
7758164
2188958
15856912
13630948
981475
29540647
18377568
3649851
13630948
9063899
29908431
8972569
12720342
9910284
10660057
8235803
5904255
25335725
5297245
7075668
3432015
34261030
33551412
6502915
6010890
14678138
2793262
5762069
3857651
19140928
21857603
16913916
12712550
20664931
2391998
3432015
8145509
5575273
11190407
11744220
8242336
12712550
20664931
5161426
14741940
32576504
197251
6753999
2062426
9625268
7131172
29713031
5677258
27108072
20904328
26187351
12712550
9559710
14741940
37329314
25335725
36438519
6747181
5770532
11660021
14741940
8542087
11663343
4231225
28309940
8974528
2391998
13641271
9806612
33242822
21131148
12316434
34261030
2712869
4544219
27108072
37329314
18252391
12316434
755131
24225290
13641271
30066277
11805196
6148156
32200238
9397143
12316434
8235803
21506509
13331023
8066713
7367220
3438360
31201763
806079
21506509
30678008
24225290
8974528
12316434
9899013
7367220
33242822
21857603
32200238
6574894
11422742
20128950
2793262
36438519
3087028
4000867
29069479
29229462
21985857
2417657
1541463
1541463
33242822
6330490
10104663
12151854
1261653
14190214
8974528
7993747
29908431
20128950
3454986
10497207
21857603
9043769
30066277
17775866
33551412
29069479
2073690
10278441
29908431
26466414
5628196
12992856
33242822
34261030
36438519
7993747
10104663
17775866
29229462
3473742
2069788
8974528
9057895
14773470
10996197
6574894
37329314
8121375
12887556
7535984
10997942
4619783
6389359
33551412
34261030
10350390
3177072
26672500
15666968
12417604
15629641
20664931
21815246
13677770
8626478
7367220
6730493
13630948
32200238
3361284
9530341
7322317
36438519
10258540
32576504
4619783
9341635
3656072
34261030
20128950
5847162
8700860
3651684
13630948
21815246
11427517
6730493
33242822
20904328
8542087
11663343
7986568
4153963
17119505
6800492
23524797
36438519
10996197
32200238
21854026
3163359
20128950
926025
21815246
7595910
3845848
6839868
29713031
20904328
6100206
8985929
32200238
33551412
10333260
10997942
26466414
3177072
2047785
19381025
6839916
9043769
4149216
6821113
21531050
21131148
5762069
5755007
6389359
11544044
32200238
29713031
33551412
26466414
9696583
981475
721552
9397143
4871256
33551412
16144415
2391998
3457022
10353126
28309940
7075156
33551412
2440601
19381025
29229462
8985929
5904255
9696583
5898584
21854026
12992856
36438519
27644378
12712550
18873877
10865520
33551412
15666968
9666616
4306680
19140928
21857603
8235803
8371517
15749671
7986568
7986568
6753999
6148156
26187351
6670450
7403466
7986568
13986265
14449961
9696583
21815246
10258540
16968033
29540647
13641271
6574894
8066713
4807768
926025
26466414
8561592
5393580
21506509
8194214
1867668
20904328
2417657
37329314
1757358
1620940
9625268
29229462
5628196
10258540
10660057
16913916
2786921
12173549
21985857
21506509
16211116
33242822
3418878
11411409
28309940
6800492
3024395
3408609
23524797
3438792
11342095
4242473
21815246
21506509
3065679
29069479
1627585
13641271
2440601
11928655
30066277
29069479
4398184
5794271
9763372
6676771
9530341
7347338
18873877
32200238
19140928
29713031
1358722
11422742
21857603
7986568
10451944
9899013
1644571
16308084
12720342
17775866
6800492
19140928
27108072
3986752
14190214
26672500
8974528
21815246
1597168
36438519
13001090
11744220
14190214
11411409
17119505
26672500
24004497
7367220
7042546
1781365
6389359
33551412
1341090
14190214
3163359
4457709
5393580
11660021
7986568
5475405
6670450
9057895
11805196
10997942
29908431
31201763
13986265
20904328
15666968
6567913
5251392
6670450
14741940
27644378
21131148
5462537
25335725
3408609
7347338
21531050
21857603
15856912
36438519
6775122
5794271
10278441
14741940
37329314
29540647
2267798
10996197
7848455
33242822
24004497
19140928
5161426
7331216
2440601
33242822
11994375
12736511
10451944
7713873
14678138
14724031
8974528
877119
11544044
37329314
10951032
4730101
7535984
7347338
31201763
37329314
16308084
7835104
17775866
21531050
10865520
806079
8371517
26187351
8808026
31201763
32576504
5833042
11190407
31201763
10473474
20664931
10353126
11660021
8626478
28309940
10660057
3438792
14990793
2158734
23524797
9057895
5251392
11427517
13641271
8985929
14475870
10278441
26466414
3786913
33242822
4730101
8542087
29229462
13669689
2786921
14678138
20904328
29540647
27108072
1561872
7758164
20664931
20664931
11663343
3893963
11928655
7758164
6567913
4603984
13986265
1247401
16211116
10783649
2953571
20685445
16243115
542010
827899
5251392
15856912
2508888
10278441
27108072
6747181
10350390
13986265
24004497
12853397
16211116
3658263
14773470
26187351
11660021
11001648
8700860
5475405
32576504
13154423
5794271
10997942
6821113
33242822
10658490
33242822
5970336
10350390
1541463
1541463
6670450
4544219
21531050
15225975
6747181
10660057
8561592
2913143
21857603
21131148
13630948
32200238
11342095
4710016
16211116
12853397
13793131
10798775
7216985
9666616
7986568
10258540
23524797
9496353
8626478
32576504
11928655
24004497
6330490
10996197
9043769
5251392
15629641
29229462
33242822
6839916
4809753
12750874
6361530
9763372
12912641
12912641
32200238
24004497
2073690
12736511
37329314
6411388
7331216
7986568
7982290
13331023
20685445
14755376
16951056
10865520
4457709
8808026
23524797
36438519
6028045
4594178
14755376
29713031
10497207
4306680
5859055
4710016
2378164
10997942
21857603
14449961
6001494
19381025
3454986
21131148
5393580
576152
14724031
21815246
1774960
2452172
6734761
15225975
12992856
15749671
6496920
29069479
8972569
8194214
20904328
9496353
10473474
33242822
26187351
27108072
3024395
26672500
20664931
10951032
6001494
9543834
36438519
29713031
4594178
10996197
10951032
30066277
9666616
13582522
2452172
2190818
9559710
9397143
8561592
7260077
11544044
21854026
24225290
29908431
24599046
3163359
19140928
9043769
8974528
27108072
12720342
13001090
21131148
6502915
11411409
3065679
33242822
14724031
25335725
14434465
2440601
3418878
21985857
16951056
21531050
14449961
29713031
1867668
4449116
27108072
8831557
3857651
3706348
4398184
6001494
15666968
19140928
4014897
4000867
30066277
12417604
11411409
7595910
328161
16913916
29713031
3454986
29229462
2452172
33242822
7206203
10066143
13630948
15629641
2188958
16243115
7131172
5833042
11928655
12720342
5165891
4000867
8277354
12053288
21531050
4544219
16308084
21131148
4544219
11190407
29540647
8542087
18377568
1985014
4149216
16308084
7218898
12992856
32576504
11928655
20980941
13669689
6010890
1541463
27108072
6747181
7218898
6800492
20980941
12736511
5794271
8985929
2118140
1541463
832578
2391998
10350390
10353126
9397143
5628196
24004497
20685445
2148806
10658490
20664931
21531050
12720342
16968033
5063836
11744220
29908431
30678008
5096181
21985857
32576504
26466414
4664698
14773470
4149216
10333260
3986752
20980941
12173549
28309940
5330549
15749671
5462537
12750874
4457709
32576504
9989816
9852428
2913143
9107374
12853397
31201763
13793131
30066277
599341
28309940
6389359
991713
6010890
9063899
12720342
6839868
11663343
8129212
7126065
31201763
26466414
14773470
36438519
11663343
1781365
13001090
5195696
21815246
18252391
25335725
2569787
3018278
27644378
15749671
14741940
27108072
1178887
3454986
7986568
12750874
20664931
8985929
29540647
13793131
29229462
4398184
5119125
5495252
6226208
11544044
12887556
5103249
5575273
36438519
29908431
24004497
21854026
5153078
16144415
4710016
7986568
6730493
16144415
7005902
29908431
36039755
6821113
31201763
31201763
2690273
31201763
29540647
3706348
5462537
11660021
7331216
28309940
23524797
11422742
12417604
7028617
19381025
18377568
4335687
4306680
10473474
10383802
11805196
11342095
33242822
21857603
13793131
21857603
31201763
2972947
2813115
20664931
4000867
21531050
29069479
10451944
4149216
16308084
30678008
30066277
2148806
14755376
2194430
8831557
7028617
21985857
1411108
8974528
27644378
10473474
2440601
18873877
33551412
7218898
9666616
21506509
2148806
14475870
21131148
34261030
8638946
16913916
15629641
7986568
33551412
1174667
9543834
6730493
20980941
29229462
21857603
5495252
5297245
12260825
18377568
1246165
20128950
7075668
24225290
17119505
32200238
33551412
26672500
12712550
9341635
6753999
4918107
13582522
30066277
831347
12417604
15629641
29229462
7591781
14773470
6502915
2417657
15225975
15666968
32576504
26466414
6479747
9341635
20685445
20664931
7993747
8972569
1095972
328161
8145509
9530341
21531050
30066277
19140928
8561592
4809753
36438519
9043769
21131148
8974528
9874393
30678008
9696583
20685445
11660021
11744220
5677258
8145509
7331216
21131148
14678138
11744220
10104663
6411844
5875074
3454986
2813115
9530341
33551412
9666616
12992856
19381025
34261030
3438792
33242822
10333260
25335725
7028617
10066143
4610396
21857603
27644378
2959646
1048019
24225290
36438519
26187351
32576504
12720342
831347
5103249
27108072
9989816
3603113
8972569
4807768
3986752
11744220
10996197
7260077
33242822
29069479
7367220
36438519
7591781
13986265
10350390
6564978
5875074
9057895
1029316
6349539
7322317
25335725
16913916
9107374
36438519
10350390
36438519
7322317
991713
27108072
13001090
21506509
30678008
14755376
3940773
14678138
21854026
5575273
32200238
17119505
21985857
5297245
11928655
26187351
14434465
14434465
1668284
2158734
20980941
1597168
10660057
27108072
8974528
986660
33551412
34261030
29229462
10353126
8974528
26466414
12887556
9559710
16211116
11001648
6753999
37329314
4180013
9496353
6229229
26466414
21985857
7986568
14724031
1358722
8235803
8371517
28309940
21857603
7535984
30678008
14724031
33551412
7535984
21815246
7690543
37329314
13535426
30066277
5990318
20664931
30066277
5119125
2953571
11001648
16211116
29229462
21506509
15856912
7758164
32576504
10258540
29713031
16243115
9496353
27108072
8831557
17119505
17119505
11928655
6821113
17775866
13793131
26672500
14755376
13793131
10066143
3163359
30066277
14755376
9043769
13331023
13793131
467859
9806612
7075668
11660021
8985929
8493024
30066277
8418773
33551412
26187351
20664931
3024395
3829211
9696583
5847162
16211116
5990318
30066277
10497207
12720342
981475
29069479
8242336
6226208
9543834
12992856
1261653
9496353
5628196
21131148
30678008
26187351
36438519
36039755
6349539
8066713
9530341
15856912
8145509
9899013
27644378
18377568
7028617
33551412
16144415
17119505
20664931
9696583
6028045
8789676
15749671
33551412
10951032
3418878
16951056
12712550
21531050
36438519
24599046
33551412
6148156
3656072
8418773
4180013
6028045
16913916
1184797
16211116
4306680
16968033
15545105
4521979
11744220
2848126
27644378
21815246
30066277
36438519
21857603
6839868
33242822
32200238
16913916
2069788
1541463
27108072
18252391
15666968
17119505
13677770
27644378
6411388
14434465
3986752
33242822
6574894
32576504
25335725
20904328
6574894
11744220
3163359
6670450
24599046
6411388
8277354
23524797
11544044
2118140
1095972
13793131
7976033
5475405
5568367
20128950
37329314
34261030
12173549
8418773
10350390
5475405
5847162
7986568
9063899
9530341
721552
7369324
2813115
14678138
5340411
10660057
17775866
33242822
36039755
14773470
21985857
8972569
32200238
5462537
71066
36438519
16968033
5794271
9043769
10066143
10783649
14475870
11994375
10997942
18873877
5103249
18377568
4149216
29069479
8066068
17775866
3857651
4335687
10865520
6753999
11190407
4231225
6411388
8066068
25335725
5850102
14434465
27108072
7218898
36039755
10497207
6244180
2959646
29229462
7835104
8066068
8972569
6028045
12151854
8542087
5904255
7848455
27644378
6479747
7075156
2417657
2047785
10660057
9696583
6209188
29908431
7535984
10997942
2685491
3163359
7848455
16951056
7216985
30678008
37329314
12736511
8194214
8972569
9341635
12151854
3432015
11544044
12853397
11660021
14773470
32200238
33551412
7595910
1177060
31201763
24225290
2655787
9057895
5628196
20685445
7028617
29540647
6800492
11342095
4242473
10353126
12887556
5153078
36039755
20685445
18873877
6670450
6358310
12992856
6496920
27108072
33242822
7403466
5628196
12887556
4544219
827899
26466414
9625268
7535984
11544044
11928655
15545105
36039755
8985929
3645069
5575273
18252391
31201763
5628196
31201763
10798775
32200238
8371517
4710016
4807768
15856912
21131148
11660021
13669689
2128198
10951032
29713031
4871256
9559710
27644378
13154423
12992856
13669689
33551412
24004497
33242822
36039755
15629641
33551412
20904328
16211116
2122019
26672500
27644378
1938554
7403466
4603984
2122019
10997942
7403466
24004497
19381025
721552
1542433
32576504
9530341
16913916
2234196
8972569
1627585
13001090
11190407
12260825
16211116
3418878
9496353
20128950
14755376
806079
16951056
6479747
33551412
6747181
20980941
10353126
36039755
1048019
13986265
12853397
8638946
14773470
31201763
2303555
13641271
9920108
12720342
21531050
13582522
7367220
6839916
599341
25335725
29908431
1781365
4449116
3438360
21531050
6753999
5103249
36039755
21857603
21854026
1985014
5340411
2793262
21506509
36438519
36438519
20904328
14678138
21531050
1541463
8972569
7986568
21531050
5847162
10660057
16308084
1644571
4619783
3408609
36438519
21857603
27108072
4309935
9696583
3438792
807342
14990793
6229229
21985857
33551412
3163359
8371517
11001648
36438519
7216985
32576504
599341
16211116
6574894
13001090
17119505
4807768
8277354
7535984
10252362
12887556
4832161
26187351
24225290
5847162
9496353
37329314
11744220
6226208
20980941
15225975
37329314
37329314
6001494
11190407
7218898
7331216
13535426
5875074
8789676
10451944
3408609
8985929
15749671
8236835
24004497
13793131
4871256
16243115
32576504
14190214
8808026
7690543
13641271
5898584
11411409
6411844
20685445
6148156
8145509
991713
8789676
5770532
6574894
13641271
7347338
11663343
15545105
12853397
14724031
25335725
4309935
8626478
14475870
24599046
8194214
1343983
24599046
7835104
5833042
1064759
14990793
3163359
5677258
12151854
16913916
20980941
37329314
13669689
3087028
13331023
15225975
6389359
30066277
10798775
4730101
12417604
15666968
29908431
27644378
24225290
20980941
14741940
29069479
827899
7322317
8242336
30678008
6753999
7993747
16308084
10658490
24599046
33242822
11744220
27108072
21131148
16144415
14990793
27108072
4251439
8561592
10066143
29540647
16951056
28309940
6800492
4072567
21854026
9107374
33242822
11928655
33242822
10350390
32576504
20664931
11928655
13793131
8121375
3924469
21985857
6411844
26466414
7322317
3857651
12887556
16913916
7347338
4807768
3645069
5859055
24004497
3454986
32200238
8129212
6747181
14449961
15225975
20664931
36039755
8972569
7535984
16308084
6411388
32576504
14724031
13535426
20664931
2953571
4040192
27644378
7986568
24225290
34261030
3454986
16243115
12750874
6564978
6001494
34261030
25335725
4398184
8129212
6800492
7986568
8789676
31201763
10658490
21506509
19140928
15856912
11744220
26187351
10383802
5859055
3706348
3801502
4544219
7986568
4730101
17119505
6209188
6330490
9496353
4664698
21857603
11744220
1541463
1938554
2793262
13793131
15666968
5404407
2694195
19381025
29713031
25335725
13641271
7260077
27108072
1174667
5297245
7986568
12720342
4449116
20904328
21506509
37329314
17119505
16211116
4231225
9874393
16913916
12260825
14724031
8638946
9696583
6209188
16951056
33242822
5153078
21854026
36438519
12736511
8066068
6775122
3457022
23524797
29908431
7403466
12316434
29908431
30678008
3986752
33551412
7042546
12912641
7367220
11422742
12992856
8371517
5153078
11001648
3940773
17775866
10865520
6226208
21815246
4832161
11342095
6567913
36438519
27108072
6100206
14475870
13793131
26187351
20128950
4603984
5762069
3065679
10951032
29540647
2786921
3656072
21506509
21506509
37329314
4807768
24004497
21985857
21857603
9043769
7075668
29069479
36438519
8194214
15666968
14678138
16144415
5898584
18252391
10278441
6024687
14741940
6730493
6747181
13630948
4149216
6564978
2417657
13331023
5904255
4231225
10865520
4231225
8129212
2190818
32576504
21854026
4014897
5794271
14190214
2807790
755131
7403466
33551412
12912641
14990793
15856912
30066277
5063836
7206203
33242822
20128950
3418878
7595910
13582522
16968033
26466414
4544219
16913916
3408609
36039755
36438519
6148156
3845848
10383802
5462537
1561872
5755007
4398184
21506509
15856912
29069479
1654051
21985857
34261030
33242822
15749671
14755376
14741940
7367220
2393911
9920108
12316434
16243115
21985857
5794271
24599046
7758164
9559710
1561872
33551412
4619783
1352348
3986752
1668284
30678008
2073690
4449116
9559710
30066277
7131172
4335687
467859
749023
8242336
7331216
986660
8277354
6821113
36039755
13001090
5340411
4918107
4544219
11928655
7976033
28309940
11422742
11001648
6734761
3432015
28309940
4514397
9063899
10350390
5762069
14678138
16211116
24004497
12720342
27108072
11544044
30066277
10997942
3002167
11660021
16308084
12720342
20904328
27108072
18873877
7986568
16211116
9696583
5898584
6229229
7993747
12712550
7535984
2253161
11342095
4594178
36039755
10660057
13582522
29540647
21985857
4130666
5628196
7835104
4149216
13986265
9397143
21131148
33551412
2440601
14678138
16913916
5195696
11427517
29069479
13986265
32200238
23524797
34261030
8242336
24004497
2569787
10451944
37329314
26466414
16308084
12992856
32200238
5195696
20980941
9397143
16211116
24004497
13641271
1411108
15666968
6229229
33242822
12720342
2630228
29069479
10473474
4619783
10278441
3454986
10252362
7535984
9341635
7934865
8974528
12712550
4398184
4554410
13535426
7835104
32576504
33242822
3658263
33551412
24599046
10658490
11342095
29540647
21506509
6010890
4832161
10066143
1343338
13630948
16968033
10350390
8638946
7713873
26672500
30678008
3893963
12750874
20904328
4594178
7367220
3163359
15629641
6839868
20664931
36438519
6502915
6800492
3163359
33551412
5628196
1323727
2272085
5794271
10350390
4335687
1171400
4603984
4335687
8235803
18873877
5762069
13793131
15629641
7835104
10865520
16308084
4149216
30066277
8066713
13582522
3418878
33242822
26466414
17119505
20128950
9341635
29229462
36438519
34261030
12853397
36438519
10333260
8493024
16211116
13641271
24599046
15545105
34261030
10278441
4449116
15666968
6229229
5103249
27644378
8066068
17775866
24599046
5875074
8066068
6734761
11744220
24599046
5568367
21854026
16144415
16144415
14741940
17119505
25335725
20128950
24599046
2190818
1411108
13535426
11928655
5462537
20904328
29540647
15545105
33551412
7554896
10996197
8789676
9496353
2694195
2813115
981475
32200238
4414342
16913916
1627585
12316434
9063899
20685445
21857603
12853397
21131148
11001648
29908431
3829211
13582522
20980941
14741940
5096181
3361284
21857603
32576504
355439
18377568
21985857
7993747
3438792
4130666
9496353
13630948
9763372
6244180
24004497
5833042
18873877
2158734
30678008
7131172
4514397
2959646
13630948
8371517
16308084
10996197
9496353
12912641
9989816
26466414
6349539
36039755
5770532
26187351
18252391
30066277
7403466
20980941
26187351
20685445
8974528
14678138
9063899
5794271
29069479
3786913
13630948
24225290
14678138
15225975
33551412
9559710
21131148
4306680
30066277
10451944
28309940
3801502
9043769
21815246
36438519
17119505
4807768
4544219
33551412
20980941
10951032
36438519
10497207
1174667
13331023
6148156
9397143
24004497
29229462
37329314
21506509
7218898
2252291
10473474
34261030
12992856
328161
4040192
5475405
5770532
24004497
15749671
12992856
33551412
16913916
32576504
6330490
24004497
18377568
24225290
29908431
36039755
16211116
1654051
7982290
8789676
21854026
4918107
13535426
1174667
26187351
10333260
13669689
13793131
4544219
2073690
6330490
30066277
12712550
9530341
12260825
8194214
9496353
6747181
30066277
9806612
8277354
30678008
7216985
8626478
9341635
11544044
21506509
4398184
16951056
11544044
27108072
13669689
13154423
13001090
5628196
9496353
16968033
21531050
32576504
4040192
14475870
20904328
1541463
26466414
9625268
6574894
16243115
11744220
15666968
1442288
2417657
3454986
4398184
17119505
6747181
12260825
20664931
12992856
36039755
6839868
36039755
3457022
7993747
3361284
8242336
1277386
21506509
2379715
6670450
12992856
11427517
1668284
3454986
25335725
10383802
14434465
8972569
16144415
18873877
9397143
16308084
13793131
7075668
10252362
21854026
8194214
14755376
7075668
17119505
9989816
6024687
16913916
25335725
14449961
21531050
5970336
4153963
20664931
21531050
5898584
7986568
13677770
7591781
1177060
6730493
5990318
1938554
7403466
8789676
11544044
2793262
2508888
11928655
6775122
26466414
2786921
27644378
4130666
21815246
20664931
7131172
13535426
36039755
9543834
21857603
4832161
4398184
5770532
8371517
6670450
14475870
21531050
20664931
30678008
2272085
12316434
21854026
7554896
4242473
24225290
20128950
7835104
5330549
1341090
2712869
7591781
7986568
328161
7713873
18873877
13641271
6502915
16951056
12750874
16308084
7260077
31201763
20685445
24599046
13001090
3658263
10996197
8974528
1755459
24004497
9530341
31201763
12417604
11427517
4457709
2630228
12712550
13793131
4060605
5297245
3163359
21131148
25335725
28309940
30066277
5462537
8066068
4544219
18873877
5251392
32576504
24004497
5495252
8831557
14434465
8242336
29069479
36438519
7982290
542010
4514397
27108072
2849218
5153078
36039755
8700860
13582522
12992856
8831557
10333260
21857603
2913143
36039755
5898584
12887556
9559710
12316434
27108072
14190214
15629641
21815246
24225290
13582522
14741940
10278441
5755007
9559710
9496353
6244180
4449116
6676771
20664931
29908431
8145509
5628196
7367220
29908431
24599046
3706348
20664931
19381025
8129212
27644378
11744220
14990793
26672500
8974528
10350390
13641271
32576504
8066713
8145509
30066277
5153078
8145509
5462537
33551412
1100029
12712550
11805196
33551412
11544044
5063836
5475405
15629641
20980941
6010890
2452172
4610396
21854026
9043769
3857651
30066277
5119125
5770532
27108072
10278441
16913916
5251392
17119505
24599046
5970336
9852428
2630228
2391998
10104663
7848455
7758164
7535984
27108072
16968033
30066277
10350390
25335725
29540647
2417657
15545105
2270571
16951056
11660021
4153963
30066277
27108072
26672500
16211116
10066143
12053288
1867668
6148156
21815246
21815246
21531050
3432015
5103249
32200238
2122019
36438519
8831557
9496353
14773470
9874393
20980941
1541463
8129212
2158734
13001090
10473474
9496353
13630948
10278441
18252391
10951032
4180013
37329314
5677258
14434465
12853397
5875074
10658490
15666968
15545105
37329314
21506509
5063836
8974528
12912641
29069479
11001648
17119505
29229462
10996197
10996197
33551412
9496353
10333260
13331023
9696583
33551412
9043769
6411844
5934040
9496353
25335725
13582522
3432015
19381025
10252362
5063836
3940773
7758164
29229462
10658490
8626478
1597168
9559710
9696583
11994375
9397143
1781365
8236835
21531050
3432015
721552
2062426
12992856
14741940
7331216
21857603
17775866
8974528
9920108
2630228
8638946
4610396
13535426
13793131
11744220
5898584
24225290
9852428
5898584
10350390
17119505
1343983
2338095
4449116
15545105
24004497
328161
1644571
8066713
21985857
11660021
5153078
12260825
2410571
17119505
20664931
4594178
9559710
10353126
28309940
2786921
27108072
4807768
5875074
32200238
8972569
16243115
7206203
15856912
7986568
7993747
3408609
6479747
20664931
21985857
14434465
8418773
16913916
6670450
6001494
2630228
4730101
20904328
29908431
9397143
7835104
2694195
9043769
21854026
17119505
21506509
6496920
11001648
4619783
2569787
604694
12750874
4398184
13582522
15666968
11544044
20904328
5096181
32200238
29069479
4664698
8985929
2569787
10497207
2158734
8145509
9920108
9496353
5859055
4251439
28309940
17775866
7028617
10473474
29229462
27108072
24225290
4449116
11422742
32576504
3986752
21985857
6676771
10996197
6496920
7216985
13793131
9763372
7982290
6502915
20685445
36039755
25335725
29229462
4514397
13331023
18377568
4514397
9496353
2908188
9696583
26466414
835186
26466414
7218898
6001494
21854026
6479747
4309935
1787109
4000867
6209188
6001494
29908431
3438792
7758164
6800492
27108072
3024395
4918107
6010890
7554896
12260825
36438519
24599046
10104663
29908431
4521979
31201763
4130666
27108072
14724031
11663343
6839868
8194214
6229229
21985857
9063899
16968033
506802
14678138
10333260
27644378
7934865
9696583
2440601
8831557
6496920
12173549
12992856
24225290
12736511
26672500
4918107
29540647
16243115
7982290
20980941
27108072
6010890
4521979
11544044
16951056
3658263
3893963
6670450
30066277
10783649
27108072
7042546
10473474
34261030
11544044
10660057
15225975
24225290
25335725
2118140
5898584
12173549
5898584
16243115
3656072
30066277
25335725
11422742
1867668
36039755
458144
18377568
30678008
27108072
17119505
14741940
5762069
12053288
33242822
32576504
5898584
1029316
25335725
27108072
14990793
10798775
7218898
2158734
8235803
7216985
36438519
11342095
11544044
33551412
7835104
9852428
10350390
20980941
6479747
29229462
20664931
7835104
30678008
14724031
28309940
18377568
3087028
6411388
9057895
20685445
8974528
3438792
5153078
20685445
7986568
15545105
15749671
30678008
4014897
12912641
4514397
14990793
7367220
7126065
6349539
33242822
9852428
8066068
15856912
27644378
26466414
14678138
21857603
7075156
6100206
24225290
30066277
37329314
12853397
32200238
14678138
36039755
34261030
1542433
33242822
7934865
7028617
16144415
12316434
14990793
3893963
8418773
6389359
26672500
12712550
15545105
20128950
10497207
9666616
7206203
7690543
6209188
10996197
7835104
9496353
7835104
16144415
3418878
4610396
5495252
10350390
3706348
8418773
18873877
6747181
29908431
8121375
8542087
19381025
27108072
13001090
5165891
14190214
7322317
7028617
5475405
3924469
11544044
9852428
16913916
3432015
5762069
30066277
34261030
4414342
9496353
26466414
14755376
6747181
7535984
27644378
7993747
717614
16211116
8066713
13986265
1341090
6100206
10997942
11544044
16308084
26466414
11342095
1360112
15856912
9874393
5251392
20128950
18873877
16243115
28309940
4153963
7206203
4664698
36039755
5251392
16144415
10333260
3065679
3432015
21131148
20904328
13331023
5898584
29229462
6502915
11342095
4744934
28309940
13001090
21857603
26187351
29069479
1541463
16243115
14741940
10066143
9666616
19381025
2410571
29908431
26466414
3177072
268246
13001090
11928655
21506509
13331023
11544044
4309935
12173549
14741940
16968033
13986265
14678138
4335687
15666968
5898584
16968033
5251392
4130666
21857603
37329314
3024395
16144415
13154423
7075668
10350390
30678008
1487011
13630948
10066143
2379715
29908431
12260825
29908431
10451944
33551412
27108072
3940773
9874393
21531050
24599046
20980941
7131172
7075156
26187351
23524797
4832161
30066277
9559710
6839868
24004497
29908431
29908431
16308084
7835104
27644378
5898584
13793131
9063899
21857603
21531050
33551412
18252391
15856912
16308084
9107374
20128950
12712550
13535426
20664931
6574894
2807790
18252391
2569787
15666968
26466414
26466414
33551412
8418773
3603113
33242822
11663343
7690543
4000867
8242336
9666616
2440601
11427517
20904328
28309940
29908431
34261030
8242336
6670450
29229462
6411844
31201763
7976033
7982290
8194214
12720342
11422742
14724031
29069479
6730493
11190407
23524797
27644378
36039755
4072567
1171400
7986568
37329314
12887556
14755376
3065679
8561592
14773470
12992856
14724031
9666616
6574894
2440601
30066277
2959646
16211116
13793131
30066277
3432015
33242822
12316434
27108072
21857603
16913916
26466414
14741940
5898584
4060605
7075668
20685445
8145509
37329314
3065679
29540647
21985857
18252391
4832161
24599046
7591781
10353126
16243115
10473474
6100206
5340411
9496353
29069479
33242822
7986568
4040192
2270571
29540647
17775866
7075156
13535426
21815246
12853397
14190214
7369324
3177072
9625268
7690543
26187351
7554896
9874393
8418773
21815246
10451944
15666968
8121375
14475870
36438519
15666968
8129212
33551412
21857603
29540647
8974528
6100206
32576504
4832161
24599046
1487011
34261030
542010
14190214
5628196
5096181
831347
6389359
2972947
26187351
20664931
12173549
36039755
8974528
5119125
4544219
6411388
17775866
8242336
21857603
26187351
4149216
6839868
8638946
19381025
13793131
13582522
21985857
29540647
16144415
12720342
7986568
14724031
29540647
21506509
926025
26187351
6670450
458144
12912641
7535984
6411388
8808026
23524797
15856912
21857603
9696583
10997942
3024395
21506509
19140928
34261030
2972947
18377568
25335725
20128950
33242822
14678138
5393580
4309935
11544044
16968033
26466414
568161
8236835
8626478
19381025
33551412
15749671
16308084
36438519
18252391
16913916
18873877
4619783
604694
9063899
24225290
12992856
4918107
7218898
37329314
9899013
2953571
13793131
10451944
7028617
13154423
24225290
467859
4544219
32576504
11544044
6100206
30066277
9496353
4807768
5475405
8542087
30066277
5770532
553263
6670450
9920108
14678138
168761
7075668
12736511
20980941
31201763
6349539
3893963
8145509
5762069
21815246
9852428
7986568
7403466
7758164
25335725
604694
10353126
32200238
21857603
26466414
13001090
14773470
8972569
21506509
20904328
7131172
14434465
6730493
9559710
1246165
16951056
4457709
16968033
7986568
4610396
9063899
13641271
11744220
2972947
13582522
10350390
6244180
10278441
4871256
5847162
16308084
10798775
25335725
9920108
34261030
20128950
6361530
36438519
4060605
3024395
6349539
19381025
20980941
11928655
7028617
8626478
3432015
36438519
831347
29713031
11427517
11928655
3438360
1536890
10333260
10497207
29908431
26672500
5970336
1277386
29713031
8194214
13986265
3786913
24004497
7331216
33551412
33551412
7595910
18252391
3418878
24004497
30066277
1757358
7331216
12417604
29908431
7982290
15225975
9496353
7347338
1934572
16951056
14449961
12887556
17119505
12417604
26187351
9899013
32200238
36438519
5875074
20664931
8638946
29540647
26187351
17119505
6567913
3096033
8121375
9899013
7131172
16308084
8985929
3018278
26466414
29908431
24004497
2338095
8638946
5847162
8638946
29713031
16211116
24225290
10258540
3361284
7835104
11660021
15666968
36438519
9057895
10451944
20128950
10997942
4306680
9920108
5898584
9043769
2972947
6775122
21506509
12992856
8700860
9107374
14741940
29229462
3408609
7848455
6349539
7835104
15666968
14678138
7403466
4807768
18377568
12992856
9666616
4335687
13154423
16951056
24004497
4398184
29908431
24004497
5063836
1220687
8145509
2972947
1536890
4619783
6349539
4807768
26466414
33242822
8972569
15225975
30066277
5495252
15666968
34261030
10783649
4072567
2338095
10658490
832578
7554896
6100206
4744934
4060605
30678008
9806612
3454986
33551412
37329314
7131172
5859055
7331216
4619783
9043769
6839868
4521979
28309940
3706348
3418878
5794271
21854026
12720342
24225290
18873877
6821113
3845848
26187351
33242822
10473474
20664931
9899013
29713031
9063899
21985857
9899013
21531050
18377568
14475870
10996197
26187351
36039755
5762069
14741940
24599046
3473742
3065679
24599046
30066277
5898584
2786921
15666968
26187351
12853397
13535426
2338095
7986568
10660057
1100029
9763372
5677258
7554896
20128950
13630948
14741940
7322317
9806612
3438792
6800492
8371517
4809753
6676771
2417657
16243115
5568367
13331023
36438519
8277354
7986568
14773470
21815246
3656072
26466414
33242822
3857651
24225290
37329314
30066277
9530341
29908431
3065679
30066277
7028617
21985857
23524797
27108072
8418773
11544044
15749671
6229229
3940773
8371517
4130666
5462537
2047785
7347338
24225290
5495252
21531050
20980941
37329314
3065679
10996197
11427517
36039755
33551412
17119505
16913916
9625268
599341
10353126
9043769
17119505
7758164
6028045
27108072
15749671
12750874
29229462
16968033
36438519
9696583
3473742
2569787
4544219
5251392
15545105
1867668
33551412
30678008
7322317
10350390
2630228
12260825
8194214
13793131
6502915
18873877
1541463
4153963
13582522
11744220
36039755
26672500
27108072
806079
7322317
16308084
37329314
29540647
9899013
24599046
5297245
2194430
13677770
33551412
3065679
13677770
21506509
16951056
31201763
10066143
14449961
31201763
33551412
5063836
10951032
16144415
20904328
12912641
27644378
6800492
21531050
29229462
11660021
14990793
3087028
32200238
17775866
36438519
6028045
19140928
2391998
36039755
9397143
14475870
8974528
26466414
9852428
12912641
16211116
11660021
9696583
6496920
12260825
21857603
4398184
599341
7206203
14773470
926025
1566164
926025
4918107
6567913
12417604
6839868
806079
16211116
4807768
20904328
21854026
7554896
4809753
36039755
33551412
1174667
10451944
36438519
21506509
6001494
33551412
4619783
1938554
31201763
1824721
33551412
10997942
10350390
12992856
37329314
21531050
18252391
14475870
5770532
13154423
9559710
29069479
7986568
16968033
28309940
34261030
8626478
37329314
20904328
21985857
7835104
36039755
33551412
13630948
37329314
4619783
32576504
5875074
27644378
10104663
12173549
18377568
12912641
24004497
4730101
21815246
11422742
13331023
9543834
17119505
11928655
14724031
10473474
17119505
10278441
16211116
21854026
7005902
15666968
7331216
16211116
13986265
11994375
7331216
1171400
31201763
3408609
19381025
30066277
14678138
1360112
21131148
30066277
7934865
14190214
36039755
28309940
14190214
6226208
4544219
10350390
4449116
8145509
10473474
5153078
5628196
4242473
168112
5794271
6800492
2452172
24004497
30066277
14678138
11744220
20685445
11928655
10353126
6024687
1261653
24225290
1923667
806079
30066277
8789676
34261030
6148156
2440601
29540647
4832161
1541463
26187351
25335725
14434465
4619783
7986568
8277354
9989816
30678008
13669689
4521979
14190214
6730493
2786921
30066277
28309940
7713873
6479747
32200238
8985929
10333260
29540647
21531050
16913916
21854026
10473474
10865520
4153963
8066068
14449961
21815246
16913916
467859
20664931
14434465
6670450
2807790
9910284
9107374
27644378
16211116
32200238
2253161
21857603
29229462
7993747
6839916
18377568
4149216
21854026
20128950
16951056
13331023
6389359
24225290
13630948
1787109
16243115
5875074
12992856
29069479
14190214
4664698
17119505
6411388
18377568
33242822
32200238
8371517
6502915
12720342
16951056
33551412
4398184
13154423
10104663
5153078
5568367
37329314
3924469
17119505
4149216
18377568
9806612
7005902
10798775
20685445
29713031
27644378
9107374
12750874
17775866
12260825
14773470
6747181
7331216
11663343
11805196
16308084
8974528
3177072
2253161
5770532
6361530
34261030
6564978
4594178
7982290
4807768
4449116
21506509
9496353
4153963
5575273
21531050
21985857
5970336
21857603
36438519
7403466
30678008
8242336
8808026
6411388
16243115
26187351
18252391
568161
3438360
9874393
7591781
11744220
4610396
6229229
7591781
33242822
14741940
10865520
16243115
8371517
7982290
1536890
36438519
14741940
21131148
10350390
20128950
7934865
16211116
13641271
11001648
13793131
9496353
20685445
28309940
1565069
3054683
533962
21854026
6209188
33242822
14475870
1620940
10997942
9530341
7993747
16968033
37329314
2338095
3986752
9341635
8236835
9559710
7591781
4155840
21815246
3065679
13986265
21506509
10451944
8145509
37329314
5568367
33551412
7347338
6839868
29713031
6574894
21506509
12912641
12316434
6502915
1541463
5755007
3940773
12992856
17119505
12260825
12260825
6330490
29540647
30678008
33551412
1360112
20685445
721552
5340411
21854026
1411108
16951056
23524797
29069479
11544044
27644378
29540647
10383802
2452172
11744220
26672500
16144415
1620940
29908431
12750874
806079
981475
4449116
21854026
20685445
2193137
11928655
5575273
10660057
20664931
32200238
33551412
28309940
29229462
13677770
33551412
21985857
3454986
32200238
20664931
13677770
16951056
3408609
7713873
13669689
5195696
37329314
30678008
15666968
1174667
26672500
2440601
7690543
19381025
19140928
7934865
26466414
7218898
24599046
10451944
10660057
6821113
7403466
9625268
6028045
9530341
17775866
16913916
1360112
9063899
11660021
11928655
7126065
9496353
6800492
15666968
32200238
27108072
34261030
13630948
11427517
7028617
7331216
6411388
5161426
7993747
168112
21854026
59510
9899013
10451944
8972569
30066277
1220687
36438519
10066143
11660021
12992856
17119505
13001090
2391998
4233852
36438519
36438519
6670450
9107374
17775866
10996197
19140928
21857603
24599046
5495252
20980941
24599046
7403466
29069479
2440601
11422742
30066277
8371517
11411409
18873877
10252362
20980941
25335725
21857603
30066277
13001090
15545105
31201763
29713031
2917580
16913916
9043769
30066277
19140928
6574894
7367220
2252291
5195696
6349539
29069479
14741940
29540647
9496353
21815246
30066277
29908431
13793131
6564978
24004497
8066068
14741940
17775866
21854026
5770532
7713873
12750874
30678008
7126065
10798775
29908431
30066277
5847162
2917580
11190407
26466414
8145509
33242822
33242822
4072567
10278441
12316434
33242822
10783649
28309940
20685445
9874393
33551412
21854026
7028617
4544219
8277354
9625268
7554896
3658263
6389359
28309940
25335725
17775866
9696583
5970336
4231225
7713873
34261030
8626478
32200238
6024687
21506509
20664931
33551412
7331216
9496353
7934865
27108072
7835104
9696583
3829211
20904328
10497207
9696583
17119505
3065679
20664931
7075668
12260825
20664931
33242822
34261030
14741940
599341
6024687
4730101
30066277
9806612
32200238
12173549
17119505
29069479
23524797
8831557
4149216
2452172
32200238
20980941
7331216
21815246
29713031
18377568
6567913
26672500
10258540
1100029
18377568
28309940
31201763
7976033
10451944
6226208
14434465
13641271
33242822
3432015
6479747
11744220
8972569
20904328
20664931
10451944
16951056
7554896
7982290
11744220
29540647
21531050
37329314
7331216
5575273
4918107
4521979
6330490
7535984
13001090
10278441
6010890
1923667
16308084
8561592
21531050
13669689
33242822
11660021
4149216
5898584
721552
34261030
20664931
33242822
18252391
9696583
28309940
21815246
15545105
2783766
11544044
33242822
1867668
21506509
4335687
5475405
28309940
13154423
20685445
14475870
1781365
4730101
19381025
9496353
33242822
11411409
14990793
30066277
33242822
1566164
21131148
8985929
31201763
13582522
21854026
30066277
15225975
4610396
33242822
10066143
12712550
5794271
1781365
10451944
7347338
33551412
36039755
8235803
11660021
6209188
21506509
1416981
14678138
6148156
11928655
7260077
24599046
4918107
8493024
30066277
16968033
14724031
9852428
25335725
13535426
4153963
15225975
15629641
10333260
8129212
10066143
19381025
6564978
3065679
1341090
26187351
31201763
11928655
8121375
29540647
6479747
23524797
13677770
10473474
7591781
36438519
37329314
12992856
5898584
12053288
5475405
6502915
16968033
21985857
1304139
5404407
30066277
12720342
7216985
7595910
1934572
13630948
5153078
5063836
7131172
926025
30066277
7993747
3163359
7713873
29229462
8626478
33242822
21815246
17775866
14678138
10996197
13630948
4544219
27108072
11744220
7713873
8145509
10660057
2569787
10660057
17775866
21854026
10353126
10951032
20685445
4594178
4153963
5063836
18873877
9496353
20685445
9530341
2118140
13331023
15629641
4594178
2440601
7934865
18873877
26466414
3065679
26466414
37329314
1923667
29540647
33551412
7934865
36039755
11342095
37329314
6567913
13535426
9341635
7835104
7993747
7131172
24004497
3054683
29229462
33551412
5859055
11411409
33242822
12853397
5568367
9666616
12712550
9910284
10353126
1541463
10658490
30066277
9625268
7126065
21857603
13641271
16211116
27108072
8974528
5475405
2694195
11544044
279431
7131172
16913916
6574894
17119505
13001090
16308084
36039755
15856912
12316434
6358310
21857603
6839868
4610396
7369324
7075668
33551412
7260077
7075156
10350390
12736511
6502915
5153078
17119505
10278441
12736511
3408609
26672500
11994375
8235803
8985929
17775866
9666616
8129212
4398184
9063899
12720342
15749671
14449961
11422742
5462537
5404407
10278441
33242822
30066277
7216985
4594178
30678008
13677770
2849218
14190214
8242336
16913916
14773470
21985857
13630948
12853397
14434465
16211116
21857603
20128950
20685445
5970336
8972569
7986568
20904328
1824721
29069479
21985857
37329314
11544044
26187351
5794271
7126065
19381025
4449116
20664931
20664931
2452172
11422742
3940773
7713873
10104663
467859
7554896
5251392
10497207
3361284
25335725
5575273
16308084
17119505
14724031
3924469
9043769
9559710
36438519
7347338
10383802
7369324
5794271
21506509
17119505
33551412
6001494
36438519
4871256
4072567
31201763
29908431
13582522
8121375
14773470
10066143
27108072
33551412
16211116
20664931
10252362
17119505
32200238
26466414
8066068
6670450
33551412
20664931
9341635
12750874
6747181
7347338
8277354
32576504
37329314
5833042
36438519
8808026
2452172
9043769
18873877
12712550
2813115
33551412
12720342
6479747
36039755
2440601
7028617
10865520
9341635
33242822
32576504
16243115
8066713
17119505
14434465
20685445
13535426
30678008
24225290
24004497
36039755
2452172
32200238
24599046
21506509
4398184
33242822
9496353
21815246
32576504
30678008
20904328
8277354
7075668
26187351
21985857
2188958
10104663
10660057
7591781
14990793
30066277
14434465
12750874
6502915
10104663
11660021
17119505
9341635
7554896
29069479
26187351
16211116
9763372
27644378
2303555
7535984
10473474
10350390
10473474
14434465
37329314
14434465
3432015
4242473
17119505
13793131
14724031
6411388
16913916
5462537
31201763
33242822
6800492
15856912
7835104
26466414
18873877
5153078
4730101
13001090
14434465
26187351
14741940
15225975
17119505
24599046
11544044
6358310
21531050
14190214
7367220
6010890
10278441
5847162
7347338
12912641
9874393
9989816
9559710
11663343
9666616
13154423
20980941
4730101
11427517
29540647
5153078
11994375
7218898
1341090
9043769
6821113
4398184
21815246
14449961
25335725
9397143
12750874
6100206
8789676
11544044
14190214
835186
20664931
6330490
6349539
6730493
15225975
30066277
2793262
29069479
27644378
11427517
11660021
6024687
4231225
5794271
32200238
24004497
30066277
3454986
7403466
6502915
2122019
12736511
8974528
10783649
474513
2393911
11427517
5096181
4544219
12260825
9043769
8974528
3786913
14190214
9910284
26466414
29908431
29229462
29069479
20664931
7993747
2712869
31201763
7042546
14190214
14773470
4554410
4619783
11928655
11744220
3018278
3177072
6734761
10278441
24225290
5859055
1787109
5195696
12053288
14773470
1261653
4449116
29229462
1536890
21985857
3054683
21506509
7331216
11928655
7322317
10783649
4130666
7848455
30678008
5904255
4610396
1184797
32576504
9397143
5794271
33242822
15749671
34261030
5762069
10996197
12992856
18873877
12736511
16211116
21131148
5970336
30066277
3706348
15749671
7835104
19381025
29229462
6479747
3418878
19381025
10278441
5850102
28309940
15225975
8066068
21506509
9543834
14724031
16211116
12712550
11744220
26466414
25335725
3986752
3002167
36039755
29229462
13630948
16913916
9910284
23524797
29229462
10066143
4457709
6730493
21506509
33242822
9625268
28309940
21815246
7260077
4335687
14449961
24004497
7986568
6502915
7367220
2417657
27108072
12260825
34261030
33551412
20128950
33551412
1541463
2452172
26187351
29713031
16308084
26672500
21857603
6229229
8145509
9559710
25335725
7535984
6010890
3438792
6676771
1177060
34261030
5847162
24004497
25335725
2712869
10104663
36039755
21854026
16951056
11411409
21857603
3924469
20664931
21854026
10473474
15666968
5677258
5990318
13582522
14475870
9496353
13641271
7260077
20664931
29540647
13986265
3163359
6574894
24004497
7986568
11427517
10451944
16144415
20980941
6100206
12720342
5330549
5970336
6670450
6024687
6734761
10865520
9063899
25335725
8236835
5103249
36039755
16308084
10383802
6349539
10997942
32576504
20685445
6330490
7403466
16913916
8542087
36039755
3857651
10783649
29713031
17119505
29540647
3418878
4231225
2569787
7986568
32200238
36039755
9057895
16243115
17119505
12912641
3361284
7403466
3177072
6389359
29069479
3857651
16913916
3845848
13331023
1261653
9057895
26672500
4040192
7369324
15856912
5495252
1934572
7690543
20980941
12853397
2630228
1755459
23524797
18873877
32576504
13793131
29713031
2807790
11544044
14741940
26466414
32576504
973312
9057895
3024395
21506509
19381025
7028617
9397143
26466414
8972569
33242822
7535984
9666616
37329314
7126065
33242822
15666968
36039755
1867668
11744220
20904328
21854026
7131172
3845848
4153963
4233852
24599046
9043769
21506509
20980941
1095972
806079
16211116
33551412
2508888
6574894
21131148
17775866
10451944
7758164
12151854
1278546
29540647
10865520
15666968
12912641
13154423
8974528
12853397
13001090
5495252
20904328
27644378
4871256
12316434
7986568
37329314
19381025
3893963
19140928
6670450
10997942
29069479
16211116
20664931
2410571
12992856
21815246
1867668
9806612
9496353
31201763
1654051
18377568
11660021
4544219
26187351
2569787
8066068
21531050
11660021
20904328
5251392
16913916
4457709
24004497
29229462
9530341
4000867
33551412
14741940
3924469
17119505
7535984
14741940
10353126
6747181
20904328
13001090
1867668
32576504
10996197
5568367
8145509
11544044
20128950
3432015
12853397
14724031
8242336
8194214
7367220
14755376
5063836
7131172
33242822
20904328
6330490
6676771
11994375
26187351
8418773
17119505
21131148
1867668
14434465
4231225
13793131
7075156
36039755
3457022
33242822
29229462
3361284
4730101
26672500
12260825
27644378
16913916
7535984
5875074
20664931
18873877
33242822
7075156
5794271
6670450
9625268
12992856
7075668
29069479
29908431
7758164
29229462
24225290
2959646
36438519
9910284
25335725
29908431
1207746
3845848
6564978
23524797
7535984
12912641
11342095
8808026
32576504
12151854
9559710
10350390
3658263
34261030
9043769
32576504
10278441
2972947
11544044
5847162
23524797
30066277
29229462
26187351
14475870
32200238
6010890
25335725
1174667
15629641
5575273
20904328
4398184
8493024
7206203
10660057
37329314
36438519
14190214
174734
3065679
32576504
7934865
30678008
15666968
37329314
11427517
7835104
16913916
5970336
7986568
8542087
2917580
1174667
721552
3087028
5297245
12992856
2417657
13331023
7331216
8121375
15856912
29540647
25335725
17119505
5251392
20980941
37329314
14755376
3454986
6574894
33551412
16308084
4130666
8808026
14755376
10798775
37329314
6502915
12912641
26466414
4603984
14741940
9696583
29540647
21815246
4000867
7986568
30678008
8277354
9043769
10350390
19140928
6821113
20904328
11544044
11660021
3438792
10353126
32576504
8066713
4242473
1867668
12260825
21506509
24004497
36039755
21985857
9496353
10996197
30066277
1143623
6775122
4603984
11001648
13986265
8235803
17119505
34261030
7934865
32200238
21506509
6229229
4544219
29713031
15629641
27644378
12912641
7986568
18252391
6670450
9496353
21857603
26187351
13630948
13331023
8985929
3786913
30678008
33551412
11994375
34261030
7554896
29908431
30678008
33551412
33551412
34261030
7713873
3177072
20664931
5850102
7835104
16968033
21985857
1774960
36039755
10783649
2440601
21857603
12417604
7403466
20685445
12316434
7331216
6479747
4130666
355439
24599046
7005902
21531050
5898584
7595910
4544219
1867668
9559710
9763372
3432015
26187351
5850102
6349539
13331023
21857603
8235803
7690543
8985929
17775866
15856912
5251392
2073690
10473474
9063899
7595910
9530341
21131148
10451944
20664931
14755376
10997942
9910284
6670450
6670450
12316434
4306680
14475870
21857603
4730101
2440601
5794271
18873877
1867668
10658490
16144415
7206203
14190214
6100206
33242822
7934865
30066277
9063899
25335725
16308084
29713031
24599046
13001090
12853397
7216985
36438519
3408609
21131148
20664931
11427517
27108072
10350390
3087028
12853397
5297245
8493024
3893963
11744220
7993747
2848126
8235803
4306680
16211116
32576504
16308084
30066277
6839868
21815246
36438519
24004497
21985857
16968033
6389359
26187351
36039755
33551412
7986568
6839868
37329314
11422742
17775866
16243115
25335725
29540647
4072567
30066277
2440601
2417657
29540647
2452172
25335725
20685445
7993747
7216985
10497207
11744220
29908431
14475870
26187351
36039755
13677770
12853397
12853397
3432015
29069479
7126065
5770532
20685445
11411409
30678008
5575273
7216985
8638946
5096181
16968033
19140928
16243115
33242822
6479747
13641271
27108072
9852428
11744220
10383802
4437800
12417604
16951056
7216985
8371517
9559710
9530341
506802
6024687
12720342
8066068
13582522
33242822
37329314
7535984
16951056
12712550
20664931
7347338
19140928
5755007
12720342
24004497
2440601
9625268
8808026
7322317
1341090
3845848
11544044
599341
29069479
20685445
18252391
134919
3438792
7986568
25335725
6411844
11660021
21815246
8638946
12173549
3454986
4544219
2417657
13001090
23524797
7934865
1246165
36039755
29540647
10333260
1644571
1207746
5794271
28309940
12417604
21985857
29540647
33242822
9341635
33242822
33551412
37329314
9910284
3408609
6821113
32200238
9625268
7347338
16968033
7982290
10997942
7331216
1774960
20664931
10660057
7403466
32576504
36039755
15225975
21985857
5153078
4871256
33242822
29908431
12316434
26187351
33242822
4437800
9543834
467859
12151854
15749671
33551412
21854026
21506509
7218898
9496353
7554896
5794271
7347338
10473474
17119505
20664931
3432015
12173549
37329314
17119505
7075668
13331023
14741940
9696583
37329314
1143623
5677258
21506509
15545105
8066068
20664931
12720342
10658490
3656072
8145509
5153078
29540647
13331023
24599046
16211116
21506509
5251392
21985857
16951056
32576504
14434465
9530341
15666968
3705952
4809753
19381025
19381025
6001494
33242822
6226208
14741940
5762069
10278441
26187351
7835104
15856912
10451944
18252391
14741940
1343983
14741940
33551412
6229229
20685445
13669689
30678008
9625268
4544219
2282723
34261030
5096181
20904328
4398184
36438519
9874393
20904328
6411844
1654051
3163359
12853397
15629641
37329314
4871256
32576504
14773470
12260825
30066277
16913916
2062426
8066713
6479747
6330490
29540647
12992856
3432015
3432015
5393580
15856912
6839916
6411844
4306680
8277354
13641271
4744934
7126065
21131148
16308084
24225290
7986568
17119505
2569787
4242473
1867668
5063836
33551412
6358310
31201763
28309940
25335725
7713873
11805196
25335725
7216985
6730493
8789676
5628196
16308084
9496353
25335725
20980941
20685445
12912641
13630948
6574894
8561592
16308084
23524797
7260077
6775122
23524797
14475870
29229462
14449961
20980941
1907384
8789676
6800492
14773470
33551412
24599046
4153963
7848455
16913916
29540647
8974528
9874393
27108072
8145509
20128950
33551412
14678138
10497207
7331216
17119505
36438519
4871256
6567913
6411388
14741940
6389359
21131148
10353126
16951056
4610396
3786913
2010436
10350390
29229462
21531050
3450215
6024687
8831557
36438519
29540647
6024687
24599046
19140928
10658490
18377568
6502915
5103249
1985014
174734
30066277
21506509
3857651
36039755
31201763
10473474
32576504
3432015
16144415
36438519
29069479
21531050
5251392
15749671
13641271
9559710
11342095
19140928
7535984
31201763
8493024
33242822
17119505
11342095
3432015
7595910
31201763
15666968
14741940
10658490
5297245
8066713
10473474
6670450
13793131
21506509
27108072
9763372
9043769
12316434
32576504
10996197
7535984
7331216
11422742
23524797
9043769
24225290
36039755
2793262
7260077
10350390
7591781
7591781
7367220
2848126
29713031
27644378
12853397
5103249
21857603
21854026
8242336
5628196
15545105
37329314
26672500
13535426
26672500
7126065
20128950
18377568
32200238
19381025
10104663
11744220
14190214
3408609
4521979
12151854
3065679
30066277
14190214
20664931
19381025
16308084
16968033
7595910
4414342
20904328
835186
10350390
18252391
10451944
5195696
4619783
16913916
2694195
12712550
16913916
4000867
11190407
10066143
14773470
33242822
20128950
6496920
20128950
717614
21131148
5677258
5898584
36438519
29908431
27108072
10497207
14773470
8542087
2690273
12720342
14678138
20128950
7216985
27108072
21506509
23524797
2338095
1867668
17119505
6670450
7835104
20980941
1487011
11994375
4619783
7075156
6496920
4610396
14678138
7713873
36438519
30678008
21815246
12992856
16913916
21857603
30066277
24004497
8974528
9559710
14773470
6209188
16211116
27108072
34261030
5794271
11544044
33242822
3457022
7848455
14773470
29908431
11663343
21854026
33551412
17775866
12750874
11928655
26187351
877119
20980941
10451944
21506509
6330490
11427517
4544219
2073690
33551412
14475870
14678138
13677770
13641271
6024687
10473474
7535984
15629641
32200238
10473474
7993747
12720342
29908431
12750874
20128950
806079
20664931
6753999
4180013
16308084
5898584
15749671
28309940
9496353
3024395
7835104
5103249
3065679
2655787
8371517
10066143
10333260
15666968
30678008
10996197
6496920
9899013
1258932
7075156
3418878
12260825
20904328
24004497
16211116
8145509
12417604
717614
12712550
11544044
21506509
10951032
13001090
30678008
7075156
29713031
3924469
9920108
1442288
1343983
14755376
10333260
14475870
13669689
24225290
9043769
16951056
16308084
19381025
8808026
3087028
29540647
7982290
21854026
30066277
7535984
10996197
10497207
11994375
14990793
11342095
12260825
34261030
12173549
16243115
21854026
3705952
6001494
25335725
32576504
27644378
599341
1668284
11994375
18377568
16968033
26672500
3024395
6574894
11544044
7075156
16913916
4398184
5297245
26672500
6564978
21506509
1220687
24599046
2062426
4744934
6148156
6800492
4309935
9806612
7218898
12720342
18377568
37329314
31201763
472051
21985857
33551412
1644571
25335725
36039755
3408609
21506509
15856912
9852428
33242822
36438519
6479747
29540647
12736511
2417657
27108072
5475405
8974528
7131172
5297245
10333260
32576504
6148156
9696583
9107374
21857603
29540647
30066277
7260077
2148806
10996197
827899
20664931
12417604
17119505
13641271
26187351
8145509
13001090
20980941
6361530
6001494
25335725
24225290
20685445
16243115
10350390
23524797
4730101
8371517
34261030
7934865
7367220
9696583
18377568
6244180
7976033
20128950
12853397
20664931
23524797
506802
9063899
10865520
32576504
34261030
9852428
11001648
13535426
8974528
10350390
6800492
26187351
3786913
21506509
3432015
2122019
7934865
16243115
13535426
3454986
17119505
36438519
2508888
6502915
6567913
13582522
16968033
9107374
13582522
12720342
6389359
21815246
2148806
6229229
7982290
24004497
26466414
32576504
30066277
2953571
11544044
13001090
363045
2920015
25335725
7075668
26187351
37329314
16951056
9043769
21506509
21857603
15856912
20980941
8145509
14190214
8418773
7986568
5195696
7369324
16243115
13154423
27108072
5850102
21506509
7535984
16243115
12887556
1541463
1392645
9899013
17119505
3645069
6100206
14724031
31201763
1411108
21857603
28309940
10951032
34261030
9874393
8194214
27644378
27644378
3603113
33551412
17119505
32576504
3645069
8638946
5904255
32576504
33242822
14741940
10658490
14475870
10997942
33551412
4072567
30066277
30678008
9543834
10660057
13986265
26672500
8121375
36039755
5568367
33551412
29540647
18377568
30066277
21506509
4398184
328161
20128950
10333260
11422742
3432015
13331023
37329314
20664931
16968033
23524797
1322986
18873877
30678008
20904328
6574894
30678008
2895399
7848455
2793262
21857603
12260825
2193137
12992856
9496353
7976033
10996197
20128950
30066277
14990793
9920108
8194214
23524797
3096033
5755007
11994375
4309935
6100206
30066277
4153963
32200238
7369324
15856912
28309940
8808026
7986568
2062426
2190818
30066277
3408609
15856912
12853397
5103249
4619783
3829211
13677770
9806612
6839868
28309940
13331023
9696583
15856912
458144
11422742
9496353
13331023
12736511
19381025
37329314
7042546
25335725
29540647
30678008
30678008
21131148
4807768
34261030
24225290
37329314
16951056
6001494
11663343
1620940
10865520
4521979
20664931
27644378
279431
36438519
18377568
10798775
18377568
14190214
23524797
12260825
13793131
15225975
9696583
27108072
24599046
8561592
2234196
1341090
20904328
6100206
9496353
33242822
5847162
36438519
25335725
9666616
6502915
8236835
16951056
27644378
10278441
10350390
13331023
24225290
8277354
1757358
24004497
5850102
33242822
8808026
1541463
3087028
30678008
33551412
7713873
21506509
4398184
34261030
33551412
12316434
3645069
6244180
26672500
12720342
9874393
10473474
29713031
10997942
34261030
9559710
6411388
4594178
8194214
14724031
33242822
9625268
16243115
11422742
27108072
10660057
12750874
20128950
8974528
10451944
36039755
29540647
20904328
25335725
34261030
5847162
8493024
13641271
29069479
10798775
8277354
36438519
10066143
4594178
32576504
37329314
6411844
18252391
4000867
6734761
6839868
14449961
8789676
12053288
2417657
32576504
5875074
29908431
7690543
27108072
6502915
8242336
4153963
21131148
33242822
16913916
1178887
2848126
14990793
9107374
12260825
9496353
21985857
12853397
8371517
9063899
27108072
7331216
17775866
10258540
2712869
3986752
15856912
3418878
8235803
24599046
11805196
5568367
5063836
10258540
9852428
4514397
7075668
8145509
14741940
9530341
9530341
6411388
4040192
4603984
19140928
27644378
4242473
7758164
7993747
15225975
3924469
6389359
10350390
23524797
6411388
21985857
6389359
8277354
7331216
14434465
4544219
11427517
12853397
6389359
2062426
7835104
553263
21985857
10660057
12992856
3986752
15225975
9806612
16211116
9696583
24004497
10996197
1668284
26466414
9559710
6496920
36438519
8277354
20664931
21815246
6502915
29908431
568161
604694
2452172
27644378
7028617
20980941
15545105
8972569
33242822
13331023
4619783
4149216
32576504
12992856
8145509
10451944
7993747
14990793
32200238
20904328
26672500
6411388
33551412
27108072
121491
13669689
9696583
21506509
13986265
8194214
9910284
4730101
15225975
15666968
2694195
37329314
29908431
7260077
21985857
33242822
7216985
1938554
28309940
8121375
9397143
6800492
9874393
10996197
27644378
7535984
15545105
8974528
1220687
1774960
542010
13677770
10996197
26672500
6229229
12260825
11544044
36039755
7591781
6747181
18873877
16968033
9043769
2569787
7835104
20685445
4149216
29069479
11544044
17119505
9874393
20685445
21506509
9625268
6670450
21857603
29229462
7260077
31201763
33551412
18873877
11660021
24599046
5575273
21531050
36039755
1356391
8194214
8638946
11994375
16913916
7042546
36438519
15666968
3801502
6502915
12417604
26466414
16951056
13641271
33242822
8493024
8066713
32576504
30678008
12750874
30678008
19140928
926025
8235803
36438519
26187351
8145509
3361284
268246
13630948
1867668
877119
36438519
8542087
6479747
4149216
29069479
11928655
15545105
9043769
25335725
4807768
2712869
5990318
17775866
4871256
835186
3163359
11660021
13986265
16913916
17119505
6001494
15856912
13535426
21985857
7206203
18873877
32200238
7347338
19381025
12992856
4000867
12853397
12853397
2393911
1174667
17775866
21854026
18873877
3986752
20664931
20980941
3054683
24599046
20904328
16308084
13001090
15666968
11660021
1207746
6502915
11994375
11544044
33551412
6496920
5103249
34261030
9910284
10658490
14741940
34261030
21815246
5475405
3857651
27108072
36438519
16913916
9543834
6800492
16308084
14449961
25335725
9899013
2685491
16308084
12736511
16951056
5153078
15629641
14678138
4544219
14190214
7690543
2379715
11544044
10451944
4414342
14724031
9910284
16951056
12053288
9625268
12260825
16243115
4871256
29069479
12173549
2338095
6502915
33551412
19140928
7713873
16308084
11660021
12712550
15545105
12853397
28309940
29908431
32200238
12417604
29229462
5340411
26466414
13669689
7535984
34261030
29229462
13669689
29540647
13630948
6839868
542010
279431
1258932
4335687
7848455
20685445
4744934
11660021
29069479
8418773
20664931
7934865
28309940
6024687
14724031
26466414
8808026
1184797
1627585
7713873
2452172
2953571
3801502
3656072
16968033
14475870
21531050
14434465
9899013
14724031
24004497
7934865
7982290
2218171
6753999
1174667
24225290
24599046
33551412
7591781
13793131
11544044
7591781
16308084
6670450
10865520
9063899
11660021
12720342
33242822
8985929
25335725
15545105
3786913
27108072
1352401
21506509
6839916
13535426
37329314
27644378
30678008
37329314
6244180
9057895
14678138
8194214
7260077
24599046
2188958
877119
3857651
6800492
33551412
10798775
7131172
6244180
8831557
11544044
29069479
14434465
6389359
7554896
2073690
13001090
33242822
7075156
749023
29069479
11928655
1174667
1541463
9107374
7758164
12912641
9852428
5251392
10278441
16968033
7595910
827899
20980941
1934572
32200238
7369324
7535984
9043769
4603984
7028617
9806612
10951032
12853397
18873877
8235803
16913916
6821113
14755376
16913916
25335725
21857603
5770532
10278441
12853397
4594178
6010890
18252391
26672500
14741940
6411388
1442288
16913916
37329314
29229462
8277354
15225975
4149216
5568367
20664931
6670450
29229462
10350390
21506509
6148156
36438519
37329314
17775866
25335725
6800492
15856912
11744220
1343983
3603113
32576504
15629641
27644378
36438519
11422742
3438360
10497207
21985857
755131
37329314
7126065
13793131
33551412
10353126
16308084
7005902
6800492
3450215
5628196
2694195
13582522
5404407
10350390
6148156
33242822
34261030
5970336
36039755
21531050
15666968
7535984
36438519
19140928
37329314
2452172
24599046
9397143
2793262
16968033
9496353
29713031
4871256
18252391
27644378
9910284
23524797
13793131
34261030
8235803
14475870
7126065
28309940
17775866
6330490
3603113
11544044
36438519
10997942
1174667
8066713
11994375
11663343
4730101
14724031
32200238
20128950
10451944
29540647
33242822
2569787
15856912
18873877
4251439
11744220
21506509
16243115
8194214
33551412
13669689
8700860
32576504
15666968
2148806
4457709
7206203
5847162
28309940
27108072
7986568
13677770
30066277
13986265
3361284
11660021
4619783
37329314
5251392
21531050
9852428
10865520
16243115
7367220
2282723
20685445
20664931
9063899
17119505
1416981
7835104
9496353
4832161
16211116
7403466
36039755
2849218
36438519
21857603
279431
1938554
13677770
2452172
6567913
36438519
16144415
8985929
26672500
21857603
33242822
4306680
8371517
8638946
17119505
9696583
37329314
8066713
32576504
3065679
1541463
8418773
29540647
2793262
7042546
4871256
9107374
21854026
29069479
7848455
8418773
33242822
6010890
7835104
10252362
6564978
18873877
12316434
7848455
36438519
6800492
3649851
5195696
7218898
30066277
16913916
8831557
14190214
20128950
6670450
5330549
31201763
13677770
7554896
13582522
6411844
5161426
15225975
29229462
21531050
13641271
3924469
6747181
11744220
11994375
7331216
7986568
9559710
10353126
29908431
36438519
29713031
3801502
20664931
16913916
12912641
568161
4619783
7005902
3658263
21857603
11001648
806079
21506509
3065679
7591781
197251
5904255
10066143
20128950
26466414
9852428
2190818
37329314
12736511
10104663
20664931
4309935
2410571
8542087
16951056
20904328
34261030
11544044
10333260
21854026
15856912
6502915
7535984
13582522
25335725
21857603
3438360
8542087
10497207
1277386
14773470
8493024
11190407
21857603
4040192
6479747
6839916
10783649
2128198
9696583
13641271
7028617
14434465
36039755
877119
4130666
5495252
3418878
3658263
21131148
17119505
27108072
9625268
21815246
7206203
2685491
10997942
14678138
4335687
20685445
7331216
11544044
24004497
29713031
6411388
14449961
30678008
17775866
24004497
7206203
1343983
10066143
7331216
7126065
29229462
33242822
7322317
4398184
14741940
7260077
4619783
3656072
6574894
7075668
11001648
8066713
10066143
4832161
30066277
5859055
13331023
8235803
8194214
7993747
2783766
4544219
6567913
12712550
10996197
36438519
34261030
8808026
2895399
7075156
12992856
11427517
12736511
21815246
10660057
21854026
16211116
32576504
16211116
2118140
33242822
8831557
17119505
17119505
8371517
8145509
13582522
4414342
37329314
20904328
6148156
24599046
29713031
24599046
30066277
27108072
13641271
11663343
20128950
12992856
29069479
12887556
4871256
27108072
6574894
5875074
5251392
21131148
4544219
5393580
5251392
25335725
9806612
4153963
7218898
9910284
6670450
806079
28309940
20664931
14741940
6800492
6839916
14741940
5898584
1174667
6349539
7758164
14434465
6496920
31201763
33242822
15749671
8418773
13001090
4554410
6734761
4014897
3829211
6839916
6411388
30066277
34261030
10473474
21857603
8974528
29069479
6148156
14434465
8985929
3361284
7535984
8235803
12887556
12912641
17775866
29540647
10066143
16211116
8242336
7369324
8493024
21506509
7713873
14434465
12992856
17119505
4335687
21985857
17775866
8145509
165006
30066277
33551412
14190214
20980941
14755376
5063836
30066277
27644378
7042546
36438519
13331023
18873877
806079
2062426
16951056
6209188
4594178
13154423
1561872
9910284
30678008
15856912
8626478
26672500
9559710
3940773
27108072
24599046
12712550
13677770
12853397
30066277
21985857
24599046
10353126
5628196
29540647
30066277
7554896
1070873
28309940
10658490
11190407
37329314
14449961
4040192
37329314
10278441
5063836
33551412
14741940
3418878
26466414
6753999
7218898
4449116
4414342
7982290
10383802
6001494
5898584
5103249
8985929
21531050
1174667
9696583
5330549
16243115
7758164
13154423
29229462
14773470
36438519
1423153
6361530
4832161
25335725
6670450
25335725
11744220
3986752
3438792
4809753
7835104
25335725
8626478
24599046
12736511
1411108
1757358
29908431
21506509
1867668
7218898
11190407
2270571
29713031
5859055
27644378
12720342
15545105
7993747
14190214
18377568
3438792
16211116
6411388
9063899
3457022
7042546
12712550
12151854
36039755
4000867
4544219
27108072
15856912
4153963
6502915
2849218
34261030
26187351
5153078
5495252
7535984
3857651
21815246
21985857
30066277
33242822
9899013
21985857
19140928
33551412
20685445
14755376
9107374
16144415
12053288
14678138
29908431
14434465
34261030
13793131
13154423
3645069
20980941
27644378
7835104
9763372
28309940
20904328
6564978
8974528
4619783
5161426
33551412
8235803
4807768
7075156
32576504
4180013
33551412
2793262
9989816
32576504
2655787
4414342
25335725
21531050
1323727
12316434
14741940
6564978
2122019
7042546
30066277
13641271
10658490
34261030
21531050
355439
576152
32200238
18377568
9920108
7835104
32200238
10350390
21131148
9852428
10451944
2338095
9852428
3603113
7206203
8808026
3986752
13535426
7591781
33551412
5762069
12151854
21985857
7218898
37329314
7331216
4610396
8277354
20904328
10996197
12750874
29069479
5904255
17775866
6100206
16968033
14678138
33242822
4398184
6148156
6479747
6389359
9559710
26466414
11544044
5990318
1541463
6502915
15666968
21131148
36438519
5794271
36438519
11411409
1064759
4603984
1781365
8129212
4060605
21857603
10353126
8542087
32200238
6229229
5568367
24599046
32576504
11660021
1360112
9874393
2813115
4149216
30066277
8974528
15225975
15545105
9043769
29908431
14773470
13641271
4710016
16144415
27108072
1787109
2274122
2128198
13630948
33242822
25335725
2193137
17119505
6100206
12887556
4153963
5833042
14741940
7595910
4832161
33242822
4309935
9899013
18377568
21857603
3450215
1787109
33242822
3454986
4072567
15225975
6001494
36438519
34261030
328161
14741940
9496353
6148156
1360112
1536890
33242822
5251392
21506509
5165891
9899013
3786913
9063899
4807768
2630228
7331216
7028617
5762069
16211116
19381025
15856912
10865520
13331023
6747181
12720342
36039755
9543834
2253161
4130666
3986752
21506509
721552
16951056
10997942
4871256
6676771
4594178
13535426
6028045
3408609
12887556
11660021
8700860
33242822
11660021
33551412
16211116
25335725
29069479
6753999
10353126
29908431
1360112
8242336
8985929
10660057
28309940
6839868
5762069
5096181
16968033
24004497
21815246
14741940
28309940
17775866
12853397
3473742
8277354
36438519
33551412
10104663
36438519
36438519
24599046
3163359
21131148
5628196
7976033
599341
7835104
14755376
8542087
8974528
9543834
1171400
11928655
9543834
9559710
7042546
21131148
32200238
3002167
1323727
11928655
8700860
9696583
33551412
973312
13641271
4871256
12750874
25335725
3651684
5475405
30066277
14741940
10353126
17119505
59510
10996197
8121375
4730101
32200238
20128950
6502915
6479747
18377568
7075156
32576504
328161
3054683
9107374
6226208
5794271
5677258
25335725
13641271
9806612
10996197
11427517
8808026
32200238
11422742
2010436
6411844
8236835
1095972
13001090
29908431
14434465
11663343
11928655
31201763
15666968
3454986
5628196
12712550
13669689
33551412
25335725
9989816
7347338
973312
16308084
12912641
29713031
28309940
2128198
17119505
16913916
18252391
5762069
15629641
12151854
18252391
16308084
9559710
10996197
12887556
7206203
7835104
29229462
14741940
9910284
13669689
9397143
6330490
6479747
1541463
4040192
13630948
16144415
28309940
1867668
755131
25335725
29069479
29069479
7848455
33551412
3065679
26187351
26187351
11928655
8789676
6479747
5393580
6800492
14475870
13154423
36039755
24599046
30066277
8542087
21985857
6028045
28309940
11744220
12417604
33551412
27644378
26187351
5859055
8418773
8808026
7986568
5990318
21985857
5770532
6670450
7369324
26672500
8242336
25335725
21815246
10660057
31201763
33551412
7690543
14773470
11994375
13154423
8235803
6839868
14475870
13154423
9341635
20685445
7986568
3432015
15629641
9696583
6330490
9899013
7986568
16308084
37329314
10258540
37329314
3163359
5770532
30066277
32576504
3361284
15749671
6730493
3706348
18873877
1561872
5990318
15749671
36039755
9043769
16951056
7331216
7835104
32200238
10497207
8277354
5153078
6502915
14190214
9696583
27644378
4306680
553263
2972947
12053288
26466414
1541463
7042546
11805196
7131172
9530341
14475870
3418878
9043769
12887556
15545105
26187351
12417604
9666616
13582522
10333260
5934040
4918107
32576504
15225975
5970336
30678008
20128950
8121375
34261030
4231225
13641271
8831557
17775866
11544044
1277386
15666968
8493024
2440601
15545105
12750874
30066277
20685445
37329314
34261030
30066277
7848455
4153963
10278441
6010890
10333260
6411388
121491
4918107
7260077
33242822
5153078
6010890
12912641
15856912
2272085
8145509
11342095
15749671
7758164
7206203
9989816
31201763
20128950
9496353
7535984
29229462
33242822
8277354
6734761
8626478
1934572
1654051
12173549
3857651
30678008
12887556
1627585
7993747
16144415
16913916
36039755
14449961
36039755
21506509
26187351
1207746
9666616
18252391
21985857
17119505
33242822
7218898
21854026
4521979
13331023
13793131
11928655
9341635
29713031
926025
2393911
14190214
6479747
32200238
9496353
3418878
6775122
11544044
14773470
3163359
5794271
6730493
4664698
36438519
5875074
717614
4149216
7042546
5990318
4155840
6839868
16308084
5404407
3361284
14449961
27644378
30678008
16968033
3408609
12853397
10658490
10996197
7331216
31201763
32576504
2062426
33242822
8808026
3408609
29069479
9397143
8277354
6730493
21131148
14724031
10660057
5575273
6800492
4594178
14773470
29908431
16968033
12853397
27644378
29229462
11422742
32200238
1668284
12260825
29713031
6800492
25335725
5119125
4149216
9696583
5859055
1985014
31201763
11928655
20980941
3408609
31201763
20980941
12712550
13641271
4130666
16243115
15225975
37329314
3801502
8974528
36438519
6226208
33242822
9899013
9806612
6775122
11001648
2849218
5103249
3986752
7322317
16951056
9625268
8789676
2690273
8542087
16211116
576152
9496353
5875074
20980941
146063
2338095
8236835
36039755
6479747
4242473
10333260
3645069
12853397
26672500
1207746
7835104
29069479
14190214
6839868
10066143
14755376
12720342
1352401
5153078
9874393
14773470
6100206
25335725
18252391
29069479
14475870
1654051
17119505
8638946
827899
4449116
4149216
9696583
34261030
12720342
14434465
29540647
21131148
4554410
29908431
32576504
12173549
18377568
15749671
4040192
19381025
2793262
10066143
18252391
14449961
10783649
32200238
6479747
4060605
16951056
24599046
13669689
7331216
13154423
3096033
14678138
9625268
13669689
5794271
11928655
24004497
5898584
36039755
6226208
5898584
20685445
5898584
13641271
12750874
5794271
1247401
29069479
36039755
13001090
3163359
21531050
4242473
5677258
2417657
32576504
2274122
13154423
27644378
12912641
1220687
21857603
1277386
5859055
13001090
9989816
6574894
6411388
25335725
14990793
1246165
37329314
19140928
3986752
9874393
5847162
29229462
24225290
23524797
33551412
12316434
33242822
14741940
29713031
16243115
14434465
13331023
16308084
6747181
9989816
3438792
11422742
20664931
6001494
37329314
18377568
8145509
31201763
7347338
5340411
10996197
7005902
4457709
7690543
7126065
14190214
4149216
33551412
19140928
15225975
12736511
36438519
11928655
20664931
11427517
18377568
20904328
12736511
4398184
5794271
10353126
14741940
30678008
9852428
4449116
4457709
24004497
7758164
1343983
15749671
20128950
10996197
1178887
25335725
8371517
26672500
12720342
13630948
1787109
16913916
33551412
10350390
31201763
26466414
33242822
12736511
7986568
36039755
6349539
21506509
8145509
29229462
5475405
10104663
27108072
8121375
12992856
21131148
34261030
29908431
5794271
7367220
6676771
29069479
37329314
29713031
8974528
29069479
2908188
3454986
32576504
10497207
13582522
7216985
10996197
6564978
9696583
2783766
7758164
7042546
33242822
21857603
33551412
8235803
8700860
21131148
3087028
15225975
12750874
21985857
3024395
7369324
36438519
21131148
5755007
3940773
4335687
7554896
3438360
27108072
5096181
1867668
9496353
14741940
21506509
9341635
4149216
12151854
8789676
17775866
13793131
16144415
9063899
29229462
32200238
2953571
8789676
121491
17119505
6001494
24225290
7005902
3361284
8974528
29069479
32576504
4554410
13154423
6821113
14990793
19381025
26466414
10104663
28309940
18377568
8808026
8542087
4149216
2690273
835186
21506509
21131148
8789676
6244180
13535426
33242822
4544219
19381025
14475870
2849218
12912641
37329314
37329314
7206203
29069479
37329314
26466414
2253161
27644378
10865520
8985929
12992856
6479747
8974528
13331023
12316434
33551412
5755007
14741940
13001090
3706348
6148156
9543834
24599046
10497207
27108072
9763372
21815246
11660021
3163359
16211116
8371517
21857603
9496353
36039755
31201763
13331023
981475
2783766
30678008
11411409
13669689
10333260
4398184
5762069
30066277
10997942
16243115
20128950
7986568
14475870
12912641
10658490
14773470
26672500
4514397
32576504
2972947
29908431
3408609
29540647
2128198
21506509
36438519
29713031
29908431
11544044
10996197
1597168
33551412
12720342
4871256
9852428
21854026
9043769
5934040
15629641
7934865
10997942
4744934
6389359
6028045
1095972
15666968
9899013
9397143
4544219
3845848
8066068
28309940
12992856
20980941
3438792
5495252
30066277
36039755
10104663
9696583
13669689
27108072
12417604
36438519
24599046
18377568
11744220
14678138
10252362
16968033
8371517
28309940
36438519
17775866
5096181
31201763
10278441
7535984
4554410
6839916
14741940
20980941
7982290
6209188
10997942
7713873
19140928
6226208
8626478
8145509
7535984
6411844
6349539
1867668
10104663
15666968
5859055
10451944
9559710
6411844
9625268
13630948
2062426
12417604
4060605
15629641
14755376
3986752
11805196
13331023
21857603
24225290
7986568
25335725
8121375
21131148
7986568
350672
8129212
32576504
18252391
11001648
14475870
30678008
8626478
1304139
30066277
14475870
7403466
6676771
13641271
36039755
10783649
2252291
14741940
5755007
23524797
36438519
10997942
9852428
25335725
9496353
30678008
36039755
23524797
36438519
21506509
12316434
29229462
1867668
6411388
30678008
13641271
26466414
13677770
30066277
14449961
14475870
29540647
8808026
9397143
32576504
9559710
9063899
8542087
29713031
21854026
7986568
14741940
15666968
12912641
17119505
26466414
14434465
4594178
8145509
13677770
14724031
4155840
17119505
9852428
36438519
13535426
1143623
5677258
13331023
5153078
11928655
33551412
14678138
7367220
1934572
5934040
24225290
33551412
9341635
34261030
3432015
10660057
33242822
16243115
10660057
17119505
7934865
15749671
34261030
5847162
7713873
8242336
9874393
4730101
28309940
6100206
9696583
7591781
19140928
3986752
14678138
37329314
9852428
17775866
31201763
29713031
3845848
14724031
11190407
21531050
5330549
4309935
3454986
19381025
16951056
26672500
806079
11422742
20128950
4457709
6734761
7993747
20685445
13535426
7713873
36438519
12736511
8145509
12887556
6496920
15666968
29713031
11928655
6411388
12053288
4744934
13331023
29713031
6479747
10451944
36438519
3656072
20664931
4619783
16951056
30066277
15749671
1322986
16913916
20980941
3096033
33242822
2194430
6800492
7042546
7976033
12750874
12853397
11427517
6479747
14434465
8972569
7322317
4664698
10278441
6411388
10660057
3986752
12316434
10278441
14678138
21531050
10252362
11744220
7986568
21131148
7028617
4544219
36438519
24599046
11744220
11411409
12992856
9559710
11805196
11928655
2917580
16913916
12912641
7554896
15856912
26672500
29540647
32576504
11744220
12887556
831347
32200238
23524797
2917580
30066277
10066143
8066713
7216985
15545105
10996197
16968033
8626478
29713031
3656072
27108072
1352348
13793131
10066143
10798775
25335725
6670450
20128950
3603113
13154423
7075156
13001090
9696583
8808026
37329314
12712550
8121375
33551412
12887556
10333260
12173549
16211116
8808026
21131148
6001494
4153963
17775866
7554896
13669689
37329314
17775866
7554896
20980941
23524797
36438519
11660021
29229462
12720342
4130666
6028045
877119
36438519
7206203
33551412
8194214
21506509
36438519
7403466
2569787
8066713
21131148
6001494
5297245
7986568
7758164
7216985
33551412
32200238
6148156
3177072
2959646
7993747
10473474
27644378
13677770
11744220
16211116
10951032
21531050
17775866
14190214
20904328
11411409
29540647
12887556
3361284
30066277
27108072
17119505
5833042
5847162
34261030
21854026
36438519
2895399
32200238
19140928
33242822
4014897
21854026
9057895
3096033
4744934
21506509
10996197
20980941
13677770
15225975
21815246
19140928
4807768
36039755
6028045
352114
30066277
1261653
11744220
13986265
32200238
8242336
7595910
15629641
12173549
8974528
34261030
8371517
6800492
7260077
19140928
28309940
9063899
24225290
1668284
13630948
8145509
15749671
29069479
27108072
6028045
12912641
9496353
3705952
3893963
10497207
13154423
1487011
17119505
4180013
16243115
14475870
7075668
16144415
15225975
21985857
24004497
8831557
8831557
29069479
36438519
7331216
20980941
831347
2194430
3438792
4544219
9496353
30066277
5990318
9496353
10451944
2813115
15666968
32200238
26466414
1867668
5393580
3658263
5462537
8066713
10353126
9696583
3408609
15749671
5875074
31201763
15749671
29908431
5794271
11660021
5195696
24599046
10066143
2252291
1938554
17119505
36438519
5794271
10278441
1774960
5794271
3438792
1246165
10798775
8808026
7206203
27644378
194216
6574894
8236835
11928655
14475870
10660057
20664931
7535984
10104663
23524797
21857603
6411844
26466414
16968033
8121375
7591781
4242473
32576504
33551412
14475870
1668284
9806612
9107374
16308084
14741940
16211116
11660021
1541463
8277354
8808026
12316434
2252291
32200238
5475405
4521979
2440601
21131148
2440601
14724031
15225975
10997942
6734761
21506509
26187351
13630948
2303555
33242822
2194430
21857603
10333260
7690543
12992856
1064759
7934865
18377568
9806612
12316434
9852428
13793131
29713031
24004497
9625268
14434465
3361284
21815246
5934040
806079
27644378
3177072
16913916
1246165
29540647
3450215
33551412
7075156
4619783
11544044
13331023
13641271
877119
13677770
14678138
26672500
6567913
7369324
19381025
18873877
12417604
11544044
14434465
36039755
2440601
11544044
7535984
27644378
9341635
12316434
5859055
15666968
3457022
12053288
21506509
9043769
15749671
9874393
7131172
2813115
5762069
23524797
7075668
8371517
10451944
9496353
29229462
13154423
9806612
4809753
11928655
7835104
6411388
27108072
7835104
2813115
24004497
37329314
12912641
37329314
21131148
12750874
16308084
14773470
18252391
12053288
33242822
2272085
8121375
5847162
9043769
16968033
10473474
33242822
16913916
9625268
11744220
3438792
29713031
3603113
14990793
33242822
16968033
9559710
2793262
9496353
10497207
17775866
15856912
4149216
13677770
11342095
3432015
11342095
5393580
33551412
17775866
6747181
3450215
2920015
33551412
10660057
14678138
15666968
20904328
13331023
6574894
