177766892
-1
-1
365130892
157981430
-1
-1
-1
279980459
455293271
-1
-1
2004262
273147932
-1
164072729
259713570
148669305
400824468
-1
100483178
246775760
-1
-1
-1
-1
461092388
-1
-1
169323981
-1
-1
184245270
118676597
-1
-1
29797741
391395901
-1
238883315
294386037
-1
-1
-1
172287115
-1
349849224
-1
-1
399282282
-1
162364366
4761377
109929820
259667317
162771310
290945118
318562491
37004523
-1
324051966
-1
-1
35612244
-1
125941678
283370158
14403940
15708445
169919120
-1
-1
-1
-1
412450329
-1
383207406
-1
291675480
-1
134607678
-1
324244376
-1
-1
-1
-1
306981222
105347031
-1
-1
-1
-1
-1
130382385
-1
86613860
318203003
-1
-1
290389216
290402652
64162319
-1
-1
-1
410321020
-1
-1
139517043
-1
57083596
217794196
408229965
-1
-1
-1
218430168
-1
232480648
-1
14208512
377143944
385260658
180812437
-1
-1
-1
-1
294739163
423256147
7602597
273067925
-1
-1
-1
-1
298170128
-1
418862759
-1
-1
313851708
-1
-1
-1
-1
406526453
-1
68211916
-1
-1
468296505
71851720
-1
-1
18964020
-1
283389705
132992586
363229959
-1
-1
206258397
-1
-1
454721662
425724758
-1
307618405
-1
-1
-1
361607831
407810484
173359311
251701603
43463329
52137393
-1
-1
-1
143362111
-1
-1
110257777
49701996
-1
-1
-1
298322426
179064678
-1
346863919
44346977
-1
-1
55171625
-1
-1
-1
384248718
-1
45148487
327746161
-1
-1
-1
222600869
179463539
-1
87739829
260081661
-1
-1
-1
224006416
45091488
-1
-1
-1
218133040
242869992
-1
-1
149686414
204374024
-1
-1
226991564
107864191
-1
250955179
339848006
-1
-1
30407414
-1
254232391
13397375
180220919
329030696
66872863
-1
415658602
-1
-1
151542692
-1
242544904
462679590
-1
-1
381781012
-1
294442852
400669618
-1
-1
-1
365479023
-1
-1
457880271
398337814
-1
409388822
-1
152627146
251067160
51515018
-1
-1
-1
-1
-1
455151357
-1
209339250
86759747
13671689
198592760
371697041
-1
181416976
370913498
-1
-1
187773608
318773169
-1
382745273
-1
-1
-1
-1
4797905
-1
61735874
-1
-1
-1
-1
152388937
284118420
153204753
-1
-1
-1
-1
-1
-1
142231898
-1
-1
103946421
-1
-1
301898191
23828911
-1
-1
192941204
-1
-1
-1
-1
324350082
423778309
-1
-1
260011997
-1
-1
-1
95595291
133594935
146299255
429825987
-1
252651603
408977750
166148638
-1
-1
122955029
-1
-1
-1
-1
-1
-1
270882089
383248697
-1
185293556
-1
-1
200578318
38426990
1006952
305421766
-1
156992155
388518923
-1
-1
388241750
-1
-1
-1
-1
213991200
205682658
-1
408060674
-1
1717922
-1
237040086
-1
-1
-1
406535975
103472780
-1
-1
-1
431079954
-1
156982715
-1
-1
223743111
-1
210038927
213206547
432885619
-1
231443567
465397322
351586517
-1
-1
-1
-1
-1
-1
-1
93381380
233805626
438014195
-1
43847595
210659859
253780960
-1
-1
71590293
324393887
-1
94869487
315389987
361078362
-1
333480521
287932870
-1
346284791
415501254
-1
-1
-1
-1
101394190
-1
-1
207989662
232344095
-1
95453432
195614280
-1
-1
-1
-1
363687480
157639236
-1
460860437
152240550
67654475
-1
261253618
-1
-1
440040018
-1
-1
-1
363699346
-1
-1
99686986
-1
-1
-1
64732417
-1
257179187
-1
-1
349901611
-1
381850959
209173279
-1
-1
-1
248195955
255290081
120883497
-1
-1
242159683
-1
-1
-1
155477851
203515810
-1
-1
-1
-1
-1
-1
88978857
-1
-1
70528543
256973478
385313186
421753253
-1
400252210
366040428
-1
76671099
106282997
-1
49870871
91432006
435712325
435020143
-1
112040638
-1
246869374
45600068
-1
-1
118575079
10735509
-1
-1
358795792
-1
217206416
252794888
-1
-1
-1
450374156
-1
157464783
308142331
136308942
256866880
-1
37998448
-1
23622766
-1
-1
306646236
202381627
113490620
-1
-1
305211598
217937101
434751366
202999030
-1
-1
318121011
8181344
90048345
-1
462840159
-1
304311186
211372360
165113139
437698764
67199388
-1
-1
431346151
-1
-1
297048639
-1
-1
-1
66843701
-1
-1
-1
423494892
7467266
-1
339760393
129500916
-1
55290101
453934302
-1
164535021
-1
-1
73870137
343809129
137565634
-1
5724989
239899891
431696805
263649682
270653105
-1
-1
-1
-1
-1
56936487
258528909
375532550
-1
-1
345248392
419082383
374073344
-1
44599158
-1
393889026
-1
-1
241406608
-1
-1
212372403
65257288
50570311
37873507
197424728
47934433
-1
-1
-1
422025995
437774919
-1
82504006
326221501
-1
-1
134355603
241361207
-1
-1
-1
195303749
-1
172548637
-1
-1
397669601
193925302
363183837
168540934
97103496
300073842
-1
424041933
337447474
133349088
-1
420497665
-1
247214205
-1
-1
-1
-1
-1
-1
-1
265618531
-1
-1
-1
261491146
-1
-1
17291793
178607890
-1
-1
-1
303772009
-1
120659061
27152594
-1
263577168
-1
100920061
-1
-1
450691357
103899854
-1
353228171
-1
218154322
16304305
363845063
138483144
280494842
-1
-1
-1
424691118
-1
393751111
-1
355902132
-1
3320545
-1
229599636
109927340
228335817
240764971
317298124
50736629
-1
-1
406371341
460493128
-1
-1
-1
-1
86182145
384105369
-1
201319133
400427300
-1
358370125
-1
-1
140185509
-1
-1
455011991
278149171
158165941
232821940
394035359
-1
-1
-1
-1
-1
-1
186598952
270610927
-1
391165775
243349333
-1
-1
87980831
59487089
-1
-1
365025289
187425540
352471055
409050862
-1
63703635
121301037
-1
426027619
129764743
195522488
-1
386873361
-1
203739232
-1
244623442
-1
408457241
347301486
398351357
-1
-1
18617244
-1
192278862
374594338
-1
180992941
298706481
-1
-1
-1
156660497
-1
9173347
99717814
240199198
-1
194474743
-1
4597715
317625869
-1
-1
-1
185800702
457268607
294906443
-1
-1
-1
381865937
95936863
92856761
-1
415169512
87415865
-1
-1
-1
460894116
-1
-1
-1
94443495
-1
304681239
-1
-1
68068861
-1
274000096
-1
-1
-1
-1
123285735
265233524
-1
-1
-1
331307100
167971510
-1
-1
-1
255622604
-1
-1
51099126
-1
108565613
223797007
257703037
-1
-1
64256926
-1
-1
222107597
-1
105670250
-1
138330256
254199886
319054840
-1
-1
107956682
-1
-1
-1
73440017
424795148
312602042
-1
333097200
-1
-1
-1
305570712
-1
-1
112021234
463842744
-1
200142050
-1
-1
-1
150654237
-1
22114275
-1
9414688
-1
-1
-1
-1
363624516
458219079
-1
218302755
-1
147945946
-1
93331665
-1
-1
147858157
248357634
-1
245594623
-1
401038242
389463822
396161216
-1
40799258
-1
371570442
-1
-1
456764673
324863627
-1
-1
319941394
-1
-1
36229973
159269714
197327831
223597428
-1
47408319
306866581
410649257
-1
-1
340807414
270905655
-1
-1
-1
-1
-1
256839913
-1
386080419
130650491
350243063
39293514
57079207
409890643
343277032
-1
101150486
-1
445633155
-1
460018289
30462297
-1
-1
-1
279950364
195138495
48917553
-1
299605883
15828614
-1
-1
212488714
415883787
-1
-1
-1
348527744
-1
-1
-1
173266325
-1
-1
319810122
469201482
39498543
-1
137782842
-1
-1
-1
-1
92933826
341570158
204654740
-1
-1
248602948
-1
237174215
465440128
166692911
-1
17566040
386437656
58645393
-1
-1
22287221
-1
-1
281040056
-1
-1
-1
319005128
362743784
-1
-1
127134945
-1
-1
-1
-1
404789121
-1
-1
-1
381836084
268368694
-1
314723924
-1
67577892
54611645
-1
383959644
-1
415195986
-1
371954836
387616980
-1
306388139
-1
-1
-1
153850427
258880851
-1
417153054
-1
-1
-1
-1
-1
-1
-1
-1
-1
-1
350433114
-1
-1
-1
447402425
375220056
-1
-1
33635204
67646049
206143686
-1
426026172
-1
283293454
-1
448164516
177429756
-1
183246789
-1
-1
403918566
-1
-1
67071909
294640799
201727717
-1
-1
99081707
-1
32071434
135055514
-1
220394127
-1
-1
-1
384151882
-1
-1
-1
317854311
208364411
234294459
-1
-1
-1
145978594
-1
19782068
116235016
172408923
-1
-1
18396530
361362804
-1
-1
368053362
357711761
-1
-1
74059904
275538125
179313618
-1
458473927
-1
120645538
336132576
-1
-1
-1
333081034
-1
120930347
84379540
-1
-1
-1
-1
276632657
-1
70016710
-1
219167866
-1
10169850
-1
-1
21567930
75672812
95114066
-1
-1
461156335
-1
-1
330270204
-1
407901644
185057219
-1
334428034
-1
206061259
263322765
217306307
-1
210416593
308719882
116543284
442873191
-1
-1
232097750
222492179
324179950
-1
158187671
33844713
-1
113173262
83950244
-1
270157738
223748517
395344987
-1
-1
-1
-1
-1
-1
333680780
382623342
-1
55254882
-1
-1
146369491
417083513
-1
372767404
-1
415695786
457155327
-1
427610114
153211491
-1
-1
290493230
201049788
-1
197927735
40517369
-1
-1
233011399
-1
-1
460889961
321965305
-1
-1
-1
-1
-1
-1
-1
85770763
147296530
-1
-1
-1
276716960
-1
90271642
385604739
-1
-1
-1
-1
384768356
54351668
465556163
259499643
-1
135676376
357318222
334488694
-1
234633907
207721291
46556230
-1
-1
-1
281229500
-1
248015775
14276108
-1
-1
21082755
-1
94137201
-1
212404384
343598826
-1
-1
375634711
181022233
116263912
-1
122386050
456078296
-1
287255909
-1
116703215
77402449
352042553
-1
61828797
-1
-1
61697521
-1
316792043
-1
100349563
335806862
231095866
-1
289685589
-1
-1
-1
-1
83395819
-1
376453589
-1
-1
454798894
-1
47256798
390581379
247757614
-1
-1
-1
104568271
-1
-1
201087238
255510252
338209064
-1
-1
-1
398284983
41480079
-1
-1
298848632
-1
-1
-1
358077839
-1
-1
18864219
-1
139317924
431464143
-1
144510723
296018102
462247172
-1
338268198
49654270
126771739
223519615
131632427
342507248
-1
-1
-1
270815577
-1
-1
395076260
-1
-1
-1
-1
80714536
14840580
86534372
-1
220124177
204264839
163212790
-1
-1
5816906
84029732
39012788
-1
-1
377905168
8025603
310937366
-1
273800308
-1
-1
-1
-1
-1
-1
-1
-1
397818613
153336978
-1
-1
-1
161527702
462092148
442148769
-1
452414474
102272757
467725302
-1
-1
-1
139007334
225604235
151644464
338754841
363918436
399641177
359072423
-1
-1
469450680
-1
6734075
-1
39208253
289119727
424641742
377601004
164592314
-1
450439503
329163445
17879581
140241237
-1
275485440
441627121
-1
-1
343055733
-1
-1
-1
180236217
-1
-1
-1
-1
111858539
-1
313632416
139089447
-1
-1
63641859
-1
327522860
387169287
-1
345709963
392114970
-1
-1
-1
113706516
-1
252384611
-1
-1
75660462
377882840
351549551
-1
325339365
-1
311142481
272496455
142717451
246486104
189275150
-1
-1
293583319
167065604
178874540
167840330
-1
413462385
193493323
349646505
257302990
239837783
-1
-1
-1
351502417
-1
-1
-1
-1
196046075
285228307
289250301
337430575
401818192
105711524
233870125
-1
-1
-1
126986244
278896015
905855
-1
257738291
32812563
-1
-1
222087333
22742538
27705783
249378465
244027277
-1
132781165
172309057
422859532
280968875
-1
-1
-1
-1
-1
423994927
-1
257112617
200982741
112828308
-1
277598167
-1
47292198
230827632
150779939
-1
-1
-1
-1
277867135
176708218
-1
-1
-1
-1
-1
-1
427525216
-1
-1
295346239
-1
218971659
17475356
341476646
-1
-1
307052429
-1
-1
396828679
-1
-1
-1
-1
4256512
-1
363860891
-1
191226387
-1
13440699
50792935
-1
353073564
-1
-1
250108533
249091990
-1
-1
437654302
172901232
-1
215070006
181228779
258728235
-1
-1
-1
-1
-1
-1
246035403
358463620
-1
154932928
74680423
413247172
301735425
338735295
-1
145378973
-1
-1
-1
-1
-1
-1
161461828
460752738
53365340
-1
-1
-1
318371207
168736672
-1
252091112
-1
144518603
-1
46098627
-1
-1
316604281
231304780
-1
-1
-1
127278871
-1
334550686
-1
464102511
345920696
-1
30994479
410596692
-1
-1
29462458
380631181
-1
-1
-1
-1
-1
330263157
-1
-1
-1
-1
-1
469113794
163323943
429805449
120673772
-1
62376946
-1
25005534
329104941
371854590
302382197
58372238
-1
324908748
2370319
2817281
-1
459453925
242724026
-1
-1
-1
-1
46037212
-1
175426703
-1
-1
241275758
247161182
-1
-1
426203511
-1
-1
338826492
419907016
434258272
37482864
-1
-1
205033708
-1
228375903
285233025
-1
-1
139345152
-1
-1
17958113
-1
-1
344443827
-1
357420702
83424095
40772551
466906166
-1
-1
284274967
-1
-1
231641224
-1
428326701
294391432
-1
-1
-1
-1
91380095
-1
428525590
-1
443269296
222623265
-1
383867405
-1
-1
-1
434407297
-1
229453326
-1
413484368
383988560
289242307
-1
368279848
-1
-1
87088417
209268336
426667613
371777598
-1
256368527
-1
300239312
-1
36773635
272626935
-1
412322088
164900831
-1
-1
42194221
124213979
221993544
-1
-1
-1
242174758
246771208
-1
61992703
-1
464543240
260779729
-1
-1
265138430
255541649
305836417
106395960
139509193
412961285
408868629
-1
-1
-1
-1
-1
398397413
-1
2963906
-1
5456672
246219434
66931514
-1
176584053
-1
433826649
410715629
-1
-1
163658730
256659478
403889166
229872549
-1
421263663
-1
301194182
-1
-1
269456227
133104128
73184707
-1
200254703
-1
-1
46715806
191680472
-1
269353126
93108939
-1
-1
-1
-1
-1
12849682
328108298
-1
444858179
341695277
60852142
271558556
-1
301037429
-1
430844241
-1
198189051
-1
-1
-1
977127
178010970
421106908
427458267
2867572
331773538
4127659
13079767
-1
-1
-1
-1
9226666
196371555
-1
333982989
371332640
181449136
158762575
-1
409233373
458008675
334726953
298022065
341359572
40231999
-1
141821935
-1
318081440
-1
183656324
410834324
348254361
291439665
-1
-1
171071446
-1
184644042
-1
203103665
-1
394452757
328669351
-1
85684659
390264841
349613067
216319739
84920021
25926516
-1
467347256
251728194
99679754
50831463
-1
-1
133393810
-1
-1
-1
428696912
253825221
-1
97294990
87339065
-1
-1
-1
71378825
-1
183456386
303355574
-1
137531
267994216
-1
126428546
317872932
409866547
47023220
-1
-1
-1
-1
-1
44546187
-1
-1
446571343
381979121
-1
-1
-1
402716300
56220504
-1
-1
243295465
355412252
256666917
-1
-1
-1
-1
94228894
-1
-1
274887464
-1
265223347
-1
46608045
-1
147652970
70480425
-1
-1
450593652
-1
365186462
365466104
-1
-1
234679881
-1
109111471
-1
186165627
279713284
-1
-1
-1
54106192
-1
76462626
387990927
-1
191609862
-1
257671312
-1
-1
-1
-1
-1
-1
-1
-1
-1
-1
-1
-1
-1
-1
-1
-1
-1
-1
-1
-1
-1
-1
-1
-1
-1
-1
-1
-1
-1
-1
-1
-1
-1
-1
-1
7221739
-1
-1
-1
-1
-1
-1
-1
-1
-1
-1
-1
-1
-1
-1
-1
-1
-1
-1
-1
1479525
-1
-1
-1
-1
-1
-1
-1
-1
-1
-1
-1
-1
-1
-1
-1
-1
-1
-1
-1
-1
-1
-1
-1
-1
-1
-1
-1
-1
-1
-1
-1
-1
-1
-1
-1
-1
-1
-1
-1
-1
-1
-1
-1
-1
-1
-1
-1
-1
-1
-1
-1
-1
-1
-1
-1
-1
-1
-1
-1
-1
-1
-1
-1
-1
-1
-1
-1
-1
-1
-1
-1
-1
-1
-1
-1
-1
-1
-1
-1
-1
-1
-1
-1
-1
-1
-1
-1
-1
-1
-1
-1
-1
-1
-1
-1
-1
-1
-1
-1
23359649
-1
-1
-1
-1
-1
-1
-1
-1
-1
-1
-1
-1
-1
-1
-1
-1
-1
-1
-1
-1
-1
-1
-1
-1
-1
-1
-1
-1
-1
-1
-1
-1
-1
-1
-1
-1
-1
-1
-1
-1
-1
-1
-1
-1
-1
-1
-1
-1
-1
-1
-1
-1
-1
-1
-1
-1
-1
-1
-1
-1
-1
-1
-1
-1
-1
-1
-1
-1
-1
-1
-1
-1
-1
-1
-1
-1
-1
-1
-1
-1
-1
-1
-1
-1
-1
-1
-1
-1
-1
-1
-1
-1
-1
-1
-1
-1
-1
-1
-1
-1
-1
-1
-1
-1
-1
-1
-1
-1
-1
-1
-1
-1
-1
-1
-1
-1
-1
-1
-1
-1
-1
-1
-1
-1
-1
-1
-1
-1
-1
-1
-1
17766341
-1
-1
-1
-1
-1
-1
-1
-1
-1
-1
-1
-1
-1
-1
-1
-1
-1
-1
-1
-1
-1
-1
-1
-1
-1
-1
-1
-1
-1
-1
-1
-1
-1
9263114
-1
-1
-1
-1
-1
-1
-1
-1
-1
-1
-1
-1
-1
-1
-1
-1
-1
-1
-1
-1
-1
-1
-1
-1
-1
-1
-1
-1
-1
-1
-1
-1
-1
-1
-1
-1
-1
-1
-1
-1
-1
-1
-1
-1
-1
-1
-1
-1
-1
-1
-1
-1
-1
-1
-1
-1
-1
-1
-1
-1
-1
-1
-1
-1
-1
-1
-1
-1
-1
-1
-1
-1
-1
-1
-1
-1
-1
-1
-1
-1
-1
-1
-1
-1
-1
-1
-1
-1
-1
-1
-1
-1
-1
-1
-1
-1
-1
-1
-1
-1
-1
-1
-1
-1
-1
-1
-1
-1
-1
-1
-1
-1
-1
-1
-1
-1
-1
-1
-1
-1
-1
-1
-1
-1
-1
9890011
-1
-1
-1
-1
1213184
-1
-1
-1
-1
-1
-1
-1
-1
-1
-1
-1
-1
-1
-1
-1
-1
-1
-1
-1
-1
-1
-1
-1
-1
-1
-1
-1
-1
-1
-1
-1
9346715
-1
-1
-1
-1
-1
-1
-1
-1
-1
-1
-1
-1
-1
-1
-1
-1
-1
-1
-1
-1
-1
-1
-1
-1
-1
-1
-1
-1
-1
-1
-1
-1
-1
-1
-1
-1
-1
-1
-1
-1
-1
3158567
-1
-1
-1
-1
-1
-1
-1
-1
-1
-1
-1
-1
-1
-1
-1
-1
-1
-1
2255981
-1
-1
-1
-1
-1
-1
-1
-1
-1
-1
-1
-1
-1
-1
-1
-1
-1
-1
-1
-1
-1
-1
-1
-1
-1
-1
-1
-1
-1
-1
-1
-1
-1
-1
-1
-1
-1
-1
-1
-1
-1
4132318
-1
-1
-1
-1
-1
-1
-1
-1
-1
-1
12208954
-1
-1
-1
-1
-1
-1
-1
-1
-1
-1
-1
-1
-1
-1
-1
-1
-1
-1
-1
-1
-1
-1
-1
-1
-1
-1
-1
-1
-1
-1
-1
-1
10041621
-1
-1
-1
-1
-1
-1
-1
-1
-1
-1
-1
-1
-1
-1
-1
-1
-1
-1
-1
-1
-1
-1
-1
-1
-1
-1
9811820
-1
-1
-1
-1
-1
-1
-1
-1
-1
2623622
-1
-1
-1
-1
-1
-1
-1
-1
-1
-1
-1
-1
-1
-1
-1
-1
12878969
-1
-1
-1
-1
-1
-1
-1
-1
-1
-1
-1
-1
-1
-1
-1
-1
-1
-1
-1
-1
-1
-1
-1
-1
-1
-1
-1
-1
-1
-1
-1
-1
-1
-1
-1
-1
-1
-1
-1
-1
-1
-1
-1
-1
-1
-1
-1
-1
-1
-1
-1
-1
17913229
-1
-1
-1
-1
-1
-1
-1
-1
-1
-1
-1
-1
-1
-1
-1
-1
-1
-1
-1
-1
-1
-1
-1
-1
-1
-1
-1
-1
-1
-1
-1
-1
-1
-1
-1
-1
-1
-1
-1
-1
-1
-1
-1
-1
-1
-1
-1
-1
-1
-1
-1
-1
-1
-1
-1
-1
-1
-1
-1
-1
-1
-1
-1
-1
-1
-1
-1
-1
-1
-1
-1
-1
-1
-1
-1
-1
-1
-1
-1
-1
-1
-1
-1
-1
-1
-1
-1
-1
-1
-1
-1
-1
-1
-1
-1
-1
-1
-1
-1
-1
-1
-1
-1
-1
-1
-1
-1
-1
-1
-1
-1
-1
-1
-1
22066352
-1
-1
-1
-1
-1
-1
-1
-1
-1
-1
-1
-1
-1
-1
-1
-1
-1
-1
-1
-1
-1
-1
-1
-1
-1
-1
-1
-1
-1
-1
-1
-1
-1
-1
-1
-1
-1
-1
-1
-1
-1
-1
-1
-1
-1
-1
-1
-1
-1
-1
-1
-1
-1
-1
-1
-1
-1
-1
-1
-1
-1
-1
-1
-1
-1
-1
-1
-1
-1
-1
-1
-1
-1
-1
-1
-1
-1
-1
-1
-1
727822
-1
-1
19829267
-1
-1
-1
-1
-1
-1
-1
-1
-1
-1
-1
-1
-1
-1
-1
-1
-1
-1
-1
-1
-1
-1
-1
-1
-1
-1
-1
-1
-1
-1
-1
-1
-1
-1
-1
-1
-1
-1
-1
-1
-1
-1
-1
-1
-1
-1
-1
-1
-1
-1
-1
-1
-1
-1
-1
-1
-1
-1
-1
-1
-1
-1
-1
160964902
429554609
911244645
544802688
67570330
888768191
803995935
924295758
840981519
639130598
232823405
297277869
879810226
218450835
158621764
119261692
722300470
390257508
652352799
442903014
648295238
756481971
788566383
680157444
300561816
84169022
104569672
54732965
162033459
788416659
329061858
65004948
403256874
623096886
931730981
652902392
395755410
748574164
265572410
874090024
460089639
405845571
745108890
877560180
113689608
424211106
215931788
6893146
936584677
74507657
105611412
810033571
557025366
395777826
122562196
479305835
180732662
630468800
387001880
573121591
647250775
523648539
928357590
485887741
120945095
911909950
559328556
619397730
254969191
927533241
245575972
12957133
232850871
383783728
870464922
384564552
220255790
466985181
232292583
645136577
918116532
903422623
453910171
590489156
707203429
490650448
555479874
711823140
387041124
632996837
923138387
69100465
797084839
837053196
664229893
211586825
862553825
691253875
831122238
439686376
694057371
709033536
527474714
816822155
490648277
418380743
873132213
668967009
482096559
548630301
107180781
786090285
300516101
781578385
924345625
912521817
603750500
334440713
694200595
8870025
698811646
136366268
101405505
680278772
571674280
333087966
525252992
407413336
913070760
897981518
83155937
402426316
110896825
869933451
693390204
457307082
161259289
626202915
376934617
285459448
294314081
625756034
357296317
385287256
734485667
628751913
274286605
225683058
787804471
48964653
764908024
708395438
750322673
102652949
494050784
321139114
53023974
680280909
534494041
433945528
381265322
433036446
895101442
597988335
263843047
200286781
278635077
795591824
906945659
288248166
375545062
232659417
165315307
565216836
88615970
560856436
223687772
613847088
130104388
474914728
897483456
441839149
476300721
838203827
200788849
215556519
352448036
851091124
559575773
379532186
306461917
158447799
15611118
448787739
121708517
42048188
436499979
663664591
739016263
284897505
248093197
614105861
495419030
30877473
739292496
547799368
522296614
385593595
125944492
257042691
836271810
148089515
801212384
577450867
724923957
682284973
319848183
394902223
603393075
512212582
888915101
896731306
598522725
394122510
219457611
921198162
620637651
563977984
245312591
645919388
878978134
103166405
883302848
114044596
528488086
745279034
9170295
830249822
715390365
646733454
851653570
528037913
655243322
861484817
759813957
149696964
703729990
793416529
496115954
132147642
118681075
914992919
885237754
614201515
732367439
318477555
411087211
46976050
915619308
304726499
619912418
531187077
49668470
48397212
161087085
448799067
856550062
667937614
564539775
119285551
285261896
128490602
142182589
25048442
905669741
306678562
79237405
452469602
823605482
681618868
722464185
176935342
619706030
538777235
521187921
305223091
32352994
117856371
828313674
153494974
673868408
545993093
212449135
91542231
549716056
282964007
434617636
265565514
269565866
652416115
926281943
812559061
196378432
686878094
834021216
92931443
649792225
702590351
278253509
598656489
262031680
565479379
76210073
130914527
714475729
125971873
882443925
429327340
255748534
391877942
409708650
141468904
168869212
219154372
710445
280405972
596895312
858486029
513384859
126678921
526762338
235479960
863574165
403209562
521408988
424460647
728547743
43913001
170834978
47316238
71683144
414281779
570934289
929787306
530108671
157737672
555444625
328290472
444568304
455848260
730369826
661502410
32792108
162821668
662272992
200295635
204976760
101955307
247423412
267888013
708347209
736802204
720929543
197357252
934442255
415474447
823245516
156172108
401690192
201954673
432787649
470923267
920918124
250879510
99618809
428078335
722651687
278226146
52464054
102024907
232349576
297141005
137368650
718953598
275842695
20764792
816944791
794951617
359148065
288391595
455662504
233623073
412872712
23361558
877508835
100372579
474371211
86458141
821086606
754960983
856717645
477864002
702815473
514974797
223607053
111611305
567519444
592487005
72270873
562967953
473878770
867875407
875642773
700143748
919812980
414453804
356001122
895674789
430338626
555752032
288676678
895081941
887973368
283810163
183309358
162563494
888970758
480900796
127297411
725558305
145753593
129615629
140191847
696315859
554581875
391062262
520838391
732113641
386830155
247296502
293487842
469417185
715425528
411678622
597572867
728900689
824972141
362053578
129336358
719400901
592160365
4324077
803517000
847180177
536513975
559747445
399563470
349418738
600609709
603154816
69154356
323205646
301312803
154771308
154276021
618868658
579785403
165068019
674715489
440784531
863120772
225959824
743961089
346734465
612148765
24405135
243175150
172114428
22559206
85052689
210054636
214310898
345833013
917873838
114187389
495513744
860106272
727615764
703966159
410114058
335009266
69666446
204246156
786766577
651622576
516747406
152115327
38068581
153910857
599410786
565863345
706858142
524220991
679889943
75205184
570284311
557393234
514716762
420824144
382705890
724876858
264047697
725700129
864980054
48199281
762278242
104705418
411547602
514827028
817042712
302609190
244697772
425470004
856327946
836370997
549984865
268474207
770054625
192163827
820925793
563323845
424145498
890874359
673005231
866808962
275922643
257709349
936746181
47763570
503799875
257683440
828042166
13304922
490434195
515893819
636998641
160593010
783251363
663952202
30720610
929847094
133026919
202994670
689627148
129726795
591711021
176400493
855691384
716694526
429730488
847776767
245059506
743394620
862514947
384825665
592350220
537771769
717329513
510174529
534214337
139972320
178315889
723273042
712475535
68067430
30630863
742002541
466452100
255087878
754790449
64159372
424137729
680574311
760093912
557497484
630742062
814155582
469405073
140106522
148476320
236455433
710271819
545199315
745702812
755504898
79795290
183575471
165500386
315242696
528001606
765202177
312311179
597323883
223836245
935194539
78782202
803318274
121590322
541071761
313072681
617543429
852903719
412777066
454421894
280254959
236407621
259143001
544846258
338475501
804776563
833707764
543725740
438613589
856004314
337522831
55020941
754248469
925066743
192142996
654398067
74522402
33190396
475101929
896800832
271679877
626930881
71681672
929095426
230981194
645708577
175899538
385132581
393489292
354233636
220184829
877708154
331393368
796316913
918791726
91841733
326852617
779152708
39245020
545799514
352211254
924557202
543917478
591760462
605715169
424340844
146060830
914277727
496911828
755005078
897717363
857861402
560266530
852896631
582152791
472504733
607443529
495725691
934735422
197680462
661013598
910105340
406548494
436245977
648658059
297690660
772127989
703887573
345129119
638506395
28021829
895796663
608287302
879077798
691804938
547974766
550089768
410818230
9656162
276293398
904829194
625852211
685007092
530639795
534220819
751917285
244921550
89761524
355664399
905509228
786055848
396264172
461669356
237004976
281702914
762652526
554395658
847035145
526581895
754552472
249672416
663809552
769809580
819692171
527200681
836886701
556105857
117956896
595068098
4784131
610690138
44403133
474087436
839018109
294137324
794375985
216571408
641088130
604389907
402472157
836164119
721509718
788723194
684052276
677474223
535241702
719021306
770295960
778631854
228521790
244975968
348896301
250404199
764583592
504808921
927619704
807981272
716455859
650970208
257478998
937838138
293195300
633081846
8873843
615885093
839250013
369262098
307896441
536939722
335415847
33144698
203558190
851794970
789582214
436577550
935328866
702408647
606881500
259729447
192435338
227671167
857792080
911832132
469231397
703910498
324678354
592104663
27284474
705674808
439064451
314298648
918645351
426635871
798014802
125435913
764216054
308156841
139538657
450259899
40100917
635028827
375146220
376931148
388863615
223253442
312460218
906661019
693541213
488671564
883885155
936960604
610264705
228225509
788569278
26801163
2726532
351805136
770037150
300915956
680691081
59663025
404005184
313636275
64580022
205064984
318351737
922028952
142769104
758169590
41050714
115240778
633642045
637965560
732191168
18858234
39747487
110530541
258816337
476318419
647654492
444971364
284699699
20281155
307484981
291993631
921342160
279006728
434837220
870373960
754039986
686592192
849602179
338930547
671727495
801142702
617322926
308812165
474053800
575363138
486266065
906648170
843829286
696115435
443904744
300335383
454857043
113575192
887838565
156539352
313388184
168201803
323731702
425019166
549583862
708823831
914583766
55117171
921640349
585239900
211588182
124579139
276200962
331597732
468362965
449762410
73314198
277348451
743950498
938021341
819726866
477495300
109599069
196389333
515846078
641895652
560497476
434717167
446190580
862177746
429993279
859853032
769399341
517528959
234312534
16628967
89389718
48016265
5956734
523672177
496942311
377671035
835106773
218572653
795904653
730322367
459713221
131289200
24988417
675679933
389442339
31539028
119485518
262441026
725738363
622028403
791658290
622539792
87567640
115931667
711174483
200689482
381453796
623920271
69016259
78953815
806780661
332029136
791700265
759396895
566079025
302219547
387993318
297791678
578790287
625865200
643614996
167527539
875223508
904994027
488495589
195718527
877610103
670234423
903570105
205805014
47900746
147224510
521996886
811867776
389723833
549149227
295463355
437399760
195976232
835150182
89799711
48932448
487285732
399674394
311179488
430488408
472093710
630625936
127599858
446883589
706872025
49457762
823412505
189914738
488941611
440848199
414138185
164111467
403853940
475818813
801649935
747434964
582926968
627254805
343512754
246590102
574122169
216340772
21899354
801458405
86448665
181915929
528701606
383380699
648137121
78157910
911493038
509851006
185956201
367741468
728159630
