981
960
443
508
79
528
9
251
972
151
114
646
44
584
355
533
802
161
314
744
202
621
654
246
120
140
337
179
728
295
31
613
706
592
921
945
653
912
6
235
521
277
373
416
445
407
811
84
437
333
73
378
664
1
448
639
187
753
130
160
249
754
917
605
458
618
854
269
537
68
943
380
852
111
661
63
310
364
816
807
751
669
212
415
679
281
569
942
262
695
987
147
815
641
154
531
403
231
878
257
370
818
527
326
319
371
903
51
21
567
555
293
238
638
612
442
922
624
213
832
586
997
763
57
33
716
495
38
957
121
128
808
836
900
270
123
181
657
280
422
369
724
503
604
594
342
307
426
543
578
29
686
892
614
124
969
409
863
492
112
463
511
18
266
500
800
798
232
196
90
94
25
325
705
833
964
119
208
561
871
812
857
888
11
928
989
908
633
526
672
52
284
313
829
474
959
32
118
916
345
593
723
991
444
881
745
950
687
844
360
20
467
791
712
7
283
309
982
941
413
489
967
366
617
316
291
790
560
803
394
348
432
475
746
794
146
398
344
28
116
693
294
222
30
218
190
95
582
948
544
944
199
353
434
412
842
107
849
135
874
460
55
910
351
769
206
381
848
719
978
956
781
338
648
48
78
183
920
876
756
466
809
139
406
247
734
8
383
955
670
189
428
236
603
731
515
587
775
975
440
608
535
691
707
552
253
166
391
331
243
35
462
205
773
311
909
835
609
583
133
748
200
158
845
312
524
169
868
676
771
860
741
375
473
840
80
901
374
697
601
275
388
759
709
4
204
372
667
792
749
363
210
886
596
479
377
747
722
949
45
279
623
904
742
678
452
843
990
520
577
925
813
721
491
211
214
323
82
50
799
752
824
192
390
704
939
919
883
87
75
287
858
720
658
685
465
172
548
433
936
341
486
558
54
288
880
690
652
156
171
736
810
902
568
66
255
137
522
13
167
732
962
352
581
24
15
970
529
988
536
379
227
177
954
376
237
305
477
519
656
215
125
423
332
104
846
768
250
240
117
61
105
225
929
785
906
481
264
153
389
98
39
301
525
599
476
386
675
408
647
46
265
285
804
743
233
37
327
10
973
194
999
304
546
62
99
334
362
512
322
758
12
932
274
81
193
885
998
890
260
556
698
862
825
34
43
101
330
847
306
523
996
714
821
937
993
239
216
404
715
419
961
701
576
630
782
674
597
635
611
893
884
504
343
963
510
127
637
837
271
711
16
589
786
505
286
571
733
727
163
907
420
387
726
60
516
683
148
566
600
977
56
553
258
595
58
767
864
219
175
138
303
228
968
717
783
983
485
659
252
851
770
509
354
562
984
396
217
164
368
14
110
572
591
787
502
74
468
551
425
806
700
165
557
22
547
574
53
464
992
795
384
65
19
195
382
203
506
517
168
324
186
805
318
410
191
979
797
817
198
580
263
713
450
170
455
69
826
358
292
762
895
570
538
761
899
850
958
865
209
224
361
772
532
59
399
244
27
607
40
451
634
918
41
71
488
699
616
424
321
328
952
859
273
573
923
430
0
438
92
397
662
729
365
446
703
628
96
708
185
831
501
879
103
221
649
534
930
484
483
789
938
3
549
173
953
539
793
814
994
839
144
126
453
897
129
122
109
478
740
145
152
349
276
541
933
300
439
631
550
684
339
487
841
427
143
766
620
400
436
913
93
115
725
197
150
356
180
91
268
867
935
229
471
615
447
346
248
493
776
882
297
755
896
590
97
298
482
856
141
986
106
855
643
296
737
392
554
267
542
459
887
142
441
435
694
457
89
606
911
157
564
201
940
85
640
496
102
971
513
2
86
927
889
877
431
176
317
645
866
934
680
575
162
660
77
395
159
588
819
42
671
894
780
230
875
242
184
663
411
702
681
898
401
622
272
665
931
88
598
472
5
651
290
245
757
915
689
739
626
822
655
610
830
402
134
696
710
499
627
329
823
507
682
100
801
625
174
278
17
563
692
207
149
565
421
853
869
461
820
308
914
350
67
241
490
367
924
155
182
540
47
26
417
636
480
870
418
289
113
178
498
518
974
777
131
514
688
256
827
254
891
335
429
760
629
966
585
315
302
494
861
976
414
668
784
226
796
188
995
299
497
23
980
666
619
644
677
735
49
650
336
778
965
985
673
530
730
602
76
788
905
83
261
454
946
136
385
873
765
750
579
642
718
545
357
774
947
926
259
36
872
282
764
220
469
779
223
456
632
449
108
834
470
559
738
405
828
320
70
359
64
132
393
347
340
951
838
234
72
242
350
42
402
538
606
94
488
173
747
197
506
23
594
466
737
651
953
121
717
234
546
481
939
878
336
81
212
932
571
796
189
541
127
317
327
708
443
832
262
280
202
665
504
809
201
7
961
551
32
550
982
150
882
897
232
311
646
763
385
758
65
562
337
917
858
275
992
145
892
618
403
993
734
330
502
87
608
745
276
278
238
756
139
946
827
110
132
375
292
687
436
752
306
104
894
659
405
382
840
413
329
531
568
461
990
389
666
776
566
419
800
206
6
444
983
980
10
291
114
725
300
910
68
533
820
653
263
434
332
16
828
125
621
876
459
211
937
650
395
235
593
199
700
313
193
88
521
944
387
760
645
987
498
677
849
539
698
898
463
493
595
753
986
429
129
514
297
814
685
149
927
331
490
981
612
774
220
572
247
826
261
850
426
143
80
873
602
176
153
381
505
989
118
351
410
644
221
890
492
793
667
718
805
57
810
102
355
335
558
527
575
785
914
123
736
279
46
688
529
564
950
69
697
811
40
333
634
271
744
748
113
400
900
321
392
273
101
208
246
896
482
684
222
699
679
314
906
116
949
296
161
507
248
513
853
452
509
307
196
838
187
791
638
445
397
294
548
138
787
742
349
637
895
854
528
377
182
866
709
915
181
669
819
200
95
48
500
714
836
283
496
388
214
570
45
191
750
607
968
794
883
60
988
160
749
911
158
549
519
723
249
581
893
90
508
862
449
5
374
629
720
686
19
554
33
775
952
416
168
614
751
269
788
285
780
611
586
847
485
398
823
287
707
925
628
467
773
523
534
584
888
803
39
951
439
494
958
371
3
617
848
767
532
89
553
806
83
613
73
422
486
640
604
394
664
999
816
590
258
795
442
706
348
997
924
660
281
689
770
218
43
603
358
954
630
267
473
133
305
537
58
657
52
967
675
172
338
366
813
977
599
845
470
647
383
20
303
205
880
864
353
837
771
447
0
597
59
712
716
167
792
556
656
9
846
391
36
754
198
778
401
855
601
115
703
766
215
390
768
674
922
430
945
433
962
1
563
35
863
870
166
942
726
784
97
573
418
704
511
451
921
633
909
474
804
100
567
655
130
670
757
190
872
835
310
842
184
865
320
155
966
74
312
477
871
605
30
352
834
236
483
552
518
323
764
259
408
185
877
867
956
807
701
974
414
955
345
12
204
625
86
378
302
360
250
487
295
157
600
340
240
37
930
406
824
979
147
560
663
368
407
2
180
11
373
31
316
938
972
380
51
298
818
357
354
857
781
84
839
379
682
935
177
874
879
82
902
24
908
515
270
497
943
437
702
450
111
696
715
957
852
801
926
561
732
789
216
934
119
272
91
579
762
117
976
62
457
367
268
933
217
786
654
472
424
632
233
907
738
821
163
825
881
913
404
733
66
991
108
799
239
162
777
808
423
229
565
72
576
453
227
544
440
489
479
861
797
425
25
109
510
399
522
231
365
998
8
29
55
47
284
596
464
131
929
186
192
589
779
501
530
420
588
99
308
4
543
21
346
152
995
583
536
38
948
901
75
996
364
128
341
559
591
230
120
693
503
318
203
256
251
691
512
885
18
179
309
103
223
661
841
93
722
135
264
156
265
255
681
27
727
719
740
441
347
471
142
830
421
67
50
137
626
889
724
253
635
636
465
817
446
70
106
765
159
739
372
126
293
652
705
695
324
105
274
920
289
455
122
456
963
412
454
678
642
815
844
499
577
164
460
905
648
427
649
56
721
44
79
415
941
616
319
547
96
76
22
891
899
175
266
41
288
587
49
931
692
241
243
148
868
610
869
524
631
174
741
916
252
151
343
431
912
585
735
831
178
334
165
975
480
290
641
393
209
315
491
144
213
92
34
782
384
369
690
14
624
495
478
428
28
569
64
746
545
790
468
622
730
919
363
195
643
970
713
78
342
257
304
812
475
386
254
516
154
169
98
277
226
598
359
683
322
627
711
469
112
26
731
960
286
432
409
396
219
301
260
542
772
859
694
843
875
658
662
207
557
370
71
210
245
344
904
328
77
676
851
680
623
140
124
755
829
887
769
361
525
299
994
339
928
802
985
860
282
134
136
376
141
61
728
759
973
592
476
244
54
918
984
438
146
936
969
17
85
903
783
356
325
609
228
923
224
107
580
668
940
417
729
448
326
965
578
520
170
484
947
225
822
743
971
886
15
13
183
671
964
574
619
959
517
435
555
710
188
620
540
194
458
798
582
53
526
535
833
362
673
856
761
462
411
63
171
884
978
237
639
615
672
905
103
302
781
841
322
696
930
477
614
336
122
848
405
422
792
989
917
251
339
671
735
361
634
64
651
348
433
804
694
688
340
504
763
550
125
181
716
334
31
71
742
261
999
318
300
487
14
468
834
58
165
194
35
732
330
801
767
948
813
657
548
661
96
674
177
516
132
962
885
11
717
737
193
519
236
179
712
505
779
563
734
747
870
993
912
650
262
267
265
599
151
248
704
89
583
441
432
372
94
752
940
945
224
293
138
5
285
860
208
238
622
771
761
231
729
515
229
778
500
943
278
558
43
120
746
399
609
669
572
8
68
204
987
612
479
434
835
299
970
757
714
350
828
800
217
115
111
454
276
602
527
824
287
513
832
172
555
420
342
932
530
595
51
642
578
720
39
977
944
533
904
797
426
13
6
791
549
459
218
291
646
705
117
603
903
440
956
498
961
144
216
47
863
984
684
359
991
327
52
443
766
949
29
873
988
49
135
892
939
554
102
478
142
306
517
722
435
206
967
698
100
715
687
397
649
567
802
580
560
849
604
232
329
941
840
935
520
483
697
37
785
283
297
992
197
978
874
728
406
895
683
691
403
159
143
606
582
899
902
877
155
851
387
553
185
643
979
532
470
225
663
971
662
7
617
577
91
909
471
975
145
942
27
668
579
788
933
256
121
490
719
776
212
966
621
431
221
475
376
765
950
936
326
81
954
512
301
76
393
228
868
686
237
104
510
184
309
205
463
774
753
134
706
700
726
827
536
439
358
934
382
19
780
898
274
721
571
758
424
836
46
176
937
4
62
985
123
537
153
525
457
810
28
744
243
799
526
59
880
854
843
846
926
775
112
710
252
837
739
925
286
447
762
154
544
105
128
461
368
496
385
910
199
891
450
310
241
730
562
955
566
412
839
186
141
673
139
727
23
676
113
597
436
259
347
369
845
507
133
690
996
42
760
337
272
921
160
129
452
565
428
312
408
616
924
826
87
354
918
234
210
282
22
60
56
632
957
872
518
670
202
916
451
740
569
72
288
485
314
380
260
351
564
588
523
983
509
430
255
675
180
316
820
884
542
965
773
667
20
325
822
894
164
805
9
790
808
343
929
320
148
601
453
200
150
492
131
882
738
589
86
190
879
878
92
920
303
70
227
352
724
823
745
640
655
295
973
656
825
371
633
664
539
466
969
362
654
268
731
271
847
887
394
305
482
809
494
652
672
842
914
963
540
171
313
508
119
277
147
275
682
191
249
587
66
883
524
437
215
78
501
772
474
981
748
472
750
161
535
419
692
922
3
769
284
627
444
890
101
258
182
897
281
709
250
108
95
607
794
819
50
795
793
751
465
725
69
833
658
448
491
986
36
82
10
264
703
222
315
235
207
547
853
360
366
67
660
304
713
806
855
307
239
998
495
353
263
65
367
927
416
982
680
61
0
610
157
865
938
464
41
137
559
421
618
357
953
388
106
423
886
308
378
594
830
331
816
906
641
418
233
915
429
681
168
386
230
952
783
807
861
896
629
460
294
75
44
93
445
226
296
33
638
219
404
1
852
859
77
639
118
462
997
592
26
321
628
596
317
345
689
346
812
911
245
636
476
811
637
659
585
503
838
881
247
741
480
829
373
786
170
140
183
528
645
126
383
270
32
919
702
97
392
591
319
803
631
648
974
279
968
857
666
469
818
407
711
414
187
574
556
534
749
546
63
280
456
976
611
269
850
45
624
782
54
901
410
723
980
600
529
864
990
493
53
497
370
964
630
455
442
514
409
425
531
613
796
174
209
486
15
677
900
913
55
770
40
545
575
116
253
311
951
189
365
608
923
576
83
541
699
427
21
438
573
395
246
401
777
34
175
499
324
163
458
384
195
166
972
764
290
678
570
84
178
635
598
481
341
88
907
292
590
756
889
196
18
364
130
593
557
149
98
552
815
958
363
623
167
586
446
473
931
220
411
959
213
685
169
759
754
521
136
821
415
124
862
960
377
146
198
647
867
798
379
375
349
323
12
871
928
110
356
538
947
374
584
615
869
162
223
99
679
127
856
653
511
48
289
733
240
244
502
489
908
888
736
57
390
543
211
73
893
743
619
831
355
449
192
344
203
214
298
38
328
400
381
626
707
2
522
568
333
755
156
90
946
266
188
25
693
173
665
396
242
24
417
273
605
784
875
817
338
74
995
620
332
644
506
80
625
814
708
109
858
17
876
467
581
152
488
257
389
107
30
391
789
551
561
254
335
413
994
701
158
718
114
844
768
201
85
695
398
787
484
402
79
16
866
995
667
201
840
906
436
986
453
606
25
363
157
179
90
36
728
732
945
134
133
537
746
969
197
210
721
180
665
555
290
452
457
878
623
975
719
841
191
985
200
60
194
374
22
295
796
509
341
730
385
4
817
838
262
915
209
422
477
221
506
86
279
21
41
383
737
735
38
395
731
777
140
44
39
337
499
334
441
592
632
384
877
612
641
138
377
893
69
974
638
107
809
251
794
18
97
428
681
659
348
49
991
543
776
784
722
193
764
498
161
812
283
531
726
306
622
203
125
393
959
114
235
563
753
135
504
925
419
423
774
795
248
710
254
621
802
619
936
927
745
166
410
657
637
649
648
922
800
309
139
978
424
866
729
517
282
3
798
464
970
751
228
56
836
775
10
886
655
508
921
70
944
895
715
577
651
78
618
376
569
684
0
590
976
992
977
127
219
640
115
163
554
185
266
674
860
596
462
551
409
873
47
394
132
296
631
861
654
549
989
325
782
289
156
402
268
142
971
876
702
733
815
743
898
734
987
688
367
515
229
271
259
324
691
485
852
825
750
355
93
6
916
703
662
305
742
968
117
859
293
496
589
45
58
528
328
298
177
120
475
552
894
571
65
801
317
335
308
437
781
94
521
401
714
50
198
227
91
153
141
518
607
264
346
683
88
448
682
559
765
773
546
747
744
26
982
846
300
315
186
857
868
752
690
778
597
358
481
813
145
426
476
516
265
617
236
352
169
288
797
553
547
137
408
505
263
322
865
242
434
580
446
749
602
433
34
850
471
629
920
357
755
480
858
660
456
826
144
454
495
822
111
223
570
187
267
717
411
810
326
901
104
545
119
527
463
819
956
130
804
566
116
727
902
121
525
864
909
842
171
15
937
461
256
318
627
929
280
564
154
544
614
538
675
165
512
51
628
923
808
20
962
189
105
757
934
417
890
854
361
931
350
173
542
708
468
680
790
997
707
941
406
935
533
851
217
351
613
647
963
497
950
343
73
958
359
195
964
573
789
883
879
759
80
824
946
330
354
583
807
489
990
234
396
72
37
833
12
953
697
972
562
258
122
92
196
706
274
388
837
129
793
823
445
276
787
818
84
212
284
281
996
124
455
816
460
204
76
522
678
432
526
333
663
949
560
664
260
182
853
362
603
490
2
224
238
269
439
821
16
392
961
213
541
100
882
988
942
870
511
440
924
579
785
225
832
696
353
85
754
932
478
910
973
679
644
899
834
188
199
466
14
938
240
239
292
698
482
843
216
863
919
998
999
686
167
272
52
534
933
378
954
502
5
780
905
900
692
113
642
146
30
948
31
892
856
442
365
608
849
653
360
71
548
588
615
320
514
792
469
871
368
364
226
205
66
558
340
523
917
8
151
63
190
451
303
908
465
952
966
479
249
301
297
152
897
59
28
507
77
633
913
323
903
814
556
108
332
443
418
101
413
313
578
379
321
277
46
470
835
574
286
278
181
965
510
862
459
319
159
844
427
339
783
128
118
381
658
576
366
250
32
530
344
769
112
634
327
980
911
252
700
143
150
685
95
636
951
27
302
231
767
874
405
42
872
591
888
907
404
192
645
183
64
247
89
620
202
29
43
709
285
96
593
635
616
444
255
87
246
828
914
220
380
412
430
494
979
421
147
68
438
55
99
61
176
369
762
624
799
493
788
342
981
582
669
158
639
786
845
763
329
741
695
17
928
81
382
500
347
536
771
155
720
524
435
19
486
98
492
779
693
689
275
672
106
491
716
312
643
164
184
912
594
676
74
79
567
294
487
371
299
11
356
35
711
957
109
407
575
488
748
891
565
705
375
661
704
425
875
557
811
307
287
600
738
604
474
839
884
53
472
273
57
770
885
993
668
149
724
532
431
160
243
336
398
416
718
820
889
605
869
967
178
390
110
208
918
1
102
237
725
584
172
568
372
827
126
175
484
48
420
805
211
391
270
214
630
483
713
168
740
947
601
855
831
373
257
699
207
723
386
984
535
848
24
539
666
403
960
136
170
397
830
994
803
389
766
215
520
881
23
400
519
625
9
758
656
540
712
943
82
739
599
626
314
415
503
33
768
761
304
349
75
370
218
338
67
316
232
241
896
581
174
414
760
399
610
983
387
701
83
806
598
926
561
887
253
694
572
671
513
847
261
586
245
829
611
955
123
148
595
310
736
904
230
291
206
939
880
331
429
467
587
131
458
7
233
311
447
62
54
930
244
450
585
673
529
670
222
103
473
646
650
791
501
677
687
756
609
13
162
449
772
345
550
652
940
40
867
