0
523230738
113682943
550628695
754668947
165921726
441535174
859083411
488333327
57013887
875303129
748908665
920294126
979902616
159564562
913387623
453326177
114174970
919284597
847825857
106671399
642046607
491038980
52
462140690
171920595
519761254
172876513
882147851
614317709
908723641
462140690
531786216
557656254
752610219
308666291
271483851
155552576
944891170
69611891
397630368
584999225
885127214
612234323
763890471
167196600
59286181
942668361
22533549
924324522
881593481
173169664
0
538996519
254787094
924324522
659496826
807634839
542819867
69611891
259291184
572555134
180940598
532573464
155552576
803235580
354951927
938276181
810998280
251059935
259204303
742546301
0
380580587
216224508
392040258
271483851
612234323
0
590621869
444329902
714741238
878867266
920294126
282347345
866338176
771881735
636676244
730226638
561554323
319348618
712244252
410220873
135370762
352962111
703692499
900893425
659580443
648317979
362151131
563809229
249114662
488466729
654172785
472408642
96149036
673180318
556004166
397720788
370390280
94843969
678177044
823701727
825588237
607192752
307403568
627081332
254787094
103504314
506168195
249114662
562178599
514870470
70304
0
415921783
66903000
444329902
771956346
167014332
661532860
541049402
917281557
736929464
610220646
727357476
988016700
550943048
289431619
950374971
523230738
0
771179506
506168195
255050099
922237411
671928142
665926638
3465711
306666761
766272683
692800404
765860616
103390522
414294922
542819867
82564451
323233060
888476764
754097583
540267110
265261385
171155711
136212290
966150491
466920714
222711404
879080113
789964718
717349161
923532841
83870343
546235072
195358078
106958033
86473959
908615489
856521649
993400752
726526524
572555134
667780068
818191737
220633420
503238624
664314779
23493839
107292562
36094476
768252165
445427916
449631095
401839198
967980816
260410860
553485437
560509471
339672869
156231310
100899916
326142629
303678917
392040258
402065066
77409877
201623553
517439260
413672480
449479697
700968238
587400870
952937180
539917609
656241774
646818192
0
631917084
142229624
992492063
877755186
413123711
12353208
8671412
413123711
720217839
236958562
354951927
137900852
21917684
544341887
493207732
59216851
44669088
139035759
659657434
329754388
736200406
789928759
905444513
528649178
414413441
901266861
672119567
765845289
271483851
534510177
659657434
667472401
103056908
881593481
94843969
0
411529134
259291184
641972442
704992928
595525851
788700637
278840897
476977370
167014332
435860859
755733736
287869447
331149937
80264436
415261864
815773265
966150491
517387902
51666545
933562705
173030282
0
267980048
380724965
77963165
107292562
659657434
528381904
8671412
623268617
483064501
554395259
747210414
294461477
49324057
609813624
736522609
945581028
534343526
329613065
912050101
897928330
119755144
736213192
376315365
0
728625501
941726416
616758961
351688613
249288218
591858336
861831052
0
665313602
791797891
840925455
875303129
0
273648943
818873797
183851907
638392727
650271391
727976301
229591724
773230223
756193825
289431619
256088156
317310187
696146525
654066030
167196600
1818421
866338176
564047522
649885702
534343526
952937180
601921974
693537290
99953433
998000842
592534014
769071323
176894397
0
546087021
325730396
792156576
44751351
963966114
96456753
379596473
109497811
198971577
525647017
307403568
136491919
482689051
19842188
359663253
870425403
466254613
449631095
550943048
936975831
919284597
768742990
952937180
26152052
346290552
628264803
208396022
942668361
255050099
453104219
172605158
957947930
504829936
262131742
684642376
891926000
979902616
347648414
173134050
0
741573133
692519806
491477251
289216918
742562616
391630394
456597184
666900078
181980008
742562616
434935422
222711404
744473283
782468370
574866466
611636952
408242119
168939094
231740730
805502242
434935422
139035759
653618077
390514485
956478209
975983539
216224508
417087862
805502242
918578054
462811726
528649178
935604443
793739854
178282170
0
345391655
591307410
792172467
676954966
912175036
847594249
259120765
582843885
214755937
28884794
228289135
323053925
573587873
0
90519087
146198860
667472401
796990437
380580587
234507221
327802124
90519087
500314312
259291184
704992928
502582732
329754388
502306056
492646182
488333327
359308298
488466729
107292562
256088156
672523510
233614632
244688857
289216918
773051923
891926000
572206784
132982997
392504841
656241774
791298159
404194183
947441319
66903000
405326605
208396022
88719247
568114714
593911386
0
992492063
803309021
309140656
156508930
725934937
397630368
182463569
667780068
0
411529134
250555325
200439151
564578355
517387902
427775435
654442774
534343526
308833391
947441319
617062969
49483535
224226913
493207732
279922845
369314785
16128565
980731870
194419257
815773265
599188263
314827438
881593481
789750277
242819503
183851907
350888780
577811508
433502461
376989838
985997187
823269080
286268892
165921726
22533549
404194183
542671197
774169202
803309021
975010629
957926910
0
535952964
415405170
422045933
176806155
0
686283957
444604492
894197108
400968106
337268361
933717311
703670746
223782875
117278173
439984897
852225896
445427916
612211230
996393836
146598274
434425656
137993027
541908563
523230738
234507221
242819503
706883421
329613065
736336834
169639052
625900823
79695462
230405235
591858336
837100473
952040369
195358078
88719247
529727735
442672279
403998467
521645725
458123514
653579764
706200430
449631095
684511845
435725516
310789860
993177190
177843078
693537290
167196600
502463013
76924298
88453550
415261864
625439059
405326605
891926000
79695462
417087862
100718506
127635807
415405170
592347351
489215801
347648414
156508930
774062977
546662800
16128565
681296023
69611891
173134050
538472515
47508451
953173015
108181616
198971577
104900050
516815149
283508506
367484187
636704973
560509471
0
0
151161896
815773265
52
652521461
876388028
584999225
954333013
280378747
920235614
517272403
331149937
83208167
979902616
210700425
719840837
124405296
897928330
41148487
114141980
480387830
477021885
901199337
82235279
643120811
68269660
306666761
808293306
803454663
503616291
575070180
545578108
326142629
262873623
793140273
970781248
68269660
367484187
866338176
249288218
421414975
250555325
210666302
830229427
103504314
731442109
961260586
442672279
294461477
625900823
484240582
793739854
968611700
89866850
701201326
54626895
191073691
146198860
659657434
789928759
54626895
0
422045933
470947079
477021885
775815577
848985699
233497948
736336834
614694852
0
846531178
569693190
610220646
789750277
3515690
425914607
511979482
836276944
958057245
652521461
181926619
106221569
837100473
172605158
683957186
516680055
694650667
106543723
208396022
47640931
79695462
688958616
659580443
84945453
492646182
85527568
54626895
952040369
666271773
545578108
727976301
114141980
502582732
153197035
624963179
205077133
16304456
793140273
96149036
739013822
140711649
392040258
101380250
958057245
727357476
720217839
840640287
180940598
947441319
534343526
225305759
259291184
397514808
502323726
329613065
778172405
752249291
16128565
737938511
492646182
11820354
445341659
514870470
342649969
698463129
366842816
685705374
182949837
544793338
289216918
610738424
826316053
441959654
183851907
229591724
363117981
939438197
919330774
0
546087021
338761169
562233865
2284880
574866466
880375737
684642376
659492658
0
79003442
24589475
315759748
250555325
808293306
233497948
467667453
503375532
171920595
659580443
968493529
286989169
652521461
459786987
464522448
710877557
817410911
879954606
468195926
0
764427590
665313602
48516724
570308739
362151131
905444513
685705374
0
493050218
175137846
651939220
853115204
914517826
913387623
410220873
435860859
867861026
373580221
693537290
447068870
975010629
154764738
918969490
173134050
212382346
168939094
103390522
855159663
51666545
654066030
362358638
525115761
488333327
240263425
171545245
696074749
983730840
121452534
624390534
139070739
732829202
754668947
672523510
325730396
483498575
0
518107515
392040258
466920714
114638709
233497948
24084056
525647017
555896551
658874321
2284880
882991991
255053787
321929581
677605135
51690792
755733736
110134188
0
222711404
335823683
270017737
971976020
135082763
408314078
484631564
623203564
49324057
370508149
823269080
0
16128565
926390550
46553184
20475783
324572562
231161512
324106201
449226398
114638709
251059935
57013887
590621869
576091610
301494384
888476764
0
58221073
433414497
265268934
352812366
426943483
39631722
0
124405296
42440436
107292562
613485338
887829981
840071092
568114714
534510177
0
82235279
352962111
457588402
665313602
19227801
0
238537733
375000807
259120765
556004166
0
9549081
969741241
182551025
742562616
178572593
525647017
292916646
483498575
643120811
529905134
157954494
52
926104037
817779258
261524456
768252165
557745032
843826111
381583937
989350936
89406158
323948139
456103307
146598274
992492063
700968238
326142629
163663228
837100473
371978638
26152052
634149926
555556906
920294126
286989169
352812366
5732691
265261385
289431619
633322906
589025189
443053372
198991808
754032903
79003442
19842188
503375532
449479697
791522433
1278557
700968238
63515622
434709239
415921783
653478184
343970647
320125264
118517326
886318771
775815577
628264803
526961288
309140656
328486197
0
644928919
654442774
359308298
114174970
96456753
741573133
975010629
969598569
12353208
422372938
336282006
805784853
637235775
963710600
477021885
464522448
328486197
694601906
592347351
781692491
0
117736489
0
240263425
946886815
231998376
553689438
52
741929667
173946320
28004396
470947079
472795202
891926000
248628923
738797625
686283957
744788609
514197026
106958033
744817813
713289251
0
354951927
575684920
916533432
440271241
423684322
875864747
588459565
406245585
181926619
117278173
365571932
883578818
0
535952964
32933002
273648943
396684970
177531919
3515690
527240229
443053372
908615116
339672869
368570924
163663228
541908563
830229427
763520879
936869541
857304467
325730396
466254613
737938511
0
878564259
155321
536928203
419895304
868309409
422372938
944105366
387513342
212382346
314827438
985642478
182551025
480387830
142564702
3515690
525115761
350888780
0
29879366
306666761
555556906
855159663
502463013
853115204
808293306
799760440
0
345796203
85301485
464522448
769071323
799800545
295092588
880442053
2028
23493839
724329901
920459738
156231310
876388028
843826111
247043700
691598725
380580587
845788445
969598569
716474613
163661377
789750277
560509471
514870470
146412825
360769376
259077160
553689438
941653731
49483535
476658526
442672279
419895304
135082763
49324057
618763386
0
176672842
969598569
4541584
466432471
861831052
544676324
175137846
140810376
619212973
11060390
480387830
139240949
0
619891133
544676324
779589305
573706976
667780068
108390512
194419257
381281965
545578108
551490442
32933002
46020935
990214920
770102758
306666761
601921974
908615116
1
82564451
339608406
830685214
590980033
781692491
667476165
192524684
48400870
464364451
953173015
341345980
58221073
335823683
168831568
968611700
653579764
875303129
684654205
802132982
359212071
840071092
302153910
699608927
577541666
210666302
885127214
519761254
936774412
48400870
535281533
922237411
108390512
538472515
444541840
5732691
426943483
727998756
988943200
35771475
0
281776044
145121907
548143756
891681802
882147851
698463129
759107069
693537290
698917821
95900679
926582350
47508451
294082362
136230070
165921726
155552576
57013887
501097370
955143779
546087021
727976301
587519570
435087958
366842816
928285756
947441319
96149036
267980048
963710600
97281488
345592894
458123514
466920714
24589475
259120765
0
991088262
535952964
857304467
939910476
569693190
42440436
441535174
917281557
653579764
327802124
771179506
744788609
200439151
147436575
668232646
215479806
314827438
345391655
805784853
584999225
852225896
914517826
407602152
554395259
183851907
450699552
511052926
482689051
0
866338176
307403568
805502242
306666761
419029710
114174970
671928142
684654205
777783303
359663253
672523510
534343526
975983539
0
307403568
529905134
916533432
95258263
580008694
905444513
793739854
259077160
771080523
279515336
261563284
698463129
740179172
558700170
0
231740730
947228738
893376879
511376556
114010919
136230070
388013598
15736849
369314785
201623553
744698839
886389482
371258693
862583766
793739854
517272403
969741241
843826111
610240292
224545506
416604047
61279581
609813624
623268617
693537290
980827959
350408468
0
114174970
918295128
650271391
229872947
725934937
573516306
815773265
83208167
881593481
0
536016771
273295005
255050099
992492063
969741241
466254613
920459738
392504841
255050099
249114662
751783944
396684970
368305770
142429725
875277972
172876513
464522448
706883421
0
832457225
109497811
656241774
0
740179172
248296444
728625501
0
256665213
502323726
0
731442109
758171640
712772439
462811726
853115204
630850760
0
622875581
689563796
291358870
178572593
969557171
557059705
145121907
518254534
201520896
653618077
619891133
443053372
441535174
816250152
610738424
846531178
40505624
86473959
24589475
823521233
710368343
282019378
952937180
810526214
270431788
0
232630185
40505624
771080523
591858336
514775091
462140690
470947079
0
406203011
443053372
536016771
228153296
517439260
163864168
449631095
979902616
695673274
684654205
254787094
233920428
817779258
528649178
538996519
183304016
85301485
630850760
346290552
554253482
614988873
570280675
380580587
110134188
502582732
177531919
675131430
614914779
675131430
233497948
163663228
46020935
554395259
843336656
350888780
823521233
497727485
528649178
35638517
883578818
828077134
176806155
421414975
947441319
748999746
877700763
144054164
941399722
649885702
210666302
224545506
279410524
689563796
0
963710600
234662588
739013822
227877317
20475783
535281533
118517326
146918804
324572562
564578355
42801251
413672480
544341887
165921726
983256366
748350776
857304467
615541872
614695417
614914779
625439059
339608406
16260469
772560327
860541047
771956346
16304456
94232035
855510840
763407491
0
609813624
434935422
317310187
828077134
532477110
69611891
453104219
275221365
423399845
133587795
756193825
287869447
231740730
5732691
827777272
464060353
548143756
16304456
516815149
181926619
502463013
905243588
955143779
453683939
445754394
369314785
818582279
752486099
879954606
856310666
154764738
884384035
938276181
159564562
325730396
924324522
132982997
591858336
782188185
173946320
706087163
721275415
151161896
516680055
359212071
942004461
94843969
439984897
695673274
901199337
773051923
100718506
4541584
736522609
861972239
705999977
117201992
194564906
415405170
211977345
544341887
483064501
563809229
694903019
291358870
49324057
359663253
466432471
477021885
415261864
489215801
637092773
947228738
249145236
271483851
832457225
359308298
213330985
35638517
537369386
614694852
688958616
905243588
0
234390896
282019378
137993027
667780068
577541666
771956346
551490442
782047030
365571932
391630394
702474798
618407398
638135673
185118051
872567365
946600502
52
389514838
309140656
0
61279581
0
523230738
573706976
542819867
989350936
606591866
799760440
695673274
0
600542935
103504314
535673675
249145236
103390522
962525192
408314078
413672480
26152052
365287101
0
788700637
988943200
476658526
263195178
219345583
550943048
560349209
612211230
149766985
573422964
182551025
937776409
961260586
0
610220646
351688613
77963165
503375532
763520879
681296023
506168195
3465711
323233060
867861026
986730487
764427590
423684322
869489870
886318771
496697426
117875993
301494384
964991390
1
625527103
401839198
352962111
659771478
791298159
489215801
173134050
843336656
688427909
247043700
467438139
898839242
8101316
0
511979482
546087021
426943483
42801251
491038980
0
556004166
56727495
818191737
337268361
140711649
368305770
182551025
425651800
443053372
628470965
251059935
966150491
648624570
408314078
290027295
526430090
768252165
1
536016771
0
897928330
140115248
637495672
648435413
415880817
791797891
210700425
502240043
942668361
817779258
674648944
919284597
617062969
135370762
683957186
405413786
0
897946443
6663415
392040258
345391655
953173015
256437552
65570349
652521461
345796203
784877932
557656254
8671412
135039440
410203032
546662800
778172405
545838122
178282170
913387623
526145662
517538507
846531178
133536399
128247369
39631722
591307410
504718319
491477251
192519756
514870470
0
322684887
69158598
563809229
88719247
978418534
299145243
660725969
925089562
65570349
557745032
819370189
423538429
459786987
570877330
480387830
732829202
698079629
97281488
117736489
0
88034238
0
308833391
998000842
324572562
535673675
791298159
879080113
538996519
952937180
696988805
1
860879495
874443360
201520896
366842816
488333327
329529739
137869883
24589475
135082763
805017269
590980033
944891170
236958562
939804423
232630185
85527568
627081332
26106257
794322110
782047030
623203564
587400870
829362020
646267909
82235279
228289135
866495126
514197026
90519087
117736489
564229857
628264803
667780068
589025189
555556906
339672869
143463008
553689438
917281557
199905452
686283957
654635614
178282170
410203032
308880989
734883385
0
911770562
275762305
0
736522609
239946042
856141354
419895304
517272403
754668947
507138156
673744812
434852216
985642478
926104037
136665601
875593486
575789006
868413931
727998756
254278307
997276482
898585246
125902859
336282006
811631671
477021885
756193825
920294126
380724965
861831052
971976020
65570349
517538507
339672869
454920985
635427427
519255778
954333013
173169664
632630960
749265116
711080473
535673675
910381872
979191964
146814164
944808678
625896896
56727495
356567405
271661793
958392080
888476764
258895276
311612105
212382346
146412825
912050101
876388028
715567181
467006682
968247158
0
912050101
883578818
968247158
888476764
236958562
107292562
572206784
555556906
0
556004166
266111956
536928203
0
900233705
952476623
315854331
817410911
549211051
848985699
623268617
294082362
826051105
862583766
0
662089126
727976301
710877557
727357476
85301485
453326177
205866045
42659055
365571932
861831052
236906995
169639052
271483851
744473283
861831052
895186405
323233060
260810326
562178599
143463008
653618077
993400752
94232035
251059935
860879495
659580443
932524415
25855241
592824346
103390522
908615116
778870665
502240043
286989169
217623577
160356690
330971996
720217839
88719247
253591206
250555325
985642478
736522609
86473959
967980816
44751351
229019638
791298159
477021885
266111956
344195444
156231310
377961366
993400752
993400752
392504841
659580443
266111956
365287101
770518391
847825857
137260682
0
22604493
673744812
71912262
69943202
468195926
415880817
434935422
902334133
413052565
631917084
480387830
985642478
482689051
739013822
368305770
16506944
4868450
619212973
877755186
167014332
869489870
868945534
198971577
198971577
654172785
117875993
866338176
3465711
3465711
706883421
546223334
392504841
456597184
620493510
0
559372596
29879366
477164998
557745032
92688748
14907988
23493839
362151131
721949513
267980048
770102758
691598725
794060473
656241774
0
724971407
411092501
936869541
493345620
69611891
167014332
658500386
248937692
373580221
3768343
97281488
250555325
701201326
28884794
503375532
918295128
745714690
315112776
439984897
511979482
249288218
12353208
789928759
213746841
173946320
151278251
673563519
86473959
506168195
916533432
210666302
606591866
665313602
562178599
259120765
0
556004166
771956346
952040369
279410524
768252165
905444513
614317709
760147379
560509471
271483851
147436575
764427590
212382346
114638709
294461477
177531919
406245585
125222417
918295128
911770562
667472401
519255778
255053787
736336834
462811726
0
405326605
418153329
782188185
96456753
125902859
466254613
665313602
556004166
100718506
220633420
324572562
388215871
350888780
54907922
462811726
549211051
575789006
339608406
902334133
274773516
514870470
675924641
919284597
25855241
919330774
614695417
926104037
24084056
612211230
572206784
216224508
857279709
137260682
238388058
0
90519087
369314785
948484453
224545506
171920595
654442774
958392080
940379395
823701727
956478209
324572562
579398487
163663228
817410911
472795202
439840988
968247158
231740730
167014332
466254613
591180517
939804423
517439260
191733106
908615116
181980008
781296786
987456512
587519570
265268934
694903019
667472401
738797625
352812366
390514485
266216796
874422280
0
423538429
88453550
220633420
795739837
94843969
168939094
606648152
684741613
176672842
44921759
329754388
776680637
188673319
736200406
667476165
139070739
359663253
332475955
657582111
768252165
668796879
177843078
504718319
462811726
139240949
331129831
924324522
131477645
44921759
146598274
137869883
735059439
837300637
462811726
79003442
684511845
541049402
805502242
941399722
770102758
684654205
109497811
482689051
546235072
585300321
618407398
365571932
176672842
335823683
386811975
1818421
625439059
88034238
988016700
110134188
667476165
0
200965829
459922425
527240229
0
724375463
22604493
517439260
444885621
345081848
405326605
466254613
774169202
917281557
311612105
229019638
995618539
828077134
598181091
236906995
875303129
30800776
434709239
807634839
610077594
0
934015240
751783944
908615116
963077744
0
155321
422045933
659580443
793739854
51690792
511052926
987932277
139035759
92941117
525115761
69158598
0
995315486
564047522
518107515
318273635
874422280
389506504
837100473
823269080
0
881593481
234662588
403998467
838571451
738797625
847825857
633322906
604819375
183304016
931525590
727998756
2028
477021885
171155711
679670819
157954494
462811726
522636539
444604492
57013887
228153296
544793338
555896551
283508506
668796879
405326605
592347351
212382346
146598274
109497811
380861739
380724965
826582520
983730840
336865854
601141177
0
292500729
377961366
26106257
549557215
419029710
623203564
0
954696162
0
94843969
747708838
370508149
202275666
877700763
88034238
114638709
167014332
213330985
227502688
724971407
220633420
145121907
941726416
918578054
568114714
967980816
154764738
147436575
860879495
721275415
582052214
25855241
541049402
0
35771475
183211286
228153296
491038980
2028
963077744
557745032
535673675
614914779
173169664
433502461
570280675
900893425
519255778
993177190
769651308
756193825
582843885
969557171
430387138
590980033
249145236
360761514
569693190
744698839
44669088
828077134
157954494
609813624
70304
974319568
925089562
216224508
673180318
803309021
136230070
686821919
541049402
676150782
167408482
430057662
265261385
176672842
630850760
993359332
797536651
535281533
259291184
35771475
610077594
551917217
250555325
540267110
902689361
777783303
0
117201992
670841169
652521461
738877192
987456512
104900050
568114714
536928203
553485437
667472401
263195178
872567365
957519168
974319568
540267110
274773516
447740439
253591206
620493510
151278251
754668947
767263787
857304467
96456753
16179113
181926619
315171477
698917821
707929259
35771475
362986437
846531178
332475955
776680637
454920985
322277403
356567405
803454663
955052600
70463381
926130886
792172467
883633934
88453550
271483851
854320686
68269660
638392727
454484381
712244252
24589475
727976301
439984897
405326605
725934937
84945453
336865854
238537733
788312680
282347345
454920985
551490442
572206784
362348913
266148216
71912262
61279581
857304467
571256057
612234323
658154401
281776044
998000842
262131742
133587795
840925455
792172467
556004166
860879495
922988551
654441720
985795828
22604493
427775435
368305770
502306056
292916646
223782875
668796879
545578108
855992287
715567181
987456512
874422280
0
120229779
503616291
228289135
882147851
859083411
766419920
853115204
782188185
665926638
879302455
606061571
587519570
696988805
654066030
577541666
609813624
0
280378747
641390640
210666302
458123514
931525590
707929259
417087862
928285756
712772439
760460406
258922697
724971407
124405296
825588237
830229427
458123514
528381904
489215801
200965829
975010629
582843885
578279035
860879495
768252165
453683939
755733736
575080758
882682092
637212900
17854508
818582279
289431619
25888827
0
590621869
419895304
2028
322277403
527240229
719087011
800871988
171920595
408242119
532004701
506168195
912175036
117736489
650271391
670841169
830685214
667780068
271483851
830229427
4868450
134001011
163864168
19227801
868945534
24767170
550041787
220750094
789750277
306666761
803454663
42440436
415921783
631917084
535952964
727357476
855417115
974319568
606293005
747210414
514197026
675131430
517538507
458376603
953409943
0
456597184
910381872
259077160
601638683
224545506
592519751
435860859
215479806
684642376
686283957
108181616
830685214
422372938
957926910
736042818
459922425
466432471
771956346
823269080
0
144054164
948484453
257117636
140711649
466432471
665926638
901266861
613485338
611422166
415261864
840925455
459922425
219345583
69158598
601141177
599596678
665313602
109497811
97281488
489215801
502463013
231998376
919330774
210666302
229872947
752249291
756193825
8322714
260410860
991088262
669546636
822172
823269080
345796203
168831568
68269660
430387138
587519570
928285756
265268934
245149783
584999225
59216851
292401417
233920428
978925353
611422166
673563519
70304
696074749
77963165
759107069
590980033
966150491
466458246
178572593
876388028
991902306
936774412
339082489
815773265
525647017
24084056
16304456
989350936
228289135
501339404
971724797
373580221
127635807
0
636704973
434709239
145121907
125902859
500314312
517272403
856310666
922988551
171155711
255050099
604689447
255050099
365220480
371762644
0
279410524
16304456
324572562
500314312
516815149
571256057
0
691598725
24589475
439840988
689563796
289431619
329424646
287869447
205077133
140711649
991071463
946600502
242819503
637495672
926130886
435725516
942462595
48400870
818582279
586111924
224545506
443053372
525647017
114141980
187917764
659657434
255050099
816655042
92688748
580008694
202275666
966150491
359663253
721949513
70463381
880375737
579398487
926104037
737976507
339608406
169639052
859083411
97281488
985100629
919330774
693537290
634149926
585300321
782188185
883633934
837100473
535673675
736522609
948484453
627246648
652521461
648624570
163864168
625900823
259077160
206695535
855417115
549211051
242819503
41248751
26152052
97281488
881593481
359212071
389514838
514870470
738797625
281776044
501648653
780191945
542287698
315171477
571256057
415880817
66903000
606293005
654442774
322435983
297918145
855992287
224461650
654441720
551917217
546235072
0
935604443
778870665
257117636
14907988
696988805
95258263
308833391
585300321
8322714
414583658
449226398
807634839
826051105
380580587
275762305
0
747708838
653618077
176806155
872567365
388013598
216224508
464522448
969557171
763407491
167014332
450699552
408242119
0
941399722
803309021
773051923
913059557
549211051
737938511
58221073
859083411
610077594
537369386
502240043
442030590
71288256
99953433
48400870
0
568910666
193098689
883633934
855992287
729052355
758171640
229591724
213330985
654442774
21917684
774169202
503616291
238537733
574866466
157954494
47508451
434709239
756193825
95258263
891681802
205077133
477021885
922988551
502582732
710877557
883578818
362151131
905444513
360769376
900893425
375342338
415261864
702474798
1
173134050
341345980
484240582
694601906
449631095
0
307403568
259077160
868945534
281776044
809004819
108390512
159564562
365571932
489215801
341345980
77963165
694903019
732829202
238522814
690697415
913387623
318273635
988016700
630850760
0
248937692
922237411
328502927
0
696074749
157954494
77963165
0
146918804
954696162
544341887
854320686
619891133
637212900
654635614
926104037
185118051
980969535
772560327
476658526
934251770
273648943
866338176
16128565
699608927
673563519
694903019
466920714
792172467
967003930
271483851
803235580
176894397
630850760
624963179
114174970
926104037
791353797
727976301
671754491
365287101
862583766
575789006
974319568
879954606
292401417
891926000
934592597
803235580
234390896
794322110
220633420
771179506
508271005
322835806
28004396
146918804
737938511
751783944
571256057
456103307
969741241
44751351
159564562
544341887
139240949
54907922
879080113
48516724
1818421
114638709
92730818
279410524
782468370
173134050
58221073
926130886
534343526
0
770518391
476977370
685705374
703976805
258922697
256437552
164728491
852225896
685705374
183851907
707929259
562178599
604819375
593911386
103390522
259120765
736200406
167408482
400968106
905243588
914517826
777783303
622875581
654442774
135633903
110052688
224461650
82235279
693537290
727976301
934592597
968376027
46020935
313640265
336311949
968611700
84945453
354951927
104060264
397720788
175137846
317310187
139035759
728625501
392504841
222711404
376989838
736042818
773230223
703670746
905243588
636676244
926104037
369314785
488333327
144054164
881593481
742562616
720217839
983256366
969741241
71288256
816667925
534343526
454484381
285068401
748350776
174919266
773051923
88719247
466254613
371978638
578279035
422667184
612211230
661532860
0
859083411
879954606
895409101
736522609
809004819
92688748
108181616
684642376
517439260
918050762
777783303
737976507
79003442
142429725
731442109
611636952
854320686
228153296
664314779
270017737
322835806
653793848
0
151161896
505948908
405326605
866338176
572555134
888476764
535281533
667780068
117875993
505948908
273648943
927808581
591858336
688427909
789964718
0
25888827
728625501
146918804
369314785
92730818
832457225
259077160
128247369
505948908
637212900
928285756
48516724
719087011
201623553
15736849
19227801
989891494
654441720
300321075
735806355
727976301
627081332
803309021
0
391630394
878867266
260657530
447068870
968493529
249114662
866495126
782188185
714741238
421749821
372458894
104060264
557745032
875303129
888476764
353743071
0
392504841
533490480
248628923
992492063
281776044
754032903
886318771
291358870
275762305
752486099
144054164
660725969
171920595
259120765
586301215
868945534
14907988
676954966
846629005
467667453
466920714
878867266
0
773051923
467006682
0
172605158
271661793
563809229
766272683
658500386
391630394
774169202
167014332
54626895
259204303
180229298
233920428
365238840
421720833
719840837
566472026
314827438
90519087
51666545
694650667
11060390
476977370
557656254
423684322
882991991
259291184
0
989669065
261563284
826051105
323948139
748446402
726526524
14907988
124544297
954333013
895771275
700968238
379371812
544480851
855556826
816655042
482832315
443053372
251059935
874422280
250555325
811631671
104613841
592347351
442672279
719087011
198971577
222711404
902334133
194419257
969265029
926130886
318273635
418153329
797536651
425914607
610220646
0
654172785
80363818
794322110
472408642
551490442
248937692
618198082
147436575
517439260
685705374
444541840
359308298
303678917
526758317
0
229591724
401009919
0
934015240
754032903
698079629
813253156
154934544
968247158
410203032
71288256
214755937
46553184
367484187
893376879
890850261
324572562
625439059
0
135039440
670841169
175137846
117736489
482689051
210700425
797536651
826316053
149728581
480387830
248937692
637212900
365571932
114174970
883633934
953730518
101380250
484631564
66423696
311612105
380715718
644928919
294082362
466254613
770102758
1207904
868320498
17854508
588459565
135039440
235241777
0
441535174
649885702
267980048
48400870
181926619
599155008
200965829
0
233497948
108181616
26106257
601141177
135082763
517439260
857476982
168831568
354951927
568114714
969557171
54907922
136444193
744698839
472795202
905444513
985997187
133587795
606061571
646818192
526758317
77409877
228153296
952040369
948484453
410220873
711080473
577541666
215479806
770518391
141646553
770102758
700968238
671928142
249145236
106543723
52
128504443
621832303
931739657
677605135
439840988
321929581
113682943
805784853
0
238388058
684654205
51666545
789750277
492646182
472477033
388215871
589025189
88453550
908615489
365571932
200965829
747210414
604689447
110134188
569693190
717349161
354951927
903486843
890552213
985642478
667780068
160356690
914517826
650271391
0
547551928
274408768
920459738
271483851
376315365
564229857
823701727
370390280
650271391
21912333
686283957
828077134
440340312
857476982
852225896
20475783
752355424
0
125902859
577541666
221736115
975010629
542819867
191733106
942668361
905444513
830229427
696074749
434709239
706087163
415443127
658500386
275221365
192524684
881593481
714874407
879080113
22533549
620493510
108181616
427775435
0
593911386
456597184
0
895633745
14907988
360769376
477021885
54626895
173134050
525115761
0
259291184
173030282
493207732
0
922988551
133587795
953173015
136230070
651939220
271661793
696822067
439984897
223782875
535673675
547551928
942004461
703692499
681296023
279410524
0
320146775
823269080
769071323
245149783
359212071
691598725
0
314827438
991902306
683957186
431912981
69158598
172605158
538996519
619891133
506168195
614695417
793739854
548143756
426943483
147436575
362151131
654442774
41148487
668213373
803686543
173030282
900893425
392504841
242819503
963710600
536928203
69611891
618407398
916533432
114141980
294461477
454193737
995618539
672523510
888476764
255053787
66363420
371978638
683957186
0
528381904
154764738
882147851
92688748
928285756
159564562
453104219
392040258
248628923
952040369
125902859
696074749
531786216
685705374
962525192
969557171
934015240
290774356
660725969
546087021
0
767263787
449631095
413672480
173134050
944891170
624963179
8101316
563809229
96456753
327802124
646267909
816250152
176672842
164728491
410329258
717349161
846512785
472795202
988016700
860541047
281776044
675131430
681296023
187917764
518437115
738877192
610077594
940904959
700834740
816655042
617062969
979902616
816250152
621832303
635427427
502306056
291785059
323233060
995618539
707929259
685705374
411529134
794322110
651939220
309140656
811631671
771179506
855417115
739013822
319561302
830229427
667476165
704992928
823256710
996664828
359663253
410203032
699608927
996664828
69611891
47640931
941726416
154764738
916533432
816667925
76924298
969387268
985100629
31935276
495889128
472477033
905243588
696260023
638392727
323053925
673180318
852380535
476658526
774062977
661455583
426943483
339608406
406203011
472408642
926104037
570877330
219345583
748871392
294082362
727998756
862426728
480387830
3768343
244688857
862426728
627081332
637212900
454484381
853115204
477164998
371762644
945898681
291358870
439840988
503616291
108181616
350888780
815773265
94843969
742562616
173569523
736042818
329754388
879080113
668232646
794060473
611918149
922237411
156508930
477164998
28884794
106543723
868945534
966150491
0
114141980
843826111
872567365
901199337
983256366
414413441
704992928
800871988
574866466
918295128
671928142
875277972
992492063
623268617
532573464
367484187
727976301
92688748
501648653
136665601
908615489
880375737
334768124
303678917
77963165
754668947
406245585
343970647
273648943
228289135
890552213
0
238388058
456597184
691598725
354951927
675131430
244688857
2028
869489870
560763456
380724965
46553184
421414975
818191737
883578818
578063147
502323726
266111956
855159663
900893425
560763456
560349209
260810326
0
754032903
546087021
501648653
585300321
259291184
818191737
282347345
6663415
782188185
908615116
401429425
653579764
219103
500890900
466432471
167408482
668796879
103056908
920294126
726526524
350888780
352812366
684642376
90519087
683957186
744473283
113682943
741573133
573516306
502240043
472408642
666900078
953730518
862583766
308666291
299145243
195358078
457588402
2028
454484381
40505624
628470965
705999977
968493529
287869447
221736115
547551928
97281488
908723641
285583577
77409877
716505136
265268934
308833391
219345583
671754491
993359332
624390534
345592894
770612358
449416858
104900050
447740439
920489513
788700637
877377326
449226398
729052355
849477096
470947079
571256057
491167539
613485338
755733736
707929259
691939246
445754394
668796879
716535854
686283957
259120765
652235381
329529739
883578818
168831568
505948908
944808678
57013887
248628923
413123711
587519570
223000999
652521461
173946320
991088262
591307410
238537733
156231310
947441319
571256057
323948139
611918149
508271005
940904959
748446402
756193825
430387138
957926910
874443360
795739837
496697426
918050762
317310187
880442053
736522609
282347345
92730818
181926619
0
390514485
352812366
52
362151131
362656198
940904959
795739837
377961366
410329258
535952964
853189787
413052565
968493529
404194183
742546301
838571451
885127214
670841169
985997187
216504569
555556906
266111956
175137846
139035759
137900852
598181091
0
104060264
125222417
17854508
222711404
889513353
843826111
22604493
763520879
367484187
25855241
591180517
177843078
622875581
754434189
355791931
632630960
769071323
992492063
569693190
0
683957186
625896896
0
408242119
505948908
875864747
665313602
544793338
526900915
73374426
449479697
259204303
618407398
66903000
591307410
970621758
339672869
434935422
455272597
169639052
430387138
793739854
551490442
917281557
413123711
57013887
236906995
847825857
665313602
46553184
939804423
727976301
872567365
336149101
966150491
848985699
0
810526214
774062977
117736489
653618077
167196600
273295005
970621758
92730818
694650667
774062977
502306056
217623577
495889128
667472401
673744812
588459565
0
0
572555134
799760440
442672279
162922339
0
934015240
177531919
286989169
564578355
360761514
220750094
2028
721275415
201623553
627081332
430057662
495889128
641390640
610220646
918969490
434425656
756193825
177843078
3465711
799760440
249145236
967494938
616758961
535673675
415405170
121452534
390514485
106671399
511376556
927888375
578063147
493050218
110134188
0
405413786
490199254
926104037
614988873
737938511
160356690
623268617
695673274
69943202
273295005
1
874422280
546223334
462811726
354951927
238388058
795739837
667476165
146412825
484240582
969598569
855992287
341345980
920235614
511376556
956478209
149728581
368305770
612211230
684511845
592904656
71912262
794085112
684741613
380724965
694903019
683957186
673180318
694650667
336282006
482832315
0
24589475
477164998
231998376
307403568
556004166
775183477
171920595
601921974
998000842
80363818
323233060
194564906
580008694
96149036
979902616
154934544
683957186
382044802
144104416
0
810526214
0
307403568
177531919
752355424
585300321
575080758
26152052
875277972
278840897
388013598
483498575
542819867
714741238
856521649
948484453
768635672
875303129
867861026
561554323
296481235
793739854
128247369
28795608
323233060
3515690
46553184
737938511
843826111
541049402
54051965
109497811
79003442
376315365
81202881
0
160356690
504829936
52
986730487
905444513
625439059
450699552
238522814
0
146598274
654442774
291358870
403998467
803235580
80264436
932524415
773051923
731442109
113682943
127407445
826316053
800871988
388013598
95900679
368305770
568114714
770518391
968376027
421262934
125902859
342163634
606858529
84993445
165921726
472408642
870425403
30800776
931739657
299145243
397514808
351688613
956478209
146598274
103504314
54051965
0
711080473
456103307
218621651
637235775
77963165
659657434
322435983
248628923
38497018
211977345
440271241
163864168
519761254
942004461
373580221
371721270
955143779
826051105
942004461
670841169
51666545
875864747
488466729
748999746
924324522
231998376
307403568
492646182
805784853
837100473
538472515
859083411
944891170
742546301
263784109
769651308
878564259
262626674
643343343
415880817
381281965
380724965
538472515
619212973
406245585
650271391
233580637
331149937
727976301
818873797
549211051
275221365
423399845
523230738
748446402
20475783
503616291
59286181
88034238
76924298
371258693
249114662
846531178
381583937
969557171
23493839
411529134
536016771
765845289
370508149
222711404
735806355
697235935
492646182
836523639
114638709
796990437
233497948
958057245
966150491
752249291
76924298
332475955
913059557
70304
24767170
897946443
917281557
637212900
563809229
66903000
28884794
495889128
365571932
928285756
615541872
0
752355424
557656254
794322110
234507221
803454663
292788501
870425403
132982997
816655042
854320686
745714690
880375737
665313602
221736115
908615116
30800776
840640287
595525851
411529134
414413441
534343526
133765817
791298159
388215871
623203564
71288256
439021495
99953433
749265116
107292562
557656254
707089458
482832315
292401417
96149036
631917084
337268361
0
796990437
542287698
170034014
221736115
991088262
295092588
0
331129831
151278251
847825857
389514838
836276944
789964718
234390896
251059935
40505624
945898681
845478330
255053787
455272597
253591206
736200406
223000999
219345583
16898302
400968106
365287101
665313602
0
236958562
956478209
317310187
444329902
235120409
77409877
192519756
995026120
9373839
389514838
604819375
307403568
484240582
570877330
0
985795828
419029710
0
741573133
502306056
529982184
24767170
178282170
627081332
89406158
131477645
151161896
968493529
133765817
512013567
459786987
843965425
249288218
946600502
23493839
334768124
0
913898504
968247158
872567365
256437552
900233705
702474798
66903000
961260586
606591866
856141354
963710600
294082362
992492063
99953433
193098689
752486099
270431788
381315519
0
885127214
628264803
24157098
918295128
782188185
84945453
84993445
926130886
585300321
693537290
0
229591724
996664828
491167539
970781248
300321075
423399845
257117636
883578818
84993445
883578818
12353208
285583577
719840837
296481235
938276181
969598569
644263979
693022093
170034014
233497948
183851907
705999977
763890471
940904959
926104037
168939094
167196600
714741238
289431619
696074749
538472515
877755186
720217839
554253482
49324057
894197108
882991991
135633903
482689051
889513353
256088156
575070180
206695535
0
14907988
128982682
542287698
791797891
195358078
888993635
658874321
958392080
289431619
359212071
96456753
421262934
654682938
497727485
459206427
211977345
523230738
506168195
666900078
24157098
491038980
614914779
913387623
666419833
146412825
673180318
360769376
948484453
154934544
40505624
376989838
163864168
941653731
883578818
284882079
547551928
0
974319568
309140656
799800545
351688613
19227801
46020935
0
459922425
595525851
450699552
695673274
146412825
534343526
766272683
222711404
309140656
104060264
0
415880817
146918804
568114714
64136000
630850760
449416858
867861026
792156576
307403568
484240582
823521233
0
142429725
0
0
651939220
276640592
344575347
255053787
944808678
352962111
403998467
164728491
625439059
365287101
167014332
0
633322906
163663228
792156576
390514485
705999977
681296023
924324522
553689438
737976507
201623553
493207732
320125264
0
377961366
35771475
453104219
656241774
76924298
514197026
517387902
336865854
732829202
496697426
0
0
229019638
77409877
380861739
51666545
866338176
615541872
21917684
614988873
789750277
371258693
712244252
810998280
0
668213373
576211652
262873623
950243860
103056908
648624570
747568784
681296023
546223334
198991808
895186405
703692499
587519570
648435413
458376603
52
477164998
96456753
4431717
0
459922425
42440436
663688761
974319568
442030590
840071092
23325076
660725969
817779258
144104416
379371812
449479697
0
434709239
582052214
369314785
415880817
236906995
926390550
534343526
171920595
341345980
731442109
0
715567181
604689447
456103307
466432471
528381904
146814164
573516306
35771475
458376603
587519570
998000842
488466729
610077594
648624570
329754388
464522448
324572562
643120811
396684970
47640931
228289135
332475955
210700425
96149036
707929259
846531178
449631095
692800404
646818192
349419816
845478330
764427590
936869541
108390512
140711649
944891170
110134188
918969490
162922339
484240582
328502927
495889128
882147851
991902306
0
106543723
0
213746841
591307410
365287101
855992287
706883421
266019224
544480851
36094476
168939094
666865755
997276482
370508149
132982997
103504314
979902616
217623577
417740435
88719247
0
210700425
171155711
870425403
176672842
8322714
408314078
76924298
71912262
24084056
662626016
742562616
534343526
855417115
309140656
688958616
396684970
800871988
527240229
174919266
590980033
389506504
176672842
765860616
40517924
392040258
224461650
351688613
654442774
11820354
88719247
421749821
953567542
71288256
113682943
590980033
57013887
686283957
953409943
330950022
95900679
770518391
94843969
621832303
173134050
458376603
134001011
0
6663415
0
88034238
140810376
662626016
696074749
25855241
789750277
225305759
868413931
442030590
147436575
911770562
731442109
738797625
421720833
256437552
139240949
606858529
0
338761169
791797891
173134050
643120811
855417115
980731870
415921783
754032903
25888827
371978638
182949837
502240043
335823683
287869447
769651308
882991991
233920428
85527568
281776044
582052214
667476165
167408482
110134188
632630960
652521461
694650667
6663415
667472401
168831568
550628695
0
228153296
934251770
163663228
900233705
191733106
106671399
421749821
146598274
504718319
408242119
714741238
680262315
756193825
769071323
354951927
61279581
861831052
995618539
493345620
354951927
136491919
77963165
967003930
408314078
467006682
149728581
837100473
679670819
793739854
666271773
500890900
768252165
568910666
289216918
742546301
763520879
969557171
886389482
263784109
366842816
778172405
837100473
606591866
368305770
557059705
947441319
443053372
449416858
41248751
489215801
64136000
939910476
443053372
652235381
0
847594249
88719247
492646182
260810326
502463013
140711649
986730487
953730518
14907988
995618539
606591866
880375737
637212900
141646553
979113027
934251770
969265029
631917084
887829981
500890900
88034238
860541047
142429725
624390534
11060390
0
754434189
476658526
400968106
249288218
857304467
843336656
693537290
771956346
551917217
442672279
721275415
549211051
0
778172405
11820354
167196600
740179172
808293306
501339404
734863396
165201729
422372938
852225896
423538429
947441319
654682938
83779274
0
307403568
365571932
231161512
456680495
251102640
400968106
998000842
823269080
406203011
924324522
157954494
868945534
488964778
165921726
712244252
259077160
0
624963179
100557232
936774412
173169664
106671399
24589475
88453550
3768343
127635807
591307410
755733736
434935422
92688748
572555134
825588237
25855241
747708838
758171640
712244252
362348913
172605158
278840897
381315519
169639052
857279709
191073691
183851907
233614632
517538507
435860859
201623553
765860616
691598725
974319568
146412825
271483851
110134188
575789006
736200406
172605158
937776409
691939246
38557165
354951927
624963179
210700425
941726416
66903000
380715718
488333327
25855241
279515336
944808678
365287101
673563519
694650667
221736115
218621651
933562705
114141980
380715718
410998853
754668947
941726416
392040258
818191737
926130886
517538507
611918149
390514485
653478184
345391655
0
51690792
281776044
730226638
901697893
320125264
792051539
9549081
752486099
974319568
838571451
297230488
0
564229857
356567405
251102640
136230070
183211286
683957186
917281557
57013887
559372596
210185833
553689438
988016700
751783944
493345620
919284597
0
604819375
0
291358870
0
913538137
362986437
609813624
502463013
0
580008694
920294126
504718319
670841169
329613065
694601906
940904959
106543723
41148487
502306056
0
625900823
598181091
146918804
908615489
701201326
910381872
0
532477110
352812366
898585246
442030590
66903000
274773516
0
464522448
273295005
866338176
345796203
664090741
247043700
139035759
991088262
108390512
415880817
322435983
627081332
49324057
652521461
720217839
616758961
609813624
544793338
233580637
22604493
67568497
508271005
427775435
254278307
77963165
15736849
292500729
85527568
879080113
970781248
511979482
95029425
339608406
0
0
165921726
212382346
518254534
619891133
794322110
546905929
351688613
492646182
504718319
311612105
462811726
0
175137846
145289394
837300637
462418385
329613065
40505624
918050762
109497811
879954606
1
32933002
964991390
430057662
418153329
503375532
172876513
663238722
194564906
136335917
325730396
926104037
987456512
653618077
0
735806355
462140690
675924641
238388058
