64905285
824295632
212716182
824295632
282263379
179369683
147810897
431879331
386263199
302914026
886434110
824295632
982426221
482283709
684344710
913797907
147810897
252753070
82905612
679454861
580344890
723491870
88181688
948083397
364766632
521381606
379796833
926711620
509607403
913797907
379796833
131687017
466986616
709353526
82905612
334906767
765068127
302914026
580344890
317052370
765068127
128965305
765068127
785197735
886434110
334906767
249628522
520272120
64905285
431879331
945356834
89867408
88181688
913797907
88181688
948083397
386263199
131687017
212716182
645169371
886434110
218467580
212716182
824295632
212716182
521381606
379796833
131687017
765068127
824295632
982426221
858581122
871403909
520272120
82905612
131687017
951339395
926711620
977991691
128965305
88181688
913797907
64905285
723491870
147810897
926711620
386263199
128965305
82905612
317052370
444702118
908985500
379796833
89867408
18000327
317052370
249628522
302914026
580344890
723491870
386263199
948083397
147810897
218467580
509607403
521381606
82905612
302914026
88181688
824295632
88181688
824295632
282263379
431879331
886434110
520272120
212716182
912573276
282263379
431879331
18000327
128965305
18000327
645169371
639417973
131687017
212716182
785197735
212716182
948083397
88181688
128965305
282263379
128965305
951339395
521381606
982426221
926711620
88181688
334906767
379796833
317052370
88181688
218467580
574512688
431879331
547710033
288775682
282263379
645169371
212716182
913797907
509607403
431879331
982426221
334906767
886434110
317052370
977991691
709353526
580344890
948083397
886434110
723491870
444702118
128965305
82905612
645169371
684344710
334906767
951339395
723491870
466986616
128965305
147810897
506133776
212716182
128965305
386263199
317052370
466986616
334906767
466986616
926711620
951339395
926711620
639417973
521381606
18000327
723491870
466986616
819483225
580344890
218467580
509607403
521381606
277828849
334906767
168905105
948083397
386263199
506133776
379796833
431879331
684344710
317052370
147810897
555667096
466986616
179369683
282263379
948083397
765068127
131687017
765068127
709353526
147810897
948083397
88181688
131687017
82905612
252753070
82905612
948083397
147810897
926711620
574512688
317052370
765068127
131687017
82905612
131687017
88181688
431879331
977991691
431879331
977991691
520272120
684344710
317052370
684344710
89867408
18000327
334906767
466986616
128965305
509607403
302914026
444702118
555667096
684344710
131687017
386263199
334906767
951339395
334906767
509607403
913797907
886434110
982368887
18000327
128965305
977991691
89867408
212716182
128965305
88181688
912573276
147810897
645169371
88181688
131687017
886434110
506133776
871403909
824295632
386263199
723491870
444702118
117548673
379796833
334906767
574512688
431879331
574512688
117548673
509607403
252753070
386263199
302914026
82905612
824295632
951339395
723491870
147810897
521381606
379796833
926711620
212716182
824295632
684344710
555667096
951339395
824295632
951339395
695215182
282263379
431879331
547710033
89867408
88181688
218467580
547710033
302914026
88181688
926711620
277828849
431879331
18000327
128965305
212716182
723491870
82905612
302914026
82905612
913797907
580344890
913797907
82905612
302914026
212716182
131687017
212716182
520272120
82905612
858581122
982426221
128965305
379796833
317052370
639417973
131687017
684344710
131687017
147810897
723491870
147810897
302914026
82905612
785197735
64905285
913797907
684344710
252753070
212716182
431879331
386263199
334906767
277828849
128965305
951339395
926711620
951339395
645169371
277828849
431879331
386263199
431879331
147810897
723491870
444702118
555667096
277828849
506133776
147810897
431879331
147810897
317052370
444702118
334906767
760633597
723491870
282263379
824295632
462552086
926711620
282263379
431879331
64905285
824295632
580344890
128965305
18000327
302914026
18000327
824295632
386263199
506133776
379796833
709353526
574512688
431879331
88181688
431879331
82905612
824295632
88181688
431879331
82905612
128965305
982426221
948083397
982426221
824295632
580344890
317052370
386263199
645169371
580344890
723491870
982426221
520272120
982426221
926711620
147810897
555667096
982426221
252753070
88181688
709353526
277828849
926711620
18000327
334906767
684344710
645169371
386263199
431879331
82905612
506133776
886434110
131687017
684344710
521381606
982426221
213655173
282263379
723491870
212716182
555667096
951339395
948083397
147810897
948083397
212716182
431879331
982426221
491995432
82905612
521381606
168905105
317052370
168905105
128965305
684344710
912573276
580344890
131687017
765068127
317052370
88181688
431879331
982426221
521381606
147810897
334906767
466986616
131687017
18000327
431879331
869067947
912573276
444702118
482283709
282263379
302914026
684344710
912573276
212716182
131687017
871403909
334906767
147810897
824295632
386263199
131687017
386263199
334906767
212716182
431879331
88181688
128965305
580344890
506133776
977991691
131687017
886434110
131687017
282263379
252753070
88181688
824295632
379796833
926711620
466986616
948083397
82905612
858581122
88181688
128965305
82905612
506133776
982426221
431879331
951339395
521381606
886434110
334906767
88181688
431879331
147810897
128965305
379796833
926711620
951339395
218467580
147810897
334906767
386263199
252753070
147810897
913797907
684344710
252753070
88181688
913797907
18000327
218467580
982426221
334906767
679910180
709353526
212716182
926711620
444702118
128965305
951339395
520272120
580344890
431879331
88181688
913797907
18000327
431879331
982426221
858581122
684344710
128965305
982426221
506133776
88181688
431879331
982426221
334906767
212716182
520272120
386263199
128965305
949791364
431879331
147810897
926711620
386263199
723491870
386263199
785197735
886434110
723491870
574512688
723491870
386263199
334906767
951339395
506133776
580344890
709353526
82905612
392781434
982426221
555667096
18000327
723491870
212716182
948083397
277828849
117548673
765068127
252753070
444702118
723491870
444702118
824295632
444702118
334906767
82905612
131687017
765068127
317052370
18000327
723491870
82905612
302914026
168905105
117548673
580344890
723491870
147810897
302914026
88181688
723491870
765068127
334906767
580344890
334906767
951339395
723491870
18000327
912573276
147810897
516569199
164470575
431879331
466986616
218467580
951339395
520272120
82905612
128965305
212716182
431879331
386263199
131687017
466986616
482283709
886434110
213655173
147810897
334906767
509607403
645169371
18000327
709353526
379796833
506133776
212716182
252753070
462552086
948083397
282263379
948083397
82905612
334906767
379796833
317052370
684344710
640356964
82905612
926711620
386263199
334906767
88181688
334906767
386263199
431879331
18000327
252753070
88181688
521381606
765068127
431879331
147810897
926711620
547710033
948083397
277828849
926711620
444702118
926711620
88181688
128965305
147810897
645169371
509607403
431879331
147810897
334906767
379796833
334906767
147810897
131687017
147810897
252753070
509607403
785197735
444702118
520272120
82905612
858581122
88181688
317052370
765068127
302914026
212716182
982368887
64905285
912573276
282263379
858581122
282263379
516569199
212716182
520272120
82905612
858581122
679910180
521381606
386263199
948083397
886434110
824295632
444702118
128965305
509607403
912573276
886434110
302914026
88181688
128965305
444702118
334906767
386263199
709353526
886434110
128965305
886434110
431879331
982426221
555667096
982426221
819483225
580344890
913797907
444702118
431879331
18000327
723491870
88181688
334906767
765068127
252753070
212716182
431879331
386263199
218467580
684344710
948083397
249628522
334906767
580344890
521381606
869067947
131687017
639417973
982368887
639417973
824295632
168905105
431879331
147810897
926711620
82905612
213655173
639417973
334906767
82905612
252753070
88181688
302914026
509607403
709353526
88181688
431879331
212716182
288775682
212716182
520272120
574512688
431879331
82905612
926711620
466986616
926711620
379796833
824295632
982426221
506133776
765068127
131687017
88181688
926711620
212716182
926711620
282263379
913797907
147810897
824295632
580344890
709353526
282263379
317052370
886434110
317052370
147810897
131687017
386263199
128965305
212716182
218467580
466986616
431879331
982426221
128965305
82905612
131687017
18000327
948083397
444702118
334906767
381828669
926711620
386263199
506133776
639417973
334906767
379796833
131687017
580344890
288775682
82905612
506133776
466986616
334906767
951339395
317052370
386263199
317052370
212716182
521381606
982426221
645169371
444702118
334906767
386263199
912573276
88181688
334906767
18000327
334906767
18000327
913797907
386263199
131687017
509607403
431879331
18000327
317052370
32270428
131687017
386263199
317052370
386263199
521381606
212716182
128965305
212716182
431879331
147810897
288775682
212716182
520272120
379796833
948083397
765068127
431879331
147810897
926711620
886434110
431879331
951339395
131687017
82905612
645169371
64905285
131687017
212716182
824295632
886434110
913797907
147810897
334906767
580344890
131687017
82905612
131687017
765068127
218467580
574512688
520272120
444702118
858581122
18000327
334906767
88181688
317052370
765068127
128965305
684344710
723491870
82905612
302914026
386263199
723491870
509607403
334906767
82905612
128965305
83747158
334906767
386263199
302914026
951339395
926711620
444702118
431879331
82905612
926711620
386263199
506133776
282263379
824295632
82905612
858581122
82905612
218467580
982426221
128965305
886434110
252753070
444702118
709353526
282263379
252753070
886434110
128965305
379796833
131687017
444702118
431879331
147810897
431879331
869067947
709353526
88181688
218467580
379796833
723491870
147810897
128965305
982426221
913797907
88181688
218467580
684344710
824295632
684344710
128965305
82905612
506133776
82905612
213655173
282263379
926711620
18000327
926711620
982426221
317052370
88181688
824295632
765068127
948083397
82905612
317052370
977991691
131687017
951339395
302914026
82905612
334906767
64905285
506133776
88181688
723491870
64905285
431879331
147810897
317052370
386263199
302914026
147810897
431879331
386263199
334906767
82905612
302914026
951339395
555667096
977991691
912573276
639417973
128965305
386263199
131687017
949791364
89867408
386263199
252753070
684344710
926711620
886434110
824295632
147810897
521381606
684344710
128965305
249628522
128965305
444702118
506133776
212716182
334906767
82905612
913797907
580344890
431879331
386263199
926711620
88181688
431879331
509607403
723491870
982426221
521381606
386263199
723491870
82905612
334906767
982426221
506133776
684344710
824295632
277828849
521381606
982426221
128965305
147810897
334906767
282263379
858581122
765068127
128965305
951339395
218467580
212716182
376540835
212716182
252753070
951339395
431879331
379796833
131687017
88181688
520272120
386263199
431879331
282263379
723491870
951339395
218467580
212716182
824295632
765068127
723491870
88181688
506133776
212716182
213655173
580344890
520272120
765068127
506133776
168905105
128965305
684344710
723491870
386263199
334906767
574512688
302914026
282263379
431879331
936309194
334906767
282263379
302914026
64905285
131687017
282263379
723491870
212716182
431879331
386263199
128965305
282263379
128965305
88181688
431879331
977991691
506133776
379796833
520272120
82905612
506133776
18000327
723491870
168905105
723491870
982426221
431879331
212716182
334906767
212716182
824295632
88181688
506133776
379796833
709353526
574512688
431879331
466986616
179369683
147810897
723491870
147810897
128965305
951339395
317052370
509607403
709353526
574512688
723491870
82905612
179369683
684344710
913797907
82905612
824295632
88181688
723491870
18000327
128965305
212716182
334906767
88181688
926711620
18000327
926711620
580344890
824295632
951339395
723491870
886434110
431879331
574512688
506133776
212716182
858581122
765068127
723491870
386263199
288775682
886434110
555667096
18000327
128965305
88181688
645169371
82905612
89867408
444702118
709353526
82905612
431879331
212716182
926711620
88181688
431879331
886434110
521381606
886434110
723491870
88181688
926711620
18000327
431879331
982426221
506133776
147810897
431879331
951339395
334906767
977991691
392781434
869067947
334906767
64905285
131687017
88181688
128965305
982426221
926711620
64905285
506133776
386263199
555667096
88181688
431879331
951339395
520272120
509607403
431879331
871403909
520272120
574512688
913797907
212716182
506133776
64905285
128965305
88181688
128965305
88181688
948083397
67875411
128965305
88181688
128965305
147810897
520272120
982426221
128965305
684344710
334906767
82905612
824295632
147810897
521381606
88181688
131687017
282263379
128965305
765068127
824295632
379796833
824295632
386263199
218467580
684344710
723491870
982426221
131687017
88181688
128965305
32270428
376540835
580344890
926711620
580344890
334906767
386263199
89867408
18000327
302914026
547710033
334906767
282263379
334906767
379796833
521381606
574512688
520272120
88181688
131687017
386263199
555667096
982426221
926711620
951339395
506133776
82905612
218467580
379796833
913797907
282263379
431879331
951339395
128965305
951339395
926711620
379796833
218467580
951339395
117548673
282263379
709353526
684344710
218467580
444702118
302914026
951339395
128965305
386263199
926711620
386263199
317052370
147810897
520272120
282263379
912573276
88181688
288775682
88181688
128965305
64905285
948083397
82905612
824295632
977991691
948083397
982426221
824295632
547710033
723491870
444702118
288775682
147810897
723491870
18000327
128965305
386263199
431879331
886434110
431879331
951339395
858581122
88181688
679454861
936309194
926711620
82905612
645169371
381828669
131687017
386263199
431879331
580344890
520272120
684344710
131687017
282263379
521381606
88181688
858581122
580344890
926711620
886434110
131687017
82905612
128965305
18000327
218467580
88181688
555667096
574512688
334906767
379796833
334906767
82905612
218467580
886434110
913797907
64905285
645169371
212716182
334906767
386263199
431879331
212716182
218467580
18000327
520272120
886434110
334906767
147810897
431879331
982426221
213655173
88181688
723491870
580344890
520272120
147810897
317052370
444702118
824295632
444702118
926711620
282263379
431879331
886434110
908985500
760633597
723491870
212716182
948083397
509607403
723491870
379796833
334906767
88181688
431879331
886434110
131687017
444702118
709353526
379796833
645169371
212716182
520272120
466986616
858581122
64905285
948083397
212716182
824295632
379796833
213655173
429985302
757613369
494890587
757613369
518539174
899185154
64905285
459477805
124041908
849176571
341452783
757613369
719788203
750117372
921037232
206572362
64905285
894470763
633164336
33083804
317290145
27397310
325290937
45294192
45492165
906681151
908295479
115308530
770021730
206572362
908295479
203219750
832483360
26754658
633164336
291130970
631234331
849176571
317290145
849819223
631234331
608545587
631234331
601049590
341452783
291130970
743929488
937730443
429985302
459477805
321806069
451981808
325290937
206572362
325290937
45294192
124041908
203219750
494890587
194361974
341452783
57504580
494890587
757613369
494890587
906681151
908295479
203219750
631234331
757613369
719788203
596335199
476893822
937730443
633164336
203219750
771438085
115308530
96415755
608545587
325290937
206572362
429985302
27397310
64905285
115308530
124041908
608545587
633164336
849819223
340036428
886974766
908295479
451981808
203179034
849819223
743929488
849176571
317290145
27397310
124041908
45294192
64905285
57504580
770021730
906681151
633164336
849176571
325290937
757613369
325290937
757613369
518539174
459477805
341452783
937730443
494890587
114665878
518539174
459477805
203179034
608545587
203179034
194361974
631747981
203219750
494890587
601049590
494890587
45294192
325290937
608545587
518539174
608545587
771438085
906681151
719788203
115308530
325290937
291130970
908295479
849819223
325290937
57504580
201762679
459477805
542680459
848533919
518539174
194361974
494890587
206572362
770021730
459477805
719788203
291130970
341452783
849819223
96415755
26754658
317290145
45294192
341452783
27397310
340036428
608545587
633164336
194361974
921037232
291130970
771438085
27397310
832483360
608545587
64905285
937087791
494890587
608545587
124041908
849819223
832483360
291130970
832483360
115308530
771438085
115308530
631747981
906681151
203179034
27397310
832483360
439771420
317290145
57504580
770021730
906681151
893411079
291130970
35488036
45294192
124041908
937087791
908295479
459477805
921037232
849819223
64905285
745402981
832483360
899185154
518539174
45294192
631234331
203219750
631234331
26754658
64905285
45294192
325290937
203219750
633164336
894470763
633164336
45294192
64905285
115308530
201762679
849819223
631234331
203219750
633164336
203219750
325290937
459477805
96415755
459477805
96415755
937730443
921037232
849819223
921037232
451981808
203179034
291130970
832483360
608545587
770021730
849176571
340036428
745402981
921037232
203219750
124041908
291130970
771438085
291130970
770021730
206572362
341452783
882260375
203179034
608545587
96415755
451981808
494890587
608545587
325290937
114665878
64905285
194361974
325290937
203219750
341452783
937087791
476893822
757613369
124041908
27397310
340036428
202577098
908295479
291130970
201762679
459477805
201762679
202577098
770021730
894470763
124041908
849176571
633164336
757613369
771438085
27397310
64905285
906681151
908295479
115308530
494890587
757613369
921037232
745402981
771438085
757613369
771438085
26112006
518539174
459477805
542680459
451981808
325290937
57504580
542680459
849176571
325290937
115308530
893411079
459477805
203179034
608545587
494890587
27397310
633164336
849176571
633164336
206572362
317290145
206572362
633164336
849176571
494890587
203219750
494890587
937730443
633164336
596335199
719788203
608545587
908295479
849819223
631747981
203219750
921037232
203219750
64905285
27397310
64905285
849176571
633164336
601049590
429985302
206572362
921037232
894470763
494890587
459477805
124041908
291130970
893411079
608545587
771438085
115308530
771438085
194361974
893411079
459477805
124041908
459477805
64905285
27397310
340036428
745402981
893411079
937087791
64905285
459477805
64905285
849819223
340036428
291130970
7861883
27397310
518539174
757613369
209110912
115308530
518539174
459477805
429985302
757613369
317290145
608545587
203179034
849176571
203179034
757613369
124041908
937087791
908295479
26754658
201762679
459477805
325290937
459477805
633164336
757613369
325290937
459477805
633164336
608545587
719788203
45294192
719788203
757613369
317290145
849819223
124041908
194361974
317290145
27397310
719788203
937730443
719788203
115308530
64905285
745402981
719788203
894470763
325290937
26754658
893411079
115308530
203179034
291130970
921037232
194361974
124041908
459477805
633164336
937087791
341452783
203219750
921037232
906681151
719788203
737906984
518539174
27397310
494890587
745402981
771438085
45294192
64905285
45294192
494890587
459477805
719788203
936445139
633164336
906681151
35488036
849819223
35488036
608545587
921037232
114665878
317290145
203219750
631234331
849819223
325290937
459477805
719788203
906681151
64905285
291130970
832483360
203219750
203179034
459477805
236737065
114665878
340036428
750117372
518539174
849176571
921037232
114665878
494890587
203219750
476893822
291130970
64905285
757613369
124041908
203219750
124041908
291130970
494890587
459477805
325290937
608545587
317290145
937087791
96415755
203219750
341452783
203219750
518539174
894470763
325290937
757613369
908295479
115308530
832483360
45294192
633164336
596335199
325290937
608545587
633164336
937087791
719788203
459477805
771438085
906681151
341452783
291130970
325290937
459477805
64905285
608545587
908295479
115308530
771438085
57504580
64905285
291130970
124041908
894470763
64905285
206572362
921037232
894470763
325290937
206572362
203179034
57504580
719788203
291130970
297664784
26754658
494890587
115308530
340036428
608545587
771438085
937730443
317290145
459477805
325290937
206572362
203179034
459477805
719788203
596335199
921037232
608545587
719788203
937087791
325290937
459477805
719788203
291130970
494890587
937730443
124041908
608545587
945178517
459477805
64905285
115308530
124041908
27397310
124041908
601049590
341452783
27397310
201762679
27397310
124041908
291130970
771438085
937087791
317290145
26754658
633164336
302914026
719788203
745402981
203179034
27397310
494890587
45294192
893411079
202577098
631234331
894470763
340036428
27397310
340036428
757613369
340036428
291130970
633164336
203219750
631234331
849819223
203179034
27397310
633164336
849176571
35488036
202577098
317290145
27397310
64905285
849176571
325290937
27397310
631234331
291130970
317290145
291130970
771438085
27397310
203179034
114665878
64905285
588839202
410359941
459477805
832483360
57504580
771438085
937730443
633164336
608545587
494890587
459477805
124041908
203219750
832483360
750117372
341452783
737906984
64905285
291130970
770021730
194361974
203179034
26754658
908295479
937087791
494890587
894470763
209110912
45294192
518539174
45294192
633164336
291130970
908295479
849819223
921037232
874764378
633164336
115308530
124041908
291130970
325290937
291130970
124041908
459477805
203179034
894470763
325290937
906681151
631234331
459477805
64905285
115308530
542680459
45294192
893411079
115308530
340036428
115308530
325290937
608545587
64905285
194361974
770021730
459477805
64905285
291130970
908295479
291130970
64905285
203219750
64905285
894470763
770021730
601049590
340036428
937730443
633164336
596335199
325290937
849819223
631234331
849176571
494890587
882260375
429985302
114665878
518539174
596335199
518539174
588839202
494890587
937730443
633164336
596335199
297664784
906681151
124041908
45294192
341452783
757613369
340036428
608545587
770021730
114665878
341452783
849176571
325290937
608545587
340036428
291130970
124041908
26754658
341452783
608545587
341452783
459477805
719788203
745402981
719788203
439771420
317290145
206572362
340036428
459477805
203179034
27397310
325290937
291130970
631234331
894470763
494890587
459477805
124041908
57504580
921037232
45294192
743929488
291130970
317290145
906681151
236737065
203219750
631747981
882260375
631747981
757613369
35488036
459477805
64905285
115308530
633164336
737906984
631747981
291130970
633164336
894470763
325290937
849176571
770021730
26754658
325290937
459477805
494890587
848533919
494890587
937730443
201762679
459477805
633164336
115308530
832483360
115308530
908295479
757613369
719788203
937087791
631234331
203219750
325290937
115308530
494890587
115308530
518539174
206572362
64905285
757613369
317290145
26754658
518539174
849819223
341452783
849819223
64905285
203219750
124041908
608545587
494890587
57504580
832483360
459477805
719788203
608545587
633164336
203219750
203179034
45294192
340036428
291130970
498913813
115308530
124041908
937087791
631747981
291130970
908295479
203219750
317290145
848533919
633164336
937087791
832483360
291130970
771438085
849819223
124041908
849819223
494890587
906681151
719788203
194361974
340036428
291130970
124041908
114665878
325290937
291130970
203179034
291130970
203179034
206572362
124041908
203219750
770021730
459477805
203179034
849819223
655375616
203219750
124041908
849819223
124041908
906681151
494890587
608545587
494890587
459477805
64905285
848533919
494890587
937730443
908295479
45294192
631234331
459477805
64905285
115308530
341452783
459477805
771438085
203219750
633164336
194361974
429985302
203219750
494890587
757613369
341452783
206572362
64905285
291130970
317290145
203219750
633164336
203219750
631234331
57504580
201762679
937730443
340036428
596335199
203179034
291130970
325290937
849819223
631234331
608545587
921037232
27397310
633164336
849176571
124041908
27397310
770021730
291130970
633164336
608545587
700162842
291130970
124041908
849176571
771438085
115308530
340036428
459477805
633164336
115308530
124041908
937087791
518539174
757613369
633164336
596335199
633164336
57504580
719788203
608545587
341452783
894470763
340036428
26754658
518539174
894470763
341452783
608545587
908295479
203219750
340036428
459477805
64905285
459477805
236737065
26754658
325290937
57504580
908295479
27397310
64905285
608545587
719788203
206572362
325290937
57504580
921037232
757613369
921037232
608545587
633164336
937087791
633164336
737906984
518539174
115308530
203179034
115308530
719788203
849819223
325290937
757613369
631234331
45294192
633164336
849819223
96415755
203219750
771438085
849176571
633164336
291130970
429985302
937087791
325290937
27397310
429985302
459477805
64905285
849819223
124041908
849176571
64905285
459477805
124041908
291130970
633164336
849176571
771438085
745402981
96415755
114665878
631747981
608545587
124041908
203219750
945178517
451981808
124041908
894470763
921037232
115308530
341452783
757613369
64905285
906681151
921037232
608545587
743929488
608545587
340036428
937087791
494890587
291130970
633164336
206572362
317290145
459477805
124041908
115308530
325290937
459477805
770021730
27397310
719788203
906681151
124041908
27397310
633164336
291130970
719788203
937087791
921037232
757613369
893411079
906681151
719788203
608545587
64905285
291130970
518539174
596335199
631234331
608545587
771438085
57504580
494890587
182151586
494890587
894470763
771438085
459477805
908295479
203219750
325290937
937730443
124041908
459477805
518539174
27397310
771438085
57504580
494890587
757613369
631234331
27397310
325290937
937087791
494890587
737906984
317290145
937730443
631234331
937087791
35488036
608545587
921037232
27397310
124041908
291130970
201762679
849176571
518539174
459477805
906879124
291130970
518539174
849176571
429985302
203219750
518539174
27397310
494890587
459477805
124041908
608545587
518539174
608545587
325290937
459477805
96415755
937087791
908295479
937730443
633164336
937087791
203179034
27397310
35488036
27397310
719788203
459477805
494890587
291130970
494890587
757613369
325290937
937087791
908295479
26754658
201762679
459477805
832483360
899185154
64905285
27397310
64905285
608545587
771438085
849819223
770021730
26754658
201762679
27397310
633164336
899185154
921037232
206572362
633164336
757613369
325290937
27397310
203179034
608545587
494890587
291130970
325290937
115308530
203179034
115308530
317290145
757613369
771438085
27397310
341452783
459477805
201762679
937087791
494890587
596335199
631234331
27397310
124041908
848533919
341452783
745402981
203179034
608545587
325290937
194361974
633164336
451981808
340036428
26754658
633164336
459477805
494890587
115308530
325290937
459477805
341452783
906681151
341452783
27397310
325290937
115308530
203179034
459477805
719788203
937087791
64905285
459477805
771438085
291130970
96415755
302914026
236737065
291130970
429985302
203219750
325290937
608545587
719788203
115308530
429985302
937087791
124041908
745402981
325290937
459477805
771438085
937730443
770021730
459477805
476893822
937730443
201762679
206572362
494890587
937087791
429985302
608545587
325290937
608545587
325290937
45294192
768605375
608545587
325290937
608545587
64905285
937730443
719788203
608545587
921037232
291130970
633164336
757613369
64905285
906681151
325290937
203219750
518539174
608545587
631234331
757613369
908295479
757613369
124041908
57504580
921037232
27397310
719788203
203219750
325290937
608545587
655375616
182151586
317290145
115308530
317290145
291130970
124041908
451981808
203179034
849176571
542680459
291130970
518539174
291130970
908295479
906681151
201762679
937730443
325290937
203219750
124041908
745402981
719788203
115308530
771438085
937087791
633164336
57504580
908295479
206572362
518539174
459477805
771438085
608545587
771438085
115308530
908295479
57504580
771438085
202577098
518539174
26754658
921037232
57504580
340036428
849176571
771438085
608545587
124041908
115308530
124041908
849819223
64905285
937730443
518539174
114665878
325290937
848533919
325290937
608545587
429985302
45294192
633164336
757613369
96415755
45294192
719788203
757613369
542680459
27397310
340036428
848533919
64905285
27397310
203179034
608545587
124041908
459477805
341452783
459477805
771438085
596335199
325290937
33083804
906879124
115308530
633164336
194361974
498913813
203219750
124041908
459477805
317290145
937730443
921037232
203219750
518539174
906681151
325290937
596335199
317290145
115308530
341452783
203219750
633164336
608545587
203179034
57504580
325290937
745402981
201762679
291130970
908295479
291130970
633164336
57504580
341452783
206572362
429985302
194361974
494890587
291130970
124041908
459477805
494890587
57504580
203179034
937730443
341452783
291130970
64905285
459477805
719788203
737906984
325290937
27397310
317290145
937730443
64905285
849819223
340036428
757613369
340036428
115308530
518539174
459477805
341452783
886974766
7861883
27397310
494890587
45294192
770021730
27397310
908295479
291130970
325290937
459477805
341452783
203219750
340036428
26754658
908295479
194361974
494890587
937730443
832483360
596335199
429985302
45294192
494890587
757613369
908295479
737906984
674625329
630660477
808378888
630660477
298558617
849176571
133753559
695495472
353759419
531539674
429985302
630660477
649707002
382471892
2611034
34285808
133753559
542106605
457372583
453552733
945654585
223034704
704907804
10566931
191710967
99120803
17812406
290596446
368818711
34285808
17812406
358158188
378677746
666663158
457372583
425719930
27529361
531539674
945654585
87911220
27529361
163955798
27529361
914011566
429985302
425719930
754744458
155472962
674625329
695495472
10338902
447306887
704907804
34285808
704907804
10566931
353759419
358158188
808378888
477271610
429985302
565825482
808378888
630660477
808378888
99120803
17812406
358158188
27529361
630660477
649707002
606941600
603883863
155472962
457372583
358158188
106366278
290596446
552397414
163955798
704907804
34285808
674625329
223034704
133753559
290596446
353759419
163955798
457372583
87911220
692437735
293918020
17812406
447306887
780991607
87911220
754744458
531539674
945654585
223034704
353759419
10566931
133753559
565825482
368818711
99120803
457372583
531539674
704907804
630660477
704907804
630660477
298558617
695495472
429985302
155472962
808378888
734224900
298558617
695495472
780991607
163955798
780991607
477271610
719825016
358158188
808378888
914011566
808378888
10566931
704907804
163955798
298558617
163955798
106366278
99120803
649707002
290596446
704907804
425719930
17812406
87911220
704907804
565825482
45199687
695495472
403596073
975168128
298558617
477271610
808378888
34285808
368818711
695495472
649707002
425719930
429985302
87911220
552397414
666663158
945654585
10566931
429985302
223034704
692437735
163955798
457372583
477271610
2611034
425719930
106366278
223034704
378677746
163955798
133753559
599101416
808378888
163955798
353759419
87911220
378677746
425719930
378677746
290596446
106366278
290596446
719825016
99120803
780991607
223034704
378677746
890292689
945654585
565825482
368818711
99120803
201249029
425719930
729826131
10566931
353759419
599101416
17812406
695495472
2611034
87911220
133753559
75401926
378677746
849176571
298558617
10566931
27529361
358158188
27529361
666663158
133753559
10566931
704907804
358158188
457372583
542106605
457372583
10566931
133753559
290596446
45199687
87911220
27529361
358158188
457372583
358158188
704907804
695495472
552397414
695495472
552397414
155472962
2611034
87911220
2611034
447306887
780991607
425719930
378677746
163955798
368818711
531539674
692437735
75401926
2611034
358158188
353759419
425719930
106366278
425719930
368818711
34285808
429985302
985092407
780991607
163955798
552397414
447306887
808378888
163955798
704907804
734224900
133753559
477271610
704907804
358158188
429985302
599101416
603883863
630660477
353759419
223034704
692437735
801786642
17812406
425719930
45199687
695495472
45199687
801786642
368818711
542106605
353759419
531539674
457372583
630660477
106366278
223034704
133753559
99120803
17812406
290596446
808378888
630660477
2611034
75401926
106366278
630660477
106366278
112047259
298558617
695495472
403596073
447306887
704907804
565825482
403596073
531539674
704907804
290596446
201249029
695495472
780991607
163955798
808378888
223034704
457372583
531539674
457372583
34285808
945654585
34285808
457372583
531539674
808378888
358158188
808378888
155472962
457372583
606941600
649707002
163955798
17812406
87911220
719825016
358158188
2611034
358158188
133753559
223034704
133753559
531539674
457372583
914011566
674625329
34285808
2611034
542106605
808378888
695495472
353759419
425719930
201249029
163955798
106366278
290596446
106366278
477271610
201249029
695495472
353759419
695495472
133753559
223034704
692437735
75401926
201249029
599101416
133753559
695495472
133753559
87911220
692437735
425719930
928464126
223034704
298558617
630660477
281368158
290596446
298558617
695495472
674625329
630660477
945654585
163955798
780991607
531539674
780991607
630660477
353759419
599101416
17812406
666663158
45199687
695495472
704907804
695495472
457372583
630660477
704907804
695495472
457372583
163955798
649707002
10566931
649707002
630660477
945654585
87911220
353759419
477271610
945654585
223034704
649707002
155472962
649707002
290596446
133753559
75401926
649707002
542106605
704907804
666663158
201249029
290596446
780991607
425719930
2611034
477271610
353759419
695495472
457372583
599101416
429985302
358158188
2611034
99120803
649707002
825457694
298558617
223034704
808378888
75401926
106366278
10566931
133753559
10566931
808378888
695495472
649707002
44485517
457372583
99120803
729826131
87911220
729826131
163955798
2611034
734224900
945654585
358158188
27529361
87911220
704907804
695495472
649707002
99120803
133753559
425719930
378677746
358158188
780991607
695495472
82730163
734224900
692437735
382471892
298558617
531539674
2611034
734224900
808378888
358158188
603883863
425719930
133753559
630660477
353759419
358158188
353759419
425719930
808378888
695495472
704907804
163955798
945654585
599101416
552397414
358158188
429985302
358158188
298558617
542106605
704907804
630660477
17812406
290596446
378677746
10566931
457372583
606941600
704907804
163955798
457372583
599101416
649707002
695495472
106366278
99120803
429985302
425719930
704907804
695495472
133753559
163955798
17812406
290596446
106366278
565825482
133753559
425719930
353759419
542106605
133753559
34285808
2611034
542106605
704907804
34285808
780991607
565825482
649707002
425719930
903545799
666663158
808378888
290596446
692437735
163955798
106366278
155472962
945654585
695495472
704907804
34285808
780991607
695495472
649707002
606941600
2611034
163955798
649707002
599101416
704907804
695495472
649707002
425719930
808378888
155472962
353759419
163955798
107648490
695495472
133753559
290596446
353759419
223034704
353759419
914011566
429985302
223034704
45199687
223034704
353759419
425719930
106366278
599101416
945654585
666663158
457372583
978846561
649707002
75401926
780991607
223034704
808378888
10566931
201249029
801786642
27529361
542106605
692437735
223034704
692437735
630660477
692437735
425719930
457372583
358158188
27529361
87911220
780991607
223034704
457372583
531539674
729826131
801786642
945654585
223034704
133753559
531539674
704907804
223034704
27529361
425719930
945654585
425719930
106366278
223034704
780991607
734224900
133753559
358753015
632516543
695495472
378677746
565825482
106366278
155472962
457372583
163955798
808378888
695495472
353759419
358158188
378677746
382471892
429985302
825457694
133753559
425719930
368818711
477271610
780991607
666663158
17812406
599101416
808378888
542106605
281368158
10566931
298558617
10566931
457372583
425719930
17812406
87911220
2611034
736903822
457372583
290596446
353759419
425719930
704907804
425719930
353759419
695495472
780991607
542106605
704907804
99120803
27529361
695495472
133753559
290596446
403596073
10566931
201249029
290596446
692437735
290596446
704907804
163955798
133753559
477271610
368818711
695495472
133753559
425719930
17812406
425719930
133753559
358158188
133753559
542106605
368818711
914011566
692437735
155472962
457372583
606941600
704907804
87911220
27529361
531539674
808378888
985092407
674625329
734224900
298558617
606941600
298558617
358753015
808378888
155472962
457372583
606941600
903545799
99120803
353759419
10566931
429985302
630660477
692437735
163955798
368818711
734224900
429985302
531539674
704907804
163955798
692437735
425719930
353759419
666663158
429985302
163955798
429985302
695495472
649707002
75401926
649707002
890292689
945654585
34285808
692437735
695495472
780991607
223034704
704907804
425719930
27529361
542106605
808378888
695495472
353759419
565825482
2611034
10566931
754744458
425719930
945654585
99120803
82730163
358158188
719825016
985092407
719825016
630660477
729826131
695495472
133753559
290596446
457372583
825457694
719825016
425719930
457372583
542106605
704907804
531539674
368818711
666663158
704907804
695495472
808378888
975168128
808378888
155472962
45199687
695495472
457372583
290596446
378677746
290596446
17812406
630660477
649707002
599101416
27529361
358158188
704907804
290596446
808378888
290596446
298558617
34285808
133753559
630660477
945654585
666663158
298558617
87911220
429985302
87911220
133753559
358158188
353759419
163955798
808378888
565825482
378677746
695495472
649707002
163955798
457372583
358158188
780991607
10566931
692437735
425719930
256449831
290596446
353759419
599101416
719825016
425719930
17812406
358158188
945654585
975168128
457372583
599101416
378677746
425719930
106366278
87911220
353759419
87911220
808378888
99120803
649707002
477271610
692437735
425719930
353759419
734224900
704907804
425719930
780991607
425719930
780991607
34285808
353759419
358158188
368818711
695495472
780991607
87911220
132566817
358158188
353759419
87911220
353759419
99120803
808378888
163955798
808378888
695495472
133753559
975168128
808378888
155472962
17812406
10566931
27529361
695495472
133753559
290596446
429985302
695495472
106366278
358158188
457372583
477271610
674625329
358158188
808378888
630660477
429985302
34285808
133753559
425719930
945654585
358158188
457372583
358158188
27529361
565825482
45199687
155472962
692437735
606941600
780991607
425719930
704907804
87911220
27529361
163955798
2611034
223034704
457372583
531539674
353759419
223034704
368818711
425719930
457372583
163955798
607598216
425719930
353759419
531539674
106366278
290596446
692437735
695495472
457372583
290596446
353759419
599101416
298558617
630660477
457372583
606941600
457372583
565825482
649707002
163955798
429985302
542106605
692437735
666663158
298558617
542106605
429985302
163955798
17812406
358158188
692437735
695495472
133753559
695495472
82730163
666663158
704907804
565825482
17812406
223034704
133753559
163955798
649707002
34285808
704907804
565825482
2611034
630660477
2611034
163955798
457372583
599101416
457372583
825457694
298558617
290596446
780991607
290596446
649707002
87911220
704907804
630660477
27529361
10566931
457372583
87911220
552397414
358158188
106366278
531539674
457372583
425719930
674625329
599101416
704907804
223034704
674625329
695495472
133753559
87911220
353759419
531539674
133753559
695495472
353759419
425719930
457372583
531539674
106366278
75401926
552397414
734224900
719825016
163955798
353759419
358158188
107648490
447306887
353759419
542106605
2611034
290596446
429985302
630660477
133753559
99120803
2611034
163955798
754744458
163955798
692437735
599101416
808378888
425719930
457372583
34285808
945654585
695495472
353759419
290596446
704907804
695495472
368818711
223034704
649707002
99120803
353759419
223034704
457372583
425719930
649707002
599101416
2611034
630660477
201249029
99120803
649707002
163955798
133753559
425719930
298558617
606941600
27529361
163955798
106366278
565825482
808378888
920257412
808378888
542106605
106366278
695495472
17812406
358158188
704907804
155472962
353759419
695495472
298558617
223034704
106366278
565825482
808378888
630660477
27529361
223034704
704907804
599101416
808378888
825457694
945654585
155472962
27529361
599101416
729826131
163955798
2611034
223034704
353759419
425719930
45199687
531539674
298558617
695495472
280264839
425719930
298558617
531539674
674625329
358158188
298558617
223034704
808378888
695495472
353759419
163955798
298558617
163955798
704907804
695495472
552397414
599101416
17812406
155472962
457372583
599101416
780991607
223034704
729826131
223034704
649707002
695495472
808378888
425719930
808378888
630660477
704907804
599101416
17812406
666663158
45199687
695495472
378677746
849176571
133753559
223034704
133753559
163955798
106366278
87911220
368818711
666663158
45199687
223034704
457372583
849176571
2611034
34285808
457372583
630660477
704907804
223034704
780991607
163955798
808378888
425719930
704907804
290596446
780991607
290596446
945654585
630660477
106366278
223034704
429985302
695495472
45199687
599101416
808378888
606941600
27529361
223034704
353759419
975168128
429985302
75401926
780991607
163955798
704907804
477271610
457372583
447306887
692437735
666663158
457372583
695495472
808378888
290596446
704907804
695495472
429985302
99120803
429985302
223034704
704907804
290596446
780991607
695495472
649707002
599101416
133753559
695495472
106366278
425719930
552397414
978846561
82730163
425719930
674625329
358158188
704907804
163955798
649707002
290596446
674625329
599101416
353759419
75401926
704907804
695495472
106366278
155472962
368818711
695495472
603883863
155472962
45199687
34285808
808378888
599101416
674625329
163955798
704907804
163955798
704907804
10566931
631271144
163955798
704907804
163955798
133753559
155472962
649707002
163955798
2611034
425719930
457372583
630660477
133753559
99120803
704907804
358158188
298558617
163955798
27529361
630660477
17812406
630660477
353759419
565825482
2611034
223034704
649707002
358158188
704907804
163955798
132566817
920257412
945654585
290596446
945654585
425719930
353759419
447306887
780991607
531539674
403596073
425719930
298558617
425719930
17812406
99120803
45199687
155472962
704907804
358158188
353759419
75401926
649707002
290596446
106366278
599101416
457372583
565825482
17812406
34285808
298558617
695495472
106366278
163955798
106366278
290596446
17812406
565825482
106366278
801786642
298558617
666663158
2611034
565825482
692437735
531539674
106366278
163955798
353759419
290596446
353759419
87911220
133753559
155472962
298558617
734224900
704907804
975168128
704907804
163955798
674625329
10566931
457372583
630660477
552397414
10566931
649707002
630660477
403596073
223034704
692437735
975168128
133753559
223034704
780991607
163955798
353759419
695495472
429985302
695495472
106366278
606941600
704907804
453552733
280264839
290596446
457372583
477271610
256449831
358158188
353759419
695495472
945654585
155472962
2611034
358158188
298558617
99120803
704907804
606941600
945654585
290596446
429985302
358158188
457372583
163955798
780991607
565825482
704907804
75401926
45199687
425719930
17812406
425719930
457372583
565825482
429985302
34285808
674625329
477271610
808378888
425719930
353759419
695495472
808378888
565825482
780991607
155472962
429985302
425719930
133753559
695495472
649707002
825457694
704907804
223034704
945654585
155472962
133753559
87911220
692437735
630660477
692437735
290596446
298558617
695495472
429985302
293918020
928464126
223034704
808378888
10566931
368818711
223034704
17812406
425719930
704907804
695495472
429985302
358158188
692437735
666663158
17812406
477271610
808378888
155472962
378677746
606941600
674625329
10566931
808378888
630660477
17812406
825457694
661332013
724243619
367386791
724243619
806008441
303256861
704299131
854364222
839168521
564182478
55459785
724243619
817061801
867439339
828115161
29940538
704299131
680771690
42967118
637299761
794955081
618245270
850221881
116589212
910795684
160061141
673319869
527631634
997739542
29940538
673319869
437017998
683438733
382955206
42967118
346404362
672385373
564182478
794955081
799472542
672385373
290181744
672385373
433377464
55459785
346404362
538762305
708858906
661332013
854364222
376796988
997559942
850221881
29940538
850221881
116589212
839168521
437017998
367386791
550651087
55459785
594123016
367386791
724243619
367386791
160061141
673319869
437017998
672385373
724243619
817061801
810892293
292935600
708858906
42967118
437017998
716791798
527631634
644043124
290181744
850221881
29940538
661332013
618245270
704299131
527631634
839168521
290181744
42967118
799472542
336407529
823967410
673319869
997559942
379879458
799472542
538762305
564182478
794955081
618245270
839168521
116589212
704299131
594123016
997739542
160061141
42967118
564182478
850221881
724243619
850221881
724243619
806008441
854364222
55459785
708858906
367386791
292341570
806008441
854364222
379879458
290181744
379879458
550651087
323914862
437017998
367386791
433377464
367386791
116589212
850221881
290181744
806008441
290181744
716791798
160061141
817061801
527631634
850221881
346404362
673319869
799472542
850221881
594123016
660827202
854364222
527708945
328892414
806008441
550651087
367386791
29940538
997739542
854364222
817061801
346404362
55459785
799472542
644043124
382955206
794955081
116589212
55459785
618245270
336407529
290181744
42967118
550651087
828115161
346404362
716791798
618245270
683438733
290181744
704299131
473568842
367386791
290181744
839168521
799472542
683438733
346404362
683438733
527631634
716791798
527631634
323914862
160061141
379879458
618245270
683438733
520026138
794955081
594123016
997739542
160061141
632989764
346404362
694492093
116589212
839168521
473568842
673319869
854364222
828115161
799472542
704299131
246709815
683438733
303256861
806008441
116589212
672385373
437017998
672385373
382955206
704299131
116589212
850221881
437017998
42967118
680771690
42967118
116589212
704299131
527631634
660827202
799472542
672385373
437017998
42967118
437017998
850221881
854364222
644043124
854364222
644043124
708858906
828115161
799472542
828115161
997559942
379879458
346404362
683438733
290181744
997739542
564182478
336407529
246709815
828115161
437017998
839168521
346404362
716791798
346404362
997739542
29940538
55459785
203237886
379879458
290181744
644043124
997559942
367386791
290181744
850221881
292341570
704299131
550651087
850221881
437017998
55459785
473568842
292935600
724243619
839168521
618245270
336407529
201727934
673319869
346404362
660827202
854364222
660827202
201727934
997739542
680771690
839168521
564182478
42967118
724243619
716791798
618245270
704299131
160061141
673319869
527631634
367386791
724243619
828115161
246709815
716791798
724243619
716791798
147665142
806008441
854364222
527708945
997559942
850221881
594123016
527708945
564182478
850221881
527631634
632989764
854364222
379879458
290181744
367386791
618245270
42967118
564182478
42967118
29940538
794955081
29940538
42967118
564182478
367386791
437017998
367386791
708858906
42967118
810892293
817061801
290181744
673319869
799472542
323914862
437017998
828115161
437017998
704299131
618245270
704299131
564182478
42967118
433377464
661332013
29940538
828115161
680771690
367386791
854364222
839168521
346404362
632989764
290181744
716791798
527631634
716791798
550651087
632989764
854364222
839168521
854364222
704299131
618245270
336407529
246709815
632989764
473568842
704299131
854364222
704299131
799472542
336407529
346404362
499366696
618245270
806008441
724243619
510420056
527631634
806008441
854364222
661332013
724243619
794955081
290181744
379879458
564182478
379879458
724243619
839168521
473568842
673319869
382955206
660827202
854364222
850221881
854364222
42967118
724243619
850221881
854364222
42967118
290181744
817061801
116589212
817061801
724243619
794955081
799472542
839168521
550651087
794955081
618245270
817061801
708858906
817061801
527631634
704299131
246709815
817061801
680771690
850221881
382955206
632989764
527631634
379879458
346404362
828115161
550651087
839168521
854364222
42967118
473568842
55459785
437017998
828115161
160061141
817061801
389905535
806008441
618245270
367386791
246709815
716791798
116589212
704299131
116589212
367386791
854364222
817061801
238278778
42967118
160061141
694492093
799472542
694492093
290181744
828115161
292341570
794955081
437017998
672385373
799472542
850221881
854364222
817061801
160061141
704299131
346404362
683438733
437017998
379879458
854364222
705545453
292341570
336407529
867439339
806008441
564182478
828115161
292341570
367386791
437017998
292935600
346404362
704299131
724243619
839168521
437017998
839168521
346404362
367386791
854364222
850221881
290181744
794955081
473568842
644043124
437017998
55459785
437017998
806008441
680771690
850221881
724243619
673319869
527631634
683438733
116589212
42967118
810892293
850221881
290181744
42967118
473568842
817061801
854364222
716791798
160061141
55459785
346404362
850221881
854364222
704299131
290181744
673319869
527631634
716791798
594123016
704299131
346404362
839168521
680771690
704299131
29940538
828115161
680771690
850221881
29940538
379879458
594123016
817061801
346404362
655096484
382955206
367386791
527631634
336407529
290181744
716791798
708858906
794955081
854364222
850221881
29940538
379879458
854364222
817061801
810892293
828115161
290181744
817061801
473568842
850221881
854364222
