856586790
631654946
91068776
805616338
815518706
46888479
248169093
419781116
327740436
533620585
719720707
19642402
126625005
308288804
268283119
405416577
92398125
934613832
855287641
547211526
21981089
625012194
0
1780073
416108781
81669606
877134404
477322769
31176867
295928640
896472009
54758683
584553320
621411515
950533713
261282191
869498087
232607272
1
726561828
161387449
64386716
221667523
479138725
596979897
85159025
35718877
32178310
670808274
256810481
455412646
168547262
515296229
911751029
829245589
731317223
487542752
665284013
317979030
977447520
712658103
98549695
360254505
1
663754315
122473126
290465110
40464081
754751442
742125742
428219444
339745185
288641123
713284353
50007847
643490173
669278206
65067657
259384630
308732738
846419310
426266046
12664
915152408
576071714
368550489
237622763
675450747
592183684
802483418
489309474
208418354
50310732
664628469
992394997
441690775
282034883
900661278
145931290
578837109
425327119
442773358
425652987
380998965
253856099
589405247
447950356
569461579
796507245
795067356
528368303
130847665
918679219
754727653
155343073
238858506
23940308
546362157
816738492
96936619
659031857
228260908
431686404
810245491
957302395
678365820
211124968
399162340
467480763
362008811
706905256
105054241
669784359
384660357
401385589
439359583
453797878
768257328
230312207
576738695
847227146
0
463435994
970925782
829957335
462069000
390013675
477936603
498367704
129191175
782648513
496712180
670206818
749046958
737854941
504003579
534251095
589746210
198155624
399983666
452896336
735124135
773777597
1
15596055
986725107
487445039
917648418
73314213
969879577
842551722
544962198
873594222
965231703
662746169
962650275
668744940
271264928
14017822
741928853
502652149
340788045
441383577
549533932
143516377
35225394
11938193
1
807913927
16829842
726141648
349296335
111215669
688503072
147973367
718117756
981206819
292657231
797436849
519709336
828834042
667787785
645846615
941210914
905365084
414894897
712804011
241995226
371081830
9376418
721021141
607522216
161387449
503442739
975688059
225522430
301693257
11465952
612967995
205216199
939831894
512858715
24720447
64486110
0
162944773
164660493
854650939
867788926
627902302
299975936
1
360948419
0
240030790
68493986
616834614
1
679242052
300458891
720365349
430383260
314716647
479409168
664331728
161864038
341308771
829245589
870727044
14197443
388769390
556307396
1
72020471
419647225
513991452
813624330
795694100
356925261
587467937
487363961
922758704
602099480
610104360
0
723365174
98398995
705517400
153509810
681059146
970721254
163672458
571879928
316322316
656031474
484356465
432380384
942068760
864721383
323925767
268852673
273140346
363205957
669126046
113780245
4743135
200863090
947575171
147973367
18544387
1
156017446
381718572
475120132
199368746
673887580
376471528
384377665
1
109738762
373250561
301577454
203698154
471818064
719720707
150940037
677970426
118019037
132398637
584173862
406427563
795296258
698938850
208543152
838856190
19
393805774
274703692
90169205
890526654
528368303
338443326
920372814
349069459
111617266
173333283
68423513
424379165
463227038
282475451
778265880
541996671
262195689
324337359
509215514
5526315
984144233
727704775
93010567
601174704
389835785
633207275
756605480
899676256
810205718
907588476
66983639
795984059
405179397
722618831
221302825
894837435
1
3744309
183843478
784004388
863752634
39264707
201990523
832820620
184867476
601174704
759478863
567516213
91814883
111131824
752513532
659178543
470063299
882377741
467769762
462819890
392654923
513678105
269270296
829814538
475730173
236859564
952479842
347863002
790514746
104966964
41615589
431276240
693882641
129732104
671036475
731883624
18059374
950866571
334103254
2
831019465
759385559
151256401
675949358
59443461
33137273
257600533
782283504
382009698
410604443
607012866
465939980
71125833
344901621
655886084
27722199
576267869
243500143
28
881342658
670412406
878672489
883428006
246725651
281681229
222585671
818399108
779606107
348263091
547329195
644727146
273214003
362022048
305917086
871947456
349518216
80749306
696732541
671306993
174661703
993960844
1
466962067
1
535188243
128759179
437201018
661549864
570241987
456740768
135641879
607672060
714048424
412339712
56134819
75224897
706489677
25352738
875544972
821846940
957838493
625436446
509684187
637595717
131429252
774024094
242266449
782413984
925660823
573842978
499752367
476916998
683326710
840161690
815961240
119224492
819860511
988196754
597981120
163648886
756605480
563332848
475216975
819702072
400950159
772734264
808411771
746698594
92264615
339026655
210987320
770206559
947333765
574969992
986399267
533102616
923663640
340402674
70251592
774534803
183619083
217993458
534251095
743452254
317435921
192626356
494206575
840823529
70312064
69607483
330498077
852116355
23058468
516570104
431662217
599380593
375494321
170340524
122828255
417155863
734419783
447734297
479960
683928475
317648584
824982092
814587874
236032220
264271053
423447963
397775672
12322413
279017269
167877001
807815233
372747573
1
343271460
165736374
245607487
448913061
673297417
64124001
463920091
292436045
392296992
767556022
861603656
209685771
95267969
94698210
101384430
921909678
138705539
984333416
128670058
42920415
500608344
122535326
319358898
171767712
444393183
162974197
186976697
765807400
581980264
419647225
708232966
193315048
452052072
926145186
218019547
691431908
701750820
919748068
603006096
73440702
568634757
835594673
499742533
36218344
955826948
9086552
167948277
821031448
277396457
717501985
572651999
959602160
203214647
148890470
503991039
140398785
7649247
918329860
0
129303119
370613448
663518137
221131996
0
138521047
983985189
388868393
898974428
246170717
340655026
633608966
189
882922625
281607458
495001421
562929333
834774967
286193116
897318759
35107521
266894710
501690557
705929747
35728253
541883515
160172174
490105577
660353229
228214646
539717117
163564907
874239356
191148203
884265770
861942653
576282229
518501818
320948712
773798861
533575058
888174652
416149992
13479679
838277635
489372014
855381855
572245007
1
58427114
1
3
305172159
509712891
832914691
298016935
128340662
573495569
109099425
217106142
382761599
406804355
856833291
520214655
359672270
644821115
961369290
762449897
298512731
554231321
515781931
27444720
231318694
738972735
622440739
838940232
792868237
17740574
146040111
824054670
432565001
356804924
804033692
698201384
48388076
621567566
874092931
297224739
636071467
857503494
33538401
946690410
170698569
326162930
925518967
302639033
904821683
584268205
663567105
919690893
390347706
595
442114923
697571831
566530612
926346144
195180876
129353469
842305458
894879569
604427562
196099937
770253579
741754968
658899809
480534655
159768209
187517944
296892353
415589282
748670636
67288355
262862822
525744570
403311774
411097106
410875442
822864518
680683631
394795118
399847244
256294588
325583105
302274753
190230846
694307622
273113088
376173644
162308219
635415658
307907436
475101831
507572781
555350225
916087894
923176725
254115461
500100144
234373529
842551722
30153603
154590805
179907372
830399212
974244279
92839716
868087671
212406885
464861178
812110221
602714700
2
677926776
567423817
226007917
436177132
708071010
983026113
743683617
903453723
670832846
5736961
80749306
526623753
41332968
166136699
713861254
210962066
409367368
4
884112179
902669530
766091611
651903397
776752893
687264091
621567566
3
174881915
105445464
433522047
82697621
843972505
862536452
897808625
632343594
2
874081866
918683836
481776376
70372523
415413606
711224788
6
101134071
8407925
926358022
575657527
20478140
984743217
103378894
10135446
708379036
364288073
575319466
8418886
2
568918692
897905027
944446037
996490338
168984188
12322413
739389559
970925782
781626248
1
876611361
782797434
193468448
219221996
170616205
834392344
566295884
85545901
346803218
395162322
83316385
352484834
988072113
699570763
703007335
897046586
361687929
744047784
695229777
428176354
283157051
238107906
49273366
117044009
800261502
85626
189
5261628
550342792
388769390
981699537
425723452
227926543
772877408
750593305
960461370
742867634
32357974
364531337
811136701
249097494
55631343
615198388
235516677
361244502
383217961
405103085
808385246
559345234
616166084
667744916
256654868
3
753390491
785073460
756605480
181863284
712268933
886832509
296369648
913780702
1
29544166
566075854
193915605
92870242
924882010
267935105
792119424
501494054
317220317
50455658
18423723
85626
940231230
201990523
184100036
602316725
978979081
707211579
773201865
618566540
56849086
470347613
508224128
497085355
429307449
602430639
684284620
608665397
500605519
277679500
749684291
873500118
209375741
21417269
406334180
618566540
492318045
805538976
649112457
492294764
109302200
1
795724607
173904358
457176941
219069500
723607286
437265851
963079437
736405367
76326678
524969844
613048369
256778989
306109788
374250479
508310548
469640337
267298213
373250561
949231714
169541629
462176702
988611732
541789707
368415020
769322580
1
962179743
666621774
801650431
694572022
183706715
144608346
596454148
959637617
580096185
654265280
883131994
322300759
727754521
135389234
758050302
872865323
880940007
626790858
95278006
884161551
29060745
458901116
288531412
664727702
994359762
872159398
892433359
111836324
41550515
440640306
528164847
584282325
712725462
756523420
757395790
494250688
122166438
763454808
281997236
24956556
430219246
891444522
575729575
4828549
432265109
102690969
752867544
933470081
944094664
317579265
593945911
961847160
11104890
877620203
823988288
608132919
578633849
754373058
471412279
240634632
540083374
694205385
331424901
189276753
21417269
23940308
181023404
14133160
579629025
243757156
256005049
269688243
891305200
427158433
449301119
240030675
374256140
648482884
653454953
32232628
283080166
866549525
14845117
266377774
540360472
295897116
664885579
764699486
919690893
729325874
5821733
45582507
899553589
194328723
427740223
857136426
947304973
900753800
784004388
778943609
602831276
621625412
975688059
13782303
6670253
562593614
112157457
782199316
913898840
368165869
919718639
0
615974725
1
801640011
180308558
219970086
655806501
650806779
83068247
679837180
256531702
0
192968209
656615472
892452302
382956961
199195115
775655988
802884227
1
404182056
986399267
80025565
12322413
461723226
815566795
930607831
105235868
619513807
689385803
1
201118278
120519258
477650046
344734695
889639324
244576584
1
476982166
4743135
486644107
768881819
576282229
791352366
1
44312519
111123831
189669601
382311911
589630504
257462624
528250508
283730595
785930687
606903489
771863306
618748024
811989594
124579388
775560718
84088417
490635615
8641
157163819
124890671
447019408
891807850
575081686
507989298
219221479
91654216
99746990
40733923
900818227
1
292338670
349940748
421327150
363336355
349182265
937792763
969918824
815245853
403285428
356904598
749606942
373461552
161196460
305186123
233353656
406457124
500608344
731681402
2745
515991927
101226087
343080680
697616614
936077863
729829134
754495011
571283230
845512729
194933207
821096672
324591907
691484766
635373957
665898597
573081183
211302911
849948681
991866125
716293444
850729059
662472320
878270479
497817983
145157304
527766885
970721254
374324434
24343138
202020878
315810519
358795916
549626732
34270212
659931626
577124688
520171569
679550467
5543795
145001402
363192005
125031927
800893942
690367921
492274454
54698784
924039659
1
553642107
294586242
502106809
342070093
75017141
650765058
803412288
224777278
101684334
640729316
884973873
647605900
30755833
665467815
829259682
812892603
262579593
937371048
355094899
900272779
288383727
127467366
698353090
317319171
121078192
56849086
755004823
758190729
2
257378201
223835112
517385508
13
358441678
273778061
236616662
802807451
876611361
764178430
442401831
100738526
248134379
648684450
345788916
348765689
329199601
818526120
492294764
863742633
75287341
129303119
530226724
936808003
553606728
896124609
475570580
187604391
423284945
690723466
957152032
184857204
927886835
569932110
581980264
793700493
151972275
293754469
628960169
488214429
9481642
694572022
249946141
129524591
452747352
103437095
356904598
363757120
159768209
685288567
77894068
305015820
523108686
944084531
969329126
900216026
631462153
628393361
972297721
30310229
403161956
847431873
390386400
326979126
598911693
245238252
1
262579593
597440547
823851393
364193490
855107372
888758022
285616298
727969409
636518534
151947466
526554349
798137989
170616205
683134221
584553320
37975293
901474906
531943138
997113010
177651715
587381976
302212742
229093363
32374531
302041384
790085705
823733549
562380178
398665730
536505885
446488927
610094043
859880035
818775510
722618831
99395395
953495589
872355402
756719247
588828203
130383149
756919044
82664060
488503040
622407291
776476371
633586268
997336059
987753531
613553505
242243098
808701070
13389762
670808274
11459527
221495333
41393086
223750713
996687033
639229042
582436742
169069090
581912678
16850669
341954171
4602343
108546980
497244580
697388454
817159664
580000729
680487328
122106097
638119051
902626420
28644477
46365778
6
533325023
626666016
512356465
599723648
121078192
71125833
518786468
431686404
680815389
13
964153782
945658864
377746459
890260856
676091336
740517739
859754473
600979175
627643399
433404420
137799032
628245214
620310287
589405247
4
710852071
470415409
966567175
288181850
34261528
11459527
378606732
118965071
238397138
453076612
426327192
104309780
30612874
908652009
968532007
246549964
563445827
724844420
477498023
297661211
888981603
841739419
740988286
936808003
479268468
743343115
988887162
948385819
338467927
247426722
304232087
47496664
507160823
354298025
697418651
607643545
155572227
489703851
446773329
33157446
665168732
386600866
261781291
908782587
159519490
666351287
156009252
908607687
841990866
271942340
404530632
899426532
17328910
979776961
328165877
36377500
727843124
794673641
249756787
633901691
868129086
760029112
557648586
273944846
619364578
539665200
997527406
728750398
123974791
235244862
755798872
496681498
442176253
130383149
388381988
968045940
803412288
715748705
189609429
428176354
714282101
347863002
972915895
428176354
1
241517035
55836762
470538693
83713012
194693312
225809369
628245214
251886243
74143190
838682559
348317121
303283274
552849537
946411694
43149161
459891978
178532815
630710188
559163306
440159285
12664
374337427
841871306
544870118
639856729
4
774633501
655886084
237622763
215051524
978469752
645332480
823242386
145757318
765238819
683326710
840535995
651907421
149349911
908875376
93363194
23202221
721903428
543205661
181766009
519458461
908854744
196987831
698289682
903139999
256391079
510616873
841412300
156714520
981863833
651259242
714326708
534251095
467906787
471163076
29086527
550400319
238544620
274030482
592354035
187655126
432940419
475216975
443673426
519458461
3
548040033
1
106405713
91906115
377075731
354261557
184244349
313222360
479960
1
874239356
808358641
196266263
86848459
62281409
354753348
512486371
55631343
399315449
177674821
436108259
794073243
193907572
723699658
267755376
202457821
589366982
806101082
815566795
946690410
85626
452701354
558758296
811072481
990250712
70312064
479450157
195180876
1
893429929
479960
177981061
5729858
677482263
1
527602931
565321206
455243076
1
761507805
729253457
495573881
4274388
947531789
894750562
169069090
445241524
522929435
232762202
879586111
814641565
395033
568294232
285192170
720401758
20302800
524733734
29023869
1873
309725324
46953444
127010404
788282988
100885134
184862299
77615249
37154719
923617914
736288793
795456329
725199638
125526673
490371269
998227799
888616212
214280898
936927586
732448596
473968281
418555069
929479388
62750782
117573602
145540144
809662740
527766885
829737070
170587640
482729121
214280898
835802390
868147390
837421591
901368514
429098654
543496002
980928055
123174972
536505885
558133351
330241629
152709876
561379614
337935946
669784359
44082605
680343102
230182776
770586353
435017295
939877110
218843777
340722439
571283230
745443831
324253264
385434100
744265843
384522634
71038033
597519184
271742685
727911648
82189118
912112730
902645184
509805190
841831235
162115935
662456367
447019408
158972747
285939582
18720554
107831365
373366607
905501436
263117912
492231065
744786530
729068353
788231035
1
525639965
706489677
556898972
944024620
650779635
6
528027529
377242543
637126594
781466495
595630486
330414417
386304690
233139290
18423723
969340191
734686358
802807451
558309545
527295884
231925433
350200345
238010813
626056384
901916075
303186192
624778664
221601165
723607286
713161251
91538878
348864168
466626573
590159293
882922625
820083936
626446793
754445554
566471001
132750752
273082346
466014579
895037463
927412034
223487517
577230095
990567039
935822839
510221875
175036814
757904479
217583232
783934420
122106097
105628172
654314731
583932086
378291521
307090930
858215999
872306403
784044547
582282807
0
206427929
123726398
438166485
328947031
419439452
500870726
960823777
342778348
631452672
322811199
528942828
3
790930284
655999526
22585168
39765088
92213984
507160823
332249245
164648933
365370428
224184610
959266120
203343803
174889321
1873
875481199
338286185
310826801
848491
959203467
616882091
592183684
760495968
732899139
507383395
82717920
832935186
653778515
541290753
911678027
575251380
143495425
768897582
899315562
123419599
737494305
315336044
182987921
297709198
294317730
459681884
279631304
855659234
460899162
988760782
151964940
214280898
402759887
19395519
847085020
45506735
822525163
471406352
642232268
189941615
551267989
734893123
508012288
419815323
258189745
493909297
963124710
520171569
539680147
749684291
1
13479679
602301977
31689828
70001154
899316522
876380852
583932086
120454642
336276080
593007243
3
375621348
91853628
457560874
28
584020764
242313800
734916336
19894614
77176311
458140898
933859608
666282415
640898809
2
970583700
343768358
953128830
419501396
492423603
78675286
167378333
193468448
469223980
501698831
798323054
1
75673658
634241207
923144236
716523204
589781353
1
545112223
633272479
19336745
467659921
186434150
1
923208783
342304934
175758905
44188066
539152430
167877001
563158165
92175158
324799380
647537055
257544672
519220179
348864168
862311656
628827872
3
983842905
950866571
502035472
171408856
280097598
99645620
620414749
958151127
320411851
120257512
361267498
365090278
885825245
43583648
312287774
833940442
1
308504967
174400543
241591694
987892496
840535995
668402909
361089096
104769471
596139634
637373841
512262498
755699479
866526660
945779259
66468802
277337322
223393156
774024094
953940699
684540360
172991532
394198800
814862187
631942709
790311787
362701085
571775685
737637697
355712191
843441568
99746990
786949401
291202395
731883624
386555489
198051235
865545762
20271592
1
870108270
677519364
445763428
379045038
849040474
313014783
897814725
320355399
1
745115390
776175112
899481612
430241303
814080538
368661333
386017897
298016935
644811152
779076510
459404928
78416072
766165510
962604711
121427597
990209560
541999755
213371209
95139906
734517513
822050488
317440045
668118694
273181211
555259209
344618974
800483959
128463710
845329937
828291707
877808574
671147521
75000647
207616423
334892146
872898771
71328367
917240883
951578859
547211526
369810870
123261670
653378702
937724173
151256401
92541344
574923036
19701874
2
829650974
238010813
183797982
454965669
1
390013675
713513910
982635419
490936049
521410682
508745193
553242367
403838568
776555090
213066595
354854883
583527369
854510172
55961850
1
556319241
585515939
537944788
685288567
568854440
59728220
663387418
752574611
840277355
963219462
97483821
523189382
665433067
670566355
237893065
255357004
635575740
834425912
815969506
308509824
280340855
849820897
274952059
142370186
657647690
185907670
486014844
56849086
318160846
554566428
188142683
713284353
324479506
138778754
883340068
373030897
565347473
590713042
578428012
551799309
823312139
791160451
226401256
180660474
0
1
733979088
581630554
409368958
748390983
3
334472074
974278634
38789712
738839479
939396980
409536849
753464966
96127908
292432365
569508743
259955411
346154259
530312204
152895425
282617022
295957438
827672810
579780999
927551861
674562003
55455060
1
286528523
18210249
953918024
692135627
288351217
607774459
61756275
368351696
398906710
766310239
90169205
520780784
189814778
723510170
12664
593857297
131169409
252623080
429171345
326313576
298751388
264045578
274327469
381971945
899343718
394217290
166663469
127566344
892097173
963285414
597735564
574261417
434399610
1
376916597
1
793132272
367216919
63238004
173678036
1
75224897
288158802
773808465
68434381
3
0
727109997
764819355
288375216
912376072
602430639
574513430
470528301
676981723
762234360
128840931
149303330
817380980
310734881
829957335
720505247
482031725
455045517
616456519
228488498
958741288
836200075
256508901
638538352
226774918
548864120
76625981
330545626
455501346
492975211
757286937
781786414
730043511
155351004
717262602
616166084
895561792
543197700
4
377441129
87991456
463282344
544181844
734127166
920466350
121564672
655886084
912577400
196595566
636337891
900041858
466342388
829862434
23976791
1
521628741
359724701
679829873
708423224
867875847
675949358
733202042
320142697
689808942
347023554
683501951
673806073
37196126
745677567
267496230
893126721
125812300
817805314
334380120
515899665
792874581
711960674
446513377
631739609
156552477
408065324
531942650
588296402
155351004
590994590
428878351
41701938
617377810
213495199
750319609
369867625
849084340
211124968
149022437
51471171
897405127
180660474
186976697
427858116
670032572
911275220
405416577
20038256
811842735
216447720
119937718
518116039
28033646
256294588
365736156
944084531
164988257
783859204
603723708
764701648
157805391
423474932
0
393763414
69988833
61186917
637320522
643088225
405391119
806101082
19
37688152
18059374
536525308
129353005
261924517
313961126
422419931
172048348
404790514
873623153
575598866
488682342
328136426
395345879
22063354
324649332
880337006
898532480
731963178
774037270
255463389
565338356
631478643
477922681
706821808
631843453
630798087
59686293
433657642
139499494
945854764
137911182
943494233
70193932
849519450
774691471
108819239
922041960
341414039
145881594
307625975
88
3
888098773
742087206
802380135
977750468
466268423
38484877
1
492441578
35258020
800727454
530770707
568916758
766082073
1
196744527
343433990
296932034
144529985
339653771
177255759
777649387
945693506
36943451
911981122
679314096
778117220
347245988
566471001
474055255
665433067
1
1
1
816044087
301580036
109792411
205792386
521289431
413525783
382761599
9
647223892
263316588
231807847
379201672
281422922
473414975
268074697
606574203
437263475
475337473
547406583
962132685
28552457
411944000
9807134
298228588
652939313
165274974
391271853
347709847
900711940
371183015
429027446
422419931
6570724
944607951
36158208
926443147
915551374
575598866
405231104
22482647
509378893
929017067
436149747
937473875
619332299
759501130
244722726
121078192
52996972
1137994
166714620
152282629
739374193
0
910776015
832082491
460399061
185222604
286091021
788231035
416483785
44335591
758511847
815995042
601223513
74610311
886210994
82411413
345361772
1
2233758
927352014
343090545
455572314
428701660
218297272
877208033
138907880
553068360
348514851
115791706
183979706
813622829
792597851
732448596
893125424
285473513
852503202
765179837
23058468
913645694
1243524
212801682
172591789
438684298
98457048
487874397
944705639
422875704
285303914
974022482
449392422
630193608
197556292
651682255
574413417
764861756
260312853
171652588
128969227
485500039
659045703
765185254
335080569
834959563
0
1
15200400
758431003
0
46578134
689711266
598581319
77894068
739749928
462819890
267503020
952479842
261338473
1
408814440
981584703
406804355
435588033
731444801
969501965
871937824
765849207
995602880
781738540
830155612
1
267700567
1
959629817
366883804
731362383
674037596
137880741
389988722
772237268
161693185
675949358
49595785
39152042
874882877
517639233
792597851
831423440
453073872
118165008
197423613
963564631
708502862
46177684
33367501
734893123
645661842
630086100
443658549
350844864
832996136
2670964
962934739
374951221
525445740
306615572
988611732
221251511
11104890
769781637
342996700
405064705
150510719
190465853
103951040
517639233
1
403528511
170163953
486228682
596591952
530420024
657942977
475445281
645211717
401562019
432305538
460142795
267926818
790519619
205227791
579976346
14802582
411580951
874487754
4743135
539717117
376599548
698207847
447734297
288531412
895026934
655886084
911025046
590144145
823125726
679530564
622767237
37397126
977071932
428176354
508745193
998070520
766094528
538598218
911071339
789697797
174955911
36445760
60967215
322720974
957152032
315863153
865907893
567283443
973592803
100738526
749793855
828841130
448714528
942750752
280529247
884590459
706560039
896279238
904847323
496675308
718238518
888798987
654703657
200936116
315810519
837456627
118336238
236719905
115791706
376371379
662879756
364608257
865517040
714282101
220071235
781674978
742518294
282034883
67296212
235432827
3
339600969
873283190
639126711
278516227
960702156
905647687
273214003
584270382
855335383
872123698
937356206
96936619
953172024
590468890
167877001
160380289
572502364
158754667
559678329
161196460
295543331
251886243
758431003
2
727630231
326690162
334472074
141820843
33137273
114075852
226178440
496338938
466626573
761430989
266885892
898759908
642049889
75151029
766446698
126004709
935411947
193581975
698538378
564085639
502920555
318461640
343212165
815302308
360722449
93252250
379223333
799296753
948970545
148847764
779172280
619496261
58792483
108168226
45529085
535120639
87419724
176457972
624331841
402140768
576141453
269953556
701750820
859890643
99967718
49273097
340041038
738389958
401504757
791380182
788231035
224951164
527249716
1
690353463
138778754
898040910
283919167
105054241
764773266
590325839
507526293
933339596
375759691
711718432
570656051
179996861
254474211
72956894
383760939
2
704687475
599063785
23735767
158636754
795724607
67139965
826655598
165271519
759478863
151184634
708097099
8641
392146584
546611499
161179502
887393162
445242977
464667349
385434100
433281815
579504147
35796712
818399108
495367810
925863240
676985124
154665924
566558976
836113951
630639850
533272032
879514993
723699658
249319390
768980407
604488716
561391503
541277871
524587724
0
78082887
442172056
304172654
539957968
571922901
105781385
139530085
640729316
547022777
236420865
329199601
339763705
44695878
667744916
141154160
656508000
60011468
39765088
342921113
650861950
238010813
275600057
102286093
687264091
408961701
271459465
142238206
604697948
199139957
787084345
863177775
492429373
696380115
732947107
6
263111131
478213587
536197739
233045942
504507682
668925533
103366463
259461320
631397737
802588990
296916636
1
229335620
1730571
574321816
767078469
665993536
827444694
52671070
51320753
164270688
142419393
411419513
174890117
420265076
232059587
98488205
944848057
155624760
1
540056510
1
724800371
278327515
1
101744789
663234275
94947265
66468802
838605772
529043212
345743405
536862608
543572532
516402364
326916147
216958281
410912527
616971107
41411806
502670101
830375713
575638669
935513233
73586828
919124979
387870744
612249945
631659773
874976338
177255759
105574922
462371752
1
975688059
129019523
176935900
457163368
766091611
534781581
595249525
602193740
694307622
121544319
509855821
960183674
2
44994759
926346144
565798330
469069539
963990328
994121891
422210996
701855214
628248067
129732104
889639324
113051313
456641936
986773568
23065132
766036412
614336643
201990523
395185265
184123237
263111131
298058219
87597535
1
310706216
171470738
723114208
63135161
484406448
80405541
466720043
673600272
767565847
661110974
955067111
704022097
834667914
17495739
879586111
377404080
1873
847130924
76284298
211302911
469135342
619073349
137466188
971173377
892677215
209380619
970414874
876434459
452884642
353059927
557821072
277149017
104547203
475101831
158230408
989569855
923866374
315398418
667237128
607973561
361323451
975918373
580096185
936661303
699154250
633932234
745896381
881953632
450497807
963119363
671554114
23092536
699154250
663593726
512423347
723696196
880983196
320087263
471341837
109293758
978469752
0
109916203
696281705
12146554
23492933
965051943
788774558
936485872
516363526
345338464
221302825
606766582
767309806
715513731
630437123
265024345
26286921
382114866
801044257
15133703
403713391
859983778
18560
820023131
84375008
56849086
764819355
90630276
640216316
293292668
240079633
197493427
160692941
673154537
268762225
790642632
4
177240113
297071374
946857948
50844806
895728686
669110866
296691844
818512536
2745
523676825
905819520
759528019
540749078
434005716
135641879
811001518
496173308
2531380
865275255
109366695
446491572
569932110
684114213
575287192
933215296
92563104
264853484
197269220
854851569
257058282
367577565
858109397
1
283840490
760610017
1
1
237902521
1
619364578
369691905
285616298
27316343
622384511
218419901
78619100
356791969
413356859
510269871
396729464
262195689
499742533
22817096
627442261
472723763
433657642
761542765
541718248
644422465
854299793
610284873
285506515
113778419
124160370
776551397
79216110
119601433
345629228
162943101
781602942
975178456
681471223
317440045
393623108
94449836
199477406
924354152
616244894
192135886
621013337
395767848
897982651
585920801
11368960
239235028
134615837
397672086
191221996
398613745
631918468
867123294
849644128
950846348
808397324
502963368
414068919
66048557
11646611
92950085
354152271
21612681
19
981382012
704926321
879346561
519458461
161264217
792388561
653141713
285340691
122959375
289057961
210472589
655197858
629252227
929151441
679604217
332666644
710355637
278516227
48111930
217453349
658899809
875013253
344401540
511705345
411698954
271096786
844295222
772164870
851398260
1
610761748
706512
537182157
621912529
670587458
111687163
770540659
391716342
869563237
475337473
899316522
609622845
720826952
886695690
376666331
510282828
918983229
791240240
902411021
538598218
558890107
323045976
285340691
53494864
934741106
307475205
734299407
259187238
848780250
577158551
441368994
243366659
423517585
408486670
510987947
188175794
407743204
59795208
845245628
66468802
675128261
951244119
487369444
414667136
365132367
168844291
24865988
665433067
773125240
882515731
746758190
430500730
768257328
775070576
882922625
1
393106589
959622974
832082491
470686196
24567816
419274053
322629454
616817298
34708798
963990328
845441192
147176940
680293613
792586264
284696435
61910519
398293347
1
189538389
193544615
625601674
975277011
704085169
894262218
880984696
455750633
925674268
418718912
934193134
412257502
9
1
806931531
685288567
271942340
310819848
725309864
481119537
175300546
87686346
290465110
768007733
172376117
568725544
488180363
20371340
837334036
830399212
426053794
624011627
1
1
307625975
114458216
942187443
68856150
653895189
398544815
378305091
172048348
203096657
251969299
597519640
451437111
403533588
738419110
1278
322615692
28376529
443410712
613273069
745493041
13142286
625032176
1
248421221
671009191
472723763
235516677
151944793
922810151
110522627
408310483
463311423
632780399
947676327
694572022
916764749
953495589
103437095
102034990
748077112
255357004
2
413505472
986028011
788653689
438337944
518850460
340226881
528368303
713927720
22774213
467250816
442679300
986038881
301879845
143967964
546266546
923938682
770544338
388148637
113206944
73776807
542486215
265002540
517880849
312324365
791240240
2
65280790
754254431
560235271
577035347
17560907
765484669
126129442
170146364
405458653
682035703
35107521
396275737
115466300
670869462
670317562
805986344
504805114
618213612
589400958
273247049
695954225
416422939
526564115
851671839
951695325
126258771
723808376
594844925
246565779
340715030
784008718
946540163
882656168
342070093
26449187
2
385945678
281484433
653960857
687264091
87597535
260767833
71038033
83174042
818872766
550342792
945439287
540698865
681399955
460777442
4023
1822473
406326664
162373122
381499889
649658885
93975595
536952291
235901368
251534084
920337082
781936790
425788871
917232602
831019465
499686615
248775568
952479842
799296753
339763705
350470748
94172781
46256050
324649332
125586422
504805114
0
401503193
83691424
672186891
324786451
953832233
338184389
704127366
143169910
633067374
859983778
805630551
180320195
349939102
935419181
562358187
357870599
884669424
280097598
698442113
226804634
187155319
383045550
880388249
95212002
642016723
226870542
887391037
510172994
252560326
67854915
213390430
377441129
857137945
183510387
286126227
415665735
892771954
599349508
39991415
377441129
226135622
877503098
0
925654500
185939610
1
182818577
11368960
3
666996096
2
623400719
651424641
819430818
960461370
786051646
210178070
293185571
952548897
633586268
947436328
952183640
1
572755603
531906074
338133473
514779967
961762364
727870958
228914347
637404273
906358114
601174704
545813248
26789407
939859712
735481964
574551864
189941615
0
21417269
850207537
500605519
970414874
775540140
5736961
392296992
14966649
643311376
321959384
913592943
80515227
532209794
288375216
399573956
613447455
624845941
534221224
453696159
230817831
124006097
132750752
375280443
639810433
146147911
983346430
971850218
437015044
360854454
1
857455360
211463241
190212564
489101518
287280251
413525783
621567566
138261510
58034551
844374507
476625850
166547204
962132685
556665940
288911379
524985507
944665094
693336062
13174421
361750047
596393448
190882261
681471223
787677729
694790658
749684291
67585244
882232687
198517819
605123712
223393156
122016253
242288411
557795570
43663798
168483223
150887652
891261942
306716907
764305088
189941615
416665206
719993883
915505796
362146772
383336400
615162610
699855956
389675226
568177964
415413606
290954421
1873
727906050
825604416
12141661
855381855
310072603
450497807
987393488
376666331
346399422
341476532
562745227
141491457
767830983
69567009
0
747494848
178955183
339763705
59132259
571973083
630336438
267503020
569669094
585153127
311312042
261399093
422571664
730990958
712960236
92917195
105202393
182568045
478128194
341334364
604697948
495367810
897995438
165376017
281681229
776175112
232684418
445879498
801138454
253106831
507257750
589689895
748234836
251534084
136962469
611156241
7044362
599113035
727000872
405972983
804066462
760464450
239553957
407732964
421582365
880794619
903865855
63321753
541595680
151219069
41
709375925
949315142
847859740
29603228
472436263
353163636
411953326
829171615
706754632
403713391
835033315
76143952
494250688
484880180
783789395
620403165
962179743
1
293565962
823512458
690115483
700898625
198629217
269793979
404270550
715559434
771969508
881570103
524561133
896251317
138052517
421997120
370408181
1
757012566
1
254063874
342921113
480773416
961372787
383760939
114075852
808072753
890356959
517639233
347863002
447266959
920134782
141942936
834253530
541879269
784700085
927551861
776171144
23058468
873335103
811717079
823312139
827921736
130337045
552488803
187403848
279329940
585546527
845157037
977071932
89056591
654776960
70193932
199195115
705624338
666351287
458639757
981066926
432503197
644839938
785565463
874798308
13388557
57516321
915507485
390195960
308419794
937642806
925654500
167877001
119546454
569756687
418102033
787106938
379952520
998006320
513024413
580583889
234061045
178711511
4
974278634
854667878
144911642
367448894
785601317
987930249
553182354
105627936
326850140
478269174
757442379
876434459
181023404
362077149
402742439
601174704
228421768
398426975
277
168720602
5381073
706091596
826359779
883286773
74107726
933215296
679550467
725309864
269717270
566530612
670030353
644197538
39293586
623577955
5896
1
193193276
12083000
699713318
645843521
526263921
141895564
383335897
43425373
886227523
537182157
9
862915524
764480264
623077114
4828549
269793979
507599658
138466511
833294908
2
583932086
636010747
4
580000729
982720162
216681086
827598360
729735671
791230799
958512276
226178440
72286010
935750301
904847323
454059099
0
105204293
695472624
855645537
248010259
805737912
425723452
132750752
970383752
39865
597418495
682528272
972806949
244276852
952393193
527882747
192538889
440073593
111977390
467098688
968142335
866771102
845274403
582293825
521775338
344970752
890889109
90291878
1
4274388
820272384
1
381704146
882922625
252288344
990066585
870336792
574321816
88890912
893154101
900279972
73939654
548040033
960330185
178187603
630639850
596979897
3
900434902
7044362
436346568
317210702
534213771
840791812
487444029
724144324
798866824
964070662
94369027
454965669
436601692
1
832776080
794023489
272215703
18820666
539665200
403012701
987393488
477033230
355712191
650765058
562558025
71405277
122166438
241834006
188142683
904419506
660518783
600669780
208990166
37553151
290465110
72825414
82686007
668345995
281993446
578438438
909599363
947599732
190105038
578949
610057914
3693727
127981652
62650042
808860508
454903358
887393162
472749047
595973139
885238240
151007805
759208828
84504256
57130453
952797753
962934739
876926120
715532252
505519715
720374181
11368960
477922681
10535147
163895307
686619637
649142512
236704927
947350248
210804688
344734695
192626356
700310941
937961535
470249634
317648584
73939654
0
405513760
351565609
604211924
100307239
232403816
414805528
53800112
913396393
0
766091611
189605227
554706499
205333883
355755567
849006898
278516227
143376548
466805511
741200345
592129853
413923216
330238091
448446450
63351844
386721238
108241091
672132005
39595541
766945774
923617914
517995581
63759013
541685289
53686939
207319111
196074687
445971803
817154051
383464615
67287637
681878251
2
674153448
849761967
174019446
713479372
684124786
970513418
987373454
477915584
722049402
199139957
566604534
752128954
6
382770391
430586937
810245491
926480154
547003765
606574203
1
175199226
66624460
715513731
506608045
1
689310409
684114213
474520927
669056309
413260915
315103004
868139325
560235271
611034520
775173557
327975295
194767602
733600910
791817015
4
902276536
522414719
295281848
8681561
444331372
671306993
2363094
733200386
2
288158802
383324935
547211526
736532002
586469693
223393156
218784135
455153365
993290859
610761748
211349857
269793979
815756179
886832509
403713391
234552524
517810025
37010228
144765489
596454148
1
814131095
437265851
751063286
980030579
901031835
422666307
910987684
675687726
560046890
823721341
581712208
188915510
154641501
426617293
980853595
986211737
19169876
189
40158017
28
290738038
39865
852882628
52511610
29361779
72286010
413757558
424824649
600669780
212574829
327659567
781353631
352837335
970721254
156066582
831707064
740908528
982608070
264683294
631739609
899481612
666351287
288184013
544607189
805740825
455750633
724691335
488086047
9
302064445
37154719
749212427
196002297
247644534
738433944
185042532
395052062
959835456
846011780
733759526
998006320
421180794
177262681
33805116
864032699
137568574
498798558
23940308
141825070
432957478
864810659
265546298
791513705
708224568
904847323
116914554
155151781
440958883
346565489
524985507
663754315
740294401
699728530
1
836010326
137248473
67431792
336941687
187058481
572842563
585546527
538437430
158563285
991088823
406
213590311
278295685
921876873
266377774
454572486
920017043
909367752
322704545
564165955
643875384
6
841467920
941246659
347179324
440634202
90095517
867510753
22898659
624688670
880366420
698992822
840165752
381338465
931247800
681471490
499463741
978379815
290851342
808822949
37156911
358252449
820174886
499752367
507245263
375447242
84719499
566728136
4916523
625383769
942750752
56849086
15501539
319239611
637417795
883607753
505325977
3
387938448
852068490
562657103
463320579
162265119
675812875
420125356
426101025
686817421
761877540
855335383
450749840
570940793
960980833
133418527
452296707
174499250
452313065
125481904
384660357
3
610104360
144220104
382199763
330241629
996684374
373057619
381576726
142239133
677050228
881136536
27188080
478197710
511797350
43475054
324312525
818508317
902641987
554706499
942813519
72906480
206851575
322554984
100404943
36331538
387870744
382454873
437738573
660660348
865004279
277
620219336
961236630
825895603
739751185
991156572
557795570
448913061
728114049
874931234
671602121
109738762
194769018
944848057
697396138
28
261076988
973041864
779381894
899958474
204780036
996721221
483679771
449528139
347039454
308664125
644425808
111385864
675678774
671346521
64787332
713479372
677540574
509765349
202744799
532147501
632663778
391582984
631672255
267495678
322075980
106432790
947955717
37553151
304232087
723321885
270026616
662343012
259386189
445224080
6282292
230040835
854482690
313055215
488618371
387509275
753207429
281835853
848740717
177204493
28172306
698282974
857851476
749793855
455183426
211737728
0
925297859
484804099
319825370
261282191
445601807
6851129
631659773
621108143
632786374
49273097
810938942
166714620
521844829
675288208
712011013
188915510
341364991
628981415
103803002
61910519
240103564
453035245
97922236
260291353
711224788
972049110
1
700310941
406623135
179288904
0
263494481
184684518
951197416
357558125
333608790
840941009
862553556
572707534
428302465
113778419
698282974
733200386
17913801
713284353
2
122897154
572539720
264309598
668436399
162907054
591911736
713752304
27744436
413858220
684977516
33556679
64535294
707549561
382311911
612502953
628593051
330077177
275600057
833940442
39152042
94865596
904419506
170469026
323409945
207414735
251932191
1
137519751
200029303
245165690
9
327551602
570326393
292078265
782791356
111436751
850335034
912596864
303186192
107419987
291766389
903749616
822147631
508928260
166321650
556186661
367593534
128498731
59786381
282775423
566075854
627115868
613729767
954059910
1
151805969
59807709
363612822
532075455
86474358
772091769
687984717
643731104
82368774
835594673
142239133
115418525
484305740
241446669
564802963
603815765
906242535
501698831
693618893
504238712
881283037
952548897
566075854
399437104
129184260
937569901
566188098
695254955
56849086
548514217
207307983
754495011
859377374
620268554
401183130
971929172
794073243
814050144
541905738
543735631
17465215
704519643
21528231
679829873
720221986
286525459
201690050
269793979
163601068
222778906
228901148
389679446
593007243
657760941
740382990
825443483
739957866
409935987
61051402
738087027
347245988
554344806
296680484
492327265
113778419
62204202
449233489
1
786921415
373038590
343040133
509865665
205695228
500654119
352184530
900753800
756464802
898155232
549367461
181121159
201990523
807748612
880973925
491970126
319841846
394300177
606425575
883460914
841982406
570030897
962016305
647100173
202791093
355638687
30101161
3
348978234
606343869
549502803
14810600
183262388
524220980
305918065
127226530
705929747
82368774
867947621
176513254
367562981
336043506
88
70251592
482626341
755613278
632910491
719710017
893626004
122106097
106500927
441026010
590166219
764239405
180408393
25891128
871863515
712960236
39264707
172376117
38634487
468309276
989672529
592864416
457808115
495673534
575638669
261338473
855458065
0
938412286
545801897
582699255
961724763
800955323
985991364
738865470
948549426
285273668
688696183
953357798
257411023
642577960
637264889
18560
633901691
16619243
650448858
182920090
30383282
432159704
9998653
221551687
221561526
794779681
566471001
844796210
207400030
238934359
888758022
416299506
526187007
180590056
744824854
162902930
259711516
738839479
345414153
876640859
202062209
669742976
510306529
263104674
381451910
865753919
27293774
635766118
253811343
386192503
758951734
694352331
838682559
780870531
139171720
228929109
665579483
1
479368038
327055547
398544815
711555928
818133815
962845043
149303330
958087677
829815276
685716685
952448189
149552628
650026802
745840084
122106097
417228319
639008895
355628491
617970692
283386437
584125276
392305368
356023797
423023335
72906480
748926185
95130576
986844520
596591952
612831963
344446990
639509806
190369427
410938620
385059781
587413196
738692046
638676770
739829021
18059374
410246813
110673142
455770192
256508901
941251493
492064908
384660357
169985993
459684066
666060114
684625036
111131824
933278509
627902302
888981603
256508901
451919023
823204868
975715627
947333765
423133670
263768333
967469942
502698018
12141661
570907863
146588112
788580469
632934364
516424518
697311753
952195552
506537989
0
470063299
581914401
670832846
33670273
145650410
530070802
33217418
34752593
46645356
368415020
83316385
847571678
560998564
637804311
332435358
884040445
597519640
994995119
224409047
808411771
88
985247074
305695440
696380115
466527500
577689977
847450803
59786381
501501674
640898809
159143153
393500236
763608586
862553556
683101954
292496573
561379614
461584730
660660348
609622845
947756649
393805774
555932256
91034623
413505472
443673426
944607951
510902018
355349592
812404023
201798501
94979817
574253717
996265527
838306158
248926082
610546092
740967277
759807934
365090278
164870058
770938911
789501629
974244279
256005049
601069968
336514954
691960434
501453153
674069765
440160392
276517358
518680900
694307622
482040616
855787775
259461320
875863430
788580469
575729575
905024631
525118539
156568093
301802311
41706694
137221318
13
392895135
778845300
581190027
141154160
210178070
4
389468053
97294186
953451475
71230523
216117928
806287614
1
654703657
9407209
815245853
548090519
670030353
896930661
397019903
915879079
287213181
225405343
523734357
721130147
224385401
236041257
370521695
410246813
1873
496669677
663112439
369458288
229961227
239446549
368550489
258164142
569172614
82368774
838697679
263584013
958087677
670832846
351565609
681786057
3
870914383
94541270
170163953
460482757
882922625
990628023
722449793
197485736
180408393
953013141
582442709
38860886
684469326
934458265
108743980
357042096
21701394
903646639
161179502
742797599
1
953495589
818387040
488906442
783155897
0
209851330
390195960
631918468
52000487
726321210
935649980
59530050
546362157
205265312
992130412
36104076
498663793
321582202
557821072
788231035
982781799
512356465
236418391
881875528
161867731
684245058
542252464
287780426
511032686
724952105
161659037
746486190
216088076
69220766
823903743
64787332
997396368
756310009
234237585
824362366
832436758
661616297
117618840
491404074
615524881
43086716
559909980
588526133
413838890
44128825
506072642
912141953
668436399
447151485
788576928
915318876
1278
627236368
353722033
847657756
109010183
61540130
197929716
22517878
41411806
845637796
148278871
200134310
132551669
456000768
831087290
105290029
70906951
22122940
157834739
283710455
706754632
71094403
848740717
754495011
921728856
762621072
863489789
443508419
822193214
533173539
981037196
172742167
664856511
893429929
831795262
286126227
848491
655467511
522414719
243651089
854667878
504356366
505325977
703743631
1
100738526
814168367
16518240
506262986
203597160
496675308
323960595
842734971
252053802
788615544
342762527
948361543
512153176
166065014
1
897982651
346811332
327218413
863489789
363728032
33556679
55744943
727019400
313075867
944707182
342996531
21236121
59728220
865482884
776942242
505828807
823721341
212630585
226260883
890480902
122106097
831299851
561651085
626425596
813188008
336947259
257135496
625390763
212294492
2
305304029
189609429
739673181
708749039
83836780
764657522
207334503
427038557
733200386
875481199
4
795997567
339785228
949439559
268875944
606143166
724446606
985835163
469235476
257798982
198063298
995575168
308823920
26485374
962604711
403273959
587619112
19349126
992394997
936808003
515210359
825604416
425087994
66337874
968772570
649232863
881283037
750370150
804941763
532172865
321344900
927720142
778845300
255799646
