88534500 23703696 68810112 44444444 59259260 44195976 69945120 29629440 81724032 37952016 
53871840 35022240 88888900 28906880 83529600 39087360 38865024 44444452 88852680 29542864 
88888908 32323200 57657600 37207296 88888912 29629476 68326272 42105240 54409920 44444458 
75768480 22308864 80665920 44220924 58903440 44425584 71111120 25396824 88858080 41321984 
59259284 32507904 88787832 26935920 75272064 44444466 43459200 44444464 83660160 28888368 
88888938 30475872 59259276 44444470 72768000 28607488 71111152 44444472 50077440 43243200 
88868364 23250240 84351960 44444472 58895424 30862080 68802048 26899200 87447552 44444478 
59220000 35555328 74680704 29629652 88750080 44050944 43097600 42605640 87562200 25396416 
82051344 35496720 55367808 44375120 81306288 28341368 60952320 40404000 59259312 44444488 
88690560 23703712 88888980 35164800 58509048 43360320 67710528 29629656 79437960 41727488 
50282400 35525056 88851672 28069632 88854208 44259840 43758144 38095272 82280880 26308800 
88888998 35169600 59259332 42580720 74387040 29439072 66769920 44444502 59259336 41025600 
80616400 20317440 83905920 44444504 59213736 44430936 71072320 29272032 74067840 43818460 
58586400 30898560 82051392 27122688 88567848 38095104 45696000 44444512 88889026 28673760 
88869760 33682896 44573760 43498704 88889032 26459136 71004384 44415408 59259356 38095260 
83586816 23703552 86821812 40404100 56682824 44444520 60632064 29127368 82051416 44444520 
56140128 35555600 88870152 25396848 80808220 43986240 47301408 41027584 88620180 29629680 
71733600 31686144 59218112 43881864 88860408 26680320 71111248 35544960 59259372 42105312 
88889068 23675168 88889070 44444528 43471872 44444536 64646400 29629584 88102336 43364160 
57595680 30367872 88889080 29629692 88889082 43228080 47407488 37296000 71714160 29629440 
80893120 31872000 59259392 44444544 88889092 25318656 71052384 43243200 53872160 44049600 
81050112 23558400 75053088 44370000 58682232 44269568 69905776 27751680 80455680 34428000 
58141200 35299296 88770000 26155008 88803328 44248540 40634976 44171568 88889116 28508256 
80467800 35555584 57024000 38095332 88804440 27886720 62164800 43498888 57881208 44444560 
76190676 21424320 88863592 44420016 57208320 44420376 68019424 25392192 88768116 40839120 
58287600 35412000 74954880 29541120 76190688 41967072 47407536 44405760 85823976 28906560 
88889148 30476160 54134784 39091200 88889152 29569808 71111320 44413920 50790888 39739392 
88686240 23367680 88322832 43280640 51036480 34560576 71111328 29629716 88247040 43477632 
59195360 33566400 76190712 29629720 86194800 40303560 44586240 42911904 81971280 25396896 
88870320 34679808 56682912 41596632 85737600 29629440 55409760 44444592 59259456 44352360 
