171 242097.5112758707 0.0048392043
242097.5112758707
225345.8542591278
189134.4145088699
145243.3960072540
122538.0888768239
77749.2231206900
72735.5302545650
55191.1120826690
41043.1484822565
25202.3985893334
20346.3059241755
19666.6023873613
15824.6856920106
14782.9133275089
14604.0966866169
14053.8543482563
13742.8722293840
12723.6207903973
12569.9217363142
10915.2284823582
513.9624792758
3402.4203774870
3071.7370203856
564.8035517222
2033.9707701960
14053.8543482563
634.9184298461
1984.9033653668
1156.3451690315
1324.0849445137
3272.4263298751
317.5265695388
3935.5239663787
1008.5882535115
437.5529411480
77749.2231206900
782.9581699130
2644.9380475108
1291.5042822152
1141.0355709040
930.3817587337
368.1560152264
1157.7344551651
683.9823703415
1319.5629024228
41043.1484822565
225345.8542591278
12569.9217363142
4541.7792326064
601.4669879126
552.0198388588
4132.6151731704
122538.0888768239
14604.0966866169
1654.7754017453
2255.1059222233
3887.0089399502
10915.2284823582
1211.5340466852
679.6360847966
1132.7156363467
242097.5112758707
1488.3467550510
19666.6023873613
323.9802192948
1215.4303678640
538.0729996799
1248.4184549516
12723.6207903973
145243.3960072540
832.0212627121
289.8037720797
72735.5302545650
1589.9600937873
1247.2255837815
800.2866694516
14782.9133275089
929.1196260038
25202.3985893334
778.5920471599
1808.0836679635
284.0959429015
55191.1120826690
3080.8938380147
4803.7155615314
359.4383793159
653.1035878850
7761.7753864231
661.6611847654
3634.7695760878
377.7029887985
1524.2026064068
2615.4266456554
189134.4145088699
6437.6409051385
15824.6856920106
370.8502954837
20346.3059241755
3451.0758472601
3329.5643105038
5886.0217349043
793.2527413184
626.6778644510
1004.3860660939
354.4410495163
8051.0899516618
13742.8722293840
299.9035170963
2213.5708544510
636.6771335315
623.3801390626
3609.5107422392
469.9453484775
2403.3254209621
314.2848530340
