4850 8618404.3781077508 0.0000252092
8618404.3781077508
7978010.5773773221
7933764.2977739796
7868442.5716734389
6132392.1175209908
4974593.8947368423
3408503.8553615641
3117318.1120001194
2306777.4094736078
1713235.2543476992
1561380.8248698227
1548465.3691520467
1231802.6938838190
1104414.0139045161
1002864.2320237048
937207.0273631788
922770.4992913832
892257.6720922622
796300.6344792036
791882.1227524547
24.7810664394
68.9274769154
104.6184328890
1393.2157764102
146919.4348780600
38.5386973796
351.8125000000
37.3184975489
181.0718898246
6669.2714975948
231.3485663082
111.8271068176
3571.8273179900
1309.2167579185
109.8030334166
306.0367416329
110.1041120728
1960.3676446198
309.9617753667
2012.1014540154
29.5752018484
416602.1583490254
90.3829236403
4842.3702768700
64537.9751648222
56.3712758666
387.2481727985
72.3582061891
33.8975279655
48.3975467013
1978.0274738332
43.8514223945
1364.6253201675
340.4196250810
504.6845693422
203.0791174813
91.7120014315
32.8281087274
4254.1748438933
514.1456611570
58.8406853914
126.0542237443
693096.4627981441
1724.5944027586
123.2681611811
423.4004075406
29.3340692263
525.8586489459
36.7436869273
427.3977983355
359.5781727762
90.6340850911
402.2071616531
96.2957259443
1713235.2543476992
40.7614576042
766.7716389842
31.8331066877
1038.5274380285
96.8339772613
3622.0595511957
28.7126406421
884.5402383441
270433.2071878680
65.1170648644
182672.6435938748
24.3867052054
34.3185731876
47.8964643108
31.0245740780
53.7967719868
99.6961864917
124.6080668818
97256.6432557671
220777.7808129327
84.6023841720
9736.4240945592
9681.0368862450
882.8565017282
224.6696958116
11958.5272558592
358.7969513597
300.6566729407
179.6545932696
826.0152914802
35.7307225181
163.7516287311
669.2053858113
28.8028953116
3253.9656603995
7936.1276950943
6957.8100100970
70.1335948344
728.9667369514
28.5973942027
30.3928572149
65.8797313119
19213.2342283637
41.7948098128
9313.9198737924
93.6928242009
25.1790078621
134.1145204032
70.5477399544
46.0207355186
4014.0992548404
5903.5069523801
37.0413437300
198.3275534697
28.4272860853
1619.7040965214
132.3356926720
71.4132313172
97.4729213000
37.8201767912
67.5946044743
42923.2214369131
200679.2012690406
1624.8052161218
332.9998350439
600.6290755078
3585.4012867647
397.0304375272
23356.9608174089
85.7214091030
173.2300546112
283.4916577991
7243.1039449118
34.6622930181
1839.4250263468
30.7150612817
139.3272104221
4404.6821479052
1231802.6938838190
12850.5037617602
24959.9303433429
217.6578988281
237.5527084490
21755.3963062682
61.6151505669
45991.2655037493
97.8407109900
48.0693539195
2351.2070564257
400.5128650912
435.4586537667
43.3610941900
202.8747345509
1701.8540693823
504.8396602539
27.3583838427
33825.4545580673
50.2959092816
8367.1141865738
675.8470908151
29.7608343098
28.8083616684
83.2748190542
70.8774805671
30.8795159672
380.8305804446
1098.6828799051
53.5790666075
62.7250752522
41.5998797329
37.8201597246
134.5807406988
86.4792291434
632.0580997424
1091.3900328166
78.7228586739
449.0847150523
86.8114850463
39.9429777716
30.1566034529
3792.5087642315
307.7062947654
61.4004357999
30.1116746325
25.1331340822
191.8941473053
1065.1744571800
31.8042208889
159.8659806180
70118.3663591474
365.2795824131
85.8346731235
163.2915239672
2096.7551669280
128.0476437881
152.1774193548
106.6545798886
883.8297469085
56.0980262057
10838.6368274415
6112.0003324760
27.6656643781
42.5646600114
145.1498118760
969.5987219955
397.6330212322
1086.4047533079
205.8412137631
92.6068513409
49638.3701911699
786.1207125263
44.0100711015
4098.1391899124
110.6032994182
147.6494276565
25.2367359925
8157.6645909447
132.4485261491
293.5196476267
49.6419092190
1229.9547067260
672.6790698389
43.1677701892
825.9667564896
86.5114517061
24.8129265763
41.5291922262
25.2047947795
8114.4931325110
163.4865028059
28.0058075022
85.9084888931
859.0701517809
55.1566932879
89.0823730643
144337.6762105021
360.0603283277
29.1961133112
199.3025519513
27.8672118220
201.4218928046
27224.9026497260
216.8069318759
64.4830846011
2217.9878234311
122.6769254296
865.9130699144
25.2858621639
33174.6327306349
1116.9334560531
231.6185619867
270.8981136719
493.7119481179
244.5679472503
25312.4205408878
236.2244028243
100831.6070723457
2299.1201097508
46.4676007964
197.1435902353
853.2964921164
27.9560110910
66.2007853071
337.5786921279
472.1684274705
511.3144118010
3625.5869168512
104.0839674094
10285.5932519102
139.3956279902
407.5063452080
66.5186825089
38.1619008094
55.8206222816
109.0264336423
45.5248508551
53.3016827890
768.1945680108
445.4729999656
271.2307167383
34.1374383395
290.3024740941
97.3037274083
74.6250495552
1111.4220138420
647.6145795858
117.1052482782
61.8594494777
35.6684910460
41437.2503522435
977.3747745609
195.8822802198
2487.5364467180
11275.3790570741
35.7913052991
30.6922606602
4471.0445528066
4445.9778395456
735.9290068584
28.4395262234
237.9325561368
317.7109257627
61.3049064828
2826.0077330977
1061.2692118089
31.9885418608
25.1805155414
213.7706228138
62.9855315887
168.8488643704
184.4663697864
46.7360545133
128.7299562847
255324.3531741176
81.8512342268
5074.5900097699
735.5238191701
35242.4875000000
2917.5999221972
25.2578896610
670.6357619528
42.5073623571
213.4539332540
3157.8966371544
332.8923404011
1534.1666888855
92.7126768465
34.7094931649
29.0917056375
78.0234468871
46.0686398495
293.8069050104
83.1603045099
39.0903590141
56.5261939716
3331.4061923128
913.9174072430
193.9834470894
55.5829097216
46633.3777462834
118.1554308583
5322.3100804082
52.8465596908
115.8496249813
29.8009011795
8406.0046533928
288.3606404813
904.9183282472
21595.2698918963
29.0133859519
2547.1693425409
570.9152551834
55.9391598920
83.4670156300
35.0615164444
57.1285491548
26.0838570249
393.3108952544
4673.2278805100
25.2519018227
28.9268171365
151.1846441473
170.5781361986
13991.6615453875
1580.6621794044
12312.2052077140
46.8280748297
2170.5473887248
47.5133186697
66.1844724133
80.4956305442
56.9198828222
1577.2758046018
164.4308444374
63.4306990994
4591.2278975336
84.1156118181
103.0115200007
233.7362656093
710.2931245800
19939.8768473114
42438.1398347488
6344.1196588672
36.6505644308
383.8806467245
13234.5887191625
111.7351475990
40.3597964157
26.7307263438
70.3335078354
37.6204873913
39.7949765290
29.6222396369
42.8581838030
493.3338862457
184.7138861431
638.3977588168
38.9738223317
55.7375582100
92.0063313575
234.0836859146
316.1894196967
146.2621828445
27.5026567725
68.2933521400
43.4170227831
881.7218295723
121.3008464148
97.7714221738
200.0291040208
69.0358670593
41.0753933854
3646.8153731886
50.3019257277
28.4975376526
102.5560905612
2696.9692828660
1374.7338809721
7326.0154875167
502.2530174145
54.1769144956
48.9810367979
290.1141823526
27.0327918070
779.1997695030
50.8967481569
2794.5237600649
103.2777006166
3419.0335699780
30.8183930951
69.9540019009
48.0446518778
3790.6267115521
57.7715419599
2523.5713852635
76.8284361886
720.4768323603
60.5226261007
41.6842265046
107.0726049502
30.8040432241
59.3836786360
96.7115861911
2443.9172761832
2110.8716553073
1651.6734947872
37.3355930012
71.6748124471
160.8759504124
443.9764951651
429.1371251197
145.1317494236
38.3791638754
90.8271320490
249.6461702218
167.1870368496
1788.6938600467
166.1903366153
102.2635061655
1457.8854822070
42.6455580879
63.5307603171
111.0913992597
88.9070710280
87193.9316676683
124.5564578644
196.4462644931
100.3124970410
31.9209949062
201.1384133029
39.5661044543
146751.6216320962
32.9300122460
64269.2198509418
111.5301983195
9506.6775198256
361.9250144759
1500.3489102026
35.4299926641
81.4697438290
423.7121588705
634621.5918934401
105.7331476620
576.6823476137
714.4361095975
599.2429092447
266.0463753037
147839.8450272942
1266.6164456221
1104414.0139045161
41.9765523656
75.6873523829
730.3719273151
95.3151180198
31.2127577766
392.6960945711
275.4346926249
137.1182212032
128.0913905431
243335.5796656616
34.4965242618
7005.0842503810
29.3044925673
146.1023107761
78.2949855502
1327.7355372829
28.9245952068
122.9115725808
105.4573935232
12955.1617998902
60.5411445466
230.0904284314
28.6935512560
4912.9332883546
122.2823899021
39.3650617335
93.0378005603
41.3829982253
29.7883594119
56.0038924917
85.5723810670
5035.5075001200
25.5870834595
71.1864341655
69.6000812726
38.0722401540
554.2056170236
1749.1836424818
5511.4792957387
85.3240345144
10077.7359789324
130.9343781273
33.8679338797
165.5106593755
229.8166082119
483.2835074966
119.8942856112
998.0034787128
163.3829484882
325.0749063712
342.7975398936
153.7828067307
48.3628887290
597.2482808890
741.2653007020
73.2351660189
31.0415351523
772512.0854030501
791882.1227524547
57.6043227736
26553.9909708149
383.5710752715
29.9825146091
25.1756146012
459742.5092239824
25.4832194276
64.3083170439
1608.5881372571
67.2303038354
973.3734416354
26.6588748380
66.3684354490
27.1650046488
12948.8373922278
33890.5811364376
155.9985568850
2530.1352146164
3982.5067226505
146.5301599372
6864.5052321437
914.1721392739
1482.3349124746
155.0048743749
28.4202830909
93.1346651368
39.0769825468
94.7705498375
67.8264075773
5269.5661184714
313.6660657305
6026.7353508694
87.6763218743
34181.2880657408
103.7705901261
50.3579692259
507.5887767753
116.3055409313
1188.5766271579
63.7425180534
77.5459822991
241.4223578471
76.4829563684
36.6053263488
4305.1714545108
53.7007315468
3131.8120787210
144.2543186960
67.2174115887
3482.8603230599
31.2096431093
76.2230004889
26.8532142237
3798.4115311915
35.5330657450
27.3438326707
189.5488633257
805.8268349327
53.3860869946
6625.6505184595
280.8321069290
528.0320739276
123.7976865548
78.9345985344
138.2402700337
253.4336467339
399.8621214993
1375.0402537790
28.5857018209
569.5361041576
3253.6025832180
30.6826593031
71.4153933589
60.5126933122
81.3200411697
36.2853387681
26.1413969626
180.9786191657
4301.4358043955
12127.1169655790
48.4278815612
45.1768558827
31.6991883080
98.3674417984
2410.5055903786
189.1088263031
59.4171072021
459655.7460459462
128.8503492707
44379.0315229043
10609.4466390775
30.0884750881
38.1744300529
44.0261591858
1941.5914564369
148.9746879723
48.3068944683
4155.9118671648
57.9203650828
308.8729264161
119.9352158327
210310.4509231145
160.9188516931
987.7861973212
142.6282090737
263.6700945682
389.7456165078
42.8987178107
266.7964000205
24.6906203538
946.4734095265
573.9783830073
125.7432383446
30.5043065792
24.8088457382
57.4747540974
52198.8217345018
25.7072294702
7258.6123261209
455.7373569143
268.6498864485
114.0549183017
45.0676281535
32.9715304183
8201.1650828991
683.0529417813
149792.9500000000
46.4408248711
188.9354240418
25.1750506242
109.6225223004
22714.5935806374
1117.9277020815
149.7293918317
26.7029867033
37.9712237857
260.3784345132
12319.3648140746
4581.2026138514
79.1089531108
78.4874232738
387.5575746547
39.1428196327
233.1113515881
173.9422530708
83.5347387973
3886.5832135591
320.5900589753
26.1258451651
60.7006369420
96.0990152711
139.1799090443
494.8205715294
81.9564748721
568.9608605047
544.6702316059
1242.5537688855
207.0689455423
55.4052566405
1069.9025649168
593.4350514621
74.4825337338
5352.7771320484
47.0802618344
102.4140499565
6811.0697383260
114.3027091296
253.6871673103
7465.0546516173
191.3357718287
108.2852289052
291.9559360857
73.9647423759
24.7410613598
182.8699046324
3251.6197183099
52.2754844007
215146.3795038299
96.8871959595
52.0373178337
62.8194277789
80.4340481320
684.3638405073
228.8891718819
303220.0906901128
48011.2793612144
310790.5753896456
29.9891168259
44.7372309446
11718.9402828501
98.4189133407
21473.2854267093
397.8861151269
51714.2222187137
36.6214940135
695.0512794002
335.6799019371
129.3398465303
255.3753322552
25.1351921535
215.7383861619
123.7002877731
244.7076327362
282207.9000000000
547316.9684685739
35.0692464048
7558.9782947025
97.9774595432
60.1874664789
272.6015088361
954.6594761154
1304.7935511990
19008.2869004883
28.7674147091
310.0073572635
1587.1683059715
304413.0318927663
1649.6676665539
16799.2954357081
118.5643205362
39143.8194587423
24.5105681293
1324.7666238751
273.0198690738
477.6281218733
55.5158530307
312.5088505477
38.8730527902
369.3802792759
170.2006013142
71.3770234131
45447.9171832630
26.5075434500
33.8439418987
3383.7173701098
597192.2132299223
139.7021242719
241.1270658371
209.0707053434
55.7787593595
70.8226103863
1536.5964406731
45.2187975056
80.3322825496
452.4744696874
11576.5725345199
1548465.3691520467
253.7198545045
53.1299356799
18626.2246386723
69.1021215425
33.8062527845
45.0596974889
32.5254474013
94.8430284922
3564.1388734547
38.0369607086
353.6469819064
145.0732975221
148.9602181789
333.0454667001
372.5723161242
129.0517363435
55.7565234815
218.1137171358
1230.5861614588
56.5574173045
28.9302518183
7978010.5773773221
35.0275891341
28.3161259491
79.0670359986
41.9834576114
47.2445080470
283.8224675595
66.5785433259
42.1310290894
36.7398503155
317.1640473116
62.1702915543
30.7327134330
103.6017463062
7255.8171274996
24.3964270228
58.8425742227
146.1353103876
25.3006932402
463932.1539841463
187.2678227834
36.0291861657
4422.1069792610
56.4171861606
113.8762333422
363.9693798755
778.9207079042
431.1022123493
20247.8569785636
55.2726596931
66.1765881918
575.5517907525
114.8550302343
179.3167271406
35.1299392806
370.8814836398
149.0304439876
58.6802359412
122.8343323484
37.6455726777
213.6722529731
58.2486463154
1097.2271243644
63.6919352617
108.8040129692
131.1599040613
3444.6776431571
39.2557520092
394.1763220490
29.2561495089
158.0849869306
982.7750084172
3391.4067712091
67.0604832450
685.4514231131
67.3726856091
13040.1376786300
26601.5415530109
38.1886567415
62.8271428571
892.1853387795
292.6103929192
86.3276671389
937207.0273631788
376.0206354126
168.7074668338
37.3964870294
57.6283719668
132.0201679625
3271.8614940682
6074.6009218322
39.8102019156
68.3445485319
14286.5374200929
69.6153725747
2186.7877469349
77.9753602164
42.9368075544
1607.4185351226
260.4824676805
343.3420886434
63.9105407318
34.1013789240
74.9982616208
81.0928155429
128.9203413799
34.5986221942
13075.6786295574
120.2937689188
26.2430614416
297.5070595455
28.7620559802
6132392.1175209908
1617.9051881032
70.5120840225
89298.0394734979
368.5887008732
63.6657378073
15794.7303487491
49.9876043591
109.7421646052
44.3779079057
120.3644257415
2550.0147103664
52.4903591970
63.1684412309
40.9549888782
199.2358958417
196.4235661725
310.9686790247
1652.0162088397
142.0260287631
421.9592395804
3569.3900314149
2431.5144329796
57.4447494044
313.1093750000
6583.2392841460
127.5107839830
317.1374079075
38.4671294885
651.7828340179
41.6143093709
33.0933661885
24.6461972309
3834.4279185727
136.9714951907
41.1375391978
147962.7314660852
257.0737349650
119.2779359681
42.1609433978
116.6245689515
63.6759973077
25.9501069370
83.1028672579
603.2095995172
45.9729909351
368.0241360077
9729.1921328394
42.8738063347
28.3786659310
51.4400490679
114.2331237495
48.2880378359
31.9817428379
25.3000114637
201.8849520553
79.7136653880
48.2051884618
836.2287818724
99.7374511526
65071.3986386269
5670.4657397995
24.1152837594
536.5112843777
12078.4464279592
99.6432703116
186.9635862808
58.5300202891
75.8357810790
130.2923148792
68.5347936716
104.8437563811
42752.1143540355
83.9317253741
356.9398852913
59.1986493680
1863.3264201306
28.2675320956
324.9223483105
8626.8961602180
41.0277109163
138.2423709363
8114.7228709251
995.0905871917
1950.9308046241
562.2239707074
408.0531829230
146.6668966822
120.5907557861
67.2996947615
67.8109347978
721.8890363423
1814.9808274898
264.2645625057
28.8871132069
2363.7855338694
25.2659372939
117.0344359680
52.4907311419
2486.1424667616
104.8209653194
68.3181817316
60.8154353154
838.1118227958
1911.1289840936
4023.6746859810
30.6658460813
12336.5504674186
2697.0214262102
354.8711203635
26.5130512739
333.7584254443
201.5532995339
15399.3251550622
70.7713245475
24.9209797079
30.9882301508
6162.9605130612
336.7546116614
959.3956107308
8275.1034909676
80.0760850992
96.2316330600
430.6289369576
44.3775817001
138.9599864966
180.4636201246
468.1995452007
25.6063826873
26.1214908511
27.3947313482
1730.2231628467
14373.9199229815
42.4939624395
24.3387367133
9779.6752599694
30.6237421291
75.7966711739
68.9511595566
70.5795517891
1561380.8248698227
94.6444342418
3408503.8553615641
85.1499595641
6415.2424319950
51.3853277123
356.8403603221
403.1712480499
25.1964956770
142.3067740880
159.1882775470
102.6532839983
262.8181532956
52.6691106485
33.3611041270
180.3400149100
152.8411900887
51.0537301963
39204.1584501647
107.7563138029
53.1265034385
349.2205276739
25.6467909128
1362.7270223008
939.9110945383
1805.2678676387
197.5886054534
63.2618556291
47.3720525044
373.0365456086
64.8320137867
79376.4221255246
122.9077865325
16713.1388508048
24.3022572168
33.6421532261
25.4653273227
231.2076964510
43.3999009750
282.6460358232
150.6794368117
2165.3919215637
150.2712866550
33.4961452129
1029.7550811160
66.9122885593
83.8803557690
50.8272764964
437.3735019779
207.1792368359
230.3285017771
129.2032512521
72.1251943540
64.6611516260
315.4469670329
26.4328034701
156.2812847641
24.1465267810
107.8798768416
4028.7331885920
46.1693282754
1628.8849925980
43.9824197840
31501.7490156208
34.7204970448
137.1026641736
704.3121910521
90.5613861994
28.2662106242
46837.8946932893
283.5613008814
339.7939115994
252.3833714065
450.5788225402
80.7220965508
26.3314676187
154.1111943546
68.2288947102
1227.5197224414
18960.1435427594
98.6117457624
58.4486121436
24.8356338564
277.7499817718
30.3321666302
46.2728288750
76.0652560534
59.5850514775
163.9127715320
38.2389729218
31.1199575841
52.9603194544
70.3265025776
110.4695671580
1732.5343548443
679.4919776609
31.0308713614
120.0860016939
8649.7539711782
274.4445521380
7716.3524157839
1038.6763656035
70.6360149342
73.9159494787
101.9047670538
80.8957239146
1001.5878357934
47.6088980940
892257.6720922622
26.4859507427
62.1860042480
62.7711173493
892.7436674083
68.1321575936
21328.9213143152
48.7983045463
32.2948344093
62.4164682647
229.1505204442
2223.3838263569
33.6088209486
143.7984431305
195.1273910323
1345.0582219571
212.4543859280
26.4319980907
3013.5338920617
3089.3633947610
108.7910255022
32.5527678267
34.7076209009
51.8880062256
6315.3944975390
886.5838403653
127.5197336145
201.2369430060
26.4459536192
458.4147854896
4441.1343921442
59.2171328370
144.1962951935
104.3067701375
33.2265346637
64.1065410178
214.6673219531
165.5721771389
75.1339974371
25.0132600249
5227.9659601564
742.6813448796
9691.8961167790
3178.7797908507
29.7285792619
173.6369184021
33.7563551524
24.2104644392
54.8965737033
47224.6098794790
248.8977272837
36.4060965983
150.4498786431
484.7105058973
210.2200797665
1374.9272834183
31202.5664606915
2811.4723605110
309.5225564330
1662.2542715870
181.2057040325
24.9822746966
61.0179516059
58.0216987852
69.3828050881
214.5246799114
516.0866451820
25.7614190982
64.9012126418
740.3226446663
30.9861050811
157.6814852314
81.9440103440
8055.0871114326
34.1490887874
114.2609122311
69.8687017214
401.7245102063
89.2480223513
36251.5816945694
44.1671119007
84.8525052300
33.4300846489
41.0702884512
25.1020910308
151.6493024152
133.7438836837
85.7821256547
391.2374598230
46.4438622144
65.2704756305
46.6609689755
248.5216841646
44.3156976920
75.8108672608
36.8116550117
28.2172297133
34.1393075211
52.1144175912
1066.9623239439
89089.6055508201
34.9227128317
56.8716566079
32.4988817871
35.6127582992
29.7745738137
256.9516563140
38.1209749504
30.9457488747
94.6705069676
66.3139649899
102.6634971629
114.3080069837
82.9376417165
367.6894754299
69.7476588731
187.8649973383
155.2568974015
42.1702536909
34.0371135131
345.2097616387
313.9137826732
538.5263112816
43.1723901834
47.3632954310
189.3775953329
66.0873218606
253133.6548526030
93.2769958524
60.7284769348
196.1694378983
67399.2685053020
79.2473036747
141.6664159874
454.2891675795
58.4396076328
39.7092701072
152.8885230493
10733.8186146779
505.4133782716
428.4928521613
2898.0238886235
50.4039673745
2024.5756474309
743.1278203809
38.7323133503
49.7644965216
261.1908955107
2192.5874860356
1932.4152901625
272.6157366791
211.1511011925
63.8678911686
362.7863143700
118.1465877742
240.9532765705
451.7382062273
383.2060440470
796300.6344792036
72.4878776004
168.8890458969
192.0041767628
123.9575532208
675.4155057073
40.7705629307
53.1452091075
1295.6130075750
489.6496174293
12790.1390582561
799.4570402772
37.0664948541
40.0594994117
191.0465683389
196.1929704388
1093.7247626263
27258.7940081993
113.8646607046
80.4840790122
63.0078293802
783.2938041565
32.4765043384
38.9145854222
768.7988031866
622.9650000000
115.6148055670
1103.7373600610
136.2673578362
234.0820757556
72.7840036232
167.5723883115
3392.9130950481
307.7989275051
384.3313471554
132.2162824453
806.8129413673
762.0452737754
111.6552199395
1411.0686636042
123.2372920972
843.0762622345
2131.4233539255
33.2854627551
120285.2399313329
12706.6194217307
8033.3011104279
44.2612759677
84985.1050762043
38.9396746279
59.9539751474
24.9984097051
92.8589653089
4789.5845177370
95.6137839991
108.7898721280
68.6586144355
26.2863841002
483.5703712906
3113.6662619168
603.8055419426
6659.0653388247
133.6504976488
648.1830923340
53.3094281722
27.9503387445
6335.1054206302
132.4257295373
52.7369987695
2268.4523589662
112.4785156012
9575.1742272912
59.0438883093
30.9631960504
7272.0337462251
63.6332390051
3039.3849830100
4745.6388392185
713.3331236456
148.1112790660
34.9414947958
4368.9178956673
68.3830738292
60.1817789621
3995.5813015266
1915.8086852461
14174.5152014827
340.9193013984
645.0456246266
117.1961615867
28.1243028310
848.5434807112
29.3219203098
85.1000220632
124.0025133222
44.4804121061
405.3746791038
215.4000957049
68.7215539459
165.8470906951
53.6030404396
34.6472273262
436.0838353886
3183.0377065606
30.4688505383
490.4374591747
160.8563515396
3992.8595846592
33.7261897842
62.9915386415
28.2104166883
2137.1079221612
68.0724938893
104.9552295207
327227.2721951365
82.9289890790
3117318.1120001194
47.8471105275
34.9625947866
45.6403912232
4118.1447508807
683.7268789800
26.4462585127
406.3874801698
69.6379111044
21114.4824122787
101.0447725347
54.7395335667
541.4371215831
189.3451218757
191.7803718534
43.6574837126
89.1889673692
224.9691311302
35810.4774661318
123.3809321901
30.0185207902
137.9123893902
24.3798316879
84.7469766584
173.8068212809
233.7158234292
75.9840514952
118.2999337889
228.4581617845
130.3250772353
26.9233723406
214.1727461419
146.3301883405
31.2694108670
167.3371102763
67.5381327396
8212.2252808118
41.9685822932
34.1540182703
29.1881027879
466.3967599472
24732.8391759021
65.1968234321
922770.4992913832
10903.9967746631
995.1066854030
338.9434496090
65.5540015418
49.0208230544
26.0667109850
12114.0858253171
120.4881507941
908.5412257659
11798.8704741767
141.6469909634
268.5283508324
4469.6539317143
6398.3705463077
274.4689887682
127.4093463182
45.2429318267
9584.1431395591
24.2593941803
32095.3627823345
519.6808021901
67.2721340527
123.1339771621
198.9344266788
178.8407122792
119.9311180752
142.2330460468
58.9440876184
57.0668405721
41.8911432318
44.6437352472
73.3769296142
344.5401890663
71.6976060950
309.2518152933
283.8981552156
81.4345390453
210.8262396050
44.7680093383
212.8813772236
1600.3129226106
351.3500219064
38.8265866487
319.3418860895
4117.1547507572
238.7437395679
39.2072120730
24.2159483981
165.6497075543
125.1312936571
31.0380379052
25.5344923794
107.3212490975
1459.8947433949
254.6982857388
3613.7273469388
111.0745828500
66.4692586436
393.3185845283
27.1846201675
30.7761898183
26418.7003782385
31.7374522921
4670.4470145908
803.3485004003
52.0633572695
73.6083937912
24.3153664100
62.4938054783
425.6864555192
531.4871640950
228.7522422795
179.4780397883
2690.6431330079
35.4169360806
779.8922894369
158.0903558155
9537.8816592888
377.2828110255
53.4385099333
10989.9691067333
3326.8122148343
226.2103193655
87.3380774784
65.1675525363
25.7420718362
46.7864227503
850.3818481729
34.1605720124
888.1738717539
243.6915699300
103.8636537903
524.5498356126
451.2946365591
126.0691319168
2324.7876958099
40.4618026985
39.0719113842
80.3201833756
46.0090871858
146.9099889799
4244.2698813002
378.0358791328
141.7048992778
83.4200390337
653.6317797861
251.7829550397
430.5082928007
38.6700026984
859.5614115944
5067.0373676780
4705.4478448356
99.6297392995
204.9780819594
399.0105002763
92.3196718135
498.3636506457
127.4810439234
45.9162946658
27.0910952193
410.8040309531
46.0641201262
112.0860222603
92.6023988577
293.1206387631
1173.6097745605
25.9892130213
118.5727972810
172720.1914909957
304.2004807581
41.6158485166
273.4953156554
2968.5560777546
58.2793031101
25.2246915166
100.5266741197
79.8662259041
135.1551128055
169.6474626052
349.2132625948
24.4956165660
53.1016795490
57.3593961039
142.4658093150
4201.3133604561
76.8515542578
378.3264526323
183.8657039802
85.3117529125
70.8203259509
25.6552833047
138.0768826296
39.2432694601
42.6717514059
683.1188386110
123.1001990331
4620.5244840876
88.6361237596
34252.6374191274
222.5267627277
34.3281007116
55.2825433183
89.3489088603
26.1289250709
301.3948237465
25.1619939964
89.4012900625
256070.3746878444
2365.7670828955
34.1635759312
417.6915862567
1235.2173672164
2597.9624514231
264.4723525682
1621.1980328130
522.7000653403
965.8316992202
550.2123693607
211.7818254537
1837.9858467324
591785.8418735740
36.4651116500
607.4537658802
66.3626677747
186.3918595260
5492.2037153014
11517.2383090697
34.2205297810
139.0468907860
15484.9256672164
29.7015543548
66.2066365579
240.7369312874
47.1586268195
227.0519731772
35.1412003958
657.1829007926
56.3328002038
19175.7253307679
16682.8203270241
555.3390842722
39.5176362644
1126.4487844954
347.4793496576
543.4262545821
7193.3320644129
11362.2672149496
3338.8367399328
27.0944919371
49.7022655640
688.9164915200
4299.6250831105
57.2638364961
65.1514041400
71.2687323335
197.5608850972
2530.8285403885
119.3612638373
136.7676966082
32.9837540239
66.7690445322
325.5145799093
106.5044765218
59.9154529526
198.6769639010
193.6442745336
35.5550434005
67.8422939068
36.7352420425
42.5637807124
61.4532916150
36.8000952006
8342.9723576392
35.2740604470
33.2903889595
9092.2942505569
67.6150264527
114308.3214856961
1062.8178589386
645.0418862671
173.1001882348
85058.7694662087
27.8013960573
72.6236897266
932.3124274253
1341.3679974263
94.6247981743
51.3117310666
34.5065609721
175.6807328153
896.8964161284
108.8869228814
57.3857165504
26.4271472312
218.0438072360
66.9559864834
50361.3188719298
96.6564980547
1525.8981046898
24.5159363344
270.2829430837
43.7379413799
525.6777801585
51.9694438616
77.4260118008
5024.7661141805
2954.4421828906
76.7241758242
111.7769287339
54.7769162730
92.6081296888
23312.8443684945
32.3997960300
69.1593495137
246.3197975239
4410.3593240344
284.8522978555
970.7537581469
28.9983399523
327.7011630068
245.5190752904
21246.7615767284
148.5269245366
626.7899545292
118.3554761465
188.1268159248
647.5666506922
30.1274657545
29911.8702528682
34.3576061102
35.2403410089
1390.1453700551
600.3761387645
39.9179025211
25.8350110189
49.2589458289
81.8275101739
4496.4992957164
24.6793727657
24.6049595789
509.9677994692
57.7552227771
101.6726230050
410.8646581930
226862.2858448500
217.0592394873
48.3460382706
75.3691547036
24.3142857958
222.6876550964
92514.6749185726
40945.1238514055
367060.3774043858
7015.6406693317
55.8372803025
537.5910255947
6083.4841561604
49.2270228024
14468.3778242288
25.7494843984
8769.2367381844
116.8688691157
779.8052139382
39.0521138967
39.5509839780
78.2344569822
656.0882647026
141.6189282154
12151.4792484667
32.1291138673
553.8147320516
2417.3701712114
71.4220033119
780.5177987311
664.6383192983
88.9929724426
580673.8124349772
116.6044853641
57.7431224314
281.1729695746
76.3392983236
73.8526898467
29.1656350191
700.8212920270
190.9664312460
85.1949991077
289.3690613787
646.6944874788
28.5871139783
190.7930330153
827.6398501552
381.8358311081
85507.1001528199
36383.3128137695
76.9336672123
267.1106201757
73.1041414579
169.6374551366
25.7012569630
24.9940526290
1972.0488688453
332.5902204993
168.4014530031
580.7484414590
37.1826349830
26.0982817267
26.1939233447
19736.6253624782
1494.5984449289
47.3869815555
39.9488927865
50.7381798970
56.7163939232
48.1332330678
241.5030851064
26.9832388309
540.3600654866
158.8552635662
101.8685981869
75.2870596241
795.7978148388
1675.9817863627
249.2383741518
25.2991917842
328.5569809022
56.4024549805
2306777.4094736078
27185.8656309867
25.3387072697
269.9639330610
89.1892857143
41.7215278772
43.1848323271
665.3737905702
5176.7784423179
178652.1328935641
35.2987799233
37.8264776411
10454.9574146457
1436.4798041911
31.0476210848
128.2279732575
57643.7380305345
776.9502820944
122.6529584770
331.0822966197
323.2415258045
51.1441671878
17233.2173125193
225.6554645651
245.7425764400
176.8394378339
222.4589623414
1281.0829335964
488.3477147832
36.1701950132
342.6156894318
93.7846925003
253.4739641132
165.7629181242
33.1927249090
44554.1522756728
130.8365695186
25.8590734212
34951.7674245741
63.2610344341
226.1617121513
35.5670885567
1748.0383447836
78.8932449011
553.3034349006
1619.0991604878
468.1167429574
17325.6018366561
41.4721799449
60.2204459381
98.3542728784
123.4614748597
87080.7482362884
1383.1494966130
46.7066661406
58.3889523352
55.1031405501
244.5853182714
44.4761594915
3021.2699805038
35.6189621777
59.7634795728
547.6072783568
19255.5347621794
56.9209461649
209.8220382482
17418.7036929728
39.7610567226
595.7716762179
25.5965822710
52.2513395202
114168.1781944626
58.9973637262
30.3911782948
154.6651712832
94.4284034693
503.5013995022
8618404.3781077508
97.1997650983
75.6120741402
30.3884296364
184.3445036232
1476.7021493083
2892.4049132061
112.4389191821
590.1582014625
2530.9762118542
56.0751367896
18817.5062975836
45.7007079712
131.0294547570
5854.5577749562
35.3448995416
181.1370329714
850.3401074135
443.2163465638
135.7097767300
901.4401476113
168.8948046418
1928.2696777974
37.2433604899
280.2910319038
29.2700295378
206.4709034912
106.2367166755
460.3618675990
554.0647700204
44.5639679212
85.4326684406
195.7415283316
33.4183662238
24.4834285396
171.4992237826
11429.9496787206
119.3195489761
229.8274414661
31.3381831561
78.0730196076
381.4831678361
33.2609212243
494475.2101530612
168353.4665173627
20375.6596890721
372.1831252333
130.5091053864
116.7047692879
106.6642778834
411.2758696570
30.7793988544
42.4094628185
378.3878801462
103.5504626551
411.1193386633
196.8576990036
36.3326964997
1204.4116329209
76.0649932826
105.2533665038
95.8721661178
1694.9764133084
37.4674430578
36.4063540211
16557.9536727656
74.2319268568
41.0801723459
50.7096488775
284.7988103438
128.5309670895
200.6688460569
51.2789528778
77.2303759398
48.4910924317
40.6263392875
7124.2874379342
28.8435173866
34.2250858339
52.6533846240
483.0219433443
167.2509597823
242.7454006116
83.1139824275
1136.1178581375
79.7285244477
69.8219380906
78.3732401578
21776.8567669989
92.0888758169
55.5646456721
32539.1374815475
33.9716868581
4974593.8947368423
75.3145789774
71.0731417166
122.2788221967
44.1839696147
249.3641660247
1603.3519822879
50.1893979808
40897.0910261789
256.2606751528
208.9581639329
60633.2682998624
5385.4646881752
9190.5774813959
37.1241029821
191.2756376384
85.6366908118
279.2611231992
109425.5226263185
526.0458232067
451.9698622124
338.1780779747
28.1726605859
80.0358370611
26.1420823025
2684.7319102006
151.0383234855
84.2170194586
70.8860174583
779.6633284080
81.5622783234
48.1147843527
187.4562053945
27.2553179026
1172.5438977399
24.3450309561
177.4070739187
112.0658809474
168.9731525420
60.6133166668
52.3730012155
505.4660504732
92090.7340837264
1967.8554023668
33.6860789682
68.1995180371
15163.1706932573
52.6227216477
88.2593515852
7933764.2977739796
65.5724260496
20184.1578863593
31.1390950853
94.9448848691
75.8441919000
535.1495784064
393.2784305664
91.0691395902
218.5306955992
25.5663976807
38.1397575354
103.2361032836
535.3094263797
28.5264298145
345.7086198826
129.9518171102
33520.6280219623
597.1431488258
28.9539702364
689.1047090422
72.7038994451
59.5031777500
174.5066338316
383.1175674266
153.5483987653
38.4689950789
167.8331011211
189830.1762829817
52.9935409730
53.1303896117
195.9362157659
114.9832998845
368.2020769090
83.1743994600
34.4280640658
192.4361651334
94.6456157120
260.5247791214
386816.4576570142
52.0996160790
47.7658154400
112.9417459660
111.7209338700
26.9296870715
58.2819003059
159.8642426354
3014.6980788861
205.3875693433
26.8748140315
4621.0356050759
74.1531610452
1075.3648498437
320.5488459406
111.4065569825
275.8540421684
248.9699908608
784.5956032831
81.0648810971
1324.2035135002
74447.6816511777
104.4988532249
26914.4052753738
251.9109747561
11465.8011593495
1338.8017610372
27.4136917376
496.4739165760
137.2559091282
28.4702460673
80.3658026871
849.3451705463
12120.6112333325
48.7211088742
1315.5701111497
565.3321441111
33.6428210490
15552.7146466306
428.4000361267
24.7511240614
464.4547461744
78.2924173400
536.0641667740
4888.6394740078
384.0407069194
705.4668815997
74.3744450032
37.5153437556
1002.5137997724
5364.8484291897
5388.1521442624
28.0766237467
2993.0168139495
40923.1231494722
711.6733199210
83.5402812241
662.4948373919
586.9835462334
353.9966801980
3678.3466723531
27.3129232149
135.1308958466
201.4736369342
7868442.5716734389
246.5092725179
266.4055032667
207.9216682294
127.6938195979
2709.0752593086
113.0526302447
2397.8222803564
29.1090891003
1367.3764242735
56.2954586218
43.7124467116
332.7994292560
37.4969292572
85.9612307371
54.2568823149
27461.8984261740
91.8757881050
11696.3238019219
44.7632335218
220.6287740573
535.9523995049
5207.1375627155
146.2901729937
40689.5603329685
46.5626763712
37.3201373940
264.7722902015
902.2000514476
27.9949271839
40.5023389077
15989.6311928121
47.6573841980
415.3890682904
1661.3137792907
47.5733699653
258.1472428120
387436.7443200005
162.8689026009
75.8486180347
31.7766759815
36.0864900846
19641.2342660613
71.6844310678
41.1299855493
35.3398920036
411.9206552935
87.3763989276
252.0681694872
52.3928562965
56.0822930306
171.6520257552
1427.4964237190
29.2871920594
27.8842715478
39.0274018715
30.9652065068
63.3822873713
2974.9639943677
2285.8797817748
65.0305819519
507.0267563430
70.2873016339
190.2074039391
671.7807759663
163.6466429238
123.9830669760
45.6929441385
4367.5639150965
38.2865986935
27.8433074627
46.5953614425
77978.6382791842
167.5352700640
51.8522673676
438.1303066188
598.3003861470
685.8105166288
60.5220798468
38.2392550314
7495.3251968595
71.0722861687
169.0128781353
1776.4727739858
40.2505183329
33.4668385650
96.8903169788
26.0950031814
423.5008960809
169.7190618801
10743.0628783135
42.1485936104
73.4574350895
51.3442617029
778.7523356783
30.3498512552
53.2308306269
441.6627302721
24.2031406907
3050.9235150351
70.7434895318
6384.0649405467
115.8221909828
88.7874728597
134.1701645828
28.7204731139
73.4542749957
49.4474403942
74.8906854360
461.0646826877
96.6772057133
117.6677185104
78.8578550064
43.3943160634
56.9100904940
224.3398964761
342080.1114377994
150.3877286052
90.4268325753
63.6000932485
74.8002103745
95.6179215988
31.6501957327
128.5033456967
526.0819980316
51.1990453253
274.5728068583
41.2972474018
324.2835210250
29.1891564721
11606.0528488662
26.1044206516
880.3289084706
61.5198213476
87.8715195687
804.1102895096
51.9356392234
29.5627380906
4061.7609009227
31.3205804815
303.8480651057
59.2503937190
92.2421715879
136.0108051669
5642.4396966832
133.8510683149
193.3000740286
49.8874451105
30.5692369246
176.6504406011
398.9654689857
322744.7141092690
41.5215040499
16861.4913131498
33.6845158554
2442.9996441814
3552.9074153403
90.5359210733
30.8888352783
358.4412952868
180.0895992065
280.1518525981
26.2328594475
1159.4366182939
1002864.2320237048
11745.0951590910
793.8695311110
4363.3780785168
40.0944968732
40.3676623617
44.7714981714
363.7496421992
39.2272975557
139.3585867688
26.8481829825
1061.1774801225
72.1055204627
849.4529097585
86.7692530297
159.9179543230
580.9214134720
706.3176565990
2979.7371742446
516714.5225973461
424.7975931662
78.4921553201
5242.7263103866
432.6658126403
98626.8317573224
31.2741242487
37.3954702220
134819.7085457750
2757.1588869290
522.0661257859
33.7582806666
117680.7899760659
1823.4215501990
28.3311846684
7330.0713582455
3264.0503185339
662.5667795981
414.8766279436
45.8675165246
496.4086707302
273.7317475463
52.6492845452
299.1063433929
18525.6478361640
46.0143314513
62.5068254745
147.2486192647
204.1993797969
163.8560826778
430.4309259250
40.3321309110
86.3258671026
285.8407461094
72.2232111039
250.4766779225
476.6226197094
716.2051276389
11424.1804351052
678.7688010258
159.2719809156
39360.0902998718
27.3533270332
153.3249474182
46.0920537630
61194.3660230157
33.2988214244
123.2648046302
44.1225292252
2198.8082665630
606.8105633618
42.8414503884
40.3189234874
5266.6498982623
1911.8964365443
121.1474165430
2358.0319196429
46.9208002142
9290.7740716518
253.9166227044
1152.5953089314
65.9233743256
43.1398625905
4160.0587989795
55979.6649405687
98.5179913998
78.0076028179
33.0382963113
131.6044378202
3941.2789993390
10277.6845368790
24.9952425282
38.3830017324
4157.3537235032
18876.3613729513
119.1546206661
45.6452053991
396.9725423301
73.1629180331
90.3794290744
73.7696662085
7212.9203805219
1068.7903004966
658.3263952805
466.2279780828
152.9041601397
1220.7956558612
36.1677124526
8450.4867581391
64.9166874668
305.8247568858
35.8057606169
529.1531642924
979.0858728169
1499.0029558590
49.1751402293
1169.0113958747
634.5495804095
61.4624922167
263.7732835194
10197.9630952469
362338.3925743194
107.2038787240
40.7877347977
66.5925255560
149.4993943768
548880.9984343385
24682.2910808835
57.9198595035
509.5985641097
348.7063461882
13320.6125010208
83.9458214426
160.1727924619
