2 -256908843/24912259 257033104/24909701
2 -271982119/16696754 815860887/50095666
0
-1
1 0/1
2 -1/1 -499/500
0
0
2 -75/478 -167/5789
2 -4061/11747 259/8565
2 -1786/6019 -121/2729
2 285/20242 7495/21082
0
2 -7/626 25/1258
2 -193/22179 7313/22473
2 13/19881 3653/25503
2 -583/4971 -51/2095
0
2 -3249/11377 232/7799
2 -4346/11863 -150/5519
2 -2026/24137 336/3461
2 -368/6905 140/6649
0
0
0
0
0
0
0
2 305/7427 4013/8907
0
2 -922/19659 9408/20495
2 273/18730 3765/20464
2 -224/341 119/3845
2 -11/280 -2/1209
2 -78/859 236/2337
2 -282/17227 4776/11141
2 -4479/26591 251/23925
0
0
2 -3637/25656 1127/21270
0
2 -702/15787 932/10389
2 -139/3603 19/401
2 -1747/7183 787/3923
2 423/16592 4815/10348
2 -2957/6784 5/92
2 -1090/4591 500/11011
2 -250/1273 1034/9653
0
