21 4213.3472850095 0.0101298451
4213.3472850095
543.7520661183
535.5346738200
372.2142733740
292.9146407440
184.4793379728
118.8198877874
67.2667580268
62.3159794858
49.3335759630
22.8708026088
20.7988445378
18.6116756642
15.7199026793
12.4965555604
12.2702380952
10.8288333575
9.6726190476
1.7955665025
1.5680664969
543.7520661183
15.7199026793
67.2667580268
292.9146407440
20.7988445378
22.8708026088
535.5346738200
49.3335759630
184.4793379728
372.2142733740
18.6116756642
4213.3472850095
118.8198877874
62.3159794858
