28 245.3292244479 0.0609668969
245.3292244479
40.2569105691
24.7124565862
24.4104675333
17.3622903412
14.1081740277
13.6642572802
13.6387232152
10.8043917435
8.7647880764
8.0398954704
7.2576005230
7.0687374722
6.1320829156
5.2696986853
4.9109060792
4.4036941005
3.7428160458
1.9151803534
1.2288037166
13.6387232152
7.0687374722
4.4036941005
4.9109060792
245.3292244479
40.2569105691
3.7428160458
10.8043917435
14.1081740277
7.2576005230
24.4104675333
13.6642572802
5.2696986853
17.3622903412
6.1320829156
8.7647880764
24.7124565862
8.0398954704
