28 3944.3997675177 0.0299099676
3944.3997675177
428.7566916417
421.5823388825
393.0830316691
194.4580197930
180.0711497877
127.0829051133
96.3254111769
64.2267203097
43.2929489299
42.8301438031
34.9383236209
30.1003083474
29.7606543903
19.7667563685
17.0821643481
15.2985117962
11.0273424567
8.9730619718
4.3108330701
127.0829051133
19.7667563685
421.5823388825
42.8301438031
393.0830316691
15.2985117962
428.7566916417
11.0273424567
17.0821643481
180.0711497877
96.3254111769
43.2929489299
29.7606543903
3944.3997675177
34.9383236209
64.2267203097
194.4580197930
30.1003083474
