170 2070.8388137864 0.0007193831
2070.8388137864
1190.2397841608
265.4743589744
247.5312500000
118.0071428571
109.6416440217
72.6159673660
60.1828125000
56.6785714286
53.3333333333
44.8583559783
31.6317460317
30.2343750000
24.4273897059
20.2430555556
19.9152046784
19.2000000000
18.6666666667
16.5288874975
14.7901128201
53.3333333333
1.7939846157
1.9030534915
6.0309919044
3.1506628788
2.9121212121
5.6804915515
1.0065993789
31.6317460317
1.2739914088
1.0077175322
14.5354005045
1.6334354180
9.0000000000
44.8583559783
11.0144439455
30.2343750000
18.6666666667
5.9090909091
2.8462121212
3.7343063444
12.9305916306
16.5288874975
2.4923999222
14.2316697192
8.6712349328
5.6993182234
1.6642112789
1.3443223443
1.6624542125
20.2430555556
13.9928924710
19.2000000000
7.1140109890
56.6785714286
19.9152046784
2.0847953216
1.0869565217
8.8838994025
1.2763252925
6.0082417582
1.7941755335
72.6159673660
14.7901128201
6.7450000000
3.1153846154
109.6416440217
1.2238451848
7.5235966103
1.7979057141
6.9079761680
3.4380128205
10.3989915966
2.4745416876
4.6195076953
118.0071428571
1.7546509764
2.0089285714
4.5797101449
10.3984848485
6.8125000000
5.7335586549
12.4805194805
6.9444444444
5.3408509098
2070.8388137864
2.6169864037
12.6730625915
1.0888888889
2.4134615385
1.0852752294
13.6943423598
7.1111111111
7.1436341422
2.9149759493
4.3225077542
1.3248707584
247.5312500000
6.0082009820
4.1201923077
6.1030581040
6.7020454575
4.5631868132
1190.2397841608
5.9206738544
4.1152433765
4.5376095119
2.5282760947
265.4743589744
60.1828125000
6.9609921978
5.9631410256
24.4273897059
5.8909370200
2.5000000000
