170 3619.0791527313 0.0074185347
3619.0791527313
1669.0718291275
1621.6666666667
1488.0723404255
1273.0802338178
1088.4600000000
961.0000000000
960.6418978912
901.2987064425
877.5004807692
857.7358870689
783.3726216849
698.7500000000
502.5000000000
465.0994590680
430.7086560508
337.9536998328
317.7261645617
290.3763478461
212.3457070707
159.0555601526
9.5802777495
10.2060107031
783.3726216849
9.6073550442
83.4977385454
25.6611694991
1088.4600000000
176.1496655518
30.8333333333
21.3681860529
10.0149409279
14.5406676990
22.0716077016
502.5000000000
698.7500000000
18.3257341921
23.1673638990
42.6084195832
104.6185314685
41.9443951162
65.6749235474
1488.0723404255
24.3836734694
42.5378545736
12.1395348837
106.1253429615
22.0756140870
121.8483949185
1669.0718291275
960.6418978912
44.0314163049
31.6335695865
10.7722015963
14.0273465292
15.3361149075
48.8566590126
15.1961597976
17.8526021210
18.2738544610
1273.0802338178
63.9444460345
212.3457070707
25.5503420592
64.8375307125
33.6149994900
17.9134661523
31.5322253381
19.6517581138
1621.6666666667
89.2669162527
14.5257427757
46.7682737315
877.5004807692
12.9783950617
317.7261645617
17.3601261856
24.2260062390
13.4444444444
66.5434216468
9.9107386364
20.1150775276
69.2150609529
9.6503564526
108.6331559174
17.5387596899
19.0470939876
9.7892819836
857.7358870689
3619.0791527313
24.6359948389
337.9536998328
430.7086560508
32.5000000000
14.2044303348
465.0994590680
20.8663265306
15.6925196621
52.9622001539
21.2596171687
41.4857142857
10.4892501411
12.5369464429
290.3763478461
27.4361841102
44.0956864564
24.7727272727
961.0000000000
56.5761164879
14.4124383011
127.2948418634
24.6666666667
11.2797729988
20.9219889737
901.2987064425
