171 7768421.0310175177 0.1688417111
7768421.0310175177
221740.5484249002
140736.3954013227
127449.6174304891
117918.3397013076
109633.4941401703
108360.0922835650
71216.6117438140
56990.8082966285
48039.0746196592
46646.7931939890
29506.7018710302
26529.8556268388
22600.8639438181
16975.2599279503
13806.9278826031
12795.2465754004
11482.5935995119
11269.9149459894
9655.0276164527
7202.7531606910
6683.9274781441
16975.2599279503
71216.6117438140
922.5142222997
1270.1445859173
1275.6699136488
1984.7562975979
2661.5414438629
1433.2547821043
1330.0504450059
4403.4713427943
2298.5288856142
859.5419604907
925.3331528755
8550.2660098891
6086.2185931862
7170.9881142504
3754.3763519862
46646.7931939890
1328.6408288533
3082.5399457948
3198.6303857565
1913.2745287469
7956.6280139120
5329.7303010352
1125.2027926395
12795.2465754004
3007.4894040066
6846.8668426993
2022.9442052960
1722.6312634608
1912.0620387754
2246.6843023892
3503.1838117506
7238.5050458156
5352.0596123481
831.4157615915
48039.0746196592
1757.9771617182
7768421.0310175177
13806.9278826031
11482.5935995119
117918.3397013076
5836.9773051234
22600.8639438181
872.7669658838
56990.8082966285
8320.9203895154
109633.4941401703
9612.8732679218
1033.1004802722
4040.2237196919
1221.7377894458
3439.8185881758
108360.0922835650
2664.7078404460
3816.4051848460
9655.0276164527
4226.9034560136
4516.6520090170
2127.5858512441
2166.6761400320
8680.5961995885
127449.6174304891
3205.7581844774
140736.3954013227
9543.4652434402
1181.4984400814
1366.9660196683
1545.8421411762
1123.9541894829
5737.4641144687
1224.4909700986
1615.3535618445
26529.8556268388
5131.8332167075
1071.9583262914
1020.9289553397
29506.7018710302
5493.1410953133
842.4860101204
9646.6828286166
6634.0189704934
8569.8121370473
1583.1511829133
11269.9149459894
1163.0404633589
3512.7849221440
7892.0955258360
1448.1960375222
1167.4560685616
221740.5484249002
7264.0164048442
925.0204260574
