1175 36360.5694574534 0.0000000227
36360.5694574534
35606.9887820513
14275.5830769931
8155.2569996732
6369.7961538462
5124.9247839933
4848.6812240048
3408.7898247710
2839.4126082442
2733.2050977183
2447.4250161603
2302.6153005464
2049.2148440043
1837.5440777972
1783.7752444836
1646.0416666667
1408.0000000000
1270.1399793425
1134.8846983687
1107.5909090909
1.5329084971
2.4203576130
4.5450686333
1.5467091007
5.3332630068
22.1320543752
14.8169674831
166.9968777295
4.3385339520
289.6734317544
2.3837595257
2.8435771059
52.7547430830
1.3815063544
3.6666666667
13.0971315096
3.6515431351
6.9266300924
6.4759422258
1.9881940848
1.3494133827
393.8299305556
20.4789478302
4.3441289031
53.5945060329
2.7621518568
1.3614383158
5.3267060972
9.6333333333
1.9765137205
68.1339171218
5.0164048232
1.8988964051
1.8940843278
2.1679492881
6.4992304102
9.3132756127
1.4585049449
4.8660830899
48.5412004485
2.1453414277
2.5244264054
18.4641143374
2.7732418309
15.8878253669
3.7880479208
84.4643503403
33.6117644098
354.1755638747
6.1919890485
126.8192255157
6.2761000532
3.5425936264
2.9327336243
39.2715122260
2.5394261242
3.8229210406
91.8992641154
1.5089713617
4.9222589799
3.5291778319
15.1829239694
2.1845304004
5.3772502948
12.7260302141
5.5955022929
7.0685205809
676.7624223602
3.9993074773
140.9851356142
1.0858211159
2.0565801937
5.4063645475
5.3713243099
1.6251926101
6.5614183664
1.4694500596
4.5923295455
10.5856384864
34.5814582930
3.5510795595
99.2628057126
1.3161305758
8155.2569996732
1.2571287932
9.0629491282
1.1698416715
11.0337007329
1.3294923965
14.3601120448
69.8514818515
1.8314579587
11.9315841230
2.9407161510
24.8461239453
5.6640637792
106.2935533140
3.9286607987
8.2813426330
1.2996831797
2.2558182626
1.1058758690
1.1862745098
80.7680139086
366.6558163603
28.6154927079
27.1429093567
1.7308811864
4.9113337321
18.3684094779
132.4398706484
3.4642003898
22.2785923237
30.2794335235
2.0846692196
9.1590302846
6.0274228474
732.1333333333
67.3925564094
538.9469060351
57.8600622839
207.6653189845
1.6031898059
2.8784337111
65.5925794635
6.1920595533
3.6893896713
109.8318750000
14.8849112223
1.2664970398
5.8651016622
1027.6055194805
1.1750476190
2.6939872287
117.2162068212
63.6310993012
6.4875800732
9.1428571429
2.3070812553
17.0845417231
43.4914209122
298.7113758125
2.8523402513
446.1597168514
2.9577100568
3.1506169201
2.4312197580
2.7302433219
3.3750000000
10.8697499984
1.6641009203
3.9465702340
12.7625115312
3.1731476116
8.0042711724
3.5045219271
22.3485273509
84.1137774677
5.7476853819
2.0536811064
3.1389457406
24.5095037225
3.1033354249
5124.9247839933
3.2643929353
2.5732006141
4.4301685892
1.2140671963
110.4679639050
3.6257166888
1.1607409654
10.8892658656
1.6216315981
2.7112412718
1.3637733857
141.8020416313
3.9819999461
11.1344378560
1.5223271773
219.7102198133
13.7194476819
2.2394750625
244.4143478430
23.3249315390
3.7339338316
3.7429206611
2.4859730898
1.4200626959
803.4172467821
144.5477480965
107.9255360542
4.6724875967
2839.4126082442
4.3002918725
4.5862717645
88.2358471763
30.3341057545
4.5526050511
13.8085103734
2.8715736704
26.0780464217
143.8629046853
4.1996253174
329.8565751052
9.7170680830
5.7304600419
71.6841499994
10.6115027639
1.8722033518
4848.6812240048
4.4389204545
1.6434543717
1408.0000000000
3.0199810738
1.3567457077
1270.1399793425
5.1322158297
8.9862488282
4.9484058988
3.1062164993
6.3241555058
3.5156584901
4.1808064471
1.1855663416
17.4505630631
1.5887681612
4.6922875076
2.3931058002
3.9767316986
2.4251688415
20.5444444444
1.5932093923
162.4386921089
4.3509457004
7.8763174367
214.1008085725
28.5358317655
16.6027021878
1.4790409240
1646.0416666667
327.4266168106
4.0535443583
1.4488368736
2.0472075728
7.0396806212
1.3948619864
16.2453635204
1.8051653713
1.9654150829
12.8000000000
1.3546340524
9.2352024418
581.5809523810
2.3343242780
2.7555632811
1.5964274684
19.2755196560
7.4118573540
46.4173001579
2.3100472829
6.0289300033
741.3428571429
15.8794760200
285.1701213836
6.5754347386
75.9264990329
120.4987295804
3.9906973293
11.8258585164
24.6416535777
126.7399286738
62.3894110276
54.8781240839
3.3657109728
1.4806278151
14.9645635984
2.8951961891
9.8686208806
98.4549476586
2.2656432220
23.6348107673
1.4667295071
1.7155194191
1.2842269976
1.2667839059
6369.7961538462
1.9908282642
2.9974103592
4.0724130700
1.6605175736
2.0432642750
3.8153503903
9.7912087912
35.4084809055
1.5590096966
101.2999202693
18.2529840144
180.5278547787
10.4044541847
3.0944741533
28.2111201945
3.0991464353
28.6749294860
23.7038846133
4.4079068873
9.0403453861
1.1456173714
2.6865263531
654.2833303129
9.6437956414
11.5263196675
4.2798465946
66.3003629501
18.7545787546
2.6660457786
8.2109589514
2.7683559037
1.3859904059
9.6715704747
21.0718223296
6.1466149136
259.2119359567
6.3281250000
28.7305726553
17.7347636438
2.1767703633
2.7395496749
1107.5909090909
61.3533965926
5.4489717473
1.1940745908
5.4494455813
2.3359616553
9.5094810747
45.7000000000
2.7887997862
1.7002693626
2.4303846444
2.2000232199
42.3857687339
2.9434276205
2.4244903278
2.8544219381
7.6900926752
3.5778093082
4.6272537540
2.9065613258
1.4321398360
71.2391839235
4.3361287266
33.9639635032
4.2667353312
1.8074519415
8.5194721689
4.5447396621
2.0671782053
2.1367141133
3408.7898247710
4.0249668525
4.6190652590
1.7204111838
2.7834715964
7.0324277874
2.2716342748
4.6425921834
2049.2148440043
1.8987697679
1.1812947297
2.6566818400
1.1352080183
17.9271074879
126.3095830015
12.5306777461
523.7236842105
4.3462246550
3.6608859840
14.7847688155
4.1036650588
24.0061049400
3.7178362210
3.2895835599
1.4079949933
2.6370561854
1.7864942652
3.4071513549
552.5372579801
114.3145622873
1.0852114573
4.5566519436
1.7489312877
4.4000127322
9.0752678966
1.0970573040
49.7858819008
2.3539095622
79.5272727273
2.7464371517
1.1497273747
46.0654103116
2.7565211779
4.0010560225
3.5104927007
85.2286705484
44.5023997741
9.0750148187
2733.2050977183
9.0478798348
2.9513686530
2.1884127546
1.3206196205
8.7433394664
639.6952215850
7.8844221286
2.3841984604
3.6460901036
17.7278138528
4.1301778396
5.2650223396
1.9527569928
1.1455056228
5.0140941114
16.1612646878
72.7517369727
8.0258452000
35.5362146051
37.0219524950
2.1261895434
11.1917273121
2.9862579051
2.0831692109
2.2209475832
90.4177427221
10.1295031592
1.3717441987
22.4530779533
4.1380906769
73.5820891352
1.3757908669
1.6451481616
35606.9887820513
1.3486748686
1.0842016049
33.3911047405
2.3772332909
5.1350725298
1.1690497934
1134.8846983687
1.3543337393
1.6908926442
1.1991637332
12.2468851443
56.8903901595
3.4235422433
113.8394098714
7.9907726932
36.6381818182
1783.7752444836
9.4697072839
40.6187333436
415.1029411765
1.6264418619
1.4899994069
14.0454085784
5.3012746534
2.9825425811
1.6038453626
1.1542981586
5.0693657578
2.7626572606
7.0852206614
2.4646826927
18.7566426663
2.5309475807
5.9104298083
3.1785907832
6.7897310018
4.9144505087
52.3666980545
1.3136140443
22.3715079547
8.0298165638
13.9020714350
2.5002887700
1.8180371836
1.2365398446
1.6827063803
1.5234965297
1.2051780550
5.3605932903
3.7555175306
3.5174503572
2447.4250161603
36360.5694574534
10.0000000000
3.1961484537
1.6364383279
2.3017783414
45.1058043033
3.9684297576
5.5591080859
6.7426274392
2.0778592103
3.8473756778
131.6668214289
2.7646992182
7.0244942158
15.9973349382
1.4860414066
7.8226246680
4.3644619123
3.8912775495
1.3054933357
5.1097414733
2.6294138447
42.0344249069
23.3011339281
3.1130788782
5.2284410126
6.5146807297
17.1253319360
10.0534349838
1837.5440777972
1.2696595573
2.1642201986
23.3579268293
62.0407733813
14275.5830769931
99.6319147535
3.3832322793
1.1359146343
2.3153291225
24.6584214858
1.7901198035
5.6013808238
94.7611207898
128.0000000000
2.3529778610
36.4558862105
6.3726078067
7.3629685726
1.1795914268
10.2620054059
1.5557306831
1.0992394361
14.5048858456
167.4106562703
6.0307744108
8.3271195134
6.9712615495
9.5360898616
25.9922231604
15.4405728837
304.7178821179
2.0119945291
2302.6153005464
4.0614733971
82.9218426501
25.2763658923
4.5952110407
35.4740734141
331.7623572239
14.7581879858
1.3654180602
462.1411021814
2.5149277859
1.6823717840
18.2357260163
2.9863044956
1.1335714286
11.0827702703
7.8853475936
28.0110451774
68.5626236288
3.8643290444
1.3352266322
5.1583642801
5.4718999007
4.1355140187
6.1179194111
7.4463696370
226.9000707603
102.8658711664
1.2890871516
4.0453642072
2.2342863115
1.3226670779
1.5853611190
16.1754385965
6.9454274436
4.9748880623
23.4266007667
1.1254524719
23.0084670636
2.5352881009
66.0900000000
5.4025368145
1.1155520093
1.1659944388
1.3084455802
4.5384900948
2.4144691645
1.3573098234
7.7969507970
34.4382599581
3.4580519000
3.7472597634
61.6702945322
10.5568527494
40.3699678597
9.9860800060
9.5635639977
1.1848361901
