1176 43305717.5281009451 0.0035049739
43305717.5281009451
28753330.2213722616
5673110.9835915370
5322302.6275630081
4843715.8257527016
4628633.1881020619
2532593.0487666540
2138936.2214481737
2126546.9455875345
2035371.6584791366
1896328.1751770505
1594755.4678176525
1378572.7700216295
1174816.1191789773
846451.5020677513
699394.3963979286
498850.8317439856
389848.6185319968
372955.2104521236
359976.1029025949
849.4564830582
19431.8714599619
3249.9299279260
471.7907136397
359976.1029025949
1245.0107095429
1859.2369084203
274.3180725761
93721.1318050061
1507.3315006142
320.9784491512
413.0964487697
780.6584792420
521.4043055845
13231.6712371376
719.1574028085
1083.0904290130
1341.2729339684
824.1595222360
943.0682917911
4315.2274553064
3572.2667156811
292.3101643792
894.6408286065
5705.6457613227
478.1370445354
1060.0892963273
4240.1450656716
317.9791699691
43305717.5281009451
1029.7721845597
2864.1593273894
4439.9401263528
5168.0604970053
1220.9766724627
397.0605825052
830.4677420878
193401.9389894955
1667.3980554643
461.1881024313
688.9209221757
3811.6881301547
5162.5767177110
277.3855065672
710.4215252961
3003.6486471752
542.6486396154
403.8468866052
5673110.9835915370
338.9082684635
1896328.1751770505
37903.2395907086
55050.9901560727
470.4838734131
1402.8266628037
648.6299523442
10389.1099564374
1841.8392302312
365.7055568329
790.9989763461
21406.5001088393
848.1247592925
432.6157454446
1870.4129186987
470.3429094550
427.1320680336
284463.8007119338
293.8096547346
1479.0737595019
1311.0108386877
72125.2851118744
1050.1739626311
634.9571061382
901.0956965902
4192.7527995963
13296.4991831633
2736.4747166505
308.4157835018
864.6504138314
3209.1642970094
5954.1041380955
1107.5642854584
305.9378159955
447.5483276901
3288.5196027339
1193.9095755349
483.2252338331
465.9414290359
761.5469685784
438.3382010626
1102.6683008063
1118.5083969991
491.3465170589
2453.5390102856
529.5320743020
1942.3724089544
26990.3647772583
762.2630947158
372955.2104521236
1537.3559377510
647.5644092495
6716.2770153692
7164.5097020647
5201.0521779689
18493.4343421290
699394.3963979286
3738.1955018425
1754.1407524083
787.7112934831
303.2335542634
1337.8610961877
87873.9897059893
235361.8997736934
1197.4694582075
337.5862137519
12252.6668966673
26769.9410550507
802.9856466730
302.3535734684
554.3630588970
265.4184636641
727.3996638283
3347.0778954022
327.4836533572
966.8167591237
1203.6802939246
797.0151563602
1083.7694938620
20710.3669942471
28231.2318077880
16246.2401845104
256.2096594419
924.9513670629
694.6515726379
395.5930967008
898.9058675948
641.2350642727
1750.0599899824
435.3620248852
266.3546968462
25642.1245755109
26966.0593707472
1567.9575774566
1699.6570305919
481.3289689480
730.8151957797
719.6838578876
3671.2293480541
542.6438931417
427.7546567554
382.7833622787
7458.1999183888
461.7509508442
619.8171374472
400.6896501283
599.9325517416
1872.9075836163
1795.4609259237
2815.8633152437
511.1996560269
1289.8148620783
347.5030462990
1877.9971932864
5781.8903487589
1787.8500776331
13207.6125842643
1182.5311279643
328.7830994534
96649.6380884682
231872.4199040388
481.6059934209
372.4756263212
401.9502498454
288.0152474049
43339.3467830326
765.5163243786
694.6355999578
486.1341113414
347.9313016878
3069.9587615633
5617.4046255892
89361.3891707323
240527.9031108868
14494.3120090261
1985.9680089998
5497.9591531969
560.1997467814
88373.6093540387
412.1760633426
401.7367626577
252092.0862672720
28753330.2213722616
651.1472070772
5843.6396701537
7344.0557878649
5090.6535398173
1697.3363490248
400.1983933037
468.0828206298
405.0410350423
945.3665601293
3486.5186538220
271.9695271783
1378572.7700216295
7927.4670352724
1623.8019653652
375.6663189907
1805.5830085152
565.5446040613
802.8752801314
15250.3691354482
1495.5766160494
534.5563956085
846451.5020677513
2555.0823745571
169972.5958819413
905.7833705260
8514.7082332916
617.8923822037
810.5507759326
509.4548150246
411.0644718816
2138936.2214481737
3961.8482083119
2158.2965791727
30731.4828980400
509.3711573353
540.5821874092
935.0468793198
4842.9384997126
843.9251536922
356.4011708242
621.4076704655
1666.7586871118
1130.0288695569
21489.9477981747
2532593.0487666540
476.4589957017
524.7023712039
53366.2725877157
8281.0843897826
115432.9239510692
21263.4031790593
855.8488326566
12662.8843333560
34540.1078501246
27692.8913913069
1627.6717208307
355.6213068694
494.4441715436
345.4218203963
408.0595011588
529.1648988933
1811.1399160668
120447.1670801391
2630.0030876475
9580.8995545966
144555.6677136033
1232.9137294832
872.6773459281
593.7134783455
10718.6133926242
371.9762447594
753.3651270957
6268.8191944899
18141.3362669277
8150.5546512012
5322302.6275630081
14391.2176357080
4628633.1881020619
610.2557523120
1552.6493663004
510.1766366988
1419.5422149957
260.3136983410
539.9407530399
74068.6907621976
1594755.4678176525
905.1605838329
14322.8328745290
32356.0573492139
2038.1394910176
9887.1488360236
977.7958723740
2653.2596300819
1936.2133907781
248471.1725117530
956.6782139551
566.1758829779
2002.4947029160
2126546.9455875345
41957.8021881938
1512.1192714795
790.0336898193
934.9344685385
1745.9378825728
5106.5162515206
3913.7195822696
1529.7030465675
324.6992173416
1003.8066791827
681.4122084047
270306.7244553881
498.3359006755
389848.6185319968
44895.2049036449
28110.2716448112
314.5307035830
2414.9643214806
2158.8295175101
2077.8282869402
387.2300254481
429.5863859379
19166.7350083517
383.8078942231
80144.1832319163
1313.7653876846
560.8735876493
465.0475545195
318.9615138972
4334.8378507162
4244.8286591416
1026.3713200621
542.6444227031
289.0268274537
1235.3643116929
286.9310862871
10662.9220472320
1364.5216923740
2270.6449702306
274.4159059449
5006.9165455828
5772.1244709476
461.2790200834
1288.3034331868
508.7117771172
69398.7952964641
37891.0397555494
1183.4080682254
679.6136615164
1729.0174754075
340.7276951653
790.7486970679
5465.9656733358
4554.5992090836
346.9684460570
5163.2893108202
5476.7268874257
8438.0115358801
463.6944183590
94731.4261097141
2375.7213636116
4687.2028411667
7477.2442889406
156516.1282562227
8904.3267550592
255.6577599088
2785.1711017281
2463.5683189974
15614.2590274764
1302.0611971417
415.8273613790
11904.5594697746
4095.5312547794
256.6980330163
654.9552984764
16129.1221352656
32718.1092867215
47149.2393113757
39407.5152463457
990.4716974700
675.2245824534
671.1996389107
155585.0780122975
577.7662115810
582.8863110677
22532.4398965635
13943.6538358101
18345.1420302004
356.0776885919
1334.1002246274
93782.4161730972
6036.4516414040
308.0154886165
378.3760209514
56903.9863758171
491.8922157372
75771.9091606699
300981.6642585283
7974.1504577744
981.3738743635
2495.8016022491
1739.9049262533
9655.3226536456
2806.6022894372
1909.6756033144
471.1278005724
41017.8988594691
808.2269958031
3352.7947685435
266.4674967570
1171.9699239436
306.5610419995
1874.1525730110
769.5539914189
1496.0022816015
3462.7339016561
459.0260414969
951.1416668952
279.9297002136
344.7722375624
282.1414684074
6434.0830894099
19629.3777016340
1428.3154843530
1539.6303474619
1446.4722109004
77420.4092586399
2857.6048066066
494.6925165514
8857.8352894346
6661.0765031632
1876.7832054853
774.2403819573
9217.9835281371
7598.6985997595
857.7321959014
3189.7527600972
607.0347254368
498850.8317439856
762.2320794157
967.5799894603
363.5593945727
1314.8646590941
496.4287874679
1557.0663683512
326.7434987102
334.5199163116
473.1775728710
880.4078172298
8115.5449717903
772.3374063776
312.9960731200
375.8742241377
2582.0159230863
5338.8530120127
152204.6632665359
385.5188599765
287.4126163436
424.2555364516
1056.3243424232
520.3844828046
48160.8121230753
1125.2162475322
324.5125254899
254.4271813461
488.7049978718
416.5951764346
2262.9742632280
1515.7548542579
294.7913130720
337.7921857355
993.5670542016
392.4989960763
708.4042499241
44817.0369298754
305.4649488488
1632.4349793698
727.5996358826
4843715.8257527016
5119.2776829158
5010.7354854454
1018.5956693944
883.6011639872
1856.0517218248
19379.2953821023
2153.6063182037
2769.2773607276
5755.9308590404
2035371.6584791366
355.2481623417
15588.3603347015
1413.9439065311
1543.2362077718
3656.7846576006
351.8513678926
275.4096999791
514.8227729251
3236.4703398588
298.8567906362
10833.2138524480
33482.9713866828
15638.7267821846
1174816.1191789773
269.8040674262
12050.9068817202
7531.2415020258
12042.2335450231
1658.6534899717
71041.5580694194
398.7503080972
4336.4688926007
2193.9567150919
530.2394034023
10221.6346825888
15672.3308491028
356.1704342386
449.0204245874
92334.4219212252
911.7363005001
283.2313798334
514.1369152282
381.3712176285
5455.1726104291
14326.3781001676
732.4947242499
2850.5907301860
23061.9691108561
52340.6412030925
1848.0161818362
727.9740914671
682.6108578863
257.6763340549
6585.9357765552
6649.4684415318
759.4414835287
379.9239049345
288.1710125098
1516.2554352225
776.5312035050
2295.3394299851
4967.6027991808
455.7842381375
64168.1926364199
3457.3668219705
395.0026501789
110281.3890470666
3942.0960004732
201869.1236087963
1275.3553114937
429.8701256803
1848.3603089133
1519.7409537097
1368.4276044735
408.4294332329
569.0718828418
1060.3529378719
316.2818710283
321.8112125800
1214.1988640773
1278.8491587012
18976.4898687053
1679.7395137555
14311.6379310298
2111.9234659372
2337.9023500168
1278.6348682013
984.8532797027
4901.6338823757
2714.5947634191
1049.7050346200
2854.7920043809
23781.6847684636
1058.3077687042
142662.7436286626
6690.8590379710
33958.6386922325
1899.5668529896
318.1495465565
1272.6085922806
5252.8265285419
871.8344565323
1020.3723839745
497.1770230767
1412.5681560673
1704.3708267751
4458.8899493971
357.4414242323
362.8107009780
2263.7272582026
1333.2899987064
1131.0068551010
456.9043063845
363.3725621148
30242.7607455215
10272.4594639299
83539.1198109420
2140.5417834900
265.5655817719
363.4734586471
787.5540960835
2115.9727785279
2803.3532128912
364.5631557877
2830.1966539619
424.8284730478
6134.0926129551
2394.4476944383
1540.8872034218
4864.7900398112
301.4896529899
37416.8432168403
3936.6529620869
844.6357664769
1522.4397893049
1276.7196143536
528.1999902765
44459.6316013580
9409.9260356601
703.8065160722
9315.7335531081
13094.3793066147
