1176 25693884.1492039040 0.0005909765
25693884.1492039040
12897188.8374510463
11869887.2434757929
11414959.9580232538
10073901.9961713124
7730587.3835057747
7093707.1550898235
6151330.3858826580
4770740.0036060223
4301628.0811859732
4089432.5403648266
3910833.6313373065
3193830.2568235770
2998239.0307779755
2992871.7552798232
2836653.5983170127
2784618.4255013396
2631421.0289969062
2264975.0410148967
2068191.7859021381
12643.8034867197
871436.6444213889
9207.9670540119
93183.8005103117
11375.0229318410
74410.6983748608
31814.9465354358
28179.9688806035
959.2783339179
2414.2700927789
11139.3497852908
14195.0735659743
1343.4303855676
1856.2089603306
1048.1288746852
3494.6796920300
7074.6630814774
4236.6646545615
1098.8164945933
13212.1492208810
8615.3616496927
141320.4672840328
9091.7943575503
5484.3853157261
1434.2601774780
22562.0033349741
931.8552401181
23836.0876746544
12221.0014227896
2750.5786845367
5179.4251053972
173571.5263587480
1122.5269188176
1113.8069841695
107374.7709675006
17178.2990088880
4721.7378523386
128674.2172863004
3647.8118825969
2087.8591423794
345621.8700102186
94694.8356496473
5337.2848672257
2678.3439838447
21657.4267160356
17082.3394266601
2232.8945967559
2379.2209583547
11849.3206135248
1189.8445242542
107400.1809974939
7040.7913538698
18697.4732778542
154191.7607480729
8715.4431560093
1105.0532316192
7730587.3835057747
5655.4189415802
935.4575184901
5720.2486654646
917.9579328209
1303.3465533894
34325.8294063491
5509.5625334216
9663.6314266219
8856.7471959255
5478.8135871372
9190.3316442972
6972.8230520088
3945.2815444269
12833.4168887227
7972.1503219682
1250.3398011286
2998239.0307779755
52160.0568800078
8459.9147304591
1063.0791620676
16924.3281124413
2930.8463354620
7054.6106920940
24523.9923871069
6738.6296629130
940.8299541094
32727.4020478630
1760.5218462209
14672.4803608979
1012.1458165164
1215.0469660781
7958.0409838088
5222.5930953278
29128.0016705894
54464.2096360396
2662.3023776649
535077.0993771008
3970.0645195273
21171.2115747046
3910833.6313373065
3327.8201964405
1600.2986222758
5298.5081790734
6627.5864164608
1396.6174981972
5951.5511572952
5319.4491140359
11366.0639737391
5304.4084546280
2784618.4255013396
9054.7934520110
998.6182552863
1438.9235674186
15374.8472542084
258999.0687980240
7478.2912197920
8840.9364276483
1082.1555182214
51458.6110734712
358532.4008093028
800804.0540690214
4424.0914371278
3278.9569204561
7833.9248801646
1456.8732084754
13591.0756251341
1210.5401959909
18358.6505754408
3767.6893345647
2992871.7552798232
24282.4646729134
1249.4871064981
744962.4830492152
949.1591521843
4769.4579730025
5752.9482876702
4059.8146877542
1228.6063006054
471502.4468877699
4301628.0811859732
1080.1697177993
2651.0036163829
142351.5253052852
6151330.3858826580
2436.8629161937
19376.4700376014
70100.5657077120
2378.4221753875
4494.2134148083
1284.3882319087
3880.4898788357
8408.7588840712
3148.0612765940
1024.6679538208
4956.0312311450
4668.6904868907
14114.2499599438
3159.9359480811
167696.4830474506
8469.9876163151
10240.2101668684
10061.7121358650
21990.1629720593
3687.0922671603
266281.5556001855
263037.3667433788
15266.1711893604
2386.8416556243
5559.3325326196
1934.0648426190
48270.3138312545
12992.0160324395
804836.2142001502
6349.5953935163
92128.9682487435
2075.5781758346
36111.5145368395
1615.8288692261
2408.5113928518
1991.3247613561
223824.2516991262
23654.1683576347
16373.0749714907
56151.6548436088
4441.8760462705
69378.5387912931
2160.7270453776
1606.5135973258
287981.7981433205
4273.2769529035
50797.7887909613
1463362.1539123009
2148.4443349474
4541.9312355496
2631421.0289969062
3719.9125528423
2718.2747104417
1600.1356178031
96405.7106271548
1199.5132237450
3465.4082419205
50144.2524660133
1675.7403908845
30121.9225618565
58037.4338485482
2358.2294461678
1244.2687635721
8445.5581372849
16850.2893599609
2022.8124152986
5035.7838461937
1109.9929516440
125633.6380641686
409520.3083587923
1200.9481561208
2818.5751391715
1669.3654365138
1132.4721985566
3335.7686925810
2770.2078093370
4574.6773314134
2804.6841398625
1261.5128347338
994.5806357078
3142.9272031373
2804.1265399680
3289.5796726308
358940.7190035350
78697.8047030298
16517.4622679562
22763.2360596336
104273.9072291293
16503.4982512388
1789.9765827279
4770740.0036060223
7093707.1550898235
8967.6499115895
36853.5995580498
3986.4324830372
5630.9387326504
7823.5283310659
795435.1782502094
10996.6446417115
23468.0544328815
1292.9288777725
1900.5408656590
2691.6208318448
11461.4831074554
14806.8423714361
908.2420526798
11785.2239662114
4231.5543111707
1055.8195250597
1919.6274911300
962.7186382979
2550.2990872351
33897.7317815327
457240.7323919878
5726.1817950117
924.6350645093
6208.5725669469
7552.5671208408
51491.1136489630
3305.6346442050
16175.7337273090
2264975.0410148967
5162.2162710306
1857.5525014926
64877.1277750684
1228.7175532473
11826.5492516681
3488.5494753719
19141.4475193013
2327.9606152684
1596.3428790552
11414959.9580232538
5408.2315620604
1331.1977932498
27173.6763813761
3506.3611359675
14345.3012455571
3128.0291638318
941.9991838129
44209.2704765431
6595.6014861357
10751.9329027222
1584.2390567076
2557.3973417706
2416.0279027739
6998.0545430225
35241.4216859940
1087.4568007651
46052.7858204106
101997.4023520426
4641.2059172724
4690.6199578679
45854.7155306367
37460.3828086943
193305.1972858901
2586.4984337117
13420.7426671957
3539.3454621638
114413.3025757121
25076.9650378744
5362.2131442220
2071.0279206242
6535.9102009140
37703.6052232437
2381.2737987790
6367.1660116424
110130.4307158543
5716.6048572282
956.2782161063
46010.2558610996
3284.7494997710
2003.3272226541
105677.5592387309
19728.2574217079
26438.1825330564
6592.8033032553
6707.0216329427
947.1149205588
1822.6484462347
282407.5496490470
32733.9877289699
1074.0582841370
21913.5899265434
1410.9827033253
3470.2973591251
3193830.2568235770
8906.4031463934
31030.0260364699
5373.9453798250
132081.2014240188
1612.4902106304
1280.4402366761
63673.7286245470
1121.1273044252
94385.3690734531
10424.6528706346
10402.6435113849
159832.6258761988
1846.2042124015
2250.8491876197
1580.3500571674
3318.8494465292
7236.8281768165
14173.4620696963
10935.6169413216
1715.7445797626
986.1744305044
17947.4904953534
20238.0700384290
7013.7589518375
5861.3932369213
241986.0878928264
3912.5076680958
5679.6921137818
25085.6311377371
48827.5890487221
7795.7631627906
62705.0065158298
1003.3748452252
16258.7456734065
26616.0666423047
6644.7685315046
1326.8537382128
6042.4349937295
2160.2531944345
117942.8562110084
11345.8698190520
50432.0208324701
38137.8772290471
2141.2417283204
4089432.5403648266
7255.7683603986
24777.9068220113
72790.7943183443
6707.8730451547
72779.3702153814
1593.1819171111
2592.4835185874
80907.7478983159
10073901.9961713124
1235.9190914216
327646.1529126539
2290.5133400002
9180.4676283744
4981.5485688872
99085.9717924828
33855.3728405782
2763.0912963988
3785.7191471078
1587.6435657612
129013.3954691766
15349.4483087716
7423.4414278521
1708.9918589522
1308.2673871782
16907.8124826340
1930.6311016347
38910.2100374815
1361.4304838191
3012.8090237954
5317.2627574606
1253.2214549103
1254.4883457466
3593.3214632993
1571.2061479433
4434.2352525236
2470.7548475925
1977.0131205143
16540.3800987731
534344.7045353302
1373.4874689235
1439160.3895851036
14600.0234231682
184913.8702664053
1627.1521822785
1281.6639250945
10926.2435120014
1078.2251619965
1647.4749440062
240228.4837116579
8238.5298851493
1731.8753184310
2836653.5983170127
1065.1290654607
819241.8973953609
55013.8423504685
1518.3650095427
5896.0334161519
2009.4100782424
131709.2382229830
48634.6237566945
4942.6839154628
25693884.1492039040
5012.6086178749
3922.1899154287
3941.4436243748
9039.7463418030
1666.5546242718
3284.4730071158
3020.9778404529
10381.7817643395
287566.5095828527
145401.4978866272
5158.1426585612
13516.0942532326
12680.9727317077
5711.0935761160
4860.5486950323
8734.5387891244
1270.5038027953
6832.4888450596
1156.0843000667
1985.5215047543
1133.7308018208
1233.8955585259
1346.3287863397
8663.8451049076
4439.4344887778
5749.6127542584
21651.5525742301
2859.3047562579
1951.2861349789
25150.6410119296
23419.1789428601
2377.1718815203
5697.7051993155
2379.4980278062
49378.0603765076
5247.2648548806
3553.4809313821
1538.3180783611
5303.8943689883
9156.3703181643
5304.1596103620
10138.1078525572
1285.7199261728
1030.2724381495
37934.3158266436
18457.9347355230
1009.2281102013
4584.3415805945
36626.7403374216
5355.6629213673
1109.5288174764
19526.1647544117
4649.4486914173
74035.2828118963
4859.6150501890
88590.3137034336
644414.1291421555
2576.9824710717
1436780.8413882465
2386.0575745025
4919.1675847342
3970.9351500463
2068191.7859021381
4604.0326529715
1641.8627115399
11475.7094778117
49489.4749965106
1880.1986722992
11228.1245645525
1189.2797470928
11869887.2434757929
47196.2064338768
75582.8642631833
18900.3658232492
2443.0743502271
6024.5490714943
3970.7321082467
1480.5684292835
2079.2696532662
2415.3170222429
10267.8122120837
1595.2689066930
2955.4851553154
1562.5313441823
16527.8587112453
1282.1622237477
1113.6554333019
4541.4853408152
8711.5817813578
1980.1206921506
20426.5572193717
12897188.8374510463
7345.8606454149
2283.6859374666
2545.8494801562
1332.4954595630
2085.6771016920
9427.9015103383
100129.8582461599
1210.8241274719
7239.8017156076
72214.8719769967
4455.7576591527
11020.6429508957
26638.8115928759
937902.3969686994
1625.5332798139
1282.9107490344
12796.3238335507
6377.9554754335
8086.4391876620
555357.6508300011
1064704.9078157097
34301.6642362530
2502.0822887657
14164.4184607321
1921.5035398350
11469.1235104435
36177.4913515747
7116.6804886000
87503.0276681787
12276.9183010759
1174.7167910612
43751.4628204252
1804.7239134622
7992.1649522516
15426.1352210210
2114.6262196312
2143.9863636336
17591.4836471346
90889.1132046942
5894.0607416231
55989.1107348831
1489.0689998467
4839.3136493343
6332.9417768486
3992.9355369276
277516.6627591697
3062.0327115116
8755.6627778372
2387.4630063649
4008.1706555863
1499.5231977726
1970.0479312912
6911.4422196283
2356.7075204571
3160.3074258337
2272.9844184569
2728.0074256041
115246.1844609943
2691.0219129262
642644.8979189360
12270.9070781595
2481.3499569941
207623.1614672194
9735.4843363263
8670.4198073059
95246.4671877327
14246.5685662291
794285.2828781632
1076.5090470761
140876.2066800160
18971.6647063259
1928.9189976984
3491.7575303841
3593.2807344597
309353.8904205543
1110.3335484296
9319.7950330404
1204.7736236560
1567.9463391319
12381.3173538469
12390.8205740721
8155.0223555257
1128.7790272448
1018659.4813877473
4920.8203338004
1145.8596979436
