4850 1481211.9004003699 0.0000001712
1481211.9004003699
334107.4829047665
232943.4913434116
232114.3952328160
208560.5291005291
184762.8528500202
182458.2619047619
101438.0187850602
99078.1823525017
78881.7858333333
69356.8710790584
55021.6796685180
52722.9903435540
50581.0434192296
50542.0806780510
44405.1508896881
44239.2418904110
35563.8125394059
34805.4464285714
33987.3839983546
24.8019673951
10.1180592692
4.4114583333
3.0177554658
380.7197339245
46.6366204454
8.3569027999
5.8711822526
118.3393753557
4.6332377362
9.7695488745
3.3128678882
5.5311877690
3.3011064476
2.0220449735
1.7788901992
5.0253341309
2.4210299504
102.3395525152
1.7292917063
232943.4913434116
15.2295720096
17.3718846164
135.8803743390
54.1075287065
23.9500706706
2.2628863913
2.6123958049
31.6536422800
5.7793921097
152.2754172864
375.3846757044
13.8545763398
4634.1404357028
28.1846068844
382.9908311396
5.9106592286
1.9354069096
42.2870487065
8.1029852854
2.4153120028
1.5252799098
6.2373249351
103.6225207477
2354.6248898961
1031.0716655957
2.1673062843
4.1210923743
3.7486492542
33.9693338514
244.8870951667
5351.9491456464
693.0178571429
6.8844187474
22751.6174948240
13.6091206152
2.1783895484
1.7481112423
7.6025703377
6.4595811418
37.3972988222
6.5467648558
6.7958662386
17.6973033489
6.6472958926
47.7219252625
96.9346009334
8.9717732608
29.2454810346
158.5640453561
7.5018510462
3.5893649368
11.0279378914
4.7613021272
2.5352252731
5.5096260850
6.4875749305
2.1655248818
32.6780334379
6.3101783526
256.4493206252
2425.5687304565
9.9462737775
12.1779817173
344.2026847839
149.7845573012
33.9982627398
2415.7227643487
16.0350264950
18.9931983853
143.8203921538
1619.3990751143
1.7174867107
3.1190666322
24626.9082231282
3.5115430496
7.1007388288
7.3568358402
4.3455023784
1.6137761684
110.7083845879
96.0039467516
34805.4464285714
204.5865776076
6.9643764647
25.0381613616
1.8431103142
133.4400615033
1.6288742804
38.0705120383
8.1873563098
2.1969575580
133.1323417227
9.3743348504
14.5877650630
2.9065934066
2.6837329318
4.1944682540
2.9265156154
2.3182588900
10.3280630744
2.5938758631
5.6665812522
41.4415510872
5.1836546132
4.0956263760
2.0353118854
783.4845785242
3.1479240985
6.4943239232
2.8779345194
8.9067635513
5766.8341491575
1.8779989867
3.1650365979
13.9804780403
7272.2526452090
2.7377385251
228.0987246473
12.7163403069
1.9475324817
20.3995736055
2.1401956650
12.7865341442
1.9499057759
448.9130126518
10.3095016161
3.1525630835
3.7893806529
6.5392867617
336.2349012642
186.0600476859
16.5577761350
23.0813301118
27.0628395117
67.9940144256
141.7860210072
6.7596469754
22.9262543742
4.2726274637
6.6727112340
3.2853866075
457.6125661198
4.9888899833
11.7950258829
3.9191244643
13.7084112038
2.0582094890
32.5580385452
47.0032831193
1.8716828859
2.5353948442
15.3629465573
2.5370585289
11720.8095172136
1.6832504695
10.1785028064
26.3797523834
5.2406361651
2.4506238205
109.7142857143
2.0604334195
34.5317566121
2.6492211344
6.1836735595
798.8618984132
22.1907120187
1.7578491900
8427.0847229657
28.4459679660
3.7604786654
1.8910615505
10.3373701862
1.5439115508
11.1258376233
76.8169377118
1.7297598215
10.5897085269
8.9260143108
687.2423318174
3.7509825296
3.0280950651
26.3105564533
9.7172198279
198.5027638324
2.8057337000
5.1046485822
10180.1012025012
7.8350311385
12.6070453837
58.7508210810
2.5182195524
104.9788378766
25.8824231124
8.3530966245
26.4988644469
2.6443018720
3.7382487320
4.8601711850
14.0953857965
21.7084021431
2144.8244041703
9.1089997319
5.4160574196
744.6807308571
97.2485445589
322.8404327248
4.4186184982
53.3542569550
26.0691782789
20.4050049106
11.3631267133
10.7207033374
11.0371585776
1.8319129852
5.4996380438
13.5645929130
1.9512205206
1.6756989221
2.1249309235
799.2934795400
8.8439238820
41.5574871553
1.9105866907
1.6638623242
7.8170644441
117.2970589389
2.0392732616
3.0392475172
1.5975936242
12.9898668463
810.8460701073
5.4675305154
334.8371006962
21.3230526176
1.8516802080
31.4433971187
4.7885521617
20.6863527231
14.2044908325
2.4378446848
35.3249129531
106.5812485914
2.9088614969
6721.2788821749
72.1277820511
2.8063932813
2.0293906375
1968.9806255724
13.8286898552
182.4924528302
183.2805767255
15.5378503138
7.9154270189
101.3648940768
1.7326752576
3.3526315789
3.7763372024
18.7731384920
17.3431730764
6.5230337129
7787.2500000000
6.7225596321
3.3724073209
319.9546056160
45.0705047877
4.4930355819
1.5686135669
12.1888522576
253.2307310538
13.7334752449
3.7908420355
3.0830548652
29.0879574910
33.7519309290
2.4406439954
1.6738572719
101.5215361893
2.5366176225
2.7673230639
32.9046458264
2.7294593282
4.5150012751
1.5833857402
6.2922196823
29.0987961131
2.9720495718
6.0879684016
3786.7398126636
11.9100060717
2.4019771867
7.7770477333
33.5185484541
14.6406722974
9.4211304960
144.9458187415
3.8277666830
17.6336425355
2.7343788624
16.7459210027
5.3032153919
5825.8661356329
429.6267216784
6.3691754760
60.5293986807
6.9129924056
927.2181199332
29.5658308745
3.4218317851
30077.1045834926
2.1969121287
4.7316602739
1.5612865124
32.7310788433
6.0318471483
6.3211635627
80.6793969683
7.0306095712
443.5458998721
4.9131967768
63.2442666713
1.7607563161
2.6907919463
58.5358847763
5.7307584435
115.3939393939
657.3139864658
12.0691227589
2.6342153423
14.8879780116
1405.8776951361
4.1072613683
12.7271993118
51.1813996698
8961.1872660593
1.6956706950
32.2761665286
73.2747133308
5203.8461302052
1.8786380655
4.8302423192
440.1228647118
5.5265949265
22.2734923617
14.8291943113
22990.1272727273
1166.3304490635
212.5623781676
3.0127287426
1.7532325225
358.6643535563
1.6325112589
32.1921313391
5.1351825300
41.2046491685
1160.3954643270
15.0132158067
63.7275636798
29.2865915493
6.4840402331
4.2725575614
22.8615926181
89.4387746669
2.3814105826
130.7005698541
10.0795428349
21.4057610387
113.4601058532
5.9183615819
18.5583763704
873.5643566028
2.1987409705
34.8295136187
1.6638204333
1.7903575197
2.6819909610
6.2990063234
95.8805728978
18.8067673294
1.6039127180
2.5361786496
19.6301342525
97.4448234093
4.3621740862
17.4620978874
6.3317795114
117.7789965605
23.7072804155
3.4018602440
13.6767957322
195.3092979367
7.4930986287
1.9122937722
25.1519043372
10834.3030303030
16.2716973999
114.1298797259
12.6620804151
8.6164805372
8.7458538265
6.6651215385
5.0711736351
52722.9903435540
5.2086023761
15.7024993173
2.2929788084
3.9322908482
5.1590369832
34.7539432316
6.5571162693
2.4609795533
90.2456382189
615.0136783241
707.2539589443
2.1170081568
53.5093356132
209.2209668086
92.1129545934
20.5113536907
18.8175027294
16084.1768118712
66.5478597767
3707.3906507843
6.1846773326
6.0228900354
1.6718259497
6.5491348914
1.8684651917
2028.3622733132
4.5335472098
48.8743673878
5.6042589996
12.1347409357
40.2702978610
9864.0000000000
1124.3052208795
47.5386831763
1.8057584776
2.9204160804
5.8000679133
36.1625842371
2.2356007213
10.1853130405
2.7049905320
33.1551903919
12.7609726006
28.4512195299
8.2107581180
6.1577270653
275.1344844343
71.9576603136
7.6293424560
110.6961263316
12.0616263958
1.5940416504
181.7181818182
2.0510643118
3.0259523233
3.8498381405
1.8931014636
16.8233329422
2.1290035001
190.2287968442
2.2078968006
744.9224405692
2.0567940045
54.4346917450
2.6197040310
169.2276327133
5223.5539194150
121.4112201196
6.4183160419
3.1969023024
119.9719494295
4.3109869110
15.0657744108
6.1761381462
6.0919769365
2165.4924744082
12.4251421535
21.0063760753
3.4329799474
2.8409484228
2.9199428109
309.3991946538
11.7217863482
209.3730612808
6.2367315614
15.5379211011
3.9916305027
8.7286865366
44.5551303517
32.2763653454
6.0243828023
1.6732812910
2.8884710534
9.5374912629
4.8601817980
8.4648730101
22.6280305634
2.2407843964
1.5616098964
5.3690447926
1.6483296073
3.5483267789
6.1034418470
192.2747333235
13.3298948630
1.8018883792
1.7302509922
17.5039616182
5.4113336554
11.6013779310
3.4449998064
1.7269812809
12.6701416881
44405.1508896881
69.8054357272
87.2779720280
7.1415072111
4.8436043508
88.5330182422
18.4674204462
8.1576874876
5.7807953583
50542.0806780510
4.8729218818
21.2354211706
14.7602431712
744.2066761364
1.6282525808
4.7678810969
1.7797430818
48.5350514286
2.8540519403
62.0461006735
117.9085490780
2.5225303847
5.8845794160
2.2879444458
1.8076458647
2.5653934891
1.6048704755
6.9573039658
2973.6213255361
6.4977346502
68.4625351399
1.6863789209
17.0072383125
11.1892813127
5.1352082778
13.5673996199
15.3546517176
2.1283965933
7.9725635785
2.2996239327
113.9638489930
62.3367972451
1.8845787364
4.3336679883
9.1971588045
55.2643341547
825.3465395364
15.5648458601
51.9578229754
123.8588124908
54.0151662848
2034.0188311688
4.0212944391
167.6752538701
49.6247006678
2.1626452126
67.7631460544
2.9876934203
104.4418333073
2.3124923377
6.1294116046
58.1950192015
4.8672386782
9.8840587935
4.9786034935
36.0161354675
4.8529151505
2301.8780168636
4.0009865307
192.6409090909
3342.9074449975
30.3340666544
1.8264453682
3.7396252551
377.4275276683
675.7064479638
5.5958108322
25.7568587425
3.4951549304
163.4547063749
4.6702075474
1.6208067244
4.6624238395
8.9501735328
35.8309930093
2.9131388027
233.8620916634
3.3549586110
20.3279616443
4.6574991286
3.1378740004
24.0997743719
162.2873599012
6.6764815997
426.9249197279
44239.2418904110
178.7935649470
5404.0387699969
273.6809890581
334107.4829047665
8.9500428967
3.4266199949
2.7786971376
123.7130826590
12.1462025993
2.1798556907
46.2907220298
196.9368145556
291.1494378699
4.6743148047
784.1336191923
15.1032031110
16.1964735900
4.1530997441
144.3972089129
128.0969882519
329.0786018634
6.8820975448
209.3057814791
10.1216911860
3420.7988828518
1507.4463726261
52.9603320344
327.2667981879
6.2199840763
5.3691114426
44.1268211913
380.2662027562
2.6245708436
3.2995756266
3947.3732543782
117.0484974072
2.3228500708
10.5707740112
2567.4235540070
22.0386094394
32.3170808917
20.3205665620
81.1454305087
11.4286382486
270.5400526017
2.4472839331
2.5306484634
6.3127929193
4.6049066093
6.9878640614
90.3026454125
4.9990584820
58.2849475076
349.8050466518
324.0514546987
1.6347520293
1.9208913662
25.6250593884
1.9075569244
1.9343721522
1.9593514554
4848.4562601814
8.8151446249
3.7120823902
3357.1090466508
23.0677708675
9.0818969900
2.9517922987
2.3801708539
56.7317453171
9170.5375350140
1.7670654141
3.4039635024
2.8201518740
222.8665773095
8.5973997723
2.3238183102
143.5074655212
171.9856780422
5.7671795491
2.7922180130
2.1064835890
6.2907020633
1.7977403706
68.4492131278
11.8301385243
4.4258138526
15.2382806005
266.3657652881
5.8972540778
153.3348835677
8.8249355231
8.9450509282
1.5247668715
39.0252148778
5.9466296324
34.0789855720
8.8943766639
182458.2619047619
17.3663521720
7.5508058902
8.9914832898
64.3153939653
229.4495726059
19.9978701766
54.5489991616
4.9770091948
1900.6198583904
8.7489998110
7.9202409175
214.2598758183
1.6832605125
2.2404262404
952.3238948551
5.4901015424
32.6541219352
3.3632685747
16732.5714285714
76.6785867382
23.2533851802
67.0570811177
3.4632376029
16.2997438132
2120.4298541648
1.7625595398
5.3094494909
1.8207688946
296.2618832656
2022.4956357569
928.5018002331
2.5673406397
36.0302465809
6.4811426023
75.2378835398
3.1131209955
10.2337777422
3.0186351522
2.6789066709
1.6477702604
12.9985735303
2.6023736231
1021.2303085374
7.3481784977
10.4284270461
14.6434593007
9.8899579940
10.6797219803
14.0327249754
7.9390987545
46.9452040272
4.5948368128
7.5234726579
6.0740753174
93.2328935932
641.6220275344
14.2669429905
5.9301948454
5.9395213722
5.4729769190
6.1950473809
16.8915337372
8.2193462284
13.1162560198
3.6916383287
45.8913464165
7.1999320878
1.9176506599
2.1785259636
1.7789169132
3.6011222419
1.9378082283
7.9627647694
5.7950070283
5.1095031117
5.8285474278
4.1642576346
8.1018492548
21.5226738470
7.1812746353
24.2608071579
3.3831498116
2.1553860357
3.2694935879
5.9669926733
4.8428043450
25.7992817839
4.5302218562
13.6271636606
2.1841109218
5.7432464472
83.9039852434
25.8486978423
321.5299670449
7.6352617026
3.6663380623
9.6206555501
3.4760494228
7.3374810729
2.0038547529
4.3688964062
10.4853513205
6.0200382330
513.0000000000
2.6337701006
7.5405848551
4.5473915434
281.6407317566
19.4784951767
47.7929706943
3.3125775381
78.0487092402
7.9579037576
29.9297739378
57.1518275920
36.4332392610
3.4598090788
2.5839264200
2.2728245320
1558.5580317371
3.1978883031
1277.0793975073
6.8000484210
5.0974716435
71.5815932319
12499.9778141757
41.5964761644
2223.5631408854
3.4824075773
439.7795919975
24.4349109049
1481211.9004003699
2.0197814064
3.5651822995
4.7015471833
156.1721792630
2747.7846153846
3190.5655169142
5.6481425779
4.3930693597
3.8370153700
3.1390221123
7.3937183296
77.6978087473
96.9262756122
1.6468966008
13.0577104770
2.4475953081
1.5742398897
2.2426240275
3.2497861334
12.2748635934
1.9381625180
1058.7091836735
14.1248946425
10.9461483007
5.1228129270
1.8658680937
624.0675403151
2.9213473159
23.7702635408
5.1261719002
8.4628945834
12.5905650385
157.5850564267
9.2925947664
19.4100817075
123.2486752922
8.7864300790
2.6076187000
7.7704913937
65.0873439412
5.0167044633
423.6123379127
2.3817746039
6.0455455566
15.5746773056
538.2646514936
10.0134474715
2.4492603662
33.4350080561
1.9895871817
5.7658667070
2.8095238095
12.4249357466
3.3779187409
3.1839096578
14.6638261301
14.5995359828
39.0591586952
218.4204481524
5.4789240201
13.4914482229
1.5648954719
2159.6933333333
2.3095952077
32.7321175767
3.4336041383
4.4314703191
4.3689356650
5.9348101091
6.0168406964
3.1695555389
257.8941420372
3.7524064007
4.2017765278
8.0719677508
55.3091822326
1424.8205738706
17.1579863422
7.7001829314
21936.9549329912
2.1293278706
16.7535538445
3.6943945850
5.7048134141
9.6561578294
2.3832836000
1.7525214637
48.0107504367
2.8574291091
2.9029317024
1.5973207477
5.2499515205
465.5228901502
129.1651557228
338.6460785022
1.8822164371
169.0433982123
1902.4458552817
389.0596425035
603.3778267552
9.9940101862
13.7139708869
5.2088622928
2.4979385342
13.9253390167
2.9698626881
2.8108738740
174.9030202875
2.9725049445
16.3957964928
1.7746869398
2.7521780122
41.1978076451
2445.5780820432
6.3855138897
7.5565702272
2.9601263167
2.1615770696
28.5494402072
5.7340453797
12.3135642152
10.0562700114
2.3366930419
1.5853979917
1.7962002149
5.2396570375
4.7406091360
16772.7984602096
80.6192195566
5.7987611752
95.7378832617
1.6572055883
4.0050361947
4.6414488300
7.2795198596
13.0638589015
21.8101151272
10.9861794396
44.6308779495
13.8731626355
15533.3022454934
5.4059536553
1.6158931836
80.9062649673
10.0254508274
7.8116743111
122.1414863306
6.4136363636
1.5404377218
1.5847050183
12.9227138643
19.2237953033
145.0851659057
2.2302588744
415.8000000000
148.5226962159
7.7296001451
51.1593374222
8.8688156060
7.5261758838
663.1523582167
3.1030280081
7.8168287618
363.9807923856
2.1501915030
1.5333246373
1.8030642241
13.3116338974
3.6322314309
5.6480055730
5.1442570371
828.0409103654
44.6086486647
95.9723544135
2.1731999298
4.4827711144
21.1774123738
11.9950236443
242.3545875933
150.5026143503
2952.8527805351
2660.8135888502
181.5376967695
981.0810810811
93.8418114789
84.3983609374
1.7374037744
14.9945119522
5.4586452245
3.0086518311
233.0208937249
9.0001575630
2.1324894515
2.0139722695
7.0113779251
19.2054558262
19.6108109617
4.4103522303
129.6661511950
249.5769230769
38.9412025130
2.0496782062
12.0882423242
2.1347431258
23.1305936355
5252.8959005514
4.9069161382
5819.5564316256
5.5298020156
31.3554372540
10.7585656067
15.8826010719
7.8399821091
13.1800976675
30.1598933387
4278.7817897905
4.4055563392
1.7435127928
2.6156735150
7.2223939144
818.4407930859
17.0969639267
6.2264362448
2.0665488664
15.9798767167
34.5839822372
4.4121744964
50.3218179095
26.8551209544
3.9404788119
9.4491831028
4.6320279537
2069.9106577621
111.7202380952
1.5441271370
119.4493491636
1.8758463698
4.6572001221
9.5152056763
22.9814402576
22.8594532090
4.1548270357
2.6257940377
24.4231392542
3.0593907891
2.0616712279
4.8607587585
1010.0623894573
1.7729390394
1.9648852373
13.4360689064
2.8846447844
2.9922144482
7.5316032367
34.0455565773
3.2345013281
249.0936347449
106.0103937695
3001.7857142857
95.0501302443
2.8062464937
26.0958049363
10.7142857143
3.0020143618
3.3804211400
1.5534014095
8.3928459970
33.0594244433
17.2951604371
15.2907373597
15.9275229760
12.5486591061
11.5259567260
3.1349403952
2.3197143142
11.5747401482
5492.8509835938
5.6880118895
3.4243325368
1.5851334305
2.2363056694
7.5236008121
2.5422030636
453.8558257131
1.5485766335
5.8075227925
8.1906048726
12.3411587168
2.6211836527
2187.0825036369
10.1390987890
16.7867858352
14.3624483355
1.6324446312
2.4522731096
845.5467077073
2.7672406491
112.7763509345
4.4220900729
7.9271811998
105.7585208560
2.8000109794
18.4185387524
6.5170355713
5.4192768316
366.9481576108
83.9344977440
5.2103623219
2.5147525476
2.3215753423
9.7965962605
732.2419563376
151.0729315773
18657.8083165452
69.9881678245
3740.9307621234
17.6845587869
8.3526756931
16.3337181298
4.7241155539
74.5992079627
13.6779205471
11.3767612201
5.8268501996
33.0495586558
9908.9468583775
3.2809584635
1.6191534199
3.3099498836
2.3165697876
16.1951017068
4.9390837475
5.8991154787
2.7866139602
7.0948251240
22.9747165104
217.3726592262
6.0391481151
49.4208361913
52.2996623515
58.8229153221
60.9014366265
4.8402657410
10.2332417582
2.1977376405
6.9539935543
3.6837130940
12.2607188314
1.5898630339
1.8626919535
6.8121940048
87.1889443889
11.6301122172
16.1932041780
123.0023261211
11.4226297166
1.9857523885
1.9630049481
5.9294571588
2.1045340941
203.8790711142
11.8535359834
22.4553857883
1.6027334642
4.1439328190
18.3923920369
2.6847995799
13.0895102232
1.7625414073
271.0078377505
30.8875243272
22.1955597009
13.6508296009
23.1323529412
13.8152077807
175.8287118769
1.9850332230
4.4156666277
496.4589553395
23251.1070267062
7.0370681778
6.5359589110
4.6130096028
11.0658846498
1.6691031979
83.6488315207
6.3685580633
3.8052421142
101.0526315789
2.0077418866
4.2604932362
1.8846282223
3.3932526455
2.5009714318
15.6413402285
4.5437451130
14123.8757168472
4.0190147365
271.0851271800
10.4807925419
124.6436024640
38.8134405637
3.1438877518
12.3454992298
2.0670358183
26.6818181090
13.7962880865
2.3908803768
1.6303529661
1.8937038403
5.1431276108
18.2334508363
33.0568716155
97.4412794348
9.2084427393
1.7224965824
476.9222251453
4.2473677811
3.6218267589
1.6524561318
54.6940062978
1.7037854632
10.7145019856
501.0307017544
8.6888105006
22.1198204142
921.5852835940
19.6508591388
3.2763580830
1352.6549467613
12.3135036751
125.9056462359
4.3057181348
953.9608299379
4.2740694291
3.1991393997
111.8579075730
120.9012147149
22.9762189702
7.4671253763
195.5714285714
20.8278183545
2.2275249197
2.3940236040
6.3432651320
1.6651154192
4.0347870371
5.0350423434
2.4757875100
101.1826895342
59.2255577929
10.5559865611
7.6608224657
15.2120359764
5.3663436005
5.7683952302
1.9422643616
538.7031151060
4.1905131159
4.5415686840
20006.9772024939
1826.2772861357
2.9753320683
7.3109978651
342.8603164171
5.5069939703
4.6638716723
8.2583978977
3.8066002713
20.1866349230
4.8777017466
13.3315045077
1.6543735067
4.6084435591
3.6427818898
3.4415398259
2.6505755009
6.7858735688
6.1441437818
3.9107198541
461.6933323254
23.9342914138
983.4353259552
9.1557087975
3.8861152875
2.0738112520
2.7372349104
62.7552548404
37.7589085133
119.4382196616
19818.3111509759
173.1600877193
22.4535940140
161.4630350924
64.1963870380
3.8301620668
4.7072603892
2.1930500530
14.9252059506
7.9320289496
3.2979082096
35.9805372562
109.8178786463
138.7158545978
9.5989251106
5.7147090672
2.9875675305
11.1420289855
83.3795269771
9.5942077786
83.0148293044
4.1258479981
71.6471577585
15.2359655569
14.0914681911
59.7331765917
35563.8125394059
338.3097443204
1819.2772486772
78.6362760609
6.7224020005
3.2738795059
1.8437835207
55.8798739834
4.9525201281
14.7336870061
49.4938462444
37.8316941468
2.7548883121
3.6907848405
13.5378893314
186.8067908627
6.0548281649
208560.5291005291
4.9125828375
153.1842341747
201.4943415551
48.8744943563
104.6970075766
232114.3952328160
17.3300091127
2.1104822698
2.8021379646
27.4478770149
4079.2127390252
110.2686468109
8.3784655846
1.6634526797
6.0734114781
2.3282749399
3.2999088299
1.7503926506
1.5854118115
260.2461640969
1.8655911745
5.1376562596
1.8339056159
2.6977948677
7.1000018938
2.3360834418
21.4587213200
47.2680039709
4.2333592065
41.5896961321
7.5532641486
29.0751980620
934.3178131417
1.8546531761
11.8919562850
3.8261633532
13.4405529576
1.9764194893
3.9986991958
126.0338546414
3.3412090140
203.5210100319
168.5662549335
466.0601127517
5.8436067547
2.0667523112
2.5195230485
83.3572158827
17.9853123042
3.8308963407
1612.5392244863
2.3029143804
22.7056926548
2.0299365458
15.4749375719
5.5330398629
7.0479874820
7.5727079566
10439.1121866682
5.6812165753
4.6207405951
285.9436227951
9.8411883836
10.5194805195
1.5776670777
2.2711446240
5.9284430111
3.3278157173
3221.2328243746
1.5859085267
2.7422995873
99.3978901874
15.1974933675
1.8947614315
3.0773669198
3.2935123095
21.2622723636
26.6187415349
20.3594475894
1283.2157907302
16828.2976860538
9.1052583769
35.7113980252
2.7411836649
3.9918466189
31.5451569050
7.5959915551
2.6434192434
318.0234557267
18379.3101138466
15.7129994473
12.7867261884
89.1614476232
69356.8710790584
1.6534423581
1.7726811687
2.6773534503
1.7471488022
2.8224891045
2.5088852774
8.4566721585
122.8519178994
14.8408010927
3.9619221442
5.3789301321
2.6876832357
2.0124805866
1804.0108488569
5.5193732967
1.9420570843
3.6579135242
240.1605621105
2.8956002363
5762.6300265533
7.8055782202
444.4637838726
81.9258364993
891.0750000000
2.4045016270
18.3078365295
4.1112922197
3.7788818139
2.0693396214
17.2653552854
11.2053388318
37.9953690591
5.5898088842
1523.8300799747
5.5195366484
2.7018034820
12.2192204078
3.9066256006
2.4472505664
5.7565573368
19.7836807314
8.4160165744
1.9510772652
24.2840456460
3942.3546686809
3.6550595785
2.3650075415
6.1331115286
5.9136027280
1.9711535517
5.0587586572
9.4703483023
1577.0833850932
8.7421556260
8.2823646190
87.8701582686
32.9757034923
5.2716864644
5.8500924616
1.8742972744
7.9035264085
163.8446935245
1.5921383832
121.0485233140
3.7708878645
1.6346941524
14.6851779362
35.6061350346
11.5034668173
17.8768974944
1650.8980968825
23.1842238586
5.5779030817
3.7636661208
13.8399993758
3.5480811707
19.1952520076
225.8146405974
30.3696888021
1022.7081184053
3.9854856115
27.2223473121
38.0868948137
1.5600309702
6.1821338602
2.4682195503
2.1906039485
19.0135587977
15.2930814167
14.7481818530
14.7696512605
3.5441002589
6.5380232754
2.0179566513
2.5047873730
3.8400000000
323.1118691105
2.1147379502
9.3219338803
140.4290618449
128.5672725737
2.6940728936
27036.0506493507
1.9755682596
3.1670745741
5.9331939665
21.5458863703
3.5791267776
2.5425285001
9.4960367808
3.7804161041
113.4421072156
4.3469019655
4.9922786694
14275.1765873016
3.6723081975
6.2778969165
5.8664981029
20885.0416286809
94.8203324862
4102.3400897949
5.7130768006
1.7688091370
9.8394964595
17.8383824342
1196.5245770301
1.6065814207
2.4139903776
2.4653197242
39.0681603774
5.3291595763
2.8979946481
2.8892650774
2.2046306841
15.6448793357
1.9022762070
5.8118134588
49.3300898440
211.0952981416
5.6713720763
5.3770140277
4.4573900136
3.1184960794
784.8584647271
1.7784591312
18.2444019371
2.2410605134
4.1281284127
4.0529660084
1493.8756500541
23006.7235772358
3.8912666281
314.6883928571
2727.7096546709
2.0206315986
3.4872997683
1.8761107139
1205.4409609790
6.7223660330
4.6985012340
6.8049795932
3.0597138994
1598.3983126231
10.9154045233
1.9570557642
1034.2035572320
34.3237769247
4.3191034650
25.8763014647
2.8353174610
9.2883065493
3.9152267264
2110.7400568182
6.1274145745
216.3294108913
2.7457673669
119.2140633801
391.2767274840
5.6486193203
2.5959742102
4.4453935381
3.2935433198
3.9888817717
819.4312100213
51.6339887258
3.0326431980
29.0226645044
10.2247228501
1.9951111111
19.3981895752
42.7278934817
38.5402474455
13.0614951628
4.1239399370
2.8595340862
10.0021936157
2.7106354094
7.1014756745
586.3090909091
85.4310725220
1.5418522696
2.9220369745
22.6756963543
9.6205035330
13.1965186365
19.0138888889
27123.7267876433
3.4094288773
2.3783883177
9.2261477846
6.9268461539
1.9647521973
10.1063017817
2.4992273566
1.7866758466
9.6181468074
5.8382083725
27.3066666667
20.9504303540
2.4365211525
3.7140301462
177.4261204495
3.8310061004
1.5663552941
1.5410892601
16.2742207159
518.6435545317
7.9547762947
2.3847199851
428.9033981697
383.0042229730
3.1538466641
15.3557929332
6.0749248062
2.5470898287
150.8246310285
8.5820476659
91.0646890135
7.6614370205
3000.1892288214
21.7429246560
6.7946107082
358.3877382274
4.7530147259
2.2823421456
8.4671015996
5.9844295234
7.8110426965
3.7973902436
89.0463242744
571.4555007024
1.6778829071
2.4082571100
3.0844406871
6.4811577086
17.9592045212
23.8705778133
2.3079188962
258.2316166885
3.4855367713
1.9710763321
176.5378960328
14.4151521546
3.1205613483
22.6383268481
97.2540186950
1.6225243250
3.5674650577
31.7873031067
5.7472377143
19.8555718944
1.7749000938
2068.3141001809
1503.5357142857
893.0653509738
9.4947841199
2.7523442888
8.6385458816
63.2087468169
3.8988797170
2.9650311234
20.8241621030
5.1942669362
4.7842120241
77.8845110878
154.9646224039
4.7236807195
14.2002420186
5.2279449211
197.7942846948
21.9818924597
7.4453121524
3.4195382530
2.8804027026
3.3916666667
75.7987748499
1.6960484097
25.5695878858
3.3613488050
9.2840048072
215.5744270894
8.8969387170
44.2894324284
1.8684779385
35.3660703158
30.3118006653
400.0280626422
3.2045017482
4.4479117371
2.1496416989
2.7063929195
231.1340840598
3.8511767669
63.3231004885
3.7869124367
8.3117148601
10.4486322583
1198.6791059513
2.4734283505
52.2148655232
470.9942512848
471.8173925079
3.4405704971
13.4172912361
8.5987926937
6.4786389961
24.5116807793
22.7680860604
9.2432135534
225.4531489243
3.0907107115
50.2162875881
3.1167674296
3.6393701096
44.0362385607
9.0102272559
6.0950423969
18.7234951912
7.0046479988
5.4870105006
18.3386219270
19.4934148633
6.4993359410
1.8006202488
122.3241104830
380.5319664021
2.6043598591
3736.8641431123
7.6009350070
4.3455811986
104.7921557425
1.8843556318
11.7779417944
331.7174628749
55021.6796685180
2.8719737708
30.6637995435
1.5452928689
1.5876692801
181.8561598952
63.0157846033
233.9583678429
14.0972544526
2.5004996161
18.5166624590
22.6019249862
96.4201673387
1958.6277359820
15.8974919915
3.6509803922
48.2138450971
11.5984166357
9.1270036385
10.6292730150
10.6310673452
25.7493320416
191.4836284367
5.4906526128
6.1104396654
2.9409095772
9.4663748745
176.4464377720
783.7270463754
7.8650906767
2212.8269512745
5.0039536840
4.2072604382
5.7188560693
5128.5912259582
3.0220587937
43.9978509891
14.1714144117
68.9401843752
7.5676803816
7648.5139844981
7.8996580531
13.7552530945
1.6903793093
25.6277886169
1100.4366745885
1.9017377758
11.2849639329
9.9909998574
22.2608810103
2.5022373565
8.6794992077
156.0308102717
5.5036713090
30.8564457985
1493.9510017471
3.0617828770
31.9254174668
3.3412957390
1.8882136816
4626.6706004141
3.4262516782
294.6258335971
1539.8871559577
46.8654880687
487.2433904319
201.9162329611
15.4668192105
5.7810132950
2.4535661592
36.6287221268
3.6888887766
4.4047792078
3.9035741936
14007.4205178445
7.3439183631
7.4535626994
5.3142753259
202.2246306179
14.7116241044
2.9898066744
88.9052662162
15.9562492981
415.2195121951
33.4272282718
2.0823997636
8.2177943404
8.5041558520
5.6048239201
27.0200111568
268.5172051869
20.4777167964
2.7551316022
3.7977398123
10.9461594200
2.8988142832
180.7536582092
24.4260377840
3.5785823236
22.7156079844
151.8807837762
4.2543716688
4.5708108081
2.1969062003
2.1056166340
7.5962303237
205.2409035409
611.4493920301
12.7995616131
1.8115043295
588.0686456401
11.0447389872
542.0800000000
2.5225286586
79.3814073426
15.0240366902
8.0285353606
1.8119043305
342.6361927028
153.6394705081
1.8297278845
3.0062673892
2.6529932695
3.5418091439
1.7344432550
2.0107362443
1.7845781223
26.6914664700
10.8411834369
8.6342003986
2.0143049367
2.5212866169
7.5074179672
506.1290116104
830.1176470588
32017.3007349950
42.3789672016
7.1260778721
5.7617976837
2752.2612685560
3.6484406522
27.3788531572
15.2329409400
415.5542735119
1.6543856737
3.5717817440
3.7636411722
43.2118129960
12.1472010968
4.9124357538
30.2317734012
2.9517260093
3.7526921602
2.6809294361
2.4315759260
101438.0187850602
12.5862626387
1.7160040768
54.1674598798
7.7508157213
774.4008281573
103.8480259218
2.6825420496
11.7446925857
2.3068841941
4.4510517504
354.2125128690
14.6324228164
296.2268699384
1031.7868183616
4.0476506334
2.8348693129
2.9770178966
130.3523085009
11044.5000000000
16.3221940057
134.3782525838
1.7567249177
2.2431018722
50581.0434192296
13.5193830867
1.8285809246
3464.3105496488
7.6659783863
15.6976701693
45.8620069839
71.6749177399
136.1146993968
2.6335980833
13.2523907288
23.4596202893
224.4722245774
3.2952305527
8.1331223062
18.1067345053
8.9402149146
10.0528064573
87.1644045292
2.9947432434
6.1384834223
3.5157709009
17.0931915489
2755.8327703200
43.7359699002
6.8774616188
2.5749771928
33.2737542158
78881.7858333333
62.9167948221
5.4169896063
9.7022105514
269.6804188203
5.0197892408
3.3514588859
30.3956612076
213.6339611950
3.3100176079
2.5096275756
9.1332154266
695.8608457842
4399.1873322702
3.9996584705
22.1521395209
2.1556611666
455.8074671860
4.7880147418
18.1705443917
19.5054624354
5.4174507852
17.0933492626
6.2097160389
2.2955511026
18.5943188179
6.8001927874
9.7986723611
2.5178171642
3.9761449186
15.1405571498
2.8915146219
3.5840862061
5.4657792589
7.0823717949
9.7981015613
14.9382727384
28439.5317152360
33.5337048979
5.2836826206
4.0466892540
6.4061110896
4.8578059198
1122.5589865791
10.3450530137
10.5448322846
2.6467530132
2.3762344042
2.3560025327
130.5367926142
8.6821651401
4.0865027984
64.0385922228
9177.8793781452
11.7411247316
389.6177195820
7.4205893884
33.9566414886
317.6687113632
12.3340372866
12.1977130313
3.1600317482
2627.9591876359
12.8748251748
2.5957177258
4.0176678871
2.5839817833
3.9880480375
2.5479338164
140.6854174574
331.0394812170
30.0351570180
1.6729481075
13.7976732902
684.3132960712
3.0304652896
3.8411476045
4.4246058781
10.1862381601
584.6858704872
15.0798100238
1.6668057951
127.7462651787
65.5670997451
2.3997173202
140.6995614354
4.2019687029
5656.0463582945
39.1341447266
3.3862197933
2.8035031994
39.2889369010
5.2135613030
1.8092479476
5.5253006108
4.1573789291
1.5362878647
1.6455020859
5.2584356033
3.3206657916
85.0812899787
8.7075209360
4.3029871977
3.1551723951
9024.0931685274
20.1588340312
34.8899131852
1.6458137246
10.4697686416
20.7019956989
16.8667068147
2.6741808354
6962.9722575513
5.8803248094
22.6399352451
51.5027941813
7032.2686537553
12.1076027200
1984.3325255353
47.0609512935
2.3121896169
2.3527364841
2.9587897784
12.0300578213
2.6874028618
2.7562915483
6.8873735891
20.8278505157
5.1431148921
47.7576030075
1.7672393183
3.8528891006
1.7947074916
6.8704711549
10.8332767632
25.0106788736
7.1154776292
2.1451577409
64.1469446708
4.5596344173
5453.6832298137
4.2457076849
4.2360179095
16773.0541338583
7.5817817393
4.0088041811
2.7642262214
7.6765202482
593.1813110224
1.5687603996
16.8933790893
1.7091445273
2.7352113456
122.5198194225
22.6957913289
184762.8528500202
2.3210897998
1.7371199786
4.4280836311
2.8039078597
4.5274920750
19.6122585294
16.1098913716
65.7939958524
126.2397520282
7.9776380154
2.4373603650
11.6650211156
1178.6958377902
7.0336968244
926.1629251638
2.6124973021
10.6184217627
6.9328439647
1.7439733911
44.0650329747
17.3864882777
6.2345393323
62.6984082749
94.8930467670
3.4059729220
3.3922696537
20.7134155537
6.8342646348
260.4057669944
3.1185045424
31.1620207681
1.8489552259
14117.6586269043
9.0558280489
4.9165116479
14.5573778484
2.5946464478
75.9874129359
43.7163752298
231.3121768450
2.4847977469
3.4674965772
1.7537283360
46.2583924183
2.2273214946
37.7916194102
2.1703394467
358.0624496562
223.0467172940
48.0043081075
2.7424831771
25.3979377923
3.5084509679
1.9566949714
11.7653345438
25.2289091744
7.8862182017
1.5488162083
7.5548833876
5.2304760299
2.5736479315
88.8538800135
3.1184926520
39.2505933019
632.2860268966
3.9388251816
2.1065015968
2.5958117692
2.5505528951
6.4106134029
5.7651501325
49.0675483015
3.5730126595
19.8011684112
8.2325603067
3.0771728272
34.2702559040
5.0132055714
23.7842790213
4.2794884559
6.9589483436
2.4633027075
5.5341573390
42.2244264661
22.5932274190
9.8295056186
301.9347923811
3.1880735378
3.9880986553
1.9561244912
2.2681283551
1.6268209656
9.9861380866
2.8271075434
237.8041533307
12.5778659719
56.2548866804
10.5498477652
11.5403791201
249.7539800638
6342.7343358396
1.9456565015
123.3359637602
22.6013642701
28.4311404063
3.2763645597
8.6989072384
29.4706981495
50.0635474529
1347.3857142857
10.6989988424
20.4990464617
3.1504747705
4.0795771057
4.4913697478
2.8623847262
2.2646188176
2.1858667999
582.8054928307
493.6579437093
2.1645320197
48.7441282599
7.6652603448
1.8801341851
2.9237599578
2.3688757031
7.9452513734
3.8551941977
3.8181642501
98.7462131493
16.2567691436
14.4271688474
3.3562065533
24.4508405079
16380.2975651799
2637.9178102848
19089.0060724610
6.2418859474
500.0534195639
33987.3839983546
3.9237795904
1395.6125641026
4072.9242288155
17.4886874775
11.7091766332
4.5582924125
9.6109776929
9.3117695268
38.3132087893
11.7318129665
112.9662590239
8.4957668228
88.0922080972
12.1961993603
13.2388090109
2.7360636873
3.9092147390
4.7766920271
898.7620816185
3.6670986839
3.4619181670
1.9420236467
48.9671559133
531.8914567668
122.1784710418
1441.1445069228
2.1628828278
1100.9993787235
84.6483509547
70.7623412484
1.7908444838
3.3829882669
4.6145742579
6.3619030040
303.6447448839
25.6871021268
2.8379178205
425.3999198471
12.7195763992
3.5186134685
54.6516766192
22.2007701460
1.5194436139
1.8122536561
2.0810325542
8.2318735972
642.0000000000
12.8087034784
2.1585402522
105.4493891549
25.0054531946
153.7818742520
21.8771482546
10.2242334698
338.5878744075
2.4054799962
3.3442634727
5.6800574971
12.6843019157
84.7287748747
8.6844720200
1.7588851380
1.5203008637
553.0213893605
4.5475619871
177.4120431782
19.2372273993
13.1258608400
522.8154161746
13.1900223979
4.9623586875
6.0407638640
2.5259898731
76.1780744926
1460.6562735681
45.1047068262
16904.9384820059
11.1980458672
5.3302017611
99078.1823525017
143.7390459393
1.5854093399
13.5743182373
3.1961749859
7.1115620381
8.7532482659
2.3360036732
7.5805607014
15.0846794890
152.5671325575
5.3459777074
16.3898555182
6.5875670676
13.1389615361
14.5363349178
19.4756755140
1.9705621137
10.6580313691
1356.0448974939
33.6254013746
635.7033789853
3.9591460929
91.9271308130
3.9988511699
2.1456529757
1.8094893347
137.0270270270
2.1670069844
7911.0372848268
14309.6957026713
123.3070370370
140.1919766095
3650.6396541204
14.0405981092
12756.7100766140
121.2560236690
14.7307192139
1.7706591925
207.1274112432
2.3922050456
8.1614041616
3.7551449701
13.2056463668
4.4125679920
25.4051733616
2.7472280209
3.7222324385
