4850 7171147.8554046089 0.0000010226
7171147.8554046089
5974728.3346938780
2317725.3750003781
1859382.6047297297
1793208.8057315827
1498888.7682622618
1038351.0238280083
725361.3332877461
602347.0725383353
492659.9853320618
374497.8873963516
339664.9791963015
338090.4111173266
331545.8089490195
309109.4227390181
307488.1727475565
290362.3380514994
284335.7564474272
272940.5333282727
257858.8167957532
507.1715896815
6.9938269918
686.9890226189
323.2214640199
23.2835047185
10.8001767963
10.9054679743
1110.4691275108
12.3805604234
149.2385946184
6.6487039560
5.6135572417
30.3969436663
9.4864167132
36486.4094717760
382.9421712919
370.7847731619
317.8483897228
33.9462275400
29.0414234535
111.1918681721
29.5418151860
13.1843637412
45.1875586145
13.9362903268
8.0984335651
97.8459360998
691.0720747069
693.3848691768
19.3977980370
853.3015344259
107.6697832540
38.4349170197
20.0231663096
23.7607931013
9.9825166538
14.3456001785
2941.1834738948
7.5141541329
7.3713523109
31.5390393052
66.0129180501
11.3744906215
16.6840816663
55.7184533794
1439.3943376988
334.0526942356
72.3005315447
209423.0808489237
117.0699822430
5.5990283028
6.1372677684
310.0232010351
3309.5364157937
24.0208754800
106.6443636168
37.9345896911
29.2012719195
461.8937917618
1482.1017929221
4262.3698452662
37.1723318290
19.2671783544
9.6420933569
6.1335545625
18.9594194286
14.0249938717
140.6326320902
10.3923791647
23.3428086100
39.6518542793
22615.1822750597
22.2035191828
384.1076713654
52.7282341055
1570.2629359771
8459.9349416284
33.1870318183
8.7863241160
238.8476769985
32.4589181275
35.2418252527
19.5979064039
10.0735098254
5.8404010023
179.0029842404
16.6578795334
337.1990417726
34843.4769259600
161.6382987077
9.9438029142
641.8024151795
14.2073419423
75.7006333469
108.2761653352
7.7755275955
11.5850800877
9.5541937743
7.5288348061
5.6887119352
17.9875124086
7.3832043838
11.1404265096
33974.6834657918
10.0656695334
12.6110733183
5.7484268445
40.3857186652
2234.7006394321
70.0984510588
233.2009259662
23.5761703537
24.6179373766
8.3434540749
47.3495344772
1256.7623218548
7.4564476112
12.1342299883
40.0171414083
9.4107267805
23.7991370323
20.5487356563
423.3310679942
13.7834817702
12053.5336796693
15.2930007568
18.4007447039
6.4879635375
33.8732214535
15.0516302468
72.4364974301
13.0372985621
10.0928608288
8981.9439237301
291.6533678710
1631.1648530889
9.3307449150
211.2776139137
71.1148048797
145.2947135378
20.9934747974
956.9094033386
449.4434334387
14.0668125405
3561.2696213955
16.8026531982
6491.3338235294
69.3845883439
209.1019404923
9.5875924210
525.2799413407
28.6075155830
8.1271485143
23.2123562000
175.6139154282
38.3468090382
20.2866088505
98.7940361939
74.1110483508
77.4263762304
608.2925487050
16.4965405440
5.6920395643
44.9135250593
33931.8282496450
346.7714548799
9.3177669237
6.2060228813
9.0766116248
8.5795420928
12.9524675614
10.3594359269
284.0225049225
34.7046116820
112.7286518035
902.1999315808
6.5785640115
138.9157451266
5.8297755017
6.4774497859
6541.8123888823
2364.7586380153
165.2724728373
5.9702948162
56.8804971778
20.6218370857
21.3209765476
482.9320636221
16.6687132325
78.9980772687
7.5887693800
3659.4708773642
6.1741770701
18.7940904738
19.3805546826
6.5903733365
62.0265814607
7.7041423891
28.8006365443
19003.7080970928
13.9482212624
7.7503356458
11.9706477772
3721.6061171194
26.5176419532
105.8099446005
208.0976731602
63.0339633571
14.4478907176
32.3920707589
86.2419998943
103.6692810279
12.7700278499
22.9155581434
9.3779106908
23.7266827288
7.7890433438
24.1040667510
17.1241655611
24.4581655960
50.3663005991
73.6184506032
1132.0457502825
7.2486891350
65.7151668033
1427.6313562810
7766.1853472693
54.3411788331
309109.4227390181
1498888.7682622618
449.2810105212
18145.8275681717
407.5922438970
6.7366791586
10.0253935183
53.1376102912
8.4265288898
8.5867467601
13.3892892042
13.6634217587
111.6163758804
16.6217252211
12.4110846143
33.2974154159
35.7915633724
117.8718139567
71267.5577199070
6.1813131198
35.0102503169
78.0026596664
38.5965832815
15.2185412221
17.0983126193
14.8828179874
12.8176789871
8.3359756327
5076.9193257228
256.7560300572
13.4096992205
8.3518940426
9.6836254683
12.1809088830
13.8336214351
100.4150504849
284335.7564474272
96.8304618288
15.8616593012
78.4249457339
3554.4297410601
46.3936666794
57.4238295437
15.3191578406
55.6684760826
36.1486048809
29.7719111772
83.1032298671
157.6341406167
5.6931807136
12.9863165526
10.1526759637
16.8774271692
24.0650881774
8396.5944450880
5.8994211308
96.0512815618
429.9758610931
45.7470045900
3635.5423229877
19828.3174952053
58.6535469667
148.9703966931
111.5914534749
20.5010795142
9.8297675178
849.1628598868
9.6207696104
5.8391466392
19.5995050918
20.2184155944
51.3144997951
4658.2373100630
6.3925942439
22.2387222528
20.5496881645
30.7137288552
7.5988713756
31.2346175206
6.6271955677
562.3696410312
98.4306537409
48.1770913666
21.1671875980
411.9716785128
26.9441661316
7818.3128181560
14.2489350040
1831.1538144347
24.1932952570
98.5860410652
15.5919325319
21.6412160846
273.8449031395
48.6144197306
16.8488694058
15.1389668059
103.7805020898
5.9152094015
6.4377113765
2404.6190553210
181.4969549376
111.3024548373
76.9921855039
13.8223835451
7.7442381064
6.3069413949
31.5734358518
50.0266110973
10.2612648191
7.3505179871
56.3986991077
40586.4974380825
6.4852367279
54.8080997187
80.9376550018
73755.9555692261
16.7427811822
39.8207238138
6.0161573334
244.4310004525
14.9392182204
11.2043634526
258.8093080883
6.8815439396
8.3299718618
11.6997900502
66.2886600970
10.2098421295
6205.2546438276
17.5896945212
17.1737891281
66.6508630492
15.3882694954
170.9387575361
9.2871680693
121.0901983394
11.4202635691
7.2062565133
26.3968049587
35.0451186729
56.7679521334
1666.1590558325
22.2685138062
7.9297620888
36.8604958300
49.6767268193
95.1004159011
223.6649662923
11.6862971760
22.1468755172
69.3965385930
8.6924535368
99.3840945542
44.2068867441
40.2238386960
307488.1727475565
6.0242973641
17.9271803054
13.2578188912
12.5554858273
822.0189182595
44.9589052439
40.3889291781
20.6207027597
183.5363356418
375.3068529715
378.0390861383
5.6412462510
66.9887715985
6.0208542440
84.2293967045
318.2680236640
18.2038144080
1724.7700270525
62.1082585940
7.3770576025
35.3402552432
121.2401733883
619.7467933210
9.5574932452
7.6255327039
28.8636459918
92.3010447778
129.5003270323
58.1504416991
143.4365563657
30.5852908661
33.0005753782
20.5508696059
456.7442012716
9.4602159102
5016.1708692568
4493.3591867576
84.8077003236
25.5716152103
11.3585233785
86.0361221518
1078.2647198363
14.9425441941
29.1803190579
91483.6153076062
2434.8378792896
12.0964375674
822.7979240045
231.4769975119
8.7809796166
28.5189564952
30.4402193410
14.8125574244
5.8197661675
2938.4566550546
12.9692887798
52.2695381179
16901.5876805873
1450.0652130677
339664.9791963015
34274.2832416950
12.0288812471
17125.9519217561
135.1668705909
40.9095431541
8.1995329378
99.0309245528
81433.8377118966
31.3246685114
19.0681764221
36.2754190456
62.5061361018
36.3006181425
18.6765783172
1954.9160420590
198.9002122181
21.7495534846
6.9893797667
979.4062614470
8.4631589696
106.9142825786
37.5014754952
196.5178037812
54.0003109328
2250.3694750110
25.0305354420
6.1934090510
8.7370903193
13.9485423773
12.8735407823
336.0173620888
9.6705738706
9.1899284520
6905.2596331672
130.0782401057
14.0083190993
72.2538107105
59.5591456218
6.7799780213
5.7788312097
130.0466954111
3722.7071925141
77364.1197017762
156.4269661635
22.7978430789
2928.9651317146
6.3400530364
262.5672781187
213.9019927962
6.1660418022
15.7564634509
39.3903442126
29.4646347717
21354.6440705196
12.6776309135
68.1614936600
28.1349589198
44.8609387331
21.2671571028
12670.0259653157
54587.6375741595
25.3333613445
91.3757852070
16.9365016925
15.2944300212
14.7122381695
62.1209130005
5.7140356486
100.3464206536
14.0113652332
429.9121225222
22.0750793128
133.5190496318
1035.1355242961
12.9997065484
6.5081992682
60.2979179372
13.2634277586
16.7147116141
255.7781882495
13.2528194451
140.4355870345
218.9400494073
28.9515568673
145.0225835735
54.5524804252
18.1118069645
6.9976929123
33.3259760401
11.5231608452
52.4385769923
124.5017185689
42.2817443544
193.7836274793
1240.3378826561
56.2624317995
11.5895490189
14.0063136716
183847.7303970801
1478.4383412835
16.7882811114
8.5829389935
26.0342012665
7.8658334876
841.6005165507
2672.2612213702
19.2408961522
7.1979102641
21.7322344321
58.2526865500
12.5142012769
10.4274102402
101.0271560619
13.0107262304
56.4315337897
32.8487330164
24.6825025310
74.7729393912
42.9924721111
19.2595046761
52.0614906370
31.0660256119
14.0151365352
55.6203661788
1409.3988036451
57.0121146860
10.9800609999
46.0168546262
26.8735924250
6234.0984229334
12.7661908078
1307.8980135295
8.1337948195
7.5879286599
14.5198787073
16.1708760647
107.2456000095
465.8985475679
7.6317937675
72.9379297586
1065.9780676093
5.6034929368
29.3375897824
43.3816291505
9.8316392927
8.2458882550
37.0662278466
8179.3393628900
12.0575765917
47.4224574811
9.9503131057
30.0287743282
43.9975414335
1307.6292419045
22.5554260572
80.2644009148
60.3044356563
50.2999923089
38.9635402018
113.9279306218
9.1434376909
11.0141745335
95.0797431649
69.9536066557
136.7683653549
218.5797135807
49.6123923529
14.0366377289
64.6184131665
13.8049457784
106.7107767908
72.8244326451
984.7780376626
331.9458104555
242.8462979189
12.4102910806
14.4557851992
20.3802505858
531.5154183528
22.3203061112
45.9983793826
7.8564678778
21.3749799448
3247.9765102461
8.5133775522
19.6615484509
21.4630837240
10.5187318028
291.9328753738
10.3755102085
36.4010174625
8.9435464304
22.6606673664
18.4161612451
14.7899077883
70.8857270451
28.7774066224
71.3369594359
492659.9853320618
12.3651943332
177831.9383084611
17.3664241923
108.0190145516
10.1413060051
1136.1602564103
7.3107099880
14.9353857520
28.1130652321
6.7614614201
7.9170214107
69.2949972679
29.9201989749
126.3594980435
3936.7568570612
31.6354853604
13.2997214215
111.6971958894
844.6091695692
3166.9507620851
542.2085062932
31.8829191984
298.3272084495
63.4238891862
23.4271856890
24.5695221860
165.5573492970
881.8811833546
7.0467024381
96.7907304103
1430.6695072428
4679.9077847133
2400.5066759666
162.4518322628
45.5309665150
146.8771014943
82.5149503796
23.2243931600
827.6883082767
52.4715341754
14.1678684150
282.7469841751
1574.2025348996
85.5923869515
50080.7908527313
3756.9568910367
1871.4222651649
325.0760910377
16.1762906844
21.4351839996
26.4392481066
2343.8424109204
5.6005303834
8.1956191179
140.6262322555
14.0967973984
11.0776958132
632.7837651400
395.9321417275
6.4086428272
6.1471435120
72.2286806229
146.5378691262
189.4020243701
63.4847095991
175.8968431436
12.9432368272
11.0424499986
224.7735948016
14.2080219875
2637.7456982491
36.3608909013
8.3670045937
908.8871163521
58.7889865384
158.7578270914
6.2384080363
76.2004821169
7.8681952373
16.3203249324
7.9380324766
16.7891460612
7.4103664255
17.7747413867
428.3419536505
20.4063662941
12.2842773542
13.2527571728
41.5044365541
43.7431031773
11.5840015208
22.4665370385
190.3464786259
16.4707316898
13.1044514430
113.4911689054
22.8847465304
8.1253168532
7.2436420207
1297.6401341156
48.1971770691
7.2078315863
782.1266920655
27.8683085278
12.4207457215
1208.5155619324
30.2530849219
63.5035704786
57.9799561541
689.2594955754
79.4193679305
42.4496537239
477.8685685320
706.4242703941
14.0437186937
19.3474659912
18.8693994471
57.9737515538
298.5281736914
821.5093418536
24.7280559766
13.0854732637
21.5259638045
83.7436425274
22.0502237267
29.9816937988
22.4708975972
293.7395858978
111.6805677578
590.0532859118
11.8067995323
60.6599993458
1179.0322217178
9.1263934225
358.8428443011
15.1327467613
1504.2972168117
30.0459838023
78.8131234857
38.7584721034
10.3601021483
9.3746838276
168.4929358633
27.7792289293
63.7987626920
46.5069709851
59.3666181867
33.4440509642
14.9960056594
32.1704906190
10.4531614022
44.6592927957
1269.0905080822
8.9017660504
16.1160354553
9.8859120442
16.5227818567
29.0222636344
42.8974212980
261.4418404192
3528.3207153909
17.0645161290
803.5804646212
100.8747202995
11.4636056440
77.4641856466
22.4832738728
7.9007426489
24.7576614748
2201.5338201956
6.5812605780
77.2587707036
21.2462257367
24875.1496425231
2101.0255388893
82.8644933641
15.5761114708
40.1106216643
103.4509981949
16.4368014125
9.7342888148
12.0577183194
3397.1170831643
5.8361400477
25.6328133955
45.0065688579
14.5642706245
8.3023394581
1184.8913781815
9.1800022360
219.3397618450
73.9293037945
80.2274533696
51.8651043682
1623.4675324160
31.3782162561
2022.5950525501
9.9896269023
252.9971016486
53.4484874112
16.7663023290
540.1857773929
44.8077394067
7.3093849270
342.1672838928
12.1814788970
7.9170985402
18.5927421777
8.6472490001
11.9818237508
50.2835981576
338090.4111173266
188.3972383962
19.8659917026
8757.1013854438
6.4076224659
16.8567948159
34.6094473745
410.6794177148
49.3111243741
1088.2969581829
11.5233195655
14.8621226460
22.5721977806
14.8459725453
10.7456577343
132.3239785444
29.0860732653
792.2723129308
10.5245374991
37.2113896668
94914.6485707273
33.3374666563
6.9822893202
364.3247406328
56.2942634531
2530.8700816974
52.7353772985
9.2088141933
14.0590619087
10.7657789687
75.9229235880
1128.1273449108
330.4991403218
12.3131679481
12.5244499012
47.7516880094
212.0170205920
41.4813728860
12.7319930918
19.4959143518
18.4203882553
25.0616237682
108.4621915003
55.2327687470
6.0762771941
37.5574934686
52.3594969094
25.0426473343
39.1544604729
23.2827048671
8.3005634961
13.8993843966
7.8905348367
4753.7995221626
107.1718902145
20.4298513708
6.1677780208
15.8663388645
50.8939767215
15.4127133285
28.7438418003
200.1168109740
84.0561389196
8.0904416745
8.0884888372
5.8642580042
118.5421497572
12.6602573623
241.2900379098
6.8368362491
17.3193045899
334.7619749447
30.4604292780
17696.3445754099
62.3979247131
22.7307877346
15.3790941817
153.4371759120
416.1220863215
16.3090743164
10.8896394265
13.9240332441
18.3268613424
53.2642699085
397.0362560736
97.3589065020
33.6663220956
56.5588381271
5.7373816010
179.4449230096
9.2143931457
5.7811246183
13037.0599538352
11.3650790435
30.5383188780
30.9376109639
6.0245161001
3271.7639887336
14091.8452056447
9.7497036153
36.4799284941
362.9876498869
10.4364167778
21.6339548083
204.5119293172
6600.1445244209
99.0786749281
3020.3560595978
21.8008772713
8.2558018333
22.7257134201
23.1284181418
81.4816446471
92.7626099384
20.0562278732
210.4609741063
1684.8516469354
5.7903977660
6204.7700784994
13.7950806146
15.1938732611
117.0374602048
154.4840454776
20.8915490006
12.0743902506
7.2480248620
10.8166156814
6.9306910536
175.8773504768
13.8439631712
400.2087924994
188.0190051534
18.1294982969
109.7331919040
10.1424262549
17.1873962688
45.6954800888
3905.7108694295
13.0427896244
51.1375820763
12.6544894448
11.5537987094
42.7571283265
39.7854471482
9.5983642056
21.5301727353
1423.8698542024
1414.2713186129
7.4362439839
161.2753560781
6.9803328218
11.3390849208
15.0537883578
115.6363930695
23.7155044816
8.9470037792
19.0839721523
29.7039629387
132.4723106772
60.9781297217
33.6234735837
9.5401850695
40.2321107844
27.4191472113
7.1788279912
19.2946852994
19485.9490907846
72.4420840423
21.7610743614
15.4648045002
17.3540561012
6.5695007126
20.0353470971
20882.7541350921
242.8099623304
26.7286094690
22.6097209072
6725.4794621497
16.6106466759
15.4796418466
484.7940429429
1626.4589828483
9.9169719340
89.6055364873
60.5337027667
37.9666826727
6.1227444141
9.8344633070
968.8328614480
31.3398729429
58.5674294553
12.8737279576
9.5272632083
60.4518830812
55.1916351327
8.7438610091
8.4648613434
124.3865160585
23.4225804043
21.0690260223
667.4906926127
8.5814501133
240.1456402036
9.3621289058
492.1259032550
73.0507094495
75.1391160794
21.7708062825
6.8728275574
16.9593913117
761.1355052521
25.8390571330
2500.8745490620
9.9535394230
344.4472943040
18.4929308608
8.3171539153
9.0354849008
14.2818116176
80.2419984968
21.1056864728
79.7874763012
129383.1189106273
17.5159311423
18428.2422975702
117.2506968271
7.4396427096
47.6939188775
627.8794662110
16.3085334601
6.7587887387
11.9322411444
38.3900915888
16.0957764747
72.9285623703
12.9590924203
6.4236166145
69.4323032926
480.2476724631
9.5888745669
24.9609212157
17.8545947166
508.9377876186
20.4087967299
9.3262362524
24.5774565274
85.0687236377
163.4769791892
13.9708299837
33.3014773368
374.7061250837
7.4252717998
105.1162164792
315.1614062672
20.9022604915
11.2904165832
44.2857386147
172.1630623778
9.9122635480
69.8884577642
12.3458385561
11.0318212389
78.4732958550
138.1891640351
17.7159957536
371.3044269032
35.1154778420
22.6762830484
494.6416583811
20.6647041017
20.4457496195
32.7278438687
7.8861017598
47.7942542023
11.2977354272
1588.0341911223
16.6522357236
9.4355072690
393.1170694477
17.3097232139
446.9900396798
281.7433597681
28.5177540632
4242.9389063318
23.2356155653
8.7017374175
41.2225459962
17.4140496913
62.4187689475
124.4970530247
374497.8873963516
24.3927005412
77.7903221259
16.9022159845
12.4158575107
605.4554382669
33.8056122740
5.6606689017
6.3570286416
10.2939683262
27.5952455252
80.5510543678
13.1760245294
5545.6171336015
3180.0196110387
27.8583258312
15.6880438913
12.3146842362
18.5893628284
7171147.8554046089
170.1973397398
35.5182994560
24.8722930167
20.3091348866
6758.0522129136
12.0943533949
40.8860129468
6.9737928301
9.1662318874
139.7353357603
20.6898126029
24.4230522454
10797.7148261774
8.2815056839
18.3504040065
14.5175855667
73.1438837425
28.6299194617
8.9612089064
12.7778987803
24.1530161246
9.2345988798
26.4095575774
10.9715402719
16.4244556341
7.0084666822
2474.6008383355
19.2009398603
38.5542787158
8.7994599015
42.5729644879
9.5853073179
17.9940430297
13893.1948699188
15.8936527048
87.1206371291
78.4733776102
15.0879022840
7.1484983757
32.6705641824
124.9818789076
21.7406227947
1161.3892942102
7.8804871217
10.1615554684
13.5541069899
32.0068087694
496.7529203685
57.7273568010
306.7123528645
64.2478107669
1095.8966075669
18.1109520295
95.3980788258
11.3489346837
139.5379560577
7.5137254588
170.9344793022
103.2187412805
5.6336424891
83.9401743572
19.1965629853
75.9560813909
51.7611066327
2423.3647175549
6640.1157978377
22.0275947022
11.7326775556
51.5907775287
17.4839143607
1859382.6047297297
12.8241791836
12.4598846393
6.6133634510
595.2282071010
66.9544904070
208.8345906494
5.7421470724
37.6681062378
8.0524799109
536.8820905972
12.7376039403
7.9007317944
52.1506938858
749.1579793272
18.0325827296
47054.1709766926
9.2355516818
56.5284077282
117.3715272454
36.3746828948
131.4676562596
6.4539878735
62.4864138112
15.8132281859
7328.4689278937
26.6375487256
162.9455880249
7.2369762879
49.5995466109
38.7465477990
7.9174738093
11.1554673353
52.2604684226
15.9668359385
555.0970437070
28.3319826898
13.0717228995
22.5070994614
511.4729904834
36.3047803676
17.2449911371
197.3493069073
9.5701326169
35.6177344752
210.0040675736
137.8220752607
5.6501841388
5.6947072181
29.4794338877
55.3471627494
19.1778528356
74.1662911407
11.8719287278
22.5931223684
522.7988702616
1210.6524576305
7423.0382115602
25.8226219424
38.4406353906
287.2865090848
24.5669238722
6.1516973447
6.1638027041
350.0751318721
320.7075091999
27.6535297190
7.8270485146
105.0386021637
8391.4057398152
11.6707772266
1326.9252302616
19.0971124184
6.2054011409
44990.3730408389
7.6142103418
17.3093461976
74.2305413011
21.8849081043
20.6030145989
83.3183950564
48.6922519232
8118.9491480505
9.1864502956
5.6966877606
73.0463671857
18.6425979692
10.8425766062
13.9023460518
193.8765148323
10.8463292021
176.7890158125
993.3060071190
209.0519319248
19.3697226859
22.6634435881
210185.2977341523
13.8118529964
48.1101286692
5506.6905016782
64.2993493184
31.0315774162
27.4946671704
23.3438161392
15.5589419820
16.7240104352
9.4932707075
6.5147007639
344.8319220715
22.3317907878
179.0323807701
6589.4048287800
24.8884643415
47.7141415837
378.2129883184
48.7370316915
9.1255524543
19.5333772090
1245.2013994677
8359.2359307359
976.8196235504
5.9475400059
95.3776056961
7.3852907274
12.4730036871
91.6714012708
668.3123669353
130.1796954009
103.4306491207
6661.0865664947
12290.4745988888
7.0291737467
6.1428521947
8.1655474247
7.3363841079
31.5843771406
28.0766673935
36.5297195621
5.9616711347
1360.7371257409
14.0481386945
20.8715597691
61.4101684630
20.2605709301
336.4215583500
40.6688807368
20.0430789452
6.1206657609
35.2872197545
25.7821186134
22.1021934749
915.9237545580
107.6063141581
13.7400686304
20.5321742829
1051.6559277196
11.1270373162
6.4413634271
267.1380747169
12.8045552083
230.9007261242
1735.0700249559
40.3509406531
7.0543319731
57.7528334696
10.0217704625
103.0022929948
33.6126947825
205.3233511702
4305.2271634615
15.1347611960
115.0108153872
14.0975294751
1278.7712321473
20.6419487983
13.4738990272
41.9356266067
12.4916391898
39.3573695591
376.4091786486
14.7394306437
18.8804093269
33.2456471073
6.0430898887
15.4638919331
31.6763036730
29.2523257190
36.5188688268
412.1599253363
7.7797393490
23.3620479026
94.3713614385
107269.4268175327
11.4922808772
87772.3969240094
21.8052258847
125.6601720734
66.9172293832
22.0173349156
5.6271833466
70.9624375020
1685.4344344650
9.8120576988
56.2760570309
37.6056119062
24249.8934793057
7.3908362968
9.7855914075
16.8731237013
11.0634735562
194.6006499579
70.1946985393
15095.6173009998
3007.7404810492
8783.5048538523
2894.9470826653
5.9159309085
39.4363489245
28.6915999140
7.9050541353
6.3045814321
40.8693078334
16.8189945837
79.0555635836
5.8752537250
511.9188293908
298.9627514082
222.6007833375
31.1898926252
87.5322814465
21614.4442070606
7.7083713097
741.4691767486
61.4414498935
12.5546737012
40.4003299639
59.8801256990
14.8901052201
61.8619742987
17.1808775580
7.8699437872
21.3924056679
5288.7412306631
8.4099235833
6.6498989680
175091.6274813093
9.4374099789
16.6064013323
529.9854365870
53.2086615793
40.2967930205
6.7838755598
13.5143125549
269.5951258055
4044.8255978675
7.7196078930
6.9349798077
10.4487207244
4421.8333962687
126.6199597159
135.0181056724
23.4188152446
193.4358685881
257858.8167957532
20.2770352436
239.0294001470
7.3796054293
6.7917916968
24.7616893490
6.9073676452
4496.3227542525
6.1918478760
207.4351698742
133.4850597818
34.4200552315
157.3596136069
51.5202735147
46842.0849928876
13825.0664332725
22.5241639605
245.4601590938
12.4345762225
3096.8688083592
8696.4408611738
238.0112078904
53.4259414490
36.5510604588
5.9756856692
17.1333686633
97.0013046441
95.7659162966
7.0196680254
268.2209232832
427.9520706349
13.8619287337
118.2390216976
2309.8055082173
15.2519638881
22.2336446293
7225.4800531915
64.7028608401
31.8995725165
290.2982971583
81.0430669982
1019.0388102335
9.0185420226
25.2245729812
21.6865077453
238.8020405453
21.0357179268
98.0435742469
57355.3022798309
675.2680324595
437.3495556843
38.7568144463
17.0138834688
693.8670781563
12.8908021448
264.3015309473
2923.3812436533
39.7842039609
7.9540917911
10.2515964993
842.9874365306
12.6555400194
1030.2456862655
36.5261240365
511.9950465692
181.6975233757
182.0331904507
2585.3988015608
374.6320255717
15.9427056327
34.1904210396
785.9747320178
88.6623957102
45.7823890740
602347.0725383353
53.4909047828
5.6054544871
2069.3374751672
98.1485609531
20.3957990279
8.4963857663
60.5068062413
20.2184290992
31.9508751293
41.2101587611
11.9776598671
20.7276238840
15.4977026848
51.6213961745
36.4522617899
47.2988439406
23.7227826941
2897.7703212493
12.8978112643
131.2776288452
28.4073142916
27.6682979185
9.7776357460
18.8115083860
14.6206865829
11.5530757080
331.4757815277
1659.9564310854
32.0817276546
10.8992238147
29.9039049162
83.4459200491
113.0632157397
631.7961880063
397.5249332306
69.6101896423
6.7498287048
2120.5172685741
85.1755686825
10.5720557670
7.8431602947
103684.1421578232
106.4494995052
710.2206506254
27.1513955679
65.4408209157
32.4766399423
19.8303536563
24.4938147271
25.4403784621
16.6194896416
3855.5253534494
32.2692314771
66.3466279537
85.1924048918
4541.6540189209
35.2510405314
238.3255121018
50.7288724322
6.7961527488
319.7660245793
7.1253579154
10.5232640618
321.6546965045
7.7164041000
247.4118290663
11.6433185894
18.0794030797
62.4629450711
33.1950601932
547.1721737467
19.7007391986
31.9965072383
11.4436427333
651.2626781149
16.2635682786
14.0420394236
15.0205316339
18.9509597870
31.1978775504
10570.7167531587
8.4324932542
21.3635611887
17115.9029208246
65.0681563610
7.6051360049
43.4134603267
10.8300294856
120.2645604139
18.8344488638
2348.2247030247
5974728.3346938780
334.6344234690
15.8945283412
11.3315921819
24.4265740783
100.5460355022
64.6515776906
7923.2802377887
12.8145875506
14.9068065919
72.7878956390
14.7357030983
57.9880865784
271.9512872707
6.1422291868
29.8793703807
70.5031180033
69.8989028840
213.7994495915
25.9457047960
6.6483889170
7.4924593981
14428.5848292223
5309.9115670113
10.9330514350
112.6742242295
13.6490622433
6.8643405010
5.5890156279
8612.6620131142
762.0875551721
140.7812590993
24.2944407855
33.9582342705
9491.8731858362
31.8932795447
73.1185024210
113.6605222898
6.9583192383
779.7541654558
2131.8570463492
146.2731872340
159.9899762504
18.6397407891
24082.9216715825
86.3348118125
10.8554385254
399.3441121537
8.4649970708
34.4544078953
1038351.0238280083
21.4883202857
17.8695986567
7.4231368997
723.4992758196
7.2787418290
26.7780317280
9.6272459716
36.2662349061
45.3335036616
1588.8687118925
9.0890927332
58.9810888519
8.5202457247
8.4945218952
23.4698999911
10.4059310260
163.8196828791
694.0029140111
788.6417371966
77.8236795671
688.7180456575
42.6376860540
1989.4208691273
138.6274544275
113.9435561947
28.8638394374
6.5018841938
49.7690262089
47.4285916477
14.1220825227
7.7629399872
70.7158182027
14.7762940761
779.9825083542
17.2389425044
19.5761491571
7.2049198842
155.7815661588
8.3542641991
11.5115678394
26.6310358238
8.4490181370
100.9484053728
22.6553316335
9.9488863371
56.6609972769
1002.3258523606
1398.1605079566
18610.7719288641
313.3058428469
12.0807760827
291.0395598015
20.1582404250
56.8611717173
18.9716683115
339.8632781961
12613.9825407344
7.7750325398
8.0424234386
78.9335331475
171.9876500386
1824.8870303242
52.2158733946
28.5425731153
34.8405225452
30.4606251723
8.7736623948
73.0134845187
8.1075708779
21.6879704108
556.0978406992
1067.7353520465
6.1057722007
10.5685693426
28.6804900699
6.1905442166
24.9598930913
391.0267165346
43.4020389147
27.6208025973
16.3920225373
170.5977938178
11.7323358609
43.6356986208
18.1623098751
102.3241440719
8.0855894207
35.3917435733
32.8001397755
12.9156277508
14.1650387758
17.9532267254
9009.9959427302
9.6500215918
13.4984931472
3750.3822444955
757.2948618759
292.9991084115
44.3257940759
101.7060583499
362.2844678720
144.8242996719
24.6826935000
5.6787593211
15.7810289219
166761.6398895790
25.2549642110
28.7491101093
1209.0089735358
7.6382517551
18.4673620251
40.2497088123
17.5385436397
640.2734920351
11.1194679833
6.7264085992
1793208.8057315827
1015.5651795591
19.7096496804
262.6868451944
24.1655662022
12.3395018208
9.0807903958
22.6366047021
38.7573640741
64.4529667873
13.1177953400
34.0935731590
693.1214907328
52.9035774248
23.4044031877
8.1940053440
13.2729270479
141.0226115008
49.9161748386
292.3847802957
7.1599841646
51.1444643855
38.4429465787
31.0808457663
8.5499208434
143.9564619537
43.1696368512
39.4293957923
10.2878876528
17.2378218904
20.5482310034
10.8111775227
29.9874481010
65.4364964823
16.4839994042
1161.1306425152
47.5299455117
8.3700236186
41.4603907065
8.6381335758
5.7021664907
374.6639030061
136.5344627751
408.6066978005
98.7659888236
25.4723794665
550.2849601916
34.8594458408
14.7456633682
10.1211075352
1131.2566881284
88.1316292323
77.9005858087
10.9904394065
12.7996836395
103.2890508702
34.1000686163
21.8999783814
10.7587844721
50.3360343772
52.8197663351
52.7195256405
6.2016635070
7.2848058580
13.4179628626
16.1791810661
6.4821053439
142.9266198272
49.1330021877
16.8931187677
16.4486432315
2888.7051385071
192.5404478831
6.3357121751
72846.6174871343
75.5675861224
48.3471121071
59.3047420239
5.7315674967
2481.2144858831
39.1865176787
127628.0169068184
17.8140292150
77.9427831373
260.0095956633
31.6972388266
9.8965164139
14.7606384967
15.9734095908
9.6364725037
12.6894130647
23.5858479160
43.3298542463
93.2606741553
9.2695591878
177.8382178287
36.1481517302
8.5542948907
29.2348680180
10.3432491606
2114.9379963038
9.0581782386
1481.9942107874
8.4377819317
37.4821887946
6.9453905477
57.6852245531
275.0233447583
44.9847359615
10.1473954985
28.4297171658
15.3602338220
1713.5215932212
8.7171272243
50.6558795324
160.0339853125
108462.4339226434
7.6838054045
29.7964636031
8.8312906172
29.2162380464
303.1713569380
1633.5791936212
17.4970104603
7.4749411458
12.9856507745
8.8460680874
40.1348141786
21.8667002259
74.3532849487
13.7242601561
34.3137832775
72325.1936500301
9.6985429551
351.1403020276
9.7139358662
11.2574451081
26.0337860610
6.8637111244
72.1517832968
12.9501770773
380.6573978829
13.8529434544
7.1214165315
86119.3920436414
7.1866306059
12.9870092312
2203.1010183374
39310.7879274800
25.7049106902
167.9368181833
7.2835691390
7.2070110061
176.4790019483
4863.0394880961
55.4623063779
16.9068710407
21.4548994990
7.0916162868
358.3645173564
8168.2481553613
66.7435898297
17.3837001814
22.0162420386
325.3892948390
16.9489507597
260.7492268822
22.3493124420
541.6436357772
15.0873285332
28.8881969131
11.1447780153
19.4943687535
13222.9906182673
20.1283681638
173.4885811789
75.5529295767
15.3561846592
198.0828241690
7.4355688248
6.5531683283
929.6019727975
60.0169258982
92.0503700337
2139.7835264049
15.7525920822
181638.1286883334
13.6605589666
11.9837740767
42.7553003055
131.7332088753
6.4733092286
6.9773221979
12.4034365933
18546.0025824237
36.5839612918
915.5668136805
22.7681749788
3825.6607526413
126.6679954301
65.4087548411
725361.3332877461
27477.3286036036
5.7147666732
418.7880088073
100.2954136147
13.3044957831
7.4770618525
6.5117356165
7.3983264872
6.5226012012
16.8263457156
11.6215444099
18.2006165772
13.5314417145
807.1540895629
19.3893583273
7.0591202162
11.6171978013
39.3787267590
478.0681414918
15.4950186065
13.4332981130
47.1415407241
7.3148726619
674.6082856541
19.6739288745
24.4790912234
15.5496303273
10.5437568646
23.2876153481
52.2658622051
42063.3276086726
688.9098175363
238.1040498175
14.6379223277
1509.2892098686
111.1234443449
19.0428581256
10.7517986693
9.0502708785
6.9876777697
25.9177725633
20.4668960327
191.9983769799
216.4377267028
18.9584888972
53.1135965333
16.2001630435
6.9863603211
21.5545941936
13.8412503064
118.1122897540
6.1463003404
281.2500000000
467.8844918028
13.1453321262
14.1380038194
15.5381341730
48.9830635668
152.5162028048
43.3751077564
84.5176318663
6824.9755707103
1704.2673038905
9.8431699633
624.2213620041
6.8451956528
227.6265147285
47.5075256924
41.5093095894
26.5405191049
56.8059461920
6.8630940698
54.3510834963
17.5085907615
12.8408671285
49.5345699547
10.4469942829
24.0380124344
28.5626854209
49.7757866802
118.2304557467
3630.7946960911
36.0612464691
31.7269889724
296.4589261011
33.5542995197
11.3917582354
268.0525554981
19.1604365964
68.9548218927
37.5290064497
139.1079721293
2396.3155089518
2491.4127797826
2941.4362493715
24.8971193416
12.0542438147
40.5476095201
50.0073490681
3932.6842103039
107.0690340008
148.1759224125
340.3274740004
40.8679847367
16.8700690059
65.5552675242
7.4044975616
24.4101304653
11.9935454238
1110.2743506494
80.4735813059
13.1667229355
64.4550794774
22.0690115575
123.7341116684
35.2498618572
34.1369425683
145.8711535623
12.6701957528
5.6471828064
50.8107527567
2172.2950513539
14.1675063997
170.2522481902
52.3995447146
27.5498354803
16.2503412060
276.2002795371
22.1023499537
17.2118253878
1269.0447965199
999.2363094035
33.2769085572
6.2433484769
27.6261400810
15.9174417591
12.8093021454
17.4699190612
234.6286991563
1358.6388122096
495.8853570737
775.7209540481
17.3158435558
72.8849053161
23793.6653917784
26.3601105601
5.7378282654
44.9776125708
23.5577529957
10.6860325339
31.3982827459
77.1688929341
18.8889056075
24.7466656632
7277.0514334854
16.8885345592
133.8359612946
8.9599356720
26.6603555924
8.3757919838
15.3490485061
6008.9854198763
37.6329643346
82.1795189266
7.3320502138
65.0086216695
29.6485528319
476.8721930713
16.1060845976
7.1616577246
46.3541019570
1401.0587019537
8.0150637393
14.1077421863
8.1050387082
12167.3248821484
1831.0395830305
100.7625696946
7.1114397753
288.4477650125
45.0939520983
3513.3969939844
7.3483422272
38.4924552137
10.5972759582
9574.4792319922
21.8199408540
11358.8188126701
6.4225303225
6.2979620731
33.1675955665
36.4798209700
5.7702251240
9.7172417794
11.1925060612
14.5387784999
46.3692046658
8.8598946792
68.5515697741
1388.8790643275
76.5456565088
484.1166796192
36.1531926727
75.2180987312
191.6762911058
10.0413021856
9302.5120138075
19372.7518984509
25.5032620469
306.1553456215
46.4808190949
3232.8185952569
1538.1552414177
8.1073899208
102.5213241180
11.7555631172
7.7052381934
10.9104551744
30.7538917149
25.1558793367
4410.6624355969
165.0166185871
19.7928028314
10606.4065424110
106.5961692290
73.8620767598
5.9275548235
290362.3380514994
21.9882275997
45.3306269882
30.5861428039
10.2157552498
365.8250495752
152221.7202380952
119.3076774582
424.8274783302
132.1421843234
48.1934058002
52.5411363359
811.0733301587
26.0412699583
3159.3865912891
3947.7461411128
27.3661704699
61.5607000284
24.7037175257
14.3576597922
6.6920201369
10.2582809653
363.8163760696
11.4219025081
79.8106199276
6.9138291828
9.3461553211
81.3755853796
336.1402754745
16.6421642217
12.4906908720
17.0497402801
26.8558755047
3154.2922223444
25.1453937477
7.5061520374
6.1341631372
19.7105125449
39.0745658842
10.3403418404
270.2136409320
331545.8089490195
1322.1247501697
63.3584447817
32.1593958706
9.5392202764
35.9786467254
7.9635949698
27.3991540018
29.0675112565
6.2379505946
23.0898406316
16.1472366082
7.8236351182
44.4931168308
17.0083486603
3156.6086379966
63.0080662630
92.6285068224
17722.4480064761
19.3842901847
28.1822797646
12.4011700202
2222.5516656275
7.0695954254
22.8109284472
12.6636863705
1990.6411456018
50.7975619681
6844.9930004928
16.6165077289
54.2986612848
7.1511023079
94.7053482462
16.5786136473
219.6074870896
187.3294039390
27.7081834096
40.8188676959
147.9751656999
15.8752262899
35.9739676562
68.8867699416
190.5970678853
58.7501707294
9.7206023596
6.2973931054
14.2762118026
1140.3141489079
13.4499390779
18.3903462025
20.3249107845
358.9791614289
213.6537401239
10.6919338243
201.3254206171
5.9762401478
122.7416160269
25.1695104803
149.3678403368
1627.1695405623
25.7468353387
24.7826753557
81.2441814951
64.6377224854
22.4219445938
142.9189134778
34.1096693046
6.9768373158
160.8837133523
24.6667429664
37.0377627243
25.8839694351
57.1800530614
44.3355920795
16.9042169781
290.2428898589
14.9807206486
25.4834351913
104.2410788172
11.5749858476
8.9735407783
1958.5344959196
9.6053972793
118.5076887232
163.5169462110
42.3456705803
76.5030428026
41.1988666343
7.5040677879
290.2234418633
19.1451435771
24.7702772244
59.7307077689
32.3002345744
8.4293573342
28.0337551588
38.8074035132
16.8279695631
282.8660811157
21.9121480989
10.2429107206
23.2504446184
18448.2744195663
6.6070843694
9.9539666518
10.0247344358
8.5464085762
10.8315265815
10.6199963574
45.6015834984
5.8947397622
23.0951999493
10.0602044596
73.1617546098
37.4115598944
19.9490246828
11.5996010915
2221.7886712234
16.5128314241
133.1254723427
579.8052662980
22.0541068266
18.9907120078
15.5091242619
29.5017523734
23.8723677357
120.7241683634
5.8888876737
44.6443031259
9179.5026425750
221.6967859476
974.3531950074
100711.7689742841
2317725.3750003781
46.7821236342
64411.3127348487
6.3776888884
15.0590625979
6.3097361955
437.3605273544
5.6361977624
92.9134103563
1043.5026327265
43.6797376233
38.2112439621
17.2209249799
303.2849529383
8.4006519834
14190.2394431053
6.4309936155
25.2641244812
48.4766980865
51.1522217778
13.0847641821
25.5377605678
5.7397707359
5.7514725099
60.3989542471
760.1646791998
5896.4884692999
619.7784814591
34.0393792055
28.9535023489
184.2748516026
46.4083598477
11.2876905929
6.4945517501
272940.5333282727
5.8899643286
10.3453792063
10.3980849543
1723.4238522370
20.0899001802
154.5807916128
