4851 1228206717.9223594666 0.0008617805
1228206717.9223594666
549497764.1934763193
324480623.6310371757
211198948.6917294860
179131217.6343773007
131172143.6177507490
114064004.7117005438
108409824.8780369908
89455504.0404182374
65702078.9184080362
56504317.3323908448
47839754.3914379478
43493569.8703992516
33106674.1656590514
32932310.7931473553
32692893.7361578122
29094005.0564089753
28288760.0944665298
17742320.9088241495
13097643.1387497373
81811.7618495494
503.8025257165
1780.8761707985
6415.9934541303
1486.6202638905
755.4380845439
67192.6662313745
4612.1326613390
1498.9239793651
10017.6046524268
27335.5667699990
603.2374789636
1939.9719097688
360.7843416969
21556.0027697886
2956.9951571735
1971.2573890765
584.5031002192
95851.8510753846
2446.9037918073
690.1158712839
87546.7446326674
675.6081713111
2377.3140113771
13864.3311651654
774633.1276445311
5237.9136106048
2083.0827625688
5591.7673552194
42265.1605967012
17925.2369150418
2748.4986071261
1871116.8814813462
2150.6428413289
1126.1810314443
41231.2244236553
2468.3349585714
4637.7812573005
1432.2564439187
366.2638247118
62834.7836480301
2483.4288133601
18774.6893641250
492842.1908761773
121489.5394725779
1639.0788501064
1613.5003960176
6972.5056382883
837476.6839871890
395.2632256946
72917.9208084512
19088.8758542591
639.8495348017
980727.9831506172
1174.2129717330
1838.0020140428
397.2020184654
1471.2854614150
2880.3249243257
1005.6409375491
1055.2081410310
781.9191197984
1923.4021502433
2955272.4114736249
1629.5795705508
751.0843054208
4213.9049663298
3871.6696904172
2068.2393362694
7972371.0553421546
4484.1145170383
1414.8186527130
1279.7385339438
2275.7214327529
2419.0340668665
362777.9114601694
461.6105918532
8472.4037442778
451742.1873611741
4518.4918992673
1012.6686120400
844.6961616856
1175.2146330487
191676.7227073234
1477.3556385679
460.4848342527
18494.8630801530
1012.3332474540
434.8788159096
1776.9148542030
24878.1105477638
549497764.1934763193
725.8570869086
1414.3600134245
2742.1555757343
1465.5414729449
537.3775290919
1849.3818065104
424.8588113787
381.0269848295
424.9033240642
1507.9464570417
2085.5071367199
640.7821659195
1241.1619966755
2643.6727201054
641.9297100759
692.4453457316
509.2876265617
1924.4729587544
4022.0031009815
1577.4997915893
1281.4043724124
1501.1725458814
1387.0233355966
10142.3742518296
553.1002337448
283076.7186657081
37929.8606862344
528731.8266836713
1030.0976285021
846.7019044467
3498.7982726646
2913.6797137185
126206.4288164632
66764.9460091864
755.0543834136
951.0699807434
4077.1634482887
8479.8336255287
473246.5911488129
373.1708582384
5304.1905089947
6466.2367783502
2775.2840420423
1079.5364098748
973.6599497524
1419.5767014827
6844.1700508930
1587.6740616616
247421.9662970262
32385.9150762259
914.6528407828
3199.5223951093
2646.0431020870
3189.5989612458
722.7543120650
2495450.6270049601
1165.2343307768
1339426.4720070767
1085.5579923415
1216.3009051493
28435.8704472169
28196.6144707574
249926.1569743994
19780.4420344586
657.1011313590
62389.8196442114
774.5411161110
6507.1379081509
471.6317070482
773.0880851883
1718.1445916532
870714.9003701090
4887.4701416172
359.4062415320
6933.2617520683
324480623.6310371757
17851.7698500360
30974.7514258100
939.4598350523
869.6867601584
1819.1537297193
1181.5941492052
15736.1093559882
165277.2967152705
3259.5389712616
4841.2003916519
6069.3295699835
475.4680903591
1069.0479851890
1551.6746045889
55418.2925587076
16149.9721062638
3211.0831132988
5765.3142333913
2399.7505773519
876.1578195242
31811.7659950836
157960.5375859843
50056.9539917016
2046.6168633980
205915.9974405987
1302.0288104043
8061.6386925966
6608.0012697162
24532.6593653902
11939.0326726880
1913.0655943166
3488.7765884561
444221.8035351806
749.4484376601
483.2732280298
1740452.5614092413
3107.5829919813
3374.5049503111
127115.6330874855
559.3215959469
859.0221031061
4424.1150853049
1796606.1402762586
489.2075403501
246306.4851010375
479.6050316597
53767.7680481472
486.3953213379
404899.1779747457
674.7052169646
360590.1795768796
737.6353162224
6568.9682859656
23832.0628108723
420.2774691687
21973.3305633967
742.5166330232
2177.0042322335
1251.9150471837
1389.8412029044
72307.9507309273
24058.9375232180
4906.6955640473
7841.5743629800
1196.1348587659
5801.4587706283
3320.1537348698
78846.6861395393
12049.6221983004
472.7727820383
475.3627445869
516.8064821308
1361.4778047825
29218.6156777119
29894.5059943812
524.6674311080
1300.3709715542
77223.2321645656
4182.5524710768
1978.9239623464
703.7675400531
535523.6215608810
1001.1002721084
422.4039643374
1270.3424810148
4010.4039756444
2103.0179431782
44075.6109451980
1420.9597018881
1400.2022420016
528.6195503904
1931.7964186948
659.2055346544
397.3881523080
2059.0155163877
1647.6125313091
2434.9782871031
478.9557845806
693.6556046931
5810.5916077165
3064.4670676485
597.3842760475
579.3388380716
426.3711327346
3150.5972923433
918.0422908064
967.4997701394
657.5838800014
62797.8010621316
1240.1139542535
962.9877540288
552.0804518890
955.9075240911
6564.7606587509
388.0005653948
641.5805854914
1941.6538798336
14673.1052400649
1546.3132561100
28820.8064618754
1326.6832792811
2632.4055253004
159477.5843494561
2004.1892122545
1669.2930623313
447.7529233083
792.0772694760
623.3596887067
231469.1122152726
69948.0547458650
29943.8437708888
4141.5416580965
1361.2666917494
938.2619917160
369.6692488909
634.5507131350
4019.6813428159
445.7927175995
1488.8267938082
1625.1385945282
502.2156986514
4539.6153409758
404.8278715719
1661.2356735744
1091.2910935553
4664.2552736349
24833.5379339483
8258.1832529597
476426.9976499043
4480.2558105215
2010.1871481596
2138.7664257479
10107.9260774870
8952.4906834540
1254.7008849851
2477.0491888869
1859.1003111239
642.6720535455
422.6760436866
74888.8275577197
8943236.2095938716
11995.9727794986
637.0531141043
6831.4523524412
977.1374087730
646.2211041924
2735.9250502428
720.5903257717
447.2971871601
491.4473536656
393.2008655650
389.2651085672
2669.1789715833
2784.7277986040
42961.8635170439
522.5666397154
1175.3510759824
1436.5102639642
5399.3071407432
1455.5705386694
357817.6014129142
5444.3587994848
1681.0993461662
623.9279968319
531.3256892777
4460.8936577841
1724.5911731833
1075.7377493587
1831.0318379651
2608.3289994061
4206.4706097034
26515.4815358271
324716.7290833064
4198.7693325280
53059.4554048936
11629.6445447281
3768.5599494946
502.7143221046
2120.3232495727
792.0430379514
960.8070476148
643.2695039103
395.5159929865
819.8014866809
9456.0618459750
79678.8101096147
8849.0515780861
1936.6897770318
1833.2246654954
1464.4536935825
8201.6778172795
842.9606968838
881.7261067636
38143.4872521997
1779.0641880515
20024.5300689544
734.5106682377
395.9449274649
460.0625420019
1000.2042782383
2639.3130555829
181148.8320837680
47582.0580106538
3447.0595313443
9044.9037901523
170336.9662397217
31086.6461085920
603.2604267731
36832.8297460234
10352.3659039820
617.1317200951
10873.7157336556
4155.4419336024
47617.1237992782
798.4557581374
5878.9391360324
417.5476081465
1307.9224367674
2084.6272976635
588.7304542732
698.4361193090
979090.7276790049
81103.9030880685
18995.3021930171
2226.6028225081
29094005.0564089753
1259.0779443499
440.1254900998
837.7415868249
2576.7428796094
1546.0353167042
547.2735799198
446.0447478617
812.4221675011
952.1387239773
2159.0705395159
769.8656628454
1279.2108072488
2231.1619692491
24530.1640050874
100679.0623224114
5026.9248621912
3357.8445188678
187407.3226293394
338198.6426094365
125173.9592395215
3332.5245173851
1171041.9996826416
89455504.0404182374
3060.7398599884
416.8991573417
34587.9356593747
587.3689434914
11682.4392124955
3406.2907247854
4879.6286783719
25196.3459362863
3350.3180466449
109455.3493724380
11982.8673821674
4887.5438617506
8360.8034891622
53908.5429009264
487.4226174110
760.6704843736
502.8793641095
1879.1101010466
1005.3851881560
474.6679957860
673955.6601619428
339061.7523741171
10104.2943392401
814.4930131644
549.5326119666
91095.6820482458
754.9114593848
778.1551332730
828.6894351323
485.4746503049
1656.2947848174
9834.3855533029
1147.9457815338
2226.6108707584
2310.4299635259
5737.5111544175
64974.7806046832
23663.1146552430
1461.1716875116
1339.5081101146
117068.3885299445
688.3670249907
1402.8768282366
37281.2176944189
1819.6768007281
2123.3576413166
831.9215674157
22490.1059115139
1119.1366047468
57598.3760211638
2798.6556068353
1308812.6772559690
8143.1251444322
3249.6644080334
507.7453640607
1972.9530805986
1275.5963904164
4162.6660716432
1463.0946397230
706853.3350907057
726.0737604122
1184.8115527640
1948.5021883081
4054.6802388171
11594.0973814758
2480.5949320169
409.4521586349
5633.9097351035
756.0487131658
1820.7507988277
521.8900971798
885.8766281280
2526.6428890396
935.4976334502
2226.7832129049
8665.8763624226
400.6795462278
7629.4277698680
66819.0194688761
745.1674523941
1099.1739398458
16013.1984408219
4752.1661077594
868.1913257145
411.2912367921
4813.7925118505
1136.1484963941
10974.9564006546
809.4835355989
2745.0326126046
1954.3241772018
13401.4520911159
31363.0614584969
10277.6570303513
5716.3333426806
774.6237593045
1272.0238629064
918.2533083027
472.7851247899
10255.0030403156
2458.1104891635
4749.9913566411
20153.9915204261
695.9805112501
33260.6388105715
973.5379191004
461.0360226351
532.0362231417
1626.5541203012
5003.1093290567
9707.4496944280
114857.7485548010
919.4944362869
2564345.8813343262
5862.1155695328
399.3359179176
44868.5541273256
4515.3311038261
2008.6245385210
2214.1291450230
1532.3124013135
2889.9695004938
615.3758816345
1508.7067671627
1900.5833635103
1132.7856734279
850.6527919027
444.9517588942
1286.4046862617
24906.4262402107
4023.1512929069
616.2199634467
56078.4012939082
450.2823446765
3312.8256333094
316564.3976700173
514.1616511067
604.7091666658
15525.7082234887
2956.7682815000
9860.2639174265
1716.2484126234
223099.9291291826
2921.0864454853
4031.4126033100
3059.9693491402
567.7099336316
3511.2483304863
1021.0046103779
44439.8529062092
1548.5529754044
23827.5960101106
1422.9312998061
1080.0381657853
10900.6841323375
153301.4327736318
1575.2202717445
1126.1699669346
586.1858805747
698673.2696249676
379.2332481247
12370.4352088356
1164.2904179033
680.9193712104
1039.1508506269
18338.9136213968
1579.2981468791
372.7367168052
2223.9467425539
976.3103776769
437824.2052198670
611.4845715136
530.8768931063
641.3157326656
4883.1970204970
4015.7384771829
422.1321222423
1097.8263592501
1105.9229482772
1010.3106614951
697.8945007700
685.8523262318
483.6285968440
1521.3863411690
8399.9693391483
497.5655414107
1634699.8778891307
358.2703735478
1396.6885513726
205180.9584542721
701.1377671388
1559.5684567249
553.5330466897
1042.6427828250
1242.3508723348
26642.6836114373
2920.3867646114
460750.2072338241
1616.4557618869
503.0174319612
662459.9165957019
476.3038032004
1627.1302642166
580.6518870947
1092.7289948811
1868.1136973173
41447.8207155394
29857.4141201283
7638.7358681785
140718.7691080107
77328.1893610762
423.1426196466
7064.2420670411
296037.9973400788
803169.3180300501
2211.0135529186
6037247.1119077187
2236.2625535262
4290.9347479263
3180.8151857240
1232.2534640472
10340.3235387837
675.5439242010
1872.1583260901
13858.4783924103
839.7398219661
4071.7794865789
507.5630272616
1551.8894311921
2367.6375824817
2815720.3379617753
914.1298348484
638.3825322053
62565.9419264341
723.3074769370
467.2078296888
8700.2653935442
789.7368009991
1080.4445380204
1707.0516627526
424.9499607745
3438.3935864052
1075.8334039336
2277.0418185015
374.1373891528
1473.1106720126
3739.8155536947
1853.2640814871
832.4307365678
917.3969453438
2303.3297360388
28288760.0944665298
623.2850589134
1049.5701876188
15673.3375747286
2732.2138852081
860.8515027076
1482.1222459837
4652.6800535665
1422.3136531969
13626.6580710365
2357.8243989642
4170.3800877681
22043.8710853801
3898.6569512468
139207.7600379629
1662.1289834936
1448.9059724749
19313.3175727426
426526.6332405104
387.9795852172
13002.1125262783
617.2299720535
585.0036544790
433.1485905371
11001.4617957774
2686.2162978538
1928.0162068491
467.1839696701
4237.6832599124
2828.7497963169
133692.8649551467
3327.8429821536
8254.5493643786
2539.9836005383
727.4615380737
589.7737519252
533.7352858940
817.8017075935
456.6291857153
1041483.6513699337
943.5301165314
366.8681569904
31589.5489179836
678.9060098190
2495.7635879486
3483.6830492385
5357.3583047386
724.7436308177
4130.6164647781
1940.5217693097
1361.8012157834
566.3550729682
1081.4056549627
1109.0883833427
107488.8048560058
577.6411862244
535.9028665663
638.3949305076
20628.8869120467
2214.8242370945
9984.6995934115
408.3212254892
741.5431209941
834.4328921730
21388.8007423435
1468.7846986742
19194.3233006519
3734.6533516097
1079.2643174020
369249.6114926769
511.0513871660
3176.1731286680
531.8375054016
697.0083063053
533.7365651788
746.3082849488
690.0747612847
2824.7921539738
7775.5487175532
8865.3401190623
11761.3502427251
1138.5849298546
2849.7242987191
983.8574736023
1711.0281665826
39699.5538309120
658.5948516048
1713.5422723463
154867.9310242083
73143.7673972787
185219.0961410647
43417.0522540787
62088.6618336395
394.2139508126
78340.3304940583
1712.7265841012
4146.8246450163
42200.2603718192
53773.7393769873
3911.6048346456
24548.6938756883
3248.6896643253
1096.2289938658
1540.8624162026
2196.6249310469
2365.7875394619
3270.7832003883
2483.6011321362
9736.0492647936
52148.0775713333
1938.7955897740
51920.9175468171
671.8525804613
838.9690859100
494.7082354793
3178.8660041464
5649.9573450426
4857.7134079202
701875.6707373328
6083.2096856562
487.9782017486
1100.0184084316
1928.6535660856
100844.2016453313
3017.8934090071
4626.3397490624
394.2475882798
1313.8167153989
1178.4658831860
7798.1081024470
721.5625894663
1076689.5897313200
595.7083198725
3089.2758063305
1249.0574176012
2447165.5713372077
384.3320344818
296322.5383741919
84195.2696898320
5115.5493936743
33630.6705142266
2586.2631142331
468.9456102543
469.4850109253
15289.2785416179
11760.0800374128
16433.6751001758
1279.3143711021
716.3098922816
1993.0142370284
1662.7140448453
591.6207387001
402.4997153365
461045.1102281861
3959.3485343720
359.7201059705
531.2699041923
2421.5511938490
1430.6468101429
46515.4138310169
739.6359721802
1307.2117629431
572.3771044100
3139.4253524363
802.4494727687
1109.2955977488
10512.8995878941
497.8754191475
245889.4149658493
621.1979961958
668.9227314837
67174.1133165179
22728.0903165233
1479.4366892305
659.6870404048
17775.7305621287
1172.6936035501
1086.0218507790
1505.5011851736
480.5444200706
1190.5601788321
400.9427145208
650.0106485452
816.0879481534
1914.1401210397
2172.2855431571
4490.0468064722
3175.1394655128
2648.6414098931
13184.5685541094
660.2547083325
686.0536365847
1774.3842062947
9216.0984282691
1630.9369033130
72192.7873587552
1087.5462485349
610.7622516701
1938.0332305409
34697.0091311103
1497.6144453883
7289.6862769540
1140.0456874979
390.8940441808
410.5078158114
9991.9419239811
774.7511944902
6769.1596977066
8383.8244465858
1133.8538245969
683.1389330894
40611.3247181731
1415.0070519425
5809.6158016115
1446.7074890896
10932.8361195840
1274889.9381991483
476064.9741936329
447.8209676875
2777.6932584872
672.2873559413
4943.5641893525
1659342.7312296825
5244.3061477197
4157.8500900706
1520.5159651823
437.8796731895
2656148.0979928817
1117.1510316121
24133.0888243432
894.4595949985
386.0554709616
650.4064039181
457.8570612128
52070.6279874045
100355.5916323292
607.3479703838
8843.2843323337
2067.1503826858
1971.7120452611
943.7130744435
2046.3734385225
7618.6965957892
2700.0567700153
12900.6314747378
466.0115527875
112914.1001433272
7021.7593888627
606.3852034751
88047.9669449987
381.7930070704
1632484.2239174815
1326915.3833610537
5426.2244514319
430.9694801844
2538.9315706764
57203.7948379694
525.8646405260
676.1078371756
1109.4197086968
5387.5890963300
12368.0551046827
395.1336295208
1002.2429632989
408.6890980373
2152.3221403009
491285.1342310877
323312.7863329205
421.0678223881
1159.0197928686
1345.8570462547
465.5138529032
1382.3654472175
3192.9960217849
16584.4453814016
43049.7806373293
2286.6039913155
827.3325772065
399.0439734089
7200.3731558758
25889.3096209498
4554.2733275796
3529.7991207544
378.4484597447
1299.9355519069
2475.9846452649
8806.3412263682
14824.5876416130
13059.0869873632
527.9505030373
376.0240951984
363.4521733855
131001.4214572393
2778.4151217487
3340.7092742648
3646.0613141294
851.0364541738
1083.1185648434
9899.8926216106
1728.1210795008
454.6663331312
116403.6650113259
3212.2515892554
3614.4950059972
39673.0759611201
421.0788344951
4343185.9939777721
2316.3142773253
32980.6932924711
1198.9671926586
3329.0235584133
853.7452953013
361.4208146730
1433.2096299564
772406.0197603154
471.5293421211
1262.6626586227
2554.3872729004
1697.2638013424
409.6750671944
3512.4152986253
944.0232354597
621.6400135713
570.8953851053
359.0750113303
1080.1385034774
3534.7263610467
438.1818194626
8675.4226343595
4765.3646734885
842.3077239804
3200.5467447207
627.0973982942
4661.4220682211
384.9229649383
17742320.9088241495
559.7417862720
1917.6592887873
204729.0506036497
3074.0917079249
2432.3214076904
2159.4325180266
4179.9927923228
455.8450693705
471.6258487266
4526.8155201297
3568.2284455028
2977.2606887548
1814.7385668749
1034.3704551286
157264.9879502493
514.5786632225
1782762.3497722456
705.0774427376
198176.3570097679
2215.4440882470
2258.3588208292
382042.2126705468
533.0449353910
418.6048114645
5624.2752563398
863.1251829898
6252.7529604363
2307.8777966853
7551.1864527034
2235.2730902751
777.1747791086
842.6517871902
861606.3123234547
3117.0655561271
484.0278026611
534.4953105879
3099.1836155054
862.8633790206
13407.3128023825
910.0153509936
1622.7810370738
9369562.3096822463
381.8217606610
1557.1737759223
1631698.5127342313
3349.4983564169
1581.6008164918
2627.6881380956
1276.8862571509
459.9351240463
365.4907188467
1697.4854930833
1642942.9440596122
734.4355267011
1058.7120112276
1255.8589516797
707.1268186468
636275.0868982371
28581.2015786036
163099.5612371262
2540.1703069640
722.3423587252
1099.1011495033
25869.6289891306
782.3704480761
38030.5565110166
263216.5465387561
370.8121012918
10193.0128590995
940.1730810274
11147.7511032471
2555.8907065929
2805.6540813886
2266.2457988049
946.1935664800
2034.7553161400
170223.3980757144
1130.4095230121
3332.3514967921
1278.9931181491
188354.4860949116
575626.5141356945
1523147.1019675336
3744.1880416949
1053.9496746212
1291.6236241419
898.7369831844
4534.2971586060
2464.7889057351
488.1486078543
63298.3829847804
876.6894743148
4547426.3135183463
1258.4258697316
895.6624111595
2300.8710233897
453.4899661363
486.3063383379
3164.5896459665
108854.6331216260
372.7081905093
753.8779592512
2895.9325304506
16639.7188410382
1297.4791833352
1769.3868826659
527.0098070389
1985.4740646923
811.9023801110
13846.4864755789
522.5004250741
456.5878835257
1591.0970278007
4076.4416356735
992.3464619495
2673.7449763878
2622.9569722580
14362.3771878650
1136.7666079777
45052.3250705600
1757.5767792876
11188.3384655647
571.0431205125
707.2410642593
754.1233879851
436.0661987525
347048.7506138425
1111.6476187423
3795.6243065225
39050.7487427059
20291.5809252167
5686.1713741236
3110.8795854433
14357.3013292518
885.2191026648
128873.1087403247
374.9057544476
821495.6541925584
1558.0009819149
594.8510870684
902.1905912694
924.6272605925
4398.3130272275
2459.7695208312
579.6635297128
617.5331025332
920.5962864008
1041.1295184850
437.0604625522
2862.7453591894
114773.7288607964
540.6766444276
756.3931352404
986.2341787085
10058.6019591068
797.7341994396
1361.1023008311
774.9179735507
41547.2643179729
2478964.0938052102
696.7118220950
761.4201219854
40041.7833114111
54527.5347546474
10513.2602826541
146120.5836939322
3560253.6348043066
541166.2419004410
7048.3542377551
587.7881323676
146273.3878728178
15967.9502912454
929.2212900861
1023.4768615872
906.8662183568
1487.0396973980
224299.8518670250
818.4793016534
492.6610746504
1763.1975687030
1485.2994440603
943.8679911817
454.4605343600
1260.4180125419
2948.0789585541
1458.8086830877
245365.9296569133
1674.8898472926
387.2108826259
3680.8869515677
776.6152858794
111275.7829534553
11765.6698191127
409.2377439361
863.3529780658
2285.4742473463
3985.4786526448
432295.6870906249
520.0648411030
4739.6376206367
1845.2777307310
108137.8345013173
526.1721050851
489.9973204105
776.7426512419
1192.6487135042
9796.5091095694
1310.6437151214
531.3318596285
697.9058764778
1062.8651421912
5995.3840891282
2758.7660002806
60120.3657214561
581.2802674691
4850.8611738132
79848.8043797152
6046.7782757950
1427.2329145113
17900.1157932446
6367.7687093718
375.7463478906
8385.7640504160
2797.9118172633
431.3698764043
366.2146998301
51971.3748750408
398.7388750248
2143.2025411651
934.0682574490
727.6633486510
2784.5250687169
16785.0666705703
1696.6972857480
2170.8873762797
1144.6546524692
836.1984358905
504.0876812575
132801.6825318843
6859.2420091890
92233.7326962207
922.2149156560
32885.3324231933
2468859.4886998017
418.9968733470
661.6543366709
3145.4550097367
6816471.2451998927
2358.4292306213
659.2519904033
687.1636227936
862.7868444306
721370.2161076940
764.3567865979
5901.7794533529
4019.7795909729
602.7968113760
1054.6802341455
745.9451928615
57344.3039430227
639.6329069516
123022.3421058867
17353.9897535314
3948.8188312449
565.0782312622
5374.5435126278
825.9311189580
483.3045693121
1282.3752103692
2564.6477417126
2102.4261082575
56504317.3323908448
24516.8402902986
505.2164698191
3210.0209913574
735.3446092894
7153.8301581550
281516.7609349858
5064.9436140181
690.6562164686
2325.9165081504
2142.6359669202
10259.8746698501
380.3930491421
416.3352496646
12516.6423956001
677.6985683607
558.1296969884
11187.6552122461
6561.6120785267
1117.0797969119
13123.7413965594
514.0284617137
983.5767029693
369.4064909468
1058.3032909720
3543.0408490052
381.1579614509
1005.8177968197
1172.9306872286
4854.9395494240
1882.2061053064
1613.4037449510
492.6765387532
1939.7209650308
821.5576361922
1364.9767453692
1236.9788342247
596.2637612298
365.4214531270
41210.7412533109
975.6951178465
970.6510022083
7399.9222879438
16534.6143618535
752.4695458179
999.6796237777
2068.6527188649
1270.5588304191
240972.8124585779
689.3086054127
489.7755219929
718.7051172559
113102.5432495714
359.5882582659
4648.5633556284
199793.9291368064
348651.1681967669
248479.5334430938
2980.1197572450
1736.8039193432
2096.7716885731
486.0563577105
1852.4045225770
1654.4041404261
16256.6623981491
662.7548333832
21589.5624156398
7633.8022612450
468.5467840098
1394.1743015456
902.2944155240
2927.9446675560
31934.6038737780
21132.6932143669
3135923.9719845038
606.1716666609
15201.4756087190
5521.9903064836
506.7179047791
11471.0091533595
5072.4420607163
7739.3758684769
7254.8938038594
690.8961897331
2425.8889489934
1615.8532131558
8460.2600409437
22706.0342610032
977.4357553679
588.7090387115
1536.3724509652
4888.1334972653
740.9026658119
1005.7377515285
464.4832861345
3833.2276862200
2682.1694322749
55657.4899480947
1939.3427287419
1786.9271131212
343071.8608938036
474.8649533162
21379.2934454862
4071.6331591682
2244.6037719364
560462.8754663176
781.3743249910
926.0803244066
14280.1927953277
727.6546343109
781.6531735733
1282.3118179416
537.7643221216
1345.3724789831
2236.7650117835
2537.6093204236
3441.5529816089
653.0511398245
42315.7443169578
1016.1689604920
8274.9180172715
4685.8436352817
926.3693562359
581.6545715390
4576828.2710867887
368.6102054067
43600.0122012817
5202.7144218391
1147.3054746722
670.0184782389
1351.3426261212
983.4184953667
3722.9283899398
621.5057432738
5064.5171088426
1318.0961985401
377.7964788380
10478.7931119867
412.1740848095
1806.2720482117
224849.7347961378
3285.9279487738
1659.5055937777
10151.3643573304
185783.0645704067
1147.1387488607
60888.0934854934
1725.9982939908
403.2855928204
784.8667561851
6325.7751442116
451.8554343322
498.0472143651
1534.5558498755
793.6042989043
2784.7719333307
1489.5987899674
20488.7195107097
334488.1486782506
683.2047040865
2454.7381751975
219513.0100388581
7067.6461229523
606.6869785414
83695.3108451685
6712.9221879973
3709890.6906446256
4839.5171861621
989119.8879456761
2303017.4308079090
2266.2840483025
912.0955657285
560.0874716545
3451.0770497340
4114.4223552122
376.0031275468
2686.2426109862
5351.1835956017
3098.1486910329
698.9034484599
21263.6426320916
3962.1446917005
3125.0983274364
44513.3779468987
82310.7547638814
1907.7426667311
2309.1193527494
7133.4772460640
62079.6206833093
827.9826059488
932.1548846662
53136.9686668759
617.0349627514
158086.1388245430
8454.8682323478
94744.9876661413
2625.5028759505
412.3940464229
724.5792753904
1472.6239765324
1311.7481927268
1288.4084468116
615.7606768384
368.7431819928
58718.0439890135
11080.5546397208
2646.2487677839
4245.2397918938
225694.3992550563
1714.1147322419
1278.4928558823
26046.2887781419
439.7944605272
3365.9487031595
806.4332633033
1208.0712432113
2356.3818048613
364.2253552633
1106.3558407291
444.0279720590
26744.4571640995
5759.8236895084
4275.6213705332
800.4329018322
663.6286051473
674.5005339578
26173.8598991198
967.4801641718
1206.8325291192
1846.3769596749
3124.9163148162
847.8913074658
22270.8117479653
42375.1732784939
497.7930624155
392.8256690446
3254945.7791581452
518.6233130508
2957.0258607617
2310230.1102007502
398.9462015449
396.3073994840
2315.1727863657
5384.2575784238
793.6736105397
9426.9838640594
34216.1604201160
523.8495825501
11756.9942043037
624.0289949883
602.9174959762
6554.3772136722
1890.3164257345
2270.5973702806
1021.1557949373
98191.2857347164
526.5158625435
43493569.8703992516
690.9812048645
84171.2485937826
399.2334637909
7190.6560535678
648.5880621390
1747996.1196117047
3190.4403311369
594.8289112175
836.7440138122
612.7100321236
5215.2080841802
12908.9540181863
74794.5119365510
1473.1704896935
5132.3016513633
38315.9636372008
188551.5323275600
7150.8183382782
367.9764181199
1351.7442930678
2349973.3243415505
38851.2131596960
43270.9464856571
8193.2849151037
937.7156871297
387.1561119455
413.7256817448
2015.3917056151
1231.1464911598
2339.5694446847
759.8730623143
670.4473938054
1548.5813926232
3030.5920306779
1157.8473299316
42177.1660360855
763.9891024909
32692893.7361578122
22763.4253601953
14962.3987740509
10176.4892107037
1642.4711305608
599.1557175587
8567.6713738179
180532.7637684617
2223.9978268278
797.6128675985
759.7735409283
1402.3519007674
15407.0355642207
582.0267441727
918.5326938630
419.1134154082
32476.8286125565
288305.8693232868
2357.6071397183
1347.0409147185
5197.7759482426
1399.8260142577
751.4810501552
2419.3144835705
1250.9103491023
681.3466455971
3857.3298536526
690.8819310687
19834.2621965560
30797.3114986759
833.8889796747
502.6022237782
362.1846520911
829.2560992030
1128.1094203335
381.1228556655
373.8176060536
557.1843977403
487.9444305849
669.9330086597
100512.1826071703
4639.7558454189
10512.4950953110
8509649.9920801967
992.7790752957
367.0794499169
642.5905238367
1488.1791950804
6346.6797356467
4498.9647249234
854.1268302666
441.8470210677
10880.0168938546
1581.1211208641
163893.8086441345
2404.9476916478
9864.2248773710
1503.9019916709
4427.3306682128
72346.4388802529
1705.9204987175
616.9687700178
540.9992415850
2488.2009680437
2650.7579980950
15032.8525228715
21976.6177508332
1985.3098910738
77992.1018972249
1511.4131462207
189918.6292209009
4429.8126009422
647.4068723635
1852.9478029992
839.8188008574
116212.3728378395
4109.5494363583
2161.3110719532
1006434.8475308819
590.5018204545
1285.7195457359
533.0292756895
489.4432036516
928.9122919489
51769.0868136514
387.5086166914
4686.4317010686
1424.3211767285
5812.5298876419
1066.9074337800
993.0573734265
694.8346587145
1704.1695940069
1120.1882452430
918.6589807818
91336.7124298090
628.1524941150
662.6882252432
30710.3862886976
27374.0123826038
33106674.1656590514
432.5012182718
1091.9891072493
12205.1421482894
2234.6834877932
2691.9699259348
716.1004085122
30500.0436114936
924.3782147250
131172143.6177507490
1197.3942690386
7363.3092594079
1038.5445824020
948.2173833981
66722.7062292945
14694.8781518098
983.1596456014
214724.0528115754
3949.1523782717
8470.6647014176
1246.6732801276
790.8358774442
72447.9175614874
392.4811431386
719.2379012495
4226.4794384855
61331.4896722868
408258.6437596918
1665.0556229853
218809.9482945275
5499.6317711363
1706647.3704906623
631558.9120409574
476.0085305590
1098.7656987386
797.1333032400
3262.0661717182
7248.2868158002
520.0325227074
3337.1060387976
916.0931459350
13428.8176702940
11549.6042062950
1817.9749830081
370.7422347464
507.6036457193
709.0587785358
2888.6460076446
12419.8080994633
463.4023073535
1715.1403061291
2309.7997735212
69001.9151696003
2611.4708004275
514.1886273682
371.4479515120
1976.0570564111
7483.0928898239
82538.3272921207
1185.6926064623
1074.7768505702
406063.8735320138
4590.3250776297
12974.6611664811
1524.1883422458
1913.8516699688
718.8914577801
2299.4602092751
14197.7062314471
20999.2111480348
3634663.0784277529
2456.8900620917
510.6941412161
545.8479514909
103842.7973024564
367.7540823562
682003.6775136904
929.7762596279
568.3966594817
632.5189571709
3665.7769565737
1535.2808366099
41067.7434359363
635.6959171993
1344.0865720989
2871537.7666529268
1034.9499083510
7468.6655552457
591.0450891488
816.7258057286
2978.6901243555
1421627.7032590231
1479.2311920540
3803.3522801947
1734.4887046190
21907.2072136048
980.7103113272
57274.0339459517
1699.6259139478
4553.6229064644
11468.1569100320
79746.1065123105
592.4969107631
1752022.0405024204
2108.5397888294
685.6073967398
574.8456113448
78687.6744552075
93016.5625314559
1551.1383391482
120707.0117158326
440.8735905105
3851.9756832103
908.8876631824
4429297.1642288230
6574.3224549692
696.8044793726
436.0455030382
3111.3289545890
447.2399911730
2613.4842220773
23342.0684026580
771.8004054217
12322.2418087775
147627.2010042564
713.6997209254
35080.0823134027
694.8361059150
513370.7025156560
583448.5966090418
517.4835736186
3016.7965421557
987.0700458480
1091.6768705528
1379.3584297719
2042.3479064993
9803.3473471653
449.5914734703
122634.4580287888
6083.7546817521
2346.3016763193
1685.8483419624
402.5193903730
362.5017240583
544.9339089849
670.5311013184
870.0018414324
11643.6342523723
5251.1708337448
68714.8005461943
4492586.3933961317
1338678.8989766028
1090.3220814716
11818.0468663628
4358.3172986073
10483.2977140310
1722.4766150194
8213.8575371698
215553.4501604069
934.5979064053
568.5431122890
436.8936906746
423.6077713032
820.5546109504
626.4908068052
723.2025106499
530.2956624673
3099.2050672775
1764.4266200780
12521.6639427567
442.3376065252
1228206717.9223594666
2460.8722740504
4102.3888683539
4990.7028912570
4387.3078813104
8892.3735615604
1698.5205103395
53848.7514057308
4842591.8287194083
1676.0856803195
618.0031969617
4624.2710382527
376.5977981623
52413.5872486805
917.6836784144
26602.3604896981
1797.2965244387
10455.4922126810
470.0103233464
421.3895524317
2489.5007385728
10465.2293154400
2406.1851994812
755.4023054199
921.4256070775
1320.2634883324
1052.7343609276
7644.8128532907
1050.3151520528
7570.8632210936
2391.3618259906
2434.5976050999
3330.9440053254
838.1889116768
15567.3728664189
1159.0042157941
126141.6232612631
380.6440745031
645703.5288707298
43382.2023244451
68840.7856553921
967.3501850432
1830754.4541761675
20576.9739062974
2079.3271281990
2785.9174864931
6751.8989885303
800.8847594529
440.1472338864
638.8601206150
1969.4159189053
590.9467556256
1334.5449835923
1422.6488655491
863.4590302795
1862.2371392247
610.7078898953
3508.7501374590
2356.1224497797
100243.6418775302
486.0201297247
1801.3825934700
211198948.6917294860
830.4418847314
166083.7969694228
44828.6587695236
1055.4993225046
1511.8219979292
688.0613436508
625.4257151327
12633.0610427440
3839299.5287588644
2306.2532349140
28502.1461114246
667.4356261776
1462.5883537890
7822.1134541449
98424.7955289678
6924.3174102382
625836.2061063567
669.8383802985
8768.2321228494
439.6801184614
1711.9478488364
77779.8330932171
772.6269803814
1739.7704266936
523051.5443977910
566.4712631658
205385.2323469129
531.2375118515
1475.3840202150
1201.7475602206
7011.2332987757
738.9107696596
1242.8284875386
1394.4711142115
2606.6614685167
1983.6985990429
39026.5854952249
2487.7525305001
1976.7656503774
680.2556634608
6352.6208200603
458564.5799941840
721.9968446870
4674258.3655157071
65584.5232603589
116051.5992643135
10077.2347680389
707.7864174846
56184.9017569583
197607.8208497618
1038.9004740564
840.0903079744
11218908.9691410009
1502.2748905186
668.9397943770
482.8889436263
517767.9319570446
412.6655059845
603.3667870636
1337.2387189628
3663.4837547021
42108.5530753520
3178.7946547508
10758.9115408198
2965.0985465359
467.5438652126
61554.4033183536
2992.4695646577
3051.8422276308
1388.4177319408
2463.6747950451
24213.0946280564
1904.0353692470
18909.6685771488
103462.1414282120
1156.6748528184
447.7942107956
855.8352567029
1140.0039634522
535.5899454920
556.7082870513
799.6806112236
679.0933507091
803.1582038421
961844.5706205895
162823.9297941365
549.8145746476
997.9254581134
488.5718947381
1386.7956357274
863.3011731973
6890.1272335104
1691.7106172861
877.9222622254
1007.7136560684
1331.3870886918
751.2383535540
637610.2495100625
2216.3272904842
1295.2609223540
118248.6719728188
386.3425978873
5155.2597456216
904.0848723568
399.1181887075
4024.2478358387
128292.9541887445
731.7209031186
3689.0147454723
1937.7237588243
575.7546596661
2979.0962940024
2295.8480499221
868.2656757933
16999.8847588842
1616.6329272882
5544.9707986866
9380.1346951496
597.4173889532
53118.0356928031
361219.4466665640
36299.8641874906
592.3652561848
1142.1666208273
1399.4471459708
16189.2762795930
4466.9718813412
420.0559700412
539.8626908760
21163.4807825246
52173.6338785207
466.4460228865
56561.8397719018
1003.7738980416
596.7590160857
2812.3149396891
2462.3485771699
212001.3150920301
106048.8618980966
1033.5786179376
1781.7253374730
2969.1458421211
1268.4753553228
65702078.9184080362
530.0929909118
471.9431588087
1513.5317240124
38090.4762064429
544.6084577636
356108.2151047445
3469108.5836410755
4036474.9979443452
12287.4595502140
101839.3271876021
7110.7002327581
673.5875979703
421.8325150768
677.7564519306
1223.7113125903
7973.1021786660
2553.4814369712
718.0698281144
28970.7758666014
1208.1040218989
677.0143307466
6091.7473149118
103210.2993886167
40331.2299732477
1072.5671674856
403.4901299672
716.6843447401
1739.7403734618
1430.9632248785
412.3298578776
590.4267160215
775.6023338882
36474.3780911042
435.2200627713
3937.6973818074
1142.6744054499
4052.0901357952
590.2190826393
20108.7927466706
13979.6154150473
7191.7190424156
367.4368805174
856.9507292016
8546.1032086385
762.1441918473
2323.9729077719
434.5537376231
3643901.7253657696
6004.9554799666
178206.3767442394
648.4157494685
4056.7278255384
23186.5183054617
1506.0307704723
438.2646229293
6078.4257331641
451908.0701641577
461.0872638366
367.0470616589
123394.5498289399
28227.4689192352
4201.3956134654
2311.6580503063
1616.1116171240
9776.7835006442
26225.9602108200
5178.9060418383
1024.7231042374
564.8759790847
802.1962007373
15820.8156999901
2744.0484235053
369.0960184452
1044.4932515046
1524.9585425091
533.6585437894
2152.8231534324
19817.4340560528
1569.9701873746
2551.4180461382
1275.0087563593
8918.8566844850
6134.2162952498
463.5040020551
2903.2153727366
892.0554401119
801.4353022737
1042.2846285792
537.7161558171
2699.3539585267
13577.0821561699
109074.7090332502
5264.0124040481
464.9757091057
1137.3838822960
1428.0752810448
1998.9690065352
1070.3147863221
1047.6314413025
812.5890566256
533.5145559867
16200.7971373598
553.7955193863
327154.9611855188
1339.4117979623
2912.7270862880
673.8837371450
20489.0282409063
2527.3488571246
105046.8418327846
644.3666945426
2084.8741338135
129785.1683887456
937.1513040710
3910.5573243162
1088.2281886918
3102.5745465980
380355.1062480138
1191.7726672331
361.7985729070
948.3363538818
1311.3254303214
3441.8636956872
21554.9548930942
1782.4713934639
3442.4217354628
608.8873130809
1421.4071223004
8514.3705270934
2186.6893877525
6817.0088056305
3615.5455626633
1961.0520583722
26142.8886811296
8688.7685388057
761.0137725294
1240.0998442860
8870.4456776139
4544.4546761091
1381.3070747114
7127.5502120839
759.6794296112
7497.9179978200
1784.4687374449
735.4122608472
360.1444606358
1130.0899377581
853.2840561513
8839.2171558106
1100582.9719491603
1961.9051975076
643.2879533846
88726.5858339693
1911.1291234286
1013.2688582488
485.8596503461
53194.6442831358
5745.1200269979
3231.3023954356
674.2807728900
2389.9570247153
49788.0988288439
391.3210212755
370.5918083892
77627.7366246796
758.9421706691
1254.5577655530
388.2675956677
1014.0067468584
10758.3760784728
2390.0192019911
1123.5403080288
866.7910492629
910.4035708908
13093.7789477004
2216.5416804094
8696.6296984819
9509.5412037370
571.9459312610
592.5927927393
571.3095212502
22364.5793192572
1757.8305164859
2683.6434772717
82426.2131233796
1882.1555909091
697.2093948237
308895.4919401289
473.2765441827
3966.1869189076
946.9043322598
123061.0827900777
928.3162513812
1742.6785165804
1063.9827928184
1109.4621777330
6690.0421249328
477080.1466748870
7705224.4905483434
14500.9555377327
81543.5089059461
13644.4872891091
1108.0110584297
1558830.9273952963
475.5289761579
156918.1164009724
752.6767320415
306300.1034974409
7007.7653902955
8582.1041851635
3227.5686717999
1766.0357473663
361.0248486730
8471.3790907380
882279.6253543763
8559.2866575002
1154.0086980536
2426.7113649193
596.9710782994
19180.2193571619
1004.2162989566
1017.5223566425
791.1242192748
1503.4140832534
664.3157792093
14907.0796705507
40647.3728759941
1235.3357806760
348496.1257132154
6750.8121429647
455.4101808121
19565.9734258393
4845.0265183845
417.3856431419
520.7009442798
1763.5653060152
833.1837577945
1843.2920235594
6112.4385898846
179131217.6343773007
2012.5505058831
4632.6031442904
23118.0728438401
5640.1854977982
2334.3354924557
1556.8997266137
443.3857833547
3888.7154421819
37663.1291455549
1067.2894536540
496.3241278321
42615.6331948069
750.8932515822
3124.8107790793
436.2341021181
70336.6779158678
736.1991617797
951.4326356498
9401.7090019584
506.5840061524
3542885.5481613628
585927.8970587245
621.7836569033
1065.2112636255
765.8458320294
2954.4338495719
4832.7411072110
446.9766412314
758.8826831670
5279.5647298181
3961.8209647181
727969.1537454034
2969.4826054147
5346.5016684054
10843.2496261037
7103.6244568042
657.2524332107
1614.0374504594
1288.2961068270
45387.2687611945
1142.5734027149
4944.8306602682
3984.5716634789
1519.1719164018
43070.6555468249
412.1774780490
630.4559118084
6988.2388614449
22104.2665831923
2532.6146031330
7682.7485074933
1132.7815574110
1078.9855389625
7441.9611423185
1437.5599936131
24494.9936430815
542.7074872382
749346.9136387395
1084.2492145964
1325.9725329955
378.3289607811
29335.7638608084
455.7949097059
114064004.7117005438
11716.8067876160
425.9566165694
1842.4698620196
6197.6444458077
33942.7086882312
47839754.3914379478
589.3864963249
4990.1707293729
2889.5255881832
4297.9115370275
797.7397261334
630.9447113386
7073.1923506271
798.7569552925
779.9613672168
2040.8799626680
574.5457697227
512.4454371181
1625.2354019557
619863.6485771675
223498.3395622017
1782.9449026100
1010.6008716808
2611.1227919513
24874.5770474401
286408.9118205414
712.8823803479
679.7027519690
14173.5590212297
365.4953536610
7061.2199680528
14068.4993623307
1933.9395722529
1757.8764311687
20117.0895940480
148906.0384016899
9537.3410251809
723.0855942479
661.0140920067
4211.7334682706
10442.5551459011
716.3304884772
442.4624520712
945.2604567842
9703.7273244967
2672.1423079602
676.3542133727
5202.1695835604
614994.9392666436
4291.0655215528
547.7306848487
458.7944442491
1234.1395511415
13310.5627353582
2433.0411535465
5704.6885338833
6625.5575508552
13097643.1387497373
614.7551264383
2028.1642588417
1809.5934872971
115592.3335863152
506.0830799263
410.6107116296
108409824.8780369908
102913.4424249708
1329.9200059571
1269.0534227227
4618.0787834839
3118.4019074537
2939.5166120914
2378.3958274138
784.4504216700
4745.6761749721
466.7497364559
393.8549535523
39179.7121354341
809.1289360075
82819.5805548392
450.8080397652
37303.1941916674
992152.8484560357
570.9826151401
1243.1345762340
472.3371433873
4084.2878676462
7602.7109726143
89392.9688179891
2413024.8366201525
7365.8646503620
6263.1184406779
601.8729851756
9021.9506251678
577.5196037145
654.1747368902
7333.6441757417
1886.8159744196
7639.0134678746
43466.4111314516
32932310.7931473553
372616.4739259030
8912.4565690120
192893.5454503473
