166175368
803779434
161971727
842033933
743570099
540962541
583390968
677817412
459537876
216051432
986699086
843210548
5070706
672706958
808053882
975603256
508746276
987971753
417820499
759330682
572157846
84892761
61830264
789404039
53326727
445779462
575997385
534238015
874000075
80945968
169753899
998636399
408577229
147062838
793406984
993258812
722976315
92876548
259187793
402068209
354915904
479302820
707352954
990806003
842402360
827469603
528927286
856079494
953815690
642017305
774538120
548974820
204177967
27827850
442404959
227518126
41946126
820004369
771045826
241950535
10647541
114262632
674093422
750933414
921001863
192399752
899939150
847093287
596064335
856777245
852250543
444203960
468894126
834386565
620099898
97437642
951644686
417754707
222453327
814268263
199357376
230315240
393577922
375910095
784527347
321612546
482070201
63990577
28784600
78718562
623210457
266813885
578546333
539590945
758724772
675741760
213509508
725084714
905400868
466570824
270827479
254051722
173254814
28713769
376716460
748057399
318935210
768576783
741613625
413680656
911394131
784112631
176918570
652793532
271056506
230266478
283694855
496687320
555935200
306688242
992870647
135131277
994366974
559102511
32279839
320120956
169493332
24318713
129953475
23152561
469034074
236334902
944804264
468846429
74542411
25741465
805059713
730931730
515344098
590578383
327944872
107067965
658835348
620121761
144525886
521301404
39218150
896174796
608456230
605559843
966409960
19229251
33701535
760977875
16182966
898554454
233568683
270591383
466146758
482042439
13618809
677917711
928336947
266023141
826663212
363954300
836761122
345750195
619590305
67335468
275810270
389918272
392870708
807399799
163518278
460883120
136503559
809674373
731277024
314316865
895786273
532184272
809748854
430670849
115807153
61756285
573678088
696592706
501015160
43599735
186692394
799020880
683406293
380906293
452760805
814652608
4861428
998629468
682979958
954742381
121740103
295434087
168834793
657939336
83455256
877935169
199939808
920335286
812419684
492617247
54862121
130752853
998082328
728469498
706110059
383829958
939927226
555257937
469367556
545539698
783777701
199923236
192837473
640156021
95153475
611758029
191974861
588296796
984574359
268083211
597263914
745967767
177678568
753831521
457624156
366578159
627123062
842100974
419138886
411743615
349985873
289581053
592644193
369385543
621780561
100762719
968398817
504214927
189617364
390649651
656258520
490591969
669270105
559302880
749949552
801999237
922405469
174421097
760413961
703579234
838661000
676193460
48985338
866440139
351963084
367542654
614102945
681550643
963087468
45311286
368192557
261838807
56462778
289807802
658800546
787245537
753118053
895268830
333600080
103051372
661731086
948760022
316815263
25182581
454127427
549936364
123735840
320519806
473829846
446675437
410154439
459383519
487056871
438967788
623533397
460775146
261527786
39083458
469344831
447938148
755627663
196548207
92738079
519485616
696683380
218565102
548813124
293065566
449638719
581463050
909776517
640362868
523644814
568053951
48970467
348300388
706536230
862668953
444107204
467493127
625775856
822330203
847081936
781326059
396222355
860796566
749550564
751737074
893727900
583424090
983955343
59209179
337403890
27586490
155067724
798587927
629800162
726869719
655154465
818970005
77759404
47025113
386119320
581729644
280864387
689389618
414259559
237494270
662967532
234373002
752772304
859010756
63525388
111937553
712378644
389351106
931779820
277355553
583717003
774358157
577302591
156403690
614419350
163369022
90836849
209481090
423446924
381760518
793226622
840848688
225143595
364674960
659666225
43287873
242575041
352692052
53532575
183800789
839516734
573931409
819042319
642286210
957293258
900074527
928983643
554867041
129742327
437053247
270955099
251404698
313652470
56242311
990139244
925906097
83666413
829731219
399674991
686179283
140012696
727365610
934613339
842894752
647251345
888515285
669676699
106326511
997107259
111065221
678537041
445347603
991023254
617226938
578098692
612248058
922558953
703978426
694763559
872325608
776430403
362446458
802409100
221380180
531791759
39266375
399026119
422051196
965042430
971632253
777071509
958524986
46704796
110861346
876874569
114858445
268573425
300756974
747145684
157695194
224158951
149111532
904639232
688979320
426324051
221717972
375664572
213496676
61985127
425186095
635791618
96221132
559712670
565537846
268172673
653776732
274085775
48370591
957714086
725663822
803103552
66182369
537584724
626270857
724575295
573964698
948960798
654500833
799714983
169450728
150765458
394740660
370452277
906956232
840365203
65909030
236062610
702314315
645151499
917363907
681301454
560449229
690347553
661613530
26478512
390405629
278012398
768236234
816198896
401572025
871451657
508008546
706497929
636119589
730423079
496803358
176920985
456446948
354919689
640538221
972533513
406594432
664740405
829035720
557189518
795508291
467508370
170205279
160763107
799988363
586347124
680138772
611974623
392959225
796912742
132081132
513108192
303454302
3289372
870687324
670602991
857094354
298019841
952082212
38181466
748388088
934770901
639241278
178930422
76310691
866372247
284927246
338879273
644648120
172722307
619219601
707124639
730965513
757863074
973828195
128884268
852873703
660452083
526218407
519427415
724945022
953766297
297429083
198007882
687152869
576304639
17673106
71260725
509304523
560044913
213750117
522847064
113333075
39256578
246210052
877500206
406487400
541318278
227428143
852778467
672544362
417844437
390023501
657913697
292038773
69688561
297796253
572897116
945103409
458741245
812872223
200145271
991161403
4105082
167807345
804750036
308398358
399853695
120331833
116403603
817140494
241096054
990149679
518619080
486560869
391546917
629555710
81677507
207096496
630581221
746895832
677372513
381869938
13414752
236377796
991374470
879665759
635905441
184477038
768107552
904238256
621232183
339014334
376950353
599150596
564355371
152445070
736744523
447100397
455760763
391504169
987068068
982856096
739756710
717577498
866563467
470953529
45438014
783453302
791002436
549068353
414781238
626678232
692389361
669580569
645989550
603177826
598770980
929839170
787275342
628733269
823016019
857229710
551544131
153577055
816172470
620421832
853617851
653709750
43955119
1082387
70412941
156384501
367711928
857211989
967278182
116576866
132341888
15738609
598366481
207163559
291578085
693733790
723042351
91910744
340483719
792539527
513970132
23890807
216875672
764034195
757592168
838845320
726701570
732540954
334430767
415810222
169243042
709270972
554313862
842206770
762999485
290816654
785288644
852528445
608451118
138464368
454414222
574845804
87081612
20308077
204837325
518490687
104772730
542635166
21324086
57421453
91053108
806836944
345562851
662192951
105672469
437425378
319880
214700417
114041832
349989262
607488818
769675888
169427859
237987249
313613502
766530430
681381776
316814211
667558432
759441886
511295481
788635110
674323447
480976015
420818272
130266809
40739781
574078847
184482514
356758923
690200570
657672486
81095247
20760486
349600473
119712557
339568018
957447976
254708631
13948329
795639281
246338332
312296079
802802135
235355210
790250209
900807001
86246305
367250591
832807997
867688424
765095849
76059518
503993002
433861339
713561362
932610400
922038322
56572770
890557711
174556949
376701763
275243868
119235287
603666903
991062609
422582476
913629279
480685494
182257411
9400824
558606251
602751298
644663150
939409468
367630922
224108490
624657276
434925596
356730388
727114250
305258640
509391448
473865806
57031445
115072711
507070609
512541551
513139895
483571478
576460885
634554806
192779536
316826039
351082372
683216679
736687397
813420854
224037048
673029116
784376632
320764841
413729354
182798898
197187551
313291603
139538246
764898389
108805960
740507297
32984349
377093643
230314577
285789602
302172002
514255542
366953265
238744529
290360654
644397954
131913160
598876208
637976846
539726816
692677372
569138218
678286714
270285969
683963789
959839914
668966767
47830000
2637501
232001071
167489723
351365584
855833490
716531996
797526136
529160735
30847607
546264461
367496866
66219426
464895350
286851462
60339502
980770273
283951217
722832196
39003031
859133505
138327855
744251993
105354025
734571284
238390483
677408336
347685677
537563426
184970617
476480248
384678717
132840079
986421057
463673463
374998789
408846868
131219541
850271600
771839683
464465503
563349955
84778937
658785805
84564376
724539671
152615687
597588604
477353387
634175995
350357679
842452181
42282042
733634416
868750185
545027915
509201174
994862289
750525700
784901262
588902994
854705587
368371348
193467236
156807644
743027120
180452503
786866388
632275039
434798353
953595033
80705734
257668175
366446614
812803891
103870690
235760200
685139620
807611916
567791480
314996976
349315740
769047484
440335493
44648405
96536589
157524478
398176974
222520317
358274361
241944006
725376151
306232824
226005038
280969904
413402027
992859787
109062604
408417197
12254189
735118275
494845914
584663884
469288690
962428602
137719594
262119647
693945947
399299561
336881202
635903905
354904234
285796145
457431300
762256803
387394779
947894371
385411526
223336509
620797328
153426464
981385649
206550098
733832904
955052257
10861219
375845447
459321386
115658442
447894311
935170026
439363657
844488836
623548804
160724333
295094769
190414769
483200629
544995615
58823805
787349399
415559908
486889915
720824980
66996272
419412816
471305703
973630634
418758099
398551235
362641858
986604761
599774995
70261455
772984333
149447720
650404969
141887598
410085197
400558178
617320199
741701752
849361627
197905712
531897689
288611673
520088051
284063618
42176849
883489877
311819639
483876548
327145099
69693698
120721682
711242287
901940581
169701953
906961798
140081500
351549824
-1
274580692
-1
417279556
-1
-1
219817214
128315354
-1
229455538
-1
319475744
156791769
-1
-1
487954471
407822582
-1
-1
-1
98160513
-1
311432761
-1
-1
-1
250825951
292844285
-1
-1
-1
519016610
294570063
-1
347667692
-1
19118515
54071731
147440909
82777567
-1
423508231
-1
-1
207487179
2705709
127208160
140986605
189807594
175795873
-1
-1
-1
-1
303155923
88980216
-1
259804767
-1
-1
-1
-1
-1
-1
113923808
272534060
-1
-1
-1
-1
-1
506194254
455432419
-1
-1
14277435
-1
221443715
-1
-1
-1
174470349
98233992
43430232
200718827
-1
-1
-1
569542382
238283699
453266495
507727538
83777799
333434540
-1
-1
225679710
-1
168473123
-1
559959981
-1
-1
27366207
-1
476147182
85562972
174127705
-1
-1
190160796
-1
-1
539609777
236770435
53528607
266601607
525350522
-1
521783065
350694227
452703262
112610765
-1
-1
340413698
361029346
555160303
-1
-1
211619557
-1
492665835
-1
113800552
421324092
239902678
-1
508547280
107326483
19070069
-1
-1
453997022
400187787
-1
-1
254209633
-1
92756273
176577171
343569177
273375403
271306598
-1
384516579
-1
63848818
-1
542797903
354979303
379273992
13239282
-1
259746924
-1
525325085
-1
133701105
486243309
-1
-1
-1
371868788
-1
51942020
125689248
456075313
56272681
-1
496935715
318005329
496640203
76333731
62103526
212379069
186107407
149463863
-1
-1
-1
-1
109885873
-1
414291566
-1
-1
322836805
316076456
-1
411486036
-1
116984084
87067907
298019001
-1
-1
27398253
115158817
531446734
-1
38397280
346369256
-1
-1
303736219
521942337
-1
40077651
165846192
548879296
221991725
457285940
573420254
272776664
218661604
272495717
172576983
155938210
-1
351776629
278304560
531518310
-1
21777759
507147981
499324019
362816880
-1
-1
268876979
-1
-1
-1
489224198
23958283
318065228
180094292
-1
32989626
-1
120009361
-1
-1
443691663
-1
483810857
103383733
205195380
124740898
446630083
477037304
-1
-1
-1
-1
-1
160727225
466060790
70095715
-1
318809307
42780399
251364841
-1
117416241
-1
-1
128748346
423533340
-1
518858672
161879215
475073666
227048875
-1
251395180
-1
62919202
-1
-1
375238643
397831977
-1
295015172
555086248
19834672
234714675
33929702
481332597
542611301
544985817
433532175
3807079
408815669
170662112
-1
477994195
474987113
460346702
5135280
-1
467342324
-1
447928135
-1
235900219
-1
417984615
164231229
411382179
415453308
339142858
177163483
-1
311328361
65312257
-1
-1
-1
202558504
105732405
-1
-1
346939240
65617937
284006330
-1
-1
134005359
-1
411543093
-1
-1
477124133
-1
-1
205450782
378184088
-1
-1
-1
89367604
276842888
164949719
-1
564844472
-1
-1
266986516
-1
-1
-1
-1
438222077
491380246
-1
-1
-1
264174906
216784766
343540757
-1
539393248
-1
52743759
172214512
-1
271143235
-1
-1
271851131
187102790
76321961
389146088
173072149
158756839
-1
535250884
-1
405188445
-1
513126636
117637721
269881926
206064819
-1
-1
-1
189406045
475756431
252890541
161954186
228255308
-1
-1
422842445
-1
296450775
-1
137314590
110166374
422749653
101663460
505047292
-1
183079103
312377513
387655897
482226736
-1
-1
-1
-1
-1
477188489
-1
-1
63567425
371202561
-1
-1
148692652
71014267
72343357
230861514
-1
329854172
-1
270480307
-1
-1
-1
509060558
538310884
139313920
145165090
422815364
335115089
-1
148134948
551210461
-1
487516281
510107542
-1
358507908
-1
-1
211472556
563215356
-1
-1
119844300
-1
-1
338227728
-1
-1
135002887
530283821
498047755
202225353
-1
-1
-1
534360576
102573587
4508356
159658755
475432969
385758463
-1
-1
-1
-1
80499423
567250807
1254490
471390232
-1
-1
-1
179129914
275890657
-1
-1
412111544
403785808
512644187
294532285
-1
271282922
-1
524006055
95212700
-1
-1
75419647
-1
-1
454017844
46140833
-1
-1
59171706
-1
-1
-1
-1
118351453
186589191
-1
564400925
364662171
343655878
-1
-1
573640679
-1
509987965
-1
-1
-1
101342339
230040686
70535548
140709124
7412501
387786847
-1
321426603
199702358
221505012
461421097
393301299
-1
-1
456984404
224415368
-1
-1
345691485
461856005
-1
20304220
257833165
566531912
75846834
338492825
-1
-1
120724789
145656414
381177779
473919885
-1
383501060
-1
-1
-1
171233450
261540344
247539038
-1
-1
482607436
282252688
-1
-1
144716633
404334887
387919964
361342644
511985014
83328022
-1
494709025
-1
-1
348218873
79364238
-1
362068496
274782670
177816212
272578924
-1
180089458
-1
-1
460149432
441953217
138794775
167531221
-1
-1
-1
-1
63124301
379386777
474203687
16464542
-1
-1
-1
380125064
98569595
333200342
371653131
225850683
-1
-1
367839942
211036208
239327713
-1
-1
142614821
297770072
366126289
572287322
16699030
-1
459620484
-1
-1
90409194
246965812
-1
-1
-1
-1
75609195
231925704
171258201
499508778
-1
256514198
273825003
42512165
416527793
-1
-1
-1
281693579
543535545
42353623
-1
-1
174648977
42615608
273346000
216384205
91188953
-1
-1
535115550
-1
-1
129290593
150894118
120252114
-1
303255283
269249246
339845596
-1
216707459
-1
-1
480851950
390019231
-1
334526796
-1
491180662
-1
481338871
-1
449359570
534120105
226225939
-1
441680565
-1
151521293
-1
-1
-1
-1
231835173
-1
573085569
-1
-1
-1
-1
519842138
197550545
236477570
270115039
-1
114592708
-1
-1
-1
-1
70577564
-1
-1
73079685
101588351
-1
-1
127112799
-1
-1
-1
169594486
494315910
371635405
242625732
398206329
467407185
-1
527691146
444549810
331796077
-1
564507756
-1
-1
36953393
-1
155884902
223186098
452416760
394732283
442030527
229973027
-1
-1
-1
-1
72472427
372835406
-1
-1
44181467
527471792
148441309
413832805
-1
-1
-1
108240661
464696615
566921161
-1
-1
40671193
498556515
187586582
174783843
434336400
310005750
-1
58242628
55011970
105574986
375073169
-1
-1
-1
407737186
474085900
274991226
64000868
-1
-1
66923769
-1
179635065
1800529
226995615
-1
12034435
80000141
550530566
264102400
137296128
45819974
-1
214780920
548225507
329359480
530574977
-1
403964869
-1
193463811
77778117
312119505
535752765
304225852
32841369
312849386
167524128
456994834
66445876
377049638
471808552
539992089
181575142
310667424
-1
-1
382609814
258770151
-1
319057344
14040805
398993369
452260614
-1
352218592
-1
351073959
-1
323614226
44833967
213183149
310769409
-1
89894157
66568093
-1
448479554
223952107
116342874
539045937
439064406
-1
119242101
-1
314701689
-1
24180930
-1
74136934
-1
377785090
541409106
-1
157470463
307265755
213417427
255684689
358783628
-1
61868752
350524292
140832565
-1
-1
-1
83229079
352459097
-1
239164026
136185479
49324227
330661407
280021130
372388758
409294829
4409973
486612207
475865303
5113112
-1
421959307
192516089
46048165
237660592
-1
220607234
-1
169948640
474227828
115007361
280566920
-1
364568583
-1
479335246
109944775
503070321
552428517
66990302
-1
251510755
-1
219558044
241228055
-1
-1
-1
530276854
496766364
308802972
155170760
58205525
-1
206237275
-1
400445618
-1
-1
-1
101736590
-1
22816630
-1
-1
53060947
-1
332792062
-1
397937666
-1
50182829
-1
-1
344222657
-1
162590573
-1
283039371
412945761
-1
-1
106287884
163481865
188078082
221336513
-1
489031867
-1
294688027
353215052
516555889
509000406
-1
142932457
514147865
218080069
350990335
261307087
-1
-1
-1
168025879
-1
434463904
62286073
176257893
260278342
-1
-1
186663609
286859850
195721640
-1
392502526
437438517
-1
286809497
374344970
215596312
-1
-1
72388423
125306849
397691270
214490936
19322302
-1
-1
-1
31705329
-1
221352557
15021303
41538383
471005302
-1
-1
1648831
-1
-1
293521225
-1
-1
-1
377939814
384395345
-1
243242187
-1
-1
-1
-1
-1
444842037
208961933
-1
334893277
265146510
-1
-1
-1
-1
853222
-1
-1
84860206
-1
-1
487255731
271625152
-1
-1
-1
384501374
-1
-1
-1
241990061
248257770
-1
167638513
349834954
-1
-1
-1
276910496
-1
284199415
-1
-1
336812927
481655887
-1
326491771
411439373
43263442
-1
-1
-1
333175043
463275887
-1
-1
447338431
-1
-1
263408821
-1
-1
-1
-1
457651254
165062895
59299224
311209629
204967968
234661908
-1
139109221
245990296
469540114
229085232
-1
485212872
472810402
292438102
-1
199066055
-1
-1
-1
-1
234110871
242470941
-1
414215492
276143978
400316941
-1
489369958
-1
-1
-1
-1
-1
43106743
-1
269079930
286137125
-1
-1
-1
-1
-1
-1
409593291
215944054
-1
485471565
-1
-1
131918601
465926518
178537135
462739912
440531038
344157086
364361161
191288976
-1
-1
-1
-1
-1
304308621
-1
-1
227803449
264182059
-1
-1
-1
-1
-1
-1
35224863
-1
-1
-1
409485474
132571773
-1
-1
-1
-1
-1
-1
460551345
-1
-1
-1
49795160
127858430
333789214
-1
466862455
-1
-1
-1
-1
365633203
-1
-1
428805821
455792852
-1
190643099
-1
-1
305176798
218585691
236688413
291744665
243762403
-1
475974477
353688898
307678210
495869799
-1
483668234
358913276
49561492
-1
-1
-1
226280902
144656195
104068891
226537173
247998765
461782760
-1
78050651
-1
313345545
-1
337191381
310237552
194623160
164933428
125409211
30240664
-1
230177251
452844916
355533763
-1
379437803
-1
-1
-1
-1
82488034
-1
-1
466348359
429173363
309602344
-1
99099239
-1
103777628
432710072
231763803
-1
180716066
39908594
-1
-1
445222937
144264642
161333072
-1
89607553
403827980
163733636
-1
-1
437876593
398784896
-1
478749168
270560643
-1
-1
-1
145653389
-1
391975176
17242307
-1
81526670
171428238
297338116
156106997
-1
261749860
85817512
198243415
-1
-1
-1
-1
-1
210475898
393976662
243314135
309780523
468389989
-1
270342368
213090778
125286497
-1
183703059
-1
282924881
195363738
222300475
275603812
-1
-1
-1
65788649
306494537
-1
411128580
88683341
72581226
436927147
493073621
476481475
117684856
9076708
-1
-1
-1
93679374
-1
-1
99852663
45428415
-1
-1
-1
-1
-1
306633849
-1
-1
232638915
-1
-1
-1
294470594
-1
232931034
-1
355935101
-1
40191244
475775009
323196346
-1
-1
-1
439847607
-1
203088869
-1
44964408
26000375
268794555
-1
266088091
269530924
492294884
64333110
388403685
5268718
176677317
409196844
14418174
216836855
-1
353936079
-1
-1
-1
315490698
226411434
-1
-1
387367644
-1
-1
314055557
-1
19271525
-1
379218077
-1
274906108
-1
465517815
204880215
-1
-1
150365435
-1
319390967
341316184
-1
349608930
478415052
-1
131682137
-1
-1
146642088
-1
110249126
-1
-1
-1
-1
-1
-1
110799943
-1
-1
58681436
-1
25808055
-1
-1
-1
87235784
-1
-1
318537902
-1
440956165
8751133
323074949
-1
-1
-1
464461566
479019705
191972021
435396612
-1
26133228
297301818
-1
-1
-1
-1
455831905
296414863
200753533
45556082
-1
454824718
-1
439311642
-1
-1
137218030
-1
-1
34231853
413525351
-1
-1
351551141
394824404
157357506
301629076
358087797
-1
-1
-1
-1
496463291
-1
58167710
-1
-1
-1
35836897
-1
-1
-1
203269264
-1
-1
-1
-1
321927314
-1
-1
388481180
40533011
-1
-1
-1
323238771
244733364
-1
32157817
-1
-1
-1
-1
498062764
-1
-1
-1
182053269
429889991
-1
211923097
241145087
-1
-1
50212028
-1
-1
496236756
-1
-1
-1
140856895
-1
-1
-1
-1
-1
263390931
347341579
285683967
-1
160233328
-1
377299710
-1
442417195
11667858
258843715
-1
-1
226387962
132825854
-1
481992395
454150206
-1
-1
-1
176819805
-1
120406745
376733905
-1
-1
-1
159129497
488115469
-1
-1
219041913
126737857
308698977
-1
492282007
444467044
-1
278576870
-1
100537151
-1
-1
-1
-1
-1
108385011
439680739
-1
496158901
173905571
-1
233275075
-1
239680867
-1
468024643
-1
-1
-1
436288338
-1
-1
268651932
142351585
371926339
-1
92706800
69495366
168737386
-1
-1
-1
103955686
-1
420128465
311802472
-1
337200956
408083190
101964195
-1
263029115
-1
209904243
22213055
82623803
-1
-1
458437756
-1
-1
-1
-1
-1
436834984
368543817
-1
-1
-1
-1
482054647
192131711
-1
-1
-1
290459685
389571670
-1
201114322
-1
289680252
208577542
-1
-1
481100772
33634301
350019142
102066732
55080976
276789393
-1
-1
255321425
-1
135015134
-1
-1
-1
317070447
44944454
175523792
30975473
-1
-1
52342702
-1
-1
-1
277449707
221242399
228307251
64816674
-1
429576388
-1
-1
-1
94368464
312256808
-1
456328189
198669998
-1
185752761
-1
-1
-1
-1
456729495
6003185
119783131
365883132
89414646
-1
372021421
212923279
108627580
341397668
150654955
-1
-1
392727368
170137940
273105297
335925220
229377579
-1
-1
-1
-1
72584559
485230813
-1
-1
183864463
-1
77544665
37649093
314400358
485941179
-1
383687087
-1
370176296
162140393
262070615
-1
212765725
-1
429482389
-1
-1
232203458
-1
307543012
-1
56749005
382150612
493104313
-1
-1
-1
-1
-1
-1
-1
-1
170754800
489863445
-1
-1
183988189
487167693
-1
427248114
-1
389660308
23062842
-1
-1
-1
242490996
151397457
22537087
328285483
-1
-1
-1
467152965
399222866
-1
-1
-1
264085904
23005155
-1
-1
-1
-1
385468416
280634111
78560168
-1
-1
-1
-1
461957378
129675232
1866034
-1
483710737
-1
227886604
115600951
-1
-1
251161764
27754824
374160929
-1
-1
-1
367901289
-1
426716919
-1
-1
-1
45582516
463907985
-1
-1
442076032
-1
378980256
-1
-1
490009956
-1
-1
-1
-1
81880924
12141876
-1
39059468
-1
248025987
-1
415694525
-1
-1
-1
-1
-1
261900526
-1
-1
41157560
-1
47724862
-1
-1
-1
154733420
289625557
276642960
44225718
-1
2769133
-1
-1
-1
122903839
-1
-1
61125248
-1
-1
-1
42794116
409866805
119738355
359666938
-1
-1
-1
-1
-1
-1
-1
260959039
-1
-1
-1
-1
302721329
-1
164090823
309915543
476212326
300621616
-1
-1
493301204
-1
-1
-1
-1
-1
208296744
115742645
-1
3708406
484086261
-1
363261055
-1
145786641
486237199
-1
79946916
216549342
-1
-1
-1
301924209
254548545
365251761
86168941
343860881
235826478
446980255
-1
-1
263062566
418558690
-1
-1
-1
-1
69080430
-1
263453202
319776556
153289750
482437188
41496623
-1
-1
213514588
229045387
-1
-1
-1
-1
400327735
-1
-1
337016999
210290263
-1
140619409
2290454
407384896
-1
-1
249374406
-1
-1
-1
-1
-1
-1
-1
-1
-1
492732183
-1
276152245
470611975
159386903
-1
-1
-1
-1
202193346
20095436
-1
-1
411224031
80264896
36321598
269466992
391389
197702952
-1
206354180
-1
-1
-1
344306384
258201606
-1
4183588
-1
497726824
456192566
121367172
146818028
-1
-1
426999360
339151490
410320160
256960703
-1
-1
-1
-1
30386620
-1
161118282
-1
-1
-1
-1
-1
-1
-1
-1
-1
-1
-1
194510710
-1
-1
-1
-1
-1
199908984
-1
141121576
-1
-1
-1
-1
-1
84141562
-1
-1
-1
-1
131648760
186610497
-1
-1
-1
211252138
40406501
-1
-1
-1
-1
-1
-1
-1
96834375
-1
47638871
-1
-1
-1
-1
-1
-1
24657467
-1
228570808
-1
-1
217704874
-1
-1
-1
-1
-1
51948948
-1
-1
-1
220160838
-1
180419918
-1
-1
-1
-1
-1
-1
-1
-1
-1
-1
-1
-1
166277245
-1
-1
45786040
-1
-1
125622222
236734900
-1
4742594
184547914
-1
239647951
-1
-1
-1
-1
-1
-1
-1
162982327
-1
-1
-1
-1
-1
-1
199065169
-1
157781438
-1
149585370
-1
-1
110540765
-1
-1
-1
-1
-1
114425311
-1
-1
49722293
207219238
-1
-1
201532186
-1
-1
-1
-1
-1
98948603
133648744
-1
79828947
-1
207857430
-1
219317914
-1
-1
-1
-1
99046196
159105031
50657390
-1
-1
-1
-1
-1
-1
99664111
48958565
-1
-1
-1
-1
4089570
-1
-1
-1
237118722
-1
-1
-1
199143809
-1
222863860
-1
-1
-1
-1
-1
-1
189656075
-1
140984019
-1
178294532
-1
68922651
-1
2737756
-1
214419629
-1
-1
-1
-1
-1
-1
61240362
56439830
-1
71393206
-1
-1
-1
-1
-1
-1
-1
-1
-1
-1
71650013
-1
96929706
-1
89088035
-1
-1
-1
-1
-1
66605021
-1
-1
-1
-1
-1
-1
-1
-1
240870658
36105385
-1
236809678
-1
-1
-1
-1
-1
-1
161280322
-1
-1
60392729
-1
-1
-1
-1
-1
-1
-1
-1
-1
60145718
-1
243441362
-1
-1
179853563
-1
209693103
-1
-1
-1
-1
174315031
52989098
-1
-1
-1
197929736
-1
-1
-1
-1
-1
-1
-1
-1
-1
224087886
-1
83702668
227966803
-1
220722687
179084036
218691363
-1
-1
139854656
6157880
-1
-1
-1
-1
-1
-1
-1
-1
25711489
-1
-1
-1
-1
102963915
50990492
214630971
27181524
-1
-1
-1
-1
-1
-1
-1
-1
-1
-1
-1
227418895
-1
-1
67315312
85447579
-1
47047512
-1
-1
-1
33161652
-1
-1
-1
60104339
-1
-1
-1
-1
-1
-1
116196273
-1
-1
-1
-1
-1
-1
-1
40786595
-1
-1
-1
96816
-1
131180632
123938504
-1
-1
-1
-1
105019095
-1
-1
-1
-1
75483272
209682438
-1
-1
225957614
53048677
202104001
-1
-1
105866098
-1
69629882
-1
-1
-1
-1
-1
122193448
-1
-1
45836463
-1
-1
-1
-1
89772290
-1
-1
-1
-1
-1
-1
-1
-1
-1
-1
-1
-1
-1
-1
-1
35443723
183499777
58981049
12408702
-1
-1
17753231
-1
-1
-1
-1
242771027
-1
-1
72534147
169130955
-1
-1
-1
-1
-1
-1
-1
-1
-1
-1
80114872
-1
-1
-1
-1
-1
51785199
-1
-1
-1
-1
-1
-1
-1
-1
-1
46353402
-1
-1
-1
-1
34323212
25108700
-1
-1
-1
-1
236654280
-1
-1
-1
-1
-1
-1
-1
-1
-1
-1
-1
-1
-1
-1
-1
218595113
169950187
-1
-1
-1
190984724
197147033
-1
-1
-1
-1
-1
-1
141376013
-1
-1
-1
142665182
-1
-1
-1
-1
-1
138910050
169875261
137551750
209666053
-1
-1
145077303
207065341
82305782
-1
-1
-1
-1
-1
-1
-1
158169921
-1
-1
-1
-1
-1
-1
-1
238151755
245609618
-1
-1
190022953
-1
-1
-1
-1
-1
-1
-1
242510381
-1
-1
9884436
174683922
-1
-1
-1
-1
-1
-1
-1
-1
-1
-1
-1
-1
218266500
-1
5732335
-1
-1
-1
-1
-1
195661160
71880302
-1
-1
-1
-1
-1
-1
-1
-1
18210161
169713124
-1
-1
207642383
-1
-1
88289127
-1
52754204
-1
-1
-1
-1
-1
-1
-1
-1
-1
-1
196349239
-1
-1
-1
-1
-1
-1
-1
83801820
-1
-1
109889598
-1
-1
-1
-1
-1
29244325
-1
-1
-1
-1
-1
-1
-1
-1
-1
9524332
-1
-1
-1
-1
-1
148841445
-1
-1
22615474
-1
-1
-1
-1
-1
-1
-1
-1
-1
-1
-1
-1
193792695
-1
-1
209898670
-1
-1
-1
-1
39034849
45108242
-1
-1
-1
-1
8226378
-1
-1
-1
71322551
-1
-1
-1
-1
101017984
119725262
199704357
-1
-1
-1
-1
-1
-1
-1
-1
-1
228721269
-1
-1
-1
-1
121286603
-1
-1
-1
-1
224955089
-1
-1
-1
178033263
-1
-1
16721643
-1
-1
-1
-1
236715126
-1
-1
-1
-1
-1
22908415
202424379
55137412
-1
-1
-1
204477568
-1
-1
-1
-1
-1
-1
-1
123269879
66248228
-1
-1
-1
-1
-1
25581406
-1
-1
-1
-1
24573655
-1
71423210
-1
-1
-1
114407904
-1
-1
117501207
-1
-1
-1
-1
-1
-1
-1
-1
-1
-1
-1
-1
-1
-1
-1
-1
179102030
-1
-1
-1
27360541
-1
-1
110928019
191035366
-1
214790173
10413563
175992633
-1
-1
23660843
-1
9680733
124184263
219157769
98865441
232224476
107944556
-1
152405568
-1
-1
112179498
-1
-1
12170287
-1
-1
-1
-1
-1
-1
-1
-1
-1
-1
-1
-1
-1
-1
115285935
-1
10418640
135418267
187306926
137166558
-1
42706122
-1
-1
-1
103769236
126296043
67218607
-1
-1
-1
-1
68448522
-1
-1
-1
-1
-1
-1
129308030
-1
-1
-1
-1
158954222
-1
-1
-1
-1
212274934
-1
-1
-1
-1
15373372
-1
-1
-1
-1
-1
-1
141234509
-1
-1
-1
176566159
-1
-1
-1
-1
16104444
-1
-1
-1
233967754
-1
-1
-1
-1
-1
-1
-1
-1
-1
155425439
-1
-1
-1
164770884
-1
-1
-1
-1
-1
-1
121576076
-1
-1
-1
-1
18758211
-1
129526951
-1
-1
-1
-1
66677492
140281035
-1
-1
-1
185746967
-1
-1
-1
-1
-1
-1
-1
249273702
-1
-1
-1
137882564
48612695
-1
-1
172131110
180319619
-1
175257862
-1
-1
-1
-1
128204332
76694162
-1
-1
111503897
-1
128825618
-1
-1
-1
16119568
-1
188201858
54337276
-1
-1
-1
-1
-1
-1
-1
178706512
-1
-1
12871425
-1
-1
-1
-1
-1
-1
-1
76549045
-1
-1
-1
-1
-1
-1
180302746
-1
36307718
-1
-1
-1
-1
181115181
33479150
139854985
-1
-1
-1
-1
-1
-1
-1
165986323
-1
-1
-1
-1
-1
212886237
142579682
-1
-1
-1
-1
-1
-1
-1
-1
-1
-1
-1
-1
86725002
-1
-1
