999999820
999999788
999998961
999999101
999998973
999999409
999999460
999999165
999999695
999999463
999999591
999999538
999999897
999999180
999999433
999998971
999999080
999999497
999999458
999999556
999999778
999999064
999999583
999999683
999999912
999999659
999999931
999999364
999999383
999999108
999999646
999999052
999999045
999999400
999998975
999999802
999999088
999999823
999998943
999998950
999999283
999999909
999999596
999999204
999999506
999999798
999999681
999999248
999998981
999999801
999999656
999999509
999999685
999999770
999999877
999999494
999998990
999999759
999999449
999999442
999999847
999999621
999999865
999999907
999999799
999999215
999998953
999999373
999999803
999999651
999999307
999999623
999999318
999999676
999999552
999999818
999999419
999999063
999999197
999999171
999998941
999998948
999999211
999999058
999999582
999999114
999999336
999999691
999999316
999999459
999999125
999999019
999999702
999999254
999999805
999999738
999999085
999999338
999999829
999999183
999999437
999999703
999999699
999999658
999999579
999999467
999999593
999999451
999999398
999999067
999999049
999999195
999999634
999999404
999999917
999999789
999999785
999999299
999999602
999999312
999999024
999999548
999999083
999999081
999999849
999999888
999999403
999998949
999999253
999999840
999999481
999999009
999999712
999999132
999998945
999999241
999999502
999999525
999999292
999999289
999999435
999999684
999999166
999999662
999999632
999999836
999999062
999998959
999999620
999999898
999998998
999999854
999998974
999999514
999999156
999999736
999999057
999999814
999999095
999999647
999999008
999998969
999998946
999999153
999999007
999999355
999999935
999999740
999999808
999999129
999999534
999999075
999999710
999999908
999999516
999999461
999999673
999999776
999999614
999999352
999999377
999998954
999999193
999998993
999999161
999999678
999999775
999999061
999999181
999999521
999999838
999999448
999999308
999999412
999999227
999999050
999999347
999999025
999999236
999999929
999999743
999999903
999999116
999999217
999999048
999999170
999999701
999999098
999999896
999999043
999999858
999999298
999999630
999999402
999999224
999999169
999999734
999999831
999999768
999999124
999999901
999999174
999999879
999999235
999999320
999998991
999999084
999999126
999999654
999999478
999998952
999999708
999999201
999999172
999999567
999999892
999999294
999999504
999999455
999999182
999998983
999999531
999999127
999999388
999999232
999999864
999999261
999999507
999999240
999999545
999999549
999999267
999999606
999999346
999999205
999999870
999999784
999999876
999999466
999999103
999999391
999999246
999999530
999999213
999999131
999999914
999999625
999999337
999999824
999999675
999999475
999999486
999999696
999999733
999999022
999999121
999998980
999999286
999999468
999998968
999999155
999999457
999999249
999998994
999999669
999999304
999999518
999999122
999999329
999999527
999999529
999999013
999999515
999999595
999999073
999999720
999999783
999999225
999999566
999999488
999999848
999999358
999999576
999999397
999999389
999999670
999999890
999999920
999999611
999999454
999999270
999999059
999998988
999999278
999999194
999999313
999999016
999999922
999999071
999999705
999999315
999999319
999999749
999999842
999999723
999999141
999998957
999999028
999999926
999999819
999999262
999998944
999999572
999999916
999999817
999999356
999998956
999999238
999999272
999999374
999999780
999999221
999999074
999999198
999999173
999999844
999999915
999999728
999999162
999999274
999998937
999999850
999999341
999999771
999999752
999999177
999999781
999999553
999999612
999999930
999999447
999999258
999999068
999999113
999999616
999999568
999999906
999999873
999999053
999999390
999999327
999999208
999999693
999999927
999999175
999999324
999999719
999999627
999999295
999999807
999999757
999999472
999999508
999999263
999999393
999999420
999999464
999999323
999999450
999999138
999999239
999999644
999999149
999999030
999999107
999999661
999999259
999999317
999999275
999999484
999999423
999999739
999999748
999999902
999998987
999999146
999999910
999999014
999999921
999999365
999999405
999999150
999999827
999999727
999999540
999999500
999998979
999999668
999999060
999999615
999999816
999999189
999999834
999999532
999999212
999999020
999998964
999999214
999999344
999999414
999999076
999999751
999999151
999999160
999999375
999999663
999999528
999999779
999999665
999998967
999999359
999999764
999999281
999999598
999999230
999999761
999999185
999999090
999999382
999999223
999999742
999999434
999999408
999999137
999999619
999999843
999999445
999999811
999999038
999999513
999999399
999999526
999999859
999999633
999999332
999999039
999999469
999999636
999999041
999999872
999999369
999999000
999999860
999999601
999999032
999999804
999999900
999999384
999998984
999999371
999999011
999998938
999999376
999999432
999999523
999999893
999999012
999999551
999999471
999999136
999999140
999999179
999999470
999999476
999999100
999999417
999999079
999999339
999999694
999999407
999999578
999999617
999999641
999999777
999998940
999999199
999999276
999999004
999999686
999999091
999999443
999999115
999999322
999999133
999999671
999999152
999999425
999999575
999999569
999999370
999998947
999999426
999999087
999999255
999999303
999999142
999999018
999999744
999998972
999999496
999999542
999999178
999999354
999999396
999999134
999998986
999999925
999999385
999999577
999999453
999999228
999999590
999998965
999999237
999999894
999999754
999999841
999999187
999999666
999999830
999999792
999999821
999999760
999999570
999999252
999999096
999999277
999998939
999999589
999999608
999999839
999999309
999999790
999999046
999999282
999999010
999999826
999999731
999999372
999999677
999999564
999999287
999999200
999999243
999999622
999999704
999999428
999999791
999999222
999998999
999999411
999999511
999999330
999999679
999999741
999999184
999999561
999999144
999999539
999999690
999999648
999998995
999999188
999999465
999999933
999999762
999999216
999999350
999999871
999999251
999999005
999999928
999999256
999999541
999999386
999999833
999999657
999999139
999999233
999999362
999999806
999999078
999999729
999999832
999999884
999999015
999999128
999999687
999999288
999999065
999999257
999999512
999999746
999999793
999999444
999999109
999999368
999999148
999999056
999999247
999999089
999999483
999999176
999999033
999999610
999998982
999999782
999999726
999999700
999999395
999999260
999999331
999999452
999999837
999999477
999999314
999999533
999999017
999999787
999999479
999998997
999999094
999999167
999999310
999999886
999999418
999999934
999999334
999999682
999999489
999999491
999999104
999999143
999999493
999999510
999999715
999998977
999999191
999999718
999999027
999999406
999999117
999999135
999999797
999999097
999999387
999999750
999999333
999999852
999999536
999999642
999999110
999999794
999999351
999999535
999998966
999999086
999999431
999999639
999999231
999999664
999999266
999999574
999999070
999999047
999999321
999999487
999999106
999999655
999999245
999999732
999999490
999999357
999999845
999999624
999998989
999999342
999999758
999999293
999999905
999999555
999999112
999999363
999999716
999999680
999999226
999999503
999999456
999999335
999999688
999999889
999999558
999999361
999999202
999999147
999999157
999999631
999999392
999999650
999999268
999999440
999999325
999999416
999999547
999999501
999998976
999998963
999999869
999998962
999999766
999998992
999999264
999999786
999999882
999999544
999999042
999999446
999999862
999999300
999999585
999998951
999999649
999999220
999999111
999999302
999999401
999999825
999999485
999999209
999999168
999999077
999999813
999999597
999999499
999999051
999999667
999999756
999999366
999998996
999999381
999999219
999999280
999999918
999999120
999999001
999999557
999999410
999999480
999999537
999999546
999999424
999999036
999999629
999999812
999999707
999999265
999999244
999999207
999999709
999999145
999999600
999999594
999999229
999999035
999999415
999999717
999999891
999999637
999999725
999999055
999999638
999999672
999999034
999999584
999999887
999999413
999998970
999999586
999999192
999999378
999999809
999999505
999999674
999999880
999999846
999999609
999999427
999999822
999999305
999999123
999999767
999999023
999999206
999999592
999999348
999999130
999999722
999999769
999999810
999999430
999999851
999999462
999999524
999999795
999999031
999999522
999999815
999999301
999999923
999999519
999998978
999999473
999999737
999999605
999999866
999999498
999999380
999999026
999999297
999999422
999999158
999999652
999999069
999999271
999999692
999999439
999999868
999999118
999999660
999999689
999999913
999999517
999999899
999999311
999999394
999999234
999999763
999999618
999999753
999999360
999999438
999999562
999999563
999999242
999999037
999999711
999999863
999999796
999999349
999999828
999998985
999999054
999999429
999999911
999999628
999999044
999999543
999999924
999999800
999999105
999999883
999999706
999999774
999999306
999999835
999999218
999999186
999999643
999999367
999999867
999998942
999999697
999999856
999999002
999999571
999999919
999999874
999999626
999999773
999999857
999999291
999999441
999999730
999999203
999999895
999999587
999999565
999999492
999999285
999999603
999999755
999999164
999999904
999999765
999999645
999999210
999999604
999999345
999999875
999999559
999999613
999999066
999999343
999999421
999999713
999999269
999999853
999999573
999999640
999999072
999999932
999999379
999999635
999998936
999999607
999999092
999999353
999999290
999999154
999999560
999999698
999999745
999999581
999998955
999999021
999999878
999999119
999999495
999999881
999999735
999999328
999999588
999999093
999999082
999999482
999999554
999999284
999999721
999999474
999999040
999999190
999999296
999999006
999998960
999999273
999999326
999999279
999999653
999999772
999999196
999999003
999999163
999999159
999999885
999999029
999999340
999999436
999998958
999999724
999999855
999999599
999999714
999999102
999999747
999999550
999999250
999999861
999999520
999999580
999999099
999999216
999999446
999999638
999999782
999999846
999999188
999999808
999999902
999999829
999998973
999999695
999999038
999999368
999999622
999999300
999999540
999999067
999999650
999999088
999999758
999999586
999999526
999999170
999999562
999999053
999999866
999998943
999999537
999999187
999999430
999999567
999999179
999999532
999999171
999999827
999999452
999999548
999999138
999999503
999999450
999999824
999999346
999999348
999999625
999999400
999999771
999999709
999999338
999999258
999999931
999999118
999999255
999998960
999999663
999999009
999999328
999999048
999999302
999999703
999999559
999999107
999999391
999999298
999998971
999999742
999999534
999999434
999999141
999999801
999999738
999999229
999999850
999999279
999999271
999999522
999999304
999999683
999999874
999999370
999999693
999999064
999999682
999999145
999999173
999999233
999999764
999999198
999999854
999999153
999999612
999999889
999999814
999999102
999999043
999999583
999999564
999999042
999999091
999999743
999999810
999999183
999999728
999999862
999999012
999999774
999999582
999999901
999999925
999999037
999999442
999999590
999999156
999999832
999999375
999999498
999999836
999999366
999999398
999999441
999999751
999999383
999999182
999999634
999999031
999999401
999999006
999999576
999999919
999999224
999999691
999999226
999999351
999999626
999999890
999999259
999999606
999999700
999999285
999999705
999999879
999998948
999999149
999999508
999999856
999999395
999999092
999999786
999999848
999999645
999999647
999999196
999999396
999998969
999999103
999998992
999999288
999999186
999999880
999999140
999999716
999999317
999999529
999999511
999999029
999999912
999999123
999999834
999999237
999999726
999999729
999999541
999999369
999999424
999999458
999999454
999999752
999999293
999999826
999999835
999999615
999999865
999999019
999999247
999999095
999999270
999999402
999999020
999999448
999999030
999999277
999999580
999999492
999999724
999999515
999999898
999999235
999999640
999999657
999999347
999999525
999998994
999999760
999999793
999999356
999999675
999999218
999999332
999999887
999998990
999999479
999999480
999999094
999999451
999999011
999999749
999999069
999999054
999999168
999999355
999999896
999998995
999999252
999999353
999999417
999999096
999999756
999999327
999999063
999999376
999999733
999999514
999999197
999999119
999999905
999999757
999999294
999999685
999999127
999999449
999999792
999999115
999999719
999999253
999999008
999998984
999999731
999999117
999999122
999999813
999999908
999998956
999999420
999999557
999999661
999999021
999999044
999999047
999999699
999999621
999999844
999999172
999999628
999999230
999999041
999999313
999999864
999999393
999999497
999999108
999999461
999999722
999999306
999999713
999999162
999999520
999999321
999999776
999999502
999999060
999999660
999999416
999999698
999999243
999999013
999999926
999999484
999999110
999998968
999999397
999999597
999999794
999998986
999999741
999999022
999999463
999999687
999999354
999999175
999999658
999999677
999999899
999999004
999999318
999999415
999999914
999999174
999999109
999999790
999999849
999999671
999999190
999999505
999999507
999999768
999999051
999999316
999999704
999999477
999999399
999999147
999999157
999999875
999999617
999999518
999999210
999999028
999999364
999999818
999999426
999999025
999998999
999999843
999999886
999999456
999999432
999999289
999999137
999999125
999999584
999999077
999999199
999999649
999999689
999999310
999999803
999999750
999999207
999999324
999999784
999999665
999999206
999999000
999999445
999999315
999999501
999999643
999999519
999999679
999999251
999999150
999999065
999999596
999999105
999999922
999999245
999999837
999999513
999999007
999999394
999999495
999999934
999999861
999999510
999999273
999999702
999999767
999999131
999999106
999999598
999999283
999999500
999999439
999999701
999999805
999999785
999999566
999998947
999999546
999999734
999999232
999999276
999999851
999999481
999999379
999999155
999999257
999999935
999999871
999999278
999999831
999999853
999999512
999998978
999999423
999999334
999999136
999999148
999999339
999999035
999999363
999998961
999998946
999999604
999999164
999999431
999999932
999999904
999999659
999999763
999999057
999999120
999998987
999999840
999999476
999999326
999999918
999999475
999999319
999999160
999998963
999999217
999999806
999999712
999999314
999999735
999999711
999998954
999999440
999998983
999999876
999999893
999999443
999999163
999999554
999999437
999999545
999999736
999999777
999999331
999999613
999999608
999999911
999999078
999999472
999999211
999999487
999999027
999999630
999999135
999999033
999999488
999999202
999999609
999999796
999999595
999999291
999999696
999999116
999998982
999999798
999999204
999999407
999999090
999999578
999999340
999999547
999999561
999999242
999999855
999999001
999999739
999999003
999999588
999999761
999999093
999999322
999999883
999999662
999999873
999999436
999999575
999999159
999999667
999999754
999998957
999999470
999999745
999999341
999999373
999999209
999999642
999999421
999999629
999999036
999999104
999999538
999999055
999999482
999999916
999999543
999999891
999999516
999999727
999999050
999999269
999999669
999999307
999999737
999999308
999999026
999999478
999999624
999999641
999999142
999999627
999999342
999999167
999999124
999999570
999999133
999999605
999999263
999999812
999999409
999999185
999999052
999999747
999999180
999999414
999999489
999998953
999999248
999998940
999999765
999999464
999999457
999999816
999999804
999998979
999998959
999999380
999999214
999999868
999999081
999999633
999998980
999999002
999999311
999999568
999999200
999999097
999999860
999999894
999999822
999999632
999999572
999999082
999999378
999999076
999999523
999999282
999999697
999999775
999999262
999999345
999999820
999999435
999999272
999999670
999999732
999999357
999999802
999999309
999998991
999999791
999998952
999999859
999999219
999999385
999999132
999999838
999999483
999999343
999998985
999999717
999999485
999999594
999999668
999999509
999999073
999999469
999999635
999999089
999999250
999999930
999999692
999999018
999999359
999999039
999999787
999999361
999999903
999998949
999998975
999999707
999999766
999999405
999999086
999999429
999998939
999999869
999999154
999999748
999999084
999999558
999999807
999999631
999999352
999999392
999998950
999999377
999999074
999999130
999998967
999999010
999999408
999999231
999999878
999999755
999999274
999999544
999999161
999999779
999999040
999999261
999999223
999999075
999999325
999999881
999999530
999999680
999999549
999999815
999999759
999999681
999999614
999999654
999999885
999999406
999999619
999999203
999999857
999999072
999999569
999999781
999999066
999998976
999999112
999999267
999999281
999999556
999999212
999999773
999999240
999999329
999999323
999999151
999999491
999999678
999999895
999999884
999999070
999999249
999999460
999998966
999999585
999999618
999999195
999999128
999998937
999999499
999999610
999999236
999999296
999999113
999999152
999999490
999999284
999999688
999999780
999998938
999999867
999999573
999998997
999999350
999999121
999999411
999999789
999999928
999999910
999999017
999999360
999999166
999998965
999999413
999999467
999999772
999999225
999999863
999999819
999999744
999999652
999999494
999999882
999999098
999999287
999998998
999999527
999999655
999999208
999999427
999999799
999999144
999999924
999999215
999999256
999999422
999999535
999998958
999999111
999999049
999999708
999999234
999999447
999999917
999999181
999999676
999999087
999999593
999999260
999999129
999999005
999999636
999999913
999999014
999999381
999999721
999999725
999999797
999999533
999999644
999999517
999999071
999999134
999999486
999999176
999999821
999999800
999999639
999999192
999998993
999999362
999999651
999999506
999998981
999999589
999999015
999999344
999999563
999999444
999999412
999998941
999998936
999999023
999999579
999999335
999999842
999999320
999999770
999999062
999999574
999999365
999999177
999999921
999999471
999999390
999999178
999999845
999999403
999999292
999999870
999999146
999999193
999999666
999999333
999999710
999999607
999999809
999999303
999999906
999999034
999999920
999999191
999999581
999999330
999999374
999999241
999999024
999999892
999999194
999999189
999999753
999999825
999999336
999999915
999999672
999999305
999999201
999999611
999999058
999999220
999999419
999999139
999999280
999999085
999999100
999999493
999999056
999999552
999999664
999999778
999999551
999999099
999999714
999999909
999999299
999999783
999999723
999999674
999999847
999999684
999999169
999999852
999999045
999999244
999999474
999999158
999999428
999999923
999999841
999999455
999999268
999999539
999999828
999998988
999999600
999999389
999998942
999999858
999999016
999999143
999999877
999999453
999999762
999999565
999998964
999999811
999999694
999999521
999999929
999999205
999998945
999999690
999999184
999999740
999999601
999999933
999999239
999999466
999999524
999999715
999999410
999999587
999999536
999999496
999999384
999999720
999999418
999999265
999999592
999999648
999999433
999999079
999999462
999999553
999999555
999999839
999998944
999999358
999999833
999999656
999999246
999999213
999999227
999999371
999999830
999999372
999999388
999999577
999999718
999999531
999998974
999999275
999999301
999999769
999999468
999999382
999999386
999999900
999999550
999999788
999999907
999999254
999998962
999998955
999999637
999999817
999998951
999999425
999999068
999999228
999999367
999999473
999999290
999999603
999999706
999999046
999999404
999999083
999999165
999999542
999999623
999999459
999999266
999998977
999999286
999999927
999998972
999999599
999999872
999999560
999999686
999999080
999999221
999999061
999998989
999999465
999999746
999999646
999999387
999999795
999998996
999999297
999999032
999999897
999999602
999999264
999999312
999999528
999999438
999999888
999999571
999999222
999999653
999998970
999999349
999999114
999999295
999999101
999999823
999999126
999999620
999999591
999999337
999999059
999999504
999999238
999999616
999999730
999999673
999999916
999999859
999999226
999999804
999999257
999999285
999999667
999999007
999999113
999999409
999999065
999999235
999999362
999999275
999999400
999999424
999998982
999999341
999999300
999999316
999999691
999999115
999999500
999999188
999999151
999999539
999999902
999999794
999999203
999999903
999999401
999999183
999999336
999999070
999999580
999999813
999999486
999999167
999999909
999999678
999999194
999999681
999999655
999999465
999999413
999999537
999999104
999999416
999999087
999999374
999999782
999999518
999999372
999999404
999999716
999999233
999999238
999999039
999998997
999999111
999999442
999999639
999999729
999999100
999999026
999999890
999999719
999999812
999999533
999999282
999999076
999999458
999999231
999999347
999999788
999999356
999999373
999999899
999999174
999999343
999999731
999999195
999999934
999999551
999999547
999999796
999999410
999999594
999999428
999999857
999999491
999999130
999999628
999999830
999999028
999999511
999999587
999998946
999999305
999999170
999999620
999999907
999999391
999999397
999999679
999998964
999999618
999999176
999999310
999999495
999999312
999999709
999999153
999999302
999999531
999999753
999998955
999999093
999999848
999999871
999999880
999999896
999999445
999999462
999999481
999999742
999999612
999999548
999999699
999998988
999999263
999999348
999999623
999999543
999999270
999999673
999999530
999999738
999999332
999999864
999999288
999999036
999999711
999999627
999999708
999999754
999999732
999999730
999998975
999999571
999999826
999999649
999999614
999999492
999999818
999999256
999999169
999999532
999999780
999999608
999999868
999999470
999999357
999999388
999999825
999999733
999999757
999999756
999999541
999999697
999999596
999999210
999999632
999999299
999999846
999999313
999999592
999999011
999998953
999999736
999999109
999999490
999999209
999998987
999999013
999999774
999999450
999999172
999999499
999999478
999999520
999999293
999999913
999999351
999999192
999999080
999999224
999999228
999999131
999999004
999999652
999999805
999999875
999999317
999999690
999999407
999999044
999999521
999999067
999999292
999999368
999999018
999999654
999999423
999999037
999999819
999999063
999999688
999999494
999998941
999999053
999999088
999999726
999999581
999999844
999999251
999999512
999999766
999999787
999999843
999999631
999998978
999999858
999999092
999999414
999999725
999999158
999998999
999999152
999999090
999999325
999999863
999999617
999999755
999999112
999999660
999999908
999999454
999999415
999999394
999999865
999999544
999999191
999999329
999999817
999999446
999999118
999999771
999999918
999999778
999999584
999998956
999999222
999999855
999999712
999999565
999999836
999999786
999999328
999999475
999999758
999999784
999999403
999999396
999999016
999999311
999999107
999999861
999999278
999999272
999999554
999999917
999999447
999999572
999998977
999999242
999999230
999999260
999999399
999999030
999999637
999999038
999999197
999999469
999999086
999999019
999999722
999999180
999999545
999999021
999999613
999999710
999999638
999999884
999999196
999999591
999999147
999999071
999999683
999999809
999999411
999999241
999999576
999999488
999999322
999999573
999999064
999999354
999999157
999998947
999998961
999999337
999999645
999999924
999998943
999999723
999999822
999999515
999999506
999999143
999999557
999999273
999999393
999998985
999999252
999999911
999999315
999999876
999999795
999999398
999999610
999999402
999999162
999999497
999999161
999999243
999999801
999999081
999999860
999998952
999999051
999999079
999999294
999999741
999999604
999999715
999999881
999999893
999999165
999999797
999999215
999999266
999999212
999999105
999999674
999999139
999999746
999999768
999998968
999999582
999998939
999999206
999999381
999999363
999999706
999999453
999999619
999999751
999999371
999999114
999999799
999999783
999999355
999999568
999999218
999999513
999999116
999999563
999998998
999999806
999999517
999999199
999999298
999999838
999999642
999999213
999999503
999999427
999999017
999999466
999998951
999999330
999999089
999999034
999999271
999999629
999999789
999999284
999998990
999999119
999999182
999999020
999999891
999999550
999999148
999999616
999999099
999999200
999999204
999999800
999999190
999999187
999999025
999999349
999999721
999999493
999999750
999999369
999999002
999998965
999999303
999999102
999998949
999999485
999999309
999999659
999999803
999999059
999999072
999999519
999999437
999999471
999999888
999999164
999999740
999999529
999999514
999999498
999999603
999999049
999999779
999999930
999999567
999999463
999999601
999999280
999999389
999999014
999998963
999998944
999999525
999999785
999999769
999999149
999999636
999999193
999999387
999999246
999999790
999998957
999999307
999999927
999999473
999998991
999999922
999999384
999999129
999999549
999999287
999999253
999999761
999999422
999999765
999999476
999999061
999999597
999999340
999998954
999999022
999999621
999999418
999999083
999999886
999999845
999999229
999999555
999999464
999999792
999999009
999999110
999999420
999999380
999999240
999999560
999999898
999999412
999999452
999999010
999999508
999999625
999999644
999999234
999999202
999999850
999999842
999999054
999999772
999999574
999999851
999999221
999999456
999999085
999999308
999999159
999999331
999999664
999999853
999999504
999999429
999999327
999999286
999999931
999999291
999999866
999999444
999999575
999999650
999999012
999999121
999999744
999999606
999999378
999999816
999999720
999999873
999999509
999998983
999999236
999999392
999998958
999999375
999999319
999999055
999999023
999999487
999999526
999999752
999999834
999999878
999998937
999999791
999999553
999999082
999999820
999999680
999998973
999999279
999999283
999998993
999999006
999999043
999999775
999999900
999999443
999999647
999998979
999998996
999999205
999999546
999999933
999999033
999999467
999999635
999999173
999999068
999999367
999999077
999999123
999999502
999999101
999999534
999999852
999999700
999999832
999999910
999999338
999999640
999999258
999999776
999999718
999999138
999998938
999999178
999999296
999999091
999999668
999999417
999999501
999999734
999999707
999999382
999999426
999999227
999999653
999999156
999999929
999999559
999999827
999999095
999999510
999999759
999999921
999999211
999999656
999999321
999999516
999999743
999999599
999999661
999999074
999999066
999999821
999999713
999999060
999999561
999999267
999999932
999999133
999999901
999999277
999999219
999999439
999999583
999999671
999999739
999999714
999999839
999999406
999999669
999999477
999999595
999999841
999999823
999999135
999998989
999999166
999999657
999999507
999999290
999999360
999999837
999999120
999999808
999999455
999999840
999999345
999999602
999999482
999999569
999999320
999999735
999999558
999999057
999998981
999999605
999999527
999999472
999998940
999999435
999999003
999998969
999999676
999999137
999999528
999999056
999999419
999999269
999999696
999999339
999999232
999999264
999999577
999999689
999999024
999999675
999999198
999999361
999999048
999999622
999999126
999999171
999999728
999999693
999999306
999999745
999999005
999999926
999999915
999999523
999999564
999999912
999999333
999999150
999999201
999999522
999999098
999999097
999999027
999999763
999999694
999999379
999999436
999999589
999999586
999999062
999999684
999999524
999999695
999999301
999999611
999999001
999999124
999999324
999999919
999999643
999999847
999999705
999999727
999999760
999999448
999999408
999999588
999999289
999998962
999999084
999999239
999999717
999999376
999998959
999999075
999998966
999999648
999999352
999999015
999998972
999999047
999999350
999999579
999999383
999999175
999998995
999999451
999999833
999999460
999999154
999999073
999999883
999999540
999999877
999999377
999999777
999999314
999999556
999999207
999999747
999999798
999999103
999999892
999999255
999999405
999998992
999999536
999999185
999999142
999999828
999999505
999999748
999999484
999999894
999999040
999999430
999999163
999999274
999999425
999999770
999999578
999999268
999999031
999999609
999999281
999999905
999999168
999999434
999999177
999999146
999999254
999999651
999999692
999999762
999999552
999999217
999999687
999998976
999999179
999999058
999999032
999999432
999999334
999999802
999999634
999999598
999999570
999999318
999999265
999999811
999999342
999999874
999999155
999999849
999999885
999999781
999999364
999999737
999999438
999999094
999999928
999999366
999999810
999999127
999999906
999999815
999999108
999999496
999999078
999999831
999999593
999999220
999999128
999999835
999999141
999999395
999999658
999999474
999999483
999999042
999999295
999999904
999998970
999999764
999998974
999999140
999999862
999998967
999999421
999999145
999999704
999999248
999999353
999999449
999999216
999999879
999998950
999999607
999999663
999999125
999999106
999999323
999998971
999998936
999999682
999999144
999999297
999999262
999999935
999999386
999999096
999999225
999999440
999999807
999999433
999999045
999999897
999999666
999999480
999999117
999999854
999999479
999999385
999999304
999999829
999999245
999998960
999999538
999999000
999999247
999999160
999999562
999999677
999999703
999999029
999999261
999999535
999999633
999999186
999999814
999999889
999999870
999999244
999999069
999999856
999999122
999999237
999998984
999999359
999999869
999999136
999999914
999999672
999999686
999999208
999999773
999999925
999999223
999999181
999999702
999999046
999998980
999999600
999999867
999999344
999999585
999999335
999999259
999999346
999999767
999999134
999999923
999999624
999999626
999998986
999999872
999999489
999999824
999999041
999999590
999999461
999999459
999999326
999999566
999999662
999999214
999999035
999999276
999999050
999999630
999999920
999999670
999999441
999999358
999999370
999999457
999999895
999999390
999999641
999998942
999999189
999999365
999999468
999999184
999999665
999999749
999999542
999999646
999999698
999998945
999999724
999998948
999999615
999999250
999999882
999999008
999999685
999998994
999999052
999999701
999999431
999999887
999999793
999999132
999999249
999999813
999998973
999999596
999999606
999999660
999999253
999999824
999999616
999998962
999999568
999999263
999999018
999999248
999999004
999999017
999999014
999999130
999999224
999999335
999999354
999999158
999999241
999999290
999998938
999999546
999999079
999999316
999999533
999999412
999999811
999999216
999998970
999999069
999998941
999999162
999999226
999998940
999998981
999999601
999999682
999999612
999999393
999998968
999999404
999999638
999999060
999999712
999999306
999999115
999999462
999999143
999999147
999999041
999999661
999999033
999999221
999999328
999999887
999999572
999999556
999999876
999999744
999999389
999999048
999999110
999999677
999999111
999999333
999999062
999998982
999999101
999999171
999999531
999999670
999999288
999999141
999999706
999999502
999999242
999999049
999999166
999999821
999999307
999999626
999999208
999999358
999999207
999999629
999999526
999998956
999999870
999999061
999999320
999999730
999999125
999999365
999999513
999999074
999999313
999999703
999999877
999999551
999999581
999999607
999999303
999999417
999999138
999999541
999999910
999999205
999999094
999999631
999999477
999998953
999999933
999999490
999999159
999999093
999998987
999999054
999999883
999999486
999999203
999999378
999999599
999999169
999999274
999999691
999999642
999999402
999999364
999999668
999999006
999999542
999999497
999999265
999999429
999999681
999999879
999999451
999999281
999998959
999999514
999999449
999999392
999999635
999999361
999998946
999999740
999999073
999999630
999998967
999999029
999999655
999999723
999999240
999999301
999999245
999999066
999999199
999999099
999999844
999999917
999999673
999999198
999999780
999998998
999999657
999999491
999999483
999998997
999999834
999999294
999999346
999998986
999999515
999999458
999999261
999999530
999999729
999999701
999998979
999999001
999999289
999999650
999999700
999999873
999999191
999999529
999999355
999999622
999999027
999999046
999999108
999999213
999999156
999998975
999999280
999999433
999999356
999999511
999999408
999999331
999999685
999998976
999999538
999999302
999999643
999999898
999999688
999999369
999999507
999999896
999999892
999999180
999999238
999999859
999999210
999999552
999999342
999999034
999998948
999999755
999999749
999998960
999999768
999999598
999999403
999999915
999999762
999999330
999999058
999999884
999999470
999999192
999999756
999999722
999999413
999999425
999999647
999998988
999999534
999999292
999999002
999999839
999999024
999999591
999999426
999999466
999999348
999999801
999999455
999998993
999999411
999999295
999999120
999999464
999999589
999999484
999999822
999999656
999999262
999999716
999999416
999999704
999999344
999999343
999999350
999999021
999999428
999999149
999999830
999999291
999999003
999999563
999999492
999999770
999999908
999999407
999999299
999999871
999999807
999999476
999999270
999999878
999999929
999999774
999999665
999999237
999998990
999999549
999999334
999999019
999999465
999999689
999999273
999999211
999999258
999999436
999999084
999999082
999999456
999999142
999999825
999999818
999999751
999999711
999999667
999999070
999999725
999998994
999999269
999999113
999999575
999999927
999999867
999999732
999999020
999999652
999999055
999999095
999999374
999999479
999999359
999999264
999999558
999999902
999999567
999999829
999999792
999999140
999999445
999999585
999998947
999999137
999999311
999999506
999998985
999999187
999999539
999999590
999999377
999999570
999999784
999999797
999999901
999999869
999999498
999999912
999999481
999999325
999999134
999999806
999999172
999999636
999999608
999999605
999999527
999999220
999999277
999999678
999999347
999999623
999999153
999999163
999999351
999999434
999999500
999998961
999999319
999999129
999999228
999999100
999999913
999999897
999999452
999999026
999999161
999999225
999999911
999999766
999998964
999999637
999999259
999999845
999999441
999999315
999999666
999999254
999999182
999999510
999999178
999999793
999999011
999999000
999999669
999999776
999999738
999998945
999998957
999999757
999999646
999999922
999999786
999999124
999999391
999999454
999999707
999999613
999999760
999999909
999999146
999999260
999999151
999999509
999999763
999999654
999999437
999999298
999999231
999999461
999999371
999998955
999999065
999998937
999999826
999999695
999999136
999999183
999999930
999999684
999999132
999999903
999999717
999999193
999999802
999999719
999999309
999999895
999999383
999999214
999999872
999999399
999999577
999999664
999999781
999999375
999999690
999999028
999999710
999999674
999999586
999999321
999999785
999999851
999999170
999999580
999999196
999999750
999999545
999999424
999998969
999999683
999999761
999999131
999999831
999999045
999999503
999999077
999999148
999999752
999999803
999999748
999999431
999999167
999999565
999999056
999999373
999999649
999999693
999999409
999999119
999999083
999999783
999999547
999999322
999999217
999999632
999999536
999999512
999999772
999999044
999999453
999999366
999999438
999999177
999999337
999999418
999999758
999998942
999999557
999999835
999999894
999999201
999999160
999999116
999999718
999999923
999999812
999999068
999999202
999999353
999999814
999999427
999999168
999999204
999999735
999999401
999999007
999999868
999998971
999998954
999999494
999999621
999999386
999999036
999999881
999999865
999999442
999999645
999999272
999999372
999999186
999999246
999999574
999999885
999998949
999999474
999999308
999999508
999999268
999999304
999999117
999999420
999999112
999998972
999999414
999999817
999999671
999999312
999999025
999999305
999999243
999999194
999998974
999999935
999999219
999999150
999999619
999999076
999999928
999999653
999999582
999999680
999999145
999999218
999998978
999999496
999999736
999999501
999999543
999999324
999999247
999999314
999999075
999999795
999999914
999999139
999999594
999998950
999999742
999999087
999999698
999999190
999999439
999999518
999999724
999999856
999999604
999999471
999999188
999999827
999999222
999999293
999999232
999999651
999999215
999999564
999999349
999999478
999999096
999999176
999999753
999999463
999999480
999999593
999999882
999999057
999999847
999999064
999999475
999999592
999999179
999999015
999999528
999999566
999999127
999999030
999999852
999999726
999999754
999999521
999999888
999999588
999999005
999999550
999999931
999999731
999999317
999999833
999999023
999999443
999999181
999999739
999999340
999999468
999999893
999999675
999999686
999999815
999999838
999999679
999999633
999999747
999999778
999999114
999999524
999999345
999999705
999999175
999999122
999999708
999999098
999999809
999999709
999999459
999999841
999999905
999999789
999999135
999999157
999999799
999999823
999999773
999999174
999999107
999999037
999999042
999999615
999999764
999999779
999999561
999999300
999999406
999999448
999999924
999999085
999998992
999999603
999999086
999999396
999999380
999999733
999999189
999999628
999999721
999999368
999999850
999999460
999999421
999999446
999999916
999999126
999999644
999999164
999999370
999999282
999998977
999999390
999999562
999999842
999999285
999999415
999999381
999999367
999999432
999998951
999999229
999999118
999999053
999999278
999999765
999999597
999999843
999999532
999999472
999999257
999999920
999999092
999999663
999999579
999999388
999999489
999999275
999999860
999999697
999999798
999999743
999999846
999999419
999999578
999999699
999999782
999999540
999999790
999999522
999999676
999999573
999999165
999999837
999999696
999999008
999999072
999999326
999999256
999999395
999999624
999999921
999999934
999999583
999998983
999999227
999999352
999999235
999999569
999999796
999999627
999999155
999999520
999999318
999999737
999999133
999999283
999999185
999999332
999999009
999999620
999999571
999999926
999999854
999998958
999999097
999999031
999999900
999999088
999999296
999999209
999999555
999999918
999999880
999999805
999999223
999999267
999999727
999999861
999999889
999999505
999999634
999999106
999999904
999999035
999999327
999999251
999999047
999999252
999999857
999999173
999999197
999999071
999999559
999999614
999999184
999999516
999999287
999998936
999999016
999999104
999999206
999999323
999999080
999999544
999999230
999999360
999999639
999999103
999999553
999999444
999998952
999999081
999999828
999999694
999999362
999999249
999999482
999999658
999999090
999999236
999999617
999999376
999999662
999999467
999999836
999998996
999999741
999999398
999999422
999999535
999999109
999999091
999998984
999999808
999999144
999999866
999999771
999998966
999999787
999999276
999999297
999999767
999999067
999999339
999999499
999999610
999999791
999999714
999999038
999999576
999999919
999999363
999999523
999999874
999999394
999999625
999999040
999999777
999999788
999999554
999999495
999999775
999999485
999999525
999999715
999999234
999999734
999999932
999999341
999999618
999999154
999999907
999999102
999998995
999999728
999999012
999999279
999998965
999999692
999998943
999999648
999999128
999999863
999999713
999999587
999999010
999999848
999999584
999999595
999999600
999999286
999999469
999999440
999999853
999999043
999998999
999999405
999999212
999999423
999999284
999999195
999999022
999999400
999998991
999999886
999999200
999999089
999999925
999999687
999999450
999999338
999999720
999999548
999999430
999998963
999998939
999999488
999999659
999999493
999999239
999998989
999999810
999999152
999999906
999999504
999999123
999999059
999999862
999999387
999999640
999998944
999999858
999999063
999999672
999999329
999999266
999999819
999999875
999999435
999999271
999999250
999998980
999999410
999999397
999999864
999999800
999999602
999999891
999999051
999999382
999999702
999999746
999999357
999999050
999999611
999999013
999999244
999999832
999999447
999999745
999999855
999999820
999999039
999999840
999999105
999999816
999999233
999999899
999999255
999999560
999999849
999999385
999999032
999999384
999999794
999999310
999999078
999999641
999999609
999999759
999999457
999999517
999999804
999999769
999999487
999999121
999999379
999999519
999999537
999999336
999999052
999999473
999999890
