999999768
999999592
999999806
999999013
999999762
999999180
999999652
999999656
999999376
999999064
999999778
999999668
999999384
999999210
999999637
999999496
999999560
999999103
999999254
999999078
999999862
999999012
999999725
999999305
999999532
999999272
999999098
999999087
999999561
999999148
999999123
999999381
999999510
999999500
999998977
999999069
999999138
999998895
999999244
999998892
999999227
999999063
999998932
999999508
999999331
999999249
999999502
999999802
999999494
999999353
999999530
999999839
999999310
999999167
999998980
999998987
999999241
999999467
999999838
999999315
999999106
999999293
999999303
999999621
999999563
999999611
999999879
999999754
999998910
999999491
999999022
999999773
999999255
999999686
999999036
999999243
999999139
999999224
999999326
999999427
999999149
999999199
999999722
999999610
999999120
999999636
999999231
999998940
999999168
999999850
999998948
999999162
999999137
999999358
999999632
999999190
999998924
999999691
999999415
999999775
999999235
999999117
999999361
999998912
999999118
999999416
999999643
999999350
999999809
999999110
999999205
999999337
999999158
999999318
999999804
999999380
999999051
999999019
999999747
999999462
999999713
999999220
999999222
999999027
999999289
999999419
999999857
999999034
999999574
999999040
999999547
999999141
999999047
999999712
999999057
999999165
999999398
999999658
999999724
999998968
999999694
999999740
999998893
999999486
999998917
999999225
999998959
999999616
999999482
999999801
999999764
999999458
999999864
999999192
999999002
999999847
999999195
999999000
999999572
999999340
999999770
999998957
999999154
999999053
999999014
999999673
999999756
999999471
999999052
999999591
999999301
999999095
999999580
999999336
999999751
999999704
999999422
999998904
999999737
999999590
999998967
999999657
999999514
999999080
999999306
999999523
999999495
999999161
999999761
999999025
999999302
999999769
999999073
999999395
999999551
999999226
999999213
999999746
999999720
999998984
999999452
999999403
999999821
999999594
999999459
999999172
999999779
999999074
999999763
999999710
999999625
999998914
999999228
999999515
999998929
999999131
999999042
999998975
999999050
999999531
999999147
999999595
999998985
999999113
999999189
999998965
999999456
999999130
999999245
999998916
999999203
999999584
999999359
999999247
999999281
999999112
999999484
999999603
999999697
999999659
999999396
999999794
999998947
999999275
999999343
999999830
999999836
999998992
999999709
999999253
999999479
999999776
999999230
999998988
999999544
999999391
999999023
999999324
999998996
999999726
999999186
999998952
999998905
999999090
999999575
999999548
999999466
999999339
999999529
999999633
999999469
999999593
999999134
999999055
999999240
999998991
999999066
999998979
999998936
999999718
999999585
999999010
999999602
999999291
999999119
999999455
999999653
999999813
999999829
999999446
999999453
999998997
999999759
999999239
999999800
999998937
999999785
999999018
999999248
999999525
999999197
999999218
999999843
999999296
999999596
999999393
999999009
999999287
999999498
999999005
999999846
999998935
999999834
999999507
999999375
999999646
999998906
999999088
999999160
999999869
999998919
999998990
999999860
999999808
999999576
999999505
999999503
999999615
999999826
999999780
999998900
999999431
999999811
999999871
999998899
999999290
999999028
999999728
999999320
999999818
999999007
999998920
999999182
999999660
999999325
999999670
999999400
999999341
999999011
999999597
999998931
999999693
999999438
999999121
999998903
999999535
999999509
999999689
999999100
999999171
999999355
999999362
999999562
999999143
999998921
999999877
999999868
999999749
999999767
999999089
999999819
999999194
999999016
999999859
999999478
999999642
999999109
999999578
999999242
999999026
999999681
999998918
999998949
999999348
999999612
999998970
999999744
999999177
999998943
999999784
999999402
999999265
999999752
999999887
999999865
999999267
999999520
999999608
999999714
999999150
999999442
999999279
999999330
999998978
999999820
999999485
999999207
999999738
999999399
999999204
999999001
999999543
999998901
999999111
999998925
999999867
999999043
999999049
999999549
999999024
999999620
999999743
999999155
999999685
999999217
999999288
999999433
999999506
999999015
999999029
999999488
999999017
999999833
999999570
999999797
999999030
999998964
999999735
999999003
999999844
999999449
999999234
999999077
999999619
999999517
999998938
999999777
999999021
999998908
999999810
999999322
999999792
999999703
999999463
999999688
999999107
999999264
999999133
999998915
999999559
999999448
999999537
999999250
999999783
999999283
999999072
999999690
999999533
999998902
999999569
999999273
999999079
999999319
999998950
999999188
999999534
999999140
999999159
999999099
999998945
999999831
999999164
999999284
999999421
999999618
999999630
999999378
999999464
999999201
999999890
999999497
999999858
999999214
999999439
999999736
999998941
999999104
999999274
999999837
999999848
999999237
999999566
999999212
999999705
999999132
999999450
999999589
999999666
999999082
999999417
999999370
999998966
999999823
999999739
999999451
999999803
999999623
999999193
999999125
999999105
999999166
999999672
999999108
999999719
999998933
999999599
999999518
999999617
999999410
999998998
999999216
999999329
999998981
999998942
999999876
999999790
999999733
999999124
999998974
999999045
999999409
999999232
999999702
999999499
999998971
999998986
999998961
999999321
999999443
999999711
999999347
999999661
999999175
999999256
999999136
999999081
999998956
999999295
999999679
999999824
999999031
999999766
999999307
999999209
999999700
999999814
999999889
999999586
999999420
999999667
999999405
999999655
999999334
999999687
999999179
999998989
999999373
999999430
999998898
999999156
999998928
999999298
999999606
999999170
999999638
999999317
999999440
999999729
999999782
999999223
999999386
999999662
999999268
999999669
999999772
999999056
999999067
999999680
999999598
999999461
999999734
999999083
999999554
999999536
999999097
999999516
999999609
999999146
999999366
999999587
999999312
999999665
999999511
999999564
999999540
999999708
999998958
999999351
999999304
999999886
999999387
999999345
999999258
999999765
999999219
999999828
999999406
999999732
999999360
999999805
999999571
999999251
999999675
999999215
999999512
999999622
999999364
999999822
999998972
999999745
999999382
999999423
999999888
999999475
999999856
999999605
999999115
999999259
999999468
999999401
999999127
999999246
999999432
999999716
999998939
999999870
999999316
999999795
999999526
999999184
999999645
999999527
999999614
999999435
999999187
999999771
999999781
999999323
999999060
999999333
999999789
999998955
999999604
999999849
999999696
999999434
999999654
999999640
999999539
999999677
999999635
999999372
999999085
999999706
999998999
999999278
999999639
999999695
999999096
999999671
999999354
999999198
999999854
999999445
999999309
999999365
999999565
999999723
999998897
999998983
999999682
999999891
999999842
999999411
999999878
999999101
999999061
999999352
999999327
999999208
999999311
999999624
999999872
999999181
999999392
999999493
999998913
999999866
999999282
999999114
999999058
999999277
999999627
999999470
999999567
999999545
999999601
999999261
999999233
999999008
999999444
999999788
999999292
999998960
999999169
999999840
999999349
999999631
999999582
999999629
999999815
999999731
999999371
999999583
999999068
999999553
999999397
999999644
999999280
999999046
999999504
999999613
999999651
999999266
999999678
999999742
999999825
999999221
999999730
999999721
999999851
999999758
999999173
999999557
999999374
999998953
999999408
999999122
999999020
999999817
999999390
999999084
999999006
999999342
999999741
999999344
999999300
999999863
999999474
999998930
999999388
999999356
999999086
999999641
999999546
999999796
999998963
999999065
999999313
999998995
999999229
999999145
999999674
999999885
999999750
999999748
999999457
999999263
999999581
999999414
999999647
999999285
999999328
999998911
999999116
999999882
999999437
999999807
999999270
999999884
999999236
999998976
999998951
999999883
999998927
999999054
999999519
999999383
999998962
999999286
999999541
999999206
999999178
999999144
999999441
999999628
999999059
999999649
999999152
999999701
999999413
999999698
999999487
999999626
999999308
999999832
999998909
999999297
999999407
999999262
999999071
999998894
999999465
999999791
999999338
999999552
999999076
999999841
999999004
999999707
999999271
999999492
999999299
999999363
999999257
999998982
999999346
999999191
999999454
999999513
999999041
999999573
999999874
999999787
999999436
999999861
999999185
999999793
999999157
999999490
999999880
999999093
999999727
999999174
999999480
999999102
999999260
999999129
999998923
999999873
999999786
999998944
999999202
999999238
999998994
999999648
999999070
999999477
999999483
999999607
999999650
999999200
999999094
999999151
999999335
999999881
999999429
999999753
999999039
999999428
999999269
999999699
999999855
999999357
999999522
999999683
999999394
999999276
999999460
999999032
999999835
999999521
999999447
999999033
999999038
999999196
999999473
999999663
999999142
999999684
999999163
999998907
999999424
999999385
999999558
999998969
999999812
999999211
999999524
999999092
999999816
999999577
999999332
999999091
999999538
999998973
999999852
999999845
999999426
999999555
999999368
999999600
999999418
999998934
999999717
999999176
999999183
999998922
999999875
999999404
999999472
999999367
999999379
999999425
999999692
999999048
999999550
999999062
999999037
999999715
999999757
999999035
999999798
999999126
999999774
999999377
999999501
999999542
999999044
999998896
999999588
999999075
999999676
999999294
999999476
999999853
999999799
999999128
999999568
999998954
999999252
999999528
999998926
999999579
999999760
999999634
999999369
999999153
999999489
999999389
999998946
999999135
999998993
999999314
999999827
999999664
999999755
999999481
999999412
999999556
999999672
999998929
999999792
999999886
999999570
999999571
999998941
999999216
999999592
999999019
999999189
999999882
999999400
999999435
999999168
999999070
999999454
999999250
999999273
999999176
999999648
999999268
999998922
999999565
999999598
999999020
999999503
999999386
999999799
999999239
999999418
999999136
999998954
999999674
999999254
999999472
999998924
999999465
999999443
999999419
999999539
999999821
999999665
999999083
999999079
999999839
999999387
999999205
999999027
999998992
999999800
999999666
999999116
999999807
999999580
999999696
999999085
999999221
999999355
999999492
999999461
999999806
999999855
999999198
999999378
999999773
999999596
999999532
999999494
999999054
999999263
999998988
999999212
999999721
999999631
999999008
999999170
999999110
999999180
999999873
999999246
999999680
999998899
999999333
999999831
999999705
999999111
999999845
999999373
999999794
999999318
999999242
999998932
999999835
999999535
999999426
999999782
999999649
999999347
999999566
999999701
999999124
999999524
999999260
999999016
999999678
999999029
999999765
999998990
999999764
999999433
999999066
999998967
999998907
999999562
999998910
999999182
999999659
999999486
999999446
999999356
999999817
999999394
999999574
999999790
999998906
999999605
999999513
999999714
999999382
999999119
999999097
999999153
999999819
999999489
999999545
999998939
999999508
999999185
999999602
999999785
999999044
999999815
999998905
999999332
999999628
999999130
999999679
999999123
999999440
999999396
999999841
999999383
999999087
999999770
999999593
999999010
999999725
999999032
999999211
999999075
999998893
999999658
999999729
999999391
999999829
999999296
999999568
999999059
999999608
999999557
999999496
999999094
999999530
999999092
999999646
999999745
999999315
999999408
999999199
999999280
999998895
999999349
999999851
999999749
999999270
999999682
999999173
999999046
999999589
999999698
999999594
999999868
999999276
999999104
999999004
999999475
999999015
999999697
999999362
999999757
999999870
999998898
999999093
999999228
999999297
999999583
999999584
999999636
999999290
999999159
999999233
999999599
999999164
999998925
999999755
999998921
999999361
999999436
999999512
999999871
999999249
999999738
999999778
999999795
999999564
999999635
999999776
999999527
999999710
999999371
999999024
999999156
999999805
999999076
999999348
999998931
999999405
999999880
999999086
999999836
999998983
999999726
999999852
999999021
999999313
999999712
999998968
999998949
999999689
999999707
999999676
999999353
999999135
999999420
999998985
999999266
999999640
999999305
999999573
999998901
999999561
999999884
999999660
999999255
999998942
999999500
999999823
999999681
999999299
999999774
999999470
999999031
999999526
999999140
999999438
999999766
999999537
999998982
999999317
999999751
999999618
999999368
999999088
999999393
999999720
999999572
999999878
999998996
999999041
999999052
999999478
999999563
999999447
999999294
999999444
999999768
999999235
999999431
999999365
999999620
999999466
999999553
999999319
999999690
999999343
999999302
999998913
999999670
999998958
999999304
999999240
999999621
999999342
999999071
999999533
999998951
999999098
999998904
999998993
999998963
999999781
999999064
999999675
999999779
999999457
999999395
999999399
999999471
999999133
999998957
999999825
999999709
999999463
999999289
999999186
999999001
999999633
999999487
999999638
999999625
999998936
999999688
999999274
999999137
999999109
999999190
999999683
999999120
999999314
999999857
999999023
999999288
999999706
999999161
999999694
999999756
999999811
999999718
999999237
999999865
999999864
999999145
999999300
999999667
999999375
999999105
999999310
999999258
999999007
999999062
999998916
999999551
999999445
999998961
999998935
999999460
999998938
999999292
999999357
999999769
999999604
999999809
999999338
999999476
999999609
999998980
999999484
999999150
999999122
999999569
999999322
999999369
999999157
999999213
999999271
999999158
999999325
999999702
999999509
999999275
999999784
999999065
999999699
999999724
999998952
999998955
999999351
999999796
999999077
999999286
999999575
999999201
999999429
999999560
999999330
999998998
999999141
999999732
999999283
999999390
999999247
999999558
999999323
999999272
999999652
999999626
999999241
999999403
999999309
999999837
999999842
999999350
999999312
999999786
999999877
999999516
999999544
999999072
999999740
999999129
999999155
999999651
999999128
999999335
999999501
999999715
999999345
999999587
999999759
999999716
999999380
999999576
999998995
999998997
999999284
999999103
999999869
999999520
999999336
999999381
999999169
999999256
999999208
999999432
999999018
999999163
999999057
999999203
999999498
999999360
999998940
999999515
999998986
999999867
999999791
999999767
999999627
999999277
999998908
999999597
999999367
999999843
999998962
999999188
999999483
999999091
999999866
999999504
999999452
999999858
999999257
999999131
999999379
999999050
999999000
999998894
999999789
999999567
999999663
999999783
999999695
999999542
999999138
999999028
999999090
999999488
999999224
999999735
999999847
999999808
999999003
999999434
999999497
999999734
999999442
999998977
999999534
999998915
999999614
999999414
999999540
999999265
999999554
999998902
999999372
999999392
999999588
999999411
999998944
999999585
999999728
999999469
999999058
999999148
999999653
999999151
999999060
999999415
999999840
999999437
999998991
999999127
999999389
999999191
999999427
999999236
999999581
999999506
999999037
999999204
999999816
999999803
999999061
999999099
999999039
999999042
999999559
999999177
999998972
999999327
999998943
999998897
999999106
999999226
999999307
999999264
999998900
999998937
999999691
999999421
999998892
999999370
999999888
999999222
999999578
999999334
999998912
999999118
999999623
999999166
999999139
999999100
999998914
999999251
999999541
999999056
999999352
999999179
999999376
999998999
999999838
999999262
999998919
999999014
999999887
999999673
999999543
999999210
999999813
999999223
999999671
999999301
999999525
999999889
999999590
999999134
999999036
999999529
999999595
999999200
999999885
999999409
999999196
999999220
999999521
999999453
999999011
999999331
999999601
999999854
999999107
999999337
999999747
999999634
999999746
999999154
999999518
999999287
999999401
999998965
999999143
999999252
999999045
999999820
999999556
999999181
999999639
999999703
999999069
999999824
999998930
999999132
999999552
999999637
999999424
999998927
999999187
999999175
999999802
999999743
999999507
999999218
999999692
999999194
999999174
999999875
999999744
999998928
999999108
999999033
999999017
999999760
999998959
999998918
999999406
999999022
999999113
999999849
999999736
999999750
999999459
999999772
999999423
999999668
999999719
999999833
999999662
999998970
999999385
999999600
999999546
999999078
999999232
999999084
999999876
999999067
999999344
999999412
999999629
999998966
999999030
999999243
999999125
999999398
999999787
999999458
999999490
999999611
999999641
999999510
999999619
999999162
999999068
999999879
999999519
999999586
999999860
999999291
999998917
999998964
999999425
999999812
999999686
999999717
999998976
999999013
999999245
999999012
999999229
999999451
999999279
999999752
999999354
999999482
999999172
999999762
999999798
999999844
999999117
999999613
999999491
999999152
999999804
999999632
999999511
999999771
999999126
999998969
999999261
999999624
999999863
999999293
999999404
999999548
999999073
999999340
999999464
999999080
999998948
999998923
999999259
999999775
999999144
999999448
999999654
999999449
999999063
999998946
999999872
999998974
999999102
999999089
999999555
999999049
999999298
999999193
999999219
999999225
999999617
999999502
999999303
999999248
999999455
999999209
999999234
999999881
999999115
999999321
999998981
999998911
999999830
999999827
999999230
999999214
999999777
999999531
999999055
999999606
999999669
999999047
999999121
999999474
999999359
999999853
999999422
999999477
999999891
999999377
999999643
999999723
999999758
999999043
999999677
999999081
999999859
999999645
999999616
999999737
999999112
999999430
999999253
999999612
999999096
999999704
999999523
999999184
999999763
999999206
999999577
999998909
999998950
999999167
999998975
999999364
999999269
999999708
999999861
999999295
999999149
999998984
999999582
999999722
999999883
999999281
999999278
999999341
999999741
999999025
999999195
999999388
999998960
999999549
999999114
999999713
999999215
999999217
999999358
999999197
999999650
999999733
999999142
999999227
999999505
999999339
999999410
999998926
999999661
999999495
999999607
999999788
999999780
999999536
999999754
999998920
999999171
999999862
999999082
999999687
999999850
999999165
999999657
999999324
999999366
999999684
999999818
999999793
999999074
999999493
999999346
999999748
999999753
999999834
999999439
999999207
999999826
999999147
999999160
999999550
999998945
999999801
999999363
999998903
999999320
999999038
999999615
999999053
999999603
999999822
999999417
999999397
999999761
999999655
999998994
999999731
999999810
999998973
999999462
999999630
999999034
999999642
999999192
999999479
999999814
999999797
999999711
999998989
999999374
999999316
999998971
999999285
999999832
999999402
999999002
999999727
999999485
999999048
999999005
999999428
999999101
999999856
999999591
999999231
999998953
999999267
999998933
999999035
999999656
999999407
999998987
999999441
999999848
999999202
999999874
999999700
999998934
999999026
999999416
999999326
999999685
999999413
999999890
999999647
999999238
999999528
999999742
999999473
999999538
999998956
999999040
999999499
999999522
999999846
999999051
999999009
999998947
999998978
999998979
999999095
999999311
999999006
999999467
999999579
999999384
999999329
999999450
999999456
999999693
999999468
999999308
999999644
999999730
999999183
999999306
999999664
999999610
999999328
999999282
999999739
999998896
999999828
999999244
999999547
999999178
999999480
999999514
999999517
999999622
999999146
999999481
999999136
999998990
999999104
999999138
999999313
999999854
999999410
999999424
999998921
999999580
999998920
999999598
999999462
999999503
999999819
999999425
999999375
999998913
999999617
999999636
999998938
999999450
999999066
999999616
999998978
999999409
999999124
999999654
999999029
999998912
999999182
999999173
999999629
999999132
999999817
999999058
999999805
999999354
999999467
999999107
999999110
999999415
999998974
999999001
999999689
999999245
999999460
999999529
999999505
999998917
999999170
999999015
999999844
999999613
999999642
999999030
999999522
999999840
999999380
999999566
999999773
999999344
999999095
999999765
999999166
999999078
999999113
999999570
999999751
999999551
999998945
999999250
999999185
999998991
999999875
999999125
999999320
999999127
999999308
999999036
999999172
999999219
999999092
999999291
999999531
999999276
999999334
999998976
999999596
999999348
999999056
999999444
999999782
999999656
999999218
999999672
999999090
999999319
999999202
999999212
999999842
999999143
999999446
999999101
999999427
999999762
999999211
999999326
999999748
999999489
999999867
999999402
999999428
999999869
999999582
999999544
999999024
999999540
999998923
999999376
999999885
999999666
999999661
999999619
999999188
999999367
999999519
999999004
999999611
999999336
999999171
999999588
999999372
999999440
999999461
999999209
999999626
999999880
999998911
999999108
999999392
999999453
999999243
999999719
999999068
999999382
999999673
999999829
999999053
999999610
999999846
999999290
999999118
999999594
999999691
999999781
999999285
999999000
999999653
999999535
999998929
999999699
999999646
999999783
999999575
999999189
999999483
999999154
999999338
999999816
999999130
999999366
999999010
999999757
999999385
999999298
999999074
999999775
999999876
999999828
999999227
999999549
999999037
999999808
999999664
999998906
999999756
999999140
999999434
999999085
999999317
999999100
999998926
999998984
999999147
999999323
999999798
999999838
999999615
999999707
999999827
999999179
999999260
999999312
999999349
999999726
999999591
999999584
999998915
999999472
999999267
999999721
999999705
999999054
999999675
999999091
999999383
999998986
999998985
999999011
999999688
999999754
999999061
999999812
999999094
999999019
999998942
999999262
999999077
999999451
999998895
999999548
999999177
999999035
999999236
999999491
999998897
999999763
999999732
999999441
999998905
999999352
999998909
999999223
999999162
999999824
999998936
999999414
999999695
999999309
999999488
999999671
999998980
999998992
999999478
999999271
999999062
999999510
999999813
999999397
999999233
999999810
999999482
999999731
999999802
999999049
999999473
999999499
999999523
999999543
999999635
999999494
999999872
999999749
999999145
999998904
999999606
999998977
999999744
999999449
999999714
999998930
999998925
999998892
999999116
999999667
999999086
999999097
999999500
999998988
999999205
999999355
999999357
999999431
999999289
999999874
999999684
999999870
999999232
999999774
999999163
999999433
999999825
999998903
999999555
999999528
999999272
999999882
999999051
999999046
999999169
999999669
999999807
999999514
999999361
999998971
999999128
999999659
999999524
999999564
999999886
999999150
999999469
999998916
999999701
999999006
999999655
999998964
999999563
999999148
999998953
999999470
999999388
999999443
999999043
999999521
999999144
999999723
999998993
999999623
999999861
999999459
999999310
999999855
999999007
999999814
999999471
999999578
999999257
999999284
999999602
999999589
999999568
999999650
999999586
999999493
999999746
999999064
999998960
999998943
999999572
999999337
999999264
999999339
999999246
999999153
999999696
999999595
999999592
999999098
999999737
999999438
999999186
999999847
999999502
999999835
999999690
999999258
999999632
999999135
999999735
999999160
999999251
999999329
999999381
999999628
999999599
999998983
999999806
999999157
999999282
999999605
999999002
999999739
999999647
999999770
999999604
999999662
999998946
999999644
999999682
999999730
999999585
999999168
999999557
999999390
999998896
999999039
999999804
999999818
999998919
999998910
999999080
999999379
999999504
999999706
999999200
999999412
999999547
999999736
999999793
999999479
999999565
999999226
999999190
999999041
999999364
999999747
999999832
999999858
999999231
999999795
999999484
999999238
999999407
999999657
999999546
999999016
999999877
999999423
999999278
999999593
999998970
999999358
999999607
999999890
999999122
999999755
999999305
999999280
999999768
999999304
999999426
999999787
999999771
999999676
999999081
999999788
999998893
999999263
999999743
999999174
999999651
999999217
999999865
999999117
999999474
999999050
999999126
999999129
999999518
999999463
999999164
999998941
999999750
999999758
999999374
999998949
999999416
999999497
999999713
999999681
999999201
999999486
999999517
999999680
999999216
999999421
999999059
999998902
999999767
999998969
999999492
999999038
999999234
999998931
999999003
999998918
999999796
999999306
999999040
999999618
999999360
999999330
999999247
999998944
999999119
999999891
999999556
999999400
999999887
999999520
999999378
999999106
999999034
999999224
999999287
999999353
999999315
999999210
999999851
999999199
999999152
999999881
999999083
999999888
999999745
999999678
999999542
999999362
999999087
999999183
999999821
999999717
999999322
999999204
999999088
999999222
999999332
999998924
999999261
999999237
999998908
999999780
999999131
999999630
999999792
999999008
999999076
999999525
999999576
999999115
999999300
999999464
999999487
999999167
999999873
999999387
999999878
999999508
999999477
999999109
999999368
999999621
999999759
999999286
999999288
999999530
999999849
999998951
999999044
999999722
999999883
999999137
999999475
999999863
999999753
999999501
999999281
999999728
999999785
999998939
999999165
999999809
999999055
999999065
999999292
999999103
999999797
999999417
999999370
999999772
999999195
999999738
999999048
999999526
999998900
999999060
999999259
999998994
999999324
999999859
999999465
999999047
999999836
999999411
999999856
999999256
999999803
999998981
999999536
999999405
999999541
999999665
999999879
999999600
999999436
999999631
999998999
999999511
999999197
999999727
999999134
999999577
999999841
999999889
999999283
999999393
999999203
999999301
999999562
999999437
999999067
999999447
999999660
999999702
999999791
999999141
999999649
999999799
999998933
999999845
999999009
999998998
999998968
999999512
999999448
999999028
999999253
999999507
999999716
999999560
999998901
999999220
999999396
999999241
999999573
999999228
999999420
999999343
999999624
999999303
999999683
999999811
999999790
999999550
999998914
999999073
999999142
999999045
999999391
999999658
999999590
999998989
999999293
999999369
999999032
999999079
999999481
999999597
999999399
999999191
999999270
999999155
999999579
999999868
999999442
999999225
999999760
999999112
999999830
999999458
999999587
999999178
999998965
999999194
999999327
999999274
999999279
999999242
999999693
999999532
999999670
999999193
999999506
999999569
999999345
999999513
999999026
999999843
999999196
999999439
999999769
999999498
999999133
999999622
999999538
999999734
999999831
999999820
999999248
999999571
999999268
999999356
999999406
999999583
999999398
999999084
999999159
999999230
999999347
999999454
999999674
999999718
999999057
999999075
999999027
999999340
999999784
999999023
999999710
999999404
999998979
999999156
999999389
999998954
999999215
999999720
999999121
999999533
999999692
999999652
999999422
999999265
999998973
999999466
999999176
999999559
999999823
999999294
999999139
999999574
999999641
999999254
999999455
999999852
999999614
999999089
999999634
999999848
999999554
999999740
999999114
999999020
999999581
999999151
999999860
999999715
999999311
999998967
999998956
999998937
999999099
999999620
999999105
999999633
999999866
999999184
999999794
999999553
999999072
999999363
999999558
999999509
999999149
999999485
999999733
999999761
999999096
999999328
999999082
999999639
999999213
999999342
999999206
999999273
999999864
999999346
999999371
999999333
999999609
999999394
999998959
999999014
999999198
999999545
999998966
999999776
999999480
999999070
999999302
999999742
999999561
999998898
999998957
999999146
999999299
999999221
999999386
999998997
999998928
999999612
999999515
999999679
999999627
999999318
999999800
999999638
999999192
999999031
999999331
999999325
999999419
999999837
999998996
999999677
999999432
999998940
999999403
999999307
999999335
999999779
999999815
999999321
999999052
999999777
999999377
999999341
999999694
999999712
999998935
999999786
999998952
999999435
999999857
999998894
999999418
999999069
999999640
999999834
999999552
999999752
999999495
999999826
999999297
999998961
999999729
999999005
999999700
999999359
999999430
999999401
999999603
999999013
999999244
999999527
999999413
999999018
999999884
999999063
999999766
999999601
999999208
999999161
999999457
999999704
999999235
999999277
999999022
999999778
999999093
999998963
999999537
999999123
999999516
999999252
999999240
999998995
999998907
999998899
999999625
999998922
999999429
999999456
999999476
999998947
999999445
999999102
999999567
999999207
999999534
999999648
999999685
999999645
999999539
999999295
999998950
999999708
999999071
999999698
999999120
999999822
999999384
999999608
999999296
999999668
999998958
999999725
999999637
999999789
999998927
999998972
999999801
999999663
999999033
999999686
999999187
999999490
999999687
999998934
999999862
999999643
999999850
999999709
999999158
999999395
999999452
999999697
999998975
999999373
999999214
999999181
999999042
999999703
999999496
999999012
999999741
999999351
999998982
999999229
999999017
999998955
999999025
999999111
999999871
999999711
999999269
999999180
999998948
999999839
999999275
999998962
999999350
999998932
999999853
999999314
999999408
999999468
999998987
999999175
999999316
999999833
999999266
999999021
999999724
999999249
999999255
999999239
999999764
999999365
999999760
999999837
999999253
999999571
999999220
999999226
999999398
999999655
999999636
999999300
999999716
999999066
999999581
999999882
999999222
999999218
999999858
999999797
999998994
999999031
999999687
999999281
999999396
999999387
999999084
999999286
999998936
999998900
999999713
999999059
999999876
999999170
999999282
999998977
999999780
999999560
999999445
999999413
999999161
999999343
999998903
999998916
999999308
999999079
999999611
999999769
999999546
999999834
999999805
999999155
999999272
999999557
999999707
999999061
999999280
999998941
999999015
999999639
999998955
999999519
999999056
999999303
999999835
999999671
999999254
999999559
999999783
999999371
999999609
999999458
999998975
999999000
999999090
999999154
999999309
999999425
999999288
999999819
999999353
999999262
999999178
999999704
999999095
999999255
999999137
999999818
999999133
999999817
999998986
999999822
999999843
999999529
999999311
999999497
999999832
999999603
999999785
999999791
999999130
999999506
999999520
999999615
999999004
999999359
999999761
999999431
999998910
999999474
999999314
999999619
999999171
999999421
999999447
999999043
999999352
999999402
999998967
999999731
999999209
999999010
999999755
999998980
999999622
999999582
999999536
999999667
999999026
999999111
999999531
999999462
999999251
999999377
999999777
999999850
999999873
999999473
999999284
999999767
999999363
999999871
999999724
999999525
999999086
999999168
999999467
999999179
999999131
999999427
999999505
999999738
999999334
999999569
999999634
999999483
999999067
999999579
999998971
999999698
999999860
999999186
999999455
999998905
999999380
999999406
999999654
999998950
999998899
999999126
999999548
999999058
999999440
999999522
999999230
999999594
999999274
999999141
999999175
999998949
999999242
999998961
999998920
999999057
999999198
999999065
999998940
999999826
999999789
999999007
999999590
999999841
999999880
999999147
999999605
999999507
999999721
999999756
999999861
999999151
999999606
999999838
999999868
999999181
999999053
999999562
999998968
999999243
999999757
999999331
999999020
999999264
999999121
999999199
999999607
999999680
999999345
999999029
999998954
999999317
999999513
999999616
999999429
999999259
999999355
999999459
999998915
999998987
999999790
999999854
999999568
999999232
999999256
999999089
999999211
999999428
999999361
999998914
999999527
999999626
999998939
999999279
999999734
999999412
999999108
999999052
999999564
999999812
999999700
999999356
999999669
999999715
999998937
999999122
999999107
999999492
999999889
999998925
999999714
999999183
999999602
999999174
999998966
999999050
999998923
999999768
999999237
999999722
999999764
999999556
999999054
999999881
999999875
999999305
999999032
999999313
999999240
999999277
999999696
999999665
999999509
999999125
999999060
999999450
999999515
999999267
999999831
999998892
999999547
999999009
999999640
999999194
999998996
999999662
999999418
999999330
999998951
999999746
999999542
999999727
999999504
999999617
999999758
999999386
999999668
999999062
999999836
999999027
999999200
999999614
999999115
999998979
999999247
999999315
999998893
999999749
999999304
999999523
999999558
999999028
999999239
999999802
999999766
999999891
999999379
999999366
999999372
999999302
999999855
999999041
999999324
999999014
999998911
999999885
999999434
999999793
999999596
999999329
999998970
999999323
999999332
999999410
999999093
999999652
999999433
999999719
999999394
999999076
999999857
999998902
999999397
999999148
999999244
999999069
999998896
999999660
999999516
999999420
999999221
999999166
999999691
999999338
999999454
999999432
999999390
999999074
999999744
999999370
999999091
999999417
999999575
999999373
999999706
999999048
999998928
999998959
999999658
999999491
999999376
999999796
999998912
999999820
999999587
999998932
999999307
999999839
999999782
999999441
999999460
999999745
999999449
999999597
999999535
999999132
999999643
999998988
999999035
999999301
999999225
999999342
999999098
999999682
999998948
999999173
999999794
999999821
999999320
999999644
999999101
999999792
999999593
999999374
999998995
999999637
999999705
999999448
999998917
999999190
999999518
999999003
999999477
999999659
999999075
999999134
999999816
999998973
999999747
999999375
999999804
999999553
999999287
999999645
999999666
999999055
999999411
999999498
999999657
999999046
999999856
999999457
999999367
999999203
999999227
999999774
999999430
999998926
999999686
999998982
999999808
999999884
999999114
999998938
999999630
999999341
999999008
999999829
999999013
999998981
999999514
999999298
999999354
999999610
999999191
999999879
999999409
999999333
999999283
999999874
999999403
999999528
999999577
999999601
999999684
999999335
999999293
999999461
999999748
999999566
999999647
999999864
999999537
999999852
999999213
999999310
999999257
999999598
999999073
999999157
999999042
999999890
999999437
999998985
999999872
999999888
999999443
999999870
999999223
999999167
999999289
999999730
999999511
999999651
999999500
999998934
999999039
999998906
999999476
999999102
999999140
999999595
999999207
999999318
999998897
999999809
999999195
999998990
999999624
999999534
999999297
999999228
999998909
999999632
999999464
999999887
999999628
999999118
999998921
999999604
999999739
999999484
999999187
999999275
999999456
999999475
999999144
999999094
999999865
999999266
999999138
999999635
999999146
999999586
999999252
999999618
999998957
999999092
999998927
999999743
999999270
999999703
999999656
999999439
999999701
999999672
999999631
999999555
999999853
999999540
999999681
999999708
999999100
999999393
999999844
999999407
999999408
999999718
999999204
999999588
999999123
999999638
999999177
999999741
999999208
999998918
999999683
999999364
999999754
999999521
999999201
999999127
999999233
999999383
999999770
999999312
999999786
999999164
999999810
999999485
999999544
999999561
999999438
999999119
999999392
999998992
999999463
999999641
999999369
999999189
999999110
999999649
999999378
999999404
999998898
999999294
999998962
999999348
999999502
999999426
999999490
999999258
999999096
999999508
999999496
999999869
999999589
999999862
999999180
999999142
999999202
999999778
999998960
999999196
999999863
999999578
999999250
999999030
999999358
999999103
999998947
999999152
999999742
999999765
999999273
999999550
999999442
999999036
999999736
999999215
999999104
999999623
999999801
999999071
999999025
999999538
999999246
999999299
999999021
999999625
999998984
999999040
999998922
999998907
999999608
999999710
999999018
999998983
999999517
999999019
999999365
999999676
999999543
999999415
999999732
999999229
999999866
999999697
999999759
999999337
999999381
999999436
999999185
999999416
999999109
999999350
999999572
999999470
999999128
999999149
999999482
999999205
999999772
999999539
999999576
999998974
999998933
999999481
999999877
999999097
999998978
999999182
999999763
999999044
999999165
999999113
999999670
999999664
999999224
999999271
999999673
999999360
999998904
999999217
999999806
999998894
999999124
999999823
999999840
999998972
999999401
999999591
999999815
999999753
999999526
999999771
999999629
999999063
999999423
999999675
999999295
999999234
999999159
999999600
999999798
999999848
999999493
999999072
999998924
999999219
999999750
999999735
999999083
999999047
999999319
999999336
999999773
999999339
999999740
999999384
999999842
999999145
999999023
999999085
999999851
999999552
999999235
999999725
999999479
999999245
999999580
999998989
999998945
999999788
999998908
999999512
999999290
999999825
999998931
999999620
999998901
999999241
999999530
999999135
999999720
999998976
999999265
999999737
999999099
999999695
999999349
999998919
999999465
999999859
999999024
999999156
999999143
999998935
999999419
999999414
999999117
999999184
999999849
999999663
999999078
999999847
999998946
999999362
999999391
999999693
999999613
999999478
999998956
999999395
999999533
999999799
999999878
999999814
999999321
999999573
999999153
999999787
999999316
999999468
999999795
999999699
999999466
999999193
999999551
999998930
999999216
999999051
999999574
999998963
999999469
999999064
999999621
999999883
999999824
999999105
999999627
999999070
999998993
999999489
999999471
999999328
999999726
999999633
999999510
999999648
999999214
999998964
999999292
999999762
999999163
999999368
999999248
999999011
999998953
999999711
999999077
999999678
999999049
999999260
999999501
999999080
999999612
999999192
999999306
999999554
999999444
999999779
999999733
999999001
999998999
999999231
999999405
999999238
999999674
999999291
999999712
999999210
999999494
999999776
999999541
999999524
999999037
999999811
999999012
999999276
999999150
999999846
999999106
999999197
999999169
999999499
999999385
999999650
999999236
999999486
999999813
999999728
999999488
999999176
999999357
999999268
999999549
999999503
999999781
999999136
999999422
999999081
999999120
999999867
999999045
999999212
999999452
999999278
999999800
999999022
999999399
999999446
999999033
999998952
999999087
999999599
999999129
999999830
999999249
999999729
999999688
999998998
999999646
999999679
999998969
999999158
999999807
999999139
999999388
999999585
999999472
999999340
999999886
999999495
999999583
999999269
999999400
999998944
999999188
999999803
999999261
999999005
999999424
999999116
999999828
999999351
999999692
999999162
999999017
999998929
999999563
999998958
999999480
999999034
999998942
999999532
999999006
999999326
999999689
999999584
999999661
999999172
999998913
999999642
999999344
999999068
999999285
999999016
999999327
999999325
999999453
999999088
999999389
999998997
999999346
999999690
999998943
999999717
999999723
999999784
999999322
999999653
999999082
999999487
999999694
999999206
999999845
999999263
999999545
999998895
999999565
999999112
999999592
999998965
999999567
999999827
999999709
999999677
999999435
999999002
999999296
999999833
999999451
999999038
999999752
999999382
999998991
999999751
999999685
999999775
999999702
999999570
999999347
999999160
