999999878
999999175
999999513
999999699
999998954
999999819
999999270
999999426
999999255
999999165
999999238
999999108
999998957
999999225
999998941
999999532
999999798
999999777
999999354
999999256
999999037
999999314
999999482
999999811
999999047
999999763
999999795
999999405
999999877
999998906
999999076
999998958
999999345
999998911
999998975
999998992
999999591
999999232
999999624
999999757
999998897
999999690
999999597
999999505
999999340
999999432
999999386
999999553
999999773
999999851
999999712
999999440
999999626
999999794
999999820
999999698
999999549
999999657
999998980
999999068
999999502
999999661
999999422
999999810
999998949
999998966
999999158
999999815
999999039
999999074
999998999
999999730
999999023
999998912
999999064
999999218
999999522
999999291
999999608
999999333
999999247
999999517
999999750
999999818
999999692
999999714
999999558
999999311
999999250
999999856
999999749
999999610
999999241
999999643
999999561
999998919
999998925
999998981
999999664
999999168
999999841
999998928
999999007
999999262
999999149
999999727
999999239
999999559
999999529
999999803
999999393
999999436
999999469
999999867
999999822
999999758
999999324
999999660
999999775
999999413
999999746
999998900
999999745
999999623
999999713
999999052
999999154
999999695
999999248
999999198
999999381
999999186
999999674
999999176
999999765
999999003
999999718
999999541
999999289
999999008
999999786
999998883
999999226
999999644
999998899
999999081
999998959
999999328
999999872
999999696
999999049
999999735
999999445
999999293
999999418
999999864
999999306
999998984
999999006
999999720
999999283
999999363
999999576
999999774
999999475
999999612
999999350
999999264
999999245
999999116
999999093
999999451
999999403
999999711
999999873
999998914
999999492
999999857
999999367
999999611
999999536
999999673
999999759
999999607
999999584
999999249
999999659
999999036
999999275
999999542
999999596
999999600
999998902
999999167
999999294
999999057
999999515
999999411
999998989
999999595
999999285
999999622
999999707
999999548
999999005
999999473
999998936
999998918
999999605
999999355
999999244
999998983
999999044
999999538
999998920
999999394
999999854
999999316
999999512
999999725
999999769
999999229
999999352
999999204
999999593
999999565
999999869
999999453
999999373
999999112
999999342
999999150
999999030
999999421
999999395
999999376
999999516
999999344
999999372
999999589
999999079
999999859
999998905
999999278
999999598
999999669
999998889
999999577
999999402
999999761
999999065
999999382
999999666
999999320
999999420
999999614
999999384
999998997
999999834
999999467
999999697
999999539
999999359
999999732
999999478
999999599
999999844
999999742
999999325
999999480
999999017
999999741
999999166
999999161
999999748
999999377
999999073
999999107
999999170
999999806
999998956
999999004
999999572
999999717
999999724
999999678
999999528
999999705
999999615
999999123
999999501
999999406
999999722
999999880
999999675
999999429
999999866
999998907
999999808
999999433
999999655
999999337
999999477
999999031
999999585
999999836
999999423
999999162
999999835
999999645
999999142
999999059
999999274
999999115
999999261
999999024
999998990
999999753
999999602
999999568
999999823
999999219
999999594
999999519
999999234
999999374
999999172
999999495
999998884
999999351
999999016
999999790
999999431
999998923
999999347
999999633
999998892
999999861
999999220
999999619
999999461
999999832
999999257
999999341
999999472
999999562
999999526
999999269
999999390
999999366
999999629
999999691
999999078
999999668
999999273
999999658
999999067
999999236
999999737
999999110
999999442
999999310
999999587
999999617
999999252
999999370
999999491
999999582
999998962
999999767
999999511
999999045
999999288
999999449
999999399
999998988
999999368
999999679
999999684
999998917
999999027
999999849
999998986
999999780
999999312
999999117
999999578
999999020
999999207
999999606
999998961
999999201
999999764
999999348
999999235
999999126
999999026
999999604
999999723
999998932
999999676
999999364
999999471
999998910
999999627
999999500
999999133
999999782
999999401
999999853
999999054
999999704
999999752
999999650
999999069
999999557
999999694
999999620
999999842
999999831
999999459
999999498
999999231
999999144
999998916
999998972
999999058
999999098
999999322
999998978
999998953
999999827
999999641
999998979
999999499
999999826
999999672
999999507
999999313
999999687
999999169
999998894
999999726
999999865
999999331
999999716
999998929
999998971
999998930
999999648
999998987
999999700
999999488
999999221
999999874
999999760
999999441
999999276
999999018
999999139
999999174
999999029
999999053
999999246
999999755
999998931
999999227
999999321
999999164
999999315
999999520
999999804
999999357
999999157
999998904
999998890
999999862
999999706
999999290
999999148
999999260
999998886
999999860
999999155
999999100
999999346
999999573
999998985
999999369
999999146
999999837
999999483
999999200
999999215
999998963
999999756
999999217
999999881
999999848
999999581
999999286
999999435
999999184
999999833
999998934
999999378
999999104
999999060
999999555
999999121
999999192
999999425
999999329
999999089
999999134
999998909
999999613
999999077
999999496
999999380
999999747
999999143
999999638
999999009
999999101
999998940
999999130
999999465
999999802
999999224
999999437
999999688
999999415
999999212
999999603
999999211
999999308
999999740
999998946
999999091
999999662
999999055
999999191
999999484
999999177
999999731
999999137
999999240
999999242
999999733
999999151
999999253
999999282
999999821
999999105
999999019
999999554
999999339
999998933
999999125
999998903
999999588
999999152
999998974
999999268
999999457
999999304
999999494
999999114
999999063
999999358
999999824
999999292
999999187
999999129
999999109
999998895
999998926
999999153
999999334
999999490
999999776
999999122
999999438
999999708
999999196
999999318
999999466
999999385
999999625
999998993
999999409
999999199
999998976
999999743
999999839
999999343
999999051
999999181
999998977
999999468
999998891
999999083
999999213
999999531
999999701
999999317
999999138
999999230
999999828
999999509
999999504
999999470
999998893
999999523
999999159
999999685
999999206
999999361
999999546
999999305
999999084
999998939
999999476
999999567
999999579
999999193
999999156
999999216
999999825
999998938
999999805
999999099
999998982
999999013
999999448
999999474
999999066
999999296
999999145
999999807
999998967
999998927
999999338
999998950
999999050
999999439
999999671
999999300
999999267
999999510
999999082
999999113
999999254
999999336
999999002
999999736
999998887
999999327
999999621
999999571
999999814
999999479
999999791
999998943
999999683
999999011
999999634
999999779
999999120
999999751
999999408
999998964
999999744
999998885
999999446
999999010
999999647
999999095
999999770
999999486
999999876
999999518
999999383
999999544
999999783
999999575
999999485
999999855
999998955
999999635
999999424
999999209
999999088
999999646
999998913
999999533
999999302
999999303
999999197
999999616
999999237
999999665
999999163
999999642
999999702
999999299
999999652
999999456
999999195
999999590
999999397
999999416
999999085
999999682
999999447
999999535
999999843
999999637
999998947
999998998
999999738
999999801
999999444
999999863
999999038
999999417
999999514
999999214
999999560
999999259
999999452
999998973
999999592
999999287
999999202
999999583
999999609
999999428
999999272
999998908
999999850
999999266
999998948
999999075
999999271
999999056
999999335
999999840
999999875
999999140
999999295
999999265
999999277
999999793
999999552
999999566
999999228
999999147
999999785
999999025
999999586
999999061
999998924
999999128
999999632
999999043
999998944
999999762
999999556
999999042
999999564
999999124
999999563
999998965
999999771
999999000
999999739
999999493
999999203
999998915
999999734
999999178
999999870
999999119
999999628
999999179
999999332
999999768
999999871
999999799
999999797
999999462
999999279
999999086
999999243
999999551
999999087
999999858
999999458
999999681
999999012
999999434
999998960
999999022
999999852
999999323
999999015
999999379
999999127
999999506
999999703
999999326
999998991
999999131
999999817
999999427
999998882
999999454
999999524
999999001
999999656
999999387
999999297
999999812
999999636
999999096
999999410
999999349
999999301
999999640
999999102
999999404
999999521
999998922
999999070
999999789
999999487
999999547
999999183
999999040
999999680
999998951
999999574
999999729
999999631
999999460
999999481
999999309
999999503
999999778
999999173
999999032
999999868
999999398
999998935
999999106
999999525
999999034
999999118
999999391
999999182
999999570
999999677
999998937
999999190
999999371
999999389
999999160
999999845
999999800
999999072
999999188
999999813
999999419
999999550
999999670
999999497
999999728
999999033
999998921
999999846
999999094
999999263
999999879
999999796
999999180
999999356
999999071
999998996
999999719
999999781
999999540
999999838
999999298
999999618
999999601
999999132
999999639
999999046
999999375
999999686
999999663
999999280
999999136
999999772
999999430
999999111
999999048
999999014
999999715
999999396
999999353
999999223
999999233
999999092
999999281
999999103
999999809
999999400
999998969
999999362
999999251
999999766
999999035
999999787
999999090
999999194
999999689
999999754
999999407
999999171
999999392
999998945
999999463
999999534
999998888
999999784
999999667
999999388
999999205
999999080
999999097
999999693
999999258
999999028
999999189
999999653
999999527
999999651
999999489
999998901
999999537
999998994
999999210
999999135
999999284
999999365
999998942
999999649
999999412
999999208
999999062
999999580
999999545
999999141
999999829
999999360
999999630
999999709
999999710
999998898
999999185
999999569
999999654
999999330
999998995
999999021
999999508
999998896
999999721
999999543
999999788
999999530
999999319
999999307
999999455
999999830
999999792
999999222
999999816
999998952
999998968
999999443
999999414
999999847
999999450
999998970
999999464
999999041
999999666
999999856
999999588
999999123
999999024
999999138
999999821
999999826
999999677
999999777
999999292
999999293
999999335
999999864
999998999
999999720
999999655
999999593
999999188
999999790
999999550
999999056
999999228
999999001
999998998
999999176
999999282
999999051
999998913
999999563
999999233
999999836
999999714
999999613
999999437
999998882
999999736
999999448
999999661
999999776
999999231
999999012
999999573
999999710
999999250
999999361
999999704
999999326
999998886
999999549
999999318
999999751
999999273
999999705
999999582
999999187
999999066
999999747
999998930
999999040
999999649
999999653
999999074
999999003
999999065
999999682
999999674
999999533
999999879
999999673
999999042
999999143
999999830
999999764
999998898
999999633
999999481
999999277
999999309
999999662
999999850
999999029
999999494
999999085
999999395
999998932
999999462
999999178
999999769
999998979
999999468
999999400
999999552
999999295
999998922
999999530
999999763
999999405
999999135
999998925
999999193
999999320
999999286
999999167
999999021
999999438
999998934
999999180
999999542
999999270
999998947
999999485
999999496
999999456
999998974
999999392
999999181
999999852
999999070
999999296
999999240
999999091
999999366
999999454
999999083
999999008
999999030
999999171
999999382
999999118
999999004
999999697
999998970
999998983
999999629
999999713
999999446
999999855
999999632
999999766
999999267
999999443
999999058
999999472
999999048
999999260
999998920
999998964
999999520
999999517
999999288
999999791
999999272
999999551
999999724
999999200
999999018
999999005
999999738
999999765
999999084
999999540
999999147
999999522
999999634
999999206
999999408
999999771
999999770
999999508
999999730
999998888
999999579
999999574
999999409
999999659
999999287
999999017
999999789
999999322
999999635
999998945
999999137
999999234
999998939
999999385
999999009
999999461
999999694
999999842
999999227
999999216
999998937
999999544
999999617
999999586
999998985
999999645
999999096
999999782
999999663
999998977
999999799
999999491
999999685
999999810
999999130
999998960
999999246
999999397
999999547
999998988
999999039
999999555
999999798
999999369
999999860
999998893
999999615
999999679
999999380
999999794
999999631
999999230
999999340
999999598
999999861
999999232
999999422
999999797
999999545
999999141
999999052
999998903
999999265
999999848
999999316
999999239
999999774
999999201
999998931
999999628
999999689
999999010
999999671
999999356
999999594
999999317
999999696
999998975
999999125
999998940
999999686
999999339
999999643
999999562
999999600
999999223
999999283
999999025
999999564
999999493
999999825
999999120
999999114
999999212
999999168
999999333
999999445
999999693
999999865
999999824
999999214
999999202
999998989
999999092
999999572
999999204
999999041
999999851
999999425
999999073
999998935
999999691
999999222
999998927
999999772
999999740
999998919
999999651
999999221
999999608
999999876
999999252
999999621
999999753
999999548
999999728
999999266
999999482
999999217
999999016
999999619
999999835
999999049
999999827
999999449
999999406
999999127
999998987
999999463
999999510
999999733
999999838
999999721
999999054
999999363
999999279
999999031
999999834
999999348
999999381
999999413
999999570
999998928
999999589
999999203
999998938
999999063
999999396
999999364
999999191
999999609
999999554
999999553
999998995
999999742
999999656
999999578
999999254
999999384
999999505
999998968
999999331
999999152
999999439
999999410
999999411
999999134
999999154
999999712
999999815
999999208
999999312
999999847
999999258
999999805
999999870
999999760
999999499
999998907
999999599
999999532
999999636
999999455
999999511
999999428
999999681
999999336
999999699
999999523
999999189
999999719
999999355
999999310
999999451
999999646
999999079
999999033
999999307
999998910
999999108
999999802
999999877
999999480
999999174
999999557
999999416
999999060
999999112
999999539
999999303
999998959
999999274
999998911
999998976
999999587
999999597
999999360
999999618
999999497
999999352
999999489
999999435
999999726
999999372
999999328
999999269
999999423
999999680
999999350
999999762
999999687
999999644
999999161
999999717
999998982
999999394
999999412
999999401
999999867
999999198
999999858
999999429
999999192
999999869
999999173
999999568
999999822
999999095
999999006
999999314
999998965
999999577
999999393
999999592
999999746
999998946
999999298
999999367
999999047
999998981
999999037
999999436
999999255
999999471
999999722
999998950
999999811
999999484
999999244
999999145
999999800
999999424
999999276
999999434
999999584
999999768
999998901
999999525
999998986
999999757
999999219
999999330
999999565
999999739
999999519
999999249
999999748
999999817
999999603
999998971
999998952
999998936
999999828
999998992
999999583
999999537
999999657
999999280
999998990
999999015
999999345
999999654
999998887
999999027
999999291
999999595
999999346
999999000
999999026
999999086
999999157
999999100
999999626
999999373
999999695
999999146
999999788
999999028
999999199
999999841
999999516
999999420
999999419
999999299
999999535
999999226
999998885
999998883
999999845
999999386
999999177
999999062
999999459
999999144
999998955
999999638
999998902
999999716
999999311
999999487
999999778
999998966
999999404
999999500
999999732
999998895
999999245
999999160
999999833
999999745
999998962
999998942
999999561
999999297
999999354
999999262
999999793
999998963
999998918
999999758
999999571
999998993
999999399
999999159
999999639
999999433
999998926
999999669
999999543
999999466
999999248
999999014
999999727
999999169
999999591
999999813
999999868
999999786
999998973
999999452
999999290
999999057
999999133
999999102
999999035
999999512
999999105
999999703
999999792
999999819
999999759
999999596
999999224
999999478
999999641
999999616
999999441
999998943
999999378
999999211
999999165
999999349
999999785
999998912
999999256
999999581
999999465
999999807
999999781
999999417
999999323
999999321
999999430
999999389
999999151
999999558
999999038
999999756
999999729
999999625
999998917
999999237
999999518
999999440
999999128
999999483
999999585
999999873
999999859
999999414
999999122
999999580
999999072
999999362
999999567
999999513
999999164
999999139
999999162
999999090
999999723
999999464
999999140
999999019
999999117
999999667
999999126
999998908
999999660
999998997
999999709
999999034
999998915
999999670
999999453
999999158
999999183
999999806
999999690
999999235
999999432
999999391
999999081
999999080
999999718
999999650
999999116
999999402
999998890
999998889
999999735
999999473
999998996
999999082
999999853
999999103
999999215
999999304
999999862
999999064
999999426
999999264
999999816
999998916
999999241
999999444
999998884
999999059
999999479
999999045
999999803
999999022
999999129
999999514
999999490
999998969
999999347
999999371
999999263
999999342
999999795
999999706
999999569
999999492
999999839
999999837
999999247
999999379
999999450
999999664
999999779
999998951
999999098
999999315
999999089
999999163
999999801
999999210
999999225
999999327
999999093
999999213
999999142
999999767
999999840
999999275
999999665
999999207
999999421
999999324
999999857
999999136
999998967
999999087
999999407
999999344
999998933
999999023
999999715
999999124
999999101
999998961
999999179
999999281
999999067
999998948
999999332
999999149
999998892
999999832
999999457
999999528
999998994
999999796
999998905
999999750
999999196
999998923
999999731
999998896
999999854
999999357
999998953
999999866
999999403
999999556
999999495
999999702
999999458
999999606
999999175
999999531
999999243
999999398
999999302
999999498
999999261
999999737
999999375
999999050
999999477
999998921
999999604
999999658
999999011
999999474
999999809
999999610
999999755
999999195
999999648
999999527
999998949
999998941
999999675
999999447
999999701
999999358
999998909
999998929
999999566
999999306
999999036
999999251
999999013
999999707
999999341
999999672
999999725
999999170
999999068
999999418
999999620
999999184
999999812
999999131
999999688
999999106
999999534
999998914
999999325
999999676
999999374
999999197
999999431
999999172
999999353
999999787
999999475
999999612
999999559
999999872
999999242
999999743
999999132
999998978
999999334
999999607
999999773
999999501
999999097
999999524
999999711
999998904
999999370
999999590
999999301
999999601
999999313
999999053
999999460
999999469
999999390
999999442
999999874
999999329
999999818
999999684
999999536
999999104
999999829
999998991
999999088
999999069
999999388
999999007
999998984
999998980
999999186
999999268
999999652
999999668
999999153
999999337
999999754
999999526
999999515
999999107
999999881
999999880
999999285
999999387
999999121
999999808
999999044
999999218
999999229
999999110
999999020
999998972
999999504
999999076
999999075
999999804
999999111
999999575
999999109
999999055
999998894
999998924
999999113
999999509
999999622
999999486
999999630
999999190
999999209
999999166
999999744
999999238
999999099
999999507
999999640
999999205
999999351
999999415
999999700
999999752
999999637
999999849
999999078
999999784
999998906
999999343
999999814
999999253
999999156
999999308
999999305
999999150
999999831
999999623
999999843
999999647
999999780
999999863
999999061
999999871
999999741
999999823
999999032
999999749
999999115
999999046
999999775
999999521
999999476
999999734
999999284
999999502
999999820
999998897
999999427
999999368
999999185
999999503
999999365
999999783
999999377
999999002
999999359
999999155
999999614
999999611
999999077
999999300
999998957
999999467
999999846
999999383
999998958
999999071
999999605
999998899
999998956
999999683
999999692
999999338
999998954
999999844
999999642
999999624
999999278
999999541
999999627
999999182
999998944
999999271
999999602
999999289
999999538
999999761
999999576
999999236
999998900
999999546
999999470
999999506
999999259
999999043
999999094
999999294
999999488
999999708
999999376
999999119
999999148
999999257
999998891
999999560
999999875
999999319
999999678
999999529
999999878
999999194
999999220
999999698
999999696
999999572
999999708
999999173
999998887
999999563
999999249
999999435
999999677
999999500
999999143
999999269
999999114
999999024
999999141
999999545
999999244
999999147
999998896
999998959
999998954
999998893
999999340
999999640
999999852
999999227
999999178
999999725
999999821
999999274
999999040
999998916
999999651
999999729
999999498
999999660
999999639
999999709
999999842
999999879
999999082
999998921
999999472
999999823
999998953
999999525
999999689
999999722
999998884
999999692
999999177
999999625
999999086
999999544
999999475
999999615
999999452
999999179
999999594
999999405
999999581
999999551
999999254
999999404
999999099
999999190
999999508
999999358
999999109
999999335
999999843
999999230
999999396
999999671
999999514
999999006
999999761
999999492
999999634
999999092
999999140
999999840
999999699
999998923
999999817
999999119
999999505
999999275
999999824
999999855
999999649
999999413
999999641
999999240
999999457
999999662
999999134
999999720
999999626
999999438
999999321
999999618
999999059
999999044
999999305
999998895
999999741
999999726
999999853
999999800
999998961
999999085
999999814
999999614
999999776
999999061
999999669
999999224
999999135
999999420
999999000
999999056
999999752
999999522
999999076
999999429
999998956
999999032
999999278
999999419
999999259
999999836
999998974
999999564
999998901
999999532
999999123
999999289
999999030
999999568
999999579
999999691
999999342
999999215
999998964
999999159
999999560
999999878
999998905
999998933
999999282
999998991
999999714
999999715
999999157
999999210
999999666
999999025
999999332
999999811
999999329
999999001
999999805
999999314
999999636
999999802
999999394
999999077
999999233
999999753
999999116
999998955
999999034
999999118
999999325
999998940
999999479
999999068
999999330
999999398
999999065
999999381
999999126
999999421
999999004
999999353
999999130
999999835
999999784
999998966
999999646
999999538
999999029
999999137
999999243
999999789
999999371
999999437
999998998
999999364
999998937
999999476
999999838
999999145
999999619
999999055
999999100
999999611
999999026
999999507
999999402
999999218
999998939
999999756
999999016
999999102
999999595
999999208
999999493
999999355
999998919
999998945
999999022
999999069
999999656
999999062
999999072
999999620
999999070
999999318
999999401
999999003
999999231
999999066
999999261
999999474
999999801
999998960
999999598
999999012
999999367
999999621
999999576
999999363
999999125
999999478
999999554
999998885
999999747
999999189
999999673
999999027
999999184
999999638
999999613
999999013
999999596
999999060
999999607
999998890
999999258
999998930
999999731
999999049
999999857
999999433
999998913
999999586
999999876
999999793
999999202
999999192
999999807
999999113
999999755
999999569
999999010
999999150
999999018
999999255
999999565
999999764
999999877
999999635
999999864
999998997
999999349
999999188
999999798
999999780
999999264
999999442
999999631
999999142
999999198
999999017
999999450
999999606
999999685
999999374
999999733
999998902
999999015
999999833
999999400
999999399
999998988
999999702
999999220
999999265
999999775
999999406
999999093
999999711
999999553
999999865
999999058
999999412
999999193
999999280
999999048
999999337
999998965
999999078
999999678
999999464
999999834
999999376
999999815
999999288
999999513
999999104
999999628
999999107
999999236
999999757
999998990
999999480
999999149
999999397
999999324
999999657
999998989
999999138
999999461
999999417
999999668
999999453
999999295
999999334
999999166
999998948
999999444
999999735
999999483
999999267
999999528
999999664
999999770
999999653
999998889
999998941
999998900
999999495
999999158
999999225
999999767
999999873
999999710
999999874
999999489
999999730
999999443
999999247
999999819
999999251
999999163
999999612
999999473
999999440
999999341
999999679
999999232
999999627
999999462
999999083
999998943
999999652
999999515
999999043
999999403
999999356
999999084
999999697
999998982
999999604
999999101
999999205
999999302
999999754
999999484
999998886
999999271
999999074
999998975
999999209
999999071
999999132
999999682
999999057
999999724
999999543
999999791
999999167
999998969
999999778
999999460
999999546
999998949
999999036
999999182
999999165
999999331
999999871
999999277
999999590
999999410
999999701
999999423
999999584
999999643
999999087
999999432
999999108
999999573
999999121
999999869
999999181
999998924
999999698
999998908
999999395
999999204
999998970
999999161
999999088
999999122
999998963
999999771
999999591
999999064
999999491
999999368
999999549
999999527
999999388
999999561
999999345
999999727
999999051
999999422
999999216
999999849
999999090
999998938
999999575
999999307
999999695
999999518
999999097
999999749
999999790
999998936
999999160
999999281
999999454
999999497
999999792
999999570
999999608
999999385
999998883
999999721
999999195
999999320
999998932
999999037
999998994
999999242
999999168
999999266
999999559
999999311
999999605
999999156
999999053
999998946
999999547
999999365
999999360
999998947
999999375
999999723
999999502
999999292
999999046
999999206
999999672
999999299
999998912
999999466
999999686
999998915
999999758
999999658
999999744
999999382
999999219
999999213
999999344
999999377
999999319
999999703
999999221
999999223
999999033
999999552
999999813
999999354
999999533
999999804
999999154
999999806
999998888
999999306
999999007
999998973
999999111
999999448
999999408
999999362
999999632
999999380
999999788
999999688
999999687
999999818
999999214
999999041
999999303
999999248
999999847
999999511
999999717
999999246
999999431
999999777
999999539
999998992
999999172
999999430
999998986
999998996
999999347
999999661
999999782
999999488
999999014
999999390
999999589
999999217
999999308
999999054
999999706
999999441
999999745
999999654
999999200
999999471
999999875
999999616
999999481
999999162
999999485
999998897
999999129
999999286
999999665
999999124
999998995
999999760
999999352
999999739
999999312
999999494
999999490
999999393
999999700
999999587
999999529
999999521
999999212
999999623
999999486
999999008
999999183
999999670
999999557
999999535
999999844
999999765
999998922
999999526
999999115
999998958
999999629
999999339
999999407
999999094
999999732
999999039
999998952
999999773
999999676
999998977
999999298
999999428
999999458
999999350
999999098
999999496
999999482
999998981
999999866
999999378
999999516
999999234
999999112
999999110
999999504
999998894
999998929
999999517
999999005
999999797
999998944
999999736
999999310
999999748
999999300
999999414
999998993
999999211
999999465
999999316
999999019
999999633
999999785
999999387
999998980
999999207
999999841
999999667
999999291
999999416
999999309
999999386
999999822
999999272
999999650
999999829
999998911
999999304
999999284
999999052
999999186
999998891
999999297
999999812
999999447
999999222
999999783
999999624
999999750
999999675
999999144
999999850
999999600
999999740
999999768
999999366
999999674
999999196
999999203
999999779
999999073
999999728
999999359
999998925
999999856
999999827
999999384
999999759
999999105
999999774
999999079
999998968
999998984
999999089
999999301
999999081
999998926
999999509
999999103
999999322
999999451
999999556
999999369
999999803
999999763
999998914
999999637
999999391
999999197
999999826
999998898
999999540
999999315
999999425
999999175
999999781
999999180
999999766
999998978
999999839
999999050
999999459
999999002
999999468
999999038
999998910
999999562
999999338
999999499
999999415
999999712
999999816
999999290
999999734
999998907
999999153
999999582
999999520
999999257
999999389
999999567
999999313
999999148
999999080
999999863
999999011
999998999
999999487
999999045
999999106
999999294
999999250
999999042
999999343
999999139
999999680
999999262
999999439
999999737
999999742
999999548
999999273
999999467
999999229
999999555
999999171
999998918
999999820
999999326
999999446
999998882
999999392
999999713
999998987
999999067
999999858
999998899
999999694
999999870
999999152
999999187
999999859
999999411
999998903
999999201
999998917
999998950
999998972
999998935
999999597
999999028
999999245
999999831
999999296
999999574
999998934
999999868
999999751
999999512
999999542
999999241
999999684
999999854
999999799
999998906
999999808
999999707
999999253
999999743
999998904
999999588
999999769
999999270
999999226
999999848
999999449
999998942
999999463
999999578
999999558
999999796
999999469
999999348
999999120
999999828
999999772
999999170
999999825
999999719
999999809
999998967
999999536
999999659
999999762
999999455
999998979
999999418
999999020
999999317
999999260
999999644
999999501
999999566
999999663
999998927
999999191
999999550
999999283
999999426
999999328
999999585
999999383
999999336
999999881
999999716
999999642
999999268
999999738
999999096
999999238
999999609
999999194
999999285
999999704
999999746
999999095
999999169
999999506
999998920
999999648
999999693
999999047
999999830
999999530
999999228
999999063
999999372
999999645
999999832
999999235
999999021
999999146
999999427
999999379
999999718
999999373
999999622
999999091
999999603
999999503
999999647
999999610
999998909
999999424
999999436
999998951
999999571
999999327
999999705
999999599
999999523
999998962
999999845
999999031
999999164
999999346
999999128
999998928
999999155
999999174
999999601
999998931
999999252
999999872
999999577
999998971
999999333
999999510
999999323
999999009
999999287
999998983
999998957
999999524
999999787
999999810
999999117
999999655
999999880
999999602
999999519
999999531
999999470
999999279
999999136
999999630
999999794
999999276
999999434
999999795
999999176
999999537
999999256
999998892
999999199
999998985
999999370
999999593
999999185
999999239
999999534
999999846
999999860
999999127
999999580
999999541
999999851
999999683
999999837
999999583
999999409
999999023
999999867
999999263
999999075
999999861
999999035
999999617
999999151
999999133
999999592
999999357
999999351
999998976
999999786
999999477
999999131
999999361
999999681
999999293
999999456
999999690
999999445
999999862
999999237
999999094
999999263
999999136
999999465
999999587
999999482
999999522
999999362
999998920
999999546
999999632
999999569
999999625
999999644
999999041
999999042
999999040
999999091
999998949
999999771
999999618
999999368
999998944
999998983
999999497
999999406
999998954
999998922
999999266
999999658
999999054
999999588
999999073
999999031
999999789
999999514
999999235
999999267
999999564
999999234
999999206
999999723
999999603
999999614
999999750
999999548
999999717
999999419
999999386
999999824
999999115
999999839
999999037
999998890
999999552
999998910
999999135
999999553
999998969
999999635
999999555
999999255
999999472
999999337
999999223
999999052
999999799
999999781
999999217
999999650
999999846
999999318
999998938
999998916
999999336
999998992
999999733
999999481
999999530
999999437
999999324
999999116
999999153
999999737
999999529
999999860
999999584
999999372
999999150
999999046
999999338
999999731
999999537
999999458
999999770
999999513
999999807
999998963
999999118
999999258
999999123
999999265
999999124
999999334
999999401
999999320
999999181
999999003
999999361
999998971
999999814
999999841
999999250
999999325
999999651
999999025
999998940
999999545
999999131
999998955
999999792
999999662
999999649
999999509
999999353
999999272
999999216
999999471
999998993
999999494
999999306
999999378
999999063
999999766
999999745
999999648
999999822
999999146
999999199
999999383
999999675
999999170
999999375
999999856
999999554
999999693
999999769
999999707
999999836
999999809
999999291
999999777
999998945
999999032
999999767
999999459
999999683
999999773
999999574
999999412
999999652
999999734
999999171
999999780
999999711
999999752
999999738
999999050
999999014
999999314
999999666
999999293
999999448
999999831
999999499
999999078
999999870
999999646
999999188
999999004
999999859
999999634
999999365
999999626
999999416
999999194
999999645
999999122
999999667
999999407
999999346
999998927
999999374
999999429
999999838
999999749
999998885
999999704
999998914
999998937
999999061
999999805
999998987
999999064
999999376
999999214
999999539
999999833
999999633
999999319
999999292
999999669
999999795
999998919
999999421
999999528
999999508
999999449
999999417
999998997
999999301
999999261
999998948
999998936
999999845
999999641
999999119
999998980
999998894
999999850
999999874
999999236
999999840
999999201
999999270
999999512
999999398
999999659
999999558
999998960
999999759
999999636
999999589
999999696
999999156
999999714
999999763
999999598
999999053
999999605
999999621
999999143
999999273
999999359
999999283
999999105
999998921
999999637
999999681
999999872
999999823
999999577
999999120
999999428
999999538
999999415
999999615
999999219
999999379
999999740
999999111
999999617
999999060
999999096
999999393
999999193
999999628
999999169
999999844
999999404
999999515
999999343
999999661
999999382
999999341
999999506
999999249
999998903
999999226
999999764
999999668
999999719
999999210
999998967
999999388
999999801
999999478
999999351
999999331
999999567
999998981
999999203
999998909
999999518
999999622
999999390
999999191
999999858
999999038
999998893
999999853
999999505
999999778
999998897
999999212
999999703
999999565
999999613
999999440
999999775
999999211
999999828
999999205
999999134
999999665
999999673
999999616
999999495
999999282
999999173
999999709
999999019
999999865
999999036
999999167
999999228
999999330
999999296
999999241
999999180
999998970
999999269
999999800
999999392
999998999
999999484
999999077
999999364
999998930
999999020
999999328
999999524
999999067
999998905
999999671
999999129
999998998
999999332
999999008
999999559
999999350
999998950
999999154
999998900
999999130
999999240
999999463
999999639
999998924
999999065
999999875
999999794
999999720
999999430
999999164
999999348
999999602
999999797
999998931
999999604
999999578
999998928
999999782
999999021
999998907
999999112
999999521
999999657
999999175
999999631
999999384
999998975
999999454
999999880
999999389
999998996
999999583
999999596
999999547
999999857
999999851
999999810
999999847
999999487
999998933
999999152
999999289
999999177
999999486
999999544
999999741
999999686
999999863
999999541
999999030
999999712
999999881
999999074
999999158
999999713
999999425
999999467
999999427
999999600
999999366
999999445
999999420
999999187
999999679
999998942
999999352
999999527
999999387
999999694
999999023
999998957
999999816
999999501
999998982
999999109
999999590
999999655
999999835
999999848
999999678
999999689
999999377
999999500
999999854
999999531
999999028
999999791
999999663
999999535
999999208
999999819
999999820
999999276
999999725
999999259
999999672
999999251
999999571
999999654
999998974
999998935
999999829
999999647
999999198
999999114
999999229
999999139
999999540
999999121
999999103
999999127
999999610
999999452
999999629
999999843
999999862
999998925
999999756
999999422
999999424
999999566
999999140
999999144
999998965
999999238
999999322
999999408
999999815
999999305
999999698
999999058
999999402
999999498
999998884
999998918
999998882
999999483
999999724
999999597
999999013
999998943
999998896
999999400
999999803
999999288
999999093
999999072
999999009
999999317
999999441
999999456
999999385
999999832
999999601
999999871
999999593
999999485
999999231
999999877
999999079
999999326
999999185
999999006
999999765
999999308
999999469
999999595
999998972
999999453
999999868
999998915
999999071
999999480
999999507
999999438
999999280
999999758
999999785
999999254
999999680
999999087
999999192
999999242
999999304
999999088
999999027
999999418
999999664
999999426
999999128
999999264
999999620
999999106
999998990
999999444
999999247
999999207
999999367
999999356
999999313
999999355
999999607
999999878
999999133
999999347
999999312
999998984
999999107
999999779
999998973
999999335
999999015
999999295
999999585
999999271
999999287
999999339
999999504
999999391
999999307
999999736
999999151
999998889
999999684
999999278
999999742
999999113
999999572
999999806
999999730
999999010
999999557
999999575
999999561
999999166
999999423
999998904
999999204
999999342
999999660
999998887
999999743
999999808
999999511
999999202
999999876
999999051
999999165
999999363
999999798
999999399
999998891
999999466
999999470
999999274
999999735
999999473
999999432
999999098
999999157
999998961
999999612
999999611
999998951
999999268
999999757
999998946
999999532
999999001
999998976
999999879
999999126
999999581
999999215
999999721
999999434
999999323
999999701
999999523
999999867
999999360
999999300
999999442
999999117
999999534
999999692
999999739
999999433
999999075
999999159
999999294
999999373
999999316
999999195
999999132
999999083
999999179
999999395
999999753
999999246
999998923
999999688
999999762
999999606
999999496
999999533
999998913
999999196
999999012
999999751
999998956
999999248
999999284
999999340
999999081
999999560
999999451
999999358
999999239
999999729
999999047
999999708
999999197
999998988
999999491
999999344
999999298
999999519
999999468
999999722
999999568
999999309
999999244
999999479
999999034
999999002
999999755
999998995
999999436
999999354
999999237
999999691
999999297
999999178
999999784
999999099
999999579
999999702
999999137
999999213
999998892
999999772
999999310
999999285
999999125
999999748
999999017
999999502
999999788
999999818
999999461
999999677
999999837
999999811
999999007
999999488
999999638
999999475
999998989
999999349
999999277
999999100
999999460
999999141
999999092
999999520
999999754
999998977
999999155
999999413
999999230
999999062
999999510
999999084
999999381
999999172
999999085
999999446
999999397
999999080
999999394
999999594
999998941
999999580
999998888
999999682
999999705
999999024
999999624
999998929
999999022
999998926
999999370
999999410
999999563
999999687
999999279
999999706
999999016
999998902
999999826
999999746
999999873
999999086
999999049
999999174
999999761
999999653
999999640
999999526
999999303
999999726
999999110
999998908
999999700
999999861
999999812
999999281
999998883
999999503
999999163
999999218
999999715
999998986
999999039
999999290
999999222
999999802
999999227
999999732
999999380
999999796
999999090
999999431
999999464
999999676
999998906
999999371
999999245
999998934
999999168
999999162
999999302
999999869
999998985
999998895
999999591
999998939
999999329
999999849
999999586
999999542
999999490
999999562
999998911
999999102
999999055
999998947
999999189
999998952
999999695
999999697
999999411
999999142
999999744
999999409
999999783
999999536
999998958
999999813
999999104
999999516
999999439
999999793
999999056
999999592
999999627
999999018
999999396
999999489
999999190
999999855
999998886
999999095
999998979
999999643
999999066
999999101
999999069
999999435
999999225
999999760
999998959
999998968
999999786
999999405
999999570
999999275
999999623
999999443
999999830
999999029
999999525
999999321
999999573
999999804
999999821
999999345
999999493
999999221
999999716
999999550
999999864
999999232
999999492
999999447
999999776
999998966
999999551
999999333
999999576
999999176
999999543
999999556
999999068
999999005
999999476
999999253
999999070
999999147
999999619
999998899
999999827
999999718
999999670
999999457
999999852
999999035
999999462
999999357
999998994
999999582
999999057
999999866
999999747
999999011
999999184
999999599
999999262
999999450
999999082
999999656
999999256
999998898
999998978
999999609
999999842
999999026
999999076
999999549
999999243
999999774
999999477
999999209
999999149
999999474
999998953
999999044
999999630
999999089
999999161
999999182
999999817
999999727
999999148
999999315
999999183
999999403
999999790
999999033
999999728
999999186
999999138
999999825
999999233
999999108
999999252
999999608
999999690
999998962
999999000
999999699
999999220
999998991
999999224
999999160
999998964
999998932
999999787
999998912
999999834
999998901
999999768
999999257
999999414
999999327
999999517
999999642
999999286
999999299
999999043
999999455
999999311
999999059
999999674
999999048
999999260
999999200
999999045
999999097
999999685
999998917
999999710
999999145
999999369
