215091568
372155117
273156091
838808686
585856324
328062333
22642595
626355740
299560397
881537712
463187628
753011480
735441439
32859101
457882517
146482790
560471076
820407805
643666254
145277673
802832414
559172532
13207289
411151088
504058553
441473220
921846564
418383404
554959737
488285323
614671277
938341317
167482931
394364805
12826714
332724411
822635404
397617610
329582410
744942894
820348056
797007044
755704536
855492593
284633045
158823375
743905601
631818588
317625179
612543741
846623237
500026634
124400097
258435415
425624767
19760879
290249705
493956635
609710812
228607844
769986073
542702577
115342885
499746874
809828116
793577261
470008354
625387077
836794923
677538575
189964815
805809596
115729936
40783467
859577318
868394476
137793164
890231782
334020344
407273264
345730327
171606542
814088570
630270718
675931409
498300162
805937549
685715724
218011535
133239659
225588387
487686024
542769972
289520581
624278271
264987280
823924434
89591211
614612151
40569900
378051529
419098276
263683995
75793630
102131366
632093701
314605127
530689103
265361927
800376738
328947330
856470640
148513982
694286592
500059854
135591448
215973285
748044306
475477757
565868113
70490821
350732765
40626375
425509600
382491382
167825726
466226807
496167305
363664145
872594665
813925634
587371167
209525260
307541212
647723929
793797961
492953719
177697605
759689443
254417456
935460450
9410547
207983805
90567633
179566088
166822996
464182980
668368821
721733560
475012504
203544502
553316689
890606821
869139181
431952145
891950406
933979638
333892606
871943207
1631709
314348483
277550441
932702623
895211267
804873339
52874027
164157441
702915846
273686334
794545581
765146988
38193521
491347834
523818745
544657614
188846402
571902171
473685485
638471408
766641380
410540491
806698657
645533759
476001522
640653282
918735238
90100677
734962939
63733837
570566633
305247303
161911786
936497
780724103
524072381
483421485
324548874
858489163
385851257
117901891
304606678
205074760
10121403
586175439
785023544
578657697
118251406
313444807
183103676
3644031
252659807
741502699
605455911
517976980
770785456
53400224
834006827
789737719
821429995
268110734
931657566
91028441
606971555
149735000
831121852
723806380
810599708
670007227
149399962
374832750
48691617
680599799
287479487
652981405
868935840
195078890
480467984
826867079
234979319
751651647
638669761
97376087
659436611
729755244
41465701
841540088
771831532
7287362
898429488
61498434
133547409
220572460
1381775
657251823
148753621
506905868
446625308
904583101
849063813
579838751
668336146
771201003
370393461
476891601
702658241
742335252
15368600
521804604
334260565
724856200
907209698
464487846
285561688
2598426
472964899
32700947
341351561
903732363
795537309
541948165
393519030
840554739
902687414
494344032
588410930
436961313
164743760
794859152
851707365
686607037
398574124
613878132
424178851
420757929
179826576
569411328
397845748
270356440
624001187
532129654
542052057
315773430
753672669
765758472
468717582
138515601
904537911
563791410
49051196
771536301
735288180
889035265
803132074
672646701
607539761
223136657
172637720
35071561
794299997
25970835
795147850
374444318
530440510
161783221
502302844
504558492
237668558
812772688
138770935
789604053
642543774
572678555
424358448
286572223
806734683
301736355
835374097
98179844
582778921
838147720
203600942
27650885
557196429
478599645
487678695
692864262
78842813
819689970
230189757
589103910
753005756
247022575
558007095
659463329
92378856
382484471
204596882
459072139
612721936
650782725
708063157
735899257
235040953
592219548
504405874
695295287
144144084
195982365
868840650
471741315
822179009
507897873
429781998
509372240
155540510
63633243
387218318
179293006
153112387
83634403
610346636
743594019
568701655
524462331
627756042
836909509
128161533
219004503
547343487
434905390
761936109
324162897
178177692
70309577
520168090
678349796
536699609
552055051
561610508
648351158
668265320
478820825
223375944
399354723
846412688
610336232
849355183
724542961
757912552
261865557
153810075
264921099
471265169
91013148
316892592
886003922
136498098
581898486
731529370
444802091
116522103
406964867
55343367
702782786
857225472
70202246
542652627
343732922
480174766
88395535
176602981
694743373
719553474
861440792
715410695
916474288
52869792
881484134
391238762
798650879
28400305
397948099
861690842
133932173
680954310
578158030
779818403
915854351
161177832
725871886
429342688
386038302
706070264
229529078
181502141
852572891
580601179
358989079
442127442
868617198
909342720
352343219
405666295
921256228
902364297
154744739
33157354
676239596
722313479
929388635
83554514
675276826
886335452
323967487
321319390
160209230
744162269
333064615
156007781
647423240
678372049
413346884
150629995
422836686
261705863
739223403
653575978
517519409
504678598
183726851
408741508
319536362
48622045
492248555
655374816
908666356
173270937
39859876
849399575
811220588
224820449
635478586
627411582
927953725
44449793
909535565
532668851
601095571
159694720
26772380
170934904
935895153
258986162
608248406
426079286
543523530
788491133
265987721
134126344
582466378
179345230
201860967
222277138
77969813
495770209
382609758
226100980
649520680
515747998
815427236
566127608
466067809
890315506
644436736
880446284
934656141
716973031
137704746
141005868
452369613
494035645
804684469
440464530
275198367
486381462
476639295
38597867
397526124
429391324
430171590
880228932
788183821
528125958
629401430
816015248
551107113
206776270
382623938
9312271
537881767
411732491
98312448
798244498
148470657
830547179
779339402
429519998
204226297
330886548
822338992
508198930
630569518
42485631
758901338
350511110
889402858
906526026
148381655
629640487
437721297
664921659
66699217
448029778
448610033
301681895
38430144
883544452
593553458
764505489
437496489
916095284
896170281
469535523
241301590
505766130
651041711
493174044
635135465
516249063
612493530
420566439
140200662
116887818
739367294
329579687
799988763
290853834
161873795
108165657
296511754
635708625
815838490
610016471
479527867
269718352
212023697
318652415
492909762
756416109
621308622
943637740
101893235
399524571
25347465
881461894
464423271
256654252
117889522
894777807
61151124
812712570
549466921
231883778
694239988
902850636
201450075
863171910
698786020
702137562
588661927
46340187
839912763
726338272
646451380
435345009
731206297
523169674
125841292
369095949
45691498
306270591
576435427
906820367
685899674
343766801
664659854
90677189
303571607
506054050
278261452
309997571
672025248
812942389
616549787
849293084
91330306
680558456
713911260
714161195
727937779
568336648
14021731
661525792
43803861
259815822
720033902
462341193
872539320
593483565
206362416
171207094
67907443
755683773
714609102
370279619
277689635
676235720
752340868
745409903
727914191
261510042
297013351
817674579
782308569
365169261
768358645
300824264
126416413
55054069
302114756
369939095
580317975
424793712
907075124
740145551
666009552
751331084
905948369
476610031
726491800
867503599
19504248
537807439
271802934
812323835
901910268
348801249
482529016
11262908
2004178
734823491
596648642
404016275
305955150
659975842
301976668
609978165
347821511
472047141
246238005
479589076
451284741
324211769
496774989
732295568
694454502
100818504
200053337
399509320
721974424
722268500
177287698
819085177
20391
726128957
100504594
158491371
864877693
57179670
78331583
864206851
244142789
736686604
705756941
369098356
135735008
2465035
625741286
457278313
837456546
627867894
805118488
681579744
110177111
266278873
852760360
631952914
32007956
448502921
518711049
799457213
320418080
328314794
373824772
13209156
770351199
116281434
544216428
758127434
752121488
700380597
379298661
51723681
374126605
187714534
709786039
839470579
239816822
694062316
922120571
651874160
869164707
453690954
531953438
298211142
247499375
51976926
42605149
533192237
777624750
99817844
721073993
471127512
281798926
65943559
906142999
574800200
675093740
13580417
783924174
308879115
300945348
666245328
141468668
434682993
899444257
645119675
169382502
459874371
837711543
502989416
867619360
740703873
228107753
785826994
3195069
557956812
487629522
802134622
403149528
879133252
818701345
399137931
634221312
707087843
719106916
758068697
874336604
381666881
789658402
85625154
525964327
235939552
448788845
256773114
933827304
595693449
204709831
235428981
647186891
905749221
276239043
769924335
251482710
505045921
651401851
294899997
531948603
945827283
362356152
814391311
871382615
474009693
25987125
731637331
468691818
860902687
662826015
123833786
325403147
910736265
667151221
531723870
666126725
381626521
272383597
206232908
473500660
58664607
337324640
750094273
441821087
337755973
747421762
152788003
312780370
52717922
293314036
943753469
354416875
211629843
884511427
478609790
137277174
559661570
214880594
665711658
231178118
749777224
159487739
554319691
943104145
758473639
401564436
871330539
816628033
231511652
211563984
857089502
352622826
227088331
742751565
767628278
330243145
318331655
814401606
143057714
924630652
178197924
917186147
20680733
819070961
550115217
53514214
815201259
736684522
547769290
128093478
448300659
188500403
452874388
480279151
835194861
750740978
792919271
11301964
871316554
215335157
180792492
404844760
442393326
569055142
259855853
97558163
464684552
602093888
118566031
267682633
232010853
787180578
318807849
756419557
545525817
800290349
345421706
142061961
112644624
322792699
273116716
555755674
67385720
238817206
311232943
68030831
604950770
536167315
642685268
684776668
3381934
180759168
194784379
95099293
690062752
688326728
69453026
879721301
915954047
350743014
232118312
773591622
640460846
325878518
442120151
347792502
775010001
821726906
802631564
72396553
504623355
781833978
318398785
96838914
138133393
96687537
418587936
551878301
54212606
573377441
231711418
459034929
-1
-1
-1
-1
-1
-1
-1
192699487
100106530
-1
-1
-1
14314577
-1
-1
-1
206018414
-1
144404205
-1
59989081
-1
-1
-1
-1
-1
39127505
-1
-1
-1
-1
-1
67156782
-1
-1
-1
-1
-1
-1
-1
-1
-1
-1
-1
-1
129494573
-1
-1
-1
-1
-1
233927539
-1
-1
-1
-1
236114219
35902811
211679602
66009541
-1
-1
-1
-1
-1
-1
-1
-1
-1
-1
-1
-1
123807035
-1
-1
213197568
-1
-1
-1
105017762
108785386
-1
163914837
-1
207446033
-1
-1
-1
-1
166204314
172605830
-1
-1
-1
13795817
-1
-1
-1
-1
-1
102020217
-1
-1
4608158
-1
-1
-1
-1
103236427
-1
-1
-1
-1
-1
-1
-1
-1
44460457
-1
-1
-1
-1
-1
-1
198951625
-1
-1
99042305
-1
-1
43413480
139943244
-1
-1
-1
144119309
-1
-1
-1
-1
-1
-1
-1
2744148
-1
71160351
-1
-1
-1
-1
-1
-1
-1
-1
207551322
-1
131596642
-1
-1
-1
-1
-1
-1
-1
-1
-1
-1
-1
74895458
-1
-1
91828150
16537473
-1
-1
-1
-1
227839335
-1
-1
-1
-1
21248042
-1
-1
-1
-1
42060864
-1
17990321
-1
-1
-1
-1
-1
-1
-1
-1
-1
104785940
21327971
-1
-1
-1
-1
-1
214198696
143252962
-1
-1
-1
-1
101567043
-1
-1
214079050
-1
-1
-1
-1
110526494
-1
198402467
9028413
-1
-1
186249524
206790661
-1
-1
-1
-1
-1
-1
-1
-1
-1
-1
-1
62055796
216663616
-1
-1
156360494
-1
-1
178240786
75092626
-1
-1
48430532
219397643
51217977
-1
-1
-1
-1
7820436
-1
119214667
-1
-1
-1
-1
168124819
-1
-1
-1
164124310
-1
-1
80407688
-1
-1
-1
-1
51379345
-1
-1
-1
76842130
-1
-1
-1
150440329
172384344
200274416
-1
85596888
150483050
-1
188100696
-1
-1
-1
-1
-1
135789905
1931400
-1
-1
127714188
44820068
179835209
-1
-1
69802634
-1
106371310
-1
-1
-1
-1
-1
193786133
-1
-1
-1
180509884
-1
234981856
86742404
-1
-1
-1
214988813
-1
-1
-1
43164924
-1
-1
67407707
-1
184978683
-1
-1
-1
-1
65097975
-1
210262817
-1
-1
-1
-1
-1
179289920
-1
-1
67083394
32994958
-1
-1
-1
-1
55830294
-1
-1
-1
-1
104480540
-1
223084689
-1
-1
-1
-1
-1
-1
-1
-1
13118581
-1
-1
-1
-1
11793733
-1
3545787
-1
-1
-1
121027177
176720007
183728472
-1
-1
-1
-1
-1
4976820
-1
-1
81902228
-1
14938657
-1
-1
-1
-1
115418777
209663452
-1
-1
-1
-1
217921214
95237584
-1
-1
58352720
-1
-1
-1
-1
-1
-1
-1
91908336
-1
-1
10114864
-1
-1
-1
16341286
-1
146385627
-1
204277077
-1
-1
99473615
-1
-1
127605475
33665200
-1
-1
-1
-1
-1
-1
-1
-1
46546863
-1
-1
94860442
-1
-1
132268102
-1
-1
-1
-1
-1
-1
-1
-1
-1
64614601
-1
-1
-1
-1
129736752
-1
35127232
-1
-1
27693836
92082660
-1
-1
-1
-1
-1
-1
-1
-1
196719646
-1
-1
-1
-1
-1
-1
-1
-1
-1
221390035
-1
-1
-1
63083626
-1
30022422
-1
-1
-1
-1
-1
-1
-1
-1
86231931
-1
21534726
138319851
-1
-1
-1
-1
-1
199766378
-1
-1
-1
-1
-1
-1
-1
222970823
194337584
-1
-1
-1
-1
43196653
-1
-1
-1
217918967
-1
-1
78209667
182595432
-1
44238594
-1
-1
-1
-1
3829590
-1
-1
-1
97842512
-1
-1
-1
-1
-1
-1
-1
89549480
-1
30980835
42023696
62794336
-1
-1
17921736
-1
-1
-1
-1
63555419
-1
15892975
-1
-1
109138357
-1
122511955
10381088
-1
74028561
-1
-1
86446456
-1
-1
-1
209601324
214474079
-1
-1
-1
-1
226963516
-1
-1
-1
-1
-1
-1
222498636
-1
-1
-1
-1
-1
50307360
-1
54230950
47543188
-1
-1
-1
-1
-1
-1
-1
-1
-1
14442501
-1
-1
-1
-1
-1
-1
156064854
141656129
-1
-1
-1
-1
-1
-1
-1
-1
4424533
-1
-1
-1
-1
-1
-1
-1
-1
116037635
-1
-1
-1
186233270
-1
-1
-1
-1
-1
-1
70439920
-1
231829462
48531314
68382213
-1
51274734
-1
-1
-1
-1
-1
-1
-1
71510899
-1
-1
-1
-1
-1
-1
177638759
-1
-1
-1
198121423
-1
-1
-1
-1
170319197
-1
-1
-1
-1
-1
-1
-1
14182962
-1
-1
-1
-1
-1
-1
-1
-1
-1
-1
82434981
185435318
-1
129884574
-1
-1
-1
-1
-1
-1
-1
-1
-1
-1
-1
-1
-1
-1
199876652
-1
-1
-1
125553792
-1
-1
-1
-1
229481970
-1
-1
-1
203073602
-1
-1
71768546
-1
-1
-1
132202098
-1
226448508
-1
-1
103519097
-1
197637606
-1
-1
-1
-1
-1
-1
11996788
-1
-1
-1
-1
-1
175106505
-1
-1
-1
-1
-1
-1
-1
-1
82864555
54480662
-1
-1
-1
-1
-1
160983877
155388599
-1
-1
-1
-1
-1
149732060
-1
79897422
-1
-1
76829918
-1
137642009
-1
-1
-1
-1
-1
203968396
-1
-1
26608865
205953141
-1
-1
-1
173425526
-1
196845266
-1
224409691
-1
7692338
163570468
225179243
-1
-1
171277216
216387000
-1
-1
-1
-1
-1
-1
-1
-1
-1
-1
-1
68512301
-1
-1
149397029
-1
213864095
-1
69522608
-1
-1
-1
-1
-1
-1
-1
-1
-1
-1
14413598
-1
-1
235845418
-1
-1
-1
-1
-1
-1
-1
-1
-1
-1
-1
-1
-1
228655168
-1
-1
-1
211949905
-1
135162862
-1
43906758
-1
200535956
200061234
-1
-1
-1
-1
-1
230059037
-1
-1
-1
-1
-1
-1
-1
163449932
-1
-1
-1
-1
-1
-1
-1
-1
-1
-1
-1
-1
96334917
148364469
-1
94175440
132281905
168364606
-1
-1
-1
-1
8502597
-1
-1
-1
20722370
-1
-1
-1
-1
-1
-1
63311139
52098501
143488708
109559224
-1
-1
-1
129685991
45650799
-1
-1
-1
-1
-1
-1
124458981
-1
35634361
-1
209596072
-1
-1
-1
-1
-1
-1
-1
34755720
138139798
-1
79569723
-1
-1
-1
-1
-1
-1
-1
-1
-1
-1
-1
-1
-1
-1
-1
197496171
57314137
209726673
147811100
-1
-1
-1
-1
164695243
-1
-1
31161352
-1
-1
34357665
-1
-1
58516926
-1
-1
-1
-1
-1
-1
-1
214119738
-1
-1
-1
-1
27584689
-1
-1
-1
-1
-1
-1
-1
-1
-1
-1
-1
-1
28433422
-1
-1
7633515
-1
-1
-1
-1
-1
-1
147057173
-1
-1
-1
128756039
-1
-1
-1
-1
121269598
-1
-1
-1
-1
-1
-1
-1
-1
-1
-1
-1
-1
-1
-1
-1
-1
-1
-1
-1
138919860
-1
-1
-1
-1
-1
-1
48892682
-1
-1
-1
-1
-1
-1
-1
-1
-1
-1
-1
-1
-1
-1
-1
4291994
15783946
115118229
-1
-1
123297955
-1
-1
-1
-1
-1
-1
-1
-1
-1
-1
-1
-1
-1
-1
-1
25827032
-1
-1
6093970
-1
-1
-1
43813379
-1
-1
-1
-1
-1
-1
-1
-1
-1
-1
-1
-1
-1
-1
-1
69065067
109452878
-1
-1
-1
-1
-1
43846807
-1
-1
-1
-1
-1
-1
151092196
-1
-1
122558105
-1
-1
-1
-1
-1
-1
-1
150726531
-1
-1
-1
-1
-1
-1
-1
-1
-1
-1
-1
-1
-1
-1
-1
-1
137799255
72015208
-1
-1
-1
-1
-1
-1
-1
-1
-1
43640054
-1
86665422
-1
-1
-1
-1
-1
79704445
-1
-1
-1
-1
-1
-1
-1
-1
-1
63994900
-1
-1
-1
-1
-1
-1
-1
-1
-1
3246433
-1
72376420
-1
-1
-1
-1
-1
-1
-1
-1
-1
-1
127660010
-1
-1
55985369
93307193
-1
-1
-1
-1
-1
-1
-1
-1
-1
69398356
-1
-1
-1
-1
-1
-1
-1
149233885
-1
-1
73681710
-1
55536085
-1
-1
72582832
-1
-1
-1
-1
-1
-1
62818499
-1
-1
34762559
-1
-1
-1
-1
-1
-1
-1
-1
-1
-1
149647148
-1
-1
128248632
-1
53175859
143128501
-1
72272597
-1
5109837
-1
-1
68003066
-1
-1
-1
1787953
-1
-1
-1
-1
-1
-1
-1
-1
-1
-1
-1
-1
-1
-1
-1
-1
-1
-1
24575572
-1
140102912
-1
-1
-1
-1
-1
-1
-1
-1
-1
134122877
-1
25427459
78054636
-1
144802981
-1
-1
-1
-1
-1
-1
-1
-1
-1
-1
-1
-1
-1
-1
-1
-1
-1
-1
-1
-1
-1
-1
-1
-1
-1
-1
-1
39927476
-1
82141210
-1
-1
-1
54016641
-1
-1
120341418
-1
-1
-1
101071101
-1
-1
-1
-1
-1
-1
121515878
-1
-1
-1
39789762
-1
-1
-1
-1
39441780
-1
-1
-1
-1
-1
-1
-1
-1
-1
-1
46864783
-1
-1
-1
-1
-1
43172897
-1
-1
19666742
29348776
-1
-1
-1
65090130
-1
-1
-1
-1
-1
-1
-1
-1
-1
-1
-1
-1
-1
109954295
-1
-1
-1
-1
66077005
-1
-1
-1
-1
77127217
154644982
-1
147633025
-1
-1
-1
-1
-1
39870838
81066781
-1
-1
-1
-1
105118955
-1
-1
-1
33163127
-1
-1
-1
-1
-1
70659795
-1
-1
-1
-1
44556870
-1
-1
-1
-1
-1
38294028
-1
-1
-1
-1
-1
83512622
-1
-1
-1
-1
-1
-1
-1
-1
-1
100548076
-1
-1
-1
-1
-1
-1
-1
-1
-1
111144259
-1
-1
-1
67479048
92139490
34983121
-1
-1
-1
-1
-1
89391843
-1
-1
-1
-1
-1
-1
-1
-1
116615817
-1
-1
-1
-1
22328107
116669173
-1
-1
125234792
-1
-1
-1
-1
-1
-1
108100373
107721775
-1
-1
-1
-1
-1
59909851
-1
-1
-1
-1
-1
42955138
23586275
-1
-1
-1
-1
-1
-1
66403519
-1
-1
-1
-1
128380742
-1
-1
-1
42855023
-1
-1
-1
-1
-1
-1
-1
-1
-1
107062728
-1
-1
-1
-1
-1
-1
-1
-1
-1
-1
-1
-1
-1
112570023
-1
-1
-1
27202460
-1
-1
-1
-1
-1
-1
-1
-1
151292015
108432889
-1
-1
-1
-1
-1
-1
128134553
-1
134195565
59229243
-1
-1
-1
-1
-1
-1
-1
-1
-1
-1
-1
-1
-1
-1
-1
-1
-1
-1
-1
-1
-1
115457991
-1
-1
-1
123359970
-1
-1
-1
-1
-1
111898449
-1
137886315
-1
-1
-1
-1
-1
-1
-1
-1
-1
-1
38744222
-1
-1
-1
135489184
-1
-1
-1
-1
-1
-1
-1
-1
-1
130701487
-1
-1
-1
-1
92682280
-1
-1
-1
-1
-1
-1
-1
-1
-1
-1
-1
-1
-1
-1
-1
-1
-1
-1
-1
-1
21300720
105042889
-1
-1
-1
-1
-1
92293969
-1
144492938
-1
143295421
-1
83589209
70373626
-1
-1
98593024
-1
-1
-1
-1
12096076
125024683
-1
-1
16733759
-1
-1
-1
-1
-1
-1
-1
-1
-1
-1
-1
-1
-1
-1
-1
-1
-1
-1
-1
-1
145486225
-1
19681944
-1
-1
-1
-1
81917792
-1
134991720
-1
-1
126794460
-1
-1
-1
-1
-1
-1
-1
6621120
-1
-1
-1
-1
-1
-1
-1
-1
-1
-1
-1
-1
-1
-1
-1
-1
-1
67767283
38452064
85516388
84694543
-1
-1
-1
-1
-1
-1
-1
-1
-1
-1
-1
-1
-1
-1
-1
59800924
-1
-1
-1
-1
-1
-1
-1
142426575
-1
-1
-1
-1
113246597
-1
-1
-1
-1
-1
-1
-1
-1
66167611
-1
-1
-1
-1
136663092
-1
-1
-1
-1
31264620
-1
-1
134389010
54927052
-1
-1
-1
-1
-1
-1
154709594
-1
97136064
-1
-1
-1
-1
-1
-1
-1
-1
-1
-1
-1
-1
-1
-1
-1
-1
67389110
-1
-1
-1
-1
120695268
-1
-1
-1
-1
48871239
-1
38576510
-1
-1
-1
105959338
-1
-1
-1
-1
-1
-1
-1
94914450
-1
-1
-1
-1
-1
103943236
-1
-1
25961637
-1
-1
-1
-1
-1
-1
-1
-1
-1
45183085
-1
-1
-1
-1
-1
-1
-1
-1
101765868
-1
-1
-1
-1
-1
-1
-1
81502888
-1
-1
-1
21573779
-1
-1
44462510
-1
-1
-1
-1
-1
-1
-1
-1
-1
-1
-1
-1
-1
-1
-1
-1
-1
-1
-1
-1
-1
-1
-1
-1
-1
-1
-1
31693942
-1
-1
-1
-1
-1
-1
92221841
-1
-1
-1
90410189
90564836
-1
-1
-1
-1
-1
151799457
-1
64766563
-1
-1
-1
41133846
-1
-1
-1
-1
-1
2673069
-1
-1
-1
-1
-1
-1
146488968
-1
-1
138377049
-1
-1
-1
-1
43367513
-1
-1
-1
44976375
30449039
-1
-1
-1
-1
-1
-1
-1
-1
24858051
-1
-1
-1
-1
-1
-1
-1
-1
-1
-1
49223417
-1
-1
79409448
-1
-1
63904027
-1
-1
73753773
-1
-1
-1
92223472
-1
-1
-1
-1
-1
-1
-1
-1
-1
-1
-1
-1
-1
-1
-1
-1
17452472
-1
-1
-1
-1
-1
-1
-1
-1
-1
-1
95956103
-1
-1
-1
-1
-1
89722555
-1
-1
-1
-1
-1
-1
-1
-1
-1
94109630
-1
-1
44107593
-1
82356983
-1
99987453
-1
-1
-1
-1
-1
-1
-1
-1
94151210
-1
-1
-1
-1
-1
-1
-1
-1
-1
-1
-1
-1
-1
-1
-1
-1
-1
-1
-1
-1
-1
-1
-1
-1
-1
-1
-1
-1
21436103
-1
-1
-1
14317554
-1
-1
-1
-1
46217433
-1
60056255
-1
-1
-1
-1
-1
-1
-1
50680834
-1
-1
-1
-1
-1
-1
-1
-1
-1
60491192
-1
-1
-1
-1
-1
-1
-1
-1
-1
-1
-1
-1
-1
-1
-1
-1
-1
-1
-1
-1
-1
8887708
-1
-1
-1
25823733
-1
-1
-1
-1
-1
35892644
-1
-1
-1
-1
-1
87727663
-1
-1
-1
-1
-1
-1
-1
-1
-1
-1
-1
-1
-1
-1
-1
-1
-1
-1
-1
-1
26374451
-1
-1
-1
-1
-1
-1
-1
-1
-1
-1
-1
-1
-1
-1
-1
56012441
-1
-1
-1
6443063
-1
-1
-1
-1
-1
-1
-1
-1
-1
-1
78884959
-1
-1
-1
-1
-1
-1
-1
-1
-1
-1
-1
-1
-1
-1
-1
-1
-1
-1
-1
-1
-1
-1
-1
-1
-1
-1
-1
-1
-1
-1
-1
-1
-1
-1
-1
-1
-1
-1
-1
-1
-1
-1
-1
-1
-1
-1
-1
-1
-1
2009640
-1
-1
-1
21344586
-1
-1
-1
-1
-1
99129504
14334522
-1
-1
-1
-1
-1
20317813
-1
-1
-1
-1
-1
-1
-1
-1
-1
-1
-1
-1
-1
-1
-1
79555253
94917030
-1
-1
-1
-1
-1
-1
-1
-1
-1
-1
-1
38070732
-1
-1
-1
-1
-1
-1
-1
-1
-1
-1
-1
-1
-1
96447252
-1
32955172
-1
-1
-1
-1
-1
-1
-1
-1
76620992
-1
87960705
79183598
-1
-1
-1
-1
-1
-1
-1
-1
40829179
-1
9648687
-1
-1
-1
-1
-1
-1
-1
1632171
-1
26831415
-1
-1
-1
-1
-1
-1
-1
-1
-1
-1
-1
-1
7006382
56856350
-1
-1
-1
-1
-1
-1
-1
-1
-1
-1
-1
-1
-1
-1
-1
-1
-1
-1
-1
59569551
-1
-1
-1
-1
-1
-1
-1
-1
80957593
-1
-1
-1
-1
-1
-1
-1
-1
81969903
44989420
-1
-1
-1
-1
-1
-1
-1
-1
-1
-1
-1
-1
-1
-1
61702450
-1
-1
-1
-1
-1
-1
-1
-1
-1
-1
-1
-1
-1
-1
-1
-1
-1
64864246
-1
-1
-1
-1
-1
-1
-1
-1
-1
-1
-1
-1
-1
52915343
-1
-1
-1
-1
-1
-1
-1
-1
-1
-1
-1
-1
-1
7760376
42642467
-1
-1
-1
-1
-1
-1
-1
-1
-1
-1
-1
-1
-1
-1
-1
-1
-1
-1
105101390
-1
-1
-1
-1
-1
-1
54405068
-1
-1
-1
-1
-1
-1
-1
-1
-1
-1
-1
-1
-1
-1
-1
58757065
-1
-1
-1
-1
-1
-1
-1
-1
-1
-1
-1
7125330
-1
-1
98325599
-1
-1
-1
-1
-1
9583031
-1
-1
-1
-1
55767999
-1
-1
-1
-1
-1
-1
-1
5855919
-1
104754855
-1
-1
-1
99204081
-1
30151262
-1
-1
-1
-1
-1
-1
-1
-1
3596232
-1
-1
-1
-1
-1
-1
-1
99179655
-1
-1
-1
86687873
-1
-1
-1
-1
-1
-1
-1
-1
-1
-1
-1
-1
-1
-1
-1
35588667
-1
-1
-1
53144647
-1
-1
-1
-1
-1
-1
-1
-1
-1
-1
64597317
103801536
-1
-1
-1
-1
-1
-1
-1
-1
-1
-1
64155952
-1
7255953
-1
-1
-1
-1
-1
-1
-1
-1
-1
-1
-1
-1
-1
-1
-1
5485681
-1
-1
-1
-1
-1
-1
-1
-1
-1
-1
-1
-1
-1
-1
-1
-1
-1
-1
-1
7628774
-1
-1
-1
-1
-1
-1
-1
-1
-1
-1
-1
-1
-1
-1
-1
-1
6318364
-1
-1
-1
6128505
-1
57679030
-1
-1
-1
-1
-1
-1
-1
-1
-1
-1
-1
-1
100541068
-1
-1
-1
-1
-1
-1
-1
-1
-1
-1
-1
-1
-1
-1
83824700
-1
-1
-1
-1
-1
-1
-1
-1
-1
-1
-1
-1
-1
-1
-1
-1
-1
-1
-1
-1
-1
-1
-1
-1
66878375
-1
-1
-1
-1
91205720
-1
-1
-1
-1
-1
-1
56906714
-1
-1
-1
-1
-1
94083840
-1
-1
-1
-1
-1
-1
-1
74297512
-1
-1
48458122
-1
-1
-1
-1
-1
-1
-1
-1
-1
-1
-1
-1
-1
-1
-1
-1
25855896
-1
-1
41874363
-1
-1
-1
-1
-1
-1
-1
-1
-1
-1
-1
70046475
-1
-1
-1
-1
-1
-1
-1
-1
-1
-1
-1
-1
-1
-1
-1
-1
-1
-1
-1
-1
-1
-1
47720412
-1
-1
-1
-1
-1
-1
-1
-1
-1
-1
-1
-1
-1
-1
-1
-1
101452018
-1
-1
-1
-1
-1
-1
-1
-1
-1
-1
-1
-1
-1
-1
-1
-1
-1
-1
-1
-1
-1
-1
-1
-1
-1
43133195
-1
-1
-1
-1
-1
-1
-1
-1
-1
-1
-1
41222428
-1
-1
-1
-1
-1
-1
-1
-1
-1
-1
-1
-1
-1
-1
-1
-1
-1
-1
-1
-1
-1
-1
-1
-1
-1
-1
-1
14423288
-1
-1
-1
-1
-1
57727913
-1
-1
-1
-1
-1
-1
-1
-1
-1
-1
-1
-1
20356367
95072052
-1
-1
-1
-1
-1
24945646
-1
-1
-1
-1
-1
-1
-1
-1
-1
-1
-1
-1
-1
102932327
-1
-1
97092510
-1
-1
-1
-1
-1
-1
-1
-1
-1
-1
-1
-1
-1
-1
-1
-1
-1
-1
-1
62286578
-1
-1
-1
-1
-1
-1
-1
-1
-1
-1
