-1
190138101
-1
-1
-1
-1
31869358
-1
190158226
33767846
-1
-1
181289876
-1
-1
-1
43740314
178663707
-1
178237349
-1
-1
-1
-1
90805758
-1
-1
-1
-1
-1
-1
-1
-1
-1
30030086
-1
-1
17745781
-1
-1
29316862
-1
-1
-1
-1
-1
-1
-1
47272964
-1
-1
16694848
-1
-1
-1
95559503
-1
-1
-1
-1
-1
-1
-1
-1
157556350
180797804
41384264
-1
-1
-1
-1
61654698
-1
-1
-1
126626400
-1
-1
-1
-1
-1
-1
-1
155059277
-1
134582471
-1
42857955
-1
-1
-1
-1
-1
-1
-1
-1
-1
-1
-1
-1
-1
-1
-1
-1
-1
-1
-1
-1
-1
-1
-1
-1
140413039
92421773
-1
-1
-1
-1
-1
-1
-1
-1
-1
-1
-1
-1
-1
-1
-1
64594382
-1
-1
-1
-1
-1
-1
-1
-1
-1
-1
-1
-1
-1
190009868
-1
100269239
-1
-1
-1
-1
-1
-1
-1
-1
-1
173565336
-1
-1
-1
-1
-1
69856391
-1
-1
9646657
-1
-1
-1
-1
-1
49024516
-1
-1
-1
-1
-1
-1
-1
-1
-1
-1
-1
-1
-1
-1
-1
-1
-1
-1
-1
57853329
-1
27862387
-1
-1
188851126
-1
-1
-1
171795723
-1
123321573
-1
-1
-1
165754782
118693704
123120696
-1
-1
-1
-1
-1
22830743
86599887
-1
-1
-1
-1
-1
-1
-1
-1
-1
-1
-1
-1
-1
-1
180114927
-1
-1
-1
-1
191757478
-1
-1
-1
-1
-1
-1
-1
-1
-1
-1
117122966
-1
-1
-1
-1
-1
-1
-1
-1
-1
-1
-1
-1
-1
-1
-1
22861206
39612061
-1
23203552
-1
-1
-1
-1
-1
-1
-1
-1
149640218
-1
-1
-1
115148375
-1
-1
-1
79413712
141837586
-1
-1
174515527
-1
-1
-1
-1
105495987
-1
120026019
-1
-1
117698424
-1
-1
-1
-1
-1
-1
83742577
-1
-1
-1
-1
72103313
-1
-1
-1
-1
-1
-1
-1
-1
61318006
-1
-1
-1
-1
-1
71406391
-1
-1
-1
-1
-1
-1
-1
-1
-1
-1
32915428
-1
-1
-1
-1
-1
-1
-1
-1
-1
-1
-1
-1
-1
-1
-1
142897844
-1
-1
189270096
-1
81979480
-1
-1
-1
-1
-1
-1
-1
-1
62710835
-1
-1
-1
56124474
-1
14464099
-1
-1
-1
172018604
-1
-1
-1
-1
-1
-1
-1
-1
-1
-1
-1
-1
120841156
61064083
-1
-1
-1
-1
-1
-1
-1
120112335
-1
87712375
69984813
-1
-1
47161798
-1
112933150
-1
-1
-1
-1
-1
-1
187117401
-1
-1
-1
-1
-1
-1
-1
106466953
-1
51431208
-1
-1
-1
-1
-1
-1
-1
-1
-1
-1
-1
-1
-1
152589897
-1
-1
119014032
-1
70091360
-1
-1
-1
-1
-1
-1
-1
-1
-1
-1
-1
68270934
84569512
-1
169759139
-1
-1
-1
-1
-1
-1
-1
-1
156782575
-1
-1
-1
-1
128239582
-1
-1
-1
-1
-1
-1
-1
-1
93828130
-1
-1
-1
-1
107284721
-1
-1
83896005
4863630
-1
-1
137288884
-1
-1
-1
-1
-1
-1
155462262
-1
-1
-1
-1
-1
-1
-1
-1
-1
-1
-1
-1
-1
73108606
67835734
-1
101862025
-1
-1
-1
-1
-1
-1
-1
-1
160438457
-1
119763668
-1
-1
-1
72541608
-1
-1
-1
4579851
185231791
-1
-1
-1
82879612
-1
-1
-1
-1
-1
127514045
-1
-1
-1
72512409
-1
-1
-1
-1
-1
-1
-1
171609616
-1
174654403
-1
-1
-1
-1
15483130
-1
-1
-1
-1
-1
-1
-1
-1
-1
-1
-1
-1
81678573
-1
-1
179665588
-1
-1
-1
20402212
188118897
101694062
-1
-1
185769868
-1
-1
88060102
113270559
-1
-1
-1
13730378
-1
-1
-1
-1
162923848
-1
-1
-1
147197617
-1
-1
-1
-1
-1
45628390
-1
-1
-1
-1
-1
82410530
-1
85158501
124398073
-1
-1
116565868
77017434
-1
-1
-1
-1
-1
-1
-1
-1
-1
-1
-1
-1
80223775
-1
-1
-1
-1
27890109
-1
-1
-1
-1
-1
-1
110957806
-1
-1
32943645
189803970
-1
-1
-1
-1
48578421
-1
-1
90557455
-1
111553058
118984210
-1
-1
168918509
-1
-1
-1
-1
-1
-1
-1
-1
-1
-1
60502802
98089721
-1
-1
-1
-1
124325178
-1
-1
58766738
-1
-1
-1
-1
-1
-1
-1
-1
-1
-1
131567481
-1
-1
-1
-1
104629566
-1
-1
-1
-1
159636581
-1
-1
-1
-1
-1
-1
-1
-1
111848434
-1
95683264
-1
-1
-1
95928051
135881324
-1
-1
-1
-1
-1
101966188
-1
-1
49940412
-1
-1
-1
-1
-1
-1
-1
55551324
-1
-1
-1
-1
-1
-1
-1
-1
-1
-1
-1
-1
-1
-1
-1
-1
-1
-1
-1
-1
-1
-1
-1
-1
-1
-1
-1
-1
-1
-1
-1
-1
-1
-1
-1
-1
-1
117838164
-1
129863062
125901875
55890649
-1
-1
-1
-1
-1
-1
-1
81733899
-1
-1
-1
-1
-1
-1
-1
81816185
-1
-1
-1
-1
-1
-1
-1
127254401
-1
150361662
-1
-1
-1
-1
-1
-1
-1
138259531
-1
-1
-1
37456485
-1
-1
-1
-1
-1
-1
-1
-1
-1
-1
-1
-1
-1
-1
-1
-1
-1
-1
-1
-1
185062789
-1
-1
-1
-1
-1
-1
-1
-1
-1
-1
53168586
-1
-1
66889326
-1
-1
-1
144214166
-1
-1
144699913
20288624
-1
-1
52704749
-1
-1
-1
-1
-1
152672891
-1
-1
-1
114098771
-1
-1
-1
-1
55304969
92718896
-1
-1
69047999
-1
94712373
-1
-1
179467957
176250564
-1
-1
-1
92254175
-1
-1
-1
40085416
-1
-1
-1
-1
-1
106277860
-1
-1
-1
-1
-1
-1
112250874
-1
64547842
-1
-1
-1
173472321
-1
-1
-1
97278875
-1
-1
-1
-1
-1
-1
-1
96333460
-1
-1
-1
-1
-1
33824348
-1
-1
106191946
-1
-1
-1
-1
-1
147464458
-1
-1
-1
-1
-1
27650940
-1
-1
-1
-1
-1
-1
-1
-1
-1
50409648
5509874
176421063
-1
-1
-1
-1
-1
-1
-1
-1
-1
15180858
-1
-1
-1
-1
-1
-1
-1
-1
147035964
-1
-1
-1
-1
-1
-1
-1
-1
-1
-1
-1
-1
-1
128522259
-1
-1
-1
-1
-1
-1
-1
-1
-1
-1
-1
-1
-1
-1
-1
-1
-1
-1
-1
53928994
-1
-1
-1
-1
14994343
-1
-1
-1
-1
-1
-1
-1
-1
-1
40774630
-1
-1
-1
-1
-1
-1
-1
-1
-1
-1
-1
-1
-1
12871120
-1
-1
-1
-1
-1
69515861
-1
-1
-1
-1
-1
-1
-1
-1
-1
-1
-1
-1
-1
-1
-1
-1
-1
-1
-1
-1
-1
-1
-1
-1
-1
25928167
-1
-1
-1
-1
-1
-1
-1
-1
-1
51707930
27002579
-1
-1
-1
-1
-1
-1
-1
-1
-1
-1
-1
-1
-1
-1
-1
-1
-1
-1
-1
-1
-1
-1
-1
-1
-1
-1
49652219
-1
-1
-1
-1
-1
-1
-1
-1
-1
-1
-1
-1
-1
-1
-1
-1
-1
1634410
-1
-1
-1
-1
-1
-1
-1
-1
-1
-1
-1
-1
-1
-1
-1
-1
-1
-1
-1
-1
-1
-1
-1
-1
-1
-1
-1
-1
-1
-1
-1
-1
-1
-1
-1
-1
-1
-1
-1
-1
-1
-1
-1
-1
-1
-1
-1
-1
-1
-1
-1
-1
-1
-1
-1
-1
-1
-1
-1
-1
-1
-1
-1
-1
-1
-1
-1
-1
-1
-1
-1
-1
-1
-1
-1
42015651
-1
-1
-1
-1
-1
-1
-1
-1
-1
-1
-1
-1
-1
-1
-1
-1
-1
-1
30217098
-1
-1
-1
-1
-1
-1
-1
15880827
-1
-1
-1
-1
-1
-1
-1
-1
-1
-1
-1
-1
-1
-1
-1
-1
-1
-1
-1
-1
-1
-1
-1
-1
-1
-1
-1
-1
-1
-1
-1
-1
-1
-1
-1
-1
-1
-1
-1
-1
-1
-1
-1
-1
-1
-1
-1
-1
-1
-1
-1
-1
-1
-1
12690686
-1
-1
-1
-1
-1
-1
-1
-1
37183989
-1
-1
-1
-1
-1
-1
-1
-1
65297087
-1
-1
-1
-1
-1
-1
50927483
62385035
-1
-1
-1
-1
-1
-1
-1
-1
-1
-1
-1
-1
-1
54050145
-1
-1
-1
-1
-1
-1
-1
-1
-1
-1
-1
-1
-1
-1
-1
-1
-1
-1
-1
-1
-1
-1
-1
-1
-1
-1
-1
-1
-1
-1
-1
-1
-1
-1
-1
-1
-1
-1
-1
-1
-1
-1
-1
-1
-1
-1
-1
20959880
-1
-1
-1
-1
-1
-1
-1
-1
-1
-1
-1
-1
-1
-1
-1
-1
-1
-1
-1
-1
-1
-1
20263187
-1
-1
-1
-1
-1
-1
-1
-1
38019829
-1
-1
-1
-1
-1
-1
-1
-1
-1
-1
-1
-1
-1
-1
-1
-1
-1
-1
-1
-1
-1
-1
-1
-1
-1
-1
-1
-1
-1
-1
-1
-1
-1
-1
-1
-1
-1
-1
-1
-1
-1
-1
-1
-1
-1
-1
-1
-1
-1
-1
-1
-1
-1
-1
-1
-1
-1
71735611
-1
-1
-1
-1
-1
-1
-1
-1
53209460
-1
-1
-1
-1
-1
-1
-1
-1
-1
-1
-1
-1
-1
-1
-1
-1
-1
-1
-1
-1
-1
-1
-1
-1
-1
63364613
-1
-1
35204832
-1
-1
-1
-1
-1
-1
-1
-1
3270700
-1
-1
-1
-1
-1
-1
-1
-1
-1
-1
-1
-1
-1
-1
-1
-1
-1
-1
-1
-1
46615798
-1
-1
-1
-1
-1
-1
-1
-1
-1
29647995
41917045
-1
-1
-1
-1
-1
-1
-1
-1
-1
-1
-1
-1
-1
-1
-1
-1
-1
-1
-1
-1
-1
-1
-1
-1
-1
9514466
-1
-1
-1
-1
-1
-1
-1
-1
4746400
-1
-1
-1
-1
-1
-1
-1
-1
-1
-1
-1
-1
53844687
-1
-1
-1
-1
-1
-1
-1
-1
-1
-1
-1
-1
-1
-1
-1
-1
-1
-1
-1
71363266
-1
-1
-1
-1
-1
-1
-1
-1
-1
-1
-1
-1
-1
-1
-1
-1
-1
-1
39867004
-1
-1
-1
50533741
-1
-1
27660998
-1
-1
-1
-1
-1
-1
-1
-1
-1
30667702
-1
-1
-1
-1
-1
-1
-1
-1
-1
-1
-1
-1
-1
-1
-1
-1
-1
-1
-1
-1
-1
50331214
-1
-1
-1
-1
-1
-1
-1
-1
-1
-1
22888100
-1
-1
-1
-1
-1
-1
-1
-1
-1
-1
-1
-1
-1
20438390
-1
-1
-1
-1
-1
-1
-1
-1
-1
-1
-1
-1
-1
-1
-1
-1
-1
-1
-1
39292465
-1
-1
-1
-1
-1
-1
-1
-1
-1
-1
-1
-1
49910518
-1
-1
-1
-1
72426982
70939238
-1
-1
69029424
-1
-1
-1
-1
-1
31433116
-1
-1
-1
-1
-1
-1
11190690
-1
-1
-1
-1
-1
-1
-1
-1
-1
-1
-1
-1
-1
-1
-1
-1
-1
-1
14713408
-1
-1
-1
-1
-1
29041757
-1
-1
-1
-1
-1
-1
-1
-1
68477235
-1
-1
-1
-1
-1
-1
-1
-1
-1
-1
-1
-1
-1
-1
-1
-1
-1
14217163
-1
-1
-1
-1
-1
-1
-1
-1
-1
-1
-1
-1
-1
-1
-1
-1
-1
-1
-1
-1
-1
-1
69267273
-1
1003744
-1
-1
-1
-1
-1
-1
-1
-1
-1
20846136
-1
-1
-1
-1
-1
-1
-1
-1
-1
-1
-1
-1
-1
-1
-1
-1
-1
-1
-1
9378403
-1
-1
-1
-1
-1
-1
-1
-1
21152396
-1
-1
-1
-1
-1
-1
-1
-1
-1
-1
-1
-1
-1
-1
62854626
-1
-1
-1
-1
-1
-1
-1
-1
-1
-1
-1
-1
-1
-1
-1
-1
-1
-1
-1
-1
-1
-1
-1
-1
-1
-1
-1
-1
-1
-1
-1
-1
-1
-1
-1
-1
-1
32312142
-1
-1
-1
-1
-1
-1
-1
-1
-1
-1
-1
-1
-1
-1
-1
-1
-1
-1
22740353
-1
-1
-1
-1
-1
-1
-1
-1
-1
-1
-1
-1
-1
-1
-1
-1
-1
-1
-1
-1
-1
-1
-1
-1
-1
-1
-1
-1
-1
-1
-1
-1
-1
-1
7838602
-1
55640849
-1
-1
-1
-1
-1
-1
-1
58760645
-1
-1
-1
-1
-1
-1
-1
64246354
-1
-1
-1
-1
334326295
-1
335545064
-1
105553368
114848419
-1
-1
297493993
-1
-1
70429028
239701581
223351895
405569683
194998731
-1
-1
25850206
-1
273041533
448317716
174128572
179256244
-1
42731839
-1
77621159
-1
-1
76375912
-1
-1
-1
-1
-1
-1
-1
303218127
-1
-1
11678627
-1
-1
-1
-1
198773766
161013993
-1
-1
-1
110023817
-1
-1
-1
122386859
354845040
197545522
-1
-1
343701816
287637727
396986172
383905034
-1
-1
-1
-1
288247320
384011721
70378628
-1
162951884
233923637
259175062
63123706
148629328
3344616
63417799
-1
299542226
-1
-1
210399741
-1
379615531
-1
-1
-1
177237740
427229749
154380015
848945
-1
469755000
-1
-1
-1
410723427
149178429
367158095
380736831
-1
37922279
-1
362395843
-1
290920857
252139060
-1
229978488
206463136
-1
-1
407827796
-1
-1
-1
91582387
469684558
-1
157063593
348226378
-1
-1
386424173
66434859
360042392
125695934
367591938
305113566
347238954
451090365
-1
345784007
-1
-1
236125874
150995763
-1
-1
-1
131448524
-1
213181231
238229947
-1
217146464
-1
-1
-1
-1
321397796
400560372
447274469
459039310
21522428
302725664
-1
51432620
-1
-1
-1
-1
-1
-1
-1
355375050
233349810
-1
25733587
344761140
-1
206863058
196103064
-1
-1
-1
-1
391319677
262053231
325625966
439109658
-1
-1
204992473
341088818
83494383
-1
-1
-1
239250697
-1
64514274
-1
156566692
150116298
40033920
-1
357480009
369826290
-1
161345405
170289151
-1
467359730
320872372
291455261
-1
-1
426014226
288852017
-1
-1
397699864
-1
-1
-1
447064981
-1
204069451
36641241
-1
378420267
-1
197791557
159979231
213428130
-1
250907164
325488750
186789529
174842243
-1
-1
-1
18890424
465772856
387916203
142463937
-1
144257691
306153998
-1
-1
270977665
250599613
-1
170857337
315402103
-1
60623711
437801934
-1
-1
1111552
236520831
166264500
-1
-1
66668596
-1
-1
53418719
437975714
178316746
-1
-1
-1
-1
-1
89082351
300516659
-1
447456608
2174582
-1
422804648
163773363
337166385
472193624
37710318
-1
-1
-1
332850725
387474422
292796059
432942090
36916247
157386633
239937201
318997439
152508685
-1
-1
44764465
-1
111614229
135701204
345614261
-1
141568013
258749609
-1
144220171
429647614
-1
-1
145239309
35080013
-1
-1
-1
-1
49659604
-1
-1
172072702
226926091
-1
280446373
-1
405510387
67949536
-1
451927048
387071176
236812925
-1
113421727
-1
-1
74624134
-1
-1
368112950
144598847
-1
-1
-1
-1
2307207
-1
266982007
358713784
297663807
414262284
352225401
25676529
-1
134652162
60599484
-1
-1
334461902
-1
-1
-1
451435701
458275220
365690910
-1
133319387
272152080
225302326
-1
202624817
423174625
246615493
-1
297945574
182978469
-1
-1
434366427
-1
-1
-1
189780304
97529916
303180903
-1
-1
207559870
476561600
-1
280490224
276056979
6706658
-1
335310593
224533792
-1
-1
-1
98574034
302553287
-1
-1
746230
-1
-1
235443840
179889443
428700823
422012002
-1
3572157
-1
-1
442706683
-1
-1
216028588
44415999
-1
77892072
72625747
60587529
288330585
-1
331206267
-1
351638801
-1
41507864
-1
-1
-1
-1
-1
125185224
-1
10736794
382569772
-1
-1
116539540
-1
111196499
15746006
-1
-1
418395635
347296840
414054944
-1
-1
419148286
412204227
-1
191480103
-1
160758502
246677351
-1
-1
-1
-1
-1
393283832
109230487
-1
127923974
422160575
138901013
238570867
51095390
173430130
4830148
102557385
-1
129389347
241692872
-1
-1
34804165
16596413
-1
-1
203492047
-1
-1
369174475
247475467
48556362
-1
365789911
225271844
-1
-1
-1
-1
199921056
477110401
-1
-1
258079688
-1
-1
-1
-1
-1
461176532
423426230
66152328
66130063
413048490
9757243
-1
-1
252784871
467737701
-1
-1
121461599
2204062
430165224
60783309
86193517
391153201
55307128
36319498
-1
-1
-1
159967614
153259186
176846673
-1
334205636
-1
-1
-1
-1
-1
260557428
-1
197450401
-1
-1
-1
392709389
-1
472530371
-1
369229412
447248567
-1
234865315
267192875
-1
-1
-1
-1
311313067
295032444
407400541
152187169
185129329
361551041
152318974
-1
-1
261322021
-1
37088282
319546758
-1
-1
50817057
141451262
-1
-1
436297554
380736475
-1
23495469
-1
171133718
-1
-1
232551550
408639778
341532214
15728319
271102109
143787166
-1
18559513
170209869
328323274
-1
132806237
-1
113633718
155085882
364717406
-1
86364799
-1
-1
289609997
-1
-1
419600218
47047789
-1
167573821
452649560
-1
190988684
-1
-1
57323975
15021451
47865985
-1
-1
-1
272595233
407410827
101875084
-1
-1
-1
13332722
-1
-1
24092857
315584069
355244054
399145792
-1
90342693
430625488
452335714
-1
224353173
376923076
-1
245490505
-1
-1
130383040
-1
-1
193715918
320516827
-1
472794826
-1
77274509
-1
87444818
-1
-1
-1
-1
81199030
202031391
-1
463809167
-1
188113394
201875724
31063492
200709535
70945311
-1
-1
-1
-1
287164013
162146827
22116950
-1
56416157
-1
-1
222912893
121127567
112965528
92090441
-1
-1
415721420
193899243
-1
386832101
188742882
-1
55248177
449811752
-1
-1
310810714
-1
423483568
172175410
-1
-1
-1
323339731
94116547
179741118
-1
-1
-1
41059770
18774604
-1
-1
134939570
-1
-1
169488627
23512236
-1
-1
-1
383118453
53258967
-1
-1
-1
371241968
-1
-1
113683855
-1
249701282
90067515
-1
-1
-1
216985372
367864557
394493617
141680297
-1
-1
-1
-1
-1
-1
-1
-1
279787020
298670600
478750693
251530581
-1
434341246
32033720
-1
269134231
-1
269308554
384646004
-1
304537569
-1
255882628
335066896
-1
-1
-1
301907374
-1
168826620
118834943
-1
-1
408093213
97907318
109908251
-1
68856432
-1
-1
461490945
214419902
-1
209146881
410644376
324458856
-1
-1
343962261
-1
180888139
-1
-1
-1
-1
36857700
226740931
304673208
-1
117754216
-1
314135657
-1
173183488
127153198
-1
229221278
-1
-1
40612812
169225526
363413199
-1
339041121
210073367
413048408
352202323
221889716
142554994
71958643
-1
-1
232993643
164980544
405333223
343180258
-1
65031744
253056220
-1
-1
137089990
265468162
189647097
-1
143679931
-1
-1
19173243
-1
12680939
223612100
303983876
-1
-1
406454571
-1
358707779
27126435
-1
-1
-1
403520130
140960881
-1
-1
-1
366456445
-1
451678719
268684721
-1
77771383
367481483
-1
-1
-1
-1
55636056
-1
-1
-1
-1
-1
-1
56718824
-1
232039899
291343371
81441391
253729761
125712029
254071160
140205203
-1
199094390
178239925
-1
-1
-1
83292007
149122835
-1
-1
-1
470782771
322892755
77799933
-1
357474295
-1
-1
-1
178436199
249133258
291049094
48405064
-1
440986602
401503136
134528858
425238149
10666402
251301629
181384832
-1
-1
-1
-1
180707317
44281491
-1
276563130
-1
-1
-1
352473510
232501738
230943549
368311972
-1
200387805
-1
-1
195331872
267868715
-1
-1
207680479
339156776
139857831
173771950
180626969
478398766
-1
464619044
296844227
365106856
-1
44181738
44384670
275587498
-1
-1
390698522
36974313
-1
-1
-1
-1
353098511
239007907
-1
-1
-1
-1
-1
-1
385070052
-1
259715577
76481079
-1
-1
-1
-1
-1
-1
-1
-1
108951292
-1
238945890
131916295
237698916
284964966
408557916
-1
-1
362462891
-1
289324091
-1
111831879
152365366
40029094
158012401
324207681
-1
-1
-1
-1
-1
-1
40484660
36314799
-1
145437508
-1
-1
97300161
-1
13393411
80843098
78777211
-1
-1
-1
17536178
-1
-1
-1
-1
-1
-1
-1
118579215
-1
-1
-1
611696
-1
59305773
-1
-1
-1
230877752
126192822
-1
-1
-1
-1
-1
77164362
-1
-1
-1
-1
-1
-1
-1
-1
-1
-1
-1
183614563
-1
-1
62571504
-1
-1
-1
-1
-1
176051474
-1
-1
-1
-1
-1
-1
-1
-1
46489153
-1
-1
-1
-1
22448750
-1
69924662
-1
31094618
-1
-1
-1
-1
-1
213315432
-1
235115301
-1
-1
-1
202130415
77905453
-1
-1
-1
-1
-1
-1
149118879
206017882
-1
90761765
-1
-1
-1
-1
-1
41212647
-1
-1
-1
-1
-1
-1
30600799
-1
-1
-1
189627869
-1
31942470
-1
-1
-1
177509903
-1
-1
35874941
-1
26914511
-1
-1
-1
-1
-1
-1
-1
-1
-1
238805134
-1
190967507
238517190
-1
-1
-1
-1
-1
-1
-1
-1
85235054
-1
-1
-1
-1
-1
190888362
-1
-1
-1
111287225
-1
-1
88732357
17185093
-1
-1
-1
6932311
-1
-1
-1
-1
-1
-1
-1
-1
-1
-1
-1
-1
-1
212186003
-1
-1
-1
-1
-1
-1
-1
-1
171931366
227671845
34936607
105076315
-1
-1
-1
-1
-1
-1
-1
-1
47127479
-1
229291302
-1
-1
205619394
-1
-1
-1
-1
187869156
-1
-1
-1
-1
106285291
-1
164095158
-1
-1
-1
-1
-1
-1
-1
-1
-1
183078066
-1
-1
-1
2748276
-1
38538128
-1
221807346
-1
62499477
-1
-1
-1
157915623
105915587
-1
-1
-1
238798808
91545545
-1
-1
-1
-1
-1
55933878
-1
-1
-1
-1
-1
-1
-1
-1
-1
-1
46695232
-1
-1
-1
-1
-1
91320017
-1
-1
-1
72564766
9495028
-1
-1
-1
-1
-1
-1
-1
-1
-1
-1
-1
-1
-1
-1
-1
214630671
-1
-1
-1
98904683
-1
140270323
-1
-1
-1
-1
-1
32216121
-1
-1
-1
-1
-1
-1
-1
123187913
-1
-1
-1
-1
-1
182111285
-1
-1
-1
-1
-1
-1
-1
89007089
-1
41094278
240838602
99976622
14001572
-1
-1
56617657
-1
-1
-1
-1
-1
68913225
-1
-1
-1
232893807
-1
-1
-1
192147571
-1
-1
-1
225896016
-1
-1
149946360
15102310
-1
-1
-1
-1
-1
149641304
-1
-1
-1
-1
-1
189793774
238873801
108545605
195744464
-1
-1
-1
-1
-1
-1
-1
-1
-1
-1
-1
-1
-1
-1
127206966
121061852
-1
-1
-1
67358394
-1
-1
-1
67410220
-1
-1
-1
-1
186733618
79634241
-1
-1
-1
-1
-1
-1
161262784
41273842
-1
-1
-1
37433967
-1
-1
-1
-1
-1
151903377
-1
30436257
96249560
46699427
236819114
134784141
-1
-1
94042171
-1
-1
-1
-1
-1
-1
-1
-1
-1
-1
-1
-1
-1
166410142
-1
219082094
-1
-1
11049438
159088512
-1
-1
-1
242445232
-1
-1
-1
-1
-1
-1
121275383
-1
13985637
148863543
-1
99936563
-1
-1
-1
-1
-1
-1
-1
-1
-1
150986542
-1
-1
-1
14954603
115107904
-1
-1
-1
-1
-1
130841464
-1
-1
52167963
-1
-1
-1
211188042
-1
35534386
150843549
187362156
-1
-1
25322475
-1
-1
-1
-1
-1
-1
-1
159186182
-1
176825100
-1
-1
-1
86267696
-1
-1
-1
-1
-1
-1
192742133
78920614
-1
-1
190818427
-1
-1
213075349
-1
-1
-1
-1
2775782
122900724
-1
-1
-1
-1
5351345
-1
-1
158657377
-1
-1
178368583
43232908
-1
228507852
-1
-1
-1
-1
-1
-1
227204153
-1
134782963
44882040
-1
-1
-1
30283530
-1
-1
-1
198684190
-1
-1
-1
-1
-1
-1
-1
-1
-1
-1
-1
210087663
-1
8336566
49015114
125766494
-1
-1
-1
202556508
-1
-1
2368306
-1
-1
-1
-1
-1
79603625
-1
-1
-1
-1
-1
-1
-1
152759032
-1
-1
-1
-1
-1
-1
-1
-1
-1
-1
-1
-1
-1
-1
-1
-1
-1
-1
-1
-1
-1
-1
-1
133501881
-1
-1
180226899
-1
-1
-1
-1
-1
-1
-1
59811230
-1
-1
-1
-1
-1
242051428
-1
5206045
-1
126541626
33441743
-1
-1
20445792
109605319
115167924
-1
-1
2940996
-1
123666037
-1
-1
-1
-1
-1
230207090
-1
-1
-1
53138286
-1
-1
1008002
-1
109998662
135296543
-1
-1
-1
-1
51034719
97087678
-1
-1
-1
-1
-1
129235318
-1
217273765
-1
202473724
-1
218727197
-1
223976772
124086785
65829328
-1
-1
234941523
178587020
-1
-1
-1
-1
-1
12094889
70780960
203388423
-1
-1
-1
-1
-1
-1
142051665
-1
-1
-1
-1
-1
-1
-1
229059382
-1
20838702
140266751
-1
-1
-1
-1
-1
115294340
-1
-1
-1
228298530
-1
190943013
67894302
-1
-1
236155548
-1
-1
241850828
-1
-1
232588982
55207095
-1
-1
-1
-1
140969460
79693966
-1
-1
92120887
-1
-1
-1
-1
-1
-1
-1
-1
15206190
219527870
-1
-1
-1
232809953
109987729
-1
-1
-1
224602086
-1
40066403
210504249
106199334
162455413
222711232
145162986
-1
-1
-1
-1
-1
-1
-1
97108481
-1
47398812
-1
-1
-1
-1
-1
85628499
-1
-1
-1
119839379
-1
-1
32893389
166671364
-1
-1
-1
18622082
196162308
-1
-1
-1
-1
-1
-1
121334812
99777180
-1
-1
83835481
-1
-1
-1
-1
-1
-1
191369188
135665731
216193974
90756381
-1
-1
-1
-1
-1
191249680
235692653
-1
-1
113175199
-1
-1
-1
-1
-1
136739102
-1
-1
-1
-1
92583794
-1
-1
-1
-1
-1
-1
-1
-1
-1
-1
-1
-1
-1
-1
46237436
-1
-1
-1
-1
66616592
-1
-1
-1
-1
-1
118677223
191411457
-1
-1
-1
-1
-1
-1
-1
-1
-1
-1
-1
-1
24722848
-1
-1
-1
-1
-1
221251505
-1
184897503
-1
68510102
-1
142280599
-1
-1
-1
-1
-1
-1
-1
-1
36098570
-1
-1
187540164
-1
55588920
-1
214462285
49138631
-1
144427639
-1
-1
-1
-1
-1
138394696
-1
-1
-1
208949618
-1
-1
-1
-1
-1
-1
162234808
147471954
-1
237100025
91975938
-1
-1
98911255
-1
-1
-1
-1
-1
185870381
-1
-1
81123436
140855493
-1
-1
-1
31853149
163180550
11172604
-1
127419962
-1
-1
-1
-1
196341159
62961844
-1
-1
225031812
-1
-1
-1
-1
-1
54096838
-1
-1
5113582
-1
-1
-1
-1
