440675481
-1
-1
12287409
155408540
377279334
-1
-1
62706768
304906423
-1
399438926
-1
-1
-1
-1
4267248
118930131
382519610
-1
-1
-1
-1
361145296
176911151
-1
-1
175921948
82723995
-1
-1
-1
-1
-1
362194617
164078136
-1
234687856
-1
-1
-1
-1
-1
-1
-1
-1
174556788
242662044
-1
57318099
-1
-1
460537157
-1
444514084
442547731
-1
-1
143647394
346484927
330500328
374298949
-1
83413511
245762914
436115351
-1
-1
329276528
153422653
409113177
334688530
-1
74669396
-1
290015102
-1
75902855
-1
24038387
-1
-1
-1
-1
403154112
-1
-1
218290501
200669853
-1
-1
-1
-1
-1
348650154
-1
-1
-1
-1
338389777
35690692
-1
-1
-1
-1
-1
466803070
461250318
-1
-1
-1
-1
-1
309760223
-1
-1
-1
-1
44199010
76866084
-1
225529721
346429048
-1
114850154
290613039
345122448
-1
243019079
445515441
-1
234333917
-1
-1
433911132
156240774
-1
278937975
167281709
134360702
13175918
-1
-1
-1
-1
-1
-1
-1
-1
-1
459058520
236661217
-1
-1
458552702
-1
333079931
-1
258830464
-1
-1
-1
19049171
-1
-1
-1
24470696
-1
429982229
-1
-1
-1
-1
-1
297836714
-1
33705934
279853477
-1
-1
-1
135666854
-1
1012467
49812029
-1
61183598
204473329
431294134
418389804
344915369
270434805
131307741
-1
-1
102072889
191148146
308309518
463045039
197492189
-1
17498955
77444306
-1
-1
-1
-1
-1
-1
-1
-1
-1
-1
-1
25512180
286067872
-1
-1
318347835
398184565
436653793
182004296
250536711
-1
269342305
-1
50076447
68961661
-1
-1
-1
7655617
141750056
416226049
-1
-1
-1
-1
428951981
32379086
-1
-1
-1
364261541
-1
-1
-1
-1
-1
-1
-1
-1
-1
183596112
-1
204597740
-1
172718957
196550764
-1
-1
-1
373189097
295882206
41878935
-1
-1
-1
-1
-1
-1
417292395
-1
-1
-1
-1
221699996
-1
-1
258081896
-1
-1
-1
451891277
295419348
321327230
-1
-1
-1
254253405
400532911
-1
266020766
-1
303105806
-1
426162486
-1
227016460
147806179
303468180
-1
-1
388672690
-1
-1
-1
-1
-1
74703011
-1
206455394
-1
472078716
-1
402438632
178379214
-1
-1
61466365
-1
-1
371367805
-1
410007940
400409031
-1
180266987
-1
-1
310358917
-1
291032237
203103528
207753287
-1
25542250
-1
-1
7727445
382093268
457660710
403307767
121016583
55548726
141389047
-1
-1
397750100
-1
-1
390578005
441735667
-1
-1
-1
155948563
-1
-1
346435253
388077422
-1
471638013
-1
122405504
-1
116003830
281597705
296914305
37110803
237098893
43495908
-1
-1
-1
605214
28848486
20072419
-1
302290727
-1
-1
-1
278382057
-1
32173751
153025412
-1
-1
242063649
204134330
337063649
-1
-1
61141267
114648294
192548688
-1
-1
-1
257463186
-1
359216152
424913337
286337915
327071301
-1
34430658
-1
-1
323496646
458679490
-1
-1
-1
227619140
-1
170144535
394562423
-1
-1
104560701
-1
-1
12376167
-1
218620119
117507701
-1
-1
282943401
363329848
137006367
449454235
368689035
-1
-1
-1
-1
321453313
-1
-1
468739421
-1
-1
559704
-1
-1
-1
431411173
74932703
-1
469691088
343259575
354246862
-1
187748454
342612372
-1
-1
-1
-1
-1
-1
-1
-1
471201646
-1
125457732
41185895
88295119
173308946
321964336
-1
-1
-1
155129825
-1
112298685
369425113
-1
-1
236790099
380760691
-1
-1
-1
123104070
146627058
209281911
-1
361471414
311519216
-1
328604864
372916871
80778121
321790351
314961118
433594067
-1
-1
-1
-1
-1
405618351
35939902
388031905
38424780
-1
223581117
310028344
149676151
425587002
-1
90130862
12757523
459307126
-1
-1
-1
-1
-1
-1
-1
103528950
16576527
-1
-1
-1
-1
406638325
-1
205984165
395759559
-1
368004396
215250243
-1
-1
-1
-1
-1
-1
-1
-1
-1
-1
-1
25785735
406515044
-1
274788567
-1
-1
429948335
192041856
181815943
-1
210438946
-1
251465992
309817620
189971834
-1
42103120
52142360
-1
-1
288113771
-1
-1
41718302
-1
363105656
380670644
342950824
193137255
39231398
-1
286246795
345755489
420704679
461630398
378155144
28123263
277143814
195449851
226600707
-1
395362367
-1
48677882
-1
471966842
175509275
-1
346046139
-1
-1
458516602
295843709
-1
-1
95708268
-1
-1
-1
-1
-1
-1
57662299
-1
107141446
113446541
-1
-1
181239653
-1
-1
-1
26251514
123113351
-1
391878449
-1
-1
-1
-1
227466557
6010001
38487232
-1
-1
-1
-1
-1
332697974
212880973
397055580
-1
-1
108885986
350703763
228142288
-1
149760804
-1
441969525
-1
-1
-1
-1
-1
-1
41644867
-1
400265788
106020579
86979190
245707722
-1
-1
149712013
-1
471357169
-1
459445154
225615898
-1
439212709
53778857
157967724
-1
248752862
-1
-1
280273
-1
-1
168189507
384331467
387991444
97476312
-1
-1
-1
208629491
179341588
411470808
-1
288019631
-1
-1
41660752
-1
433521705
406816194
-1
-1
-1
258631858
-1
175694232
-1
-1
238459176
405414599
127252394
-1
-1
321732378
84789237
355318341
-1
-1
-1
202236166
393536249
-1
195944235
134134103
-1
-1
-1
-1
296179727
125396839
-1
-1
28730402
283633404
311774144
198224668
138991523
224428435
-1
339898416
469104131
455326462
-1
-1
443770354
-1
-1
457495456
89759848
195246421
-1
15462351
-1
-1
-1
146570400
-1
168231268
315885028
-1
336009711
-1
-1
-1
69764570
-1
-1
-1
-1
293053330
-1
236616945
-1
-1
410696564
-1
22311796
178501694
304584502
-1
299656600
406744702
-1
-1
425713132
67326792
-1
228482063
-1
-1
-1
-1
-1
50387156
450202408
100025321
153068232
180663641
257670064
-1
-1
347498409
449179953
-1
365802917
269257594
-1
-1
284391388
-1
167677492
238094206
-1
-1
-1
-1
25606037
9333787
-1
168007220
53453132
-1
104995687
428905206
-1
435475760
-1
-1
-1
-1
-1
-1
-1
-1
325354608
299680318
14706451
12726529
-1
-1
432387403
-1
-1
-1
-1
4608867
-1
-1
-1
393141410
-1
173407540
266572892
110788620
-1
-1
-1
360916008
107302685
-1
-1
381428523
190916102
71744512
189538838
-1
452954652
-1
-1
443239072
-1
156683208
-1
201892790
6790940
-1
-1
-1
158424244
393686014
-1
379817416
194887071
309789744
312690709
214186976
419545266
-1
-1
-1
97373297
-1
456493267
-1
166399208
-1
436872074
132324116
-1
157491979
-1
-1
-1
272173248
-1
-1
318474261
169600951
-1
79893675
70020684
297770022
-1
-1
-1
394533056
269958537
-1
-1
310850405
200285642
-1
301193230
-1
-1
-1
110227468
-1
-1
-1
107103478
-1
-1
179680879
114369847
340486197
76276028
-1
-1
-1
359848460
-1
141822787
155564974
-1
372147466
-1
-1
436587561
-1
-1
-1
-1
-1
-1
44880834
-1
197373231
-1
-1
28475208
-1
158265109
-1
349431069
235249847
295183971
342184006
-1
171903540
-1
-1
-1
-1
449499599
-1
395382219
-1
-1
396072187
55718729
-1
-1
190936033
-1
-1
-1
459314123
354653710
85589256
402403562
135414530
-1
-1
164059145
-1
-1
66740888
360782686
147592326
189397934
-1
-1
-1
-1
-1
-1
-1
-1
-1
-1
-1
-1
-1
-1
-1
-1
-1
-1
-1
22023880
-1
-1
-1
-1
-1
-1
-1
-1
-1
-1
-1
-1
-1
-1
-1
-1
-1
-1
-1
-1
-1
-1
-1
-1
-1
-1
-1
-1
-1
-1
-1
-1
-1
-1
-1
-1
-1
-1
-1
-1
-1
-1
-1
-1
-1
-1
-1
-1
10403271
-1
-1
-1
-1
-1
-1
-1
-1
-1
-1
-1
-1
-1
-1
-1
-1
-1
-1
-1
-1
-1
-1
-1
-1
-1
-1
-1
-1
-1
-1
-1
-1
-1
-1
-1
-1
-1
19746863
-1
-1
-1
-1
-1
-1
-1
-1
-1
-1
-1
-1
-1
-1
-1
-1
-1
-1
-1
-1
-1
-1
-1
9092617
-1
-1
-1
-1
-1
-1
-1
-1
-1
-1
-1
-1
-1
-1
-1
-1
-1
-1
-1
-1
-1
-1
-1
-1
-1
-1
-1
-1
16839098
-1
-1
-1
-1
-1
-1
-1
-1
-1
-1
-1
-1
-1
-1
-1
-1
-1
-1
-1
-1
-1
-1
-1
-1
855562
-1
-1
-1
-1
-1
-1
-1
-1
-1
14404314
-1
-1
-1
-1
-1
-1
-1
-1
-1
-1
-1
-1
-1
-1
-1
-1
-1
-1
-1
-1
-1
-1
-1
-1
-1
-1
-1
-1
-1
-1
-1
-1
19618698
-1
-1
-1
-1
-1
-1
-1
-1
-1
-1
-1
-1
-1
-1
-1
-1
-1
-1
-1
-1
-1
-1
-1
-1
-1
-1
-1
-1
-1
-1
-1
-1
-1
-1
-1
-1
-1
-1
-1
-1
-1
-1
-1
-1
-1
-1
-1
-1
-1
-1
-1
-1
-1
-1
-1
-1
-1
-1
-1
-1
-1
-1
-1
-1
-1
-1
-1
-1
-1
-1
-1
-1
-1
17737993
-1
22534013
-1
-1
-1
-1
-1
-1
-1
-1
-1
-1
-1
-1
-1
-1
-1
-1
-1
-1
-1
-1
-1
-1
-1
-1
-1
-1
-1
-1
-1
-1
-1
-1
-1
-1
-1
-1
-1
-1
-1
-1
-1
-1
-1
-1
-1
-1
-1
-1
-1
-1
-1
-1
-1
-1
-1
-1
-1
-1
-1
-1
-1
-1
-1
-1
-1
-1
-1
-1
-1
-1
-1
-1
29084898
-1
-1
-1
-1
25518645
-1
-1
-1
-1
-1
-1
-1
-1
-1
-1
-1
-1
-1
-1
-1
-1
-1
-1
-1
16791893
-1
-1
-1
-1
-1
-1
-1
-1
-1
-1
-1
-1
-1
-1
-1
-1
-1
-1
-1
-1
-1
-1
-1
-1
-1
-1
-1
-1
-1
-1
-1
-1
-1
-1
-1
-1
-1
-1
-1
-1
-1
-1
-1
-1
-1
-1
-1
-1
-1
-1
-1
-1
-1
-1
-1
-1
-1
-1
-1
-1
-1
-1
-1
-1
-1
-1
-1
-1
-1
-1
23691563
-1
-1
-1
-1
-1
-1
-1
-1
-1
-1
-1
-1
-1
-1
-1
-1
-1
-1
-1
-1
-1
-1
-1
-1
-1
-1
-1
-1
-1
-1
-1
-1
-1
7858430
-1
-1
-1
-1
-1
-1
-1
-1
-1
-1
-1
-1
-1
-1
-1
-1
-1
-1
-1
-1
-1
-1
-1
-1
14247398
-1
-1
-1
-1
-1
-1
-1
-1
-1
-1
-1
-1
-1
-1
-1
-1
-1
-1
-1
-1
-1
-1
23640319
-1
-1
-1
8065937
-1
-1
-1
-1
-1
-1
-1
-1
-1
1978431
-1
-1
19029155
-1
-1
-1
334607
-1
-1
-1
-1
-1
-1
-1
-1
-1
-1
-1
-1
-1
-1
-1
-1
-1
-1
-1
-1
-1
-1
-1
-1
-1
24639153
-1
-1
-1
-1
-1
-1
-1
-1
-1
-1
-1
-1
-1
-1
573058
-1
-1
-1
-1
-1
-1
-1
-1
-1
-1
-1
-1
-1
-1
-1
-1
-1
-1
-1
-1
-1
-1
-1
-1
-1
-1
-1
-1
15886585
-1
-1
-1
-1
-1
-1
-1
-1
-1
-1
-1
-1
-1
-1
-1
-1
-1
-1
-1
-1
-1
-1
-1
-1
-1
-1
-1
-1
-1
-1
-1
-1
-1
-1
-1
-1
-1
-1
-1
-1
-1
-1
-1
-1
-1
-1
-1
-1
-1
-1
-1
-1
-1
-1
-1
-1
-1
-1
-1
-1
-1
-1
-1
-1
-1
-1
-1
-1
-1
-1
-1
-1
-1
-1
-1
-1
-1
-1
-1
20675104
-1
-1
-1
-1
15939006
-1
-1
-1
-1
-1
-1
-1
-1
-1
-1
-1
-1
-1
-1
-1
-1
-1
-1
-1
-1
-1
-1
-1
-1
-1
-1
-1
-1
-1
-1
-1
18104873
-1
-1
-1
-1
-1
-1
-1
-1
-1
-1
-1
-1
-1
-1
27129994
-1
-1
-1
-1
-1
-1
-1
-1
-1
-1
-1
14472632
-1
-1
-1
-1
-1
-1
-1
-1
-1
-1
-1
-1
-1
-1
-1
-1
-1
-1
-1
-1
-1
-1
-1
-1
-1
-1
-1
-1
-1
-1
-1
-1
-1
-1
-1
-1
-1
-1
-1
-1
-1
-1
-1
-1
-1
-1
-1
-1
-1
-1
-1
-1
-1
-1
-1
-1
-1
-1
-1
-1
-1
-1
-1
-1
-1
-1
-1
-1
-1
-1
-1
-1
-1
742795
-1
-1
-1
-1
-1
4512083
-1
-1
-1
-1
-1
-1
-1
-1
-1
-1
-1
-1
-1
-1
-1
-1
-1
-1
-1
-1
-1
-1
-1
-1
-1
-1
-1
-1
-1
-1
-1
-1
-1
-1
9091051
-1
-1
-1
-1
-1
-1
-1
-1
-1
-1
-1
-1
-1
-1
-1
-1
-1
-1
-1
-1
-1
-1
-1
-1
-1
-1
-1
-1
-1
-1
-1
-1
-1
19791395
-1
-1
-1
-1
-1
-1
-1
-1
-1
-1
-1
-1
-1
-1
-1
-1
-1
-1
-1
-1
-1
-1
-1
-1
-1
-1
-1
-1
-1
-1
-1
-1
-1
-1
-1
-1
-1
-1
-1
-1
-1
-1
-1
-1
-1
-1
-1
-1
-1
-1
-1
-1
-1
-1
-1
-1
-1
-1
-1
-1
-1
-1
179870797
897520113
869921801
463783632
145950106
780027787
673351542
895820675
412059296
392797630
658940698
261046619
194907424
854046389
101395107
449468319
888946545
188506242
229358043
58074568
746815066
587241909
508103370
96344897
794140805
209663590
363242719
661310645
491133947
624548213
688944264
541785328
801194417
558466234
779309259
431063967
813047824
180927371
704398104
830960342
823451538
49059855
185360639
731281604
296578829
457683924
92387451
356278180
783811322
668930174
126649734
690250546
193004347
34924893
850040897
792297013
117384839
410849298
108102579
922616115
248548211
162332960
943992793
8759767
677007422
175907343
120002407
533145441
215609758
806017916
90383495
98382701
702316368
72976061
153578939
103430190
343920268
842244194
164710284
122882188
153519433
561209491
799834281
737652824
229571859
743565811
346266819
138636043
872666265
406927087
195663759
227270274
768654898
342935106
540191612
820269829
541886342
844769718
252951843
565288902
571622861
542655325
290665049
682619891
187179602
417386669
33499438
391157545
72941234
690572757
636598667
41256433
744755652
666237948
256745159
605091092
742688842
89771550
844786409
856396405
724368639
106282201
256467106
629684555
900159352
247392462
312051237
125966345
395812379
348349997
875158710
10900498
211500235
158310158
345975825
115441397
387156297
97213389
135655329
461711239
920380337
888881189
791819880
317425040
802022601
11627108
701223825
557995996
925724633
520249166
493888724
35823129
813963581
256159025
474180319
667018290
708317840
781219387
382833533
473911129
831770897
284266928
561879719
816941621
675566299
130044065
619931315
341680283
226906383
896244228
865943721
502948144
932707557
105419478
664148043
508472259
243482676
886918039
738672641
558992971
270338666
560952312
190906433
394197621
16965138
84751563
263830257
579263397
683511628
505081861
210118415
17792303
193521308
293711862
648409039
817141249
410872825
286429612
185420707
763339953
816241346
582041095
825360479
311455658
240217038
552821791
287328892
877483580
688365299
913028559
168906334
638605903
615869778
91598083
759886276
57548813
109552001
496893524
42186743
36986743
813045311
136838886
489867056
589719047
324091220
250700443
889903455
917275201
437851180
927926168
578028862
685615396
544874664
866298916
873997349
477311948
129872168
624966288
478720768
915165565
513421068
740076446
296525826
595266279
403713686
935399009
861825419
122903789
279164518
432665985
710318043
194547723
808477002
712819266
423473178
92065692
905598724
706999607
935434140
394766115
775476251
672763073
441061241
866321
782648459
832452833
821261465
8388950
861403880
399410740
946897242
18128616
373538914
727234696
193720605
33008870
436799157
196353364
442659354
75062417
15747723
757382697
128206723
7382166
923730371
595843258
578089125
231420462
201030994
414998393
859781469
335859859
88666653
707259582
882884132
860131900
855919468
761494968
472834505
140366230
198437638
643776819
448041379
539290958
945107966
191718479
629973753
375079102
187382391
161868345
884005787
872723698
523747917
286475546
374357351
300188538
785441904
853579741
267805296
334522140
133446977
228175622
499909050
455009729
832521901
545770578
666066682
775483119
288633194
7366149
23381231
263384658
489306088
499299590
612159612
747040696
182719783
618987135
492570204
462204512
553833234
532556312
292362602
520948290
381318278
908454065
941105786
721219058
449002432
872334854
270707138
941098523
191644873
487916084
812959539
477946299
798419740
666857809
538902378
203054188
224055805
925215711
539003666
854524141
689592539
462974728
607732114
122561457
176744561
862967632
601243543
136193093
318559287
722982323
390916760
134714120
178661656
789586650
412785922
566054910
630485767
571616734
489372949
341051663
562879350
584281335
818264628
761977932
221413797
184517310
632110201
524234040
822484258
236394336
120571185
684837202
763310343
194089471
668010103
437398870
451138578
281363616
569497839
421420104
607712770
635433804
524211477
908901602
244923370
407572862
366401342
821654856
304182828
900908351
831117418
779950095
522819011
384020544
207371471
916313662
401606000
630354899
880849864
843401571
159162137
231301563
640030738
394257142
420025135
159620189
162351287
543646185
644488357
376573611
576983908
842203710
229388091
942521502
133594506
560767420
773637701
754464746
694451854
816575792
645073903
140467809
53064344
732559854
687169202
675835664
26269484
51126485
84062560
237883994
353715970
895578726
599952214
133040830
539311776
59754730
16324567
794465270
706707808
637025426
323671923
38797595
329369394
699118043
3751581
550176974
21174488
819761723
76808736
304980427
166423123
396718000
264227155
364471858
553939626
894928624
333149669
362890797
402246592
247003581
426013846
304067524
221168417
335409907
652332545
276027820
844970842
506403201
773139271
865906755
714965917
485408603
541521171
548017981
555053265
892020117
733713648
364893572
367680740
679079663
224540664
305664265
65139778
738341676
73067802
457329239
204461419
397673208
399262952
417875522
862178245
669607956
533130591
492167767
490483177
565387512
12749169
229704039
5839964
408966836
776938086
112502053
252452574
513101903
91806348
873416910
118219370
17823078
619884758
165280054
244174191
475761116
524296039
871640666
633348663
500050780
841102526
309918914
566478117
46470289
865545233
310435042
246063730
911798894
728161708
594492860
820450099
261258992
16248118
300186418
751239789
299231772
410764691
632062265
228449744
338932432
556967008
497068442
218577471
10915763
719025573
480886798
457630969
604671036
813590330
414735568
945036146
626436233
328468254
69033701
888462624
196353743
765954269
537608504
850562730
796619499
924761536
7304597
871385779
903835511
291482765
156458870
839027
822009672
708626286
877283586
419759281
442239231
796531032
278166158
160563427
321217719
693918384
840723580
903946523
897668680
371112427
66007805
136132960
328568035
99788893
925288242
177219072
789941131
256017139
246191224
355951807
222871751
785830321
173615847
516994421
509978177
311515234
418723198
877910103
4407406
524826741
101786199
808816678
923347754
695482732
768973081
649696295
64765793
50734649
626998054
691293108
85441545
795368949
163366610
198075224
240806770
596454934
730031964
104896781
426219033
319516648
427335095
345671420
244595279
625033090
693545320
412111302
286755568
832799331
534827213
709738267
668147359
705163771
169139136
192321557
58747955
310904653
650219351
177494722
811289103
37091177
603439169
359576836
745217697
822067411
577751408
461336294
280651924
342687236
850938149
869279022
32919695
259286402
288704130
20235643
302297884
508588857
278602201
558841011
456466641
251981873
515155924
205714687
488898962
162664945
139716278
423256748
266886833
261341190
32234348
685474578
266332924
851500944
488454969
754982641
432629447
655814138
127527267
897958594
170522057
684193230
470081383
193389614
611213637
132207494
366186046
214061254
904780286
533460488
24406680
55966508
359060907
434203337
791093304
827603621
117624756
670055042
429696488
841644239
143807308
546445218
382738972
470725332
793477423
310823241
581648260
211883602
792400417
356917608
61510665
734962011
725601454
251223036
683195393
377717650
721380631
317242209
77034200
158151013
171430412
271686570
923053871
72905341
516523884
808574157
475855945
718729413
427677259
491500926
777441308
747011780
405543673
723887220
941356624
801364760
296898611
758129240
830669149
738956334
451932095
83427336
79372234
300227600
155781997
288615068
65721907
357875336
470121401
532929142
744632166
147040081
46713264
381861369
136772683
454092717
253435889
628044863
443918695
787081429
76925104
428357324
640267942
140566043
706462703
341234420
854565594
86376228
563047627
692070339
291471189
781301231
938810386
31566723
636142902
44358579
329837060
607809442
163883021
174258262
664639441
528905471
919352609
278702934
522639461
642061660
622995977
61603506
893116095
590618163
524010629
362486428
942510574
808356039
154636745
314959741
654798455
160261261
183133372
351955415
305454896
42344436
765916089
598395681
251784342
133544095
155296594
287960975
690688898
439767163
387810215
362313452
774444209
582778333
873754623
725326503
570626328
742431615
228327927
310949769
189952484
25005250
463398383
60577803
472272678
462938983
908378149
323745850
747771371
400806766
772418242
526734190
833078635
512837297
218951426
906628708
443155482
772993836
530191472
382511420
345426838
366314486
900509868
438899433
297415625
756742453
842438125
718101526
938488625
96447784
385973687
307329811
699851909
764189821
466156264
47180346
176816707
111752315
880809068
161513288
312685579
34615096
217589711
511676962
896855509
34287664
745823195
115557351
461963244
374328813
341725118
533699049
197005685
628991085
946103154
617769822
759424425
140494221
295080927
798974950
935635388
675849315
527244436
869101511
596180059
12789260
183111873
169040300
907365070
370618617
597209361
519947128
27646969
230581571
84276699
379790925
650596981
695919696
472296284
586495688
743898887
367979299
38905760
561504912
352745034
941444871
625599010
568590744
432904971
624427629
112820527
679861797
654711095
233762464
925135812
238472263
30001233
323479043
263768754
527068011
456869154
818989608
765701750
69577356
306420606
713712949
543786817
588801233
273158158
527021019
883101716
106418293
221157567
497976033
473932178
486661812
258806220
452158195
529517303
593048155
502775427
97476115
918242657
184180002
597918203
915537999
841660779
587119700
806398539
281088323
613735034
929573241
464399948
416701823
632126442
866926775
570051661
702967421
159775632
39260484
807946933
92207272
205584328
613379770
601851299
179525365
65530845
652778493
346806215
944137239
712232544
152542899
263073787
794772415
712843476
14300085
484035662
783559819
538143322
524374440
606944349
-1
70261109
-1
-1
-1
-1
-1
-1
-1
-1
-1
75666280
-1
-1
-1
-1
-1
-1
-1
-1
-1
-1
-1
-1
-1
-1
-1
-1
-1
-1
-1
-1
-1
-1
-1
-1
-1
-1
-1
-1
-1
-1
-1
-1
72719260
-1
-1
-1
-1
-1
-1
-1
-1
8232466
-1
-1
-1
-1
-1
-1
-1
-1
-1
-1
-1
-1
-1
-1
-1
-1
-1
-1
4965235
-1
-1
-1
-1
-1
-1
-1
-1
-1
-1
-1
-1
-1
56087577
-1
43399909
-1
-1
-1
-1
-1
-1
-1
-1
-1
-1
-1
-1
-1
-1
-1
-1
49167951
-1
-1
-1
19653094
-1
-1
-1
-1
-1
-1
-1
24336997
67351096
-1
-1
-1
-1
-1
-1
-1
-1
-1
-1
-1
-1
-1
-1
-1
-1
-1
-1
-1
-1
-1
-1
-1
-1
-1
-1
-1
-1
-1
-1
-1
-1
-1
-1
-1
-1
-1
-1
-1
-1
-1
-1
-1
-1
-1
-1
-1
-1
-1
-1
-1
-1
-1
-1
-1
-1
-1
45055980
-1
-1
-1
-1
35194264
-1
-1
-1
-1
-1
-1
-1
-1
22893754
32955003
-1
-1
-1
18599214
9386796
-1
-1
-1
-1
-1
-1
-1
-1
-1
-1
-1
-1
-1
-1
-1
2526841
-1
-1
-1
-1
-1
56782023
-1
-1
52407643
-1
-1
-1
-1
-1
-1
-1
-1
-1
-1
-1
-1
-1
49681099
-1
-1
-1
-1
-1
-1
-1
-1
-1
-1
-1
-1
-1
-1
-1
-1
79279366
-1
-1
-1
-1
-1
-1
-1
-1
-1
-1
-1
-1
-1
-1
-1
-1
-1
-1
-1
-1
-1
-1
-1
53651226
-1
-1
-1
-1
-1
-1
-1
-1
-1
-1
-1
-1
-1
-1
-1
-1
-1
-1
-1
-1
-1
-1
64049255
-1
-1
-1
15823414
-1
-1
-1
-1
-1
-1
-1
-1
-1
-1
-1
-1
-1
-1
-1
-1
-1
-1
-1
-1
67576264
-1
79643416
-1
-1
-1
-1
-1
-1
-1
-1
-1
-1
-1
-1
-1
21861595
-1
-1
-1
-1
-1
-1
-1
-1
-1
-1
-1
-1
-1
-1
-1
-1
-1
-1
-1
-1
-1
-1
-1
-1
-1
-1
-1
-1
-1
-1
-1
-1
-1
-1
-1
-1
64736032
12005623
-1
-1
-1
-1
-1
-1
-1
-1
-1
-1
-1
-1
-1
-1
-1
-1
-1
-1
-1
-1
-1
-1
-1
-1
-1
-1
-1
-1
-1
-1
-1
69236138
-1
-1
-1
-1
-1
-1
-1
-1
-1
-1
-1
-1
-1
-1
-1
-1
10704987
-1
-1
-1
-1
-1
-1
-1
-1
-1
-1
-1
-1
-1
-1
-1
-1
-1
-1
-1
-1
-1
71814924
-1
-1
-1
-1
-1
-1
63458881
-1
-1
-1
-1
-1
-1
-1
-1
-1
-1
-1
-1
69324726
-1
-1
20316954
-1
-1
28490241
-1
-1
-1
-1
-1
-1
74440673
51415301
-1
-1
-1
-1
-1
-1
-1
-1
-1
-1
-1
-1
-1
-1
-1
-1
-1
-1
-1
-1
-1
-1
-1
-1
-1
-1
-1
-1
-1
-1
-1
-1
78013971
-1
-1
29993055
-1
-1
-1
-1
-1
-1
-1
-1
-1
-1
16648604
-1
-1
-1
-1
-1
-1
-1
-1
-1
5974949
-1
-1
-1
-1
-1
-1
-1
-1
-1
-1
-1
-1
-1
-1
-1
-1
-1
-1
-1
-1
-1
-1
-1
-1
-1
-1
-1
-1
-1
-1
-1
-1
-1
-1
-1
-1
66406198
-1
-1
-1
-1
-1
-1
-1
-1
-1
-1
-1
-1
-1
-1
49116439
-1
-1
-1
-1
-1
-1
-1
-1
-1
-1
-1
-1
-1
-1
-1
-1
-1
-1
-1
-1
-1
-1
-1
-1
-1
-1
78092341
66488698
-1
-1
-1
-1
-1
-1
-1
-1
-1
-1
-1
78716877
-1
-1
-1
-1
-1
-1
-1
-1
-1
-1
-1
-1
-1
-1
-1
-1
62821897
-1
-1
-1
-1
-1
-1
-1
-1
-1
-1
-1
-1
-1
-1
-1
-1
-1
-1
-1
-1
-1
-1
-1
-1
-1
-1
-1
-1
-1
-1
-1
-1
-1
-1
-1
-1
-1
-1
-1
-1
-1
-1
-1
-1
-1
-1
-1
-1
-1
-1
-1
-1
-1
-1
-1
-1
-1
-1
-1
-1
14809132
-1
-1
-1
26106601
-1
-1
-1
-1
-1
-1
-1
-1
-1
77396406
-1
-1
-1
-1
-1
-1
-1
-1
-1
-1
-1
-1
-1
-1
-1
-1
14045254
-1
-1
-1
25778766
-1
-1
-1
-1
-1
-1
-1
-1
-1
-1
-1
-1
10387873
-1
-1
-1
-1
-1
-1
-1
-1
-1
-1
3228580
-1
-1
-1
-1
-1
-1
-1
-1
-1
-1
-1
-1
-1
-1
-1
-1
-1
68138473
-1
-1
-1
-1
-1
-1
-1
-1
-1
-1
-1
-1
-1
-1
-1
-1
-1
-1
-1
-1
-1
-1
-1
-1
-1
-1
-1
-1
-1
-1
-1
-1
-1
-1
51881672
-1
-1
23377634
-1
-1
-1
-1
-1
-1
-1
-1
-1
-1
-1
-1
-1
-1
-1
-1
-1
-1
-1
-1
-1
-1
-1
-1
-1
-1
-1
-1
-1
54030737
-1
-1
-1
-1
48213386
-1
-1
-1
-1
-1
-1
-1
-1
-1
-1
-1
-1
-1
-1
-1
-1
-1
-1
-1
-1
-1
9398528
-1
-1
-1
-1
-1
-1
-1
-1
-1
-1
-1
-1
-1
-1
-1
-1
-1
-1
-1
-1
-1
-1
-1
-1
-1
-1
32643443
-1
-1
-1
-1
-1
-1
-1
-1
-1
-1
-1
-1
-1
-1
-1
57831539
-1
-1
-1
-1
-1
-1
62241420
-1
-1
-1
-1
-1
-1
-1
-1
-1
-1
-1
20580514
-1
-1
-1
-1
-1
-1
-1
-1
-1
-1
60865015
-1
-1
-1
-1
-1
73792600
-1
10941903
-1
-1
-1
20105182
-1
-1
-1
-1
-1
-1
-1
-1
-1
-1
-1
26614504
-1
-1
-1
-1
-1
-1
-1
-1
-1
-1
-1
-1
-1
-1
-1
-1
-1
-1
-1
-1
