216234794
-1
70190605
-1
-1
-1
341032955
395697695
151191888
113026699
423820845
405211437
-1
62359900
417871922
-1
-1
157815541
-1
281478277
-1
-1
-1
187431166
-1
439698859
404910874
-1
208055350
339210809
-1
337376693
-1
-1
-1
137608796
-1
105405366
-1
-1
126310158
305536440
-1
-1
6947762
169724611
-1
155044686
-1
-1
146266726
-1
-1
-1
-1
-1
-1
-1
186389866
-1
-1
-1
-1
-1
40182476
-1
385148259
429896966
20106256
-1
-1
-1
-1
-1
314392551
-1
-1
-1
-1
54380996
-1
173070596
804608
-1
382961673
284527336
-1
353609119
341808617
307440592
-1
319722619
454240669
-1
-1
123796107
63676580
-1
-1
-1
-1
231063905
53331961
-1
251371700
-1
-1
-1
-1
366336064
101471246
-1
197237223
338025436
-1
-1
354714416
-1
-1
367489674
-1
-1
-1
-1
-1
342359172
12575337
-1
-1
20568709
-1
380081913
-1
288767478
-1
419168082
336539352
-1
-1
435687867
-1
-1
422650040
90042756
-1
137157734
-1
-1
-1
272239280
414362160
-1
-1
342658379
42625571
361300861
296108355
-1
328231345
-1
-1
148385891
-1
-1
-1
332491139
-1
122092800
-1
127371164
59615667
174622983
38713183
431405418
-1
181764012
422361848
-1
124516847
-1
234074800
284393315
270040603
54780983
-1
-1
-1
58159233
446472369
74018883
-1
-1
233065095
-1
-1
254181392
181933802
-1
71745627
-1
44370404
-1
-1
198725966
317073125
431364438
412683100
414580476
287975685
61252671
-1
321827227
-1
330798053
-1
17106621
398648151
-1
-1
171171320
-1
207929709
-1
-1
-1
-1
-1
302706858
-1
115081118
-1
-1
-1
-1
-1
-1
-1
140748261
429984064
188183253
9170030
-1
-1
458956328
363930918
-1
443027679
-1
-1
-1
-1
-1
-1
-1
-1
-1
-1
213943654
-1
47743444
421241866
139252942
220862111
-1
271234822
-1
-1
355749950
-1
-1
-1
74999567
-1
182306684
-1
-1
-1
460872557
-1
-1
407911649
-1
-1
-1
-1
203101814
-1
253398527
431863334
-1
19238209
-1
276885706
-1
-1
460612499
226432191
-1
375514870
435594648
-1
-1
-1
192610492
174647643
-1
139580968
34503823
107291032
-1
85005182
58503940
-1
348414796
-1
451401410
-1
-1
283885722
-1
447107132
-1
-1
204125265
321695381
-1
399450346
-1
-1
25239546
394889667
268783614
420733332
250609153
253134396
206299136
386740627
388523545
-1
-1
369177753
198908546
-1
339647023
-1
371272185
382562812
409212901
252441816
-1
35613338
312535199
-1
-1
-1
-1
247888873
21382503
-1
383802672
252936809
-1
270693786
225639571
863883
-1
337529730
161362613
-1
-1
444712127
-1
463048336
-1
-1
-1
376367730
-1
327121421
-1
-1
-1
341770380
-1
-1
460746674
108537813
140022947
390983206
15851383
66155253
282952481
122012146
-1
-1
-1
133613385
-1
-1
-1
283201411
392491998
18283202
278615807
333671013
-1
-1
401018611
-1
-1
235494820
-1
204972385
330268566
-1
-1
167974226
180883059
183397446
-1
-1
-1
73792109
-1
-1
-1
385761859
455614486
-1
-1
-1
-1
-1
-1
260239139
410705113
74495784
-1
247357218
-1
309015217
230180910
-1
80648039
418655501
152459876
347253690
311545846
-1
15191246
200955280
-1
-1
160303370
-1
-1
383227109
449064198
-1
68708605
-1
-1
-1
158877860
111659424
272307773
274326615
139951961
292149075
-1
-1
241274878
166266843
456082484
450725627
201673144
221118666
-1
-1
-1
-1
94288727
-1
-1
367940960
-1
247104835
143778029
64627990
-1
176952065
194703942
-1
-1
-1
177473331
-1
-1
-1
-1
-1
-1
-1
-1
-1
-1
320525276
-1
-1
47294672
323034514
-1
-1
-1
431258611
-1
68567902
241048524
-1
251796219
-1
15150009
286356449
-1
237959097
-1
98790590
-1
138488238
-1
-1
242091895
273732479
-1
390903626
331448698
-1
-1
-1
438641403
36411821
-1
-1
274439810
-1
-1
-1
-1
253547185
241412124
-1
65019109
207897969
228991518
-1
227852281
20143124
-1
-1
453729879
-1
-1
-1
34736552
-1
-1
77765711
-1
-1
397549277
-1
32484118
325442503
347775573
359646415
-1
-1
180619814
159492482
-1
-1
366697564
-1
96857194
438713671
-1
-1
170598743
-1
-1
-1
-1
190223062
-1
384856291
-1
128040637
-1
94166070
42297136
166180648
-1
52270525
79280985
184202017
-1
153403654
303240536
405251139
73714527
121675440
222160651
184910150
227435836
162386638
131946650
422058725
300600370
-1
-1
-1
-1
183462019
91092720
-1
-1
-1
-1
352067999
343770017
-1
405458707
369322662
240642822
-1
-1
340174631
170318962
-1
363482384
312144262
169274546
-1
-1
-1
-1
-1
-1
384245901
298050167
361487019
-1
-1
231035293
392308541
-1
-1
233975267
22787470
-1
230761061
-1
-1
432004057
-1
317413425
-1
123338226
126859615
-1
-1
278262865
51535862
-1
415748245
14303786
-1
178111084
101940862
-1
-1
84904466
298586097
-1
-1
-1
-1
-1
390695058
-1
223079641
318327800
-1
260566043
-1
-1
276928799
106356238
-1
-1
-1
350127107
-1
363492068
-1
286970831
-1
182103680
-1
-1
-1
-1
275153608
41135550
-1
-1
122118782
348440757
-1
369262990
-1
88161373
99625779
-1
-1
3232741
273698184
57353304
-1
72668449
-1
-1
-1
388883918
-1
1495943
-1
257472103
-1
-1
66895589
-1
174619459
-1
-1
237289160
173733192
22951094
114150280
-1
293100796
-1
9462985
140700893
-1
-1
378569939
436676162
27296457
-1
-1
-1
-1
93474214
87384966
163927255
-1
18487806
-1
345935232
246353057
-1
380452116
-1
419268280
-1
-1
57522304
346310039
-1
53884084
-1
-1
-1
-1
-1
123079335
-1
65260969
193631966
372241322
355863700
246987935
-1
237165114
447727239
156431418
316168332
295946455
-1
42334838
-1
417006065
94342381
-1
18299027
219566407
-1
22248444
81196135
60379432
-1
94643795
-1
247784691
336748224
432807756
38616702
220998704
136393436
-1
304458590
437298579
25687181
-1
142912282
85637411
-1
-1
-1
168423198
322030547
164592273
268837648
-1
3343597
209373849
117689270
-1
-1
-1
28728683
156027808
323376353
-1
169930886
91281740
441338251
-1
41750220
-1
-1
464135774
-1
122123831
141417666
85903930
-1
325497346
163087265
273986472
90110396
-1
-1
367966392
338396451
371535163
-1
-1
-1
-1
-1
194827714
-1
368498055
344594237
336561577
389045604
-1
-1
-1
-1
429636262
-1
153633904
3939143
-1
-1
-1
-1
-1
96578637
318775466
16412149
-1
-1
-1
-1
-1
243172835
395517373
7247844
450683298
259845337
-1
-1
347278337
204913096
125350228
-1
169683199
339165451
438389228
-1
-1
285762301
26740938
257767526
-1
401080142
-1
-1
75987566
90819089
103011352
148618957
-1
346554519
179670512
-1
-1
183991295
-1
64735891
392990998
-1
-1
117735903
-1
-1
-1
-1
-1
1462219
464121935
100632427
98780006
-1
66581838
322610394
151536099
-1
-1
-1
151410072
38589395
64102217
-1
275628277
200820369
-1
-1
-1
-1
171308703
-1
104710344
420810576
303432617
-1
412585844
-1
-1
118767898
243288473
217322760
-1
-1
363879380
361430862
-1
-1
-1
-1
201606438
-1
-1
-1
135415189
355290860
-1
209491123
-1
460931466
358738364
-1
148009147
-1
-1
159986995
337361360
428651337
-1
189861651
-1
-1
141228619
412097509
-1
295631050
448108464
138646164
-1
-1
121963069
-1
-1
-1
42639022
221042593
-1
443428686
301051994
265292222
19508622
-1
-1
-1
-1
196200175
-1
-1
108839895
-1
-1
-1
-1
-1
421491656
20016805
-1
-1
-1
-1
398369377
288428069
341551127
356291341
22131038
344573590
319983316
-1
-1
145751032
-1
17839663
-1
405713007
-1
77788624
-1
338916317
456485646
-1
385436385
119374405
130525310
-1
-1
-1
-1
-1
-1
-1
-1
734150
214329676
-1
67315824
-1
-1
-1
250468297
206421527
85579097
281789655
-1
173737530
129644457
442769141
362818925
155761191
-1
-1
-1
308177056
27378669
-1
330923137
-1
-1
-1
56387590
231112330
-1
47944380
-1
-1
-1
-1
-1
416866890
178055792
327168600
-1
-1
179105936
159977940
70928476
-1
408038144
118920247
311103831
-1
-1
-1
-1
-1
259665819
76129572
-1
364793828
141130336
-1
248077837
-1
-1
359648882
-1
-1
376528484
238740097
237847985
-1
-1
140744915
226688500
-1
19357381
-1
385048863
-1
383802920
415037406
410628231
130027865
405032623
401209649
-1
261534684
-1
319984258
394935313
134641882
276345301
-1
-1
-1
143716482
244195333
46563654
-1
442954024
394234202
-1
35684661
-1
-1
-1
-1
-1
101343783
-1
-1
269176516
161404406
376039636
417542994
-1
-1
16822152
95547169
300607054
-1
-1
-1
226947000
-1
153799082
-1
-1
317617943
420157604
-1
-1
281087655
436565694
-1
-1
343358041
-1
387153391
384852798
-1
-1
47050302
425682321
-1
-1
321059031
-1
-1
-1
-1
-1
185838596
100315327
-1
285410029
-1
-1
114649856
-1
-1
-1
-1
9727419
31603383
98996647
127663406
413717045
394495138
-1
-1
167780586
-1
-1
190964158
-1
-1
-1
-1
104291422
-1
-1
-1
135219333
317577299
-1
274524730
-1
-1
124426551
12680906
356377435
45717130
370399555
86474928
199082301
-1
-1
-1
366456578
-1
-1
-1
149370968
-1
-1
-1
458829120
-1
237606910
236897150
28275286
-1
-1
271468915
-1
376360444
-1
157375143
-1
-1
376797941
-1
356516879
313258900
308859046
-1
445574692
125282866
-1
-1
-1
-1
-1
343461151
-1
393723693
259061523
-1
-1
370799674
385868483
211863900
-1
25827380
-1
-1
312721327
-1
141356295
-1
-1
-1
-1
309638451
151465577
-1
409476564
388578444
-1
-1
-1
-1
348173561
209552301
411641182
261709124
-1
-1
-1
102076289
-1
237248871
-1
278377385
233656050
-1
139143720
-1
49658450
311346131
414456161
-1
108176027
-1
-1
-1
2499452
-1
-1
142337930
-1
-1
-1
-1
-1
27387141
-1
-1
-1
-1
408748763
436186132
-1
-1
-1
335325485
244477954
-1
332169978
386215061
-1
-1
328270387
-1
-1
463429075
-1
105228799
426466042
-1
324598780
68641603
-1
-1
-1
-1
-1
-1
-1
450901195
395914026
112424576
453421123
214565909
-1
-1
-1
-1
-1
193135371
-1
393209484
118450876
49029037
132599830
2862810
-1
-1
136477638
19195884
11408360
-1
432314568
-1
365452447
-1
-1
349086503
44740749
313587788
-1
-1
419776076
-1
-1
-1
15250751
315011711
371345404
7162469
349954820
339422734
12888893
-1
-1
463139063
-1
-1
8930184
-1
30918581
67704094
371621434
11961816
-1
-1
135759612
369403700
378192411
-1
-1
-1
-1
-1
335730058
191293735
-1
-1
251020899
-1
421843669
-1
-1
-1
-1
-1
97689562
-1
330044893
125495968
-1
160265482
320908773
-1
-1
-1
-1
-1
92285420
442797216
373039041
-1
-1
86239744
-1
124217314
97200157
-1
38920855
-1
438465216
-1
-1
-1
-1
-1
-1
-1
-1
-1
22200446
-1
414054974
-1
-1
209513498
-1
192934019
119924408
-1
328511253
-1
356574622
-1
-1
88814810
358401105
-1
-1
190158901
-1
-1
-1
413991162
-1
-1
266881200
-1
126369480
-1
-1
-1
32564742
31560164
398162139
-1
373736107
306257128
-1
-1
18619167
-1
261759484
39782711
16431050
-1
-1
47453788
331700567
-1
223587476
-1
-1
346063612
-1
-1
-1
-1
-1
308994426
-1
415775313
27817
-1
-1
182546133
-1
-1
273471117
-1
222251132
374728604
290647106
278455749
-1
315864284
429774494
329882733
-1
-1
391896094
120604507
73920527
419360003
198926938
349915305
-1
-1
-1
-1
-1
-1
-1
259304247
-1
145432529
-1
149140617
85638530
284247744
1003080
-1
379795985
291620258
-1
414511620
56683675
-1
211202668
-1
400609842
-1
-1
447073835
432619652
175612897
-1
307840128
-1
-1
-1
-1
323805568
345364479
-1
-1
292924965
-1
-1
-1
-1
-1
220044206
-1
-1
55919529
115497695
406488410
267593309
-1
-1
-1
-1
-1
150046023
-1
459211399
-1
-1
367554598
410565542
159117827
-1
-1
-1
-1
-1
247072360
260360736
-1
-1
-1
-1
-1
259168175
-1
277993553
-1
148110639
116082286
269945212
-1
328616167
-1
193543706
-1
-1
405808885
-1
412648629
233881697
-1
421520686
-1
215889977
-1
407132957
-1
195232419
-1
-1
-1
-1
-1
200857709
173935675
58400778
-1
272613913
120398274
267827859
-1
-1
-1
374797889
-1
-1
290424990
-1
-1
-1
125069830
-1
330026573
224613273
370939423
206188582
276299528
-1
-1
131230436
-1
-1
-1
436089954
-1
-1
-1
-1
74356757
-1
-1
-1
201235902
267303144
36463576
-1
-1
80207361
260251542
-1
-1
201111017
-1
-1
187717825
-1
236583130
426623939
402528663
-1
277759520
355328872
-1
-1
24345073
156971791
238752141
-1
-1
196763513
-1
379319063
109128245
236717841
287969740
245069883
387907311
-1
-1
284242131
170423815
-1
100263778
-1
-1
203301563
-1
-1
451763915
-1
-1
347632173
452800181
-1
205855301
13816802
-1
47806276
241252225
-1
310096152
51123502
177727900
18602458
388589189
-1
7107397
107657624
-1
360196053
88182166
192582866
436802777
441221026
-1
-1
-1
439465249
1711179
-1
-1
181424967
409917883
-1
223812214
-1
-1
-1
139152897
59168873
-1
206893519
-1
154012533
88770502
-1
36588861
-1
131050371
452501271
-1
221418205
147727101
-1
21506231
-1
-1
368450331
-1
347197524
280873217
-1
14951837
464179919
-1
136801801
427281436
174309547
322234671
256935978
393133274
223199856
-1
68610221
-1
-1
-1
68640061
130727866
-1
220124785
-1
231382250
-1
-1
-1
93470287
5884729
311212533
-1
105792431
223029880
195384110
-1
151025142
-1
-1
215858730
-1
-1
-1
-1
-1
315156570
234677896
-1
-1
352307633
-1
-1
26217226
-1
-1
300292614
-1
-1
192984695
225278783
271517352
-1
-1
363386058
118559826
154308452
50639150
378929721
-1
-1
299539125
-1
-1
171347577
-1
439963636
-1
-1
-1
-1
-1
-1
-1
145788349
27172686
227059871
32294435
-1
-1
-1
-1
193373505
270586775
-1
353693444
-1
100389693
162968474
80308903
-1
463953983
-1
-1
36092017
-1
-1
-1
360561653
212864650
247752412
263036114
-1
396690495
257838136
294028163
312303152
290319580
248464325
-1
31307339
-1
50574299
-1
241429824
-1
126416911
-1
447579799
140998228
-1
-1
250533076
343746150
-1
-1
-1
45019184
452245254
236188048
177014672
40237586
-1
-1
-1
-1
-1
-1
623092279
851720187
20046092
92101199
887500015
526898967
802212576
7895151
392346129
887706972
860402774
120695098
278439137
46792956
155029393
748111989
693254986
420908967
707546653
306640051
81647249
588483975
212614270
482003191
348841017
80736928
750037903
490725839
579296781
56335545
293977409
610035953
878869788
27126171
417128271
730041459
545815580
674439217
556636119
46128571
696982054
766079978
38700316
689475772
626304567
44423604
620044957
645701991
562957661
46993121
582955476
324780791
710281940
758675796
339879370
921068626
539784153
82910424
504174163
686690048
716187402
664803939
438666759
754623589
518645513
716828207
510872292
733199725
357067786
320012150
685104380
36342574
690638970
387210777
209570060
292639649
606760965
344477327
827563145
175516225
128494995
91284765
651936426
478608853
271544154
393959012
502871139
789824484
70034020
715324074
622506446
439670191
114697651
892194722
245581590
209199273
438185780
427507727
441936871
470362657
614992814
689791413
642130333
265870048
187270117
567699209
749708671
894224121
288576961
530360934
204345326
480715893
867349617
839180417
280421936
486890549
663993362
58119561
374341216
874304519
358401590
206132482
769415638
8315720
685731275
283724424
764996084
301239210
29785118
521660704
651398513
360447669
891485931
209172978
865888060
476749989
456022040
457455029
807005031
395046902
255431938
127254859
723058287
335857480
86063537
534632800
50584040
838326300
359872560
550616928
585882305
893557792
853415112
875617589
310117076
417215612
504057726
772186841
926659263
589006462
642686318
898465671
446565221
96179796
589569136
221658393
856510149
367265265
783671545
261580806
699628200
601679378
765195069
688588874
678407314
661571038
312033299
221951524
608907030
105273582
304045211
302369554
696913033
115435803
642461024
613386639
884260636
254118715
640108417
177850741
490568601
118773270
655383606
184226383
778181031
495228023
100676690
412449096
173275851
142760958
155326659
238508713
235962937
770568812
320890872
717147715
21632870
655944097
23556856
654912495
823051768
308709637
249632766
509046178
327895445
781179830
671886123
390115011
223214648
323238418
322219666
901646489
507062805
58466439
903182331
632122676
97299682
534237386
706063565
182218395
838588488
396298873
874527180
841845744
368480000
727798663
181136201
620288795
462960207
543382360
849967579
494028447
87492064
663600919
510249225
274849533
580265135
658026429
431458524
255502109
202020987
218890217
65758772
546645970
61191529
352746593
56440500
240189200
532395938
837720235
51526982
917725136
526940991
111382429
370973743
197480963
785933318
218431825
295289751
717726061
853545746
666247089
536246585
105033896
269221942
618501716
301808508
571127982
210104885
719951224
693225695
830128724
742032685
580664906
205580861
22662691
658345190
338704067
428780394
681071795
364720863
744263306
610533172
304597558
685937800
130753272
183899124
207002051
916264279
750889691
401718819
208484130
69173725
797186040
322151522
475168647
325903896
880484403
403340197
145249144
575351081
480757499
472701335
412122630
72648276
58778446
639140317
540581866
868426504
45565035
747303323
673439223
683001668
495381304
438712607
184680027
372782253
677204190
764670245
697447107
621545237
794202672
589053018
68317119
629670087
88833663
853599546
308750616
839792945
363613515
874404258
182331200
788505416
738977535
699555197
738549971
351633781
546956493
921227884
107948588
871915535
49353102
503429735
716013490
164013955
51394963
925441983
506734183
406202092
515202718
159155929
252222470
330720575
431586431
806400627
351257373
734775228
24059973
207973240
249013326
775427070
80061394
307650447
611267985
175233557
154834104
592105989
434444569
352655861
471736246
890068646
363784597
667689400
761542761
90230238
125979599
614448613
643998344
880889708
528644006
211279094
230771909
911835656
593582061
43367816
668489915
196851354
620090403
567388692
760077812
325930211
737321132
498144034
160304284
322394243
106513783
1766137
160083591
791753551
339830483
91267115
907705274
211043656
18917609
699985555
37726259
849046769
720435429
128024005
453738045
66592470
408197567
888731757
201959523
239595684
601155071
117963025
80091759
719123256
326762030
245020230
541850721
621565860
827514592
188053259
767307346
914170501
67516443
101361274
40514176
143835194
508751173
820066973
844714269
563157435
440633200
82618001
828611087
362667235
71203655
169237887
418875308
911249678
142495204
216158310
398616734
546853002
851373451
104542495
558525672
172834162
598261474
115973242
806007592
803907110
662536940
807993287
673208212
74461921
366601587
458484210
910371578
407740045
456985255
533056923
893134418
95216392
263890768
562152375
367700782
424894596
844728982
836676806
586444110
221513887
50938365
64793847
744797269
560088495
86137686
811494940
481141958
101463338
279537692
496977676
819236361
396672029
457520328
858372381
38383436
408664805
353095901
500820557
60168247
284400605
729270217
272663142
867884525
759506938
485767464
93820428
209817519
438367390
462514184
575460039
625946232
821127441
847311183
733677444
727700529
407590087
927803579
821484639
561695536
393872120
169667308
650672729
141327675
277319185
251213709
813041501
61382194
513219333
629264060
444331544
308792168
735793372
636528350
684374956
47157572
436608238
321841099
83547248
485773474
639117973
1936275
803625032
847984312
590432299
593253625
919083411
462961579
648554664
339743772
82847166
306178496
481464250
453955888
644660569
69493845
518785295
225406325
788697464
674469069
814788587
400342056
391681914
790775813
183866525
708505166
792383016
725672210
152477158
493951417
221389601
749648019
578927787
743174265
881315166
315880878
246785827
347245857
212942719
320437718
408964943
437281165
665585050
142307652
756513259
822838001
348176163
655642668
582228125
439069870
731404605
595184205
498783390
331643479
113927514
297332939
308888848
95881015
791147073
14844674
763782938
196309052
109569227
342808693
524986026
88902406
818117536
211549884
344615531
650282018
391893530
124926495
463617504
267798476
167289639
303713205
293638363
278327057
416766710
344438942
335748571
440858953
147369109
630636235
672232927
759730554
752163738
662092215
890487959
225476
555253935
197327263
402423640
136372381
783488340
734379389
79563669
659556439
899104289
292242929
698481166
243058337
310879883
893698683
635113725
827692554
817858276
649843307
162727411
520613253
769742935
453569076
129511545
564428644
124599168
354214222
645418468
733412259
498485500
33982496
460431018
600561337
497680631
262599822
737017975
144212753
790038256
33181073
387393296
513051148
246086034
743670829
848290502
864296971
422288713
625862211
690279522
22243476
357606453
717650928
154800799
642025341
899019481
287489229
375977555
720419935
52044758
896221964
214397419
353266282
358508478
413556266
756502472
709641109
310719519
323771842
367553532
119040737
493437870
874548514
398918871
489680853
399018001
741548842
52121578
225623134
790156566
824716818
676927828
228315864
893301419
471370032
433563200
693648294
82607526
717778373
440819951
602001840
788482134
353091147
272424025
666286936
603519375
362093293
877829050
17840340
315105715
73891088
894565278
542657413
111904755
751883654
63783281
686089790
506173952
438405771
836834444
858354346
175688836
403253439
304664875
746908313
303662558
654615740
595843892
221206841
644536523
698345371
777981525
415782535
761513986
886427350
563888989
571664382
83705350
304038129
412634261
390578887
273687495
342623302
246153284
753687457
263191309
665884251
793110729
875016415
442022352
837917320
361648394
306081667
121487728
230117977
821513160
29209427
39235452
907218541
520228345
505727656
410400392
61239232
555876294
912904175
31507255
718120357
786193007
78794763
747703528
464327694
494240134
826898764
855837009
748259026
888373547
917708063
730427099
466290648
448790769
755318475
723725709
71606268
454988831
832548618
421543667
447469935
610222918
712207159
579598802
426030159
755413736
845262330
111560838
826100423
610493505
872678333
91590626
731163702
443454330
46768947
417408678
217391182
51273986
768316726
208629012
627298882
890395447
895589038
598183346
252421488
484073451
827124059
327616457
915253136
104875993
531766336
126211617
643289964
399143932
260753890
447226879
527382727
267165909
7509864
526123442
55280510
618870281
571505450
271910787
859577423
661407793
134834060
725588293
483443781
416039615
832991029
440180435
399152631
438471946
712577212
626522866
660755481
169940071
572887041
690295881
425138607
71447222
378409943
658371155
469227976
55245680
112250141
153746705
527574599
57373722
472924444
633357708
452650703
681337702
378475270
741243223
429380187
313845022
166846423
153163484
53388114
343444681
623575368
148040618
492644711
659014408
312435408
66713710
355290431
69248474
533041958
571095538
265650615
802035962
592301891
893825947
891413685
483694669
486942876
783643613
273607704
399423969
721719420
853892021
779786969
632661655
73117458
67133755
530012717
505921727
406663144
906419322
284960462
673702368
203310263
741333840
516489653
761248625
188397430
803328635
733802458
120521071
297064078
677700608
90877515
210201426
556742465
704780300
41963051
859595808
250148838
385769837
910562761
61597646
407212649
216625552
688966214
799174512
533969569
36309828
443344480
928664783
883505733
278377942
617729740
24538099
578534817
623003114
294144022
882531231
882579509
529803329
854691476
458762899
409482049
83424765
251176709
666757437
450397454
363885168
105855017
517924
565050450
654559003
251933879
55614550
243782889
324709766
591520857
12494623
133495332
37096104
142133379
213460196
18299022
485924031
826206024
600051409
329074463
518701628
487075649
807433712
240258619
820886659
48926213
96500220
133486806
804955309
679914734
528766608
663768650
261139532
563091120
124090168
19096950
149032156
731283662
872383323
360685653
189636744
548133351
880749091
135906401
404842067
494425040
221419096
539008082
868448184
514022189
736791583
573504969
332927683
413452258
460234798
78118010
620411885
156337411
95644535
430499986
291235604
480609175
707204726
250015135
475483576
552180905
309174217
184887489
654892478
414709229
671990385
885017500
792488852
397355011
717056980
757711713
901070717
656799148
919668786
683921829
260123088
816979427
494154118
623658851
242352889
651692095
555137506
453405434
840797458
897503404
270991660
36213521
407041645
162287099
563837622
402957732
440577352
441701362
277336808
681228186
223313592
557481090
158818609
527892777
436277167
313355751
59931940
807235606
733053444
695700342
330895020
654490932
719322388
172019570
879566976
520476478
121260585
79916287
609701077
276348675
360266371
350768400
678843654
364424587
800649960
547125521
590035863
144275036
756116320
677925732
6893280
728941106
701192751
559761641
355158337
258779877
812043419
647382934
239967756
586677640
596505564
81104668
426334237
376211852
275236074
378747148
2632382
487889925
772583830
403416371
207073549
879696680
282178932
85174211
568962278
959463
7117246
502000664
297012541
888102396
511003314
903634414
845689210
840021638
650873973
868236962
424113076
788357709
249702349
70846215
488063553
159403371
660824844
98645514
651787079
93803167
387295741
669654463
529873536
533233524
71925636
447567565
404454353
290178372
521207080
485360361
511456313
827614703
468110403
16634932
652041361
483790491
606505335
918710662
802859465
584422566
916767030
548093736
93025534
656267511
566847694
135162602
343495308
373612271
553967104
643633791
577618413
626134064
355467221
490147833
27748984
853846899
740476481
654458604
536405878
33718071
765687594
245872298
633519909
204227186
623390449
564400172
880975458
722029129
331772002
752782010
774582564
859021999
107085168
22712885
781802377
599045239
750725233
59542403
533434594
203315869
665949573
625627530
804038895
167389025
98160304
750742122
330113031
35315415
921186770
197102889
65231031
466813370
195113859
276181662
147765231
698929632
659182108
331699121
843187483
748415947
449631127
37431150
443654521
862273545
828831339
764279608
810071647
282049047
916968984
490104015
134926570
27997668
36596074
232795608
71684021
543648328
514079896
414616020
27779400
344075069
178387868
738953353
151870496
271344042
919806342
492786602
410912653
350860219
577974006
117995448
172798531
29199279
9769907
141308861
134095000
96052281
866545654
340105155
237850754
258526682
553754046
149201295
299355148
27332951
828946694
481389412
64041561
795520934
626295914
538264849
28661711
60925698
374999013
834678266
638511941
225763619
686765916
889991404
557539806
111245600
719909280
348451194
284155896
673210904
167581774
72976455
58336119
653375496
56214508
498629611
862540316
39346826
796849043
457129178
447276821
848196193
637220531
322520494
387627686
880473147
492401763
920475781
775683413
235184741
887769328
658903920
736559861
769392307
170897865
400272490
809464667
436571205
56150704
678787168
181246926
607774210
901924592
332479474
67457377
637532787
178453
322251978
436356254
807912769
791866214
846580274
385739800
417216265
351746617
48664697
478394806
196897869
242995403
438545099
730375572
887048410
139283159
324410714
605988463
96912733
796898696
877953946
263746818
913230732
465273900
65982506
334311367
1776684
209894844
832474263
619736507
427169107
834452170
22096973
206416402
474057777
424515996
537235660
683883987
180682694
493592891
651785388
55151884
804530909
15857087
439263623
115974643
754457061
826697983
633930655
136759365
561472656
929254449
336038947
151560697
161662509
610191235
20504305
75508616
353825469
381186325
63826229
620648128
120746290
220961655
458449630
124867527
926060577
674776437
327278727
774799813
232494571
331091226
922079385
219565794
831113827
444147628
300208154
588905172
117499577
427973699
771418359
843848321
648327994
642488978
199816231
434775181
750192082
811335411
128372228
791220723
421940387
680256787
139606925
480223437
392600027
438354190
118924113
118820882
827134951
489028819
530890130
258592680
303578213
898786224
889719743
666315833
478345812
441927781
6239247
130756855
136468019
708644377
486399644
178491345
331635287
428820160
769892556
896210346
192549690
747325809
411896690
448189793
343743891
819977609
281199417
567633077
200389296
26060251
53434825
573510959
810577019
34150443
251563142
107429311
801408631
428906335
711471246
517315278
480827257
489464513
833479102
647706985
807474633
193562140
280385170
114338909
813352944
204309264
832309423
872058199
755517393
760496150
277751096
23092271
425320837
138514535
480910099
224278082
733903879
331758656
593278937
706530134
68494174
824967449
770746095
390799922
321684916
42981768
539171102
773734254
556654279
91095724
111189505
478105658
540063563
714754207
924057037
350793251
374057197
120349520
327052829
629848075
377068687
640910858
278721506
355303889
592125463
765660077
365908674
86491963
179306847
781878123
241102194
22103432
227585582
510445695
36140631
667865378
391979033
740338637
684654685
103291755
232827857
154629831
613099615
554086281
118966627
165428554
813341368
438846384
37514721
176058654
375121830
21249350
93019568
444626303
315280375
669676495
449609886
339544882
901678054
819929511
689715756
100763219
126383219
424444001
438196859
335459686
593131511
296758228
583514821
186681182
863952724
602796256
266916493
837528560
716463603
620019364
111795448
590781530
253276378
289475967
481759092
822647471
853091315
623070911
381101938
414098794
636843753
832166667
512346051
245557135
231455790
543656548
139507891
205394157
736332326
772883210
381170095
376507979
752927442
154053350
422546908
506774881
17621531
396499112
670042832
338163774
814995542
861522931
501762930
766768014
47581587
123250917
261585072
749693799
461158350
445171745
168667230
127648214
642427888
792875401
178567598
283602389
152944143
697436432
686698004
147805585
2539694
81687162
784117511
186522224
272121897
498181258
240922663
419180551
423284173
508915075
42188584
782063404
7846268
22930572
648527745
33807076
819024603
729214335
753772719
37230832
396197554
534956512
498281905
747123274
540710769
829206540
434763874
268911018
873105188
386078123
330547491
752738635
414401750
86059492
396768401
678100867
386813362
662586650
454965582
316575829
39998352
430256160
856674783
922620976
755713182
710321520
720003216
327476343
718299104
153375775
199984914
661204756
711959044
529436689
278222728
915976429
6392720
515163645
610046566
230147809
168241971
882274983
490161009
665176092
799328578
592654611
803686985
385213757
383186929
371299573
678861791
905139583
675042569
685483307
822517850
645744212
545278899
909172964
80228081
292799901
43100517
871679057
231718890
335237484
265817586
37211038
784652460
739103628
95325795
199451112
706381926
326075276
542970012
35247217
21364485
773534124
929082521
470891817
237734651
583354333
262342124
649747710
112374997
718636603
231358893
464240470
888749572
316919675
851378973
450982669
575680418
204605632
622090504
529089794
144973893
628227525
560594539
28322330
817387233
507429769
477476583
233255951
368862947
826113955
535482558
409892822
201442003
170909211
132453235
856430027
38746938
51431226
500641394
77259880
167992014
538374559
335526369
523354641
153055643
610928021
349180707
79612483
906007272
411558714
691377365
718590467
398747194
916376123
8660352
407165755
496777437
206686131
439075758
459727475
824084607
663281705
405767263
900499977
564628406
883136454
285983839
58676256
112948663
537826387
202085231
25166234
575979817
384427993
926917346
363199224
651574738
43030847
676481991
83541424
494573086
707625053
641914247
461067011
231613774
271769239
686122736
30457840
300784537
71709841
541013159
512081577
851572642
65333032
410115191
59480978
310379910
790979770
27768317
892652816
273683277
109074297
349801243
784135276
334400499
423022595
753192983
291205979
776988450
305033127
353353874
407977831
55839279
436105217
261477795
433634385
422706981
793770619
500115602
597010634
696278176
488309706
673455342
590016199
556234973
459636297
390925793
22003925
514426809
405764620
344631065
782025805
242924814
625774190
207544044
661275160
738444789
289180997
788957202
536026479
422463124
477917083
221793165
394037592
380482790
166105706
714223306
297097235
415485430
729663838
909078957
685449325
70643053
908227396
103295385
679890499
559830784
455108509
915707382
331484274
291672671
522003825
435778350
847283813
678601343
105907340
916091721
423379086
369598817
811959143
922067358
896782566
650278621
335727422
821469936
130140922
491869098
476261663
127933468
145069843
598427389
282744210
342697641
130140494
277066351
629904409
116740570
252118633
802996079
638846902
897220357
209235463
650806385
540082956
422677110
548098122
913446472
701887493
125945105
310548786
156060002
409975325
67168749
754855402
98432422
174371370
926810692
233108247
177269110
613600496
453770539
219512109
321175913
520953686
50488197
455109236
282181734
234576368
601980430
324980071
670358944
458401272
402743185
707049668
299904618
244350190
387156650
98157929
146757068
763462640
344586793
240284359
254526441
866510806
476414221
345094398
901680580
503252347
293251932
232635437
818429926
654710733
145482016
843216432
567704239
578919721
714048172
621657607
732485844
364074632
174398315
582975232
543388193
675494908
462566198
634795599
523434805
385552870
586489811
143417994
173993450
806732480
528961491
355761808
227930294
738210572
287250351
855403910
449512803
190813681
462039084
786009784
741128431
549551346
833435148
206237081
751527853
571474120
420013196
811549396
445697908
12840200
23442742
885637152
233425338
183978121
194278504
171536734
677830125
912528371
856285138
891472609
582400565
815004784
587010940
