184833428
163731611
-1
180545613
32517447
-1
-1
-1
-1
-1
-1
-1
75896725
-1
-1
-1
8857331
-1
-1
-1
-1
-1
-1
-1
-1
97844305
-1
-1
-1
24905023
-1
-1
-1
-1
-1
139157632
-1
-1
-1
-1
-1
87330271
-1
-1
74985056
-1
179921732
148474789
55389016
-1
-1
221367765
87786921
-1
-1
-1
-1
-1
-1
-1
-1
-1
-1
185496224
-1
82699708
182702229
-1
-1
-1
-1
-1
181208202
-1
-1
-1
-1
1085863
-1
-1
-1
-1
-1
-1
-1
206762820
-1
50731349
-1
182032177
-1
-1
-1
68249616
-1
-1
-1
-1
-1
-1
-1
-1
224282460
-1
60694297
144130350
-1
-1
-1
-1
-1
-1
-1
148745494
-1
-1
-1
-1
-1
142093450
-1
-1
-1
-1
-1
12279308
15861836
-1
-1
-1
196241124
5277120
-1
-1
-1
-1
-1
-1
-1
-1
-1
34899864
-1
-1
207257448
-1
6098835
-1
58147807
-1
230135739
-1
-1
93031724
193836198
242295884
-1
205813912
-1
-1
-1
-1
-1
95723686
-1
222264235
210084169
-1
7426584
-1
173874549
-1
-1
104450493
-1
-1
117068353
-1
-1
-1
-1
-1
-1
241475987
-1
58727622
68247015
-1
-1
-1
-1
55957716
5513212
194855235
-1
-1
-1
-1
-1
-1
-1
-1
16828622
-1
76887156
239963751
-1
50726130
136094701
237342192
47012596
-1
-1
-1
-1
33347558
-1
-1
29434386
85661274
-1
-1
164921131
-1
-1
-1
-1
-1
127968179
-1
-1
-1
-1
-1
-1
-1
-1
-1
-1
53918938
-1
-1
55126509
-1
77264244
-1
95699759
-1
-1
-1
-1
202903412
-1
167971589
-1
8340544
-1
-1
175684002
-1
21843276
-1
-1
-1
207112084
-1
-1
67614234
-1
-1
-1
-1
-1
-1
-1
-1
19924729
-1
-1
117139943
-1
-1
109836346
-1
-1
-1
-1
-1
-1
-1
-1
-1
-1
138608987
-1
-1
183553271
-1
-1
-1
-1
-1
-1
-1
74318905
-1
-1
-1
39467726
-1
-1
-1
-1
-1
-1
-1
-1
37123057
-1
63484442
89787838
-1
-1
39168119
-1
144611080
132703483
215786545
140530197
-1
-1
-1
-1
-1
-1
-1
-1
-1
69742151
-1
-1
-1
-1
-1
-1
-1
-1
-1
-1
170281980
-1
-1
-1
-1
56195056
178856114
-1
-1
106044870
235434938
-1
-1
-1
-1
-1
-1
-1
-1
-1
-1
24297823
-1
-1
-1
38214211
-1
115020474
-1
-1
239703982
-1
229779202
-1
-1
186325741
-1
-1
151697604
-1
-1
-1
216200892
151189750
-1
-1
-1
-1
121944139
-1
-1
-1
-1
-1
232299835
-1
-1
149525877
-1
-1
-1
-1
185099067
173521174
-1
160837492
-1
-1
50654715
5659124
-1
-1
175067179
172679565
-1
-1
-1
228898089
-1
-1
-1
-1
-1
-1
46532182
-1
-1
-1
-1
-1
-1
-1
-1
-1
-1
-1
-1
-1
129805833
-1
-1
-1
-1
-1
-1
-1
-1
-1
-1
-1
-1
-1
-1
-1
-1
-1
-1
-1
-1
103693616
-1
-1
-1
-1
-1
-1
-1
-1
-1
-1
52522242
-1
134393099
-1
-1
-1
-1
-1
-1
2426710
-1
208472061
-1
36891311
-1
-1
-1
-1
-1
19940500
-1
228127410
-1
-1
-1
-1
-1
99693845
-1
-1
221138118
-1
102804902
-1
-1
-1
168746188
-1
-1
136042060
-1
-1
-1
-1
-1
-1
-1
-1
16025186
-1
-1
-1
-1
28099251
-1
-1
-1
-1
-1
-1
-1
-1
-1
-1
-1
-1
-1
-1
-1
-1
-1
-1
-1
-1
-1
-1
-1
-1
-1
97368840
180963252
-1
25164724
-1
-1
-1
-1
171595265
-1
-1
-1
63367500
-1
-1
165896663
-1
-1
-1
-1
24675406
74129543
66519564
-1
-1
-1
-1
-1
-1
-1
132067412
-1
-1
-1
-1
50423186
207793192
112219859
23569438
-1
-1
-1
-1
160988381
-1
-1
104576714
-1
-1
-1
-1
-1
-1
54968968
-1
31762111
144917297
57801653
-1
-1
-1
-1
-1
-1
-1
207440953
-1
202750964
137513892
-1
-1
-1
-1
-1
-1
-1
-1
144594109
-1
41075112
-1
-1
-1
39018125
170098370
-1
-1
-1
-1
-1
-1
-1
-1
-1
-1
-1
-1
-1
-1
-1
-1
-1
220191312
233019171
75083998
208384356
-1
-1
-1
-1
-1
-1
238135773
-1
89450756
-1
-1
-1
91889591
-1
-1
-1
47550923
-1
-1
188840949
-1
-1
217367214
-1
149787118
-1
-1
112529810
171335219
232366596
170744553
-1
-1
-1
-1
22948127
-1
174637937
-1
118726903
-1
-1
-1
-1
158840634
-1
194102772
-1
213693497
-1
-1
10394125
156594714
99774062
-1
75707272
-1
237148505
-1
-1
-1
144042595
-1
-1
-1
84190346
88635843
-1
-1
-1
-1
-1
226475440
122529440
218182746
73692856
-1
-1
-1
-1
-1
234068828
-1
-1
-1
-1
26619089
-1
-1
-1
-1
-1
78573596
-1
-1
88472647
-1
-1
224466956
-1
-1
-1
-1
-1
193343741
-1
-1
-1
-1
-1
-1
146696673
-1
-1
209201080
14813676
-1
-1
-1
-1
-1
-1
36681875
-1
106341931
-1
-1
-1
-1
-1
-1
-1
-1
-1
-1
-1
197616376
-1
-1
164214212
-1
-1
215351073
121169997
-1
-1
-1
21682663
-1
108991521
-1
-1
-1
-1
-1
-1
-1
-1
-1
60252446
-1
-1
-1
-1
-1
-1
144426749
-1
-1
-1
163216860
125635958
-1
-1
166604640
-1
-1
242931810
-1
161594283
-1
-1
-1
214547958
-1
162365285
-1
-1
-1
-1
44385862
-1
-1
-1
-1
-1
-1
37430122
-1
-1
-1
-1
-1
-1
-1
112242464
-1
-1
-1
37658328
-1
-1
-1
-1
-1
155100856
-1
-1
-1
-1
-1
129105517
-1
-1
-1
-1
-1
-1
-1
-1
-1
-1
26892654
99795379
-1
35095456
-1
-1
-1
-1
-1
-1
-1
-1
-1
14344033
-1
-1
-1
-1
-1
-1
121251205
-1
50519509
-1
-1
-1
91591201
-1
84037309
-1
-1
148444256
-1
-1
-1
-1
-1
-1
-1
89624300
-1
-1
-1
22333257
-1
-1
-1
159737270
-1
-1
-1
-1
-1
-1
-1
-1
-1
-1
-1
-1
-1
-1
-1
-1
213890292
75941715
195331751
215621983
50603299
-1
-1
62448877
-1
-1
-1
-1
-1
38871449
-1
-1
-1
22945619
35709413
100556807
-1
57722973
-1
-1
-1
-1
-1
-1
-1
-1
-1
34560836
-1
67986906
-1
-1
-1
-1
-1
-1
-1
-1
-1
-1
-1
-1
-1
-1
-1
-1
134767747
-1
-1
-1
-1
-1
90985409
-1
-1
-1
-1
-1
8053749
-1
-1
-1
-1
-1
79603055
125322288
-1
-1
-1
-1
-1
-1
-1
-1
-1
57645481
-1
-1
-1
-1
-1
-1
-1
-1
-1
111643435
-1
-1
20688256
-1
-1
-1
-1
120323703
-1
-1
-1
-1
-1
69181529
-1
-1
-1
-1
-1
135227275
48329496
145459902
161928528
129650570
64411396
-1
-1
-1
-1
-1
123786436
-1
-1
-1
-1
-1
-1
-1
-1
-1
-1
-1
1663609
-1
-1
-1
147418486
-1
-1
-1
-1
-1
-1
-1
-1
147527385
-1
43390691
7187635
-1
-1
-1
-1
-1
-1
-1
-1
-1
-1
-1
-1
-1
-1
-1
-1
117912975
-1
149227038
118575339
125914912
106535138
-1
74271470
-1
-1
-1
-1
76047715
-1
-1
-1
-1
-1
-1
-1
-1
98959272
-1
-1
142962089
-1
-1
-1
-1
-1
-1
-1
-1
-1
-1
-1
-1
-1
-1
-1
-1
104635462
-1
-1
-1
-1
-1
-1
67937079
-1
-1
-1
-1
-1
-1
-1
-1
124692634
-1
-1
-1
-1
-1
-1
-1
62813380
-1
-1
-1
-1
-1
-1
-1
-1
-1
-1
-1
76907582
99660973
-1
-1
-1
-1
-1
-1
-1
-1
127272154
-1
-1
-1
-1
-1
-1
-1
-1
-1
-1
-1
54937332
-1
-1
-1
-1
-1
-1
-1
-1
-1
-1
-1
20259046
-1
-1
-1
-1
-1
24266462
-1
-1
-1
-1
-1
-1
8213645
-1
-1
-1
111618997
-1
-1
-1
-1
-1
-1
126323612
-1
-1
-1
-1
-1
30752613
-1
-1
-1
-1
-1
9919791
-1
-1
32332584
-1
-1
-1
-1
94991498
-1
-1
-1
-1
-1
130691490
-1
-1
-1
-1
-1
-1
-1
-1
-1
-1
97621486
-1
-1
-1
-1
-1
-1
-1
-1
-1
-1
-1
-1
68133298
-1
-1
-1
-1
-1
-1
-1
-1
-1
-1
-1
-1
-1
-1
-1
-1
-1
-1
144536330
-1
-1
94655177
-1
-1
-1
50601063
-1
-1
83582184
-1
159287423
-1
7112671
-1
47076152
-1
16299030
-1
-1
-1
-1
-1
-1
-1
85752597
-1
-1
-1
-1
-1
106690714
-1
-1
78246620
-1
-1
-1
-1
-1
-1
-1
-1
-1
-1
-1
-1
-1
42389507
-1
-1
7528213
-1
-1
98721805
-1
-1
131936214
-1
-1
-1
-1
-1
-1
100067125
-1
59968257
-1
-1
-1
-1
-1
-1
80285795
-1
-1
-1
-1
-1
-1
-1
-1
-1
-1
-1
-1
100843707
-1
-1
-1
-1
113612038
-1
-1
-1
-1
54514349
-1
-1
-1
-1
-1
-1
-1
-1
-1
-1
-1
-1
-1
-1
-1
-1
-1
-1
-1
-1
-1
-1
-1
-1
-1
-1
-1
-1
-1
-1
-1
100585324
-1
-1
-1
125188196
-1
159971663
47794508
79372462
-1
-1
-1
-1
-1
-1
-1
-1
-1
157835920
133103784
122820337
-1
-1
33760867
104701152
-1
-1
-1
-1
-1
-1
37089777
-1
-1
-1
-1
-1
102126238
-1
-1
-1
-1
-1
-1
21637136
-1
-1
-1
-1
-1
-1
71248372
-1
28295158
-1
-1
-1
-1
131263627
-1
-1
-1
25874255
-1
-1
158307226
-1
55302282
-1
-1
124679250
-1
-1
-1
-1
-1
-1
-1
-1
-1
100449112
-1
-1
-1
-1
-1
-1
62475135
-1
-1
-1
-1
-1
-1
-1
-1
-1
-1
-1
-1
-1
-1
-1
-1
124211069
134533215
-1
-1
-1
-1
-1
-1
-1
-1
-1
-1
-1
-1
-1
5709292
-1
-1
160084156
64168235
-1
-1
-1
-1
-1
-1
25820050
25542880
-1
-1
25060021
-1
-1
-1
-1
-1
-1
-1
-1
-1
116722430
-1
-1
-1
-1
-1
-1
-1
18500674
-1
-1
-1
-1
-1
118004166
-1
-1
-1
-1
16077437
20661644
-1
-1
-1
53442430
-1
-1
-1
-1
-1
-1
-1
-1
-1
132223361
2344239
-1
140855860
-1
-1
-1
-1
-1
-1
-1
-1
-1
-1
5373404
-1
-1
-1
-1
-1
-1
-1
-1
-1
-1
29551805
-1
-1
-1
16667422
-1
-1
-1
-1
-1
-1
17752542
-1
-1
-1
-1
-1
-1
-1
114360008
-1
-1
-1
-1
-1
-1
124516748
-1
135208179
129843490
-1
-1
-1
-1
-1
-1
-1
-1
-1
-1
-1
114122472
-1
-1
-1
-1
-1
6600722
-1
-1
44362253
-1
-1
82283240
-1
147683429
-1
-1
-1
-1
-1
-1
-1
-1
-1
-1
-1
-1
-1
-1
-1
-1
-1
-1
56086578
-1
-1
-1
-1
-1
-1
-1
-1
-1
-1
-1
-1
-1
81931109
96752187
-1
-1
-1
102595773
-1
-1
37039520
-1
-1
-1
70120508
-1
-1
-1
-1
-1
-1
-1
-1
-1
-1
-1
-1
-1
-1
-1
-1
-1
-1
-1
-1
-1
-1
-1
-1
85778986
3985359
23527955
-1
-1
127151046
-1
-1
-1
-1
-1
5580810
-1
-1
-1
-1
111952692
-1
-1
57678709
-1
-1
-1
-1
-1
-1
129144501
-1
4924758
-1
-1
-1
-1
-1
-1
-1
-1
-1
-1
-1
-1
-1
-1
-1
-1
-1
-1
-1
-1
-1
-1
-1
-1
144059074
-1
-1
-1
85974629
-1
-1
-1
38986383
-1
-1
-1
96267039
-1
-1
-1
-1
74088419
45359613
-1
-1
21308560
-1
-1
-1
-1
94525011
-1
125015651
-1
-1
-1
-1
-1
-1
-1
-1
-1
-1
-1
-1
-1
7000638
-1
-1
112008247
-1
-1
-1
-1
9799531
-1
-1
-1
-1
-1
70695291
-1
-1
-1
-1
-1
-1
-1
151108940
-1
113382678
-1
-1
-1
-1
67597891
-1
-1
-1
-1
-1
133907175
-1
133955564
-1
-1
50434702
-1
-1
-1
-1
-1
-1
-1
-1
-1
-1
-1
79244071
-1
-1
-1
-1
-1
-1
-1
-1
-1
-1
-1
-1
-1
-1
-1
-1
-1
-1
51683212
-1
-1
-1
-1
-1
118217252
-1
-1
-1
-1
-1
-1
-1
-1
-1
10886304
-1
-1
-1
139716733
-1
-1
-1
70381691
83939333
-1
-1
-1
-1
-1
92907243
142539634
-1
-1
-1
-1
-1
-1
-1
-1
-1
-1
-1
-1
-1
-1
-1
-1
-1
-1
-1
-1
-1
-1
-1
-1
-1
-1
-1
-1
-1
-1
-1
-1
-1
-1
-1
36408922
-1
-1
-1
-1
-1
-1
-1
-1
-1
-1
-1
-1
-1
-1
-1
-1
9690443
-1
-1
-1
-1
-1
-1
-1
-1
-1
-1
-1
-1
-1
36817862
-1
-1
-1
-1
-1
-1
-1
-1
-1
-1
-1
-1
-1
48966056
-1
-1
4238721
-1
-1
-1
-1
-1
-1
-1
-1
-1
-1
-1
-1
33881545
-1
-1
-1
-1
-1
-1
-1
-1
-1
-1
-1
-1
-1
-1
-1
-1
-1
35882491
-1
-1
-1
-1
-1
-1
-1
67186379
-1
-1
-1
-1
-1
43875052
33642408
-1
872854
-1
-1
-1
-1
-1
-1
45414076
-1
-1
21902723
-1
-1
-1
-1
-1
-1
-1
-1
-1
-1
-1
-1
-1
-1
-1
-1
-1
-1
-1
-1
-1
-1
-1
-1
-1
-1
35982383
-1
-1
-1
-1
-1
-1
-1
-1
-1
-1
-1
-1
-1
-1
-1
-1
-1
-1
-1
-1
-1
-1
-1
-1
-1
-1
-1
-1
-1
-1
-1
-1
-1
-1
-1
-1
-1
-1
-1
-1
56855286
-1
-1
-1
-1
-1
-1
-1
-1
-1
-1
-1
-1
-1
-1
43608741
-1
-1
-1
-1
57968402
-1
-1
-1
-1
-1
-1
-1
-1
-1
-1
23712879
-1
-1
61276843
-1
-1
-1
-1
-1
-1
14477832
-1
-1
-1
-1
-1
-1
-1
-1
-1
-1
-1
-1
19259916
-1
-1
-1
-1
-1
-1
-1
-1
-1
-1
-1
-1
-1
-1
-1
-1
-1
-1
-1
-1
-1
-1
-1
-1
-1
-1
-1
-1
80175024
-1
-1
-1
-1
-1
-1
-1
-1
-1
-1
-1
-1
-1
-1
17196808
-1
-1
-1
79605799
-1
-1
-1
-1
-1
-1
-1
-1
-1
-1
-1
58671971
-1
13648752
-1
-1
-1
-1
-1
20767600
-1
-1
-1
-1
-1
-1
-1
-1
-1
-1
-1
-1
-1
-1
23262471
-1
-1
-1
-1
-1
-1
-1
-1
-1
-1
-1
-1
33716829
-1
-1
-1
-1
-1
-1
-1
-1
-1
-1
-1
-1
-1
-1
-1
-1
-1
-1
-1
-1
-1
-1
66548697
-1
-1
-1
68994002
-1
-1
-1
-1
-1
-1
-1
-1
-1
-1
-1
-1
-1
-1
-1
-1
-1
-1
-1
5328949
-1
-1
-1
-1
-1
-1
-1
-1
-1
-1
-1
-1
14398631
-1
-1
-1
-1
-1
-1
-1
-1
-1
-1
-1
-1
-1
-1
-1
75690469
-1
77570823
-1
-1
-1
-1
-1
-1
-1
-1
-1
-1
-1
-1
-1
-1
-1
-1
24473284
77547901
-1
-1
-1
-1
-1
-1
-1
-1
-1
65966616
-1
-1
-1
-1
-1
-1
-1
-1
-1
-1
-1
-1
-1
-1
-1
-1
-1
-1
-1
-1
-1
-1
51485063
-1
-1
-1
-1
58850025
-1
-1
-1
-1
-1
-1
-1
44550333
-1
-1
-1
40716644
-1
-1
17073005
7398390
-1
-1
-1
-1
-1
-1
-1
-1
-1
-1
-1
-1
-1
-1
-1
-1
-1
-1
-1
-1
-1
-1
-1
-1
-1
-1
-1
-1
-1
-1
-1
-1
-1
-1
26499413
-1
-1
-1
-1
-1
-1
-1
-1
-1
-1
-1
-1
-1
-1
-1
-1
-1
-1
-1
-1
-1
-1
-1
-1
-1
-1
-1
-1
-1
-1
-1
-1
-1
64784443
-1
-1
-1
-1
-1
-1
-1
-1
-1
-1
-1
-1
-1
73711764
-1
-1
-1
-1
-1
79534819
-1
-1
-1
-1
-1
-1
-1
-1
-1
-1
-1
-1
-1
-1
-1
-1
-1
-1
-1
-1
-1
-1
-1
-1
-1
-1
-1
-1
-1
-1
-1
-1
-1
-1
-1
-1
-1
-1
-1
-1
-1
-1
-1
-1
-1
-1
-1
-1
-1
-1
-1
-1
14685777
-1
-1
-1
-1
-1
-1
-1
-1
-1
-1
-1
-1
-1
-1
-1
-1
-1
-1
-1
-1
-1
-1
-1
25914630
-1
-1
-1
-1
-1
-1
-1
-1
-1
-1
11132875
-1
-1
19426866
-1
-1
-1
-1
-1
66788994
-1
-1
33334363
-1
-1
-1
-1
29681678
-1
-1
-1
-1
-1
-1
-1
65679865
-1
-1
-1
-1
-1
-1
-1
-1
16090229
-1
-1
-1
71475032
-1
-1
-1
-1
-1
-1
-1
-1
-1
-1
-1
-1
-1
53265054
-1
-1
-1
-1
-1
26870122
-1
-1
-1
-1
-1
-1
-1
-1
-1
-1
-1
-1
-1
-1
-1
-1
-1
-1
-1
-1
-1
-1
-1
-1
-1
-1
-1
-1
-1
-1
-1
-1
-1
-1
-1
-1
-1
-1
-1
-1
-1
-1
-1
-1
-1
-1
-1
-1
9316377
-1
-1
-1
-1
-1
-1
-1
-1
-1
-1
-1
-1
-1
-1
-1
-1
-1
-1
-1
61248122
-1
-1
3430314
-1
-1
-1
-1
-1
-1
-1
-1
-1
-1
-1
-1
-1
-1
-1
-1
-1
-1
-1
-1
-1
-1
-1
-1
-1
-1
-1
-1
-1
-1
-1
-1
-1
-1
-1
-1
-1
-1
-1
44803118
-1
-1
-1
-1
-1
-1
-1
-1
-1
-1
-1
-1
-1
-1
-1
-1
-1
-1
-1
-1
-1
-1
-1
-1
-1
-1
-1
16769655
-1
-1
-1
-1
-1
-1
-1
-1
73356149
-1
-1
-1
-1
-1
-1
-1
-1
-1
-1
-1
-1
-1
31102945
-1
-1
-1
-1
-1
-1
-1
-1
-1
-1
-1
-1
-1
21353323
-1
-1
-1
-1
-1
20418393
-1
-1
-1
-1
-1
-1
-1
-1
-1
-1
-1
-1
-1
74947982
-1
-1
-1
-1
-1
5763167
-1
49822586
-1
-1
-1
-1
-1
-1
-1
-1
-1
-1
-1
-1
-1
-1
11086005
-1
-1
-1
-1
-1
-1
-1
-1
-1
-1
-1
-1
-1
-1
-1
-1
-1
-1
-1
-1
12486850
-1
-1
-1
-1
-1
-1
-1
-1
-1
-1
-1
-1
-1
-1
-1
-1
-1
-1
-1
-1
-1
-1
-1
-1
-1
-1
-1
-1
-1
648529707
148330225
763858686
968054521
274791499
108196080
42630578
589441557
147772989
276977486
511483358
311005960
487336872
487150579
168558741
481006656
922123570
561454233
604215480
196132978
912388663
11120583
802552279
243540207
514864470
266010180
351237355
853699544
465948759
285392765
341687358
568719198
543085203
240584543
200078126
629032297
401046755
478294568
960586360
3016531
648129333
312851411
561896244
135672955
23907473
578774249
53883435
927015376
9661112
581579606
625183432
927164458
783634243
413956563
438010539
337101007
37496208
352304586
249811612
600497314
682503583
217737723
129986295
618961722
168778203
300563324
483816967
101328852
919895560
400039698
121738579
516906629
685501394
659651875
831699467
653202242
552519182
468221328
15811548
759455903
227362110
275773064
592429426
545605006
501542063
480635743
937208813
283971124
245360425
583333174
108005111
770715518
175788815
325431099
915066262
758790579
550721931
200965110
264728613
949456826
14917388
371093945
46638085
670780356
413427315
965749175
606470001
366910833
613183050
541322433
592479511
554317694
626093128
516481376
481249819
7152385
965439252
300272075
638219095
224818597
465222745
901474076
715903153
793986378
585884262
764132925
814044225
779142872
930702413
628129912
839327248
893490503
715233851
231579533
608365291
939322654
211125103
837107562
749767470
280907035
248501027
774305111
648342572
191368499
301545026
563940618
413091797
899839341
747666649
540873442
542802236
122594303
723348983
584111754
865091560
206845823
496715231
191067334
575920308
631803701
556302485
149455184
675891272
558093372
967049770
397134925
486709939
200895905
677629993
65267985
307936287
541462804
296950389
138538666
323720548
676587088
351176499
179744198
123008482
793035441
933178223
899656578
231054578
422573049
430882780
894676403
378412570
179533784
818539893
940423481
793467158
191068116
205371101
48536456
27379478
785548405
662197084
739579675
537517451
745378519
548282507
592632614
614302938
39825383
302701825
610961576
278748014
939885732
349947142
266283528
446603250
962222386
180619291
607995714
443125460
274912327
210214319
530532889
410019265
183607296
701300024
765564763
669281894
288357394
302648075
563708006
641431384
37805701
336383801
843463443
818220529
32635996
712625625
396898128
551463410
931756337
282673712
196928756
787549806
841736865
110740319
829289655
96227686
614017073
968291763
169439153
307219938
131600745
771248333
748673606
930246515
159975936
679558197
201883737
456472157
417728648
111247738
235725509
507413476
459299926
277471185
899634103
880403801
669441929
490329624
342641742
209702586
466134861
725889674
655106990
132260461
184109965
465258117
41480578
358929177
581805176
858655257
405461383
673569131
894966634
244872453
674505540
383290598
256243948
425576579
754429772
679492937
228193370
389481382
561654669
373840388
199895647
43173635
393689514
190595944
362721893
602829946
40963675
926088207
723287792
-1
890358620
719299909
372888402
427960138
839346279
585916748
158164671
852065797
420361499
179000111
24309652
875279581
416090951
134004533
586316470
494697514
445069183
844075171
884498870
545981467
616238592
892678501
34990593
888009104
423071763
584051181
629308017
264099048
283291096
184894971
496337922
98138836
858358436
642941231
514271669
10891963
127055570
245499093
-1
604839949
278176611
27166427
291632019
845662211
197309551
151499433
772630222
162865228
621616099
627949456
304237755
335930652
31491324
38861425
245354804
448300528
575862180
814294460
515103288
614570315
754307740
664680444
135865501
846760070
436154447
396201021
274080578
806185680
234517746
47135589
704756986
909501969
90144525
459221321
96763717
406947409
410408308
898288410
176947367
401799669
483537438
321986559
472757094
894206041
521341500
798866134
677942990
412693378
155126929
664476687
81622033
832513635
68167824
114442918
950937068
928429256
323928939
332217429
569749147
723360083
820305336
352417479
802735815
897542914
271251249
634497986
123863705
913906904
73114979
42473732
505570058
791837135
548393756
59658058
749663235
15558271
890034240
966065643
684870157
341603466
865388792
118636015
851018022
34627888
408842968
260703293
667478752
234892571
680949272
432495465
586465639
201644938
837322956
159498902
104465124
329209079
259565440
530079591
815063066
73386265
567779530
140946159
907479701
869027906
642110451
783186593
395657753
540435104
733138647
595357794
145173633
628341404
765554364
828853415
106295645
601219263
722618639
661036034
744146005
232478446
65111343
962113682
735031606
417401415
621433365
606432768
765149981
958610711
355920690
745005809
251366067
699922053
689514500
738534486
806536821
671060434
395566063
155730904
891001538
496580063
946977822
817371188
31330224
862496647
697059330
523593725
633027120
606544231
820541505
29184372
125301563
648516586
362998380
572458186
145603636
781887305
482505980
694235162
881901152
950928346
868547568
928046408
104666655
262459890
852245998
466328773
703811103
463853111
259671350
18674010
154813701
504480170
199103948
232767086
338098873
894898446
868305138
649667606
139294549
552604099
120350305
33597037
521668908
449616839
525416085
925697599
664725619
355788084
73532984
327824825
797353756
784682260
312593581
140737839
618958608
467908622
547073933
51796962
402644955
500015158
86398378
-1
454324961
900061995
723593083
916414337
939247987
280435110
824903936
477115762
622324692
111610048
293529624
724505892
445493411
306094484
305811563
205931739
568166859
150974971
420368933
459474460
789036377
531550284
468405878
320500284
653139541
641529309
284447186
318314186
109645958
569613031
792265140
342591770
250019
210526565
47997866
857416831
41725572
372824857
7268797
790133354
806069585
105979879
717310250
363245393
65031813
457824913
610637040
625147830
636405125
629171878
88416843
943492739
101626699
392613202
163928931
107382784
435242332
146188184
613415600
201082778
521893591
160295377
583544117
870428788
308139828
357696301
674710783
614620905
261051281
546026610
441936052
357574670
538642691
320936597
98165251
542625358
411388913
182996913
824641089
653867675
27372601
88077770
238880745
265016111
540279243
468873142
479552551
323274588
729961685
475818404
60649491
753445093
152981092
699141265
73384587
538596284
87197045
501110532
248295029
123751079
742987269
214096522
178277332
720136298
448553226
820411028
707237106
453475256
362028954
748727311
300576293
951562229
518229827
632375229
248295467
13941772
855675093
588745211
217756561
153492707
223476381
353878212
384037723
951519191
857224146
488815154
957792742
940456128
560012160
244348126
456827177
149649406
325410815
898478569
956523734
449844865
130882293
885750122
936751657
825318988
862756168
947145992
485578118
117436076
137020995
185809291
537799561
606013471
384367726
847053059
756490749
424231533
382977423
541018173
61352092
731946178
28284595
502270958
882458912
5137258
4543128
430153042
218298235
493885325
908241981
311032460
253584397
333351539
651095305
940841469
457683590
209703847
897744661
113615602
707698941
280311489
153625703
7189890
515320631
695547003
476548140
199433961
931900155
776965108
369746696
729491778
731086433
442037440
302461774
417184421
492286491
750097544
561505273
227248432
550349790
718372414
488895411
886233551
360496634
800704795
608832554
326021492
256118119
478619470
644909748
403773117
94650758
868606285
1289732
459819806
546950724
191041389
504027276
290472664
563359336
770960088
767920308
771082221
7393795
219976651
712073460
669343546
316758162
18385361
172387854
708120984
306979822
272985472
832241465
715690327
284260620
494379521
290380059
521132708
241771801
959269273
954138278
647465073
359459184
939635450
264251087
593548129
62346167
55844969
827286417
663935923
730927175
50744030
81305156
33855657
480689193
168352355
440031280
104307990
410970888
139956998
265120289
244190222
860915595
108370847
245073488
773951615
630654303
959355569
281631212
756208565
869236994
367579374
33446157
390343620
496206245
657272866
133314188
237310068
121195007
402537270
129954396
563770920
894437962
379741488
315781455
416069453
555288161
404877019
106051545
409834750
834371861
293157598
471336333
316664933
365695794
757967344
438609808
781008369
349711013
41948563
617822737
407449658
347211463
82597879
249217825
807999782
151029914
190823750
100695184
469990210
667579216
578642458
750267478
31822082
837858061
818702749
57065587
418961440
610179063
72775736
427310009
150195662
934817199
886530364
406880324
750581146
863080372
618673664
709335366
140896487
555638551
167387659
716933911
261324532
621661498
151290505
748551423
327653747
536779846
325638069
219241318
385434895
383381476
613905452
482045283
386911243
457888850
531902196
896744564
297507012
492413141
181122277
667808254
590192961
508427174
436550870
182606077
50464875
40457471
160853763
851451778
645185445
695590690
234433632
603976785
21517651
623990451
359745309
852777101
640990836
804608059
533152170
877596979
351194884
148006497
589536372
375949358
363012234
557841714
798449426
749671780
524868143
558235948
404128422
235159719
950344416
340658496
408306618
535461446
91041486
205087342
598101199
402167740
210858570
91345099
862936311
313335398
779121930
483717821
885214340
36001333
919187994
180075648
71540733
457170695
869016852
458786372
38998510
808592222
632706499
761022137
247357854
465904418
239110105
474292833
198429961
937780618
255957700
942853936
37125300
20525384
434127538
515250300
800139759
440578809
305936588
108158676
446777384
664749030
462889301
699052857
741136592
827538072
24159735
183274699
83082767
959715555
125891146
786668685
145830761
631506577
68502501
582743239
390170394
260120792
530047769
464833092
523315025
136972171
371928744
502679784
658125340
546363983
689320940
791675782
244802999
563796452
42016960
55393768
526916077
260030905
