75
65
71
60
59
72
68
62
66
65
58
63
67
71
65
64
58
68
64
63
62
76
63
77
63
73
72
60
66
71
67
69
63
78
71
61
67
67
65
73
68
72
72
71
70
71
67
69
61
74
74
74
56
68
70
68
75
65
71
69
70
63
66
70
68
64
64
68
69
64
66
79
61
72
67
70
70
72
80
64
70
65
79
67
80
64
68
63
64
67
72
61
75
66
66
57
68
75
83
73
79
78
76
64
65
66
77
63
63
79
66
68
72
70
70
62
69
70
71
78
67
71
72
70
70
68
69
72
62
69
71
77
66
62
61
63
63
65
81
62
73
61
66
67
67
66
56
63
67
71
63
59
71
60
65
60
68
64
68
60
63
63
65
65
68
63
68
66
73
69
67
68
74
57
72
70
77
63
76
75
60
62
64
73
74
65
70
60
67
65
70
66
70
76
56
68
65
77
62
66
61
70
72
63
67
69
58
60
60
74
73
67
80
63
65
67
60
64
71
59
68
66
72
66
77
63
56
74
74
71
61
70
61
76
65
56
67
74
71
69
67
69
70
66
66
61
66
69
72
73
61
65
72
71
69
71
64
73
63
66
71
72
65
72
61
64
72
74
69
63
64
63
65
67
68
67
66
76
74
71
58
73
51
71
66
68
68
60
62
68
77
72
66
66
67
76
79
70
63
59
67
55
60
68
61
70
71
67
74
68
60
67
67
67
63
71
63
56
68
73
70
62
70
69
71
63
75
72
61
57
65
75
61
78
62
69
70
64
72
60
59
64
62
66
79
64
63
64
67
69
54
76
63
70
61
66
67
69
71
64
72
73
65
68
66
62
68
64
65
66
63
73
67
77
63
60
69
58
67
67
69
62
56
61
63
59
66
64
63
70
73
61
65
67
68
69
62
72
63
73
71
67
60
71
67
69
71
81
79
61
82
80
79
62
76
69
59
67
77
63
66
68
73
70
71
67
63
69
65
76
70
54
70
68
69
66
70
72
70
70
62
62
73
68
68
61
73
66
80
68
82
70
65
66
67
61
74
67
65
78
64
68
72
71
64
69
66
65
62
68
67
71
67
60
65
66
66
71
71
78
70
69
61
75
70
73
59
71
64
73
60
66
63
70
69
71
76
71
74
71
66
66
58
61
69
67
61
67
74
70
61
61
65
64
57
58
64
66
72
68
75
74
63
72
67
72
67
72
59
60
75
63
64
67
58
57
67
66
58
59
60
80
69
68
72
66
67
65
68
67
60
69
66
65
68
60
67
62
61
78
74
66
70
68
66
63
76
64
70
64
65
63
66
69
75
75
70
74
67
73
74
73
76
77
68
71
78
73
67
67
66
73
60
59
72
70
59
70
76
59
64
71
69
71
63
63
69
66
67
67
70
60
56
77
66
61
64
68
74
76
59
52
62
68
67
66
66
63
73
75
66
66
74
72
69
63
71
64
61
70
72
64
62
66
68
63
68
64
72
63
63
72
64
71
61
69
68
70
66
69
74
66
75
60
65
70
65
57
75
70
71
66
76
67
61
74
66
68
70
69
67
60
72
63
78
71
64
65
68
67
68
67
68
63
70
76
67
64
72
71
74
59
70
64
69
58
64
59
70
60
63
67
61
66
67
74
71
68
71
73
69
70
66
67
70
66
67
76
62
61
71
63
72
60
61
82
76
75
73
67
68
68
60
65
68
66
70
62
63
65
70
79
69
76
73
76
70
64
69
79
76
70
69
69
70
64
71
63
66
65
70
71
68
64
61
64
61
64
72
64
64
66
73
65
67
70
74
76
61
70
68
77
73
70
69
77
67
57
68
70
64
60
69
80
67
76
70
61
63
72
72
58
60
71
71
67
59
66
58
75
58
66
71
75
82
66
63
55
66
65
66
64
72
69
73
58
82
61
74
74
71
76
70
73
68
66
67
61
76
65
69
67
69
73
64
71
64
68
68
69
67
66
59
56
58
70
81
64
59
73
72
81
63
60
74
78
66
66
61
75
63
65
67
70
68
68
71
70
71
75
65
63
68
66
67
61
65
66
75
73
62
73
62
66
67
61
60
56
59
69
61
65
68
62
73
63
62
68
69
77
61
56
70
69
70
71
68
73
64
68
64
60
64
59
70
65
64
76
68
64
66
71
65
69
69
59
59
73
72
65
73
71
76
77
60
62
68
67
72
68
69
59
70
65
55
66
72
71
77
74
66
63
61
71
66
69
69
65
65
71
72
76
58
67
73
70
68
67
71
63
66
61
71
64
70
74
74
57
67
66
74
80
63
62
57
68
69
61
65
67
71
63
63
63
69
70
66
62
60
73
66
63
73
73
75
68
77
59
73
71
65
72
65
73
66
76
63
70
64
71
68
70
72
65
66
59
72
73
67
60
66
67
60
79
65
74
64
63
64
70
61
61
70
70
73
70
63
60
69
70
65
72
70
69
63
67
63
68
63
61
68
70
66
73
66
78
71
70
64
79
70
69
69
66
61
65
70
62
69
71
69
70
66
61
59
64
69
74
57
68
70
58
67
64
67
67
70
58
72
75
64
71
76
70
67
73
76
69
59
66
60
64
60
68
71
71
62
66
63
74
66
64
72
70
66
67
67
68
64
66
71
73
65
67
72
68
67
61
66
65
73
68
62
63
71
72
72
66
58
71
56
66
60
57
69
65
64
69
74
61
64
77
74
66
72
75
69
59
72
59
66
72
66
71
71
65
67
69
67
60
80
64
62
65
63
55
66
70
68
70
71
64
73
66
63
77
57
64
69
62
63
65
65
72
74
71
72
67
71
65
78
72
67
70
72
72
68
70
66
65
65
79
73
78
65
68
66
55
70
76
62
72
64
65
60
58
66
73
75
58
72
66
65
70
57
64
69
66
66
65
72
64
67
68
63
61
73
62
75
66
72
67
78
60
62
66
58
68
71
68
61
69
65
71
64
68
66
69
68
64
73
67
63
69
72
74
62
74
62
66
72
73
72
64
67
66
61
67
65
75
70
58
68
60
67
73
64
56
69
70
69
70
66
65
72
69
75
65
73
64
66
66
63
71
73
61
70
66
66
71
69
63
66
63
70
75
71
60
70
72
74
67
68
64
71
67
64
65
67
63
65
74
64
64
73
67
73
71
66
72
71
74
61
63
55
69
66
76
61
64
67
69
74
73
59
68
62
68
71
65
70
64
76
71
62
68
69
59
68
69
68
64
66
70
74
69
74
74
72
71
61
82
69
60
70
63
69
66
66
60
77
60
69
69
72
66
61
74
61
66
71
72
61
63
59
70
74
69
62
69
63
73
55
70
76
62
69
73
65
66
76
68
69
67
65
70
65
65
69
79
66
67
78
69
72
67
65
64
74
65
68
81
68
66
69
74
66
64
70
64
64
61
63
65
70
67
75
73
67
73
65
74
65
63
66
69
62
64
69
68
63
75
65
67
75
60
63
72
67
67
61
66
60
64
60
67
65
73
65
73
67
64
82
62
67
70
65
61
72
71
73
70
74
64
60
72
72
69
73
74
67
70
69
65
67
69
55
66
65
64
71
61
79
65
73
68
73
66
64
69
63
74
70
64
63
71
74
66
69
61
67
75
67
74
71
77
57
62
74
64
59
78
70
69
57
53
73
74
67
64
67
73
63
69
67
75
64
62
58
63
69
75
60
72
63
61
71
65
67
70
60
76
61
67
69
70
63
61
73
66
63
59
72
71
71
65
60
69
68
72
63
62
63
71
75
70
71
71
74
63
62
65
68
69
74
64
77
68
62
69
64
71
55
66
68
66
62
76
65
63
60
62
67
67
70
56
64
70
73
80
78
69
70
70
72
72
70
70
69
68
59
59
65
63
60
61
64
70
77
70
70
73
74
83
68
67
64
72
78
69
73
66
71
70
67
69
61
63
72
60
63
65
62
72
63
70
66
79
70
65
71
66
61
68
63
74
68
68
56
67
75
68
69
59
70
76
68
68
65
60
62
60
69
60
71
57
65
72
72
66
61
75
65
68
65
68
66
75
77
71
65
59
65
62
66
62
63
77
72
63
71
68
65
69
64
69
63
69
58
56
74
71
64
64
71
73
62
70
77
67
72
67
67
70
70
63
66
68
62
74
74
71
69
66
66
69
62
73
65
68
64
67
62
68
73
75
70
64
71
65
67
65
66
61
68
61
68
63
60
67
71
62
65
60
63
62
66
69
69
75
53
68
68
70
66
70
64
57
69
68
81
53
62
59
66
68
74
69
59
71
73
67
67
74
66
68
72
67
59
72
52
71
65
68
63
63
66
69
59
76
67
66
72
74
56
65
69
68
59
77
76
69
68
70
59
83
75
66
64
59
64
73
74
68
75
61
61
73
65
64
66
70
72
70
74
68
73
73
70
78
67
66
58
68
77
67
68
65
62
71
74
69
64
67
69
62
75
67
63
76
67
71
75
79
66
59
69
78
66
78
67
65
58
67
62
67
78
58
63
62
67
75
72
74
71
75
68
72
58
69
56
69
66
65
65
77
77
65
59
62
64
69
70
62
73
66
62
73
62
72
60
64
65
68
69
64
68
72
65
63
67
69
55
67
68
61
53
68
78
58
77
65
69
72
70
63
72
60
61
67
64
68
66
72
70
67
63
71
72
68
62
69
67
63
62
76
67
61
69
61
67
75
70
59
68
63
69
68
61
68
56
61
53
66
57
60
77
79
70
76
66
68
70
68
64
66
65
69
67
64
65
62
64
70
64
72
58
64
73
61
60
74
62
65
64
69
69
62
76
73
70
70
70
62
69
63
67
64
63
71
57
62
76
69
64
67
67
71
69
60
70
68
51
68
62
66
61
76
70
65
71
63
65
74
60
70
69
70
71
72
75
71
78
75
74
73
71
74
78
65
66
72
68
73
64
61
76
58
56
59
67
73
67
64
70
66
59
65
64
67
73
62
69
66
84
58
68
75
69
78
77
69
69
75
65
69
68
69
64
69
72
66
61
65
73
68
68
73
68
64
68
69
60
74
72
78
71
68
69
60
72
70
72
74
70
70
54
71
63
73
64
62
60
62
64
73
78
72
62
68
72
61
67
74
73
72
68
77
68
73
75
71
69
68
78
73
72
63
61
67
60
71
69
65
67
58
67
62
71
61
56
71
61
60
64
72
70
73
54
61
68
70
66
76
61
66
70
69
68
60
59
63
62
66
69
61
77
66
62
71
67
63
64
75
58
67
72
76
66
63
56
64
61
72
64
67
69
65
60
68
71
73
67
71
71
70
66
72
64
64
65
63
71
64
68
63
69
61
73
64
79
73
59
61
53
65
69
62
70
68
69
77
65
76
66
59
69
72
71
67
63
71
78
76
67
66
72
69
82
74
64
67
66
63
64
65
61
61
55
72
61
79
66
63
65
73
73
73
66
72
65
58
62
62
67
70
81
67
69
72
75
57
73
62
72
66
75
64
64
73
60
66
68
69
70
71
71
78
62
79
65
62
70
67
60
62
69
71
61
68
64
67
63
64
74
69
64
61
71
68
65
74
74
72
65
62
64
68
69
65
70
75
66
74
60
57
66
58
76
65
60
64
59
59
69
69
64
68
63
67
72
77
69
66
70
67
68
81
66
66
67
64
71
73
78
59
62
67
67
63
61
73
66
75
72
62
69
65
73
73
67
65
65
75
76
66
68
62
72
63
55
73
63
65
64
68
72
62
63
58
60
70
72
66
72
65
75
64
70
61
65
66
72
64
66
69
67
74
70
60
69
78
68
68
62
66
63
66
66
76
69
67
72
66
66
60
69
67
70
57
72
59
68
68
60
67
65
65
60
65
69
67
74
75
64
58
55
60
66
64
58
66
63
72
73
63
75
53
72
69
63
68
68
69
70
70
61
61
68
67
74
68
69
73
68
67
62
61
69
62
69
57
67
62
60
64
69
63
68
65
64
61
64
71
68
63
66
65
74
68
66
67
77
67
75
67
77
65
64
74
57
68
71
73
68
66
72
64
66
68
78
83
57
73
66
78
70
67
70
79
66
63
69
65
64
71
62
64
64
74
64
65
77
75
75
65
64
71
64
68
75
80
72
64
68
65
70
66
78
76
66
74
71
57
61
69
69
71
66
71
69
68
60
74
67
74
71
67
66
58
73
69
76
68
66
67
72
67
71
72
66
74
61
60
69
65
65
71
70
77
60
74
77
70
80
71
71
67
76
64
67
70
75
71
62
80
62
75
72
64
60
64
69
78
70
56
71
72
67
66
65
63
70
73
66
64
71
76
69
72
65
68
65
69
61
67
64
70
69
63
61
65
67
66
64
65
70
71
64
68
64
65
74
68
65
54
74
60
62
70
66
63
67
59
70
64
79
76
77
66
67
62
65
64
73
72
78
71
63
70
64
59
80
65
70
67
69
76
65
63
72
67
65
78
68
68
63
65
64
60
58
69
71
64
54
66
68
76
75
62
62
76
67
73
70
70
66
70
61
73
76
57
70
66
60
67
59
68
83
76
58
66
73
72
78
67
64
63
66
72
76
73
67
60
73
73
70
69
72
63
65
56
62
71
68
70
62
70
71
61
59
68
70
71
60
66
70
66
66
63
73
61
68
61
70
69
68
71
71
70
76
72
80
72
63
74
68
71
59
69
72
70
68
66
73
79
66
74
61
75
70
69
72
58
62
68
71
68
57
68
69
60
65
70
68
71
69
59
62
68
66
65
62
63
63
70
69
58
67
72
71
64
68
57
73
76
60
69
66
63
68
66
67
65
66
58
57
60
69
65
77
78
55
75
66
70
69
60
69
74
63
76
58
68
70
76
73
77
70
61
70
69
62
72
68
68
69
57
71
62
64
68
68
65
79
62
65
72
71
72
74
68
73
67
67
57
71
73
69
63
72
70
79
65
65
64
66
77
76
69
66
70
69
71
74
67
61
67
80
64
60
69
60
69
74
73
72
76
69
61
67
55
61
73
67
77
60
64
58
66
63
60
66
62
57
82
67
61
62
71
47
64
63
64
73
72
56
65
77
69
57
66
62
69
75
76
70
69
71
61
65
69
67
62
71
77
67
70
64
62
69
59
70
69
59
72
70
74
64
71
79
70
70
54
70
67
59
69
67
71
64
75
65
80
74
70
67
71
65
72
67
72
58
60
76
74
59
69
75
64
79
68
70
64
77
68
70
70
62
57
66
79
71
70
62
68
61
61
66
62
78
65
77
68
69
70
66
64
68
61
59
65
61
71
61
66
79
65
70
64
68
72
71
78
68
62
67
60
63
64
63
63
55
67
65
78
64
64
67
72
71
58
69
60
66
67
72
74
64
65
73
66
64
64
65
71
64
60
63
68
68
72
69
68
72
72
55
72
63
66
58
72
67
69
81
60
70
57
67
58
71
67
69
61
73
66
71
65
71
69
71
72
65
74
79
71
68
72
64
72
66
68
68
69
61
60
71
68
64
70
72
67
67
65
64
70
65
62
66
61
63
71
71
67
69
59
70
61
69
73
69
73
65
65
62
68
73
82
70
75
66
74
62
66
59
58
74
64
69
71
64
69
68
70
58
73
69
76
64
64
68
77
71
59
72
65
64
66
60
64
82
71
67
73
68
63
64
74
66
63
70
58
71
59
66
65
67
66
74
67
67
67
54
68
70
82
70
77
66
76
67
76
79
76
78
68
65
62
67
72
66
63
63
68
76
69
59
65
53
70
73
67
62
66
68
72
70
56
71
65
68
71
65
63
65
68
63
72
65
73
65
68
69
60
72
75
64
63
65
63
68
65
67
64
59
71
74
70
78
60
71
74
71
74
63
65
67
65
68
60
60
69
67
67
59
70
69
63
59
69
62
70
70
68
67
60
78
58
61
71
68
73
65
69
69
61
66
64
66
71
61
68
71
74
60
68
80
64
82
68
67
54
73
64
61
67
59
65
68
55
72
66
71
62
60
76
63
70
64
64
72
73
80
68
72
69
65
67
62
63
69
61
74
69
66
70
64
56
67
65
59
60
75
68
62
72
78
59
62
68
71
67
66
67
65
68
59
71
74
64
68
68
81
71
67
66
67
82
72
63
79
87
67
70
71
61
66
62
65
71
72
78
60
68
67
64
76
63
62
64
70
56
67
75
61
63
67
67
62
61
58
71
60
63
65
69
71
61
77
69
65
66
61
65
66
73
69
69
63
70
63
67
69
65
66
75
69
65
72
60
64
78
70
65
66
68
84
65
70
67
65
67
69
64
61
65
65
68
71
72
74
73
69
74
72
67
75
67
60
60
68
68
66
61
64
77
61
72
81
67
68
64
79
69
68
65
66
73
63
67
64
56
70
60
56
65
67
65
63
59
58
68
80
65
59
65
81
68
82
73
66
72
69
69
71
64
65
75
73
66
65
56
63
59
61
67
63
69
73
67
63
64
73
69
73
79
67
68
73
67
67
58
62
76
71
69
68
74
64
76
62
67
76
67
72
75
72
70
67
66
64
56
71
61
65
58
63
74
72
74
75
75
71
64
65
68
76
60
75
70
87
79
67
70
66
68
61
66
65
66
59
73
69
67
68
73
69
67
77
66
78
65
77
71
64
62
57
69
68
65
67
67
61
63
63
65
78
72
70
61
68
58
78
73
71
73
64
67
55
63
61
71
70
69
72
75
68
69
70
68
71
68
67
73
65
71
57
67
77
72
59
64
71
68
73
69
74
68
79
67
66
63
80
63
77
60
62
71
62
71
66
68
70
70
73
72
63
70
64
72
79
73
57
59
60
69
65
65
63
79
69
73
67
73
62
62
76
77
72
66
65
73
73
71
75
65
60
69
60
61
70
72
68
73
67
77
60
83
68
73
65
75
77
63
82
66
68
71
58
73
62
74
65
75
63
66
67
60
65
74
63
76
67
71
73
66
63
72
67
67
65
68
78
68
70
76
66
72
69
70
63
69
67
73
70
64
72
61
56
62
67
68
66
69
67
65
67
64
66
79
72
64
74
68
61
62
72
69
72
72
76
67
71
64
66
58
67
62
66
59
70
74
75
75
80
68
65
71
55
60
65
63
71
73
74
67
59
75
70
67
56
74
71
60
70
69
70
62
62
68
70
69
70
65
79
76
58
69
62
71
65
69
62
63
78
67
68
71
64
66
69
67
61
66
72
67
69
65
66
69
72
62
67
70
76
62
69
65
70
66
61
77
74
60
68
65
62
70
70
75
63
76
76
69
71
67
59
70
70
64
60
63
63
59
66
68
62
74
64
66
65
68
69
72
70
70
77
62
67
58
79
72
68
73
69
73
75
73
69
71
61
64
73
68
76
67
65
71
55
62
64
70
60
69
72
69
75
67
61
69
67
71
66
63
69
73
62
62
68
74
70
68
78
63
68
66
70
66
71
64
70
62
70
76
65
79
67
59
76
69
76
65
64
63
74
77
69
64
75
65
64
69
80
71
78
71
67
61
68
67
63
62
63
74
63
66
74
69
63
75
72
65
61
73
73
64
75
66
65
71
59
68
73
59
68
75
72
66
70
69
68
77
78
71
67
64
66
60
69
65
73
61
64
60
69
64
69
72
61
74
67
70
67
70
58
75
73
64
68
68
69
60
67
71
71
72
69
72
60
63
75
63
74
65
64
77
83
61
76
77
67
59
76
60
71
64
69
73
69
74
70
63
56
72
69
58
77
71
62
70
73
79
61
68
65
74
73
71
64
61
74
69
72
65
68
62
64
79
72
63
71
61
73
65
77
74
56
71
70
77
68
80
76
80
62
73
63
67
59
70
73
68
75
79
65
69
70
60
74
74
70
71
63
66
64
73
61
65
72
66
64
61
70
65
70
63
70
69
61
70
66
76
70
67
70
64
66
58
78
64
70
67
65
57
74
65
65
66
72
68
69
72
66
61
67
68
64
70
69
67
65
70
69
69
67
61
57
63
65
66
68
69
64
77
71
69
69
67
73
67
69
62
62
68
67
79
75
68
64
65
66
69
66
72
69
63
72
67
60
66
68
64
68
72
63
71
69
68
68
64
67
69
77
69
64
64
72
61
62
69
77
72
67
67
71
67
60
71
69
67
70
63
67
69
68
60
80
81
61
64
72
76
63
75
64
72
66
66
67
66
66
76
71
72
70
75
65
65
71
63
67
76
58
75
66
74
59
67
74
74
67
70
56
63
76
65
75
61
71
68
74
59
67
72
60
70
62
71
63
69
63
73
54
68
67
63
73
68
69
79
62
61
59
66
62
67
72
63
84
63
62
75
64
68
70
71
63
72
67
64
77
63
62
61
60
72
61
72
65
60
60
67
72
66
69
62
66
62
70
67
63
65
76
66
73
74
74
60
60
64
50
62
63
67
67
79
62
77
72
73
73
72
59
62
75
63
76
77
75
69
67
74
74
69
71
68
79
71
72
66
66
65
63
63
64
73
69
66
69
65
69
51
61
61
73
57
75
65
67
65
58
70
70
66
61
67
65
64
75
57
79
64
62
66
73
64
69
71
67
70
71
65
67
62
61
73
70
72
82
75
62
71
79
63
66
66
67
66
79
68
61
75
57
71
72
56
64
72
62
65
76
63
66
67
54
73
70
68
71
71
69
61
71
64
60
62
65
72
67
66
63
61
59
61
71
77
65
74
74
70
65
59
60
60
74
72
63
76
61
66
71
62
71
55
67
57
70
66
67
55
72
64
70
63
62
64
77
75
75
68
74
66
66
64
75
69
66
70
74
78
71
69
68
77
65
67
66
56
64
68
64
72
74
67
71
66
72
75
67
69
65
68
69
65
68
67
72
63
66
69
74
63
65
73
79
69
74
70
74
66
59
67
62
63
65
68
60
62
69
76
66
80
71
71
67
57
70
61
55
73
67
66
76
71
65
74
75
66
63
66
66
69
79
62
69
67
71
73
72
72
80
68
75
82
75
73
73
70
66
60
68
67
71
73
61
74
63
68
67
69
73
67
59
76
65
66
67
67
66
63
68
73
58
74
67
72
69
72
70
75
74
67
72
63
67
64
60
64
68
64
68
69
74
67
70
73
70
61
66
70
63
60
70
73
63
65
59
69
72
68
68
78
64
57
75
65
69
67
66
73
72
64
58
70
71
67
71
65
71
69
70
61
77
64
66
58
73
72
66
64
74
72
74
67
71
78
75
64
70
71
70
68
68
61
63
76
67
78
69
61
68
76
65
66
74
69
71
66
73
65
63
61
68
51
71
65
61
64
71
61
66
66
65
75
69
70
72
60
68
69
73
66
68
75
68
59
66
61
70
70
68
73
63
69
74
68
56
69
62
66
66
66
73
67
64
67
65
71
75
63
65
69
62
66
65
62
63
65
68
68
78
67
68
67
73
66
63
60
73
64
315
306
272
311
330
332
297
324
300
281
298
345
286
309
297
315
303
288
335
290
302
322
301
287
304
310
292
294
263
321
268
309
351
309
306
312
298
324
291
313
315
279
296
325
314
287
306
320
299
281
307
302
305
315
275
315
306
315
341
299
321
315
313
344
277
294
274
324
326
304
344
287
294
318
292
281
329
311
301
324
273
307
335
343
306
314
301
307
265
341
309
292
294
328
315
312
325
309
291
307
286
276
287
306
321
334
286
298
304
278
329
326
308
295
288
324
268
295
306
315
285
303
317
294
323
309
327
308
307
317
284
315
323
280
298
295
354
312
289
284
309
339
285
292
288
336
299
312
303
321
306
308
298
311
336
315
297
299
287
313
333
303
306
289
311
329
324
321
315
294
312
285
294
299
272
294
300
279
329
306
310
299
294
326
317
351
313
283
297
280
297
265
317
285
289
319
323
320
309
306
310
329
346
284
302
302
329
316
313
314
335
292
304
318
316
289
298
282
309
290
315
317
301
316
284
322
284
300
310
333
290
276
319
304
292
321
289
308
263
304
295
323
318
260
321
306
329
304
329
307
354
291
325
310
267
295
293
307
301
289
306
304
315
320
327
327
323
271
317
296
300
323
282
255
314
296
297
313
300
287
300
283
304
319
293
362
313
319
314
295
282
268
307
306
311
314
298
281
308
311
312
316
293
327
301
315
314
332
312
307
309
335
289
305
331
289
328
307
317
293
284
272
295
325
319
296
273
289
281
296
294
326
293
305
266
295
289
312
277
289
313
304
312
300
298
292
313
302
305
305
296
347
303
294
292
280
296
300
324
312
306
319
325
298
315
291
283
288
306
304
296
339
313
282
323
321
315
289
281
317
310
295
297
323
298
309
312
300
294
283
304
276
327
310
308
306
316
300
284
297
280
310
310
319
306
288
310
295
274
316
310
288
285
306
335
295
298
336
282
322
322
285
320
317
306
309
316
303
318
301
275
283
327
310
298
287
310
310
328
307
323
304
317
331
308
278
311
285
286
277
280
272
304
292
274
308
315
276
286
290
322
305
294
318
298
270
298
303
308
279
306
298
271
315
284
306
316
272
295
337
321
278
304
324
301
283
321
304
320
312
289
303
296
321
339
324
311
294
318
289
303
272
271
314
319
282
323
296
306
308
260
307
315
306
292
301
330
284
294
293
314
273
343
302
289
325
305
301
291
285
314
311
276
298
304
297
304
323
280
314
265
310
279
312
287
294
325
321
319
272
309
277
297
297
288
301
330
301
313
330
301
327
314
277
313
299
314
298
314
311
299
320
286
300
289
272
287
294
302
323
311
334
339
303
326
287
317
311
314
323
308
307
283
321
294
338
284
308
300
302
260
283
323
290
304
297
295
317
309
304
301
294
302
285
320
265
291
319
298
335
298
330
311
286
282
292
308
315
308
301
274
311
330
299
274
305
303
322
290
315
284
314
287
325
326
340
277
309
327
344
311
295
292
305
311
297
302
301
311
306
311
316
310
298
315
289
307
285
317
269
301
334
276
284
295
300
299
303
305
335
311
289
306
299
310
291
304
299
318
303
315
308
287
283
293
328
269
293
314
305
277
304
294
320
302
307
293
315
304
330
298
299
278
319
288
311
288
319
313
290
294
336
329
296
315
278
318
293
278
319
309
300
298
323
319
298
290
304
306
296
321
315
254
314
273
339
327
322
303
314
287
300
329
286
311
310
299
320
289
323
270
292
285
325
290
304
265
324
271
321
303
296
266
280
293
302
316
314
288
304
313
298
332
331
275
328
310
308
285
308
308
339
333
307
290
294
281
294
314
311
303
297
316
316
303
285
313
312
303
286
296
328
298
309
322
302
303
338
289
283
298
269
288
294
342
321
321
324
314
320
311
319
285
289
308
306
297
309
276
320
307
291
307
315
339
306
321
311
305
339
298
324
326
326
312
297
276
307
315
318
279
317
294
314
287
325
313
301
286
299
297
301
312
306
299
314
278
272
309
296
325
274
307
301
307
305
283
279
291
322
304
321
276
294
279
309
319
291
337
278
295
324
303
298
313
302
317
305
300
318
302
307
284
305
291
289
313
319
295
322
279
301
308
277
316
278
303
307
317
306
319
291
267
302
320
315
330
283
279
328
319
297
288
332
287
296
301
281
303
297
284
313
306
297
292
284
316
319
318
298
311
314
347
296
280
312
331
285
281
249
290
315
327
298
296
309
275
313
307
330
337
351
298
294
309
309
293
314
316
293
289
274
309
307
302
294
277
311
299
311
296
295
290
318
305
306
313
279
288
324
326
344
301
288
312
317
312
302
325
305
301
323
267
289
302
308
293
286
280
317
314
322
276
267
297
291
281
326
290
319
277
305
295
328
334
316
314
323
305
297
292
298
293
311
321
335
305
280
291
301
314
329
309
315
295
295
295
302
311
283
300
306
294
280
308
319
320
289
283
261
268
285
309
314
277
343
308
300
326
304
336
303
304
312
299
297
300
302
320
297
314
331
291
273
305
291
313
333
325
288
297
305
276
262
313
326
327
305
299
315
273
285
280
306
306
314
290
293
314
298
320
306
320
298
283
328
326
319
324
327
282
286
302
287
300
299
310
346
297
308
299
311
326
317
319
325
301
311
294
313
285
299
305
319
276
303
296
339
312
303
295
319
277
340
322
325
302
301
326
319
299
282
322
319
303
291
331
288
301
293
315
278
305
299
311
295
274
301
291
344
282
295
330
322
316
337
288
280
335
299
266
292
296
290
312
294
331
331
308
293
301
285
307
334
311
284
301
255
287
300
266
299
301
297
304
310
316
321
301
332
307
320
325
296
314
277
285
290
293
313
309
286
294
313
298
307
293
298
320
306
293
306
284
294
315
311
301
321
289
303
312
306
291
296
311
309
278
302
326
304
297
317
288
308
307
329
293
305
311
307
304
298
283
316
300
314
309
311
328
281
307
318
309
297
303
301
300
311
317
303
303
296
295
329
305
274
264
312
307
319
307
292
297
308
269
278
296
280
300
303
284
310
348
314
292
323
296
290
329
330
293
315
316
304
327
320
318
315
325
274
287
299
302
306
307
286
280
337
305
293
322
287
322
308
305
283
308
298
298
324
314
337
312
325
298
296
285
308
319
291
303
325
261
278
298
313
291
334
295
320
321
281
308
289
313
302
330
296
297
303
275
294
299
328
305
289
306
302
314
307
321
257
274
321
282
310
290
299
275
290
289
299
307
293
316
326
334
272
308
291
288
331
324
295
309
327
322
303
315
337
298
324
319
314
312
296
321
310
314
302
327
328
298
304
292
310
319
321
306
327
277
290
314
302
310
283
311
300
283
318
297
301
300
284
294
294
302
308
312
313
296
311
292
297
268
311
273
309
276
331
318
337
275
309
294
279
341
300
330
291
315
302
312
279
277
283
328
295
304
306
309
303
304
313
290
310
302
295
301
300
284
304
320
297
290
280
297
279
298
302
331
314
303
307
316
318
312
298
297
262
315
324
295
262
276
292
328
307
348
313
297
331
328
293
315
317
284
275
310
286
316
307
299
275
297
288
316
306
317
338
289
315
285
285
280
315
339
333
306
317
317
299
306
291
278
286
326
322
288
283
285
282
326
293
305
258
302
299
323
325
306
319
308
285
305
308
315
317
289
312
303
296
303
293
305
313
284
301
324
300
320
280
301
294
316
274
314
278
305
318
309
289
317
286
292
290
296
296
302
316
283
304
294
286
319
288
279
355
314
311
297
299
310
308
308
319
293
281
307
283
290
333
313
314
288
324
301
322
325
300
338
311
323
285
288
311
294
289
327
276
298
318
349
288
321
326
336
295
326
316
300
292
283
309
324
314
324
295
307
287
298
257
323
320
301
336
306
297
290
298
309
284
282
324
309
297
290
324
282
294
310
284
328
304
312
306
284
312
305
313
286
338
289
261
310
283
323
325
314
300
304
262
318
282
308
306
293
316
285
321
315
309
282
283
309
291
330
302
293
321
300
290
322
271
329
322
306
261
339
277
327
289
290
307
333
342
309
334
325
293
307
317
310
309
312
288
305
296
305
310
298
333
302
287
301
313
303
273
335
327
317
275
309
279
338
296
276
336
284
304
318
317
317
301
288
282
327
336
317
320
297
302
340
315
290
334
288
283
292
299
284
333
307
292
287
287
329
323
286
325
299
308
341
319
291
309
296
299
295
327
278
312
316
295
310
316
273
291
256
267
265
293
298
304
309
302
271
278
316
323
295
321
296
276
295
311
313
332
288
274
280
304
334
291
280
303
285
319
326
289
291
316
324
300
293
312
299
305
307
296
290
308
283
267
306
287
322
295
329
299
314
294
319
317
312
304
292
307
312
287
295
286
280
311
302
317
282
271
308
296
307
277
287
289
301
300
289
292
284
300
292
330
292
293
272
303
292
320
307
297
299
276
318
302
321
338
298
312
326
282
285
298
305
289
297
286
259
299
289
324
299
305
298
314
279
293
315
308
309
307
313
323
328
297
293
291
291
301
304
328
298
298
280
330
314
320
320
313
274
288
27215
26927
26376
26439
25980
26836
27400
26714
26742
26835
26087
26467
27547
26292
25953
26348
28498
26972
26341
26745
26947
26947
26268
26858
26374
26858
27094
26002
25827
26838
26817
26745
26776
26033
26200
26311
26287
27375
26248
27218
27156
26803
26748
26426
27964
26413
26395
26709
26990
27022
26488
26345
26157
27161
25433
26563
27100
26074
25849
26217
27161
27166
27033
27496
26377
27012
26409
27511
27353
26548
25951
25471
25967
27578
25941
26381
27019
26826
26961
26235
27217
26218
25963
27364
26492
26838
25497
26057
26770
27556
25475
27404
26221
26887
27199
27142
26725
26365
26253
26744
26028
26350
26197
25778
27246
26709
27056
27524
26497
26735
26426
26476
25671
26396
27342
27299
27079
26357
26882
26611
27276
26852
27463
26990
26275
26534
27165
26790
25028
25706
27190
26406
26040
26427
26790
26649
26903
25756
25993
27128
26182
27217
25516
26393
27286
26811
26512
26759
26824
26651
26960
27993
26655
27336
25125
26364
27023
25946
25384
26120
25609
27212
26187
26588
27517
27100
25850
27462
26487
26847
27252
25889
26125
26463
26670
27243
26721
27161
25664
25978
27123
26467
27616
26613
26814
27297
26849
25243
27122
27023
26362
25769
26494
25680
27504
26697
28001
27147
27792
28033
2560700876628
2522173423360
2564788711425
2552732090999
2567346718447
2561045522441
2592677621979
2534208477399
2572463278115
2525016901587
2549552224976
2594590697543
2529597785330
2522017874026
2561288116688
2584552419957
2572052585729
2528667691964
2542388938121
2551178811501
50335925203298
