999999516
999999379
999999163
999999909
999999336
999999861
999999181
999999698
999999543
999999602
999999518
999999056
999999328
999999240
999999554
999999047
999999268
999999261
999999913
999999429
999999405
999999359
999999826
999999751
999999731
999999659
999999889
999999760
999999883
999999828
999999286
999999492
999999084
999999221
999999059
999999502
999999955
999999813
999999107
999999218
999999381
999999417
999999618
999999296
999999450
999999113
999999469
999999432
999999192
999999198
999999318
999999038
999999234
999999520
999999539
999999116
999999846
999999419
999999243
999999681
999999189
999999837
999999120
999999055
999999629
999999321
999999622
999999866
999999356
999999536
999999782
999999501
999999014
999999894
999999167
999999288
999999289
999999694
999999151
999999473
999999491
999999802
999999710
999999987
999999932
999999135
999999165
999999621
999999971
999999187
999999590
999999454
999999911
999999576
999999919
999999409
999999808
999999785
999999723
999999591
999999279
999999818
999999077
999999129
999999937
999999573
999999253
999999446
1000000000
999999306
999999048
999999780
999999420
999999611
999999344
999999930
999999538
999999127
999999956
999999728
999999970
999999386
999999275
999999688
999999300
999999880
999999713
999999448
999999677
999999742
999999456
999999195
999999879
999999874
999999153
999999967
999999791
999999669
999999284
999999738
999999515
1000000005
999999640
999999125
999999229
999999695
999999655
999999183
999999248
999999210
999999862
999999765
999999887
999999246
999999795
999999269
999999477
999999364
999999319
999999046
999999115
999999193
999999769
999999175
999999843
999999651
999999824
999999753
999999182
999999326
999999017
999999148
999999989
999999206
999999131
999999309
999999109
999999249
999999449
999999946
999999783
999999811
999999996
999999199
999999186
999999912
999999620
999999087
999999220
999999351
999999935
999999257
999999106
999999023
999999022
999999692
999999441
999999630
999999643
999999128
999999978
999999121
999999057
999999757
999999678
999999311
999999763
999999951
999999369
999999788
999999238
999999961
999999204
999999637
999999727
999999032
999999860
999999871
999999820
999999484
999999105
999999197
999999897
999999991
999999755
999999847
999999528
999999844
999999083
999999297
999999549
999999815
999999607
999999796
999999614
999999582
999999531
999999571
999999950
999999708
999999726
999999303
999999529
999999697
999999313
999999941
999999789
999999931
999999638
999999855
999999452
999999675
999999363
999999451
999999588
999999376
999999482
999999665
999999933
999999137
999999805
999999320
999999267
999999934
999999663
999999104
1000000003
999999672
999999850
999999758
999999513
999999295
999999146
999999776
999999886
999999423
999999992
999999034
999999819
999999468
999999391
999999656
999999684
999999754
999999062
999999596
999999335
999999563
999999383
999999191
999999662
999999294
999999140
999999888
999999388
999999658
999999489
999999715
999999147
999999157
999999696
999999101
999999636
999999390
999999685
999999264
999999399
999999841
999999068
999999142
999999712
999999574
999999530
999999537
999999973
999999976
999999839
999999840
999999366
999999612
999999071
999999272
999999915
999999097
999999185
999999534
999999228
999999527
999999434
999999171
999999397
999999308
999999149
999999721
999999615
999999282
999999975
999999043
999999331
999999445
999999428
999999687
999999510
999999312
999999506
999999884
999999021
999999586
999999567
999999512
999999927
999999292
999999547
999999605
999999028
999999817
999999748
999999358
999999302
999999332
999999330
999999983
999999254
999999966
999999942
999999797
999999972
999999462
999999985
999999959
999999231
999999949
999999631
999999668
999999557
999999690
999999683
999999830
999999099
999999096
999999920
999999599
999999768
999999585
999999634
999999670
999999762
999999910
999999595
999999459
999999093
999999362
999999954
999999474
999999699
999999235
999999929
999999980
999999568
999999143
999999746
999999552
999999203
999999095
999999225
999999090
999999872
999999285
999999278
999999734
999999457
999999707
999999158
999999340
999999777
999999067
999999526
999999709
999999350
999999166
999999461
999999833
999999174
1000000007
999999208
999999418
999999394
999999902
999999440
999999743
999999730
999999804
999999008
999999384
999999908
999999444
999999270
999999521
999999066
999999873
999999138
999999333
999999648
999999603
999999424
999999578
999999060
999999486
999999307
999999493
999999403
999999232
999999019
999999207
999999986
999999905
999999103
999999875
999999156
999999822
999999774
999999347
999999126
999999613
999999252
999999422
999999608
999999339
999999188
999999472
999999969
999999679
999999997
999999836
999999635
999999814
999999732
999999561
999999832
999999072
999999483
999999327
999999962
999999091
999999741
999999217
999999380
999999402
999999519
999999981
999999372
999999965
999999553
999999896
999999341
999999039
999999990
999999314
999999916
999999500
999999642
999999806
999999703
999999467
999999041
999999498
999999367
999999110
999999488
999999373
999999050
999999164
999999581
999999849
999999136
999999686
999999936
999999255
999999044
999999750
999999918
999999906
999999514
999999827
999999891
999999812
999999442
999999375
999999865
999999305
999999532
999999756
999999546
999999759
999999223
999999948
999999764
999999139
999999086
999999816
999999401
999999627
999999803
999999168
999999609
999999863
999999831
999999237
999999598
999999025
999999130
999999904
999999548
999999265
999999045
999999342
999999211
999999276
999999773
999999169
999999848
999999719
999999869
999999667
999999058
999999112
999999792
999999597
999999036
1000000004
999999735
999999565
999999779
999999020
999999575
999999453
999999739
999999098
999999944
999999247
999999150
999999923
999999724
999999566
999999013
999999893
999999393
999999892
999999503
999999241
999999924
999999761
999999141
999999947
999999569
999999898
999999733
999999287
999999421
999999882
999999545
999999499
999999310
999999718
999999271
999999073
999999329
999999160
999999706
999999443
999999771
999999550
999999632
999999412
999999868
999999236
999999895
999999406
999999555
999999052
999999054
999999322
999999583
999999851
999999647
999999053
999999317
999999470
999999523
999999427
999999957
999999315
1000000001
999999517
999999382
1000000006
999999455
999999194
999999917
999999494
999999132
999999722
999999215
999999702
999999398
999999011
999999063
999999343
999999371
999999463
999999587
999999464
999999485
999999404
999999378
999999657
999999212
999999589
999999016
999999720
999999749
999999938
999999858
999999348
999999061
999999878
999999940
999999133
999999190
999999661
999999890
999999487
999999447
999999899
999999134
999999646
999999524
999999117
999999716
999999799
999999051
999999436
999999507
999999075
999999925
999999736
999999291
999999033
999999242
999999173
999999159
999999283
999999689
999999729
999999666
999999439
999999258
999999170
999999079
999999577
999999466
999999355
999999476
999999801
999999649
999999387
999999522
999999821
999999604
999999400
999999152
999999717
999999124
999999263
999999438
999999094
999999349
999999616
999999682
999999968
999999772
999999859
999999361
999999693
999999224
999999740
999999798
999999509
999999870
999999029
999999691
999999623
999999864
999999426
999999558
999999184
999999994
999999245
999999559
999999943
999999460
999999352
999999786
999999714
999999794
999999921
999999357
999999767
999999903
999999216
999999778
999999914
999999069
999999505
999999673
999999958
999999431
999999018
999999065
999999277
999999353
999999325
999999413
999999562
999999542
999999775
999999301
999999478
999999123
999999800
999999664
999999825
999999650
999999842
999999490
999999857
999999624
999999829
999999233
999999745
999999601
999999266
999999092
999999807
999999080
999999671
999999993
999999854
999999594
999999293
999999201
999999114
999999410
999999465
999999504
999999810
999999078
999999037
999999540
999999752
999999853
999999251
999999564
999999856
999999273
999999324
999999035
999999953
999999823
999999701
999999334
999999222
999999089
999999747
999999102
999999960
999999145
999999154
999999641
999999155
999999176
999999508
999999793
999999177
999999964
999999984
999999579
999999784
999999070
999999209
999999396
999999414
999999458
999999395
999999082
999999511
999999876
999999979
999999617
999999161
999999179
999999009
999999076
999999885
999999100
999999205
999999304
999999024
999999437
999999214
999999974
999999026
999999852
999999290
999999374
999999244
999999580
999999977
999999435
999999928
999999881
999999162
999999737
999999770
999999030
999999787
999999610
999999430
999999354
999999995
999999433
999999544
999999479
999999845
999999535
999999834
999999346
999999497
999999711
999999901
999999180
999999639
999999298
999999998
999999338
999999660
999999592
999999213
999999365
999999999
999999118
999999988
999999704
999999144
999999570
999999560
999999119
999999370
999999645
999999407
999999606
999999239
999999416
999999172
999999299
999999926
999999392
999999766
999999652
999999496
999999226
999999085
999999012
999999572
999999835
999999533
999999196
999999471
999999644
999999838
999999178
999999867
999999389
999999551
999999337
999999900
999999945
999999907
999999593
999999495
999999480
999999111
999999200
999999809
999999556
999999475
999999274
999999680
999999700
999999781
999999982
999999541
999999360
999999064
999999040
999999584
999999705
999999031
999999481
999999922
999999368
999999425
999999676
999999088
999999625
999999633
999999408
999999323
999999010
999999250
999999654
999999744
999999049
999999042
999999280
999999628
999999377
999999108
999999525
999999600
999999074
999999725
999999081
999999230
999999415
999999939
999999262
999999316
999999260
999999653
999999877
999999385
999999227
999999790
999999345
999999015
999999256
999999619
999999027
999999259
999999202
999999281
999999952
999999122
999999674
999999963
1000000002
999999219
999999411
999999626
999999297
999999797
999999219
999999934
999999634
999999626
999999247
999999306
999999115
999999930
999999250
999999536
999999671
999999567
999999961
999999844
999999387
999999352
999999766
999999265
999999593
999999677
999999495
999999146
999999354
999999862
999999588
999999733
999999178
999999837
999999815
999999138
999999757
999999527
999999695
999999207
999999491
999999998
999999152
999999794
999999414
999999474
999999095
999999069
999999720
999999148
999999353
999999473
999999471
999999424
999999791
999999320
999999824
999999812
999999516
999999271
999999963
999999842
999999700
999999033
999999066
999999584
999999902
999999227
999999878
999999872
999999834
999999911
999999563
999999823
999999702
999999965
999999507
999999572
999999129
999999977
999999905
1000000006
999999669
999999294
999999908
999999723
999999784
999999648
999999063
999999601
999999014
999999150
999999918
999999594
999999238
999999266
999999349
999999748
999999287
999999895
999999173
999999506
999999111
999999061
999999938
999999462
999999830
999999313
999999950
999999046
999999893
999999234
999999140
999999777
999999397
999999106
999999854
999999580
999999974
999999301
999999103
999999020
999999099
999999221
999999690
999999248
999999680
999999142
999999771
999999021
999999646
999999432
999999213
999999770
999999736
999999641
999999799
999999310
999999923
999999257
999999633
999999991
999999442
999999602
999999543
999999089
999999606
999999458
999999952
999999035
999999707
999999239
999999906
999999309
999999783
999999008
999999913
999999236
999999936
999999174
999999735
999999668
999999712
999999704
999999951
999999994
999999900
999999685
999999874
999999045
999999364
999999755
999999885
999999576
1000000004
999999870
999999305
999999291
999999486
999999848
999999388
999999549
999999670
999999275
999999406
999999688
999999318
999999284
999999647
999999377
999999355
999999293
999999230
999999481
999999989
999999170
999999583
999999081
999999673
999999179
999999429
999999803
999999609
999999240
999999286
999999976
999999651
999999274
999999237
999999065
999999381
999999054
999999047
999999040
999999743
999999846
999999734
999999767
999999064
999999023
999999818
999999541
999999307
999999454
999999164
1000000005
999999204
999999807
999999768
999999185
999999719
999999332
999999182
999999630
999999231
999999166
999999760
999999511
999999681
999999339
999999428
999999049
999999674
999999295
999999090
999999919
999999341
999999831
999999903
999999781
999999585
999999193
999999370
999999915
999999456
999999119
999999703
999999756
999999764
999999042
999999932
999999137
999999444
999999795
999999762
999999479
999999816
999999195
999999472
999999416
999999052
999999110
999999391
999999665
999999269
999999709
999999883
999999418
999999139
999999829
999999222
999999909
999999394
999999850
1000000002
999999032
999999990
999999334
999999202
999999461
999999098
999999093
999999566
999999981
999999031
999999422
999999161
999999624
999999782
999999692
999999312
999999654
999999947
999999104
999999490
999999060
999999036
999999937
999999964
999999638
999999631
999999360
999999012
999999368
999999475
999999678
999999211
999999503
999999019
999999571
999999833
999999315
999999395
999999163
999999333
999999953
999999896
999999431
999999618
999999376
999999686
999999968
999999667
999999711
999999514
999999480
999999445
999999358
999999749
999999440
999999622
999999505
999999180
999999122
999999425
999999435
999999410
999999218
999999371
999999024
999999687
999999086
999999073
999999441
999999957
999999660
999999470
999999924
999999545
999999796
999999499
999999319
999999181
999999793
999999201
999999251
999999985
999999599
999999121
999999260
999999282
999999226
999999561
999999092
999999867
999999013
999999290
999999954
999999030
999999858
999999901
999999229
999999496
999999372
999999482
999999057
999999849
999999340
999999808
999999533
999999288
999999500
999999411
999999737
999999311
999999262
999999460
999999559
999999101
999999413
999999188
999999931
999999747
999999155
999999779
999999884
999999676
999999724
999999154
999999786
999999392
999999586
999999386
999999608
999999398
999999107
999999921
999999714
999999612
1000000007
999999258
999999535
999999639
999999317
999999920
999999625
999999804
999999698
999999169
999999321
999999015
999999887
999999159
999999933
999999515
999999205
999999232
999999731
999999357
999999168
999999165
999999011
999999331
999999939
999999553
999999436
999999136
999999058
999999082
999999228
999999713
999999027
999999055
999999790
999999610
999999018
999999067
999999928
999999568
999999562
999999385
999999351
999999859
999999448
999999694
999999056
999999162
999999910
999999143
999999722
999999663
999999716
999999062
999999393
999999822
999999662
999999517
999999861
999999577
999999083
999999267
999999171
999999592
999999455
999999112
999999611
999999074
999999558
999999740
999999256
999999382
999999853
999999420
999999285
999999995
999999383
999999801
999999860
999999348
999999817
999999696
999999186
999999621
999999763
999999175
999999532
999999548
999999765
999999948
999999967
999999565
999999225
999999943
999999147
999999513
999999718
999999772
999999775
999999464
999999879
999999769
999999843
999999729
999999886
999999197
999999212
999999108
999999761
999999972
999999075
999999890
999999732
999999459
999999084
999999672
999999208
999999544
999999324
999999034
999999483
999999167
999999845
999999134
999999421
999999409
999999467
999999792
999999124
999999856
999999869
999999987
999999176
999999220
999999986
999999245
999999852
999999249
999999484
999999427
999999603
999999214
999999468
999999658
999999071
999999847
999999114
999999302
999999725
999999975
999999278
999999261
999999336
999999078
999999289
999999789
999999996
999999399
999999043
999999113
999999699
999999276
999999935
999999809
999999827
999999343
999999946
999999960
999999868
999999875
999999600
999999365
999999955
999999542
999999645
999999224
999999453
999999632
999999434
999999629
999999241
999999400
999999028
999999835
999999575
999999637
1000000001
999999299
999999206
999999650
999999851
999999048
999999805
999999982
999999941
999999759
999999675
999999132
999999617
999999404
999999389
999999091
999999037
999999072
999999873
999999973
999999189
999999753
999999750
999999501
999999059
999999899
999999655
999999438
999999697
999999741
999999303
999999727
999999280
999999582
999999450
999999550
999999335
999999449
999999488
999999356
999999384
999999619
999999322
999999135
999999836
999999417
999999811
999999531
999999097
999999044
999999597
999999959
999999970
999999123
999999551
999999814
999999892
999999497
999999958
999999841
999999359
999999346
999999153
999999819
999999962
999999689
999999446
999999466
999999508
999999328
999999821
999999888
999999022
999999526
999999570
999999980
999999118
999999806
999999396
999999705
999999993
999999281
999999144
999999745
999999984
999999521
999999344
999999997
999999865
999999279
999999683
999999273
999999259
999999587
999999041
999999009
999999882
999999942
999999437
999999316
999999613
999999620
999999268
999999390
999999200
999999787
999999944
999999661
999999708
999999916
999999956
999999754
999999746
999999857
999999338
999999469
999999788
999999298
999999528
999999509
999999574
999999897
999999810
999999802
999999969
999999478
999999085
999999439
999999292
999999094
999999029
999999615
999999117
999999215
999999026
999999235
999999657
999999581
999999263
999999774
999999314
999999739
999999522
999999253
999999463
999999403
999999419
999999644
999999053
999999679
999999255
999999010
999999891
999999616
999999492
999999999
999999614
999999840
999999184
999999738
999999664
999999706
999999628
999999210
999999589
999999050
999999534
999999296
999999109
999999485
999999564
999999363
999999540
999999375
999999337
999999342
999999187
999999433
999999244
999999871
999999523
999999889
999999525
999999560
999999751
999999160
999999864
999999079
999999504
999999252
999999326
999999653
999999979
999999971
999999378
999999270
999999876
999999636
999999145
999999949
999999512
999999025
999999141
999999198
999999088
999999130
999999380
999999579
999999426
999999443
999999308
999999730
999999538
999999430
999999077
999999016
999999832
999999573
999999839
999999330
999999323
999999881
999999246
999999133
999999530
999999172
999999131
999999457
999999493
999999243
999999813
999999300
999999452
999999327
999999039
999999264
999999151
999999701
999999076
999999412
999999640
999999855
999999914
999999595
999999880
999999966
999999402
999999070
999999017
999999904
999999926
999999752
999999546
999999038
1000000000
999999907
999999233
999999945
999999992
999999191
999999776
999999710
999999929
999999325
999999826
999999607
999999744
999999401
999999820
999999128
999999642
999999216
999999693
999999656
999999120
999999649
999999347
999999127
999999590
999999477
999999209
999999978
999999068
999999552
999999627
999999922
999999196
999999758
999999502
999999778
999999199
999999126
999999682
999999715
999999578
999999717
999999051
999999242
999999329
999999405
999999519
999999591
999999125
999999177
999999407
999999408
999999925
999999465
999999605
999999800
999999598
999999190
999999498
999999556
999999192
999999361
999999940
999999520
999999149
999999345
999999362
999999223
999999569
999999158
999999554
999999415
999999894
999999537
999999105
999999547
999999100
999999194
999999604
999999898
999999927
999999863
999999272
999999643
999999555
999999866
999999623
999999652
999999596
999999912
999999785
999999367
999999304
999999217
999999350
999999780
999999529
999999691
999999254
999999510
999999988
999999203
999999379
999999087
1000000003
999999373
999999447
999999659
999999917
999999726
999999102
999999277
999999983
999999423
999999877
999999773
999999666
999999557
999999825
999999451
999999518
999999476
999999635
999999487
999999539
999999183
999999742
999999684
999999494
999999369
999999096
999999728
999999157
999999116
999999524
999999156
999999721
999999366
999999828
999999489
999999798
999999080
999999283
999999838
999999374
999999923
999999846
999999328
999999607
999999579
999999484
999999167
999999339
999999234
999999492
999999684
999999089
999999824
999999064
999999071
999999811
999999034
999999165
999999734
999999277
999999666
999999675
999999712
999999745
999999823
999999527
999999792
999999893
999999448
999999870
999999718
999999568
999999395
999999147
999999656
999999633
999999558
999999949
999999176
999999313
999999741
999999453
999999374
999999589
999999008
999999331
999999296
999999353
999999780
999999320
999999960
999999070
999999312
999999779
999999686
999999105
999999795
999999257
999999669
999999928
999999890
999999327
999999566
999999174
999999114
999999548
999999591
999999505
999999130
999999781
999999536
999999470
999999197
999999051
999999088
999999800
999999618
999999998
999999177
999999614
999999574
999999771
999999201
999999700
999999679
999999901
999999123
999999839
999999894
999999231
999999616
999999595
999999869
999999367
999999103
999999337
999999942
999999833
999999961
999999287
999999552
999999050
999999990
999999834
999999690
999999802
999999316
1000000002
999999705
999999619
999999957
999999116
999999254
999999414
999999840
999999127
999999636
999999570
999999141
999999009
999999569
999999299
999999677
999999120
999999025
999999808
999999456
999999755
999999652
999999736
999999643
999999704
999999304
999999210
999999483
999999242
999999647
999999380
999999639
999999873
999999737
999999030
999999383
999999207
999999156
1000000007
999999294
999999761
999999261
999999081
999999528
999999744
999999843
999999286
999999515
999999338
999999958
999999599
999999872
999999270
999999836
999999356
999999375
999999360
999999805
999999314
999999860
999999576
999999621
999999981
999999969
999999630
999999588
999999472
999999962
999999809
999999490
999999524
999999039
999999457
999999946
999999881
999999425
999999503
999999200
999999985
999999431
999999110
999999389
999999263
999999027
999999243
999999422
999999706
999999413
999999332
999999449
999999797
999999929
999999348
999999735
999999441
999999185
999999762
999999135
999999649
999999559
999999436
999999274
999999421
999999213
999999219
999999269
999999238
999999956
999999945
999999252
999999583
999999905
999999054
999999753
999999129
999999874
999999709
999999807
999999019
999999418
999999999
999999828
999999072
999999102
999999378
999999850
999999638
999999557
999999635
999999171
999999972
999999096
999999074
999999095
999999059
999999984
999999994
999999742
999999325
999999612
999999687
999999119
999999886
999999212
999999038
999999768
999999109
999999944
999999235
999999963
999999049
999999256
999999486
999999827
999999563
999999349
999999218
999999468
999999225
999999601
999999976
999999918
999999622
999999620
999999031
999999501
999999326
999999964
999999578
999999090
999999245
999999189
999999520
999999661
999999065
999999906
999999458
999999283
999999959
999999866
999999160
999999073
999999364
999999101
999999571
999999085
999999789
999999884
999999166
999999526
999999812
999999334
999999196
999999624
999999018
999999382
999999725
999999404
999999825
999999511
999999251
999999474
999999758
999999510
999999730
999999310
999999188
999999826
999999650
999999416
999999173
999999973
999999852
999999350
999999602
999999539
999999887
999999754
999999164
999999142
999999148
999999968
999999180
999999541
999999423
999999239
999999516
999999629
999999357
999999324
999999979
999999898
999999885
999999229
999999743
999999719
999999533
999999739
999999077
999999282
999999452
999999816
999999776
999999683
999999029
999999713
999999924
999999564
999999767
999999379
999999217
999999315
999999555
999999777
999999362
999999662
999999615
999999545
999999465
999999461
999999537
999999854
999999112
999999786
999999322
999999793
999999093
999999491
999999791
999999857
999999048
999999604
999999411
999999438
999999785
999999950
999999702
999999387
999999668
999999170
999999444
999999150
999999799
999999947
999999052
999999642
999999214
999999138
999999853
999999158
999999369
999999775
999999934
999999550
999999803
999999014
999999933
999999653
999999113
999999340
999999305
999999497
999999155
999999419
999999400
999999182
999999206
999999598
999999011
999999752
999999473
999999672
999999845
999999124
999999440
999999068
999999043
999999057
1000000004
999999819
999999830
999999022
999999892
999999980
999999891
999999336
999999460
999999871
999999954
999999723
999999605
999999475
999999804
999999987
999999443
999999386
999999276
999999953
999999208
999999948
999999355
999999193
999999724
999999750
999999086
999999586
999999265
999999930
999999726
999999899
999999760
999999587
999999271
999999446
999999172
999999689
999999012
999999021
999999837
999999289
999999216
999999487
999999255
999999122
999999676
999999259
999999264
999999415
999999889
999999772
999999922
999999053
999999646
999999977
999999223
999999986
999999763
999999522
999999769
999999880
999999333
999999888
999999204
999999708
999999020
999999420
999999485
999999368
999999140
999999921
999999603
999999464
999999773
999999037
999999682
999999427
999999226
999999445
999999692
999999931
999999740
999999408
999999903
999999136
999999606
999999260
999999087
999999632
999999815
999999841
999999236
999999970
999999609
999999191
999999707
999999131
999999978
999999266
999999851
999999028
999999993
999999385
999999943
999999450
999999184
999999046
999999107
999999036
999999875
999999681
999999026
999999042
999999118
999999594
999999529
999999013
999999655
999999765
999999673
999999722
999999083
999999224
999999384
999999716
999999697
999999247
999999660
999999402
999999377
999999248
999999288
999999693
999999335
999999989
999999454
999999914
999999573
999999477
999999794
999999098
999999651
999999867
999999233
999999699
999999992
999999580
999999703
999999215
999999560
999999447
999999298
999999613
999999209
999999417
999999856
999999732
999999532
999999640
999999306
999999565
999999359
999999237
999999016
999999290
999999932
999999817
999999309
999999688
999999308
999999372
999999721
999999717
999999069
999999480
999999759
999999205
999999631
999999727
999999584
999999199
999999671
999999194
999999628
999999782
999999917
999999623
999999183
999999463
999999848
999999549
999999181
999999637
999999654
999999575
999999581
999999033
999999281
999999343
999999262
999999035
999999409
999999466
999999764
999999544
999999955
999999659
999999062
999999818
999999061
999999292
999999094
999999137
999999634
999999859
999999711
999999488
999999738
999999111
999999084
999999577
999999748
999999091
999999608
999999024
999999667
999999371
999999694
999999396
999999311
999999272
999999126
999999478
999999868
999999211
999999329
999999517
999999169
999999279
999999253
999999347
999999941
999999610
999999710
999999187
1000000006
999999133
999999585
999999092
999999058
999999227
999999153
999999996
999999788
999999862
999999995
999999401
999999471
999999076
999999190
999999499
999999674
999999952
999999175
999999410
999999835
999999346
999999412
999999729
999999966
999999250
999999319
999999407
999999162
999999904
999999538
999999055
999999426
999999696
999999496
999999442
999999919
999999117
999999017
999999318
999999746
999999365
999999476
999999078
999999553
999999939
999999645
999999391
999999202
999999373
999999044
999999554
999999926
999999916
999999670
999999323
999999041
999999896
999999481
999999648
999999132
999999997
999999495
999999163
999999658
999999232
999999832
999999546
999999877
999999451
999999230
999999842
999999462
999999820
999999151
999999644
999999321
999999547
999999285
999999405
999999902
999999097
999999878
999999542
999999345
999999344
999999258
999999900
999999291
999999300
999999506
999999203
999999617
999999397
999999865
999999937
999999909
999999307
999999518
999999392
999999971
999999663
999999925
999999783
999999680
999999303
999999428
1000000005
999999134
999999590
999999195
999999358
999999045
999999509
999999015
999999067
999999911
999999498
999999297
999999429
999999822
999999267
999999733
999999701
999999352
999999847
999999778
999999161
999999685
999999698
999999967
999999876
999999913
999999523
999999143
999999125
999999351
999999157
999999757
999999731
999999641
1000000001
999999010
999999341
999999240
999999149
999999228
999999895
999999596
999999500
999999439
999999330
999999432
999999047
999999991
999999844
999999106
999999519
999999627
999999079
999999317
999999938
999999032
999999525
999999965
999999561
999999493
999999249
999999806
999999459
999999882
999999751
999999354
999999502
999999915
999999100
999999535
999999435
999999572
999999469
999999434
999999513
999999983
999999144
999999512
999999115
999999023
999999665
999999403
999999879
999999295
999999186
999999154
999999774
999999342
999999381
999999790
999999244
999999813
999999406
999999479
999999301
999999814
1000000003
999999056
999999908
999999974
999999556
999999437
999999920
999999040
999999433
999999394
999999361
999999278
999999399
999999530
999999221
999999567
999999796
999999855
999999936
999999246
999999198
999999597
999999975
999999531
999999482
999999507
999999139
999999940
999999099
999999222
999999370
1000000000
999999864
999999543
999999600
999999831
999999664
999999388
999999082
999999784
999999728
999999108
999999749
999999801
999999883
999999912
999999467
999999907
999999861
999999393
999999293
999999625
999999241
999999582
999999273
999999770
999999540
999999220
999999798
999999829
999999562
999999910
999999504
999999280
999999514
999999104
999999152
999999398
999999121
999999489
999999982
999999302
999999390
999999756
999999897
999999179
999999838
999999168
999999858
999999080
999999927
999999508
999999611
999999691
999999424
999999787
999999810
999999363
999999063
999999268
999999720
999999714
999999988
999999747
999999695
999999145
999999066
999999678
999999521
999999128
999999715
999999494
999999951
999999376
999999551
999999075
999999146
999999534
999999657
999999821
999999275
999999849
999999592
999999455
999999593
999999366
999999060
999999935
999999430
999999178
999999284
999999863
999999626
999999159
999999192
999999766
999999287
999999131
999999957
999999837
999999417
999999731
999999148
999999937
999999956
999999412
999999794
999999038
999999833
999999142
999999406
999999141
999999999
999999584
999999483
999999767
999999079
999999520
999999743
999999877
999999193
999999769
999999806
999999188
999999027
999999971
999999409
999999095
999999761
999999942
999999217
999999444
999999543
999999923
999999346
999999588
999999981
999999191
999999434
999999499
999999959
999999438
999999902
999999413
999999611
999999745
999999469
999999673
999999536
999999163
999999256
999999535
999999235
999999641
1000000000
999999491
999999288
999999531
999999200
999999969
999999693
999999246
999999373
999999205
999999793
999999683
999999031
999999899
999999429
999999872
999999817
999999076
999999666
999999917
999999729
999999436
999999930
999999756
999999635
999999382
999999023
999999065
999999152
999999087
999999407
999999750
999999625
999999442
999999541
999999443
999999391
999999384
999999585
999999154
999999313
999999811
999999494
999999366
999999202
999999460
999999557
999999042
999999670
999999418
999999126
999999272
999999645
999999040
999999053
999999471
999999802
999999177
999999348
999999668
999999290
999999582
999999694
999999714
999999258
999999139
999999089
999999479
999999820
999999431
999999411
999999716
999999831
999999464
999999331
999999785
999999762
999999695
999999394
999999186
999999334
999999845
999999289
999999838
999999788
999999675
999999242
999999530
999999703
999999086
999999393
999999194
999999810
999999733
999999624
999999036
999999379
999999317
999999018
999999446
999999329
999999891
999999237
999999722
999999255
999999304
999999178
999999766
999999621
999999639
999999456
999999238
999999052
999999754
999999219
999999232
999999033
999999824
999999909
999999218
999999171
999999776
999999284
999999676
999999951
999999109
999999985
999999577
999999161
999999653
999999252
999999924
999999755
999999138
999999587
999999885
999999213
999999827
999999866
999999497
999999966
999999549
999999155
999999439
999999432
999999208
999999920
999999630
999999145
999999143
999999026
999999963
999999598
999999448
999999276
999999103
999999992
999999327
999999921
999999135
999999988
999999227
999999302
999999784
999999593
999999852
999999254
999999842
999999717
999999643
999999548
999999787
999999935
999999197
999999552
999999634
999999857
999999458
999999077
999999049
999999853
999999898
999999759
999999162
999999562
999999913
999999261
999999647
999999932
999999515
999999128
999999264
999999034
999999203
999999268
999999196
999999184
999999179
999999174
999999656
999999041
999999651
999999792
999999728
999999403
999999285
999999084
999999064
999999922
999999354
999999786
999999682
999999253
999999592
999999781
999999881
999999039
999999538
999999500
999999320
999999665
999999204
999999983
999999470
999999199
999999096
999999770
999999430
999999209
999999685
999999267
999999903
999999998
999999278
999999422
999999478
999999868
999999892
999999408
999999556
999999056
999999662
999999747
999999262
999999513
999999876
999999088
999999910
999999387
999999259
999999620
999999415
999999689
999999414
999999134
999999083
999999392
999999571
999999463
999999875
999999427
999999344
999999646
999999226
999999502
999999813
999999579
999999977
999999363
999999637
999999338
999999865
999999239
999999383
999999116
999999517
999999476
999999864
999999805
999999791
999999818
999999299
999999055
999999167
999999324
999999420
999999843
999999484
999999223
999999337
999999626
999999207
999999958
999999795
999999780
999999108
999999550
999999314
999999725
999999931
999999211
999999060
999999070
999999045
999999906
999999871
999999702
999999323
999999008
999999102
999999365
999999867
999999244
999999526
999999240
999999989
999999054
999999124
999999085
999999851
999999195
999999295
999999561
999999485
999999882
999999826
999999927
999999503
999999376
999999375
999999862
999999830
999999979
999999059
999999437
999999169
999999310
999999627
999999492
999999166
999999863
999999768
999999990
999999783
999999181
999999426
999999972
1000000005
999999773
999999455
999999555
999999511
999999236
999999545
999999629
999999704
999999518
999999564
999999380
999999995
999999336
999999982
999999949
999999490
999999182
999999416
999999355
999999812
999999919
999999911
999999657
999999926
999999153
999999687
999999636
999999632
999999604
999999341
999999229
999999715
999999296
999999309
999999082
999999640
999999522
999999542
999999563
999999565
999999319
999999614
999999396
999999801
999999618
999999895
999999901
999999032
999999151
999999176
999999306
999999356
999999774
999999094
999999445
999999480
999999465
999999674
999999225
999999560
999999428
999999347
999999486
999999104
999999068
999999697
999999688
999999170
999999705
999999030
999999063
999999789
999999265
999999886
999999074
999999748
999999099
999999507
999999897
999999883
999999595
999999421
999999340
999999273
999999468
999999172
999999699
999999318
999999710
999999907
999999764
999999300
999999962
999999243
999999367
999999873
999999037
999999047
999999257
999999362
999999180
999999945
999999361
999999736
999999277
999999612
999999450
999999404
999999127
999999073
999999648
999999816
999999345
999999028
999999855
999999488
999999247
999999160
999999908
999999457
999999198
999999878
999999021
999999828
999999751
999999879
999999835
999999275
999999280
999999435
999999399
999999642
999999803
999999738
999999847
999999282
999999727
999999814
999999425
999999848
999999359
1000000007
999999603
999999980
999999111
999999466
999999533
999999928
999999136
999999809
999999741
999999352
999999147
999999925
999999402
999999081
999999185
999999884
999999941
999999527
999999690
999999101
999999100
999999544
999999529
999999737
999999537
999999638
999999397
999999453
999999075
999999599
999999841
999999201
999999590
999999849
999999335
999999137
999999601
999999631
999999691
999999472
999999508
999999353
999999580
999999615
999999993
999999996
999999467
1000000003
999999505
999999976
999999858
999999269
999999496
999999122
999999644
999999349
999999916
999999510
999999765
999999014
999999605
999999610
999999553
999999890
999999371
999999010
999999509
999999975
999999660
999999158
999999619
999999701
999999860
999999568
999999658
999999797
999999713
999999950
999999752
999999844
999999724
999999739
999999048
999999559
999999493
999999757
999999974
999999498
999999742
999999994
999999540
999999684
999999997
999999799
999999328
1000000001
999999573
999999721
999999157
1000000002
999999339
999999900
999999807
999999952
999999292
999999251
999999020
999999305
999999301
999999051
999999987
999999679
999999681
999999880
999999159
999999343
999999696
999999859
999999523
999999521
999999351
999999607
999999672
999999628
999999578
999999400
999999771
999999746
999999667
999999671
999999570
999999528
999999360
999999712
999999887
999999377
999999150
999999025
999999804
999999547
999999291
999999874
999999760
999999649
999999321
999999117
999999790
999999325
999999616
999999551
999999960
999999190
999999943
999999936
999999090
999999850
999999904
999999357
999999192
999999659
999999732
999999461
999999700
999999106
999999249
999999057
999999303
999999973
999999955
999999452
999999664
999999283
999999474
999999024
999999022
999999525
999999663
999999016
999999730
999999707
999999044
999999539
999999495
999999105
999999566
999999800
999999796
999999019
999999576
999999350
999999782
999999078
1000000004
999999504
999999532
999999583
999999231
999999035
999999281
999999401
999999012
999999939
999999567
999999978
999999613
999999333
999999829
999999140
999999546
999999369
999999655
999999364
999999398
999999815
999999516
999999512
999999822
999999342
999999378
999999719
1000000006
999999279
999999723
999999846
999999608
999999072
999999058
999999164
999999358
999999390
999999388
999999017
999999385
999999606
999999062
999999775
999999772
999999168
999999744
999999692
999999487
999999777
999999330
999999187
999999968
999999118
999999097
999999558
999999107
999999449
999999293
999999311
999999834
999999709
999999711
999999524
999999575
999999489
999999763
999999372
999999609
999999248
999999451
999999245
999999216
999999854
999999581
999999433
999999098
999999071
999999224
999999307
999999591
999999481
999999856
999999934
999999125
999999424
999999726
999999740
999999597
999999869
999999015
999999986
999999720
999999808
999999475
999999946
999999984
999999067
999999617
999999297
999999678
999999825
999999146
999999110
999999948
999999129
999999734
999999149
999999462
999999778
999999929
999999650
999999266
999999234
999999156
999999519
999999832
999999779
999999798
999999175
999999144
999999823
999999839
999999386
999999554
999999121
999999286
999999395
999999271
999999893
999999574
999999821
999999708
999999410
999999749
999999009
999999888
999999870
999999600
999999477
999999165
999999222
999999115
999999735
999999011
999999454
999999686
999999964
999999970
999999623
999999312
999999677
999999933
999999112
999999896
999999080
999999572
999999459
999999130
999999944
999999753
999999233
999999405
999999440
999999370
999999119
999999221
999999905
999999915
999999215
999999132
999999270
999999698
999999069
999999514
999999894
999999091
999999214
999999836
999999889
999999322
999999940
999999230
999999954
999999123
999999423
999999043
999999046
999999447
999999967
999999914
999999113
999999961
999999381
999999093
999999861
999999918
999999622
999999840
999999389
999999260
999999013
999999953
999999210
999999173
999999326
999999991
999999183
999999669
999999241
999999061
999999114
999999680
999999368
999999912
999999263
999999633
999999965
999999308
999999133
999999938
999999298
999999066
999999274
999999506
999999534
999999419
999999228
999999482
999999315
999999758
999999029
999999589
999999501
999999594
999999596
999999189
999999602
999999220
999999050
999999374
999999706
999999212
999999569
999999441
999999473
999999586
999999316
999999819
999999652
999999294
999999120
999999654
999999661
999999718
999999206
999999092
999999250
999999332
999999947
