999999498
999999375
999999753
999999321
999999064
999999758
999999359
999999622
999999204
999999153
999999852
999999178
999999872
999999217
999999963
999999712
999999912
999999429
999999471
999999657
999999833
999999196
999999098
999999174
999999449
999999503
999999482
999999559
999999391
999999173
999999279
999999134
999999945
999999264
999999733
999999046
999999944
999999356
999999655
999999132
999999226
999999441
999999377
999999141
999999577
999999291
999999616
999999393
999999418
999999960
999999007
999999397
999999640
999999664
999999421
999999378
999999651
999999118
999999666
999999564
999999081
999999673
999999787
999999964
999999025
999999636
999999124
999999719
999999631
999999029
999999942
999999558
999999303
999999766
999999700
999999366
999999112
999999858
999999254
999999978
999999771
999999034
999999538
999999840
999999336
999999658
999999505
999999809
999999473
999999355
999999079
999999615
999999353
999999010
999999895
999999601
999999962
999999289
999999123
999999565
999999596
999999259
999999744
999999144
999999803
999999288
999999535
999999972
999999283
999999612
999999832
999999358
999999061
999999550
999999386
999999754
999999708
999999791
999999707
999999521
999999820
999999630
999999836
999999148
999999405
999999493
999999014
999999013
999999091
999999829
999999489
999999031
999999088
999999099
999999086
999999253
999999082
999999430
999999077
999999332
999999969
999999203
999999648
999999734
999999175
999999902
999999066
999999339
999999087
999999491
1000000005
999999817
999999784
999999765
999999376
999999326
999999813
999999324
999999683
999999191
999999474
999999662
999999957
999999975
999999860
999999207
999999561
999999790
999999740
999999483
999999933
999999248
999999534
999999284
999999239
999999863
999999020
999999139
999999575
999999184
999999868
999999164
999999774
999999909
999999392
999999743
999999070
999999068
999999881
999999592
999999687
999999162
999999661
999999257
999999021
999999876
999999170
999999225
999999627
999999989
999999250
999999769
999999497
999999258
999999851
999999290
999999650
999999509
999999961
999999459
999999952
999999800
999999617
999999551
999999999
999999108
999999327
999999873
999999501
999999690
999999844
999999686
999999464
999999762
999999280
999999654
999999231
999999979
999999810
999999514
999999322
999999672
999999556
999999967
999999444
999999603
999999145
999999928
999999775
999999469
999999675
999999413
999999590
999999018
999999142
999999763
999999078
999999160
999999104
999999606
999999825
999999644
999999903
999999865
999999048
999999267
999999300
999999337
999999953
999999424
999999992
999999932
999999628
999999973
999999839
999999698
999999685
999999457
999999859
999999168
999999614
999999916
999999940
999999805
999999171
999999488
999999609
999999138
999999718
999999167
999999877
999999390
999999433
999999982
999999478
999999808
999999408
999999629
999999653
999999105
999999994
999999546
999999302
999999586
999999508
999999830
999999440
999999447
999999595
999999547
999999222
999999251
999999026
999999407
999999818
999999837
999999888
999999309
999999802
999999786
999999748
999999008
999999119
999999477
999999423
999999724
999999947
999999298
999999125
999999778
999999772
999999293
999999122
999999776
999999412
999999656
999999598
999999109
999999922
999999073
999999363
999999297
999999691
999999935
999999143
999999006
999999555
999999578
999999009
999999490
999999995
999999236
999999147
999999879
999999129
999999372
999999900
999999738
999999624
999999727
999999221
999999853
999999541
999999670
999999411
999999793
999999278
999999467
999999218
999999185
999999318
999999202
999999814
999999274
999999492
999999660
999999544
999999611
999999406
999999761
999999387
999999552
999999287
999999022
999999384
1000000001
999999755
999999427
999999499
999999931
999999737
999999083
999999127
999999623
999999659
999999811
999999183
999999996
999999676
999999570
999999789
999999396
999999632
999999526
999999028
999999211
999999768
999999780
999999486
999999910
999999382
999999432
999999926
999999770
999999016
999999442
999999193
999999032
999999930
999999864
999999716
999999033
999999804
999999111
999999581
999999893
999999946
999999312
999999400
999999286
999999807
999999379
999999905
999999121
999999011
999999398
999999180
999999782
999999783
999999574
999999157
999999842
999999777
999999857
999999252
999999213
999999701
999999652
999999584
999999714
999999205
999999249
999999591
999999115
999999798
999999643
999999209
999999431
999999536
999999360
999999220
999999706
999999381
999999266
999999419
999999824
999999525
999999899
999999518
999999235
999999875
999999847
999999682
1000000004
999999047
999999779
999999937
999999826
999999106
999999487
999999736
999999463
999999044
999999074
999999055
999999345
999999374
999999425
999999502
999999320
999999189
999999146
999999841
999999186
999999269
999999573
999999915
999999179
999999197
999999886
999999965
999999827
999999435
999999634
999999475
999999883
999999192
999999120
999999746
999999329
999999729
999999385
999999517
999999495
999999307
999999371
999999057
999999107
999999665
999999328
999999927
999999557
999999638
999999069
999999924
999999331
999999516
999999035
999999383
999999199
999999346
999999610
999999294
999999340
999999867
999999752
999999451
999999635
999999494
999999620
999999037
999999901
999999067
999999966
999999349
999999268
999999275
999999834
999999513
999999097
999999299
999999906
999999277
999999563
999999052
999999306
999999773
999999626
999999256
999999452
999999304
999999693
1000000002
999999335
999999605
999999723
999999172
999999600
999999364
999999742
999999756
999999968
999999896
999999276
999999585
999999093
999999049
999999882
999999096
999999045
999999301
999999438
999999848
999999101
999999466
999999232
999999539
999999955
999999889
999999689
999999042
999999799
999999242
999999668
999999828
999999504
999999911
999999728
999999531
999999260
999999572
999999341
999999195
999999050
999999190
999999717
999999403
999999165
999999229
999999869
999999206
999999094
999999156
999999149
999999568
999999255
999999855
999999241
999999224
999999990
999999597
999999543
999999823
999999281
999999434
999999527
999999273
999999480
999999330
999999647
999999530
999999943
999999131
999999702
999999726
999999368
999999263
999999219
999999822
999999062
999999357
999999076
999999230
999999831
999999938
999999696
999999188
999999545
999999880
999999788
999999812
999999797
999999399
999999704
999999177
999999887
999999456
999999884
999999237
999999130
999999671
999999054
999999542
999999163
999999974
999999692
999999608
999999921
999999103
999999904
999999354
999999470
999999725
999999529
999999749
999999951
999999246
999999710
999999465
999999338
999999176
999999709
999999223
999999669
999999244
999999688
999999151
999999560
999999323
999999697
999999843
999999075
999999750
999999462
999999821
999999894
999999914
999999846
999999681
999999862
999999448
999999238
999999388
999999633
999999210
999999511
999999334
999999897
999999619
999999023
999999997
999999056
999999861
999999602
999999182
999999036
999999428
999999422
999999154
999999985
999999891
999999576
999999548
999999856
999999348
999999484
999999059
999999367
999999080
999999282
999999095
999999941
999999135
999999159
999999476
999999038
999999991
999999678
999999917
999999537
999999711
999999970
999999907
999999838
999999866
999999410
999999532
999999373
999999745
999999984
999999234
999999243
999999871
999999039
999999760
999999878
999999618
999999414
999999140
999999987
999999795
999999310
999999117
999999613
999999271
999999262
999999507
999999512
999999295
999999741
999999085
999999445
999999923
999999958
999999908
999999136
999999731
999999959
999999166
999999128
999999835
999999060
999999227
999999319
999999850
999999090
999999588
999999027
999999699
999999454
999999137
999999043
999999854
999999272
999999314
999999240
999999415
999999925
999999649
999999920
999999426
999999187
999999599
999999261
1000000000
999999993
999999215
999999721
999999715
999999015
999999549
999999849
999999200
999999981
999999562
999999214
999999416
999999446
999999350
999999519
999999460
999999781
999999874
999999645
999999296
999999667
999999485
999999347
999999342
999999918
999999313
999999019
999999017
999999939
999999722
999999980
999999395
999999954
999999735
999999024
999999247
999999986
999999739
999999058
999999785
999999228
999999315
999999533
999999705
999999806
999999311
999999898
999999437
999999317
999999181
999999680
999999169
999999639
999999439
999999934
999999201
999999759
999999084
999999481
999999674
999999369
999999936
999999677
999999641
999999362
999999522
999999816
999999582
999999063
999999233
999999089
999999208
999999713
999999420
999999496
999999455
999999308
999999571
999999102
999999404
999999524
999999971
999999030
999999361
999999212
999999380
999999919
999999110
999999053
999999988
999999679
999999150
999999370
999999343
999999621
999999351
999999100
999999071
999999792
999999845
999999694
999999983
999999637
999999500
999999292
999999113
999999642
999999913
999999458
999999216
999999569
999999344
999999587
999999155
999999976
999999579
999999815
999999409
999999794
999999520
999999885
999999450
999999158
999999365
999999198
999999553
999999892
999999305
999999265
999999479
999999890
999999040
999999389
999999870
999999583
999999757
999999152
999999796
999999929
999999472
999999072
999999977
1000000003
999999461
999999695
999999730
999999065
999999528
999999126
999999133
999999285
999999333
999999607
999999394
999999316
999999510
999999325
999999402
999999194
999999956
999999245
999999751
999999453
999999417
999999566
999999801
999999948
999999161
999999625
999999819
999999443
999999051
999999352
999999116
999999554
999999506
999999684
999999092
999999950
999999767
999999401
999999593
999999515
999999646
999999567
999999747
999999663
999999540
999999998
999999270
999999523
999999594
999999949
999999436
999999114
999999720
999999732
999999764
999999468
999999604
999999041
999999589
999999703
999999580
999999012
999999705
999999032
999999717
999999159
999999383
999999327
999999399
999999369
999999337
999999080
999999256
999999599
999999900
999999553
999999756
999999366
999999488
999999820
999999831
999999785
999999771
999999429
999999418
999999628
999999315
999999029
999999430
999999586
999999357
999999340
999999348
999999445
999999986
999999555
999999639
999999520
999999218
999999515
999999224
999999137
999999110
999999854
999999457
999999589
999999518
999999453
999999452
999999061
999999448
999999966
999999740
999999157
999999646
999999412
999999379
999999640
999999241
999999329
999999193
999999743
999999273
999999694
999999811
999999782
999999173
999999567
999999300
999999613
999999597
999999151
999999309
999999266
999999059
999999830
999999942
999999104
999999109
999999459
999999034
999999937
999999973
999999765
999999045
999999860
999999901
999999712
999999778
999999282
999999191
999999916
999999262
999999388
999999183
999999332
999999017
999999471
999999250
999999152
999999754
999999408
999999735
999999618
999999390
999999657
999999051
999999846
999999335
999999249
999999129
999999395
999999477
999999542
999999688
999999294
999999843
999999616
999999792
999999092
999999230
999999992
999999009
999999781
999999016
999999940
999999803
999999196
999999987
999999972
999999801
999999727
999999398
999999522
999999414
999999510
999999207
999999817
999999314
999999136
999999393
999999077
999999028
999999601
999999665
999999755
999999243
999999825
999999469
999999591
999999945
999999277
999999902
999999494
999999031
999999025
999999706
999999075
999999708
999999845
999999264
999999807
999999145
999999724
999999257
999999163
999999684
999999761
999999676
999999497
999999458
999999276
999999496
999999359
999999718
999999732
999999797
999999660
999999156
999999303
999999770
999999279
999999917
999999007
999999394
999999672
999999851
999999310
999999834
999999036
999999573
999999930
999999559
999999108
999999368
999999011
999999391
999999678
999999764
999999020
999999188
999999326
999999420
999999265
999999063
999999852
999999853
999999862
999999311
999999305
999999829
999999707
999999117
999999531
999999227
999999396
999999377
1000000004
999999550
999999119
999999220
999999650
999999289
999999910
999999682
999999037
999999791
999999419
999999225
999999313
999999537
999999713
999999798
999999060
999999608
999999858
999999143
999999302
999999363
999999364
999999649
999999472
999999654
999999148
999999582
999999750
999999247
999999644
999999254
999999205
999999627
999999716
999999799
999999406
999999146
999999027
999999552
999999103
999999105
999999307
999999425
999999549
999999631
999999511
999999738
999999126
999999836
999999547
999999079
999999041
999999024
999999841
999999164
999999192
999999624
999999933
999999635
999999848
999999161
999999339
999999695
999999084
999999089
999999767
999999178
999999141
999999130
999999538
999999184
999999648
999999212
999999822
999999287
999999462
999999789
999999403
999999194
999999757
999999304
999999198
999999066
999999131
999999336
999999816
999999876
999999190
999999320
999999155
999999802
999999014
999999899
999999351
999999297
999999272
999999932
999999055
999999871
999999167
999999318
999999742
999999943
999999465
999999253
999999905
999999950
999999920
999999544
999999958
999999890
999999200
999999102
999999882
999999139
999999760
999999963
999999997
999999238
999999402
999999113
999999417
999999235
999999633
999999661
999999681
999999371
999999808
999999790
999999267
999999209
999999923
999999101
999999981
999999679
999999328
999999330
999999622
999999203
999999563
999999922
999999977
999999322
999999699
999999269
999999233
999999658
999999927
999999967
999999013
999999065
999999956
999999667
999999564
999999669
999999898
999999532
999999947
999999033
999999121
999999663
999999083
999999442
999999168
999999784
1000000001
999999240
999999668
999999128
999999295
999999985
999999047
999999804
999999473
999999082
999999883
999999583
999999321
999999709
999999612
999999350
999999093
999999632
999999527
999999575
999999180
999999409
999999513
999999655
999999777
999999893
999999421
999999154
999999400
999999881
999999095
999999517
999999741
999999875
999999355
999999556
999999150
999999451
999999182
999999809
999999861
999999560
999999495
999999356
999999832
999999244
999999298
999999407
999999158
999999800
999999370
999999897
999999880
999999793
999999914
999999301
999999410
999999562
999999022
999999638
999999959
999999606
999999280
999999306
999999534
999999530
999999210
999999919
999999492
999999524
999999144
999999283
999999404
999999107
999999723
999999346
999999693
999999170
999999342
999999064
999999437
999999439
999999503
999999468
999999620
999999237
999999747
999999521
999999980
999999572
999999603
999999181
999999758
999999719
999999766
999999526
999999795
999999749
999999088
999999291
999999540
999999122
999999647
999999951
999999915
999999602
999999213
999999691
999999751
999999868
999999217
999999944
999999960
999999715
999999470
999999259
999999050
999999965
999999888
999999353
999999725
999999671
999999358
999999827
999999081
999999138
999999380
999999884
999999460
999999748
999999675
999999968
999999763
999999690
999999365
999999018
999999999
999999048
999999786
999999737
999999175
999999720
999999776
999999545
999999957
999999630
999999118
999999528
999999847
999999252
999999837
999999211
999999548
999999873
999999281
999999299
999999085
999999692
999999643
999999824
1000000005
999999071
999999666
999999971
999999415
999999367
999999042
999999576
999999397
999999485
999999700
999999991
999999463
999999090
999999924
999999673
999999729
999999456
999999885
999999263
999999044
999999592
999999877
999999076
999999926
999999268
999999939
999999983
999999480
999999153
999999474
999999869
999999961
999999634
999999068
999999903
999999946
999999052
999999775
999999319
999999823
999999172
999999422
999999578
999999222
999999135
999999721
999999656
999999312
999999440
999999585
999999010
999999245
999999659
999999773
999999814
999999722
999999506
999999499
999999911
999999021
999999584
999999376
999999566
999999423
999999726
999999375
999999994
999999768
999999202
999999929
999999447
999999878
999999215
999999642
999999982
999999134
999999260
999999580
999999236
999999979
999999132
999999952
999999988
999999246
999999745
999999683
999999424
999999290
999999098
999999525
999999653
999999921
999999285
1000000003
999999570
999999382
999999535
999999454
999999696
999999179
999999913
999999895
999999206
999999546
999999590
999999733
999999976
999999670
999999501
999999073
999999588
999999762
999999208
999999443
999999490
999999360
999999498
999999127
999999938
999999493
999999231
999999990
999999607
999999317
999999739
999999455
999999662
999999149
999999387
999999523
999999677
999999214
999999685
999999484
999999255
999999481
999999686
999999228
999999989
999999512
999999908
999999787
999999441
999999062
999999232
999999714
999999821
999999698
1000000002
999999796
999999502
999999278
999999436
999999969
999999434
999999133
999999333
999999818
999999428
999999142
999999879
999999865
999999446
999999702
999999069
999999780
999999840
999999805
999999600
999999772
999999432
999999491
999999598
999999978
999999124
999999812
999999482
999999536
999999500
999999593
999999996
999999296
999999574
999999701
999999054
999999619
999999856
999999569
999999195
999999392
999999165
999999056
999999554
999999040
999999866
999999411
999999711
999999519
999999160
999999610
999999819
999999323
999999892
999999361
999999806
999999006
999999270
999999147
999999140
999999935
999999906
999999413
999999623
999999372
999999293
999999219
999999234
999999571
999999637
999999338
999999541
999999248
999999489
999999344
999999912
999999444
999999689
999999507
999999115
999999674
999999925
999999431
999999012
999999112
999999842
999999629
999999106
999999611
999999936
999999731
999999374
999999844
999999226
999999828
999999475
999999955
999999870
999999664
999999461
999999347
999999964
999999614
999999381
999999385
999999551
999999274
999999401
999999849
999999835
999999934
999999008
999999810
999999887
999999636
999999594
999999641
999999794
999999114
999999162
999999626
999999349
999999324
999999728
999999736
999999023
999999316
999999838
999999216
999999201
999999652
999999091
999999621
999999325
999999185
999999229
999999486
999999433
999999479
999999734
999999577
999999039
999999284
999999239
999999251
999999331
999999242
999999373
999999909
999999058
999999308
999999099
999999907
999999341
999999035
999999464
999999271
999999389
999999557
999999918
999999505
999999386
999999704
999999378
999999435
999999539
999999859
999999984
999999863
999999954
999999487
999999516
999999466
999999478
999999343
999999019
999999746
999999450
999999070
999999087
999999769
999999595
999999258
999999813
999999292
999999026
999999177
999999286
999999187
999999867
999999067
999999975
999999074
999999072
999999354
999999514
999999111
999999896
999999362
999999857
999999587
999999995
999999221
999999730
999999509
999999199
999999788
999999962
999999097
999999579
999999783
999999894
999999904
999999015
999999197
999999605
999999891
999999565
999999438
999999120
999999833
999999974
1000000000
999999874
999999596
999999174
999999405
999999753
999999057
999999948
999999886
999999169
999999826
999999949
999999261
999999941
999999046
999999651
999999872
999999779
999999125
999999855
999999744
999999043
999999116
999999970
999999680
999999543
999999604
999999275
999999931
999999998
999999889
999999053
999999030
999999189
999999176
999999449
999999334
999999186
999999096
999999568
999999427
999999533
999999508
999999561
999999617
999999483
999999416
999999086
999999703
999999529
999999100
999999345
999999038
999999094
999999558
999999123
999999928
999999759
999999166
999999467
999999697
999999476
999999615
999999850
999999687
999999352
999999384
999999609
999999078
999999710
999999171
999999815
999999288
999999625
999999839
999999953
999999752
999999774
999999426
999999223
999999049
999999204
999999864
999999993
999999645
999999581
999999504
999999398
999999388
999999149
999999367
999999967
999999303
999999759
999999740
999999987
999999365
999999155
999999459
999999922
999999480
999999461
999999631
999999717
999999594
999999944
999999176
999999457
999999941
999999275
999999379
999999295
999999876
999999966
999999524
999999273
999999007
999999384
999999120
999999078
999999872
999999905
999999368
999999928
999999573
999999369
999999527
999999086
999999972
999999745
999999728
999999439
999999103
999999073
999999045
999999222
999999192
999999583
999999474
999999318
999999826
999999820
999999833
999999052
999999430
999999215
999999681
999999243
999999358
999999200
999999616
999999641
999999784
999999300
999999032
999999107
999999800
999999100
999999494
999999049
999999195
999999436
999999154
999999431
999999877
999999245
999999399
999999866
999999496
999999675
999999401
999999220
999999211
999999604
999999441
999999106
999999692
999999889
999999249
999999985
999999574
999999708
999999193
999999057
999999919
999999259
999999178
999999248
999999632
999999930
999999885
999999012
999999720
999999734
999999671
999999499
999999396
999999627
999999995
999999099
999999315
999999769
999999216
999999559
999999030
999999563
999999951
999999522
999999179
999999375
999999970
999999547
999999497
999999550
999999468
999999018
999999729
999999870
999999068
999999471
999999067
999999481
999999929
999999186
999999271
999999704
999999554
999999140
999999362
999999954
999999685
999999585
999999815
999999564
999999568
999999615
999999446
999999113
999999757
999999978
999999640
999999424
999999942
999999235
999999261
999999959
999999048
999999860
999999911
999999983
999999089
999999879
999999988
999999376
999999969
999999854
999999093
999999634
1000000005
999999146
999999828
999999758
999999225
999999386
999999507
999999331
999999169
999999241
999999356
999999755
999999700
999999306
999999199
999999102
999999173
999999910
999999968
999999164
999999965
999999572
999999329
999999064
999999425
999999670
999999334
999999732
999999493
999999861
999999298
999999212
999999823
999999088
999999934
999999130
999999558
999999486
999999867
999999075
999999533
999999537
999999117
999999017
999999562
999999770
999999659
999999645
999999065
999999209
999999894
999999940
999999326
999999371
999999924
999999350
999999219
999999385
999999890
999999094
999999076
999999006
999999639
999999135
999999760
999999035
999999440
999999479
999999702
999999182
999999807
999999555
999999392
999999378
999999626
999999292
999999726
999999577
999999764
999999345
999999344
999999420
999999097
999999324
999999279
999999024
999999403
999999767
999999619
999999774
999999813
999999610
999999824
999999600
999999145
999999901
999999567
999999483
999999062
999999339
999999900
999999799
999999159
999999299
999999309
999999238
999999746
999999703
999999743
999999469
999999231
999999529
999999642
999999321
999999908
999999484
1000000001
999999428
999999888
999999690
999999569
999999203
999999380
999999981
999999851
999999791
999999710
999999658
999999116
999999289
999999630
999999575
999999515
999999933
999999680
999999584
999999039
999999785
999999716
999999084
999999316
999999646
999999274
999999748
999999464
999999044
999999960
999999473
999999489
999999984
999999923
999999322
999999647
999999571
999999598
999999278
999999069
999999213
999999896
999999421
999999330
999999181
999999672
999999287
999999651
999999795
999999624
999999837
999999538
999999447
999999347
999999291
999999016
999999132
999999991
999999819
999999253
999999542
999999782
999999092
999999357
999999948
999999177
999999340
999999644
999999925
999999765
999999793
999999843
999999679
999999892
999999653
999999252
999999557
1000000003
999999335
999999491
999999460
999999962
999999293
999999393
999999517
999999669
999999654
999999036
999999361
999999389
999999482
999999852
999999272
999999319
999999449
999999422
999999805
999999611
999999498
999999858
999999419
999999247
999999650
999999706
999999328
999999620
999999051
999999783
999999258
999999803
999999229
999999629
999999811
999999809
999999909
999999313
999999979
999999041
999999935
999999297
999999127
999999098
999999859
999999992
999999794
999999472
999999973
999999444
999999426
999999180
999999465
999999663
999999887
999999423
999999990
999999688
999999939
999999157
999999257
999999046
999999144
999999883
999999168
999999937
999999308
999999290
999999125
999999153
999999943
999999766
999999262
999999059
999999593
999999845
999999603
999999724
999999841
999999994
999999206
999999606
999999915
999999214
999999725
999999307
999999454
999999834
999999963
999999432
999999085
999999023
999999904
999999761
999999957
999999349
999999591
999999525
999999397
999999337
999999814
999999310
999999723
999999165
999999136
999999170
999999034
999999839
999999737
999999221
999999621
999999595
999999161
999999789
999999741
999999666
999999721
999999408
999999592
999999676
999999327
999999705
999999082
999999453
999999543
999999796
999999311
999999842
999999961
999999781
999999412
999999742
999999244
999999886
999999756
999999812
999999738
999999505
999999477
999999719
999999148
999999166
999999638
999999370
999999605
999999143
999999662
999999850
999999597
999999131
999999208
999999022
999999608
999999582
999999902
999999777
999999183
999999862
999999242
999999359
999999123
999999736
999999205
999999341
999999707
999999124
999999695
999999536
999999511
999999602
999999286
999999579
999999836
999999831
999999893
999999288
999999276
999999129
999999735
999999228
999999664
999999545
999999701
999999381
999999635
999999121
999999913
999999294
999999786
999999578
999999871
999999503
999999487
999999254
999999643
999999251
999999142
999999360
999999722
999999147
999999227
999999694
999999926
999999263
999999566
999999283
999999727
999999202
999999920
999999020
999999070
999999137
999999383
999999798
999999556
999999512
999999218
999999455
999999625
999999976
999999490
999999091
999999198
999999250
999999853
999999628
999999260
999999407
999999863
999999897
999999188
999999835
999999881
999999958
999999201
999999128
999999844
999999552
999999599
999999953
999999612
999999115
999999418
999999790
999999673
999999492
999999056
999999684
999999570
999999096
999999508
999999391
999999172
999999540
999999452
999999265
999999607
999999351
999999907
999999502
999999387
999999296
999999232
999999683
999999744
999999050
999999264
999999377
999999055
999999715
999999980
999999255
999999526
999999141
999999060
999999750
999999660
999999074
999999110
999999596
999999467
999999771
999999699
999999066
999999655
999999008
999999912
999999402
999999029
999999246
999999256
999999156
999999280
999999918
999999549
999999210
999999009
999999114
999999601
999999674
999999849
999999435
999999405
999999523
999999808
999999372
999999478
999999026
999999395
999999657
999999223
999999040
999999916
999999751
999999691
999999355
999999868
999999458
999999191
999999190
999999364
999999971
999999404
999999516
999999266
999999614
999999821
999999648
999999015
999999977
999999609
999999731
999999848
999999230
999999895
999999999
999999856
999999989
999999072
1000000004
999999665
1000000000
999999448
999999613
999999038
999999268
999999014
999999374
999999964
999999950
999999138
999999880
999999352
999999974
999999682
999999109
999999013
999999709
999999718
999999332
999999518
999999071
999999576
999999224
999999846
999999622
999999810
999999873
999999312
999999528
999999921
999999111
999999282
999999587
999999414
999999792
999999112
999999390
999999118
999999495
999999633
999999079
999999519
999999899
999999054
999999194
999999433
999999997
999999317
999999366
999999773
999999838
999999531
999999343
999999240
999999342
999999429
999999122
999999539
999999196
999999506
999999080
999999119
999999561
999999698
999999586
999999752
999999982
999999551
999999822
999999269
999999713
999999158
999999869
999999797
999999975
999999033
999999936
999999031
999999236
999999693
999999450
999999898
999999589
999999667
1000000002
999999061
999999338
999999462
999999504
999999336
999999623
999999476
999999416
999999580
999999772
999999864
999999025
999999788
999999301
999999827
999999105
999999945
999999150
999999949
999999451
999999762
999999083
999999333
999999581
999999652
999999233
999999037
999999830
999999077
999999237
999999162
999999437
999999302
999999081
999999175
999999776
999999126
999999878
999999500
999999802
999999382
999999617
999999415
999999947
999999696
999999996
999999865
999999406
999999917
999999509
999999438
999999463
999999825
999999780
999999063
999999829
999999747
999999952
999999804
999999548
999999354
999999816
999999226
999999304
999999234
999999501
999999281
999999546
999999534
999999456
999999565
999999998
999999204
999999530
999999053
999999021
999999019
999999042
999999739
999999167
999999284
999999931
999999832
999999553
999999134
999999753
999999185
999999323
999999711
999999618
999999413
999999588
999999637
999999544
999999485
999999187
999999442
999999184
999999510
999999108
999999171
999999027
999999768
999999754
999999818
999999427
999999656
999999636
999999649
999999466
999999139
999999314
999999521
999999152
999999541
999999927
999999353
999999101
999999520
999999197
999999763
999999956
999999320
999999749
999999285
999999903
999999346
999999668
999999207
999999443
999999891
999999875
999999277
999999217
999999411
999999028
999999678
999999687
999999847
999999043
999999661
999999325
999999058
999999932
999999174
999999697
999999806
999999394
999999475
999999946
999999189
999999373
999999305
999999151
999999160
999999779
999999778
999999514
999999010
999999884
999999409
999999855
999999787
999999434
999999938
999999730
999999400
999999239
999999801
999999090
999999686
999999445
999999882
999999270
999999104
999999047
999999417
999999348
999999590
999999993
999999840
999999470
999999857
999999267
999999817
999999914
999999714
999999712
999999488
999999087
999999513
999999095
999999775
999999677
999999986
999999535
999999163
999999906
999999560
999999955
999999532
999999011
999999874
999999410
999999363
999999133
999999689
999999733
999999402
999999170
999999504
999999801
999999241
999999542
999999806
999999852
999999308
999999335
999999570
999999242
999999083
999999314
999999876
999999418
999999851
999999486
999999082
999999696
999999977
999999540
999999386
999999614
999999174
999999125
999999465
999999796
999999218
999999637
999999302
999999549
999999476
999999916
999999826
999999698
999999913
999999227
999999022
999999407
999999950
999999682
999999875
999999467
999999966
999999963
999999915
999999990
999999794
999999095
999999601
999999736
999999694
999999782
999999179
999999561
999999922
999999475
999999378
999999892
999999903
999999169
999999865
999999924
999999547
999999738
999999430
999999257
999999558
999999935
999999088
999999037
999999776
999999893
999999734
999999288
999999829
999999572
999999965
999999936
999999919
999999452
999999360
999999836
999999056
999999325
999999416
999999367
999999925
999999783
999999244
999999749
999999482
999999283
999999651
999999546
999999234
999999534
999999385
999999478
999999983
999999255
999999686
999999541
999999439
999999702
999999620
999999754
999999426
999999909
999999745
999999722
999999395
999999622
999999642
999999995
999999187
999999181
999999855
999999860
999999587
999999643
999999114
999999610
999999464
999999828
999999094
999999076
999999398
999999630
999999499
999999678
999999613
999999427
999999945
999999091
999999182
999999657
999999937
999999313
999999203
999999762
999999044
999999929
999999793
999999999
999999210
999999355
999999795
999999545
999999939
999999563
999999737
999999930
999999016
999999081
999999813
999999448
999999962
999999567
999999746
999999362
999999907
999999324
999999190
999999775
999999653
999999562
999999102
999999911
999999797
999999466
999999366
999999310
999999662
999999133
999999306
999999204
999999768
999999949
999999151
999999300
999999515
999999910
999999410
999999018
999999848
999999720
999999039
999999123
999999014
999999781
999999132
999999708
999999685
999999377
999999071
999999389
999999878
999999602
999999998
999999805
999999247
999999040
999999160
999999970
999999405
999999333
999999199
999999958
999999964
999999481
999999503
999999765
999999661
999999311
999999186
999999010
999999286
999999099
999999638
999999342
999999353
999999791
999999487
999999718
999999408
999999786
999999126
999999352
999999814
999999609
999999445
999999629
999999297
999999406
999999390
999999564
999999077
999999027
999999284
999999438
999999012
999999636
999999830
999999365
999999576
999999988
999999200
999999150
999999592
999999045
999999017
999999494
999999578
999999900
999999184
999999267
999999902
999999483
999999597
999999974
999999868
999999100
999999175
999999252
999999634
999999239
999999090
999999850
999999605
999999976
999999116
999999887
999999717
999999347
999999621
999999336
999999329
999999380
999999440
999999364
999999357
999999894
999999571
999999719
999999675
999999145
999999767
999999369
999999195
999999608
999999543
999999818
999999468
999999603
999999305
999999523
999999918
999999565
999999197
999999350
999999979
999999896
1000000003
999999821
999999525
999999392
999999268
999999792
999999744
999999238
999999294
999999384
999999978
999999733
999999049
999999471
999999042
999999764
999999152
999999914
999999645
999999372
999999047
999999784
999999220
999999428
999999771
999999211
999999381
999999652
999999984
999999710
999999250
999999676
999999812
999999417
999999456
999999533
999999470
999999142
999999520
999999065
999999379
999999895
999999870
999999566
999999758
999999969
999999973
999999579
999999731
999999343
999999066
999999961
999999856
999999672
999999508
999999376
999999265
999999477
999999669
999999278
999999383
999999098
999999007
999999713
999999304
999999272
999999469
999999036
999999401
999999460
999999679
999999205
999999834
999999557
999999560
999999847
999999323
999999143
999999109
999999435
999999559
999999853
999999884
999999586
999999013
999999276
999999124
999999345
999999249
999999280
999999433
999999270
999999048
999999724
999999115
999999975
999999928
999999753
999999886
999999811
999999144
999999971
999999518
999999741
999999522
999999035
1000000004
999999338
999999135
999999485
999999391
999999501
999999905
999999146
999999779
999999069
999999130
999999437
999999626
999999840
999999167
999999246
999999455
999999763
999999291
999999726
999999986
999999844
999999666
999999948
999999519
999999457
999999607
999999397
999999346
999999548
999999677
999999799
999999641
999999041
999999421
999999697
999999307
999999808
999999780
999999732
999999086
999999474
999999031
999999923
999999885
999999756
999999147
999999683
999999370
999999789
999999223
999999285
999999505
999999582
999999646
999999747
999999009
999999245
999999052
999999591
999999458
999999883
999999332
999999089
999999701
999999589
999999524
999999668
999999704
999999301
999999594
999999671
999999684
999999729
999999019
999999843
999999750
999999375
999999723
999999659
999999628
999999623
999999690
999999387
999999492
999999303
999999981
999999046
999999158
999999331
999999075
999999674
999999097
999999059
999999399
999999106
999999692
999999819
999999954
999999632
999999263
999999529
999999946
999999348
999999312
999999368
999999033
999999535
999999061
999999339
999999129
999999253
999999691
999999420
999999020
999999409
999999423
999999596
999999194
999999231
999999162
999999539
999999898
999999953
999999153
999999498
1000000001
999999839
999999121
999999581
999999658
999999156
999999413
999999029
999999422
999999511
999999575
999999118
999999772
999999432
999999025
999999867
999999164
999999226
999999514
999999171
999999444
999999831
999999647
999999495
999999680
999999425
999999509
999999700
999999617
999999217
999999235
999999858
999999612
999999317
999999275
999999810
999999759
999999940
999999871
999999043
999999396
999999967
999999319
999999296
999999479
999999461
999999149
999999443
999999599
999999997
999999665
999999292
999999933
999999544
999999901
999999063
999999688
999999489
999999835
999999502
999999139
999999842
999999959
999999269
999999051
999999530
999999394
999999243
999999833
999999290
999999897
999999103
999999110
999999689
999999054
999999008
999999537
999999359
999999321
999999188
999999727
999999633
999999751
999999119
999999556
999999667
999999058
999999721
999999092
999999441
999999155
999999598
999999631
999999992
1000000005
999999774
999999584
999999382
999999216
999999484
999999277
999999429
999999926
999999207
999999904
999999739
999999635
999999011
999999577
999999809
999999026
999999166
999999176
999999225
999999316
999999917
999999550
999999648
999999281
999999552
999999178
999999735
999999987
999999693
999999663
999999361
999999021
999999823
999999488
999999755
999999072
999999773
999999221
999999215
999999619
999999161
999999957
999999711
999999454
999999024
999999183
999999516
999999050
999999414
999999193
999999496
999999656
999999138
999999248
999999730
999999064
999999085
999999192
999999209
999999906
999999944
999999742
999999446
999999593
999999752
999999415
999999585
999999363
999999228
999999127
999999849
999999057
999999287
999999703
999999224
999999344
999999264
999999254
999999664
999999846
999999956
999999497
999999802
999999165
999999006
999999841
999999864
999999972
999999219
999999236
999999096
999999117
999999447
999999761
999999185
999999459
999999232
999999274
999999859
999999521
999999113
999999473
999999891
999999527
999999074
999999982
999999442
999999941
999999154
999999349
999999882
999999787
999999880
999999419
999999261
999999827
999999198
999999141
999999968
999999553
999999480
999999890
999999874
999999015
999999595
999999206
999999424
999999282
999999816
999999189
999999778
999999340
999999725
999999330
999999881
999999681
999999927
999999322
999999920
999999991
999999832
999999327
999999877
999999073
999999943
999999889
999999266
999999699
999999212
999999358
999999955
999999728
999999341
999999023
999999108
999999568
999999053
999999512
999999334
999999985
999999101
999999374
999999320
999999854
999999500
999999526
999999938
999999655
999999214
999999104
999999790
999999233
999999493
999999093
999999371
999999583
999999817
999999714
999999960
999999068
999999788
999999757
999999857
1000000002
999999159
999999908
999999262
999999807
999999404
999999080
999999140
999999298
999999800
999999770
999999600
999999222
999999431
999999070
999999785
999999604
999999934
999999994
999999326
999999180
999999551
999999845
999999356
999999942
999999712
999999824
999999507
999999411
999999434
999999168
999999822
999999740
999999649
999999136
999999615
999999624
999999087
999999888
999999510
999999173
999999670
999999803
999999820
999999293
999999947
999999328
999999528
1000000000
999999625
999999351
999999172
999999450
999999506
999999163
999999993
999999120
999999673
999999815
999999536
999999695
999999251
999999295
999999436
999999463
999999798
999999196
999999650
999999451
999999932
999999513
999999279
999999760
999999766
999999107
999999748
999999866
999999208
999999453
999999315
999999111
999999273
999999393
999999258
999999490
999999709
999999131
999999105
999999931
999999989
999999240
999999644
999999872
999999804
999999472
999999996
999999627
999999462
999999838
999999032
999999400
999999580
999999237
999999555
999999588
999999517
999999271
999999531
999999067
999999616
999999157
999999084
999999639
999999412
999999532
999999825
999999128
999999177
999999899
999999191
999999769
999999862
999999618
999999148
999999201
999999403
999999879
999999078
999999912
999999873
999999590
999999449
999999028
999999640
999999354
999999122
999999863
999999134
999999337
999999921
999999980
999999260
999999229
999999299
999999951
999999373
999999309
999999034
999999952
999999660
999999606
999999112
999999202
999999654
999999687
999999030
999999491
999999256
999999388
999999055
999999038
999999569
999999743
999999869
999999573
999999554
999999837
999999861
999999060
999999705
999999611
999999289
999999318
999999707
999999777
999999230
999999538
999999716
999999706
999999715
999999137
999999259
999999079
999999062
999999574
999999213
