999998966
999999223
999998774
999999478
999999015
999999373
999998954
999998898
999999366
999999089
999999213
999998900
999998906
999999265
999999144
999999140
999999109
999999273
999999177
999999392
999998817
999999057
999999620
999999653
999999614
999999492
999998877
999999174
999999287
999999701
999999425
999999406
999999656
999998896
999998943
999998915
999999411
999999250
999999738
999999204
999999566
999999240
999999339
999999295
999999134
999999703
999999151
999999053
999998975
999998855
999999622
999999154
999999231
999999593
999998826
999999496
999999717
999999720
999999043
999998949
999999322
999999066
999999664
999999673
999999009
999999361
999999050
999998854
999999101
999999582
999999629
999999031
999999414
999999562
999998882
999998848
999998870
999999129
999999336
999999542
999999641
999998803
999999005
999999280
999998862
999998967
999999405
999999607
999999756
999999601
999999556
999999084
999999225
999998819
999999493
999999108
999999203
999999632
999999539
999999330
999999064
999999481
999998839
999998959
999999544
999998846
999999758
999999692
999999162
999999187
999998988
999999236
999999399
999999146
999999510
999999305
999999382
999998842
999999128
999998793
999999369
999999260
999999011
999998829
999998918
999999757
999999747
999999071
999999292
999999752
999999588
999999418
999998936
999999374
999999226
999999218
999999575
999998932
999998884
999999307
999998938
999999256
999999290
999998847
999999147
999999311
999998939
999998929
999998775
999998788
999999122
999999342
999999605
999999613
999999006
999999549
999999242
999999688
999999271
999999742
999999302
999999403
999999519
999999730
999999059
999999045
999999111
999999163
999998876
999998981
999999596
999998994
999999661
999999259
999999400
999999055
999998868
999999633
999998962
999999049
999998864
999999143
999999540
999998794
999999482
999999699
999998831
999999456
999999536
999999130
999999581
999999689
999999197
999998940
999999276
999999052
999999350
999999040
999999419
999999018
999999338
999999489
999999288
999999672
999999365
999998813
999999409
999999396
999998947
999998763
999999398
999999000
999999423
999999023
999999334
999999559
999999580
999998823
999998955
999999439
999998781
999999739
999998986
999998933
999999212
999999229
999999275
999999127
999999179
999998997
999999267
999999666
999998920
999999171
999999387
999999642
999999530
999999266
999999051
999999088
999999453
999999074
999999380
999998836
999999741
999998787
999999317
999998965
999999422
999999658
999999148
999999183
999999070
999999104
999999724
999999054
999999358
999999451
999999160
999999019
999999196
999998869
999998865
999999321
999999190
999999309
999999455
999999734
999998773
999999205
999999667
999999746
999999308
999999370
999999648
999998815
999998850
999998984
999999513
999999356
999999505
999999485
999998814
999998987
999999518
999998857
999998764
999999364
999999155
999999727
999999452
999999715
999998760
999998811
999999131
999999268
999999678
999999278
999999606
999999082
999999013
999998833
999999684
999999686
999999725
999998924
999999512
999999558
999999706
999998791
999999718
999998993
999999034
999999192
999999048
999999543
999999105
999999269
999998874
999999434
999999657
999999475
999999681
999998801
999999228
999999671
999999095
999999079
999999450
999998844
999999103
999999563
999999708
999998941
999998908
999999161
999999184
999998838
999999729
999999262
999999110
999999257
999999138
999999705
999999306
999999363
999999694
999999440
999999592
999998783
999998942
999999065
999998797
999999524
999999733
999999090
999999173
999999371
999999591
999999153
999998952
999999537
999999413
999998979
999998861
999999351
999999152
999999092
999999441
999999750
999999195
999998859
999999296
999999136
999999707
999998812
999999499
999998914
999999325
999999281
999999085
999999498
999999753
999999531
999999579
999999315
999998951
999999289
999999159
999999445
999999349
999999313
999998901
999999022
999999545
999999035
999999415
999999471
999998886
999999017
999999166
999998885
999999320
999999431
999999357
999999191
999999698
999999529
999999602
999999327
999998948
999999625
999999083
999999669
999999508
999999432
999999319
999999600
999999286
999999522
999999476
999999636
999998972
999998834
999999188
999999560
999999253
999999217
999999468
999999628
999999449
999998769
999998989
999998969
999999435
999999624
999999599
999998894
999999041
999999538
999999731
999998762
999999685
999998881
999999008
999999723
999999181
999998985
999998777
999999491
999998824
999998860
999999541
999999745
999999014
999999645
999999528
999999515
999999125
999999426
999999335
999999487
999999047
999999221
999999521
999998888
999999655
999999554
999999385
999999574
999999401
999999390
999999402
999998928
999999076
999999020
999998830
999999094
999999237
999999570
999999272
999998950
999998982
999999284
999998890
999998856
999998802
999999042
999999532
999999660
999999595
999999433
999998977
999999172
999999077
999999044
999999473
999999428
999998897
999998946
999999145
999999644
999999410
999998784
999998923
999999470
999999608
999999080
999999755
999999248
999999448
999999421
999999743
999999569
999999568
999999674
999999640
999998937
999998958
999999381
999999245
999998849
999999119
999999209
999999693
999999565
999999609
999999748
999998892
999999393
999999712
999999299
999999298
999999004
999998832
999999501
999998960
999998804
999998786
999999102
999998878
999999697
999999503
999999604
999999291
999998971
999998828
999999328
999999461
999999700
999999235
999999206
999999029
999999069
999999502
999999270
999999063
999999149
999999277
999999690
999999509
999998889
999999222
999998818
999999354
999999100
999999208
999999516
999999710
999998880
999999261
999999709
999999243
999999627
999998956
999999207
999999438
999999303
999998976
999998995
999998845
999998863
999999193
999999437
999999732
999999214
999999749
999998917
999999238
999999577
999998785
999999150
999999621
999998858
999999446
999999665
999999460
999999386
999998902
999999062
999999329
999998821
999998875
999999572
999999348
999999695
999999649
999998935
999999211
999999412
999999367
999999683
999999483
999999463
999998899
999998778
999998926
999999039
999999650
999999255
999999721
999999310
999999121
999999353
999999677
999999081
999999258
999999525
999998776
999999583
999999032
999999120
999998944
999999494
999999124
999999142
999999702
999999507
999999021
999999404
999999424
999999324
999999514
999999378
999998970
999999344
999999637
999999597
999998927
999999474
999999759
999999416
999998893
999999576
999999061
999999631
999999557
999999132
999999060
999999668
999998779
999998825
999998903
999999682
999999480
999999346
999999534
999998992
999999046
999999457
999998907
999998991
999998990
999999073
999999117
999999526
999998837
999999626
999998766
999999647
999999345
999999078
999999447
999999728
999999495
999998822
999999610
999999185
999998953
999998883
999999264
999999219
999999178
999999224
999999157
999999662
999998808
999999462
999999075
999999391
999999347
999999024
999998772
999999571
999999442
999999670
999999215
999999466
999999067
999998879
999998996
999999279
999998963
999999459
999999638
999999646
999999141
999999139
999999397
999999355
999999687
999999735
999999675
999998961
999999395
999998921
999999477
999998867
999999230
999999312
999999169
999999611
999999220
999999263
999998916
999998771
999999744
999999523
999999249
999999711
999999740
999999737
999998968
999998904
999999619
999999165
999999274
999999091
999999293
999999001
999998957
999999118
999999598
999999114
999998795
999999726
999998871
999999584
999999555
999999164
999999533
999999216
999999167
999998789
999999751
999999194
999999027
999998841
999999713
999999504
999999176
999999316
999999553
999998872
999999002
999999651
999999443
999999186
999999488
999998792
999998913
999999007
999998761
999999652
999999331
999999691
999999233
999999251
999999454
999999097
999999135
999999547
999999377
999999093
999999210
999999033
999999550
999999417
999999025
999998799
999998835
999999527
999999388
999999408
999998866
999999486
999999189
999999372
999999497
999998840
999999030
999999058
999999384
999999520
999998905
999999383
999999618
999998873
999999490
999999028
999999282
999998945
999999234
999999535
999999587
999998895
999999430
999999254
999999314
999999123
999999326
999999175
999999663
999998770
999999551
999999202
999998805
999999096
999999113
999999573
999999340
999999232
999998973
999999239
999999589
999999548
999998780
999999615
999999590
999999087
999999359
999999654
999998851
999999506
999999643
999999511
999999623
999998974
999999484
999999115
999999036
999999086
999999464
999999736
999998909
999998809
999999333
999999634
999998796
999999343
999999199
999999469
999999332
999998807
999999467
999998934
999999603
999999116
999999368
999998853
999999098
999999252
999999168
999999247
999999056
999999026
999999561
999999318
999998922
999998827
999999704
999998930
999999072
999998912
999999389
999999283
999999337
999999241
999999010
999999244
999999227
999999038
999999679
999999133
999998852
999998925
999999180
999999099
999998800
999998910
999999341
999999722
999999676
999999323
999999659
999999016
999999294
999999479
999999714
999999112
999999126
999998767
999999696
999999617
999998931
999998980
999998816
999999585
999998810
999998790
999999680
999999158
999999578
999999297
999998806
999998887
999999200
999999567
999999012
999999427
999999429
999999458
999998983
999999246
999999156
999999285
999999068
999999444
999999616
999998998
999999362
999999352
999999037
999999420
999999003
999999137
999998891
999998820
999999436
999999639
999999198
999999376
999999586
999999360
999999379
999999107
999999564
999999472
999999301
999999546
999999201
999999630
999999517
999999394
999999375
999999500
999998843
999999170
999999407
999999304
999999716
999998919
999998999
999999182
999999300
999999106
999998798
999998964
999999612
999999552
999999754
999999635
999999594
999998978
999998911
999998782
999999465
999998768
999998765
999999719
999998941
999998985
999999395
999998952
999999743
999999065
999998793
999999658
999999678
999999523
999998901
999999329
999999270
999999642
999999158
999999554
999998930
999999199
999999094
999999352
999999024
999999299
999999274
999999539
999999397
999998837
999998986
999999646
999999338
999999698
999999685
999999368
999999398
999999207
999999001
999998897
999998784
999999237
999999472
999999387
999999166
999998878
999999493
999998885
999999399
999998998
999999205
999999492
999999110
999999679
999998811
999999676
999998931
999999425
999999657
999998773
999999497
999998847
999999381
999998802
999999073
999998768
999998882
999999742
999999618
999998786
999999315
999999011
999999540
999999389
999999268
999999406
999999258
999998927
999999104
999999170
999998938
999999700
999998923
999999150
999999617
999998989
999999725
999999046
999999672
999999079
999999066
999999372
999998770
999999161
999999411
999999160
999999295
999999633
999999255
999998993
999999060
999998994
999999639
999999212
999999728
999999252
999999077
999999589
999999724
999999305
999999652
999999733
999999373
999999547
999998928
999998903
999999541
999999654
999999119
999999068
999999664
999999675
999999465
999999427
999998834
999999181
999998951
999999224
999999482
999999518
999999302
999998821
999999722
999998856
999999180
999999147
999999457
999999063
999999122
999999054
999999041
999998926
999998968
999998785
999998953
999998946
999998849
999998789
999998875
999999394
999998824
999999292
999998957
999999525
999999396
999998940
999999640
999998977
999998925
999999273
999999031
999998895
999999364
999999254
999999191
999999489
999998805
999999016
999998827
999999301
999999528
999998975
999999111
999999506
999998872
999999306
999998894
999999643
999999242
999998914
999999499
999999233
999999239
999999376
999998850
999999308
999999220
999999693
999999332
999999107
999999705
999998823
999999102
999998904
999998860
999999156
999999275
999999211
999999203
999999515
999999647
999999692
999999070
999999746
999999580
999999440
999999723
999999026
999999393
999998949
999999174
999999610
999999504
999999363
999999113
999998815
999999498
999999025
999998818
999999162
999998829
999999404
999999281
999998896
999999495
999998782
999999448
999998980
999999407
999999576
999999565
999998887
999999240
999998861
999999428
999999184
999998780
999999142
999999530
999999444
999999648
999999289
999999501
999998873
999998902
999999286
999999359
999998969
999999215
999999023
999999573
999999248
999999272
999999759
999999401
999999570
999999230
999999208
999999319
999998846
999999691
999999344
999998790
999999720
999999703
999999546
999999434
999998853
999999630
999999559
999999608
999999590
999999200
999999231
999998889
999999479
999999089
999998817
999999369
999999045
999998876
999999000
999998934
999998795
999999477
999998787
999999388
999998916
999999605
999999596
999999423
999999458
999998880
999999757
999999662
999999349
999998959
999999328
999998803
999998910
999999474
999999010
999999666
999999343
999998958
999998909
999999019
999999635
999999426
999999661
999999694
999998900
999999606
999999249
999998961
999999042
999999126
999998798
999999469
999999029
999999502
999999659
999999236
999999708
999999260
999999153
999999684
999999267
999999183
999998973
999999405
999999232
999999490
999998913
999999099
999999508
999998935
999999210
999999052
999998845
999999614
999999535
999999032
999998819
999999623
999999178
999998907
999999568
999999013
999999488
999998858
999999739
999999392
999998769
999998791
999999164
999999018
999999196
999999379
999999600
999999304
999999709
999999716
999999085
999999143
999999177
999998774
999999689
999999628
999999382
999999087
999999408
999999563
999999287
999999086
999999317
999999006
999999690
999999732
999999507
999999117
999998859
999999005
999999312
999999663
999999072
999999189
999998775
999998919
999999327
999998879
999999550
999999035
999998888
999998826
999999510
999999225
999998884
999998965
999999431
999999262
999999056
999999323
999999125
999999058
999999453
999999083
999999741
999999592
999998842
999998967
999999391
999998881
999999517
999999748
999999185
999999557
999999564
999999531
999999309
999999003
999999193
999998843
999999303
999999484
999999710
999999175
999998891
999998999
999999437
999999322
999998964
999999127
999999103
999999419
999999750
999999082
999999439
999999354
999999093
999999091
999998796
999999636
999999331
999999362
999999601
999999084
999999121
999999409
999999116
999999261
999999413
999999139
999999221
999999461
999999500
999999313
999999047
999999176
999998814
999999383
999999744
999999524
999998995
999999336
999999246
999998862
999998778
999999522
999999385
999999669
999999481
999999074
999999627
999999034
999999412
999999621
999999520
999999556
999999384
999999476
999999276
999999061
999999325
999999509
999998972
999999602
999999244
999998937
999999271
999999719
999998955
999999057
999999351
999998886
999999048
999999470
999998915
999999081
999999595
999999346
999999229
999999277
999999729
999999132
999998933
999999443
999999582
999999740
999999098
999999101
999999718
999999326
999999432
999998839
999998764
999999755
999999192
999999478
999999020
999999182
999999736
999999088
999999631
999999574
999999711
999999696
999999300
999999466
999999370
999999587
999999027
999999265
999999730
999999613
999999365
999999463
999999486
999999726
999998982
999998783
999999456
999998892
999999682
999999017
999998830
999999266
999998883
999999727
999999316
999999243
999999455
999999144
999999717
999999167
999999294
999999579
999999519
999999012
999999238
999999487
999999096
999999588
999999198
999998960
999999667
999999043
999998978
999999145
999999511
999998988
999999583
999999234
999998863
999999263
999999007
999999533
999999702
999999285
999999632
999999028
999998943
999999577
999999735
999999543
999999747
999998809
999999641
999998820
999998979
999999367
999999334
999999157
999998984
999998992
999998852
999999173
999999298
999999655
999999320
999998924
999999324
999999534
999999626
999999297
999999223
999999420
999998761
999999611
999999135
999998936
999999625
999999683
999999062
999998779
999999527
999999442
999999291
999998870
999999080
999998771
999998776
999999190
999998804
999999348
999999036
999999612
999999154
999999721
999999123
999998857
999998781
999999637
999998947
999999115
999999217
999998828
999999358
999999674
999999278
999999418
999998762
999999337
999999071
999999169
999998945
999999660
999999204
999999253
999999021
999999581
999998906
999999585
999999108
999999699
999999075
999999553
999999140
999999053
999999120
999999133
999998812
999998890
999999105
999999282
999998832
999998844
999999283
999999421
999999377
999999591
999999201
999999670
999999572
999999227
999998970
999999417
999999051
999999430
999999512
999999163
999999537
999998807
999998921
999999092
999999545
999999149
999999402
999998788
999999179
999999064
999998971
999998950
999999424
999999649
999999345
999999410
999998841
999999168
999999586
999999714
999999616
999999475
999999449
999999544
999999219
999999293
999999400
999998777
999999152
999999754
999999341
999999030
999999473
999999715
999998922
999999044
999999124
999998918
999999447
999999604
999999578
999999009
999999245
999999310
999999668
999999688
999999459
999998855
999998772
999999378
999999151
999999257
999998833
999999112
999999441
999999037
999999374
999999264
999998912
999998808
999999549
999999529
999999548
999999356
999999187
999999296
999999008
999999598
999999228
999999734
999999452
999999695
999999159
999998797
999999429
999999516
999998760
999998840
999999141
999999357
999999471
999999131
999999288
999998851
999999622
999999609
999999033
999999251
999999460
999999375
999998898
999999318
999999503
999999038
999999713
999999656
999998765
999998869
999998976
999999049
999998868
999998987
999999644
999999136
999999172
999998932
999999686
999999129
999998874
999999584
999998917
999999067
999999680
999999279
999999467
999998794
999998983
999998997
999999039
999999485
999999097
999998816
999998822
999999335
999999450
999999677
999998792
999998981
999999594
999998991
999999259
999998944
999999704
999999050
999998877
999999571
999999106
999998939
999998974
999999100
999999558
999999758
999999114
999999593
999999165
999999526
999999665
999999712
999998763
999999620
999998835
999999307
999999330
999999737
999999197
999999014
999999290
999999615
999999650
999999745
999999542
999999566
999999186
999999347
999998800
999999416
999998899
999998864
999999371
999999436
999998836
999999340
999998911
999998831
999999380
999999095
999998893
999999109
999999226
999999206
999998865
999999148
999998966
999999366
999999415
999999256
999999638
999999386
999999513
999999454
999999561
999998962
999999671
999999022
999999560
999998948
999999438
999999146
999998996
999999629
999999521
999999002
999999753
999999218
999999194
999998854
999999280
999999599
999999505
999999538
999999321
999999269
999999634
999999076
999999483
999999651
999999134
999999360
999999250
999998867
999999222
999998767
999999155
999999284
999999749
999999619
999999311
999999350
999999333
999998810
999999496
999998838
999999567
999999355
999999751
999999403
999999532
999999390
999999137
999998813
999999040
999999673
999999171
999998766
999999681
999999687
999999494
999999697
999999514
999998799
999999536
999999213
999999462
999999361
999999130
999998956
999999214
999999433
999998806
999998929
999999446
999998825
999999314
999999575
999999216
999999464
999999468
999999445
999999491
999998954
999999706
999999607
999999353
999999241
999999756
999999555
999998920
999999059
999999603
999999202
999999004
999999015
999999551
999999128
999999247
999998848
999999569
999999738
999998942
999999552
999999624
999999414
999999055
999998990
999999138
999999653
999999435
999998871
999999562
999999090
999999480
999999188
999999597
999999752
999999339
999998963
999999731
999999209
999999235
999998866
999998801
999999707
999999195
999999701
999999342
999999422
999998905
999999451
999999118
999999645
999999078
999999069
999998908
999999439
999999501
999999520
999999083
999999359
999999065
999999754
999999416
999999038
999999289
999999068
999999005
999998978
999999580
999999751
999999102
999999627
999999271
999999419
999999737
999999518
999999057
999999594
999998891
999999429
999999603
999999592
999998904
999999312
999999673
999999069
999999216
999999366
999999535
999999675
999999508
999999158
999999075
999999523
999998847
999999415
999998916
999999089
999998865
999999500
999999225
999999028
999999301
999999343
999999575
999998930
999998944
999998924
999999516
999998813
999998901
999999334
999998825
999999197
999999137
999999470
999999579
999999421
999999321
999999224
999999211
999999159
999999322
999999247
999999398
999999309
999998877
999999303
999999605
999998950
999999524
999999130
999999113
999999702
999999683
999998894
999998988
999999545
999999081
999999494
999999549
999999597
999998776
999999189
999999230
999999721
999998980
999998855
999999555
999999690
999999135
999999058
999999111
999999692
999999050
999999213
999999157
999998794
999999715
999999019
999999417
999999731
999998885
999998984
999998986
999998860
999998797
999999252
999998838
999999613
999999084
999999452
999999696
999999311
999999650
999999110
999999195
999999360
999999407
999999120
999999661
999998802
999999505
999999632
999999063
999999716
999999643
999999352
999998886
999999454
999999239
999999699
999999193
999999048
999999032
999998879
999999260
999999041
999999337
999999332
999998900
999999035
999998907
999999162
999999299
999999636
999998956
999999525
999998880
999999098
999998842
999999060
999999432
999999108
999999455
999999106
999998889
999999747
999999254
999999693
999999163
999999492
999999586
999999387
999998997
999999566
999999394
999998783
999999188
999999223
999998914
999999678
999999190
999999097
999998990
999999578
999999623
999998827
999999397
999999293
999999167
999999543
999999042
999999182
999998919
999998964
999999502
999999442
999998965
999999008
999999616
999998973
999998859
999999486
999999327
999999103
999998769
999999410
999999061
999999122
999998791
999999559
999999169
999999217
999998814
999999581
999999375
999999010
999998972
999998991
999998823
999999461
999999704
999999552
999998845
999999123
999999262
999999146
999998815
999999300
999998935
999999755
999999540
999999448
999998846
999998857
999998951
999999736
999999390
999999316
999998778
999998966
999999633
999999379
999998870
999999047
999999434
999999082
999999422
999999365
999999326
999999172
999998867
999999372
999999151
999999284
999999458
999999621
999999550
999998882
999999212
999998910
999999723
999998809
999999437
999999278
999999460
999998835
999999392
999998927
999999235
999999641
999998818
999999727
999999249
999999325
999999204
999998913
999999510
999999414
999998937
999999740
999998881
999998899
999998995
999999160
999999485
999998917
999998833
999999622
999999071
999998807
999999286
999999185
999999426
999998887
999998975
999999116
999999234
999998817
999999290
999999743
999999085
999998787
999999547
999999067
999998918
999998985
999999511
999999361
999999528
999998884
999999391
999999619
999998874
999999469
999999464
999999294
999999722
999999513
999999128
999999697
999999229
999999424
999998876
999999493
999999142
999999719
999999336
999999003
999999093
999999208
999999515
999999270
999999176
999999201
999998976
999998915
999999304
999999077
999999679
999998961
999999465
999998850
999999004
999998796
999999297
999998905
999999745
999998932
999998955
999999577
999999685
999999496
999999668
999999639
999998864
999999221
999999056
999999629
999998960
999999662
999999473
999998993
999999013
999998977
999999096
999999475
999999016
999999152
999999233
999998967
999999043
999999670
999999526
999999451
999999758
999999011
999998942
999999237
999999105
999999447
999998793
999999246
999999436
999999104
999999357
999999647
999999404
999999268
999999363
999999180
999998999
999999184
999998908
999999384
999999691
999999009
999999553
999999374
999999346
999999302
999999574
999999138
999998946
999999756
999998840
999999100
999998777
999999317
999999530
999999431
999999480
999998820
999999413
999999720
999999509
999999276
999999349
999999657
999999663
999999401
999999133
999999499
999999126
999999243
999999055
999999587
999999399
999999253
999999488
999999331
999999573
999999667
999999194
999999018
999999538
999999066
999999266
999999314
999999076
999999688
999999477
999999557
999999348
999999638
999999052
999999245
999998767
999999425
999999236
999999024
999999341
999999000
999999281
999999462
999999147
999999305
999999258
999999749
999999086
999999265
999998784
999999030
999999282
999999479
999999200
999999742
999999280
999999351
999999264
999999240
999999155
999999095
999999700
999999062
999999651
999999274
999999677
999999117
999998938
999999644
999999504
999998775
999999054
999999015
999999295
999999674
999999214
999999748
999999220
999999717
999999101
999999536
999999259
999999666
999998849
999999340
999999307
999999368
999999319
999998970
999998830
999999400
999999206
999999036
999999171
999999556
999999045
999999598
999999724
999999382
999999584
999998878
999998834
999998994
999999385
999999567
999999489
999999153
999999453
999999435
999998896
999999356
999999165
999999648
999999732
999999483
999999658
999999051
999999438
999999118
999999544
999999466
999999512
999998987
999999757
999999310
999998853
999999527
999999389
999999132
999998888
999999267
999999027
999999487
999999226
999999671
999999033
999999287
999999344
999999725
999999362
999999012
999999589
999999560
999999433
999999682
999999507
999999564
999999396
999999228
999998790
999999701
999998765
999998959
999999040
999999430
999999183
999999059
999999323
999998866
999999635
999999139
999999318
999999141
999999628
999999218
999998826
999998954
999999388
999999712
999999570
999999192
999999109
999998781
999999174
999998873
999999074
999999610
999999161
999999381
999998789
999999593
999999073
999998926
999999291
999998773
999998971
999999115
999999255
999999738
999999491
999998785
999999205
999999625
999998798
999998862
999999409
999999166
999998869
999999551
999998963
999999313
999999251
999999652
999999154
999998936
999999624
999999350
999999739
999999199
999999495
999999498
999998912
999999529
999998895
999999134
999998920
999998848
999999241
999998983
999999099
999999342
999999558
999998989
999999355
999998800
999998893
999999238
999998856
999998764
999999531
999999406
999999482
999998940
999999474
999999541
999999427
999999369
999999645
999999517
999999568
999999177
999999023
999999631
999998996
999999292
999999444
999999634
999999582
999999576
999999149
999999261
999999676
999999164
999998979
999999669
999999127
999999156
999999615
999998779
999998925
999999306
999999339
999999227
999999684
999999006
999998931
999998871
999999411
999998854
999999080
999999345
999999698
999998844
999999481
999999711
999999370
999999654
999999548
999999750
999999140
999999298
999999092
999998780
999999328
999999168
999998772
999998821
999999752
999998958
999999503
999999114
999999729
999999021
999999423
999998799
999999572
999998768
999999506
999998981
999999665
999999338
999999497
999998911
999999533
999999554
999999070
999999686
999999025
999999049
999998837
999999091
999998808
999999187
999999626
999999659
999999537
999998816
999999367
999999445
999999026
999999746
999999595
999999405
999998766
999998948
999998774
999999606
999998933
999998957
999999660
999999131
999998795
999998832
999999248
999999609
999999283
999999522
999998852
999999143
999999232
999998998
999998839
999998803
999999449
999998890
999998952
999998841
999998953
999999611
999999588
999998939
999999031
999998792
999998831
999999112
999999590
999999078
999999546
999999383
999999759
999999353
999999219
999998806
999999599
999999706
999999618
999999467
999999203
999999730
999999150
999999222
999999519
999999655
999999681
999999620
999999395
999999694
999999244
999998921
999998962
999998810
999999001
999999653
999999728
999998897
999999014
999999561
999999053
999998851
999999090
999999446
999999709
999999614
999999612
999999459
999998782
999999403
999998974
999998945
999998969
999998923
999998822
999999215
999998770
999999288
999999733
999999490
999999600
999999741
999999734
999999393
999999443
999999034
999999007
999999687
999999617
999999656
999998872
999999377
999998762
999999713
999999565
999999207
999999583
999999753
999999380
999999649
999999308
999999285
999999608
999999689
999998934
999999329
999999680
999999079
999998836
999999121
999999402
999999275
999999705
999999532
999999263
999999710
999999637
999998992
999998811
999999602
999999173
999999017
999998868
999999002
999999450
999999630
999998968
999999695
999999046
999999064
999999198
999999119
999998903
999999022
999998761
999998858
999999044
999999726
999998829
999999376
999999179
999999707
999999571
999999718
999999420
999998786
999998863
999999640
999998929
999999272
999998804
999999478
999999373
999999441
999999347
999998941
999999604
999999703
999999072
999999181
999999333
999998982
999998861
999999642
999999714
999999145
999999124
999999457
999999534
999998805
999999591
999999037
999999039
999998843
999999476
999998943
999999471
999999585
999999320
999999296
999999418
999999191
999999242
999999330
999999144
999999170
999999125
999998875
999999562
999998763
999999196
999999371
999999129
999999569
999999175
999998892
999999463
999999468
999999148
999999364
999999202
999998828
999999456
999999277
999998819
999999315
999999087
999999358
999999563
999999664
999999708
999999484
999999279
999999596
999998949
999998909
999998898
999999231
999998824
999999324
999999521
999999107
999999428
999998922
999999354
999999094
999999273
999999136
999999256
999998771
999999210
999999672
999999209
999999472
999998788
999999386
999999440
999999029
999999335
999998812
999999269
999999257
999999088
999999744
999998928
999999514
999999542
999999186
999999378
999998947
999998902
999999601
999999607
999999735
999999412
999999178
999999539
999999250
999999020
999998883
999998906
999998760
999998801
999999646
999999408
999998803
999999530
999998922
999999228
999999460
999998790
999998939
999999365
999998827
999999584
999998924
999999185
999998959
999999414
999999565
999999287
999998978
999999229
999999672
999998770
999998855
999999186
999999314
999999567
999999046
999999665
999999037
999999121
999999095
999998773
999999004
999999077
999999651
999999013
999999120
999999610
999999626
999999477
999999009
999999048
999999265
999999550
999999114
999999242
999999315
999999724
999998891
999999063
999999408
999999308
999999704
999999747
999999711
999999356
999999017
999999053
999999516
999999713
999998850
999999425
999999173
999998952
999999381
999999464
999999248
999998969
999998818
999999435
999999636
999999520
999999225
999999427
999999577
999999466
999999570
999999662
999999701
999999759
999998932
999999161
999999541
999998933
999999442
999999035
999998815
999999199
999999070
999999028
999999609
999999208
999999561
999998872
999999618
999999657
999999714
999999057
999999131
999999590
999999576
999999098
999998898
999999612
999999136
999998955
999999417
999998856
999999551
999999459
999999514
999999455
999999270
999999118
999999451
999998843
999998938
999999127
999999359
999999079
999999033
999998974
999999732
999999534
999999511
999998896
999999148
999999599
999999642
999999156
999998906
999999023
999999074
999998921
999999630
999999215
999999698
999999165
999999300
999999415
999999712
999999597
999998995
999998899
999998965
999999353
999999454
999998861
999999405
999999705
999999678
999998824
999999363
999999355
999999437
999999343
999998904
999999429
999998894
999999202
999999289
999999041
999999122
999999696
999999014
999999294
999998953
999998908
999998768
999998775
999998834
999999685
999998879
999998798
999999111
999999239
999998772
999999045
999998864
999998823
999999538
999999198
999999468
999999722
999999726
999999615
999998833
999999042
999999076
999998802
999999112
999999230
999999535
999999494
999999700
999999177
999999564
999999527
999999458
999998889
999998866
999999453
999999269
999999172
999998825
999999637
999999675
999999150
999999560
999999583
999999091
999999718
999998776
999999450
999999730
999999587
999999752
999999149
999998874
999999341
999999351
999999116
999999507
999999086
999998838
999999497
999999539
999999725
999999743
999999619
999998826
999999745
999999543
999998931
999998876
999999117
999999482
999999299
999999441
999999361
999999707
999999205
999999201
999998996
999998964
999998984
999998869
999999352
999999104
999999499
999998919
999999178
999999297
999998804
999999163
999999088
999999621
999999461
999998774
999999238
999999635
999999446
999998795
999999374
999999474
999999383
999999757
999998837
999999264
999999556
999999309
999999256
999999096
999999018
999999157
999998883
999998971
999999603
999998928
999999081
999998930
999999695
999999448
999999275
999999547
999998793
999999080
999998848
999999133
999999192
999999197
999999271
999999600
999999231
999999606
999999125
999998960
999999394
999998822
999999222
999999144
999999754
999999702
999999492
999999481
999999153
999999102
999999246
999999471
999999666
999999502
999999525
999999224
999999338
999998907
999999324
999998923
999999658
999999174
999999545
999998763
999998912
999999034
999999655
999999750
999999727
999999003
999999367
999999504
999999495
999999000
999999135
999999216
999999687
999999588
999998801
999999145
999999680
999999513
999998800
999999129
999998878
999999392
999999418
999999472
999998956
999998909
999998946
999999272
999999031
999998990
999999284
999998967
999999075
999999047
999999623
999999708
999999510
999999277
999999640
999999519
999999158
999999629
999999512
999999255
999999263
999999397
999999056
999998976
999999598
999998781
999999322
999999563
999999457
999999329
999999748
999998970
999999585
999999285
999999008
999998913
999999321
999999375
999998863
999999193
999999659
999998765
999999613
999998828
999999684
999999467
999998900
999998943
999999656
999999181
999998784
999999211
999999625
999999339
999999051
999998812
999999424
999998941
999998785
999998972
999998819
999998934
999998796
999999162
999999049
999999605
999999278
999998935
999999699
999998951
999999653
999999085
999999683
999999372
999998892
999999191
999998847
999998860
999999758
999999130
999999036
999998762
999998997
999998949
999999188
999999290
999999449
999999749
999999059
999999250
999999124
999998927
999998881
999998814
999999316
999999496
999999436
999998985
999998911
999999305
999999634
999999146
999999575
999999371
999999005
999999706
999999247
999998829
999999403
999999393
999998817
999999586
999998875
999999152
999999679
999999559
999998980
999999170
999999703
999999463
999998981
999999328
999999719
999998809
999998831
999999740
999999505
999999097
999999476
999999180
999999566
999999360
999999399
999999184
999999631
999999620
999999721
999999281
999999602
999999582
999998816
999999015
999999073
999999260
999998986
999998988
999999204
999999377
999998973
999998910
999999244
999999068
999999616
999999469
999999416
999999065
999998983
999998897
999999119
999998862
999999401
999998859
999999087
999999366
999998966
999999002
999999147
999999670
999999330
999998884
999999617
999998767
999999697
999999164
999999660
999999384
999999107
999998854
999999693
999999307
999999058
999999099
999999694
999999370
999999317
999999624
999999391
999999638
999999589
999999312
999998987
999999676
999999026
999999444
999999574
999999515
999999524
999999479
999999406
999999438
999999734
999999608
999999413
999999344
999999267
999998962
999999691
999999753
999998764
999999731
999999690
999999236
999999040
999998794
999999682
999998902
999999572
999998797
999998840
999998998
999999084
999999254
999999552
999999639
999999019
999998887
999999633
999999508
999999432
999999430
999999276
999999542
999999126
999999622
999999064
999998865
999998792
999999755
999999554
999999671
999998842
999999066
999999645
999999628
999999720
999999022
999999011
999999487
999998944
999999404
999999072
999999500
999999151
999999398
999998835
999999093
999999210
999999523
999999020
999999364
999999579
999998853
999998810
999999206
999998991
999999470
999999213
999998989
999999175
999999562
999998940
999999261
999999030
999999032
999999196
999999052
999999176
999998999
999999668
999999654
999999039
999999029
999999390
999998975
999998845
999999421
999999632
999998849
999999604
999998766
999998982
999999596
999999171
999999154
999999218
999999134
999999521
999999109
999999279
999999490
999999190
999998947
999999333
999999411
999999257
999999331
999999044
999999123
999999735
999999007
999999433
999999484
999999664
999999212
999999082
999999345
999999410
999998782
999999108
999999010
999999183
999998950
999999207
999999292
999999362
999999729
999999132
999999400
999999243
999999016
999999568
999999311
999999060
999999677
999999368
999999478
999999485
999999739
999999480
999999166
999998994
999999142
999999140
999999071
999999742
999999595
999999452
999999027
999998882
999998942
999999006
999999736
999999334
999999233
999999083
999998920
999999187
999999611
999999293
999999644
999998937
999999419
999999594
999998895
999999756
999999423
999998788
999998832
999998926
999999439
999999465
999999235
999999581
999998836
999999200
999999591
999999751
999999641
999999025
999999223
999999347
999999128
999999038
999999105
999998760
999999313
999999089
999999447
999999296
999999420
999999409
999999387
999999282
999999280
999999342
999998806
999999221
999998903
999999518
999998979
999999349
999999273
999999227
999999182
999998957
999998839
999999067
999998780
999999526
999999115
999998948
999999681
999998846
999999346
999998945
999999103
999999663
999998844
999999138
999999382
999998789
999999251
999999061
999999509
999999335
999999498
999999155
999998880
999999407
999999069
999999489
999998993
999998799
999999240
999999445
999999325
999999226
999999310
999999592
999998778
999998867
999999723
999999533
999999219
999999303
999998771
999999557
999998820
999999555
999998963
999998852
999998918
999998769
999998917
999999373
999999540
999999716
999999443
999999259
999999537
999999689
999999378
999999357
999998791
999999506
999999607
999999648
999999737
999999402
999999431
999999043
999998915
999998873
999998893
999998968
999999214
999999503
999999189
999999522
999999094
999998811
999999710
999999614
999998936
999998954
999998851
999998821
999998783
999999274
999998916
999999195
999998890
999998929
999999113
999999055
999999544
999998808
999999100
999999012
999999379
999999327
999999483
999999426
999999266
999999440
999998761
999998885
999999298
999999143
999999237
999999288
999999262
999999529
999999092
999999738
999999733
999999746
999999286
999999601
999999167
999999337
999999354
999999531
999999024
999999422
999999168
999999283
999999692
999998841
999999319
999999647
999999652
999999517
999999141
999999686
999999101
999999369
999999728
999999650
999999001
999999295
999999137
999999054
999999209
999998830
999999386
999999669
999999358
999998807
999999376
999998961
999999249
999999252
999999528
999999388
999999493
999999593
999999258
999999241
999998901
999998805
999999320
999999661
999998905
999999428
999998925
999999646
999999301
999998977
999999323
999999220
999999571
999999717
999999302
999999473
999999348
999999546
999998857
999999021
999998870
999999194
999999253
999999462
999998787
999999553
999999350
999999673
999998914
999999291
999999744
999999232
999999715
999999304
999999268
999999139
999998886
999999649
999999332
999999078
999999578
999999536
999998877
999998858
999999688
999999456
999999217
999998992
999999667
999999569
999999090
999999558
999999709
999999573
999999674
999999306
999998779
999999234
999999475
999999106
999999385
999998786
999998888
999999110
999999245
999998871
999999548
999999395
999999062
999999501
999999203
999999741
999998958
999999486
999998813
999999050
999999159
999999549
999999318
999999160
999998777
999999412
999999532
999999491
999999389
999999434
999999396
999999326
999999643
999999580
999999179
999999488
999999169
999998868
999999380
999999627
999999340
999999336
