733476365
674053754
216397923
522939382
46582634
358185840
813664853
73010614
4516431
352317158
695947185
548199956
209960391
612153125
72423586
691488550
284980622
166563862
886787125
905388803
786382289
590887001
242735397
909891893
170497156
226194488
614195393
202117715
85803010
559800498
370910909
374348588
759632415
190151272
849820761
654313501
286517114
817911677
738860462
651318458
902688371
241065377
844352937
192796562
677365186
256907247
187406430
185706960
403725732
581807313
755169516
418962645
400658698
6582180
234284902
676898412
637759948
541470474
898672253
721318229
643292147
455026172
805325549
488464938
166838173
402481465
818774131
57675961
572332819
811143461
276730401
786176267
45499860
722135374
521304510
557598227
626056745
179873585
151857733
312364954
378330807
482831465
202014673
761986177
755615885
325706032
775497497
206524128
2958805
692333745
137616205
587453884
188970693
449463400
763686116
429810353
227511288
219103681
417365837
389811148
590010531
436919873
605196838
730000525
134413344
398987666
290740968
700151724
92263323
580230488
649540935
135225766
859241048
641294071
498441192
289111694
303508181
158817056
711907577
587406504
899382610
167109889
736040949
262182642
626364579
747090550
311840487
399270382
513819193
863864289
340107841
406923480
429484134
768655943
182464445
556176328
145575304
250038421
690691131
632992336
501427364
630341217
342196113
764083717
864689308
87771761
693415706
891879039
144484566
271770466
789433469
307259400
306956015
624699658
197171905
375345622
604562202
364930326
274038134
275062662
551588558
296263988
414875333
276800272
484515132
862091797
449066397
686749951
836324747
343970572
298710525
472488247
289777232
430337236
267189898
255493511
683928795
42872872
400081838
207336857
10323099
203154484
219198140
882877779
818694477
25260315
116358272
743221469
840991319
660293906
941879496
687690922
583100513
49408797
853191403
169259935
690031704
840157800
397620423
402811137
646336275
831198676
79577109
146605231
682500280
707479049
316405640
60763852
70275593
200999513
614676505
23381
594695702
879725354
394181119
58955559
336732495
228004404
792151264
244923198
585009206
67451836
643186006
149178651
71419630
397442588
722364347
711927858
256222282
864990373
326463713
206760383
494450361
528114632
392424838
52219032
587059445
218869317
771300337
625989154
534026301
370813932
86640735
144808178
235729387
26848578
521292442
324607456
737347943
464465833
855592868
41434334
156610601
30040655
885022681
4239881
428370020
576306938
327174412
745913974
264476192
214546642
598106449
202261622
204205084
881479024
633819934
596703161
481255498
538312552
284595684
480466805
6466813
169686692
265722137
883059625
483710397
919873756
33207438
358850510
809345471
233343278
907348997
643641955
287505219
662918745
420676137
765556128
305044566
134466590
8333402
333619326
688551842
630352074
197260520
143689171
183720281
716830346
362761336
948375715
735342966
297171370
13231516
436822741
4018731
181020081
384446095
10437198
569904179
817688829
912127521
112651236
247766106
364955806
847827133
538822634
212513979
391756634
68036134
729398344
645437058
234249804
800078641
108920461
379283985
362548948
347615881
605976925
787288608
159856507
254687711
347031849
556887566
915575745
414133660
350364092
126997471
585783473
486716857
921464305
291405240
625808420
68361990
691501965
65604400
132018298
591592512
358448192
462868681
496499646
77075875
112165066
682269333
137299248
798672725
254285430
725404306
255253378
856888830
20134830
323297600
426539976
326630961
833974602
566150211
587787228
634408374
579842168
511564653
497485104
694458216
589980079
749432502
664559515
130962976
820244816
742478692
241082191
771204501
408873008
93940208
576857879
273204018
621922437
691415563
926835592
826009878
447352985
496861449
263841794
548442342
807311605
530416563
916932995
927293538
201536311
847644878
295648954
583621861
892627329
504572334
588605985
591086623
406628231
801263389
29213407
289453278
949673847
205873693
823795683
256727277
905295061
262910841
272884555
281852391
754002920
429140610
377514511
674172451
274348544
728915964
898454218
137060732
116101251
701549883
598063712
174755771
830020635
569647947
673934405
704412027
27501338
210391114
516593060
140326014
142586003
528280097
492578999
549539676
804757515
472697611
605971314
663964429
173820924
703249519
212062563
245091973
621692940
299307432
667042673
398153224
274691445
614816529
631031421
781891299
394566205
602844136
624278753
267617110
657961571
348284163
371537232
691178008
306718051
247768826
710773438
725845690
415402285
812093208
178642095
134409110
754223816
940251367
766134055
403113927
511691353
836093712
17408175
807581830
481207809
101012790
769611518
871080789
145072855
900900356
526555727
244888631
641615373
272604423
451942330
356345326
120782578
235857528
568983610
186339635
695843152
775988736
321122667
204177434
356767952
198278288
387941454
305479872
694770098
889577093
110729842
53171711
626700504
295935321
225927898
522357218
116147308
765243441
865753604
92000012
605882768
562595444
579422569
161356165
841420757
218031565
892114971
706887228
95482745
491945294
701970843
528381644
583830725
724113308
730957170
37114406
240226518
640753212
151127918
41148603
324947088
538748441
124959559
143914876
536977618
559397596
924952963
188134144
722125207
930048750
642399321
568100681
146349847
572634957
323542681
80388029
262718108
645268337
486067468
381581456
799214987
858172916
460099206
289647993
137869264
148824097
566776917
125673303
767140337
63852349
369525268
218348877
381921628
589895625
144936584
208863449
633150502
569935771
68535583
778397344
581921336
669289340
677393750
267979783
69719873
254368542
879416156
770089016
428338042
339511059
196344769
686715829
245902826
855120966
503574395
121357518
91657148
598678594
404535907
490270861
914543211
275338592
323889767
908662219
347814593
495108359
849633612
922081733
844619067
845830691
249711588
515736088
279735618
761071731
188396772
914692259
146848126
666251537
847295644
561844068
560640774
167208352
817962548
285884587
582140977
369395380
745613500
432843534
440829878
663062396
264466909
198901443
125190424
735370363
616061192
239839291
273215480
929227924
677531219
114367359
598370774
6647655
490629023
372308361
862935853
419951178
468930013
909997022
68550454
171795409
803104762
755148961
570019611
244903360
377541857
457033559
79394390
268783151
562775437
390504557
519735745
512433187
372981060
930476156
370410503
327599799
766297536
768762245
749159888
614793028
92439515
751001365
449526807
309603277
437194835
457467181
443892688
161661560
653418143
225661598
936069083
792343429
637594357
170201577
306894305
349454973
128009325
185819281
655169841
439106570
629367330
220470490
183596563
851462715
701192721
284836937
226200845
484252244
611964310
849005481
77911963
949975444
648824719
400457611
239250620
427303076
601798451
610847427
756218138
927877802
665396460
368283232
214010428
405466059
40931637
155934629
400909690
322139041
153776781
639516930
751370964
10297828
421128061
567030740
722350151
399679427
917185007
350502735
939110068
424190092
886368165
188952397
608345850
359098862
909279836
253025992
949743702
209426842
207356302
939041258
869908816
40202614
826857674
430936311
345816509
412177200
207850064
470441278
861312848
700568903
730975207
598625418
18439267
77417789
172109950
257687238
20977720
60957059
378890458
777524762
571220761
745195194
603857273
786549276
420376547
249461221
737685010
200582424
841912439
198112255
570895182
604356130
805463035
447810494
375341520
827714247
580095504
280597214
121761052
683342239
162446907
838793410
635462248
804460642
545212924
225376457
83454945
340113760
485114842
90947986
310201884
22283189
556979394
217145928
100302919
506201403
310292586
201295734
510208146
422067633
386190017
493936542
504097620
238385302
753443929
733452606
718959015
895260700
335040608
382138836
5776028
155794883
374490001
675382069
267383016
788879801
407814497
355442635
134687245
410119356
310742173
736678493
66344999
730615599
402460571
603366082
720987305
352317860
930296095
645652780
44754457
717068703
798576568
412801353
873749932
702569744
388253131
136402237
175445099
605352975
132596857
284763036
507562862
875505309
722325722
9617156
526124085
223845694
560523982
650119950
503515000
883585303
693348163
650958709
819720536
153183657
500265034
579569320
128566270
131480926
385184042
292382315
839415314
434841817
156305948
781916825
765456299
444378991
331436498
533864950
20035336
187232559
593359602
201315649
357366210
628649276
471385595
510826438
420508129
890175806
417039258
690711876
681093812
672554853
722358590
308060958
137531072
787208833
634402832
150216106
68713297
704229477
609846492
711550083
507087913
241637382
914981617
505109274
94688215
478214878
162765045
247650300
544337437
380692695
314292922
616745654
411443641
174132812
113536275
624680564
323766077
914557743
71428147
84438672
857934391
692536350
362553137
867947008
243862838
770569390
230879392
791992963
204868860
248353378
578408876
434019449
539359353
645127234
707077785
315115685
197609247
15154998
472514461
445257918
583587149
770601385
854642948
574849909
282223582
852643300
211021265
69135743
656252871
825678282
783509719
868293476
901660347
545323533
202060921
672412631
128570157
287149027
6248964
430293568
101621317
263921551
152692794
64656863
603964281
342915876
48198488
905335710
822336685
539687270
197893767
873697158
204177407
859783724
495656653
48866872
438843035
648566993
810129687
873139171
673171433
604117151
409923713
921307904
300423353
377392380
704073207
822502049
678941094
815599845
419986796
213405079
155235462
616377191
293731794
411641079
447104176
619871599
442469989
628417334
504432106
674106759
927718854
483646160
823500557
401822628
690927295
196656263
427560755
394157445
13717868
-1
-1
-1
-1
-1
-1
-1
-1
-1
-1
-1
-1
-1
-1
73166028
-1
-1
-1
-1
-1
-1
-1
-1
-1
-1
-1
-1
-1
-1
-1
-1
755347
-1
74839167
20002567
60176319
-1
-1
-1
-1
-1
-1
-1
-1
-1
-1
-1
-1
-1
-1
-1
-1
-1
-1
-1
-1
-1
-1
-1
-1
-1
-1
-1
-1
-1
-1
-1
-1
-1
-1
-1
-1
-1
-1
-1
-1
-1
-1
-1
-1
78138197
-1
-1
-1
-1
-1
-1
-1
-1
-1
-1
39763025
-1
-1
-1
-1
-1
-1
-1
-1
-1
66382254
-1
-1
-1
-1
-1
-1
-1
-1
-1
-1
-1
-1
-1
-1
-1
-1
-1
-1
-1
-1
-1
-1
-1
-1
-1
-1
-1
-1
-1
-1
-1
-1
-1
-1
-1
-1
27691275
-1
-1
-1
-1
-1
-1
-1
64388015
-1
-1
-1
-1
-1
76095260
-1
-1
-1
-1
-1
-1
-1
-1
-1
57209652
-1
-1
-1
-1
-1
-1
-1
-1
-1
-1
-1
-1
-1
68201875
-1
-1
37051202
-1
-1
-1
-1
72368330
-1
-1
-1
-1
-1
-1
-1
-1
-1
-1
-1
-1
-1
-1
-1
-1
-1
-1
-1
-1
-1
-1
-1
-1
-1
-1
-1
32334786
-1
54257485
-1
-1
-1
12169304
-1
-1
-1
-1
-1
-1
-1
-1
-1
-1
-1
-1
-1
-1
-1
77641968
48317554
-1
-1
-1
-1
65125852
-1
-1
-1
-1
-1
25743452
-1
-1
35794051
44543950
75247270
-1
-1
-1
-1
-1
-1
-1
-1
-1
22412778
-1
-1
-1
-1
-1
-1
-1
-1
-1
-1
-1
-1
-1
44029316
-1
-1
-1
-1
-1
34049862
-1
-1
-1
-1
-1
-1
-1
-1
-1
-1
-1
-1
-1
-1
-1
-1
-1
-1
-1
-1
-1
-1
-1
-1
-1
-1
-1
-1
-1
-1
-1
-1
-1
-1
-1
-1
-1
-1
-1
-1
-1
-1
-1
-1
-1
-1
-1
-1
-1
-1
-1
-1
-1
-1
30338864
-1
-1
-1
-1
-1
-1
-1
-1
-1
-1
-1
-1
-1
-1
-1
-1
-1
-1
-1
-1
-1
-1
-1
-1
19853920
-1
-1
-1
-1
-1
-1
-1
-1
-1
-1
-1
-1
-1
-1
-1
-1
-1
-1
-1
-1
-1
-1
-1
-1
-1
-1
-1
61119111
-1
-1
-1
-1
-1
-1
-1
-1
-1
66250177
-1
-1
-1
-1
-1
-1
-1
-1
-1
31376531
-1
-1
-1
-1
-1
-1
-1
-1
-1
-1
-1
-1
38299042
-1
-1
-1
-1
-1
-1
-1
-1
74829785
-1
-1
-1
-1
-1
-1
-1
38166507
-1
-1
-1
-1
-1
-1
-1
-1
-1
745692
-1
-1
-1
27461854
-1
-1
5132651
-1
-1
-1
68566856
-1
-1
-1
61051322
-1
-1
-1
-1
66709436
-1
-1
-1
-1
-1
-1
-1
-1
-1
-1
-1
-1
-1
-1
-1
-1
-1
-1
-1
-1
-1
-1
-1
-1
-1
-1
-1
-1
-1
-1
-1
-1
-1
-1
-1
50016825
-1
-1
-1
-1
-1
-1
-1
-1
-1
-1
-1
-1
-1
-1
-1
-1
-1
-1
-1
-1
-1
-1
-1
-1
-1
-1
-1
-1
-1
23755908
-1
-1
-1
-1
-1
-1
22358175
-1
-1
-1
-1
-1
-1
-1
-1
-1
-1
-1
-1
-1
-1
-1
-1
39737101
-1
-1
-1
-1
45726859
-1
-1
-1
50062850
-1
-1
-1
14794251
-1
-1
58119918
-1
-1
-1
-1
-1
-1
-1
-1
-1
-1
-1
-1
-1
-1
-1
-1
-1
-1
-1
-1
-1
-1
-1
-1
-1
-1
-1
-1
-1
-1
-1
-1
-1
-1
-1
-1
-1
-1
-1
-1
-1
-1
-1
-1
-1
-1
-1
-1
-1
-1
-1
-1
-1
-1
-1
-1
-1
-1
-1
-1
-1
-1
-1
-1
-1
56313872
-1
-1
-1
-1
-1
-1
-1
-1
-1
-1
-1
-1
-1
-1
-1
-1
-1
-1
-1
-1
-1
-1
810340
-1
-1
-1
-1
-1
-1
-1
-1
-1
-1
77052340
-1
-1
-1
-1
-1
-1
-1
-1
-1
-1
-1
-1
-1
-1
-1
-1
-1
-1
-1
-1
-1
23764359
-1
-1
45262878
-1
-1
-1
-1
-1
-1
-1
-1
-1
-1
-1
-1
-1
63080254
-1
-1
-1
-1
49983419
-1
-1
-1
-1
65433821
-1
-1
-1
-1
-1
-1
-1
-1
-1
-1
-1
-1
-1
-1
-1
-1
38998542
-1
-1
-1
-1
-1
30042465
-1
-1
-1
48202229
-1
-1
-1
-1
-1
-1
-1
-1
-1
59495188
-1
-1
-1
-1
-1
58699208
-1
-1
-1
-1
-1
-1
-1
-1
-1
-1
-1
-1
-1
-1
-1
-1
-1
-1
-1
-1
-1
-1
-1
-1
41734879
-1
-1
-1
-1
-1
-1
-1
-1
-1
-1
-1
-1
-1
-1
-1
-1
-1
-1
-1
-1
-1
-1
-1
-1
-1
-1
72896886
-1
-1
-1
-1
-1
-1
-1
-1
-1
-1
-1
-1
-1
-1
-1
-1
-1
-1
-1
-1
-1
-1
-1
-1
-1
-1
-1
-1
-1
-1
-1
-1
77224661
-1
-1
-1
-1
-1
-1
-1
-1
-1
-1
-1
-1
-1
-1
68355560
-1
-1
-1
-1
-1
-1
-1
-1
-1
-1
-1
-1
-1
-1
-1
-1
-1
-1
-1
-1
-1
-1
-1
-1
-1
-1
32066159
-1
-1
-1
-1
-1
-1
-1
-1
-1
-1
-1
-1
-1
-1
-1
-1
-1
-1
-1
-1
-1
-1
-1
-1
-1
-1
-1
-1
-1
-1
-1
-1
-1
-1
6184406
-1
-1
-1
2658019
-1
-1
-1
-1
-1
64505483
-1
-1
-1
-1
-1
-1
-1
-1
-1
-1
-1
-1
-1
-1
-1
-1
77308249
-1
-1
-1
-1
-1
-1
-1
-1
-1
-1
-1
-1
-1
-1
-1
7812209
-1
-1
-1
-1
-1
-1
-1
-1
-1
-1
-1
21215880
-1
-1
-1
-1
-1
50762909
-1
-1
-1
-1
-1
-1
-1
-1
-1
140226879
165257084
197675757
-1
-1
155609315
71890669
-1
388026301
-1
-1
337151394
-1
-1
48479355
-1
274640924
-1
289229854
-1
-1
-1
444486024
-1
39899971
408343192
397029073
372101311
-1
-1
-1
334029655
-1
-1
280703181
-1
377225196
-1
-1
317723690
223898143
321408815
-1
64516136
34445193
404933654
435418149
249136166
287157877
-1
-1
303369273
90541154
411530961
238794847
215118757
41739847
364406263
61327744
-1
-1
134118209
-1
200093105
-1
294950432
-1
299377805
310217177
-1
362948382
-1
-1
1560189
-1
54718599
90700775
-1
83810907
98176077
-1
-1
-1
-1
-1
9567306
131726817
446599517
-1
-1
229113499
198054601
445683845
-1
-1
334779721
446037921
-1
-1
7356907
-1
357305132
110194347
267550838
451760204
-1
297742482
88236533
-1
413600470
69404927
-1
-1
31215857
-1
-1
53115670
-1
-1
-1
-1
333202816
-1
466480743
318339362
-1
-1
186077168
371686160
147176354
273098899
188625460
-1
410535483
-1
-1
-1
-1
-1
421105443
77798083
-1
-1
185983723
-1
334729932
-1
-1
293993698
165059134
137918474
70316931
-1
103032446
-1
-1
-1
-1
31294113
364822564
-1
-1
153602909
192570675
-1
-1
124086249
-1
401552843
-1
-1
-1
410388747
211980625
193932187
10080782
269830893
-1
-1
-1
155002891
-1
344808942
79424802
270288863
-1
-1
-1
-1
172309624
228215729
-1
-1
75036720
219546090
-1
-1
435289585
-1
-1
280527264
303463220
-1
100265784
-1
-1
-1
-1
417014899
2581567
-1
153507185
428843879
235487552
54237500
-1
212714466
471336402
40819544
-1
-1
-1
203459022
-1
-1
56481900
353122627
-1
301127236
-1
-1
-1
471943514
107047616
-1
-1
220082536
-1
-1
473854515
-1
-1
219087835
316926478
56629136
36431444
-1
224785952
-1
435404844
406943985
342062998
-1
-1
249421914
-1
-1
-1
402028914
-1
322006667
-1
-1
-1
388686247
49762365
211172985
-1
259657354
-1
-1
41711249
-1
-1
141940158
-1
-1
-1
208711636
-1
-1
-1
-1
90948937
381640228
-1
-1
-1
307378926
325127776
-1
-1
-1
-1
-1
52964775
-1
45277897
-1
462854511
-1
319354881
-1
-1
-1
-1
-1
36440923
-1
-1
-1
24633898
-1
250507392
86106890
-1
52263220
195018986
-1
-1
-1
-1
397781509
229553805
389585101
-1
-1
277521680
-1
151109334
198982562
191686119
22740793
-1
462648399
-1
-1
354082262
-1
-1
-1
-1
-1
-1
314630751
-1
395560580
274842383
-1
-1
324195069
332826457
-1
-1
51269473
238346275
-1
-1
281023375
233806869
266849084
-1
-1
55290769
105746909
-1
-1
314414999
-1
204885327
-1
-1
-1
48803224
-1
352783336
-1
-1
-1
-1
-1
-1
-1
-1
-1
-1
194122711
394222122
-1
42830395
-1
-1
237263789
214254765
-1
-1
-1
438079275
222752391
179352805
449737258
-1
-1
-1
417423939
-1
-1
168728606
-1
-1
-1
-1
-1
75940230
-1
-1
-1
-1
209071535
-1
-1
-1
-1
351343338
-1
-1
448219844
-1
-1
-1
32083039
-1
-1
-1
-1
-1
450209889
459967126
78000747
-1
-1
-1
-1
-1
-1
-1
161419484
204891355
127760509
367825564
80290430
418197318
-1
-1
126509730
427197619
-1
-1
114490521
-1
216463870
-1
465646639
-1
-1
397916549
68251964
306077486
-1
28841588
-1
-1
279629541
-1
137732702
212294273
394791578
-1
-1
-1
-1
-1
431438555
-1
60915567
138860037
221866561
-1
-1
221088094
214821351
471670420
-1
-1
14797971
-1
-1
-1
-1
-1
378613321
-1
-1
-1
-1
-1
183610237
-1
-1
-1
387831948
45754329
-1
442550930
401374909
166085259
-1
320631150
236692520
183338939
1714383
237556397
-1
396357226
426346911
411354435
-1
-1
375426343
-1
284961825
99608115
115324118
437819130
258214348
-1
-1
335641289
348317287
-1
433243585
243828266
206408029
-1
-1
-1
-1
255386610
-1
-1
46210235
311967724
-1
-1
-1
244842045
-1
-1
82810187
-1
44916890
350571690
265661724
-1
254512135
155353665
109409599
-1
-1
366240804
-1
100900569
-1
-1
-1
-1
136034059
102447876
414065481
-1
170534242
182796306
-1
-1
226701362
-1
406446567
-1
-1
90633809
58973270
-1
-1
210083661
-1
-1
304488945
278153964
-1
-1
234329160
305973748
325465067
261537876
-1
-1
-1
-1
263075078
141407202
-1
123341287
-1
257396094
-1
382096693
30815671
-1
361587530
-1
-1
-1
-1
269551419
216887419
137050949
-1
288442344
326636799
-1
358512862
313466869
371920346
-1
-1
-1
445902661
-1
437525032
-1
-1
-1
-1
-1
56396209
91901868
-1
-1
-1
-1
393774851
416380255
123750480
289490039
-1
67417379
-1
262082461
302790653
-1
90734393
-1
26701962
-1
-1
354537459
-1
309920983
416800432
-1
357271468
-1
-1
168078490
-1
171421161
113290506
-1
-1
202640222
112008458
323977494
-1
285444403
-1
-1
247662297
42210632
438244261
-1
-1
282731788
-1
-1
13128780
158106533
53584200
-1
166773738
258091870
129804918
-1
135698411
-1
430538179
-1
-1
-1
194899543
-1
301624473
-1
-1
-1
229405018
397577310
235702228
389951679
364775995
-1
-1
-1
58538637
255320122
-1
-1
-1
257858172
-1
8179207
210866741
-1
-1
309581981
-1
7623703
327787629
-1
-1
-1
-1
-1
-1
357747491
-1
-1
-1
79863004
88667103
401759574
45069781
57356662
-1
-1
386827162
468804012
-1
-1
-1
-1
-1
-1
287816880
90099637
207739243
-1
135682985
-1
-1
201440362
-1
-1
385515099
-1
45443281
-1
-1
-1
-1
228721767
446532738
258497033
-1
36754691
270587812
-1
4562352
470900739
333173857
-1
456660139
-1
-1
200254045
-1
157335306
-1
-1
-1
-1
395470598
55624805
452462107
29987747
-1
469334705
-1
-1
221515221
-1
-1
-1
-1
-1
32105486
-1
-1
-1
-1
305741812
64212813
-1
306530862
-1
142475630
431860991
252291192
298920636
-1
-1
233786884
-1
-1
-1
-1
75338911
134365499
260539265
-1
-1
226652313
-1
-1
-1
-1
238651644
146230313
-1
-1
-1
194605385
-1
234416136
-1
-1
-1
273434092
-1
-1
-1
170036394
256934632
-1
-1
-1
-1
412767486
205703114
-1
-1
-1
200309169
297886653
215335435
-1
-1
-1
474333877
426588534
369458039
65029439
153313024
-1
9935227
-1
2065860
19424096
-1
10047068
-1
-1
-1
387897747
-1
-1
-1
46487566
-1
-1
450122388
-1
-1
154700349
-1
458189935
182137183
346407884
-1
186408724
-1
438677061
-1
424902034
-1
-1
-1
-1
186134148
-1
-1
-1
474217916
-1
-1
-1
-1
193912872
79426688
267549919
359370262
425721841
-1
277380624
-1
-1
-1
245258275
-1
-1
115767391
130317743
241570394
405905639
336838723
279682178
-1
-1
446014482
146801982
360995414
-1
-1
-1
179669709
52467019
82038700
14814444
422480511
-1
80271558
-1
-1
247633945
225255465
92596401
-1
-1
202678740
87416975
216259774
-1
-1
293749753
-1
172935296
468040621
-1
389183201
104398893
-1
335901821
-1
-1
-1
-1
378540847
28995854
-1
-1
409247750
-1
92567082
381856337
-1
65210037
237733502
-1
248281127
-1
357909950
-1
22918567
3197372
103279527
-1
-1
-1
-1
-1
-1
-1
-1
-1
-1
-1
-1
-1
-1
-1
128035584
-1
-1
-1
-1
-1
-1
-1
-1
-1
-1
-1
-1
-1
-1
105974917
-1
-1
-1
-1
160660047
9889340
-1
-1
81825493
-1
91293268
-1
35704127
-1
-1
-1
-1
-1
-1
-1
-1
-1
-1
-1
-1
-1
-1
122521488
-1
-1
-1
22053394
-1
-1
45290338
-1
-1
-1
-1
-1
-1
-1
-1
-1
-1
-1
-1
-1
-1
-1
113876659
-1
-1
-1
-1
93171240
-1
-1
-1
-1
-1
121222501
-1
-1
-1
-1
-1
-1
-1
-1
24042489
-1
-1
-1
162943398
-1
73601161
-1
-1
-1
-1
-1
-1
-1
46711974
-1
-1
129408593
-1
-1
-1
-1
-1
-1
-1
-1
-1
-1
-1
-1
-1
-1
-1
-1
104547720
-1
65414355
-1
-1
-1
-1
-1
-1
159345233
-1
-1
-1
-1
-1
-1
-1
-1
-1
-1
-1
-1
-1
150735764
-1
-1
149019590
-1
-1
-1
-1
-1
-1
28643812
-1
-1
-1
-1
156482635
-1
-1
-1
2782762
-1
-1
-1
-1
-1
3194469
31972679
-1
-1
-1
-1
70141293
-1
-1
-1
-1
-1
-1
100944875
-1
-1
-1
-1
-1
-1
-1
14298008
47450470
-1
-1
-1
-1
29830028
-1
-1
-1
-1
-1
-1
-1
-1
-1
22029071
-1
-1
-1
-1
3758012
107206638
-1
-1
-1
-1
-1
-1
-1
-1
-1
128972045
-1
-1
-1
55951369
-1
-1
-1
-1
-1
-1
-1
-1
-1
-1
14947969
109001098
-1
-1
-1
-1
-1
-1
-1
-1
-1
100855368
-1
-1
-1
-1
-1
-1
-1
-1
-1
-1
-1
-1
-1
-1
-1
42446897
-1
-1
80965618
18143720
103417131
-1
2540503
11825870
-1
-1
91996640
-1
-1
111065382
-1
-1
-1
-1
-1
-1
-1
57743478
-1
93144104
-1
-1
-1
-1
-1
-1
-1
58933514
-1
105626666
-1
-1
-1
-1
102769547
73114141
-1
-1
-1
-1
-1
-1
-1
152944673
-1
67600629
-1
-1
-1
120997331
-1
-1
-1
-1
-1
-1
-1
-1
-1
-1
-1
-1
28406329
43342912
-1
118250165
-1
-1
-1
18056416
-1
-1
-1
-1
153354866
-1
-1
-1
-1
-1
-1
-1
-1
-1
-1
-1
-1
135644620
-1
-1
-1
-1
-1
-1
-1
-1
-1
-1
-1
-1
-1
-1
-1
115544001
-1
-1
-1
-1
24269741
-1
-1
-1
139765904
-1
-1
104545102
-1
157783352
-1
115854152
-1
-1
-1
-1
-1
-1
-1
-1
-1
-1
-1
-1
-1
-1
-1
-1
138404948
-1
-1
-1
-1
-1
-1
-1
-1
-1
-1
-1
-1
-1
-1
-1
-1
-1
-1
-1
95408581
-1
-1
97391870
-1
-1
81377418
-1
-1
-1
-1
-1
154985540
-1
-1
-1
-1
49795534
-1
141830777
-1
-1
-1
-1
-1
-1
-1
74766209
36576217
-1
-1
-1
-1
-1
-1
-1
-1
-1
-1
68346341
108993629
75147013
136593792
-1
-1
-1
-1
-1
-1
110806412
-1
-1
-1
-1
-1
-1
-1
-1
-1
-1
-1
137942761
-1
84427801
-1
-1
-1
-1
-1
-1
-1
154346632
-1
-1
-1
-1
26871965
-1
-1
-1
-1
-1
-1
-1
-1
-1
-1
-1
-1
-1
-1
-1
-1
-1
39265618
-1
-1
-1
-1
-1
-1
-1
-1
-1
148567034
-1
-1
-1
129845014
-1
-1
-1
-1
-1
-1
134948941
-1
-1
-1
-1
-1
-1
-1
-1
-1
-1
-1
-1
-1
-1
-1
-1
-1
-1
-1
-1
-1
-1
-1
-1
-1
-1
149160014
-1
-1
-1
-1
-1
-1
-1
-1
-1
-1
-1
-1
14597672
-1
-1
86291321
-1
31183928
-1
158079552
-1
-1
-1
-1
-1
-1
-1
103346747
-1
6199222
-1
-1
-1
-1
-1
-1
-1
-1
-1
-1
-1
-1
-1
7424159
-1
7851987
-1
121457183
-1
-1
-1
162350340
-1
-1
-1
-1
30806580
-1
-1
-1
-1
-1
-1
-1
-1
-1
81689009
-1
-1
-1
-1
103502628
90122077
-1
-1
-1
-1
-1
-1
-1
-1
91601423
76634814
-1
-1
25983753
-1
-1
-1
-1
-1
-1
-1
131727960
-1
-1
-1
-1
-1
-1
23122248
37981960
-1
-1
-1
-1
-1
-1
-1
-1
-1
42746027
-1
3111902
-1
-1
-1
37353699
-1
140876285
-1
49481709
-1
-1
-1
-1
-1
-1
-1
-1
-1
-1
-1
-1
-1
-1
-1
-1
-1
-1
111991330
-1
-1
-1
-1
-1
-1
-1
-1
78557908
-1
-1
-1
-1
-1
33899314
-1
-1
-1
-1
-1
-1
163091184
106729638
-1
-1
-1
85266159
-1
-1
-1
90085445
-1
-1
-1
-1
-1
-1
45486429
133134723
146230028
-1
-1
-1
-1
8920271
-1
123399952
-1
48782378
-1
-1
-1
-1
-1
-1
-1
-1
10863148
-1
-1
-1
-1
28485640
-1
-1
-1
-1
-1
-1
-1
-1
-1
-1
-1
-1
144926355
-1
-1
-1
157375132
-1
-1
-1
-1
-1
91260002
-1
-1
-1
111915766
-1
-1
-1
-1
-1
150698977
84286824
-1
162303121
-1
-1
-1
115157114
-1
-1
-1
-1
-1
46712054
-1
-1
-1
-1
-1
-1
-1
-1
-1
-1
-1
-1
-1
45103090
-1
12259355
-1
-1
-1
22136105
77108614
-1
-1
36272551
-1
163453769
-1
109322558
-1
-1
-1
-1
-1
-1
-1
-1
-1
-1
-1
-1
-1
-1
5807510
-1
58988352
166079608
-1
-1
-1
-1
-1
-1
-1
-1
-1
108037178
-1
-1
19270361
160842875
-1
-1
104924091
-1
66970530
-1
-1
-1
32461131
-1
53909015
-1
-1
-1
-1
-1
87236979
-1
-1
-1
-1
117804608
-1
-1
-1
-1
160346917
-1
-1
-1
-1
-1
157839176
-1
124784027
-1
5656109
-1
-1
-1
-1
-1
127115188
-1
-1
-1
-1
-1
-1
-1
98362449
163632433
-1
120880172
-1
-1
13326061
-1
-1
-1
56097026
1716948
-1
66084725
-1
-1
86765607
-1
-1
-1
-1
-1
28194073
-1
-1
-1
-1
-1
-1
-1
-1
-1
-1
-1
-1
-1
-1
-1
51415726
-1
-1
-1
-1
28251525
-1
20711978
-1
-1
160125615
-1
-1
-1
-1
-1
