6340793
875422
210730
3958
3958
1735472
1239407
3958
5100085
55921
24982
34187
2000
41255709
3958
7341778
3958
14197
3517219
7633
1999
47738
1102710
2000
3958
3165390
11762292
504557
127524
4801557
3958
25142
325808
3517219
1999
2834475
34187
1999
634223
1999
1999
24982
55921
325808
14197
2000
7633
14197
2702923
4801557
34187
11830949
2646025
2485993
2000
7633
55921
2000
34187
2000
1546672
37595
210730
68374
2000
1999
2000
5800146
7456591
1735472
7633
7633
2000
5100085
736021
15040888
2000
3958
55921
7759978
1999
1999
504557
25142
352944
3069100
634223
2000
211003
2687249
525241
22853
7633
34187
7633
129900
55921
3829
3500
2000
2000
504557
3958
3958
1999
3958
3958
3829
10339997
3958
3958
7633
3958
2599226
55921
2144329
3958
59507848
211003
3958
3958
1999
3829
14197
1999
1999
47738
210730
47738
663494
814659
7633
1999
2000
602645
43322
40912
43642929
25961982
1999
7633
941424
3958
619985
1973673
7633
2000
405555
20581898
1476720
2000
7456591
3607909
24982
2000
47738
24982
1999
55921
2000
386881
1528577
1415071
127524
1999
2000
551989
3958
1603231
1546672
14197
55921
814659
7633
1415071
210730
41836
55921
211003
25142
41836
875422
210730
7633
7633
15324854
325808
25142
3958
14197
8650294
211003
349325
55921
3829
19599960
64091573
1999
55921
4286697
9250358
3958
45887473
51777792
22853
22853
7633
1232362
8219132
127524
1179014
15040888
7633
3958
1294987
7633
9263515
15324854
233173
7633
4286697
1476720
2412069
941424
69119
11413031
3958
349325
3958
40778698
504557
2000
3829
45887473
13338974
1999
7633
551989
32532478
7633
2412069
26617274
7633
1999
2000
3829
6682284
2203612
28631757
69119
3500
476243
25142
3958
8928463
3958
3958
24982
1705316
7633
47738
827457
82276
211003
24982
1614544
3161311
493779
3829
34187
3958
506563
7633
1999
1999
1833865
2000
3958
349325
525241
210730
947998
3958
2423749
2412069
325808
504557
525241
203880
68374
47738
78400
10981646
14197
55921
14197
22610816
8466438
1476720
3517219
2000
193652
45887473
2000
2412069
24982
47738
2000
1999
13171422
3958
1999
55921
14197
127524
78400
127524
1999
1508008
512886
2000
349325
2000
493779
860729
1999
2000
3958
5059713
1999
24982
349325
1999
7633
504557
127524
3958
41836
8943465
476243
1999
1179014
862119
1735472
1999
4358345
17208468
40912
249269
1999
7633
2792681
22853
68374
2412069
24982
119543
10291207
7633
2000
68374
4839197
3958
1999
349325
1999
68374
1999
3829
3958
68374
7633
34187
24982
41836
69119
7633
3958
4743648
2808224
24982
23810749
2000
3958
15324854
1999
2412069
1999
1999
32228
203880
233173
2000
1999
2808224
392690
476243
3958
24471133
1999
1999
47738
2999373
38679730
2000
1999
1899
2827
1999
1114563
55921
47738
193652
7633
24982
47738
3958
1999
37440321
210730
34187
504557
3958
3958
3829
55921
210730
3607788
24982
2000
14197
210730
504557
4638907
127524
1999
2691374
12217227
25142
863135
3500
2000
512886
193652
3958
34187
1999
25142
1294987
1638528
513714
3829
210730
1999
18543417
3958
3829
1966114
3958
3500
19642100
24982
3829
493779
789443
14197
22853
12286777
69467
127524
2000
22853
6939502
249269
602645
5611023
2000
2000
3958
211003
2412069
6582430
1546672
127524
12260136
3958
22853
3500
211003
1970137
2000
3977824
24982
4358345
1294987
2000
4358345
3829
392690
10291207
5420785
2000
1999
247757
13361935
2000
1899
69119
13338974
1999
2000
1999
209704
24982
7633
2827
2000
2000
55921
47738
2000
1999
2000
1833865
24982
24982
10243537
183657
5420785
24982
2000
1999
15138620
1999
2000
1999
9263515
24982
25142
81977
901203
2000
34187
1833865
8100014
57207527
525241
2000
3500
1999
9928308
3958
14197
198744
860729
4951965
2000
8528139
11662591
2412069
210730
4067901
1999
2146668
4358345
211003
1999
3958
525241
1735472
2808224
171454
3165390
209704
7633
20975648
4286697
3500
1294987
2412069
2423749
6582430
69119
3829
3958
2104952
7633
221183
1999
10901993
1999
177647
2000
2827
1294987
63558
1294987
22853
24982
1735472
1999
814659
1478872
1999
55921
7633
1802203
6890586
2423749
7633
47738
3958
1999
55921
47738
34187
68374
551989
19600233
64617
2000
2000
14197
1676082
525241
2691374
3829
41836
2000
26617274
6188582
24982
24982
349325
2000
1999
643188
979376
3829
2000
1114563
7633
11830949
15040888
7633
3312499
1999
6931123
7824133
35744409
3829
193652
3958
3958
68374
2412069
14197
24982
877805
21711892
476243
2000
78400
210730
2000
504557
1999
2000
3958
25142
643188
249269
210730
3958
7633
4286697
3829
1003547
2000
22853
3399709
1992882
2000
3958
1999
3958
23382436
55921
2000
476243
55921
2000
2000
504557
4638907
3958
4064592
7633
24246294
3958
1833865
127524
3958
3958
3500
14197
2000
1999
3829
7633
8100014
476243
22853
210730
81977
3958
210730
2412069
2000
3958
2694020
7456591
210730
3829
504557
3958
349325
3829
55921
3958
210730
7633
4144435
513714
4662060
2000
4286697
7633
211003
24982
2412069
525241
349325
2000
35744409
2808224
2000
3958
7633
1999
2055157
47738
1999
720018
23810749
1999
55921
1999
24982
7824133
2999373
3958
504557
2000
3958
3958
37440321
210730
2000
3958
68374
32228
1476720
209704
814659
392690
1999
210730
22853
1999
24982
24982
2000
1802203
14197
8806012
2000
1999
249269
3958
41836
34332614
7633
211003
571834
7633
69119
2485993
602645
525241
24982
7633
3958
393556
7652448
2000
15843639
210730
127524
1614544
55921
3958
2000
3829
119543
2000
476243
352944
34187
7633
47738
14197
47738
55921
24982
47738
1999
47738
3958
2792681
127784
55921
525241
1735472
55921
2000
5059713
1046832
3958
7633
3829
1753257
211003
22774935
30000984
7633
14197
1999
1735472
1999
211003
211003
119543
210730
1476720
2000
15324854
5059713
2000
68374
1999
615086
7633
3044761
3958
211003
866274
2412069
7633
3958
24617520
2000
14197
3958
860729
7824133
3958
3958
81977
930434
31572935
24390702
3958
1999
2111577
1999
2827
1999
7633
3829
1999
1114563
47738
211003
14197
2423749
3958
3958
55921
4951965
2412069
849015
1999
615086
22576710
127524
2000
1999
69119
211003
7633
1114563
13633389
15324854
392690
1638528
1767044
7633
31314874
46179245
3829
1999
7824133
2000
3958
2412069
759682
2000
3958
643188
2000
1999
7633
401205
2000
466407
2000
11153089
7633
69119
3829
41836
10895850
249269
7633
3829
210730
4951965
22853
1656895
525241
352944
4286697
2000
3198298
1999
7633
3958
17992157
22772717
1999
1999
3829
210730
64091573
392690
14197
525241
3312499
10513863
503131
22853
3500
19326068
3958
620371
7824133
32532478
1294987
2000
3958
3958
2000
1999
1579652
7633
24982
25450041
1999
69119
10895850
5826483
1802203
81977
14197
81977
349325
7471826
249269
1999
1999
7633
860729
47738
1999
2000
24982
31572935
947998
3829
3958
211003
69119
2792681
2000
3958
16671139
4373239
1999
1999
2000
2000
619985
30684900
7633
211003
3958
1908224
14197
7633
2691374
466407
3958
1802203
3958
193652
3958
247757
3958
81977
1676082
3829
3958
7633
2000
7633
25961982
7907107
4720242
7633
6438117
3958
3958
1999
10291207
2637707
634223
8100014
2000
24982
1999
875422
210730
3958
979376
2086651
129900
210730
69119
24982
7633
2000
24982
947998
325808
3958
3312499
7633
68374
7456591
643188
3607909
14197
7633
1999
2485993
4662060
1464668
210730
24982
1999
209704
3958
2000
47738
2000
2000
3500
24982
3958
24982
247757
392690
7633
4358345
3500
3958
860729
22853
15109375
47738
3517219
8165981
5059713
1294987
405555
55921
22853
2000
2412069
930434
476243
22853
25142
1294987
55921
2691374
127524
295013
24982
7633
5059713
10895850
3958
1463494
56144
25142
2000
3958
2000
4286697
3958
493779
64617
4067901
124483
24982
127524
393556
211003
1294987
1999
1199137
2000
127784
34187
2834475
947998
4176163
476243
3958
736021
3829
24274938
3829
14197
24982
2646025
40778698
81977
41836
7633
24982
2000
2412069
2000
25142
512886
848125
3829
2000
34187
3958
386881
7633
3958
1999
2000
1735472
210730
35744409
3829
1802203
860729
2765996
8716940
3958
81977
875422
7633
127784
24982
2148189
512886
24982
24982
32228
47738
3958
211003
24982
2000
7633
7633
3958
25142
2000
7633
2000
22853
834065
127784
40778698
352944
2000
7824133
8165981
17208468
211003
14197
827457
789443
3958
3958
7633
9483008
81977
15324854
3165390
3829
19600233
7223695
2000
7652448
3958
46179245
115423
55921
81977
24152053
1510102
1999
2000
34187
78400
3958
3958
247757
209704
3958
47738
127524
24982
1999
211003
4736132
834065
1999
30000984
2111577
1999
20975648
4286697
8650294
5836077
26533434
47738
1791246
504557
4951965
24982
4662060
1999
12927283
34187
3069100
2000
4638907
2000
22853
25142
3977824
34187
1999
24982
68374
2000
7633
211003
25142
405555
211003
47738
127524
736021
25142
862119
34187
5836077
12246747
7633
1999
1999
55921
13338974
7633
1010637
13683368
3829
2000
24982
41836
5514768
81977
506563
1280165
634223
2000
1999
1999
24982
325808
24982
193652
14197
32228
7633
210730
34187
11240572
2000
2152541
127784
19600233
947998
2000
2000
55921
392690
1546672
1476720
7633
11379666
25142
5059713
1999
2000
1239407
55921
3958
1802203
55921
24982
8576718
352944
2000
22853
25142
2111577
7633
14197
1999
476243
1999
3198298
11299659
1114563
3958
10438259
392690
24982
34187
7633
3958
5220475
1999
2000
2000
3500
7633
10660593
3958
46179245
512886
1999
392690
2000
211003
41836
209704
3958
2000
47738
3958
40912
82276
2000
2000
525241
3829
24982
1239407
249269
4211765
3958
1656895
634223
37595
34187
210730
7633
2412069
7907107
503131
4635484
24982
3958
4067901
2000
2646025
24982
3958
9250358
11097080
198744
2000
41836
1999
6188582
209704
2000
14197
504557
2485993
6635687
8650294
2000
55921
21214212
3958
875422
1999
2000
1463494
3958
3958
3958
1999
1999
3958
2000
22853
634223
1593548
13122856
3958
8025638
210730
7633
1999
14197
1999
1999
7633
69119
9250358
875422
34187
5220475
43322
3958
3807456
401205
3958
25142
2000
3829
1999
634223
14197
7633
7633
620371
210730
7633
211003
3958
1463494
127524
7633
34187
34187
7633
405555
1999
2412069
1999
37595
1239407
24982
15324854
5059713
2000
24982
8165981
7633
1824047
3500
247757
210730
8240399
7633
47738
7633
4067901
37440321
2000
14197
1999
4951965
81977
2412069
361802
34187
504557
47738
249269
466407
3829
24982
64617
38679730
349325
3500
6340793
14197
1999
2203612
5836077
47738
14197
504557
3958
47738
24982
22853
211003
352944
37595
917482
1470125
7633
1999
7633
1999
2000
1999
127524
17828939
24246294
3829
2000
615086
24982
14197
1833865
3958
1999
1999
68374
392690
1999
24982
7633
211003
1999
1735472
1999
10717857
209704
1802203
466407
3958
41255709
8219132
405555
10722687
476243
127524
34187
3829
47738
3958
1999
59507848
55921
2000
3958
28875048
24982
352944
47738
15015634
486666
55921
1989586
3958
40912
24982
247757
3958
1179014
2258663
7633
3500
1999
24982
3829
1468844
504557
1023161
10728294
81977
827457
1114563
12246747
7633
3958
7633
22853
2000
10717857
13596369
1294987
221183
55921
37440321
4067901
5836077
1478872
2000
3958
973211
55921
40912
1023161
7633
81977
37595
24982
1999
476243
2646025
2412069
1705316
3366310
352944
81977
3958
1999
551989
2000
3829
25142
3500
249269
1999
47738
3518192
2412069
1999
1239272
8620623
249269
1999
7942449
4067901
25142
677719
493779
1028214
1528577
209704
47738
209704
634223
22576710
211003
4220311
736021
11665597
2000
1999
3958
193652
211003
41836
3958
2285738
2000
349325
3958
203880
917482
5836077
504557
3958
34187
2412069
1999
4604095
22576710
14197
466407
2111577
3500
619985
24982
1415071
3958
7633
1999
1999
24982
13171422
7633
22853
1177404
1999
45887473
1116513
20975648
47738
2000
24982
7633
2000
3339311
2000
7633
3829
41836
1999
6188582
3551724
55921
619985
55921
55921
2071463
127524
3958
7633
5220475
2000
211003
127524
3829
3958
1999
37595
2000
947998
82276
193652
13683368
14197
2000
22853
405555
1999
211003
24982
3958
2000
392690
1999
352944
2518959
3958
211003
68374
4250637
947998
45887473
2808224
3102164
814659
2412069
34187
22853
13263727
2687249
22853
7633
2000
947998
127524
2000
63558
393556
13171422
2000
23810749
2412069
1999
849015
3312499
3198298
6510387
7724144
40912
2000
620371
24982
3958
4801557
210730
2000
51777792
24982
7633
2808224
19599960
392690
6931123
1999
3958
765138
941424
4176163
3500
3958
247757
860729
2000
211003
198744
7633
209704
47738
2000
64091573
34187
1999
8240399
2111577
12680505
571834
10548486
55921
1579652
2000
1999
7633
27583391
1999
486666
405555
2000
2000
34187
392690
81977
25142
68374
4617084
1999
4801557
25961982
860729
1239407
58819151
2000
8122062
3958
22853
2207291
1023161
2000
3162091
5605587
7633
1735472
619985
2000
7633
1510102
525241
7633
2821003
22576710
1999
1028214
1999
7633
39596939
7947879
1999
40912
1999
2000
1999
24982
14197
2000
1468844
3958
4067901
13361935
5005883
55921
620371
34187
3958
2000
3958
7633
352944
81977
37595
1239272
210730
476243
4662060
7633
2000
6188582
210730
3958
14197
211003
30774592
210730
1478872
7157983
2000
3958
4638907
23810749
81977
7633
13683368
198744
9767619
3829
1999
1644633
2000
68374
4067901
3958
81977
525241
619985
7633
14197
1999
947998
3958
127524
1999
63558
7824133
466407
47738
40912
7633
40912
3829
3958
47738
20148411
3829
7633
1999
525241
127524
47738
43322
22576710
1999
8928463
2000
211003
22853
10836783
525241
211003
2000
24982
210730
3958
2000
3958
2687249
3958
25142
814659
476243
1999
1999
2000
1735472
22853
901203
14882790
7994438
34187
14197
1114563
2000
3958
4720242
2748278
3958
8240399
25142
349325
4286697
18750101
10942032
947998
860729
1999
2000
47738
8165981
34187
8261633
3958
2000
24982
34187
24982
2053918
2000
24982
211003
34187
12680505
2000
23835356
1028214
3829
4793308
10291207
55921
24982
7633
493779
4736132
24982
5836077
2000
3958
7633
210730
24982
3829
1114563
24982
506563
2000
765138
7633
875422
210730
4638907
24982
115423
55921
2000
2000
2503515
41836
14197
525241
3829
24982
7633
2000
89816
634223
1999
14197
352944
1999
1735472
643188
4176163
3958
13338974
24390702
3198298
2808224
249269
3958
22853
25142
24982
1999
924362
4176163
8620623
211003
24982
3958
24982
1999
34187
3829
24982
3958
525241
3958
486666
211003
119543
13176877
18224173
634223
2000
7157983
19256366
1999
68374
34187
25142
2000
518080
405555
2687249
24982
1999
3958
401205
68374
2000
2808224
7633
58819151
14197
401205
68374
7633
34187
476243
2827
1999
3958
7633
3165390
1999
2649190
4358345
47738
1735472
1177404
55921
15109375
7633
349325
1999
476243
55921
3958
1999
47738
1999
47738
7633
55921
2000
14197
2000
2000
1767044
1999
127524
1833865
1999
3958
4604095
24982
619985
1802203
393556
3958
8323980
3958
1294987
3029029
620371
1999
3829
3500
3958
3958
5800146
349325
47738
24982
68374
2412069
1999
476243
9250358
506563
4844395
3990300
8431166
5204377
3958
25142
2000
14700765
1999
1999
349325
2000
74880
3829
4320780
198744
34187
55921
15040888
211003
875422
1999
78400
55921
1999
2000
1442979
55921
2000
43322
1989586
1999
127524
325808
211003
55921
2000
1999
405555
4144435
34187
41255709
2000
2000
2104952
14197
2412069
3958
15015634
2687249
1442979
32910410
1213660
24982
24982
7800381
210730
11153089
40912
3958
3958
3884962
2000
814659
47738
3958
3198298
1999
349325
3958
14197
3958
525241
2000
24982
1999
7633
129900
47738
3500
11833389
2000
4951965
59507848
14197
3958
1999
1600490
24982
1493708
69119
602645
17828939
3958
127784
7633
3958
127784
2000
210730
24982
63558
211003
525241
2000
81977
11830949
5100085
81977
3958
3958
1028214
13263727
3958
37391115
10942032
1833865
59507848
1999
2000
1999
24982
32910410
789443
27583391
281260
3958
22853
20975648
55921
8323980
22142335
7633
504557
1003547
3958
5059713
503131
198744
210730
2581893
22853
3958
221183
392690
827457
1999
2687249
1999
947998
3958
3958
24982
506563
63558
1999
3829
40912
7633
32532478
8261633
7633
4064592
1999
9693882
2000
14197
3958
504557
2000
34187
25142
1999
504557
14197
3829
13122856
22853
211003
247757
2000
7633
2000
2000
55921
211003
3958
602645
352944
41836
3517219
24982
249269
2000
127524
525241
7633
1999
1999
947998
127524
34187
203880
3958
9263515
8466438
2637707
25142
1999
3958
1999
643188
1824047
3958
14197
22576710
1999
2000
1913563
34187
10291207
1999
2000
10836783
827457
3359620
211003
2000
1735472
476243
40912
127524
211003
1833865
8075508
7633
1999
3829
3958
47738
55921
1114563
3829
203880
13683368
15428467
3958
2518959
3829
127524
34187
2000
8806012
40912
22142335
2000
193652
493779
2000
504557
1999
127524
2000
24982
3958
619985
211003
3958
81977
209704
24982
1999
1999
2646025
3958
3958
3958
1999
875422
40778698
1999
3500
352944
3500
392690
7633
17111458
1999
24982
2000
1478872
55921
3829
34187
7633
3829
392690
25142
476243
47738
3829
210730
3829
4367136
13263727
47738
3958
210730
1638528
1294987
875422
18750101
2000
500959
476243
11665597
2141539
24982
930645
4067901
55921
3958
643188
2412069
4472871
1999
22853
1510102
210730
1999
3829
8716940
7633
3829
3829
2000
504557
24982
2000
37595
1239272
129900
2000
40912
210730
24982
2000
55921
848788
3958
3958
392690
3958
22853
24982
39596939
247757
3958
875422
81977
2000
1999
10717857
193652
17828939
24982
392690
64091573
862119
7633
7633
2000
3958
1999
20474744
924362
14197
602645
14197
4720242
2000
2000
7633
55921
10660593
14197
25142
504557
7633
24982
55921
3500
984855
1999
2808224
37595
3958
2485993
55921
289086
1999
2000
476243
4743648
3958
4286697
18750101
115423
3958
23810749
1999
43322
23810749
5204377
352944
1294987
24982
5836077
7633
55921
7633
984855
352944
3958
392690
14197
12680505
4358345
1999
209704
2000
37595
12419259
24982
7633
486666
2000
3958
6150384
2000
124483
2000
211003
1023161
476243
2000
37595
3500
55921
3958
8431166
34332614
247757
55921
55921
3958
3069100
34187
47738
1999
352944
7006923
47738
3958
1546672
7633
34187
4602246
2000
3500
4951965
15138620
22142335
1463494
24982
875422
68374
512886
13338974
7633
1999
1676082
1068053
10942032
2324493
7633
3829
22853
68374
7633
2000
1999
947998
1999
211003
2000
7633
1468844
1999
211003
2827
551989
127524
1999
7633
860729
3312499
24982
1999
47738
47738
34187
947998
2697056
25142
3958
504557
1999
7633
7157983
34187
9047303
2637707
3165390
1028214
1999
24982
7633
566951
14197
525241
3958
504557
3829
2808224
1999
24982
24982
3829
3829
1999
1735472
247757
5834120
8806012
1999
1068053
2000
2000
25142
34187
393556
7633
22142335
14197
47738
3807456
504557
1999
3958
525241
4286697
476243
7633
198744
4818605
1028214
2000
15763544
193652
47738
55921
1999
4638907
4286697
1999
493779
3958
3958
1999
1999
2000
15324854
7633
2961507
1510102
7633
525241
3069100
7633
47738
55921
24982
3829
210730
2036349
476243
47738
14197
24982
208076
211003
602645
1999
127524
43322
1999
2000
3958
2000
24982
15081603
22853
7732298
3958
7223695
2999373
3829
2000
1999
4951965
55921
4951965
34332614
2000
2000
7633
2000
3958
4801557
1802203
3958
5836077
1999
24982
3958
24982
1989586
3069100
13683368
26294762
7316487
210730
1401597
2000
2000
2000
24982
14197
37595
24982
2000
2275497
45207646
10958184
13263727
2412069
14197
24982
3958
7633
2000
2000
4743648
2000
11762292
11153089
203880
3958
2000
211003
7633
4209923
47738
352944
7633
6635687
3829
7633
504557
32228
3312499
2000
7633
3958
10901993
3829
3829
24982
24982
4638907
2412069
26617274
2893113
3958
3958
4736132
6582430
1239407
15763544
862119
827457
1999
3829
7633
3829
14197
24982
24982
1753257
3958
24982
3958
2412069
1999
1999
14197
602645
1114563
47738
2000
5059713
2000
7633
504557
4286697
24982
619985
34187
4426503
8431166
466407
1825246
127524
7633
247757
3958
14197
1999
14197
7633
901203
14197
3958
55921
10513863
3958
6510387
24982
4638907
4176163
22576710
6498681
2763048
43322
7633
3829
7633
525241
7633
3958
1999
25961982
82276
3958
1767044
3958
7633
7633
68374
7633
1213660
3958
55921
1999
2423749
2000
24982
6640903
63558
7633
1478872
1999
7633
3958
4638907
1478872
2000
3829
2000
3829
349325
2412069
1294987
3829
1999
1676082
1999
551989
1999
823986
3829
11143109
3958
504557
2000
7633
34187
23810749
10683305
2000
1999
3500
247757
10192686
2000
3829
1999
7633
476243
7633
55921
1999
1966114
860729
25142
1239407
55921
19599960
2000
14197
36272930
36272930
3829
3500
18750101
1999
45207646
45207646
1999
247757
504557
386881
1415071
3958
14197
3829
34187
211003
14197
7633
3500
2423749
3607788
7633
211003
210730
37595
7633
295013
24982
1999
602645
5836077
115423
10027023
2000
1239407
3829
325808
2687249
7633
55921
7633
1767044
247757
1999
12213984
55921
476243
34187
1999
210730
55921
1999
1999
210730
115423
10504798
1999
10438259
43322
47738
2000
2000
827457
24982
3524467
3958
1999
14197
37391115
210730
1999
504557
634223
4793308
476243
3829
5059713
211003
3829
619985
24982
2827
64091573
19599960
3829
10138083
525241
2318735
7633
2000
3500
55921
24982
3829
3829
7633
41836
47738
3958
12577353
7849002
127524
8516385
3829
24274938
503131
41836
69119
1802203
619985
6636909
3958
814659
47738
2827
7633
1294987
6434173
3958
1294987
43322
14197
979385
47738
827457
736021
1999
24982
506563
24227943
40912
3958
3500
210730
24982
2765996
1999
3958
392690
47738
14700765
22853
25142
476243
3958
2104952
30979558
1999
2000
69119
24982
3958
3958
34187
24982
3958
3958
3958
23810749
5059713
1114563
1705316
2000
1579652
6271985
2808224
34187
37595
40778698
24982
22853
3069100
4617084
2000
25142
55921
22853
24982
119543
504557
22853
2324493
3829
3829
5871110
3958
211003
47738
1999
1999
3829
3829
1239407
34187
45207646
7633
1114563
3500
4638907
2000
620371
2724995
860729
3958
41836
37440321
7633
127524
3958
3958
15662856
7633
3829
2000
7633
47738
3829
1802203
1999
1999
2999373
25142
401205
7633
525241
43642929
1028214
211003
25142
1999
7157983
2000
115423
47738
3958
198744
3958
1999
7157983
3829
3958
3829
1999
5414020
24982
24982
10895850
1114563
3958
349325
5605587
5059713
2691374
34187
1114563
22853
2000
211003
127524
198744
171454
211003
2412069
827457
31314874
2000
2111577
193652
3829
34187
5605587
1999
13683368
1999
3829
3829
51777792
47738
34187
3958
68374
127524
2000
3958
352944
1999
19600233
10027023
24982
2646025
24982
2285738
24982
5728104
3958
7633
917482
13161958
68374
211003
47738
55921
24471133
3532592
875422
10901993
7633
3517219
22853
24982
4951965
7633
1999
68374
6682284
81977
1656895
3829
24982
4938434
209704
2104952
1239407
7793463
3958
127524
525241
7633
3958
393556
3829
20474744
1999
2412069
20581898
193652
1999
1023161
7633
7633
325808
81977
1999
1705316
566951
7633
1999
47738
1815717
2765996
386881
1415071
8943465
24982
7633
210730
1999
941424
2000
620371
1999
1999
14091270
34187
3884962
23835356
4604095
4358345
827457
295013
504557
41836
24471133
3500
7633
1999
1023161
1999
7633
3829
430784
947998
24982
2000
3829
3884962
924362
210730
2000
3958
2000
25142
2000
827457
21711892
2000
2000
3829
1003547
504557
22853
7633
22853
3829
3958
211003
3312499
12419259
476243
5100085
210730
211003
3500
3958
209704
68374
81977
3958
392690
3829
3829
392690
3958
3958
47738
24982
28631757
7633
349325
14197
3958
525241
2808224
844006
2000
81977
2000
24982
1999
10131568
24982
4793308
620371
1999
493779
81977
2792681
1999
37595
14197
35744409
211003
4720242
211003
211003
1999
1476720
3958
139537
3829
392690
129900
620371
47738
827457
14197
55921
209704
2000
862119
405555
34187
7724144
392690
24982
68374
47738
3958
3958
47738
3958
1028214
3958
476243
1550724
2000
4662060
14197
3958
3829
37595
5059713
3958
22853
27583391
1999
15040888
3148125
1999
3829
20287901
860729
2412069
2000
325808
8121349
34187
2687249
525241
1999
2000
7942449
392690
14197
3829
862119
13444080
1999
193652
349325
4067901
1802203
325808
81977
1179935
22853
193652
198744
43322
3829
2000
1999
14197
3312499
3958
7633
2384720
14197
814659
7456591
875422
2000
3829
55921
22853
1802203
24212448
55921
3958
3829
55921
47738
1999
7633
1294987
7724144
24982
12967847
247757
24982
247757
1999
6193190
7633
24982
512886
504557
14197
210730
82276
349325
3829
2893113
7633
3829
22853
525241
139537
1992882
24982
69119
22853
7633
2000
26294762
7504390
349325
3958
2881668
5605587
3958
24982
25142
1735472
34187
2000
4067901
249269
7452701
3958
210730
1579652
3958
172577
5059713
1510102
7633
14197
211003
28631757
2000
504557
476243
7633
476243
14493790
198744
198744
55921
22853
47738
3829
1999
2000
1999
7633
392690
20474744
4844395
875422
1999
1999
349325
1239272
2000
210730
2000
203880
211003
24982
55921
1767044
7633
2000
602645
2808224
7633
2000
58819151
24982
1443134
24982
24982
211003
3829
7633
2000
2000
3958
1294987
24982
8261633
247757
47738
4939689
1546672
2000
1999
127524
14197
14197
3958
211003
3958
4662060
14197
210730
210730
2000
3829
5836077
2702923
40839293
22853
24982
2055157
7633
2000
1802203
211003
211003
4951965
3165390
571834
3691084
22576710
2000
37391115
34187
24982
55921
1028214
2691374
1999
47738
3328465
3958
2827
7633
2000
127524
3500
2412069
476243
24982
2000
2000
2000
2000
3958
3958
7633
1999
2543926
2000
1999
3829
2000
24982
24982
4176163
9749175
8843681
203880
25142
1239407
210730
7633
8219132
14197
1028214
7633
22853
1791246
55921
18543417
1614544
405555
1999
10942032
14197
7633
3069100
2000
47738
211003
3829
203880
1999
3366310
22168408
10339997
127784
2000
3958
4839197
210730
7633
24982
2320509
860729
2000
3958
2000
349325
3500
13596369
3958
3958
5201240
3958
3500
17992157
41836
1999
24982
1999
2691374
15109375
7157983
24982
24982
7633
1999
9078786
2000
1999
22853
1999
352944
22853
736021
3829
5871110
55921
466407
3829
2691374
13171422
198744
3958
210730
3198298
736021
814659
2000
24982
14197
41836
3537121
3958
3829
14292679
13263727
223332
2055157
3958
1999
3958
862119
7633
47738
1999
504557
51777792
476243
211003
1999
55921
24982
14197
34332614
3958
10231286
7633
24982
3958
834065
1546672
924362
1999
34187
504557
930434
3958
3958
14197
127524
476243
1999
24982
127524
2646025
25142
2423749
7633
68374
3958
64617
2000
476243
3884962
210730
2000
47738
736021
68374
209704
211003
3958
3829
3829
3958
1294987
3958
55921
210730
4736132
34332614
2000
7155830
1999
3829
211003
22853
22853
15324854
1999
7633
1999
7633
24982
3958
525241
22853
525241
14197
43322
1999
352944
1999
1493708
12055855
3428012
59507848
34187
55921
13444080
78400
6495269
7633
3500
2000
1802203
14197
1999
3958
1485833
127784
7401559
862119
634223
325808
34187
3500
736021
81977
127524
3884962
7633
1999
3958
4662060
2000
211003
504557
24982
2808224
247757
69119
14197
24982
209704
2000
4286697
24982
127524
12213984
47738
55921
1294987
4951965
247757
3958
1999
2646025
619985
3958
127524
189210
3829
7633
22853
694656
47738
2000
2000
1988506
2412069
210730
3829
3500
3958
504557
14197
10901993
3958
525241
2000
3958
21297972
3958
7633
2000
7942449
525241
7471826
1999
3958
3958
24982
1999
2000
211003
1999
1989586
1476720
875422
2285738
69119
2000
24982
34187
2000
14197
3958
211003
14197
401205
405555
2000
2834475
2000
736021
1999
198744
18543417
7260012
8323980
7633
1999
34187
81977
47738
183657
924362
3829
203880
1600490
2000
249269
1215156
3958
21297972
40912
55921
210730
249269
1415071
947998
7793463
7633
3958
405555
19599960
127524
7633
5019434
3958
2000
504557
14806753
55921
68374
1999
21214212
3958
22576710
1999
8650294
2412069
1802203
827457
827457
47738
862119
3069100
2000
81977
47738
172577
24982
2000
2000
203880
24982
349325
3958
18224173
525241
55921
3958
8219132
4484540
827457
1767044
1294987
349325
1656895
31208950
11760457
210730
7006923
3958
6193190
30979558
3958
3958
2921623
1999
22576710
7633
3958
1999
1802203
36272930
3829
247757
249269
3958
55921
14197
894216
1999
3958
127524
7633
68374
7633
476243
1812825
2000
2055157
57207527
210730
7633
392690
2000
68374
3958
1294987
3958
352944
193652
3884962
24982
24982
1999
2412069
7633
3958
973211
8106514
862119
14197
4720242
1989586
4662060
24982
55921
862119
1419162
3958
198744
14197
34187
24982
5728104
3829
81977
2000
1999
3312499
9928308
22853
3958
862119
1999
2000
34187
34332614
3958
24982
1999
1999
24982
2000
2485993
3958
2000
210730
3958
2691374
2000
24982
924362
24982
2893113
81977
3829
7633
2000
127524
7456591
25142
25142
3829
8323980
25142
3958
3958
14197
211003
352944
1999
5059713
504557
14197
69119
43642929
24982
82276
2000
13683368
247757
2111577
2000
2000
3958
127524
81977
68374
2792681
24982
210730
24982
2834475
1114563
55921
525241
127524
4617084
7633
14197
3977824
11153089
3958
814659
1999
2000
3958
3500
211003
3958
24982
7633
1999
3958
64091573
2000
947998
7724144
1179014
352944
1999
643188
2637707
14197
1999
7633
736021
31572935
127524
3958
7633
7633
1493708
3829
349325
210730
1478872
3958
1999
24982
14197
3958
3958
24982
352944
1294987
1463494
4662060
4176163
7157983
2691374
2000
3198298
14197
34187
3958
7633
1999
78400
3958
211003
1676082
24982
47738
2000
7401559
1999
2000
476243
875422
3958
32532478
1824889
525241
525241
4743648
7633
127524
7633
7633
602645
1375258
2000
3829
59507848
2000
1510102
1114563
827457
1999
210730
7316487
211003
43322
1999
3829
7633
41836
1239407
55921
7633
3958
41836
203880
31208950
3829
5611023
8240399
2000
3312499
7223695
55921
55921
3958
55921
894216
1239407
1999
3958
979376
2071463
2000
2000
62885987
55921
25142
28875048
875422
24982
24982
947998
55921
503131
405555
5059713
17072588
25142
3958
3958
8494220
3958
3950564
15127768
3958
504557
24982
6447996
1999
40778698
82276
1999
3829
4064592
615086
35744409
875422
7633
736021
619985
24982
24982
32076558
3198298
13122856
1735472
34187
3829
2000
19599960
827457
81977
81977
7633
249269
198744
34187
7633
1999
14197
16940080
8219132
1802203
349325
3069100
211003
47738
20173759
2000
14197
1999
1999
8350783
15040888
37595
14197
3958
6610886
55921
1999
2691374
3958
2000
24982
862119
2691374
2000
81977
7633
30000984
2000
24982
7633
9250358
3958
198744
24982
7348468
1614544
7633
486666
875422
3958
81977
7633
2000
55921
172577
1239407
14197
2000
3204096
14197
863135
3829
115423
4472871
11153089
16052117
40839293
210730
504557
2000
34187
40912
863135
68374
22853
2533757
24982
827457
1999
24982
3829
2543926
14197
352944
3958
3958
2000
3958
210730
40912
7633
4176163
127524
210730
2748278
69119
14197
14197
10438259
3958
525241
68374
2152541
24982
3829
3958
7633
2000
1415071
3958
1114563
3829
1735472
210730
3829
3958
14197
34187
22576710
68374
22853
506563
1999
24982
504557
7633
8106514
68374
10291207
1114563
3958
393556
1546672
25961982
1028214
6582430
55921
1833865
3958
1999
8261633
3312499
525241
3958
127784
1999
7633
1999
619985
24982
193652
3500
634223
249269
3958
3958
3958
1999
844006
1999
860729
7633
4067901
34187
1999
24982
19599960
210730
827457
68374
24982
1528577
81977
210730
14197
1999
210730
2000
22853
2000
3517219
210730
325808
602645
24982
3958
1992882
7633
3958
619985
3958
12967847
1999
2000
55921
827457
55921
10291207
55921
37595
466407
3958
2000
34187
1644633
1999
47738
349325
14197
7633
20287901
5834120
1239407
2000
466407
211003
3829
1999
1735472
81977
3607788
81977
7633
2000
1239272
2000
249269
14197
21297972
1999
7633
1023161
22853
81977
567857
1999
3958
2000
8261633
3829
1999
10784780
2000
3958
24982
1999
198744
47738
55921
2000
24982
4358345
13835319
860729
862119
827457
3958
3958
1999
1999
3958
2000
4067901
203880
47738
4011648
3958
211003
1239272
24982
2000
23810749
917482
24982
15324854
3958
3829
3958
3500
24982
361802
1999
4039120
7633
24982
15324854
26294762
210730
209704
32076558
45887473
3829
2000
7633
834065
210730
14197
814659
620371
1735472
1179014
2000
1114563
1999
736021
3958
25142
13161958
7401559
2000
24982
1999
14197
7724144
10981646
7633
22853
4039120
127524
3958
2000
55921
22774935
860729
4176163
81977
2423749
14197
875422
1802203
3958
1284082
11153089
24982
15324854
476243
55921
1999
3958
3958
7633
24982
81977
6498681
47738
211003
1294987
2000
2518959
476243
2104952
14197
3721055
1999
3958
949449
34187
3958
2000
4067901
82276
14197
124483
210730
22853
1294987
602645
115423
2000
3312499
15324854
7732298
1992882
24982
3958
7633
210730
25359152
3958
5836077
25142
352944
3829
7633
3829
1999
3958
7633
1676082
24982
2324493
7633
1999
7633
46179245
1999
4638907
15040888
19599960
3958
6871011
22853
486666
3829
3829
3958
9047303
3958
24982
2000
3517219
5537790
860729
2000
1989586
4039120
10909370
211003
38679730
55921
4617084
210730
4938434
2000
56144
2000
30774592
4176163
7633
55921
8240399
3069100
1999
3829
23810749
3958
9250358
1802203
5059713
525241
34187
55921
2000
172577
1999
55921
759682
504557
862119
514514
3958
8075508
124483
3829
493779
55921
901203
24982
4286697
924362
14197
4662060
1463494
1294987
25142
64091573
13210134
24227943
24982
504557
2000
551989
19599960
7633
15843639
40912
24982
41836
1239407
8549503
33586844
3958
2000
386881
476243
325808
12941662
1999
2412069
1802203
2000
47738
32228
55921
7633
6447996
325808
3958
352944
3958
210730
55921
3829
13171422
81977
392690
7633
1999
7401559
5871989
16052117
513714
3977824
1989586
1999
5836077
14197
8121349
14197
1294987
7633
2423749
3829
1999
115423
14197
55921
2000
30684900
2000
1999
2687249
601935
2000
736021
211003
506563
7633
8240399
24982
47738
9693882
47738
10942032
875422
7633
47738
211003
8650294
4844395
55921
5605587
3958
210730
5628614
3165390
2000
7633
476243
69119
14197
127784
392690
6127853
476243
6188582
211003
34187
55921
392690
3958
68374
7633
5059713
3958
69119
2896734
3958
525241
1495250
8100014
210730
7157983
24982
7633
5414020
8165981
7341778
2000
2412069
1999
25142
2000
3829
193652
55921
2141539
22204215
2533757
3958
1999
210730
68374
25450041
1311724
4176163
1999
210730
3312499
24212448
401205
3958
875422
3958
504557
3958
39229916
55921
24982
3829
24982
7633
5605587
2000
127524
13683368
4662060
7633
7633
127524
68374
1999
1999
9934720
14197
34187
210730
7633
4067901
7633
211003
3958
2000
736021
25142
2000
24212448
11153089
24982
4091477
2000
24982
3958
7633
1294987
3069100
1294987
11153089
3829
14197
55921
3829
211003
7633
211003
1989586
24982
6635687
3829
211003
2000
1999
57207527
55921
1999
8620623
3958
486666
2000
2000
1999
22853
55921
1802203
3517219
18750101
68374
2000
5836077
512886
7633
47738
3958
3958
47738
1999
34187
3958
7633
47738
4638907
3165390
210730
24982
210730
211003
7633
1999
2000
2412069
47738
1213660
2000
24982
3958
1028214
615086
24982
4604095
3958
127524
2000
34187
14197
7633
40912
55921
7633
1999
55921
2000
193652
47738
2000
2485993
9250358
1999
3829
1415071
476243
1656895
2000
1999
1999
7633
3958
3958
43322
1735472
4286697
249269
31572935
1999
211003
24982
2000
3958
17370000
947998
3958
525241
1999
26533434
2000
22853
2518959
211003
47738
127524
23835356
81977
2000
1999
2000
7633
32076558
210730
3958
3958
7633
211003
24152053
3958
26624752
3958
2412069
3958
7255232
1999
1802203
1999
6495269
183657
7633
352944
3958
3958
20474744
3958
3958
7633
211003
55921
55921
2581893
11379666
4951965
2275497
3958
40912
4320780
7633
64091573
25142
2000
3958
3884962
4662060
3069100
1999
1999
211003
13361935
506563
62885987
127524
210730
2000
1114563
5836077
55921
14197
47738
1802203
28875048
601935
24982
325808
2000
7633
504557
1114563
47738
5893879
19599960
3958
14197
504557
1999
525241
25142
3829
1999
1999
20975648
40778698
1999
7633
1999
3958
55921
3958
47738
386881
2000
3958
3829
7633
47738
43642929
37595
15040888
1999
1999
24982
22853
3958
2748278
3958
3829
1177404
3958
5800146
1239407
393556
23810749
127524
40912
209704
3958
7633
2000
3958
34187
3958
127524
21214212
325808
3958
2000
860729
1028214
467617
3958
2000
1802203
24982
7633
14197
7316487
503131
127524
69119
24982
30774592
979376
2000
1999
513714
3958
2000
401205
3958
210730
1311724
1999
7633
3958
1999
21834643
3958
34187
68374
64617
24982
5059713
7633
3884962
765138
3958
1989586
3958
2000
8100014
32532478
7114620
211003
127524
476243
7633
3958
210730
89816
5611023
34187
41836
1638528
8620623
3958
3958
2111577
127784
14292679
47738
34187
12188665
619985
25142
6447996
47738
12286777
15040888
3958
2000
3958
13683368
23810749
392690
476243
1999
3958
24982
5836077
2000
9973463
3958
69119
211003
115423
247757
525241
3829
3829
24982
1676082
3829
2000
3829
24982
24982
25142
3958
211003
3958
47738
1239407
3958
40912
3958
1999
2000
1177404
24982
127524
7633
525241
211003
5494697
47738
249269
1824047
2111577
56144
34187
3500
10339997
249269
3884962
22204215
3958
3958
1999
5611023
3958
3165390
4176163
22142335
47738
24982
8219132
198744
4067901
211003
615086
1999
55921
7633
2000
10438259
16052117
392690
3958
15040888
2000
2412069
2000
211003
3884962
3958
47738
4938434
2000
7633
7633
24982
1999
4176163
9928308
3500
211003
2000
3884962
41836
211003
1999
127524
81977
2203612
7907107
13683368
1999
7994438
7824133
127524
24982
3958
55921
7633
193652
24982
3807456
2000
5871989
24982
47738
55921
5836077
17013650
14197
2000
2518959
2000
3829
12927283
10438259
10683305
512886
3958
7633
4638907
115423
1114563
1114563
210730
3829
24982
24982
525241
69119
24982
2000
127524
7633
24982
466407
68374
3829
3958
930434
814659
2275497
1028214
1999
1999
1999
47738
211003
64617
1999
24982
24982
43322
3958
69119
127784
1705316
24982
4358345
3174368
24982
24982
12967847
1239407
211003
34187
8806012
119543
24982
30000984
1999
7633
26533434
68374
1311724
1213660
24982
2000
349325
4638907
7633
14197
476243
24982
3958
22853
34187
4176163
3958
7633
1735472
3958
1028214
1478872
352944
34187
2000
14197
1999
4951965
3958
7633
7633
3958
2000
1528577
1999
3500
3829
209704
7633
2000
7633
1999
55921
14197
24982
2646025
24982
22853
486666
620371
2748278
55921
47738
24982
1294987
1239272
5059713
24982
4793308
2000
476243
1999
3958
463589
69119
1999
7633
1493708
14197
3958
34187
1999
7633
14197
5836077
24982
14493790
15324854
55921
1999
3958
4951965
17370000
1177404
24982
7401559
2000
2000
37595
525241
210730
2000
525241
1999
198744
81977
1999
127524
14292679
3829
2646025
7633
620371
37595
55921
2000
525241
525241
1735472
3958
476243
2000
25142
8171769
211003
3829
1102710
2071463
1478872
210730
8323980
560738
1802203
25142
2646025
8219132
2000
47738
211003
7633
1999
3517219
81977
2412069
22853
211003
47738
193652
525241
6510387
2000
210730
47738
15040888
7633
68374
2646025
34187
2000
325808
13161958
2896734
223332
24982
7633
1999
349325
211003
17111458
24982
24982
525241
55921
9928308
11461378
2000
3958
620371
860729
4844395
827457
602645
6495269
736021
1966114
525241
1735472
24982
55921
405555
2646025
3198298
789443
2691374
24982
11662591
24982
2000
5605587
221183
3958
25961982
352944
352944
1114563
493779
3958
47738
7633
24982
3090261
221183
466407
7633
1999
127524
25142
295013
25142
13683368
1999
5834120
3829
81977
2000
47738
26617274
3958
47738
47738
2000
2827
7633
1999
14197
3829
2000
1999
2649190
1802203
2000
36272930
2000
1999
24982
55921
10717857
503131
7633
2000
476243
349325
81977
203880
2000
24982
4801557
22576710
3958
55921
20173759
1114563
2071463
81977
3958
24982
32076558
7633
33586844
247757
3958
127524
3958
14197
3958
2000
1999
193652
68374
24982
8650294
210730
1415071
210730
55921
1970137
1999
198744
55921
7633
37595
6582430
1999
19600233
24982
1239407
10987246
504557
2275497
43322
2423749
47738
14197
1999
3958
1999
2000
352944
7633
1999
1114563
7633
7633
3958
7633
1999
1114563
2000
7255652
14197
860729
68374
2000
127524
211003
41836
63558
3958
14197
14197
643188
55921
24982
3958
40912
55921
12052259
8716940
863135
2412069
3958
47738
7633
47738
3069100
1999
55921
1735472
25142
3958
3958
2000
4951965
3958
1999
55921
24982
4638907
2000
5836077
4472871
1999
2000
22576710
3829
1999
2000
1999
14700765
571834
551989
8806012
7633
979376
17992157
7633
7633
5348990
386881
10895850
1999
3958
349325
1999
198744
7633
2000
12680505
24982
63558
37595
1999
210730
47738
941424
1999
325808
22853
25142
4484540
405555
1999
3958
24982
3958
486666
47738
3958
1999
525241
2412069
1999
1999
1999
2000
525241
210730
2000
1028214
198744
3829
947998
3958
68374
2000
3069100
55921
7633
81977
7633
55921
1999
941424
2000
24982
34187
7759978
1999
567857
1999
5628614
24982
23835356
1999
1999
2687249
506563
352944
2000
3958
47738
24982
198744
47738
22853
24982
352944
4176163
127524
3958
1999
19599960
17111458
1999
3829
24982
68374
3958
349325
55921
1392020
1028214
1023161
14197
1999
827457
393556
25359152
2518959
247757
2000
2203612
1999
525241
210730
7633
2000
55921
4951965
525241
5871110
620371
22576710
8843681
476243
1028214
24982
16052117
2691374
7633
81977
24982
3958
1999
3958
203880
7633
2000
525241
2000
504557
7633
615086
69119
127524
55921
392690
24982
352944
13683368
3829
81977
1294987
10901993
1999
47738
3500
2000
3829
1999
1999
203880
127524
2000
25142
1999
979385
101717
2000
2000
127524
7633
13122856
24982
2691374
1802203
619985
14197
2000
14197
12213984
386881
211003
1294987
1999
19599960
40912
849015
203880
7633
1114563
34187
7633
211003
3958
2808224
493779
2000
2000
11240572
3958
25142
7633
827457
81977
9973463
7157983
1999
7157983
55921
210730
10836783
22853
7633
814659
1999
14197
2000
26624752
211003
1999
7633
13596369
25142
18791841
1177404
1999
2000
221183
22853
210730
827457
34187
7633
2412069
7633
209704
3958
393556
249269
7633
81977
211003
7633
2111577
127524
25359152
7633
349325
3958
24982
47738
17111458
392690
127524
4662060
51055
3500
211003
127524
3500
209704
3958
3500
127524
4232528
1987166
24982
24982
1999
209704
3958
525241
2000
24982
3500
24982
20581898
74880
68374
3958
1999
401205
17013650
1802203
17013650
3958
24982
814659
24982
1833865
211003
211003
405555
1999
127524
69119
349325
4662060
1999
8219132
3958
525241
55921
2000
210730
211003
89816
1999
3958
55921
8884067
34187
3958
198744
2000
34332614
7633
352944
3958
55921
198744
37595
7633
8650294
34187
2000
25142
4818605
4067901
2000
12246747
43322
827457
11153089
2000
22576710
1999
1999
18543417
32076558
34187
736021
325808
1999
349325
81977
35744409
1579652
15040888
2000
23810749
22853
3958
3829
3829
392690
3958
24982
1999
2000
3829
36272930
705703
10438259
1999
3977824
211003
22168408
14292679
12967847
352944
1999
82276
3829
352944
7633
5019434
1735472
7633
3829
46179245
8323980
2000
15040888
7824133
2000
47738
5728104
1999
3958
634223
124483
3958
81977
3829
11413031
4743648
13176877
30979558
24982
1999
3500
24982
503131
2646025
3829
1114563
32076558
43322
2000
14197
25142
352944
2000
22576710
4176163
211003
24982
503131
127524
7633
55921
3958
24982
203880
1294987
3829
4662060
8219132
210730
875422
55921
25142
1656895
3958
3958
45887473
12052259
33586844
2000
5836077
1767044
694656
211003
5100085
2000
1114563
3958
24982
3958
1802203
8431166
3829
615086
14197
1999
827457
5059713
1999
3958
1114563
3958
24982
12246747
1999
55921
74880
247757
1999
36272930
1999
11153089
247757
6682284
2412069
7401559
1028214
1999
3958
56144
1735472
1999
7401559
14197
1999
1999
1999
1735472
3958
853859
5537790
127524
1463494
3829
3958
25142
10895850
9928308
506563
525241
24982
493779
81977
20442637
1999
3958
2000
3829
3165390
209704
9158787
3958
349325
325808
3958
211003
47738
1999
249269
5871110
3829
210730
1999
211003
560738
2000
7348468
14197
55921
24982
3518192
1802203
9250358
1999
24982
24982
615086
24982
3958
2000
2827
3958
3958
24982
55921
3069100
1239407
40778698
1999
14197
24982
2111577
1999
2000
7633
56144
24982
1735472
325808
210730
1177404
1478872
759682
2000
3958
504557
2000
1802203
127524
1478872
210730
2000
34187
1999
249269
1999
55921
7947879
1999
3958
3958
25142
15324854
2000
2000
2000
2000
7633
47738
1999
81977
2000
7316487
210730
1294987
68374
4358345
875422
759682
47738
10942032
3829
2000
2000
7633
62885987
24982
3958
55921
7401559
2000
7633
720018
14197
4067901
7633
1294987
24982
930434
24982
3958
7633
17013650
3165390
3958
34187
3829
4211696
2000
9250358
1999
3958
504557
3958
2000
2000
4176163
55921
81977
211003
1294987
47738
3958
7633
2000
210730
2412069
814659
47738
211003
37595
3958
19954111
47738
2000
973211
7401559
1999
22853
1023161
1999
7633
3958
2000
7633
3958
40778698
1384934
3829
3958
1600490
5220475
13171422
392690
24982
34187
1999
211003
12052259
2000
1999
6434173
6447996
247757
3829
1999
1999
3958
211003
55921
2000
7633
24982
43322
8106514
13683368
295013
2000
1999
81977
3958
6495269
20474744
3958
4286697
1987166
21711892
68374
1999
525241
55921
3958
3958
2910487
7824133
7633
7633
7633
3958
3829
4286697
1999
1999
3428012
7633
3500
68374
5836077
9049354
7633
210730
2055157
24982
24982
2000
2000
7633
3958
6340793
14197
941424
24855757
24982
55921
2000
247757
2691374
7633
3500
1999
1028214
14197
40912
862119
2000
2412069
41836
634223
47738
8219132
736021
7633
1999
2000
127524
2827
602645
34332614
24982
210730
1999
1999
1999
2000
3958
3829
1294987
24982
1999
78400
55921
765138
34187
1802203
3029029
476243
4938434
3069100
6640903
2000
55921
3958
7633
3958
814659
26294762
7633
2000
24982
3829
23810749
31208950
2691374
3958
127524
25359152
20581898
2000
34187
12246747
7633
3958
11097080
1999
55921
620371
1311724
3958
3829
3165390
34187
3829
34187
47738
24982
14197
3958
14287786
55921
2000
3958
352944
466407
55921
2000
875422
24982
3312499
1999
1999
349325
209704
24982
736021
47738
2000
198744
7633
210730
2412069
1999
2821003
3633437
3165390
55921
3958
21130854
3958
392690
2000
32076558
7633
7633
3958
3958
210730
210730
401205
2412069
3958
119543
1179935
7471826
24982
31572935
1493708
1495250
504557
1735472
2000
7633
55921
78400
25450041
4176163
24982
7633
18543417
13171422
1028214
3958
3958
211003
1999
3165390
25142
14197
1989586
493779
1999
7633
210730
7633
2000
7633
2485993
68374
3958
24982
7633
1239407
24982
2000
3958
34187
2000
24982
3958
3958
14197
7401559
2412069
3829
2000
7633
525241
1476720
814659
3807456
476243
31314874
1999
14197
24982
1656895
3958
1999
504557
8650294
13338974
24982
1992882
3958
2000
3958
392690
1294987
24982
64617
325808
27583391
3958
352944
1999
183657
1528577
210730
1999
2000
3958
2691374
3517219
2000
4176163
1415071
24982
1999
47738
247757
25142
512886
69119
1999
24982
36272930
814659
22853
2000
25142
47738
352944
69119
2694020
1114563
8899700
127784
25142
3829
827457
24982
3958
3958
1021
2000
15324854
32228
2000
55921
40912
34187
1999
68374
1003547
1999
2000
2000
2000
1999
1999
221183
3958
127524
2485993
34187
31314874
1999
466407
2000
24982
7633
9934720
210730
1999
4039120
3958
32076558
3958
917482
349325
11413031
4844395
7633
10942032
24982
14197
7824133
3829
210730
9867028
55921
41836
3958
1999
9767619
352944
7471826
14197
24982
2000
3958
3958
127524
1028214
3958
7633
24152053
2000
941424
924362
3958
1999
2000
3958
3517219
55921
3829
249269
7633
7260012
211003
81977
386881
24982
14197
55921
2000
643188
3958
24982
2000
22853
24982
3958
7633
7316487
3829
9250358
41836
1999
2691374
7633
1999
15324854
476243
193652
979376
4286697
3958
1294987
14197
7633
1735472
7633
34332614
115423
979385
1999
9250358
7633
22853
525241
3958
3958
34187
1999
1239407
7633
1999
1239407
14197
2000
14197
22853
14292679
198744
210730
4067901
1999
1802203
1493708
22853
4067901
5836077
1999
14091270
3958
4358345
466407
1999
3884962
14197
3958
10936247
5059713
3958
2792681
1999
41836
2000
34187
1999
2000
39596939
4483697
1094798
3958
1999
1214514
393556
3829
1999
25142
525241
3958
4662060
25142
571834
3958
55921
3958
827457
3958
3958
1999
2000
127524
55921
2000
82276
401205
3958
6682284
392690
3958
947998
3829
2000
2000
1468844
210730
2000
38679730
24982
1999
47738
1614544
2000
3829
1999
601935
3958
2000
7633
634223
917482
1802203
2000
26617274
124483
59507848
525241
2000
6150384
31208950
47738
6635687
3958
2975593
3958
3958
24982
211003
2000
2000
3958
9867028
7633
211003
2808224
4472871
947998
7633
1999
4604095
1999
25142
3958
463589
6582430
30000984
2000
2111577
3829
3958
352944
1999
24617520
25359152
325808
82276
1999
3500
1999
4662060
2000
210730
1239407
24982
127524
602645
2000
3958
24982
615086
68374
3829
7633
3829
32910410
7633
24982
1999
25142
1999
7633
25142
2000
10560911
81977
14091270
3958
25142
3607909
7301166
1999
504557
1284082
601935
1114563
24982
947998
947998
1735472
1999
619985
13171422
325808
37595
34187
14197
3829
3958
25142
127524
2687249
127524
3829
8716940
513714
2055157
2000
15040888
2000
5834120
8240399
210730
24982
31572935
28875048
7652448
25142
3958
10438259
1999
827457
3829
3958
1735472
3958
1239407
4512693
3958
211003
1999
1735472
23835356
55921
81977
7260012
24982
14197
476243
525241
81977
2000
1999
24982
24982
14197
210730
7633
37391115
55921
5871110
525241
2763048
82276
1999
525241
1999
13444080
3958
2000
210730
249269
736021
7633
9227031
1528577
1476720
23382436
210730
7633
2000
1999
249269
20474744
3829
30774592
14197
7633
15040888
32228
210730
68374
37595
1999
47738
7633
7633
3958
3958
503131
3829
5871989
7633
1999
2000
2000
17828939
55921
14197
211003
127524
3958
127784
203880
3958
5204377
2000
81977
3958
3958
4444205
3829
7633
26624752
1991827
7907107
3829
211003
677719
1239407
24982
2000
7724144
2691374
466407
1992882
1028214
1999
3829
2000
2000
14197
1999
2000
2518270
1802203
2000
55921
68374
3958
1999
349325
193652
2485993
863135
2000
24982
43322
34187
247757
34187
506563
3829
2000
862119
2000
24982
1232362
3029029
47738
3500
3829
18791841
525241
63558
1028214
7633
34187
1294987
68374
7633
1999
11143109
210730
3958
2000
3829
3198298
22853
7157983
476243
3958
1999
3958
14197
3069100
2000
47738
827457
3500
504557
127524
55921
2071463
14197
3500
7633
1999
3500
55921
476243
22576710
814659
2384720
2000
4220311
2000
1999
11153089
37595
2827
24982
30979558
1999
4067901
7633
25142
211003
7633
11379666
24982
210730
6610886
476243
25142
1999
24982
2000
209704
352944
7633
55921
10836783
55921
23810749
3958
1999
24982
11665597
1999
2000
525241
2000
23810749
55921
2485993
47738
63558
493779
3312499
47738
64091573
7633
32910410
8843681
210730
56144
3958
393556
19599960
10339997
69119
10291207
6582430
1239407
4720242
22853
2821003
5075662
3500
24982
37595
3835873
1656895
4286697
24982
1550724
24212448
247757
14197
88218
15763544
392690
24982
1999
3829
210730
51777792
249269
2000
1999
34187
3500
24982
2000
1676082
1999
55921
193652
1999
2000
7633
4067901
249269
7633
875422
249269
1999
14197
129900
14197
24982
198744
127784
40912
352944
2000
3500
352944
2808224
1999
89816
2203612
1676082
4617084
3958
15324854
3958
14197
2000
37595
349325
3884962
7633
3958
47738
7633
210730
2792681
210730
2000
247757
24982
1999
4801557
4951965
193652
41836
7633
405555
620371
3829
1999
13171422
24982
55921
14197
924362
3829
23810749
7824133
7633
13171422
211003
4839197
4839197
47738
47738
68374
827457
3958
24982
349325
1999
1802203
1999
55921
3958
249269
2000
3958
3958
3958
24982
55921
55921
211003
3958
2000
1999
1999
973211
349325
1999
3958
947998
1028214
2000
127524
7633
4176163
249269
503131
619985
7633
3958
55921
10901993
1999
2000
55921
171454
525241
325808
7633
209704
10895850
4176163
1999
24982
3829
8075508
4091477
2000
2000
4662060
7633
3829
947998
349325
209704
2000
81977
3958
3958
7633
37391115
5204377
1999
349325
17111458
1999
2000
401205
7633
9263515
2000
3029029
127524
9078786
127784
349325
1802203
23810749
1999
69119
2412069
1999
8620623
19599960
2412069
525241
24982
1999
34187
1116513
25142
2999373
55921
4736132
5019434
43322
4358345
3958
210730
2000
3829
25142
1999
2000
46524
2518959
1999
3958
81977
1999
947998
1999
127524
3958
17828939
1294987
3958
198744
43642929
15324854
25142
405555
4662060
2000
1999
13210134
476243
2827
31208950
8240399
2000
1999
1999
2053918
1999
1999
3829
41836
3958
3958
525241
210730
5628614
6582430
1999
1600490
24982
55921
25142
1735472
1999
1023161
34187
210730
11176868
4144435
3958
9263515
3958
81977
3958
5836077
6188582
4011648
504557
37595
7633
2000
10129866
25142
4736132
1999
1989586
8431166
476243
615086
24982
476243
247757
525241
7907107
3198298
1999
14197
3958
361802
571834
2000
2000
3829
2000
24982
2000
2000
7633
352944
19642100
392690
2000
7907107
3958
22853
24152053
2000
736021
14197
47738
25142
1999
1999
3607788
7633
3958
68374
325808
211003
2000
14197
68374
12941662
4617084
7633
1802203
78400
1999
249269
1999
8219132
504557
24982
22853
1999
8240399
1999
24982
47738
2000
7633
2000
3884962
210730
34187
131496
34187
3958
2000
82276
127524
59507848
211003
9404315
210730
504557
3958
1999
127524
2071463
211003
1239407
210730
2412069
115423
2412069
7633
24982
2000
22853
37595
9994925
14197
24152053
24982
2000
8650294
211003
844006
203880
22576710
3958
2000
38679730
2000
81977
4286697
1999
24274938
26533434
14197
14197
10981646
55921
3829
3958
3958
1614544
2312319
4320780
2412069
68374
4286697
4286697
3958
40839293
8337083
1999
30979558
17992157
5871989
3198298
2000
2000
1791246
1999
1999
14197
3958
14197
2000
24982
2000
13349194
209704
1999
862119
968596
3958
2412069
47738
81977
1999
22576710
7633
25450041
1999
1239407
4793308
210730
1970137
3829
2000
2412069
504557
41836
47738
2000
25142
352944
352944
34187
3958
24212448
1999
1003547
81977
827457
3517219
525241
16894777
47738
2000
3958
10895850
47738
7633
349325
349325
24982
14197
2000
127524
1802203
24982
14197
211003
2000
1999
3829
19599960
504557
5836077
3958
24982
14197
2000
4638907
24982
3958
1999
3829
1239407
525241
1999
2412069
7633
1802203
1294987
4358345
7633
11176868
15324854
7633
81977
1311724
352944
24982
2000
7504390
2000
3958
3517219
3884962
14197
2000
3958
24982
34187
1999
3958
1999
2412069
9047303
210730
5628614
210730
14197
2000
1999
2000
7633
55921
23810749
78400
14197
210730
210730
765138
7633
2399716
2000
7157983
1999
7456591
1999
5871989
1179014
22576710
47738
5834120
1999
12246747
3958
47738
12320730
7633
7633
3829
55921
2000
525241
25142
14292679
59507848
2000
1999
2543926
210730
3829
4662060
3958
3958
3958
1114563
1999
1239407
55921
2000
127784
2000
2000
1999
1802203
3590465
3958
476243
5836077
476243
24982
1999
1833865
567857
3958
22853
1239407
5100085
1999
24982
2000
493779
1999
2000
2000
4067901
9263515
14197
40778698
37595
2258663
24982
947998
55921
1999
2827
24982
7633
1456611
2000
12052259
210730
3829
24982
127524
28875048
7633
5568891
2000
2000
1999
34187
23382436
8165981
210730
59507848
13176877
2000
69119
14197
3829
486666
210730
1999
37440321
3958
209704
193652
3829
3958
9767619
7633
6635687
127524
1999
352944
2649190
3198298
7633
10291207
3958
127524
3537121
43322
41836
325808
7652448
2000
2000
1999
875422
979385
525241
69119
14197
7633
877805
211003
203880
1003547
814659
25142
2000
22576710
4220311
10438259
14197
24982
1999
8899700
3366310
40778698
1384934
3958
1114563
601935
14197
81977
2000
127524
3958
6871011
43322
3958
9250358
209704
2827
1999
1999
203880
203880
1999
59507848
1999
7633
601935
2000
7633
941424
22610816
2111577
193652
7633
1510102
2000
352944
11665597
476243
68374
3517219
221183
1999
7633
14197
127524
8650294
7633
2000
47738
3829
1999
3500
3958
1999
3958
3829
127524
43322
24982
1999
1999
211003
862119
1999
69467
2000
47738
37595
55921
325808
2000
14197
24982
58819151
2485993
25142
5836077
4662060
22772717
41836
3958
24982
24982
947998
47738
504557
14197
3829
81977
7633
1999
9767619
127524
2000
14197
3958
7633
14197
47738
119543
7471826
1478872
2000
209704
41836
7633
40912
1294987
15040888
69119
7633
1999
2000
2412069
525241
1528577
3958
210730
193652
7633
211003
2000
47738
3958
4426503
941424
504557
69119
14197
3814114
2285738
7824133
55921
513714
14197
513714
24982
24982
504557
41836
2000
1999
24982
2000
1463494
2000
211003
14197
13338974
3500
24982
55921
47738
2412069
19143080
24227943
2412069
7633
3958
3958
7633
392690
14197
1179014
7633
5059713
1999
3958
209704
2000
349325
210730
3339311
127524
894216
1294987
2000
7633
177647
2000
602645
1999
7633
1999
525241
3958
12188665
3958
24982
3829
20442637
2000
3829
2071463
3958
24471133
14197
55921
1999
2000
504557
10504798
3958
24982
7633
23835356
2000
211003
2412069
2000
3958
325808
3958
8620623
17111458
3958
40912
210730
24152053
2000
24982
12334537
1999
24982
3958
827457
875422
14197
24982
917482
47738
4176163
3069100
2000
3958
1999
2000
7633
392690
24982
14197
7942449
4358345
31208950
3958
14197
3829
466407
1802203
924362
1735472
22576710
504557
3829
8337083
1028214
4286697
47738
7633
22774935
78400
47738
2000
1028214
57207527
2000
63558
1999
2412069
10291207
2501541
210730
1999
3958
47738
28875048
55921
1239407
3958
1999
24246294
2000
2412069
677719
13171422
14806753
4720242
506563
24982
30000984
2000
1802203
11461378
4617084
24212448
3500
3958
1705316
14197
2702923
3958
2000
7633
3884962
2000
3517219
349325
47738
198744
18543417
7633
3607909
2000
127784
513714
3829
249269
1028214
210730
2000
24982
2000
1999
1999
210730
1294987
476243
210730
405555
901203
3958
22853
24982
2000
7633
8090767
3958
1999
6495269
2412069
211003
3312499
34187
22853
503131
503131
3958
1003547
40912
3090261
24982
58819151
210730
211003
127524
55921
2000
1999
249269
6682284
2000
3958
69119
5800146
3958
14806753
2412069
1999
401205
8884067
47738
59507848
3958
1988506
3958
551989
24982
1999
1735472
5668144
198744
127524
47738
325808
3958
1239407
62885987
1999
249269
2485993
1999
2000
8943465
875422
349325
3958
1999
5605587
3958
3829
4801557
3312499
1999
211003
2000
2275497
2000
1114563
386881
34187
2765996
493779
2000
3958
211003
127524
5220475
34187
875422
41836
4358345
3958
14197
814659
210730
325808
3829
14197
7633
1999
2000
24982
602645
8323980
2000
1999
34187
55921
22576710
7471826
1239407
3958
7633
949449
69119
1999
4951965
1603636
1999
3958
14197
9339956
2000
22853
2000
3958
129900
3958
2000
2000
947750
1311724
3958
3500
3958
3958
55921
349325
2694020
466755
620371
2000
392690
15324854
7633
170091
39596939
3829
1239407
392690
2000
1999
2000
10438259
3958
3829
392690
14197
22168408
24982
14197
392690
127524
24982
2000
211003
47738
7633
4939689
1999
30774592
3829
3829
22853
875422
7401559
1999
34187
392690
2000
22853
2000
7824133
5611023
210730
14197
24982
20442637
56144
81977
55921
5836077
2000
39229916
3958
7633
2000
5836077
3958
56144
3165390
3958
4176163
7633
210730
210730
10192686
81977
24390702
2000
2000
15324854
3829
2000
3198298
5605587
1999
69119
4320780
1999
81977
7633
7633
3958
4358345
1999
504557
392690
69119
862119
24390702
1999
14197
1114563
2687249
24855757
20173759
551989
1999
34187
1995036
193652
68374
129900
3958
3198298
2000
1999
1239407
10942032
1999
7456591
24982
3339311
17208468
3829
1468844
1791246
2000
33586844
22853
2000
3958
3500
209704
3500
210730
2000
210730
504557
247757
1114563
7401559
43322
24982
325808
3958
352944
2000
352944
643188
22853
3958
7633
3958
525241
848125
4662060
7633
55921
2000
249269
476243
24471133
2000
7633
14197
24982
46524
1992882
25142
249269
210730
3958
6340793
3958
24982
3312499
24982
325808
1999
352944
3829
2000
1999
325808
2000
64617
2000
924362
7633
3958
3958
3829
493779
47738
127524
25142
24982
2748278
210730
7633
3500
24982
210730
3958
55921
3958
2000
24982
19780540
1999
43322
37595
2000
7633
2834475
82276
7633
198744
25142
3958
979385
22853
4951965
2000
43322
2152541
1411546
14197
3958
615086
1311724
3069100
24982
1999
3346061
198744
34187
24982
55921
211003
198744
602645
8360865
3044761
3829
525241
12320730
10942032
602645
34187
2000
4067901
1767044
814659
1999
198744
24982
25142
5605587
1003547
1401597
40839293
24982
40912
3958
3958
3829
3829
22853
81977
3829
2285738
3958
3829
24982
7942449
34187
1999
3958
2000
34187
6939502
1999
525241
3517219
2000
14197
2000
1999
26617274
3958
634223
3829
3958
14197
1999
2646025
2000
7633
392690
2000
24982
183657
3884962
2055157
34187
2000
1987166
25359152
4067901
12419259
1215156
2000
24855757
25142
12188665
210730
1999
15324854
2412069
512886
2000
4638907
3958
1239407
3958
47738
1999
30774592
1999
14197
3829
7633
4951965
210730
22853
6510387
504557
24982
3958
2000
127524
127784
2000
2999373
68374
3958
210730
1177404
1824047
2000
81977
2000
1999
1114563
694776
37595
2412069
2485993
1705316
1550724
619985
127524
3829
476243
7633
2000
127524
349325
7633
69119
47738
47738
63558
789443
7633
476243
9767619
7633
525241
1802203
40912
210730
10682562
55921
7633
2423749
3958
24152053
43322
127524
34187
2000
9263515
2000
875422
209704
10936247
2111577
3958
2702923
3958
3829
210730
504557
22853
1999
55921
1177404
34187
7633
736021
24982
1999
1999
3958
1999
25142
3958
827457
14493790
211003
2000
3958
1028214
2000
2000
34187
37595
1999
64617
3958
3829
2412069
7633
7633
1999
20287901
3958
634223
1239407
1999
3958
386881
643188
2763048
5836077
24982
14197
765138
78400
7633
1999
24982
1999
3829
3958
81977
2412069
2000
127524
209704
2000
13683368
1999
43322
2646025
47738
22576710
2000
6635687
14197
8165981
4011648
1614544
127784
476243
814659
2000
1999
3069100
22772717
2412069
24982
24982
1294987
1294987
47738
2000
2000
127524
7633
7633
5766104
24982
2000
7633
210730
14197
615086
2000
23810749
210730
81977
3958
14197
2000
1028214
9250358
1999
45207646
2000
3090261
7633
2000
7633
20474744
1999
827457
5075662
17992157
2000
4951965
7633
3958
1999
34187
211003
47738
634223
2000
210730
211003
1999
1999
3500
211003
69119
211003
4839197
14197
7633
4220311
3958
127524
7633
1999
4286697
1735472
34187
4662060
736021
55921
127524
20474744
643188
1999
23810749
8165981
210730
1579652
2412069
7633
14197
2000
127784
211003
24982
2000
24982
7255652
55921
1999
4662060
405555
2000
9867028
34187
1478872
5836077
34187
24982
247757
2000
11051278
3829
512886
3829
1999
7633
7633
24982
25142
1028214
37440321
1999
5871110
602645
352944
68374
352944
2691374
3958
25142
525241
822117
2000
81977
47738
860729
3958
15428467
525241
211003
4358345
24982
2111577
3829
1802203
3958
1999
2000
1999
69119
55921
24982
5611023
1802203
3958
3958
24982
47738
7800381
1999
203880
504557
1239407
211003
512886
7633
1999
3958
1478872
2000
22853
13171422
476243
1114563
6340793
127524
3829
15015634
1999
386881
7260012
1239407
2412069
2000
1999
1999
8100014
34187
45887473
1999
24982
22772717
24982
34187
22853
68374
476243
2687249
1534449
24982
34187
1735472
24274938
1294987
2000
37595
14197
2423749
2111577
55921
8431166
2000
1999
3958
14197
2000
1999
34187
3958
32532478
5628614
3958
2055157
127524
249269
43322
7633
3958
736021
2000
1999
10987246
2000
814659
2000
2961507
210730
127524
1999
2423749
55921
19256366
41836
2000
7157983
14197
1802203
1999
2646025
210730
211003
21130854
2687249
349325
127524
247757
3958
2000
7316487
349325
1999
127524
386881
476243
82276
860729
7633
2000
7633
2975593
1999
3500
8528139
24982
1999
43642929
119543
3884962
3829
1999
634223
14197
211003
211003
979376
4662060
2000
7633
68374
24982
69119
34187
3958
2000
7633
1078920
3829
22853
3500
3958
2000
2423749
17072588
68374
25142
1239407
24982
2000
392690
249269
211003
2000
2518959
4662060
2808224
1999
30979558
22853
947998
14197
3829
119543
3829
2000
7633
211003
3958
10291207
211003
249269
3829
3958
476243
22853
211003
24982
2000
1999
3958
9263515
19143080
24982
14197
22853
3958
504557
1999
64091573
7633
7732298
2999373
2000
210730
1114563
1999
352944
2000
2000
30774592
211003
210730
1999
210730
211003
3958
34187
55921
14197
12334537
14197
493779
193652
34187
504557
14197
2000
2000
47738
2000
10438259
1999
24982
3958
14806753
3958
3500
22576710
30000984
3958
2000
3829
198744
193652
3958
8431166
525241
525241
3958
503131
2000
2000
3958
3958
645664
352944
1999
32910410
2983508
19326068
2000
211003
3958
3958
7633
2104886
211003
1028214
1999
1028214
7633
24982
47738
1999
3958
69119
2748278
1468844
3829
602645
211003
1294987
15081603
7471826
209704
3198298
1999
860729
31572935
1999
69119
392690
59507848
24982
506563
1239272
4844395
1999
14197
325808
37440321
20474744
476243
10138083
486666
14197
68374
814659
2000
352944
1899
25142
31208950
2000
3958
525241
2000
525241
115423
1802203
3958
1999
866274
875422
2000
1999
47738
3829
47738
203880
525241
249269
3500
3829
24982
2000
506563
1638528
506563
3958
1999
210730
7633
2141539
57207527
1802203
844006
1999
1999
4483697
3958
694776
7633
4176163
2691374
13683368
127524
3958
7633
210730
1999
3958
4662060
2000
24212448
1999
3958
22204215
1999
19600233
47738
2000
2000
3958
3958
47738
10330444
8620623
1999
14197
28875048
69467
211003
10722687
115423
2000
3958
1999
2000
2000
7633
3958
6939502
43322
7633
504557
47738
2000
2000
1999
2000
3500
24982
1392020
392690
55921
25142
24982
4067901
14197
8323980
2111577
64091573
4176163
2000
3958
2000
1999
2000
979385
127784
46179245
8650294
1239407
476243
3884962
3198298
947998
3958
860729
2000
34187
8106514
47738
3829
493779
127784
24982
514514
4617084
8620623
25142
55921
1999
22853
352944
5220475
41836
349325
4358345
211003
3829
7633
2000
3958
3500
9867028
2000
2412069
2000
3958
444671
10339997
7633
643188
2000
512886
47738
1999
1999
7633
81977
10131568
5059713
37595
3069100
386881
211003
12009574
55921
3829
405555
36272930
1999
10722687
2000
17208468
1294987
55921
9973463
25142
203880
13338974
3958
2702923
211003
3958
4662060
24982
210730
2000
12052259
13171422
7633
35744409
8240399
55921
2412069
4176163
1999
7633
504557
247757
2000
22853
3958
1656895
47738
32910410
34187
8090767
12927283
22853
3958
1999
68374
949449
2423749
476243
2000
506563
2000
78400
22168408
211003
2376364
127524
24855757
127524
1114563
392690
7633
127784
247757
211003
1999
2000
47738
47738
2000
1028214
14197
5836077
3958
504557
7633
7633
814659
209704
7633
1676082
619985
210730
352944
1999
24982
2694020
47738
24982
1999
7633
796291
41836
3198298
5019434
7633
3958
24982
7633
55921
2000
7633
1833865
24982
979385
1999
47738
2000
7633
5075662
325808
211003
81977
14197
24982
1999
1999
2412069
486666
211003
14197
35744409
210730
55921
81977
7633
5836077
193652
7633
3984120
3069100
1999
3958
2000
24982
55921
211003
2055157
41836
1999
7633
210730
43322
7633
476243
127524
6682284
476243
8650294
4638907
11176868
7633
7633
4067901
7633
504557
14197
7633
1999
24982
1999
2000
209704
405555
34187
12577353
1999
827457
3958
941424
8716940
5059713
7633
14197
7633
115423
2896734
127524
512886
24982
