848
906805303
184072177
102
132
529075916
524
912910520
600027289
132603
930150952
48327740
99328
741
650835816
255
6
171445266
621
988172430
9532
770249981
309
2912
261936382
1230
304716
3734
540384623
382592399
1062672468
895531711
511097314
90880
144128736
791322927
201163838
806821188
197826468
634718616
1319840
378
1101
285947488
542912925
570598429
533236
578960248
258994771
184218421
90
102958197
381398491
927754750
811241267
4969
448214070
120559403
470438521
588855577
256781541
843104491
548711568
750010094
2328
106417321
644646851
116823719
475222744
275651042
40687
2440
920159554
191262128
215848098
438521522
67333
9832
832690568
476410294
325519084
432507608
88185
780070938
570971900
427253249
474
285044158
535
1128
29542486
131932413
975
955889687
2576
95272
379946
75680190
366
452631821
3712
676834867
89828
44150
48
584166520
2502
1034910222
120956866
311313281
306
105510923
1317
754523553
343664
184649921
345994906
764283815
675287532
727446310
2555
853974965
743279746
789815221
60711
1029513136
392431773
71311
279176098
504801045
645
919662859
254406610
169417151
796278762
460787220
136550905
294533860
562654496
93982250
51428603
508328584
575556590
616866721
998730941
560366686
368234710
626883949
1024086688
557277014
1176
702
389352748
190200
424986278
1215
149734233
63
558716668
689429283
286410602
400823730
21339
654288988
778716455
941994908
431611238
501576523
560725766
634629208
352749264
193192010
895782889
711866788
489223154
59829616
18
505114287
240298477
208576508
506960661
23671
633436858
1340
55697497
966263792
484763925
486150055
919084074
117
15770083
175642
627
737533464
252
19697
430317438
935502325
45988400
506121968
1068569454
304253058
872172833
18884
14408577
4554
785639162
13556426
92355102
43602915
523117685
661978587
644180730
995270912
540315736
65796540
530687087
481159078
586502257
784536
908312219
535426145
694
413112418
835963711
67601774
63758
710528782
381
1545
443771483
923955881
816345395
328396549
349590421
131264743
1251
81
1026712546
28334339
0
169946058
212167250
98244713
919568231
1011124618
154168
52465457
113335581
367273410
147
958835033
1038958884
11482
281005986
279
768
719741208
3432
56488922
326364728
825955713
978238702
29900
1011604449
264
319938988
560006529
590229378
639487913
608472027
828201902
688860831
571554972
45333755
21
559080118
2823
1481
761250959
591480137
461952684
126
205608
874834677
389482680
18
1070993139
332334643
192812176
238762222
189286
688248603
343810875
231738
2653
528730123
313386536
991695205
42
914131131
