824
916
146
22
136
207
2
988
109
587
704
1
898
161
336
369
27
106
59
3
242
291
226
8
539
1075
212
312
816
509
9
1081
2
665
481
453
319
15
1023
334
13
44
46
101
83
821
370
471
133
469
334
576
556
97
243
644
677
152
118
561
417
817
857
339
423
59
735
63
338
538
190
737
32
20
540
502
190
287
364
28
320
170
245
907
224
9
1084
702
445
833
3
424
387
167
901
92
79
368
864
56
200
48
360
207
675
571
36
29
61
832
821
106
22
21
76
444
3
32
36
1
741
447
3
223
38
108
273
147
47
1076
92
358
435
437
767
994
420
1073
871
710
360
262
6
68
90
268
13
359
166
32
443
4
393
39
389
245
8
334
31
109
60
383
124
4
102
708
516
945
58
227
248
366
152
66
17
189
78
1
467
2
97
58
594
41
168
329
250
1
27
44
200
25
449
339
186
386
420
992
12
199
12
1006
203
7
790
364
2
34
186
976
448
746
233
94
678
954
272
714
66
17
286
122
389
509
536
752
39
892
363
574
35
8
166
307
1034
474
268
605
26
1078
109
4
363
40
105
4
597
7
905
36
531
334
2
504
41
2
405
42
1015
135
976
120
9
291
260
156
61
583
320
530
22
69
909
106
160
573
42
994
389
591
34
53
536
363
222
316
781
967
865
91
705
329
1
284
136
5
120
677
405
137
71
859
531
749
180
188
434
198
439
22
512
78
854
237
527
187
190
123
2
534
365
5
59
12
107
150
12
753
227
813
345
94
644
41
4
36
168
72
478
6
619
995
608
671
10
386
106
21
217
243
815
924
599
306
266
81
631
150
704
6
231
9
12
294
308
360
742
235
938
443
14
666
367
78
92
15
951
4
1035
741
461
83
1
61
33
138
34
137
360
77
68
227
663
691
9
22
506
596
260
47
57
606
8
6
437
497
35
39
701
592
118
1068
3
493
631
574
471
246
209
12
263
22
710
70
258
97
223
240
447
976
204
23
141
188
36
200
551
12
449
41
5
824
2
603
22
243
266
34
7
5
625
166
543
332
4
341
81
146
42
520
164
41
22
20
674
642
515
91
733
675
17
121
817
450
251
540
824
22
91
600
224
4
907
202
866
944
532
829
9
858
109
313
823
715
243
3
159
1
315
18
354
206
41
5
9
17
150
414
83
905
998
327
387
4
667
94
34
10
68
291
283
939
940
1
447
124
17
169
6
361
31
206
27
245
53
828
709
42
1073
3
340
368
633
787
747
600
86
1026
74
32
823
939
773
989
528
1069
382
336
213
568
10
564
26
5
446
669
787
668
288
94
821
58
949
134
55
666
9
147
362
1037
56
201
57
172
570
333
41
188
1084
988
109
60
161
563
868
1
7
473
788
359
31
868
625
78
562
444
470
149
947
706
823
290
784
28
147
440
4
251
61
1040
1
1034
34
742
604
34
529
145
99
80
672
709
63
404
709
6
1
993
54
188
329
20
661
188
4
900
415
34
743
360
791
392
358
29
57
293
24
130
539
137
69
81
858
211
746
868
50
491
363
940
568
78
757
3
5
203
72
163
202
34
358
559
814
228
43
827
20
988
898
741
9
504
51
104
471
714
750
514
363
18
867
642
476
748
51
68
634
103
361
262
390
61
192
41
316
986
362
944
675
80
509
166
3
148
317
416
979
28
102
46
44
89
200
156
108
574
102
743
983
254
505
2
1
412
209
290
671
457
37
117
364
737
79
667
1039
314
358
619
356
264
17
357
13
849
170
286
190
74
48
226
869
24
341
817
224
3
1025
666
205
1
334
504
60
1062
912
382
2
224
446
674
813
1027
605
128
32
1
669
307
223
410
61
389
3
17
629
564
220
384
744
558
106
337
1018
293
90
288
742
133
268
643
570
506
58
825
263
469
18
272
449
201
82
289
94
92
60
605
769
713
29
186
3
445
188
477
711
239
60
20
685
2
569
223
190
451
783
70
60
93
305
96
567
691
1
675
6
110
29
701
84
538
49
6
1047
984
18
109
92
708
783
825
95
292
57
79
362
785
26
649
6
72
2
478
607
27
403
4
1076
2
868
315
5
69
247
184
209
163
477
107
187
117
983
863
218
46
379
389
332
266
408
417
181
18
90
1080
116
3
30
199
282
26
28
56
225
2
60
1024
19
35
27
537
639
513
35
1038
84
334
1085
287
282
39
1
505
472
50
830
35
1
914
331
39
50
16
573
337
1027
93
267
336
180
269
10
118
16
760
411
604
23
181
502
393
102
23
80
13
294
659
49
308
654
417
22
1
811
937
20
50000
659215096
1014198484
1249013453
1249250919
