20180
17083
14650
19924
15814
20189
20894
18175
18478
13758
20217
23680
15562
12882
18046
18132
20548
17000
23734
18740
24814
16728
20979
19727
16450
21717
15739
22081
17803
23024
14820
21503
23497
15804
18097
17197
21236
21286
14250
11632
18335
12317
16313
22840
18583
15245
19331
25978
22388
17091
20766
17431
17535
17335
19566
23012
15330
18004
22289
15293
16959
14142
14841
22670
12737
18261
20506
20361
15899
15002
13844
16622
17923
18755
18147
13419
16659
20008
18241
20857
20992
21961
18192
20298
22230
21527
21210
20105
20179
16786
20188
21409
17796
15417
22476
21062
22596
28453
9225
21109
13295
21950
19915
20481
20840
20749
13683
22186
17175
19175
14763
17574
16923
23263
18460
15097
17629
24545
21204
15943
25885
17366
15982
13195
20066
17642
15815
18497
18559
15312
21499
21184
14710
17856
18857
16181
16513
21252
15798
20027
21941
24987
21879
23123
19086
15506
20112
15191
20318
15168
17462
22017
17655
18099
18070
18841
19929
14952
24003
17943
15459
19523
22242
12830
20407
22910
12707
17789
16947
22117
18512
21826
20420
22482
18180
19436
18423
18073
20521
17244
18144
23935
23620
17206
20784
19004
20727
19011
18600
17920
16185
18066
22658
21884
15682
20063
22347
14894
18454
14742
17605
19746
22203
21386
12053
15855
18527
15760
13328
22814
20619
20044
18653
21065
21445
17447
20614
23179
21101
18551
12473
17120
18906
16779
16106
15751
18870
18270
20878
17469
16617
26350
15480
22231
16893
14366
19553
17324
13188
17006
18168
21728
13429
18942
21067
15893
16399
20264
21270
19985
14627
16190
22635
18530
20667
10824
17255
19047
19419
23619
18276
16956
18157
23125
13275
17547
18147
14425
19972
21974
19129
20769
19666
17378
18086
16607
21947
13204
19188
14617
18949
16166
13851
14558
16926
23835
22468
17932
22378
22361
15412
19074
14843
19081
11341
22135
18886
18752
16344
18646
0
1669
0
0
1923
0
0
1643
0
0
0
0
0
932
0
0
0
0
155
4593
0
0
221
873
0
865
0
6411
0
0
757
0
2228
0
0
304
0
3877
982
415
1560
0
0
1377
0
0
0
456
0
1281
0
871
3265
7777
355
908
675
1386
1261
1595
0
0
7183
1098
771
3102
0
0
0
506
909
4178
1909
0
2342
293
0
0
420
0
0
0
997
0
1023
543
0
0
359
2484
0
0
2061
0
13
2386
951
499
405
0
756
3845
1608
0
0
0
415
0
773
611
0
101
376
0
0
2838
3080
1208
733
818
5210
0
0
0
828
0
2178
0
1285
1293
0
0
220
1183
0
1737
488
866
2159
0
0
60
0
0
0
0
0
570
0
1565
276
3183
0
559
0
0
0
0
0
2267
0
2036
1043
0
0
0
0
0
3275
0
0
330
2019
3576
0
0
0
0
3215
106
0
0
0
0
0
2275
0
0
1661
0
0
0
1473
627
0
0
7656
3626
226
928
0
3110
0
1175
954
0
0
0
1548
1979
548
0
0
0
0
253
885
3100
0
0
237
0
0
0
0
0
386
0
4062
1422
0
3096
2381
807
0
883
0
428
1032
4485
0
0
0
0
331
0
429
0
663
822
0
0
949
0
0
0
705
101
0
760
0
0
1969
382
0
520
3366
0
0
1143
1068
0
2946
2215
0
2179
667
1359
3651
523
1591
815
5988
0
1467
718
0
0
2418
6307
0
703
0
3050
0
0
0
4218
0
0
2965
0
0
0
0
0
3492
1684
893
0
0
0
0
0
2757
0
0
0
0
0
0
1057
846
0
0
0
0
1686
2218
0
0
1470
1513
0
1283
1167
383
0
0
518
1246
623
1898
0
1393
0
0
899
2797
2779
0
1958
0
0
0
0
2378
0
3356
988
0
0
1478
0
0
1745
2470
5382
0
1170
1499
0
554
0
2141
0
0
0
0
4943
838
0
0
0
0
2695
621
0
97
900
6257
0
0
962
737
917
692
0
0
2208
964
1150
1713
0
0
0
0
0
0
3720
617
1945
42
844
0
0
3610
89
0
0
0
276
0
0
3774
0
0
0
0
0
0
0
1768
3250
0
330
0
0
0
0
646
0
0
708
0
785
4940
0
2151
0
0
0
2434
0
965
811
2615
0
0
0
0
2335
0
557
380
0
0
0
0
494
0
0
543
0
1097
2598
0
2409
85
3183
819
861
0
0
0
2127
0
3528
1697
0
0
834
0
625
0
366
0
1698
799
0
0
0
0
1621
0
2751
0
0
1555
30
0
0
0
309
0
0
1376
0
0
881
1774
735
1373
980
825
0
3626
1173
1159
0
2619
599
0
0
0
0
0
163
0
0
0
0
3538
890
0
569
292
0
0
5010
0
175
0
0
162
0
0
0
0
0
0
686
699
3220
890
0
1444
0
0
0
4075
1392
0
0
452
0
0
0
4072
0
570
1774
0
0
2448
4791
0
957
0
0
337
0
1796
0
313
91
0
0
951
558
0
0
0
160
0
1470
0
607
946
1315
939
0
0
0
0
0
0
0
0
244
0
0
0
0
1181
0
0
0
0
0
2066
1280
2460
0
0
0
1036
289
0
3849
1468
0
0
0
0
0
2095
808
714
0
0
598
0
0
0
0
0
2641
0
0
0
0
0
313
0
0
683
0
3695
1599
2473
0
1009
0
3176
1429
972
923
0
0
996
0
0
882
5637
213
0
0
0
0
1965
0
615
0
0
709
790
1351
0
3337
26702533163601
27999679581401
34977392568790
