181
217
321
348
384
416
418
428
446
456
550
593
646
650
668
692
721
733
756
773
808
858
860
865
875
909
916
930
931
935
938
947
959
974
981
1006
1033
1069
1071
1078
1086
1088
1097
1126
1126
1149
1153
1157
1160
1171
1198
1208
1217
1224
1228
1234
1252
1253
1275
1287
1307
1309
1334
1350
1354
1359
1366
1367
1379
1389
1398
1412
1414
1422
1461
1470
1481
1489
1496
1503
1513
1514
1519
1522
1524
1529
1534
1536
1542
1548
1552
1562
1586
1592
1595
1599
1631
1632
1633
1643
1651
1655
1661
1665
1666
1667
1668
1671
1672
1682
1682
1685
1687
1698
1701
1702
1706
1707
1709
1712
1722
1730
1735
1737
1742
1748
1748
1763
1775
1780
1790
1795
1797
1798
1799
1803
1804
1805
1820
1824
1825
1830
1838
1839
1841
1842
1845
1847
1853
1855
1858
1866
1868
1871
1872
1873
1873
1880
1880
1881
1881
1884
1885
1890
1900
1900
1905
1916
1919
1923
1926
1926
1926
1930
1931
1942
1943
1943
1947
1952
1958
1968
1974
1975
1977
1982
1985
1995
1998
1999
1999
2000
2001
2003
2004
2007
2012
2016
2016
2022
2031
2036
2037
2038
2042
2047
2055
2056
2059
2072
2076
2085
2086
2091
2092
2097
2098
2104
2105
2115
2117
2119
2119
2125
2125
2128
2131
2132
2133
2133
2149
2166
2167
2169
2171
2173
2182
2184
2192
2193
2194
2195
2201
2215
2218
2222
2229
2231
2239
2241
2247
2248
2251
2251
2251
2252
2253
2255
2256
2257
2262
2265
2269
2271
2271
2275
2276
2279
2280
2284
2289
2291
2292
2297
2299
2300
2305
2305
2306
2307
2309
2311
2319
2321
2325
2326
2328
2332
2332
2333
2335
2335
2337
2340
2342
2342
2347
2350
2351
2351
0
0
0
0
0
0
0
0
0
0
0
0
0
0
0
0
0
0
0
0
0
0
0
0
0
0
0
0
0
0
0
0
0
0
0
0
0
0
2
25
30
41
47
50
68
76
114
120
123
127
139
160
163
165
196
214
216
220
221
223
235
248
250
254
255
297
318
327
328
335
338
367
375
378
382
385
392
416
419
440
440
441
442
451
455
457
459
460
469
477
477
484
487
493
496
506
525
525
535
536
560
562
564
569
597
602
605
620
634
636
637
639
644
645
647
650
656
662
665
670
679
687
706
708
710
711
711
715
715
717
718
719
723
737
748
749
750
753
757
757
759
760
760
766
768
770
774
783
789
792
798
806
814
816
817
819
819
824
835
852
857
860
860
861
866
872
874
876
877
890
898
902
902
906
908
914
915
918
919
923
931
933
933
940
947
948
951
955
955
956
963
964
966
972
973
984
989
989
990
991
992
994
995
996
996
997
998
999
1007
1011
1012
1019
1021
1023
1027
1029
1031
1032
1032
1033
1037
1038
1038
1045
1046
1055
1055
1058
1067
1069
1077
1083
1083
1083
1085
1085
1085
1087
1087
1091
1092
1096
1098
1099
1101
1112
1113
1113
1113
1116
1116
1116
1118
1118
1122
1122
1133
1137
1138
1141
1141
1142
1146
1152
1152
1156
1160
1160
1162
1169
1170
1173
1174
1176
1179
1186
1187
1188
1191
1193
1197
1200
1206
1209
1214
1218
1229
1233
1233
1237
1239
1244
1248
1253
1255
1255
1257
1261
1270
1271
182
481
484
564
632
701
718
720
723
747
790
804
805
816
866
903
912
945
954
973
1008
1019
1045
1052
1063
1068
1080
1093
1117
1128
1140
1144
1157
1170
1187
1188
1190
1229
1252
1254
1290
1311
1319
1333
1338
1342
1344
1344
1347
1359
1385
1389
1390
1400
1404
1408
1411
1418
1444
1463
1485
1494
1505
1521
1526
1534
1537
1541
1549
1550
1560
1564
1564
1569
1579
1584
1586
1588
1590
1595
1602
1603
1609
1611
1649
1652
1666
1670
1678
1685
1686
1688
1697
1709
1713
1722
1727
1729
1732
1740
1757
1773
1779
1780
1786
1801
1804
1806
1806
1816
1818
1824
1828
1834
1835
1835
1844
1853
1856
1865
1865
1869
1876
1877
1879
1879
1884
1886
1895
1900
1906
1908
1915
1915
1919
1939
1943
1951
1958
1960
1961
1966
1971
1978
1979
1980
1980
1989
1996
1997
1998
1999
2005
2023
2026
2032
2037
2047
2050
2053
2054
2057
2071
2071
2075
2075
2079
2080
2081
2094
2094
2099
2100
2103
2104
2105
2112
2113
2115
2117
2120
2125
2128
2134
2135
2142
2143
2147
2150
2158
2165
2165
2176
2177
2180
2183
2185
2186
2195
2208
2210
2217
2217
2218
2231
2237
2251
2252
2255
2255
2256
2260
2262
2263
2266
2267
2268
2270
2284
2285
2285
2287
2301
2301
2303
2306
2308
2308
2315
2326
2330
2330
2330
2331
2333
2338
2338
2339
2344
2351
2357
2362
2365
2366
2366
2369
2369
2369
2371
2374
2377
2379
2382
2384
2385
2392
2394
2394
2395
2396
2398
2398
2401
2403
2404
2406
2407
2409
2414
2417
2418
2425
2428
2431
2431
2432
2434
2435
2435
2435
2440
2440
2445
2447
2449
2449
2451
2452
2452
2455
2455
2457
2458
2458
2460
2460
2461
2466
2467
2469
