2046
3069
129
0
1125899906842623000
9558108579124
122208269
58126
20443561077597
20600069521165468
5016
49736948
8190691930123120
363535591806025
2287
354626050966
652172
38661245603
2605618160
18028537289424
20584
72437265161
171860852
94647
192526849832
46716959237730
12960899208960
658746685401
369042284572770
3304697227990372
343753820
122498049
4358869970489
7448
488286447926257679
1535557
184847088614673352
2856566288961
293381
74776780561756
169601961388535
43406656925064316
673
6470790
10461332
50300125263
2949588897047
11126522
27585
715576612489
776889192937
216723857
63546792558166
619252157290290463
1984715671
21762373751486989
32593718788482929
788007842154555
2446742103708
18337630
16004800381866
61872685
54456907375
81187151364789630
13096853724
172236
263802412
217106169591249284
353994351
3552414
13060152
2825000684038613
28622883
494402647
1016303185
43761852724311
721497902539883
50757363882
134272463936
577359288
49468666051
12593361089906994
773
8622719
1064
155997329
265093188
15552185
85347592047
865602
544
497231765326218046
31480
331189
28102136655
66700
355085
20868535677838759
415748
