601921974
618407398
185118051
954264187
166085976
434709239
502463013
704992928
547551928
366842816
724096025
367484187
0
526758317
791298159
144054164
454193737
816250152
802132982
563809229
664090741
255053787
816250152
414413441
767263787
704992928
623203564
125902859
922988551
434709239
0
192524684
659580443
860541047
838571451
993359332
554945721
443053372
525115761
901199337
847825857
577541666
0
106671399
168831568
70304
744698839
244688857
433414497
232630185
0
281776044
978925353
42440436
125902859
504718319
614695417
101380250
380861739
458123514
646818192
815773265
846629005
135039440
575789006
336282006
511376556
643120811
0
109497811
457588402
172605158
667472401
262131742
439984897
694812646
572206784
978925353
151161896
882147851
686821919
991071463
592519751
673563519
0
908615116
701201326
599596678
38497018
823269080
737938511
979902616
379371812
768225422
638392727
257117636
754032903
319561302
103504314
25855241
0
885127214
794322110
837300637
991071463
993177190
25851523
422372938
956478209
470947079
514870470
314827438
0
0
934015240
82564451
731442109
274408768
745714690
721275415
726526524
940375407
222711404
42801251
502323726
816250152
365238840
9549081
408242119
201623553
927808581
902334133
771956346
502582732
829362020
346290552
175137846
233580637
676954966
612234323
289216918
173169664
726526524
652521461
408314078
297230488
0
685705374
92730818
135039440
551490442
689563796
297918145
392504841
654441720
262873623
989669065
456597184
789964718
157954494
542671197
3884238
90519087
838571451
793739854
627081332
198971577
248628923
239946042
855417115
895434371
617062969
422667184
941726416
24767170
0
0
40505624
507138156
491038980
766272683
789964718
780191945
106221569
501339404
978925353
828077134
886389482
620493510
427775435
741573133
633322906
294082362
0
389704291
444541840
375000807
410998853
611918149
223782875
883633934
893569889
251059935
153197035
643120811
754032903
573422964
670841169
26765855
38188960
741929667
23493839
862426728
0
110052688
556004166
408242119
650271391
526430090
449631095
683957186
689563796
0
236906995
95029425
840640287
803454663
178282170
692519806
373580221
676954966
171155711
686821919
885127214
77409877
382044802
210666302
14907988
768225422
238537733
592834563
654635614
351688613
758171640
619891133
817410911
986730487
97281488
426943483
0
444885621
517439260
900893425
587455155
188288918
830229427
983256366
2028
344195444
5732691
160356690
191733106
466254613
236958562
545663220
163864168
895633745
684642376
985997187
61279581
595525851
535952964
19842188
366842816
803309021
744698839
555896551
912050101
888993635
684741613
803235580
577541666
637212900
759107069
146412825
392358747
323948139
81684257
888993635
182463569
271661793
860541047
210666302
985642478
969741241
500314312
600542935
862583766
969265029
925089562
421414975
991071463
696822067
881593481
791522433
778172405
778172405
354951927
93507993
270017737
578279035
561554323
483498575
299072501
721275415
676150782
560349209
25855241
900893425
805502242
572555134
383244912
0
103504314
852225896
217623577
216224508
80264436
46553184
0
862426728
946600502
890552213
721275415
546223334
153197035
153197035
104383559
0
991071463
614317709
66363420
142564702
766419920
139240949
0
381281965
905243588
380724965
441535174
52
502240043
556004166
919284597
792156576
365220480
534978933
0
142429725
257117636
995026120
503375532
228153296
963966114
889513353
529905134
70304
656318802
156508930
706883421
48400870
365220480
0
459786987
895771275
38497018
941726416
495889128
506168195
466432471
69158598
231998376
918050762
610220646
177531919
488333327
354951927
44921759
103504314
205077133
910381872
76924298
208396022
803454663
309140656
338761169
467667453
214755937
553485437
90519087
283508506
961260586
375342338
991071463
676954966
350888780
434852216
654066030
101674736
574866466
17854508
641972442
606858529
233580637
389506504
375000807
0
658154401
20475783
654172785
810998280
653478184
259291184
792156576
641972442
450699552
178282170
651939220
283508506
792172467
619891133
392040258
172876513
768635672
356567405
502463013
797536651
1
400968106
656318802
0
505948908
489215801
96149036
992492063
684536298
365571932
383244912
538472515
418153329
414583658
898585246
38188960
466920714
618407398
668796879
604819375
327802124
16128565
407653414
458123514
995618539
651939220
654066030
941653731
653618077
905444513
414583658
151066880
780270228
192519756
638392727
294082362
703692499
352812366
942668361
975010629
540267110
817779258
354951927
891926000
727357476
791353797
106671399
897928330
254787094
868945534
879954606
135039440
234507221
577541666
671928142
967003930
14907988
968376027
89685244
895434371
592519751
528381904
756193825
752355424
900233705
101380250
70463381
816655042
685705374
496697426
867861026
735806355
958057245
283508506
445341659
113682943
947441319
96149036
668796879
675924641
643120811
523230738
415921783
875303129
255053787
517439260
320125264
614694852
517439260
49324057
542671197
913059557
883578818
177531919
234507221
653478184
694812646
612234323
879954606
146412825
88453550
444329902
508271005
458376603
275967022
522636539
935060163
848985699
550628695
875303129
860541047
685705374
654441720
848985699
421262934
408314078
551490442
631917084
0
7008013
636676244
406203011
502306056
26765855
537369386
589025189
714874407
142429725
816250152
604689447
373580221
901199337
135082763
591307410
667780068
825793822
392504841
861831052
925089562
489215801
815773265
8101316
449631095
572206784
35771475
205488952
659657434
672523510
938549410
368175527
447068870
710877557
818582279
104383559
236958562
149877071
88453550
887829981
388215871
201623553
66903000
667082488
0
222711404
362986437
482832315
641390640
221736115
707929259
224545506
8322714
584999225
261563284
220633420
823256710
903486843
653478184
969387268
737938511
381281965
85527568
322435983
911770562
874443360
652521461
883578818
944891170
883633934
225003043
28795608
514775091
173030282
368305770
292401417
114141980
526430090
731442109
169639052
52
848814241
431912981
125902859
258922697
128247369
208396022
668213373
944891170
435087958
815773265
752603024
667780068
974319568
228289135
616758961
843336656
900893425
580008694
560509471
66423696
389514838
210427389
580008694
619212973
0
712772439
474447806
837100473
526430090
901697893
144054164
610738424
502463013
592347351
108181616
180229298
825793822
308833391
224226913
113682943
823701727
248937692
953730518
861972239
624963179
755733736
145121907
993400752
151161896
525647017
789964718
125222417
483498575
249114662
519761254
259077160
139070739
993177190
0
950374971
823701727
855556826
0
0
777783303
4868450
234390896
614694852
877700763
803235580
488333327
464364451
433414497
30451312
557745032
7979858
336311949
308833391
227877317
214755937
848985699
338761169
656241774
96595036
292500729
26765855
88034238
575070180
52
128982682
410998853
776680637
920235614
731442109
52
606061571
855510840
891681802
970621758
0
19227801
952040369
19842188
120229779
106671399
483498575
986725267
182463569
233497948
258922697
941653731
390514485
837100473
22533549
763520879
817410911
109497811
991071463
652521461
270017737
156151876
164319527
696822067
345391655
879954606
267980048
447674271
66363420
664090741
988943200
518107515
491038980
922237411
673744812
282019378
380715718
511979482
770612358
389506504
772560327
580008694
901266861
838571451
966150491
659657434
911770562
745714690
0
275967022
532573464
347984550
0
330971996
953730518
884384035
332475955
748871392
421414975
16260469
22533549
239946042
900233705
3465711
292500729
646818192
627081332
187917764
918050762
980969535
136665601
345391655
614694852
715567181
397630368
894197108
353743071
652235381
259077160
988943200
762889816
260657530
200439151
428724065
0
895434371
310789860
330393012
464364451
792172467
727998756
69943202
7917425
803454663
49324057
328486197
167014332
234390896
94843969
517272403
236906995
696822067
882682092
449416858
153197035
259204303
525115761
550628695
491477251
444329902
826051105
664090741
850705482
356567405
428724065
926130886
525647017
350888780
329424646
117736489
0
500890900
706883421
998000842
231998376
49483535
843965425
0
292788501
583418250
326142629
311612105
95307003
125902859
891926000
938549410
789964718
482832315
159564562
752486099
0
42440436
373580221
593911386
136444193
614695417
64136000
694903019
263195178
624963179
330101408
462811726
764427590
428724065
882991991
724971407
970621758
917483067
891681802
797536651
259204303
370508149
828077134
0
881593481
546662800
860641152
168831568
936869541
619891133
294082362
431912981
569693190
830685214
106543723
684741613
782047030
183851907
642046607
327802124
557656254
698463129
673180318
991071463
555896551
106543723
632630960
28004396
729052355
788700637
118517326
936774412
514870470
830906517
731442109
416604047
336865854
0
462811726
250555325
993359332
669546636
219345583
654682938
381281965
561554323
969265029
526197531
434935422
646267909
795739837
329754388
895186405
936774412
933562705
849477096
789928759
897946443
156151876
154764738
698463129
659657434
882682092
866338176
829362020
897928330
541049402
154764738
254787094
542819867
488333327
233580637
955052600
323948139
434425656
327802124
612534759
336311949
234390896
291358870
8671412
985642478
259204303
57013887
711080473
857304467
456597184
875593486
632630960
415261864
414583658
109497811
392040258
85301485
763890471
830229427
201623553
292500729
550041787
501097370
756193825
143463008
573706976
347648414
810526214
455272597
389514838
868309409
752249291
784877932
1818421
625527103
139240949
549211051
3515690
109497811
711080473
32777717
551917217
418153329
534343526
456597184
548143756
752486099
99953433
476977370
815773265
536016771
855159663
1
816655042
172605158
108181616
792172467
452238766
646267909
0
794322110
441535174
458123514
536928203
401009919
710877557
466432471
872567365
38188960
294461477
500890900
618198082
659492658
610220646
12353208
0
625439059
860641152
442030590
661532860
42659055
946600502
368570924
782188185
426943483
681296023
200439151
592347351
938276181
836523639
614695417
124257849
535952964
887829981
792172467
903486843
270017737
817779258
454920985
466920714
843243561
362358638
104383559
329529739
49324057
0
280378747
195358078
855417115
898839242
271483851
24589475
551917217
610240292
553485437
502240043
794322110
573706976
774062977
0
664090741
0
893376879
577541666
137260682
606858529
3465711
969741241
908723641
528381904
368305770
221736115
628264803
92601064
708917318
792172467
97281488
90519087
24589475
991902306
365571932
414294922
925317286
206695535
404194183
861831052
694903019
748871392
182551025
997276482
792172467
689563796
580008694
35771475
42801251
411529134
778172405
847825857
3884238
421262934
12353208
730226638
69611891
247043700
926130886
165921726
77409877
491167539
61279581
173569523
535673675
476977370
587400870
826316053
259077160
590621869
0
614988873
659580443
0
0
47640931
823256710
82564451
721389518
901199337
81202881
174919266
914517826
160356690
388215871
859083411
914517826
307403568
173169664
612234323
477271913
296481235
592255754
42440436
110134188
28884794
847594249
307403568
862426728
329613065
507138156
614695417
323053925
517439260
662089126
51222850
644263979
464060353
557745032
25888827
127407445
983256366
336282006
744473283
823669287
422667184
362348913
70304
677605135
380861739
617062969
919284597
997276482
421720833
25855241
414583658
717349161
391630394
914517826
25855241
266111956
632328188
294461477
942004461
922237411
456680495
22604493
0
136491919
136230070
415443127
808293306
623268617
16304456
625439059
256665213
0
133765817
323233060
317310187
404194183
665313602
958057245
49324057
484631564
145289394
86473959
226850944
381583937
721389518
3465711
239946042
554395259
779589305
352962111
405326605
942668361
939804423
924324522
238537733
218621651
886389482
442030590
375000807
995184444
791353797
694903019
546662800
379371812
729052355
539917609
763890471
160356690
280378747
381583937
181926619
795739837
496697426
456597184
423538429
268000427
895434371
804575733
407602152
741573133
615039974
0
170034014
256665213
415880817
606591866
426943483
442672279
511979482
167408482
808293306
576211652
696988805
748999746
721949513
77409877
368305770
712357395
201729636
0
0
0
195358078
774169202
654441720
286989169
137993027
593911386
0
2028
216224508
474447806
61279581
826051105
379371812
518254534
985100629
672523510
662706417
0
289216918
329613065
149728581
336282006
776680637
375000807
472408642
691598725
578334130
979191964
232630185
455272597
6663415
205077133
200439151
392504841
472477033
764427590
267980048
606591866
534978933
66363420
259204303
319561302
705999977
96456753
0
239946042
887829981
788700637
231998376
96456753
0
970621758
823701727
642046607
752486099
175137846
139035759
100899916
632630960
450699552
406245585
411092501
132982997
434042201
411529134
560349209
667780068
918050762
242819503
580008694
905243588
941653731
696988805
44669088
625896896
990214920
564578355
259291184
457588402
48516724
51690792
345592894
782047030
771080523
528381904
76924298
696074749
456680495
658500386
962525192
646267909
544676324
826051105
350888780
968493529
35771475
472795202
16179113
768742990
735059439
195358078
941726416
328486197
731442109
577541666
121452534
551490442
741929667
323053925
737938511
16260469
496697426
359663253
140711649
840071092
606858529
752355424
0
200965829
345796203
590621869
407653414
149728581
266019224
0
292401417
79695462
910381872
985642478
653579764
975537167
422372938
137900852
954264187
913387623
483498575
329754388
249288218
331149937
466920714
625896896
557656254
511376556
936869541
615541872
631917084
954264187
66903000
732829202
888993635
957947930
248628923
956478209
275762305
616758961
0
916533432
732829202
815773265
454193737
658500386
171920595
654441720
470947079
171155711
392504841
950243860
275221365
307403568
444329902
142429725
832457225
279515336
993359332
793739854
242819503
0
392504841
996664828
514870470
847825857
27402125
986730487
556004166
257117636
721389518
931525590
421749821
967003930
0
48400870
661455583
483064501
502463013
97281488
866338176
222711404
248937692
310789860
654635614
992492063
4541584
760471218
466920714
721275415
256088156
431912981
103504314
324106201
710877557
914517826
875303129
249114662
156231310
359308298
103390522
370508149
725934937
335823683
788700637
234507221
868945534
168939094
77409877
789964718
2284880
0
84993445
926104037
556004166
329754388
483498575
731442109
621832303
145289394
969387268
349419816
771080523
415405170
656241774
653618077
0
0
69158598
107292562
716723390
861831052
967003930
980731870
233614632
538996519
614317709
281776044
874443360
669546636
135082763
256665213
815773265
303678917
449479697
782188185
866338176
803454663
108181616
651939220
192519756
522636539
862583766
817779258
0
245149783
736522609
265268934
234390896
137993027
954578057
69943202
759107069
136444193
658874321
136665601
433414497
456680495
766419920
780191945
118517326
307403568
996393836
322435983
76924298
426943483
168831568
0
747210414
92730818
149728581
648435413
183851907
942668361
716535854
0
830685214
794322110
280378747
518254534
328486197
840925455
440271241
519255778
644263979
551917217
386811975
413672480
354951927
969598569
936869541
620493510
592519751
591090841
86473959
625896896
688427909
493345620
653478184
49324057
315900770
368570924
94232035
825793822
569693190
85527568
696822067
35638517
306666761
159564562
0
752554886
0
934251770
917281557
58221073
434852216
592347351
926104037
877755186
503375532
299145243
504718319
502582732
503238624
329529739
927808581
447740439
315854331
736929464
482689051
576211652
771956346
350888780
377961366
462811726
924324522
11060390
388013598
568910666
618763386
653579764
895186405
414413441
659657434
991088262
528381904
562178599
551917217
80264436
876748228
536016771
46020935
890552213
991088262
688427909
942004461
413678695
638392727
0
141646553
0
81202881
578279035
338761169
407602152
843965425
905243588
868945534
7979858
612211230
587519570
583473079
35771475
26765855
50713116
243185387
905444513
677605135
967494938
182463569
563809229
705999977
518254534
369314785
266019224
97281488
775815577
749265116
187888158
913387623
472795202
898880306
560509471
46553184
684654205
443053372
496697426
80363818
248628923
348221661
171155711
606293005
136212290
816655042
662706417
1952848
908615116
753757464
913387623
275221365
807634839
752355424
16506944
22533549
888476764
367484187
878867266
991902306
614988873
434935422
955143779
609813624
482689051
606858529
592824346
911770562
249114662
573706976
995618539
935604443
695673274
433502461
893569889
253591206
0
0
112380180
908615116
347648414
755733736
279922845
450699552
673563519
77409877
765860616
759107069
142564702
167408482
887829981
287869447
345391655
696988805
934592597
320146775
856310666
846629005
194419257
421720833
117736489
0
16128565
742562616
166085976
87362493
935604443
112380180
140810376
128247369
331155047
631917084
165921726
516680055
289216918
314827438
163663228
449416858
936774412
421720833
521472229
324106201
65570349
201623553
434852216
221736115
546087021
590980033
879302455
84945453
411529134
238388058
652521461
86473959
924324522
117736489
591180517
659580443
168939094
955143779
77409877
415405170
908615489
0
69611891
788312680
579398487
736213192
124544297
635427427
0
625527103
476658526
920459738
173030282
691598725
56727495
952040369
440340312
140094864
882682092
142564702
174965967
331129831
823269080
621832303
615541872
807634839
171155711
974319568
698079629
561554323
810998280
163663228
897928330
610738424
480387830
606293005
616758961
140810376
368305770
151161896
488333327
610738424
380715718
389514838
2028
627081332
612234323
233580637
631917084
514870470
415443127
210185833
673180318
691939246
94232035
0
678177044
112380180
969741241
392504841
888476764
614695417
686283957
693537290
992492063
606061571
549211051
830685214
503616291
163864168
745714690
40226103
0
125902859
592519751
781692491
206695535
470947079
82235279
430387138
947441319
788700637
142429725
445754394
542671197
770102758
958057245
24157098
92688748
836523639
619891133
739013822
392504841
995618539
600542935
660725969
173030282
535673675
263784109
0
573516306
936774412
142429725
710877557
508271005
128247369
254278307
489215801
84993445
664314779
979902616
329529739
623268617
322277403
151539821
275221365
430387138
610240292
518254534
627893096
117875993
734863396
988016700
375000807
780191945
322835806
610240292
755733736
459922425
955143779
580008694
405326605
525647017
592834563
714741238
496697426
816250152
76924298
625896896
151278251
0
24157098
415880817
177843078
748446402
872567365
106958033
540267110
969265029
517387902
830229427
582052214
403998467
201729636
957947930
522636539
136212290
614914779
741573133
70304
8101316
942004461
256665213
618198082
201623553
664090741
942668361
712043019
303678917
413678695
96149036
318273635
132982997
750656348
578334130
538472515
66423696
591180517
472795202
0
952937180
211977345
0
100718506
676954966
0
754097583
134001011
401429425
259077160
191073691
52
26300957
422372938
538472515
22533549
41248751
44751351
114141980
911770562
727976301
890552213
503616291
920489513
86317059
549557215
156151876
163663228
247043700
221736115
452295014
322277403
791353797
741573133
339082489
562178599
282019378
570877330
16179113
545578108
673744812
797536651
827777272
966150491
348221661
344575347
591307410
895434371
927808581
125902859
542671197
829362020
601921974
748999746
969265029
348221661
860879495
623268617
952476623
542819867
477271913
1
983256366
816655042
49324057
848892853
625439059
556004166
3515690
619891133
271483851
970621758
26106257
936869541
435087958
234507221
556004166
135370762
967980816
172605158
227502688
914517826
610077594
154934544
710877557
52
299072501
563809229
249288218
154764738
711080473
238522814
104060264
531786216
381281965
260410860
503616291
677605135
236906995
666900078
721389518
416604047
692800404
397720788
557745032
224872025
42440436
989669065
587455155
698079629
748350776
692519806
156231310
619891133
707929259
720217839
257117636
782047030
256665213
979902616
291358870
100718506
752603024
830906517
25855241
623268617
536928203
752486099
622875581
155552576
326142629
654944917
681511709
0
315759748
52349279
26106257
696074749
114638709
799800545
770102758
415405170
986730487
614914779
144054164
592904656
551490442
712357395
16304456
969741241
912050101
985642478
131477645
705999977
254787094
502240043
344575347
595525851
289431619
70463381
724329901
732744741
578063147
925089562
732829202
668232646
495889128
656241774
769071323
69943202
654682938
625527103
754032903
900233705
857279709
650271391
9549081
890850261
274773516
905243588
832457225
940375407
917281557
766272683
442030590
689786666
415880817
301494384
453683939
702474798
609813624
79003442
430057662
693537290
652521461
541908563
254787094
416604047
308666291
108181616
637495672
84945453
940904959
592534014
501097370
637212900
659496826
25851523
155552576
950374971
701201326
789750277
29879366
875593486
8101316
171920595
518107515
273295005
22533549
419029710
51666545
15736849
11820354
557059705
728625501
347648414
331717007
8322714
724971407
234507221
171155711
320146775
261524456
541049402
257117636
194419257
881685535
344575347
246787845
356567405
900233705
477271913
694903019
417740435
769651308
808293306
957926910
135039440
913387623
35638517
662089126
420918971
0
968611700
356567405
564047522
908615116
16260469
458376603
176806155
847594249
0
974319568
887829981
534343526
817410911
404194183
805502242
667780068
134001011
768225422
939804423
0
453104219
71912262
870425403
0
818191737
3515690
238388058
782047030
592534014
736042818
770518391
508271005
870425403
690697415
940904959
0
154934544
474447806
497727485
88719247
714741238
992492063
0
96149036
136444193
107292562
549211051
359212071
559372596
730166017
64136000
617062969
260657530
61279581
173569523
768252165
324106201
135370762
69611891
882682092
707929259
817779258
35771475
270017737
144104416
854320686
392040258
410998853
54626895
415443127
145121907
88453550
712043019
656241774
771956346
20475783
136230070
650271391
371721270
716535854
19227801
608794534
24157098
735806355
872567365
397720788
86317059
707929259
624963179
633322906
736522609
106671399
901266861
760471218
0
408314078
888993635
535673675
905243588
694650667
789964718
447740439
955052600
606293005
146412825
26765855
121452534
956902933
875303129
34154642
289431619
823269080
924324522
968247158
673744812
411092501
770102758
883578818
615039974
744817813
470947079
939438197
128982682
684536298
919330774
613485338
555556906
47640931
462140690
637092773
439021495
172876513
816250152
431912981
721949513
735806355
957519168
54907922
380580587
886389482
504718319
689563796
66423696
415921783
321929581
866338176
101380250
560500173
233580637
477021885
84945453
61279581
528649178
681296023
966150491
19842188
714260585
444329902
704992928
0
462418385
710877557
717349161
989669065
9549081
144054164
411529134
135370762
673180318
859083411
573706976
641972442
381583937
504718319
953173015
895771275
194987283
3465711
0
917281557
689563796
345391655
52
193098689
258343300
318273635
874443360
410203032
306666761
142564702
106958033
530872978
444541840
244688857
26152052
955143779
556004166
857304467
803454663
222711404
184196506
244688857
185118051
953730518
125222417
848985699
684536298
557059705
701201326
257117636
876748228
913387623
737976507
283508506
330950022
464522448
894197108
792156576
458123514
484240582
877755186
983256366
941653731
137869883
800871988
142229624
666900078
985997187
702474798
407602152
154764738
117278173
875277972
331717007
106221569
875864747
589014079
969741241
578279035
216224508
659580443
82235279
104613841
292401417
480387830
541049402
387513342
414413441
0
368305770
931525590
0
625439059
402065066
81202881
514775091
64136000
9549081
294082362
811631671
550628695
425914607
695673274
544341887
218621651
462811726
796990437
458123514
388013598
282347345
625900823
2284880
466254613
545578108
861972239
329613065
736213192
220633420
7008013
672119567
291358870
740179172
0
172605158
443130537
683957186
14907988
625439059
536016771
80264436
673180318
612234323
942462595
888993635
462811726
503375532
541908563
67568497
930791027
405326605
971724797
104383559
956902933
414413441
292788501
980731870
573516306
449416858
86473959
549557215
536928203
696074749
88034238
210700425
754668947
114638709
668796879
428724065
194564906
402065066
939910476
42659055
14907988
730226638
926390550
51222850
740179172
538472515
167014332
0
249114662
636676244
590980033
259120765
659657434
381281965
177843078
835407880
651939220
344575347
22533549
25851523
658874321
124405296
80264436
885127214
133765817
259077160
989350936
574415429
940375407
613485338
22533549
154764738
301494384
306666761
104060264
82235279
817779258
410998853
0
942668361
0
736522609
3465711
484631564
0
381583937
769651308
492646182
250555325
434042201
163663228
172404116
0
159564562
561554323
983730840
539917609
165921726
63515622
0
846629005
866495126
2028
672119567
125902859
352962111
638135673
274773516
704992928
125902859
449631095
493207732
137260682
414583658
699608927
71288256
665313602
523230738
772560327
281776044
548143756
52
615541872
202275666
97281488
306666761
777783303
303468622
480387830
110134188
270017737
830229427
151278251
707929259
423538429
236958562
604689447
551917217
370508149
144054164
71912262
265268934
317310187
560500173
966150491
0
260810326
959758536
881593481
96456753
114141980
763520879
224545506
846629005
47640931
868945534
353743071
2284880
332475955
0
850705482
2284880
901266861
423399845
532477110
560763456
231740730
659657434
0
280378747
502463013
125222417
259291184
153197035
752603024
590980033
282019378
223000999
562178599
256437552
267980048
135315961
416604047
433414497
132982997
444329902
168831568
0
937776409
406203011
759107069
401429425
898880306
125222417
694903019
736522609
291358870
171155711
516680055
250555325
135370762
942004461
905444513
341345980
913538137
417740435
592534014
421749821
108181616
686283957
918050762
528649178
48400870
648317979
751783944
518254534
868945534
795739837
747210414
157954494
791353797
306666761
875864747
459786987
28004396
238522814
88453550
667476165
54626895
342163634
459922425
635427427
233614632
301494384
592347351
172380738
67568497
134001011
936975831
573516306
686821919
456597184
716535854
258895276
0
292500729
936774412
267701012
145289394
541908563
680262315
836276944
726526524
335823683
66903000
957947930
30451312
637495672
653618077
908615489
512013567
231740730
875277972
310789860
125222417
805784853
627081332
96456753
235241777
25855241
967494938
985997187
0
88453550
492646182
106958033
84993445
0
880740380
549211051
497727485
670841169
125902859
968376027
172605158
104900050
811631671
575080758
377961366
980969535
360769376
749265116
0
875303129
464522448
734863396
885127214
752603024
781692491
336311949
112274254
576211652
320125264
612211230
531786216
564578355
466920714
880442053
361843600
860879495
957926910
570308739
673180318
454484381
410220873
706883421
905243588
956902933
362151131
992492063
947441319
322835806
668213373
408242119
0
900893425
732744741
592519751
751783944
991088262
301494384
383244912
666271773
46553184
768742990
952937180
659580443
516815149
167196600
866495126
0
77963165
125222417
900893425
945581028
173946320
995618539
491038980
240263425
919284597
368305770
652521461
31935276
922237411
882991991
24767170
136212290
23493839
736213192
24084056
0
362986437
280378747
404194183
25888827
817779258
187917764
914517826
696988805
703692499
171545245
231740730
462811726
778091903
721389518
282019378
0
920294126
95900679
517387902
402065066
71912262
654066030
151161896
0
712772439
201623553
453326177
638392727
879080113
235241777
263195178
741723063
667476165
681511709
365238840
752486099
526758317
23325076
914517826
770518391
729052355
279515336
691598725
285583577
707929259
944808678
491038980
182463569
792051539
855992287
405413786
315854331
775815577
224461650
217623577
653478184
503238624
676150782
439021495
625900823
845478330
847825857
320125264
782047030
582052214
273295005
240263425
172876513
518107515
562178599
611422166
292401417
243185387
477021885
502323726
30800776
578063147
146598274
0
427401737
688958616
3465711
948484453
367484187
599596678
622018511
633322906
38497018
805784853
983256366
192524684
995618539
291386597
503616291
793140273
765860616
880375737
283508506
630850760
155552576
41248751
840925455
194987283
0
26152052
42440436
860879495
0
283508506
341345980
866495126
263784109
315171477
427775435
544676324
381315519
32933002
323233060
181980008
678177044
0
934015240
913538137
2284880
250555325
883578818
501097370
778172405
239946042
381583937
601921974
329754388
477164998
0
0
754668947
741573133
717349161
136444193
700834740
563809229
381281965
377961366
359212071
788700637
679462241
553485437
601921974
700834740
883578818
140711649
71288256
866495126
470947079
963966114
905243588
752486099
0
898880306
0
519255778
266111956
913387623
765845289
734883385
765860616
516815149
940375407
587519570
345391655
989669065
371258693
439984897
46020935
95258263
653478184
810526214
727357476
411529134
70304
128504443
862583766
557656254
560763456
561554323
608341961
857476982
712244252
0
882991991
61279581
557059705
380724965
366842816
136444193
381583937
517439260
635427427
42440436
149766985
696988805
908615116
656241774
164728491
977996353
792172467
107292562
244277816
650271391
143463008
434935422
145289394
175137846
375000807
130037970
52349279
905243588
0
16506944
234662588
560500173
866338176
251102640
782188185
792156576
403998467
350888780
974319568
808293306
940904959
22533549
0
495889128
925089562
135082763
135347826
137993027
638392727
869489870
411529134
344195444
42440436
380715718
356567405
830685214
124405296
183304016
877700763
525647017
745714690
46020935
94843969
778172405
88453550
624390534
947228738
825793822
969598569
8322714
0
110134188
328486197
339608406
875303129
693537290
970621758
339672869
893569889
38497018
534978933
234507221
251059935
219345583
0
177531919
366842816
998000842
329754388
381281965
800871988
108390512
969265029
379371812
568114714
211977345
4431717
769651308
0
415443127
912175036
979191964
912050101
673744812
87362493
504718319
704992928
577541666
383244912
295092588
231740730
659580443
616758961
28884794
625439059
256665213
752249291
926104037
502323726
133765817
792156576
759107069
418153329
226850944
737938511
259120765
669546636
578063147
691598725
84993445
6663415
414413441
562233865
84993445
223000999
867948815
624390534
684511845
889513353
191073691
270017737
397720788
366842816
0
85527568
587519570
287869447
24084056
886389482
817779258
681511709
54051965
222711404
38497018
140810376
345592894
519255778
419929008
497727485
267980048
727357476
859083411
491167539
736522609
267980048
957947930
551490442
988016700
180229298
625439059
963966114
606648152
624390534
934592597
769071323
836523639
736522609
234390896
719087011
371978638
425914607
442030590
0
410998853
781692491
496697426
941726416
332475955
752355424
587519570
48516724
69158598
779589305
294461477
644928919
534510177
659492658
1207904
142229624
380715718
0
266111956
877700763
71912262
234507221
421749821
142429725
321929581
114141980
96456753
183851907
306666761
413678695
85527568
958057245
413630802
200013393
38497018
886389482
816655042
405413786
270017737
117201992
673180318
905444513
548143756
648435413
0
914517826
136444193
752603024
82564451
149728581
648435413
900893425
809004819
245149783
233570069
164319527
173946320
136335917
855417115
0
595525851
136212290
182551025
996393836
882682092
46020935
26300957
656318802
54626895
521645725
679462241
737938511
192519756
817410911
996664828
958057245
684536298
443053372
763520879
125902859
419029710
348221661
791298159
422667184
881593481
135370762
702474798
575789006
800871988
654635614
993177190
807634839
83125665
23325076
619891133
712244252
135370762
68269660
210666302
551490442
149766985
130037970
376989838
145289394
560500173
653618077
455272597
732744741
656318802
789750277
26152052
775815577
156231310
583473079
853115204
926130886
968493529
421749821
901266861
76924298
610240292
61279581
25855241
719087011
659496826
145121907
106543723
44921759
952937180
67568497
991902306
279410524
830229427
573587873
686821919
681296023
29696949
220633420
630850760
881593481
591180517
684536298
359212071
172605158
472408642
546087021
715567181
273648943
610240292
778091903
136230070
946600502
857304467
133587795
748350776
712043019
599596678
233580637
577541666
381583937
495889128
389506504
807634839
953173015
735059439
0
70463381
659657434
401429425
748446402
357707454
176806155
371978638
796990437
968493529
818582279
121452534
694903019
104060264
404183880
688958616
146598274
625896896
675924641
38557165
434425656
674648944
439021495
669546636
472408642
587400870
267980048
331129831
676954966
526961288
413672480
721275415
34154642
500314312
195358078
855556826
648317979
459922425
107292562
0
0
661532860
823256710
0
703976805
349340898
747210414
109497811
168831568
7917425
559372596
455272597
875864747
266148216
554253482
92688748
781692491
661532860
387823138
582052214
744817813
141646553
956478209
167408482
589025189
944891170
944891170
101674736
857229884
742546301
544341887
94232035
249288218
11820354
595525851
491167539
511376556
202275666
716474613
662089126
534343526
44751351
868309409
422667184
872567365
769071323
614317709
788700637
969265029
612211230
816250152
348221661
838571451
472408642
8671412
96456753
19227801
286989169
998000842
392504841
69943202
258343300
610240292
664314779
66903000
359663253
924324522
678177044
327802124
445427916
131477645
771080523
668213373
249288218
694650667
502240043
936774412
592199515
234662588
54626895
270017737
715567181
324106201
20929732
998000842
573706976
26152052
773051923
456597184
759755132
0
411092501
251102640
484631564
392040258
889513353
947228738
224545506
482689051
0
955143779
88719247
568114714
898839242
847825857
689563796
187888158
131477645
95106017
86317059
128247369
774062977
555556906
637212900
249114662
799760440
991088262
592534014
81202881
50713116
194331268
658500386
803235580
557059705
28004396
397720788
683957186
137993027
456597184
100899916
769651308
573587873
31935276
744698839
299355400
0
102740692
673563519
75660971
16506944
0
458376603
213746841
611636952
993400752
1
0
365571932
942004461
665313602
16304456
685705374
652235381
574866466
315854331
258922697
617062969
878867266
441535174
991902306
810526214
166085976
369314785
319561302
336311949
224461650
936869541
688958616
667472401
564047522
610220646
149877071
171155711
366842816
0
11060390
0
536016771
823701727
625896896
663238722
572555134
854320686
654066030
808293306
365287101
328486197
19227801
955052600
927888375
535673675
0
365571932
16128565
125222417
908615489
791298159
551917217
259291184
149728581
582843885
662089126
620493510
149766985
167014332
875864747
292500729
962525192
466254613
914517826
837300637
517538507
466920714
0
721389518
217623577
360769376
895771275
883578818
81202881
653478184
459922425
292916646
286989169
782188185
955052600
559372596
748999746
958392080
0
569693190
956478209
345796203
724375463
763890471
744788609
627081332
686283957
0
249288218
187917764
994376010
891926000
714874407
251102640
889513353
957926910
800871988
528381904
883578818
671754491
259291184
445427916
69611891
883578818
818582279
70304
154764738
776680637
934015240
791298159
864553560
880442053
0
131477645
136212290
974319568
878867266
566472026
104383559
634149926
527240229
336311949
969741241
861972239
146412825
443053372
380724965
617062969
454484381
886382256
367484187
456597184
383244912
7008013
96456753
754668947
656318802
162922339
770102758
19842188
625896896
989350936
555896551
239946042
213330985
329613065
775815577
210427389
578279035
560763456
95029425
388215871
765860616
646818192
714741238
86473959
464364451
230405235
888993635
767263787
210185833
620450184
458123514
89406158
42801251
392504841
124405296
572206784
263784109
109497811
800871988
545578108
611918149
968376027
318273635
540267110
216224508
714260585
69611891
15736849
145121907
0
231740730
419895304
445427916
79695462
792172467
627081332
617062969
71288256
348873930
0
767263787
940375407
778870665
166085976
238537733
423538429
0
968376027
472477033
637212900
41148487
313640265
930791027
244688857
0
411529134
266019224
128247369
367484187
211977345
0
431912981
140094864
514870470
866338176
770102758
905243588
137869883
421720833
271661793
701201326
791298159
996664828
691598725
0
406483676
415261864
853189787
681511709
944891170
953173015
536928203
833368485
132982997
484631564
752249291
7979858
146918804
857279709
875303129
920294126
830229427
658500386
419895304
656318802
917281557
736042818
347984550
303678917
502323726
666900078
309140656
712772439
220633420
359308298
922237411
678177044
883578818
7008013
616758961
727976301
610240292
477271913
693799765
505948908
926582350
441535174
114174970
671928142
604689447
501339404
68269660
169639052
166085976
967980816
275221365
963966114
67568497
136230070
822843078
291358870
957519168
843243561
383244912
878867266
282347345
585300321
853115204
511979482
778091903
488333327
578063147
684741613
365220480
694601906
652235381
891926000
249145236
0
948484453
517387902
114638709
752603024
145121907
307403568
957926910
117201992
588459565
706200430
377961366
210700425
143463008
25855241
133587795
0
0
232630185
876748228
606648152
635427427
422372938
614695417
96456753
415443127
356769369
857476982
234507221
714874407
987456512
556004166
439984897
591180517
724096025
412181748
73374426
752355424
86473959
329613065
578279035
30800776
406203011
884384035
774169202
922237411
908615116
632328188
547551928
886389482
888993635
248628923
343970647
897928330
367484187
303468622
859083411
347648414
434935422
210700425
166085976
0
840640287
874422280
166085976
532477110
794060473
350888780
941653731
590980033
775815577
553485437
926582350
477021885
119755144
498817343
610077594
69611891
535673675
38557165
97281488
205077133
314827438
132982997
691598725
572555134
260410860
339082489
466254613
963710600
23493839
614914779
666865755
562178599
957947930
99953433
147436575
365571932
823669287
963077744
803235580
637212900
0
691598725
811631671
782047030
454920985
944105366
701201326
403998467
371762644
500314312
716723390
898585246
406203011
339608406
875864747
477021885
225003043
401429425
794322110
807634839
942668361
707929259
125902859
88453550
886318771
754434189
442672279
637092773
883578818
572206784
810526214
19842188
472795202
249114662
731442109
954264187
740179172
350888780
258922697
525115761
225305759
868945534
989350936
44669088
462811726
554253482
144054164
249288218
964991390
958057245
658154401
592834563
776680637
536928203
885127214
167408482
763411142
637495672
365238840
75389914
339608406
131477645
171545245
25855241
0
503616291
376989838
886318771
803309021
961260586
484240582
875277972
410203032
822172
574866466
914517826
676954966
653618077
630850760
752249291
738877192
755733736
100899916
714260585
254278307
575684920
970781248
948484453
426943483
861831052
132982997
627081332
990214920
797536651
279922845
702474798
58221073
0
325730396
829362020
173134050
750656348
413672480
56727495
7979858
549211051
426943483
336865854
146198860
941726416
752603024
236958562
729052355
258895276
408314078
132982997
668796879
772560327
135039440
781296786
542819867
178282170
345592894
228153296
201623553
505948908
818582279
156151876
968493529
544480851
816667925
11060390
0
897928330
185118051
145121907
106543723
877755186
575070180
343970647
167408482
330101408
330950022
397720788
430387138
754668947
303678917
995026120
765860616
855510840
229019638
623268617
749265116
679462241
638392727
434042201
541049402
564578355
504718319
458376603
681296023
573516306
862583766
0
615541872
669546636
897928330
752486099
955052600
935060163
583473079
747708838
528381904
732829202
408314078
803235580
527240229
691598725
803454663
611636952
556004166
217623577
822172
306666761
427401737
495889128
665313602
778172405
934015240
403998467
480387830
267980048
819370189
0
258922697
795739837
694812646
575789006
573706976
401839198
142429725
573706976
449226398
736522609
803454663
16260469
652521461
456680495
927888375
17854508
406245585
637212900
5732691
22604493
0
805784853
654635614
100899916
139035759
401839198
8322714
738877192
180229298
239946042
283508506
246787845
920235614
727357476
606591866
66363420
224545506
34154642
280378747
491167539
477584177
154934544
445427916
737976507
599596678
259291184
14907988
96595036
51666545
25851523
853189787
736522609
71912262
612211230
128504443
793739854
621832303
693799765
171920595
561554323
901199337
714260585
140810376
210427389
659657434
613485338
983256366
450699552
279515336
768635672
271483851
621832303
514197026
702474798
51690792
905444513
822172
418153329
234662588
632630960
183851907
748350776
752355424
912050101
879080113
143463008
257117636
168939094
318273635
112274254
145121907
40505624
755733736
42440436
350888780
14907988
88719247
693799765
737976507
476658526
554395259
963710600
968611700
143463008
279922845
449416858
289431619
947228738
703692499
228289135
789750277
840640287
878867266
993400752
877700763
526430090
464364451
912050101
886318771
321929581
993359332
646267909
546662800
771179506
911770562
855159663
491167539
559372596
280378747
614988873
616758961
51690792
611918149
21917684
781296786
229872947
46020935
648435413
229872947
764427590
557745032
610077594
103056908
225305759
737938511
216224508
938549410
51222850
737938511
816250152
926104037
211977345
983256366
144054164
893376879
445754394
362986437
521472229
694650667
895186405
71288256
484631564
8101316
466458246
752603024
517272403
1952848
259120765
0
85301485
544341887
988943200
823256710
504829936
455272597
104060264
96149036
716535854
470947079
742562616
759107069
23493839
283508506
977983050
920489513
135347826
24767170
925089562
835407880
953409943
477021885
88719247
855510840
121452534
554253482
925089562
502240043
52
652521461
715567181
165921726
625900823
260657530
825793822
957926910
742562616
227877317
89866850
24589475
467006682
860879495
576211652
0
523230738
570308739
84993445
403998467
366842816
986730487
449226398
322435983
705999977
201623553
476658526
103504314
526758317
21912333
724329901
311612105
889513353
453683939
615039974
365238840
544341887
721275415
254787094
706087163
367004254
75660971
0
970621758
818873797
590802359
803235580
350408468
667082488
410203032
95307003
876748228
0
94843969
455272597
474447806
182949837
103504314
337268361
830685214
925089562
774062977
920235614
54626895
146598274
168939094
231998376
191733106
792172467
454920985
862426728
0
0
875864747
554253482
924324522
489215801
867948815
939910476
935060163
258895276
758171640
336396593
592904656
784877932
281776044
220750094
23493839
908615489
525647017
818582279
262131742
425914607
149403010
625439059
572206784
998000842
140711649
969265029
656241774
736522609
95307003
282019378
7008013
920294126
502306056
182551025
837300637
163663228
898880306
729052355
28004396
222711404
676150782
755733736
359308298
588459565
317310187
862426728
546087021
187888158
847594249
900893425
604689447
877700763
139240949
993359332
617062969
96456753
988016700
548143756
456103307
408650307
362151131
592347351
16128565
262626674
611422166
635427427
388013598
28004396
368305770
936869541
100718506
752603024
721949513
993177190
610077594
496697426
377961366
672523510
901199337
477164998
286989169
568114714
585300321
0
26300957
684654205
990214920
789750277
38497018
32777717
875864747
85527568
898880306
485616652
44751351
585300321
324572562
377961366
21912333
835451489
662089126
725934937
267980048
556004166
728625501
3768343
0
638135673
971724797
41248751
852225896
916533432
874443360
724329901
840925455
912175036
516815149
146918804
882147851
662706417
732829202
572555134
42659055
330101408
467006682
454193737
823269080
843243561
618407398
315759748
595525851
782188185
127407445
991071463
564047522
434709239
875303129
741573133
194564906
769071323
453104219
3768343
419029710
818582279
782188185
849477096
919330774
752486099
913387623
28004396
969741241
110134188
684741613
0
641390640
2028
826051105
48516724
212382346
548143756
0
555896551
975537167
641972442
754668947
793140273
69158598
846531178
679462241
223000999
69611891
332475955
156151876
969557171
592824346
413678695
557745032
94843969
752554886
617062969
782188185
135370762
553689438
606591866
908615116
84993445
847594249
928285756
392040258
653618077
259120765
968611700
570288940
397720788
882147851
274773516
294082362
163661377
476658526
791298159
477164998
795739837
167196600
407602152
548143756
613485338
752249291
225305759
251059935
747708838
782468370
168939094
982759079
0
610220646
80264436
229872947
151161896
825793822
578063147
625439059
336149101
802132982
592904656
257117636
382044802
542287698
938549410
919284597
912050101
336282006
258343300
256088156
160356690
330101408
324572562
511979482
20929732
643343343
439840988
654442774
560500173
106543723
991071463
350888780
256665213
224545506
698463129
493207732
765860616
11060390
789750277
967003930
575070180
868309409
135370762
544480851
654066030
124405296
434709239
624963179
772560327
431912981
591180517
137869883
501648653
416604047
79695462
117736489
66363420
48516724
212382346
875593486
219345583
380861739
992492063
444329902
172605158
803454663
702474798
592534014
195358078
582052214
408650307
912175036
969598569
444541840
591858336
561554323
270431788
25888827
818873797
331717007
957926910
254787094
183851907
686283957
923532841
878867266
427775435
525647017
727357476
830685214
172605158
336282006
599596678
694903019
0
309140656
133765817
21912333
985997187
381281965
24084056
919284597
472477033
662089126
940375407
578279035
941653731
578063147
742546301
707089458
0
988943200
0
143463008
234507221
381281965
957947930
574415429
151161896
829362020
672119567
47508451
63515622
21912333
579398487
945581028
156231310
741929667
20929732
365571932
989350936
144054164
352962111
574415429
0
389506504
470947079
794085112
656318802
0
275221365
771956346
950243860
967494938
989669065
875864747
212382346
922988551
234507221
591090841
259077160
24157098
0
911770562
618407398
131477645
242819503
173569523
496697426
14907988
882682092
278840897
3768343
41148487
483242220
926104037
318273635
514197026
779589305
511979482
375342338
970621758
431517960
669546636
980969535
560509471
926130886
578334130
215479806
450699552
329613065
874422280
361843600
339672869
828077134
415921783
777783303
625900823
132180787
688427909
281776044
147436575
818191737
233570069
0
654066030
912050101
156508930
641972442
900926638
442672279
134001011
224226913
692800404
16506944
143463008
425914607
418153329
365571932
932524415
890552213
381281965
797536651
109497811
986730487
991902306
292788501
57013887
29879366
294082362
52
106671399
852225896
76924298
637495672
0
816250152
266216796
855510840
898839242
829362020
881593481
48400870
210185833
957947930
724096025
592824346
913387623
625439059
362986437
421414975
535673675
238537733
354951927
464522448
195358078
876748228
28884794
0
172404116
404194183
944891170
935060163
876388028
0
244688857
201520896
183851907
84993445
712043019
365238840
339672869
578279035
131477645
321929581
856521649
347648414
143463008
482689051
281776044
352812366
571256057
591180517
292401417
532477110
455272597
362358638
405413786
136212290
502323726
582843885
0
724329901
913387623
202275666
712043019
752355424
76924298
124405296
227877317
391630394
95258263
673744812
875593486
818191737
679670819
