7
3
2
1
1
1
1
237
164
107
102
78
71
86443
42255
28652
20161
17263
13924
12349
12545133
8494688
6123707
5111610
4198044
3626855
75488585
243571740
530857913
954373813
505936596
841393221
728855107
644979420
648985555
464263655
686436927
289074384
28652
59016384
44538407
480253784
690961795
422288657
862550059
487617034
175727988
164285786
578995749
526340543
407550455
922774578
424956533
864216101
160479329
681531793
865064475
325135126
378377067
534882639
439938716
553934168
41925028
634886155
580576532
210482488
19620514
55904356
380931653
559257449
106898800
594553806
330048522
957302336
649976909
965395878
559652857
877586764
81000818
834906052
627075466
182272794
886915132
787773725
301295117
222705315
84495431
798267430
173387422
791693282
197327736
20091991
827152861
728855107
