21 59147.7091735942 0.8351830217
59147.7091735942
1976.1612727719
1259.6797999612
535.2534042411
425.3549782331
117.2088917273
57.0865534872
52.7994148576
50.2786740529
39.9188731204
38.1231829612
27.0137290873
19.0450166608
18.8759942724
10.7824450859
10.5041436464
9.6957477962
8.0160157303
4.9666881189
0.8778275074
50.2786740529
19.0450166608
52.7994148576
27.0137290873
18.8759942724
1976.1612727719
117.2088917273
38.1231829612
1259.6797999612
535.2534042411
59147.7091735942
39.9188731204
425.3549782331
57.0865534872
