28 38517.0669301570 3.6710578842
38517.0669301570
2474.1420075330
2442.0626651932
1802.5524263206
1077.1987309425
659.5814114528
619.0534043409
506.0608256777
388.8779068977
370.8458503378
348.9087095337
340.3101241455
262.9988280912
197.7839754298
115.6497060594
101.0700925557
87.5793912474
83.4767945231
83.0278352506
67.8744260445
197.7839754298
619.0534043409
38517.0669301570
370.8458503378
83.4767945231
1077.1987309425
262.9988280912
388.8779068977
101.0700925557
659.5814114528
87.5793912474
2474.1420075330
348.9087095337
1802.5524263206
506.0608256777
2442.0626651932
115.6497060594
340.3101241455
