4850 19422502.0816384181 0.0000134243
19422502.0816384181
12849540.4115437828
9297453.0092626102
4156210.1106860097
3428664.1249711774
3361639.8090290083
2887056.6608448233
2882648.4072218696
2787293.9612917365
2470999.5742571629
2282926.1151293875
2281673.9852924715
2131162.3264639061
1898075.9506377687
1814018.3770797180
1762422.3763416100
1661087.3364502867
1618536.9855397113
1586098.0817379849
1368042.3219363063
312.3707492549
11263.8606213605
1343.6768109470
9104.8213642564
304.3081160172
697.7226010971
104.9478545233
2906.3208151587
160.6969391702
368.4562059666
648.4167289303
678.1923300826
153.6961092961
12379.3528315595
3695.8984926031
215.2980670320
25047.5093691496
231.1213498850
356.8768404065
1202.7920269198
2474.8350271942
856.5738402352
329.2204143909
442.8751105960
36822.4783718546
544.5977318106
440.9214273282
2749.5787263869
38179.4166653588
172.8426062957
2321.7034977153
338.4990978156
1568.4626195101
2179.1944037122
3420.1599928293
175341.9666809824
1639.4419862560
545.8161087941
735.1122271946
512.2733644723
160.9288849662
2412.3023167641
517.0939610852
3760.1451916607
283.5164550341
9149.7493899321
46869.9489680158
4796.7698166217
131.1637321313
914.2591165053
3665.9666016621
5504.8579815666
441.9884606155
4884.2584564944
589174.8836577220
11807.0905685241
10834.7944826987
129.5840475760
12651.5676069492
396.8485313623
2344.8800577633
301.9481865403
264.9789491669
132.4802447289
348.6086804526
277.3320374994
256.2365714855
181625.0874282929
3240.1299962892
460.8883291598
383.8708657837
1988.7926157264
472.2965175229
397.8349295097
1485.1632819783
222.4652263089
2656.6883325786
11543.4487163206
126.2370480025
238.7995267516
106.5897166838
621.6118867345
428.6989930126
238.6536833409
594716.0716277086
363.6676022490
2857.2524884730
20523.1403101944
1715.4141781077
1615.7037608210
560.4924973763
112.2675749920
311.6752743532
109.6351566041
242.6356791305
172.8608858909
120.0281328487
501.1060660335
3170.8364369484
140.1663079337
612.0584345205
58696.2866305084
221.3830208906
244317.1010897678
227.9913012900
177.5980660425
113685.8545205852
10885.5851979522
116.5663397207
107.7254913127
3561.4751045302
685.6756577286
185.9179939617
145.2829574053
130.3347979888
1215.4772835628
638.2527765027
1095.0342129811
9043.6085396328
4281.8442130414
129.0503293804
468.5224890162
1138.1803657182
235.8845601110
5109.1049143544
43821.5775720387
3048.8520617938
7446.8855766310
663.3755493608
2255.7344273547
574.8173249255
185.1537735612
3068.9725859122
884.1690273719
123.7043996991
1079.2515757394
811.8787056015
1302621.4114500496
3057.8045011972
107.2447329684
564.4625448465
3683.8563631967
1630.8686462142
554.2866824244
8510.2833822853
295.6909678467
298.5938931799
290.5423621837
2398.7057864480
52008.2898459833
2033.0315522442
198.1098637153
12849540.4115437828
158.8012373350
182.0144221585
269.4813078795
450.0297985396
4701.2994746011
694.0499049352
790.9056343492
1470.6958317455
651.1376898620
747.0850714507
16220.4511670487
1406.8022240911
7541.9604971698
756.8275651187
110.2819091330
8622.7347420913
3124.3340609832
6517.3482120249
1028.9960329970
1249.6738674388
14247.1889392501
986.1354065473
201.9812991436
322.8408399782
296.2919660996
9330.7547992236
85213.4703330602
26324.2493413825
127.5665651302
10511.0792450490
2027.7504401254
226.1795766381
384.5057139257
175.6057204039
946.5769949465
101066.4098895259
191.6363635960
156.1898525911
2691.4144242675
917.1131811056
13124.0016073382
4077.3561368406
200.2244757766
11771.8890454158
3779.3707600613
11395.3752199304
183.6063980677
260.1550540835
1147.5058116245
164027.8514191894
189.4893480635
27227.4639454539
11398.3233649079
136.8440674035
227.9713752494
976.5910540547
129.2904714889
4097.1288625834
269875.8196209015
179.1640490899
497.9443184918
943.3988708405
575.3671568971
121.5675081144
3715.0888357489
1485.3797074037
1209.6089791376
561.4450475222
109.7040531994
602.3645473863
468.9426540768
130.2087629939
382.3071471310
165.1592498421
175.7878835990
1207.4018789146
852.9476000754
311.7493907966
167.7431369806
60479.4521251273
171.2799271767
215.8458466879
1962.9742388649
105.0896114943
326.0087591257
605.0549204034
202.2339399462
2635.9769685678
389.9900098874
762.1545781614
478402.4970498217
2086.8170322054
1515.6888221177
876.9710256183
181.1484217809
9357.4375298677
1094.4370623492
30630.6889242216
156.6294745551
695.2894572306
1275.2991746570
565.4189785704
210.9171360915
214.6221214083
224.2263562238
291912.4984856684
119.6514252417
252.9880299726
174.6536546317
854.7857500285
108.5211842228
1272.7786323389
119.7720779343
103.3188420473
224.7353283890
13249.0058625119
273.7543387610
3518.4785732249
243.1466935082
222.0012275619
1636.1732191196
5493.8770132221
566.7057916227
450.2779764683
1368042.3219363063
219.9001276106
5283.9454643300
4480.4250816690
194.6108764762
171.5776004479
353.6204350310
7468.2547097452
15715.1517165714
99683.9685979859
401.0071164825
389.7010373744
424.2197217828
295.8541391026
260.8728919513
4133.0529109377
161.0702521301
240.5989657216
9415.9689929884
157.8814855939
732.5375127285
27814.5592199923
13292.8718121578
137.0883240739
2151.6276596167
256.4135664651
140.7452097885
2233.1905706364
681.5793773650
178.0465504620
51002.8784604838
141.6827525347
109.2880803499
1078.7064378172
168.1775580631
4906.3818565401
1262954.4731214896
2631.0780049617
579.2426271273
22675.1111122747
663.2286157301
385.6196889295
419.2064553622
37642.0211530104
144.7914401879
136.4252192702
518.9569075353
826.6561842026
229.4305641539
577.5218760270
988.8544015393
575477.8136587015
26858.1705118088
812.6469576608
115.2628211867
7648.0404751748
112.3034861053
113.4140086708
256.8655060397
873.1025765032
488.6051645895
818.7829038858
144.4295041259
191.6756014608
8112.4211495268
273.4471626199
2145.5794783128
3627.3946013299
536.7062568631
1454.9892212665
19422502.0816384181
518596.6000663226
593.4881127262
116.1479159840
185.0411069982
25609.8668015804
333.7999032003
1450.8344729180
754.6387360360
651.9211910270
552.1221706707
106.1800539513
834.8402870424
2853.0382042446
50377.7804540197
521.6392927312
165.7017761350
135847.7069963570
452.9509303830
1182.0823458023
1670.4038187522
5728.0251046273
6776.1670545686
557.7578620699
299.4732652994
338.2291396518
240.5100912420
527.6792814937
215.3164008248
131.4042546159
50584.8640558047
282.5490046673
145.8164773688
534.0563510471
521.6205308651
478.0648733071
122.3786522878
57656.5942007611
200.9967288272
413.0987334446
141.5190277268
1025.2693499231
113.0681876933
651.7211837242
8684.3427731161
233.4792663307
76106.4702552704
104.4511245425
166.5147118168
122.0357020222
107.0762821332
279.5068916766
1194.4271420635
440.3491121203
111.7329570327
1221.9991883224
270.3226029680
521.6130862965
1529.8829310807
390.5540108044
2281673.9852924715
1417.8193372321
1396.2779652738
126.7583133346
132.7505850700
189.4185072078
2759.4442912137
18268.2967100735
1953.4094957492
121.2877190084
1409.4189950300
225.0826403992
119.8787785791
988.7460483360
188.6169280164
255.2841515492
467.0712990371
1627.5529886991
127.9752019416
261.8432336668
340.3962667018
4633.1780193460
285.4910384352
747.1660290274
1567.5723639739
104.0119884068
1379.2485558578
60863.8208350355
212.5543353971
275.0255576898
5662.0376884734
132.3460121005
263623.0928897802
188.3447128001
135.8310561371
1326.7937047103
20323.1010573057
774.8411503627
234.1535836973
552.1362381742
983.7448088392
3484.4043114091
1071.3562181648
451.2384699479
183.0938155765
497.9800735154
109.3546499527
130.8444159280
2470999.5742571629
12588.4491574978
107.5861445710
255774.7205798270
1133.9455772044
167.0022651354
537.7627986384
38192.2262113642
207.5084849535
165.2838534044
201.5823805491
107.8208094922
131.3975161315
1997.8576533603
203182.1206759721
2448.7788433016
133.6937507631
312.3926314962
707.2184394454
8182.2075180440
147.7347265021
180.9889523269
290.5632600601
2001.8329286635
31563.4247402794
727.3589146141
2085.5177795681
550.7407637015
11573.8893355716
2200.5423342785
157.0040903116
117.4716221500
86085.7175840478
48522.7897782823
141.4973349802
2965.5051813586
295.8873318787
500.7633374964
225.8797314519
111.7287456284
129.7654614148
201.7714183028
2073.5300914088
3233.6069186182
328.4005091159
137.6031033450
281.4207028335
5822.1947140151
239.1626326847
263.9722420076
131.5345693153
356.3419290371
650.9804259657
282.7252998270
413.8311715710
535.8226992829
855.8352463298
467.0379694383
172.1983471814
42513.8748474025
640.1882369866
129.6739697225
2357.0222763697
582.8441824555
434.2068895442
17292.2419177042
2002.1177971838
765.8914646341
29282.6241782152
329.7957332827
44081.6420000170
384.9485782707
485.2131432499
931.3284741121
49826.8467795514
161.9918411767
781.9631350907
7150.1189487507
284.1624786304
104.6294641838
242.6294073864
105.2580398318
24511.6794626446
736011.6427600583
1869.0414193086
445.8365482190
146579.1132893084
17258.9636654780
120.0668966710
283.3228619329
950.1436347133
8497.5766108880
205.2848972372
468.5074399084
788.2061745638
7717.1769880499
126.1223350141
236.5321793258
121.7017718595
139.4964605686
271.1266056755
743302.2797224147
141.1292460667
648.5059753526
1237.4618562260
233.4199823300
511.5490631843
855.9099974752
3361639.8090290083
1022.2593436178
115.5148877479
295.5501866298
269.5224728660
16397.6956093524
280.9906709911
4506.1367796118
1376.7890910552
4060.4214108539
304.6704549673
322.3248429251
1116.8297106974
420.1609323814
1098.8740708997
204.6374087430
773.6126331524
38252.2760025772
433.7990144690
3265.3091686486
2584.6780369017
160.0146187482
13463.8373116562
1634.2726261128
59282.6604792764
1005.1933700195
106.4502027410
504.3957397074
804.7115072177
236.3522012472
154.5154964563
348.7236097098
274.4587732330
28253.2393466975
289.3347601840
127640.1628931039
5588.2161086588
697.4729253698
161.0306195452
6304.8551573320
1378.8333846080
784.0235788550
515.2641376262
203.4866333286
149.3083577759
197.3431375257
343.4883300894
418.3851318184
1036.3293612308
455.5469787102
130.3814475725
355.9274797685
516.3737489184
251.1990261354
67584.6551391976
784.2711501689
446.3937790569
258391.1430104934
932.6795594231
3005.3735016852
11126.1657524571
67809.8593459094
146526.9456783888
3220.0579900591
2339.8214649752
574.5160040715
4667.7731908392
6168.8554418329
863.0902539149
313.0876017304
294.1900883731
390.3522986354
244.5760577080
34583.8566902648
106.5375089610
256.2145945907
306.5252621789
5587.3307120626
281.9221022465
1858.9673023588
5547.8138511020
253.7563290253
1221.1480886498
1344.2992819459
280.0789901381
249.0246815669
248.9077055160
497.4748528329
4463.4083645690
152.9490302227
303.8068732302
5883.1959714949
299.0465138165
1208.8179787868
167.8078397636
327.8405441889
155.3215102940
2639.8713495929
421.7166078918
2762.5648955514
264.0236044676
40481.7182126440
40759.5485379778
6049.2238650371
2222.7218036666
124.2437144629
1618536.9855397113
361604.9506366354
8648.1083829269
832.7551483369
162.4730201287
169.5783030866
201.0490277265
115.9218895970
191.8320472472
3564.5360224409
615.6576655832
1762422.3763416100
1097.4093851293
379.8288469908
127.9531796748
580.3133301479
1794.1274952445
5284.2717558232
138.2621788340
674.6360031729
172.2787580706
200.4708641652
201.5929175406
2019.3842745314
195.3421552537
825.8717567660
113.7223120801
1785.5129701506
577.5032814130
197.7650533343
388.0004009080
426.4018383677
127.9323233772
82111.3927731557
309.5609961852
195.8219555362
3236.6554355890
9480.9804228089
1017.2017218006
797.2211967192
207229.6770413540
108.2724968445
327.3609189430
8182.2189558451
211.6738138395
447.7929694968
257.9475934529
149.5985470915
2819.0111799079
167.3838511247
413.7121624187
1535.9814447985
30719.8211286141
200.1989662339
479.8071619372
348.0831109100
2699.5034837369
135799.9006765076
1780.6946900983
694.7576560396
7875.1050250205
144.7355031456
285.7772772972
422.5632134202
351.7631736916
109.6992195849
881.6756887452
141.0268815889
2633.6477783275
1785.0972933577
474.8991644985
12182.3239108014
20539.4225013773
5425.5613171379
111.2218504984
269.5730512110
1075.8344320303
116.0206830732
130.8296648615
218.7632627264
188.8215247837
31400.1490707717
132.9713708062
175.9083631560
232.9412418253
3957.9773741293
1263.1477500483
131.1628794312
4542.4546419712
229.0584202062
1949.8256505078
1424.7299673673
3030.0436465404
122107.2666626629
132.7287266739
7289.6124822547
801.6204831660
406.7686769126
11681.2511901508
5887.3956719102
150.8757491808
152.7990281977
188.7819052867
610.0682615937
295.9499911217
56454.9492348618
212.4844955996
1608.8019369848
384.6132049049
113.5528741923
509.4996573171
742.6376795030
85510.7728974612
104.9517323300
793.7992275603
530.1386280016
320.9885504450
104.3066004794
171.4945728647
1093.7566525854
277.4338212861
2166.1646483225
194.5445560678
635.1364818180
199.7129393339
224.9351116822
515.5097091744
123834.2970602839
232.2571661040
266.7025982850
1602.4364756965
561.9456713336
479.0081805239
46374.6824152330
53175.0462328104
374.3196768999
250.4332392150
539.3500499252
729932.6536853479
3983.6001573249
1226.3052109999
3708.6337719873
9335.0160643681
124.9029055672
1791.8221408411
167.4503290908
97463.7508585474
245.5232083228
6367.4589403130
462.1471341030
3034.3647568219
214.4303251076
373.8803123743
1489.8642269494
1276.1307842395
380.3899844889
861.7483817415
136.5039489052
260.9345217451
698.6704193117
337.6887681535
115.0542377215
145.5944364656
972.7416287324
2305.4042897684
576.4214587239
4326.4614611218
527.6840520620
350.7801681084
3801.4016650951
257.4461295189
2992.9621839451
613.8683018119
595079.2219292646
455.1387084543
140.3352701453
179.9989192115
2131162.3264639061
684.8059989783
7644.0426869245
16994.1957396709
141.4558735367
5275.3196945008
2882648.4072218696
468.7967177212
143.1813345951
152.9237571548
462.7772213855
726.5077758234
871.9123730691
266.3511233337
354.0096464305
63676.7015138748
494.5271630330
1093.6787216382
8698.1464967893
159.0683928333
285.5121245269
442.9238833934
3516.7367348717
6669.9234378002
150.9573846467
199.3381027584
178.9204884060
264.0993858941
173.0149318037
1019.9480073256
13094.9175825242
329.0999110587
138.5696312665
184.3244887412
155.8841704207
157.3155757601
229215.8134274202
3650.9315858872
126.9991895270
276.1170114679
181.6711690093
258.7742328977
188.1366167387
428.8565419097
561.0238114891
209.6463380549
214.2528869117
542.5548116905
377.7054488365
48099.7320902772
1622.0171487460
101608.5346053847
240.8418957686
618.6098401016
3191.1789538491
223.8516714117
168.0716032326
223.2359317733
10986.3209299616
219.0887784604
187.4976618553
183.0747889012
918.9755815932
275.5238398071
976.6248904145
734.8129563331
129.1069063417
2269.3081206152
349.6606869117
235.5018167429
6785.3885151310
176.2358225485
175.4002509190
173.0918546022
190.4348555404
708.7401639451
183.9384318904
4425.8832908087
167.0675555743
3497.6706596277
108.7954466163
775.1108376076
3291.9021697781
595.4872617318
265.2375060938
345.9114310924
32883.6847266831
159.1774740732
247.6312583611
8371.6010499936
2465.8140691889
238.6631859144
7230.2899193966
275.8956990745
2030.6604553273
316.1583965048
2185.5255973855
649.4921719586
1852.1777085488
3496.1079753579
6274.9783646705
392.6860384842
5140.5458138532
4435.7492252882
5703.9983399560
25384.4917490239
148.1381612684
122.8614691085
4182.5402775250
168.5105972853
133.5020657011
130.1773737700
213.4059298491
7496.7482650555
424.1792843925
466853.7100961141
2978.8948573546
152.2015609861
167.6711491727
1409.1300263362
500.2470559061
676.0390980070
165.7094878709
967.9271378338
468.6457779358
367.4289936999
157.6813499258
134.1830276989
987.7667601370
6203.7334472233
108.9430347454
274.9295911915
333.1912087773
823.5781844008
585.5127867177
178.1070642229
239.7865911503
2630.9899930046
2787.2468429327
134.3087762280
37023.2800880167
407.2413330069
159.7595233506
1586.8003847606
1297600.6473601938
163.2773624060
13269.9515163583
39824.8945362075
117.8556519381
5351.8896396047
267.3061735984
149.7738451373
173.2928830356
164.7525191048
671277.5328505833
1155.0069476137
31618.9404884404
1809.3475694829
138.8417157228
9539.0357761071
552.7024252755
177.6069574298
142956.9346067642
928.4782387953
2582.3265036680
519.5864096712
773.8706724537
362513.5922090182
204.6242855280
111.6257922446
250.6268932945
637.5665522240
407.2788409732
39981.4217510998
82061.9836866070
234.8026724259
658.2229774846
262826.0904837882
191.7185302191
170.6779105359
170.2221221378
192.5621247893
1452.7846959497
328.9474140481
261.6105184077
357.3303257470
4850.6016830723
161.2301838196
1721.1025730094
182.6602427271
114.8790784721
113.6564195442
488.6027208052
108.5175867186
107.1481064312
281.7988600255
2759.3872786328
273.1590981654
800.5910597083
367.1521431010
6078.9701152774
724.8871072059
1906.2266791742
118.8226256130
725.1604233376
328.6840198857
908.0356361930
4678.2292327777
228.2708343756
1808.2047896386
909.6377381348
449.0899974486
115.7368031932
166.0771592906
115.0527418236
1981.7148736310
273.0631666030
315.8874652146
1426.3852028031
835.7548062947
6992.7042260457
177.2048129706
172.7032201557
337229.9539366147
152.9787930219
1779.8971879136
378365.3506595870
392.4447432866
28537.5653562548
323.2697170922
151.5553113203
974.4171643850
216.0773380131
1504.1658855639
385933.6037574965
182.9656497402
29899.4614149928
137.7915016321
1778.2210390284
315.9017402506
7235.2708128104
250.4203760281
3560.0441284928
2134.5515564020
355.2136286348
710.7234230837
272.4435412825
152.2690762984
212.3779396382
155.4166193026
1202.1643167982
104.2929575248
619.9279166214
235.5727011931
166.4771491978
665.6588301746
513.5799603712
267.6055281001
359.5780956421
553.1226282984
14360.3003219603
956.8986242813
359.9885840503
390.4656858411
224.2515262120
108.3108848844
523.2564310077
872.5140127922
166.8795917427
10121.5307598490
587.8937548811
1508.5337332713
250.8432717339
142.0058166954
2324.1410929942
397.3914122809
978.0880203712
11119.9681091341
238.9116114469
507.9392825358
237.1229983075
11277.0621934476
284.7319834712
744.5690556691
87222.0748616574
621546.1352336204
692.1169356678
764.8419509127
152.4818751941
316.8632906018
138970.0890826300
163.1730454390
143.0583503895
1791.4409093759
13781.8616911281
509.3538659560
137285.9284046430
1898075.9506377687
362.0867375749
172.3767448590
573.2626312344
21920.2227080104
1238.0473797770
2117.2731683598
183.4945734113
2985.6440645994
373.1461186391
365.5923597179
128.6771080331
201.5896649243
1343.8979489712
131.7835767404
849.9116750742
222.3835431949
235.0280774421
7158.0304554093
291.0077680481
21638.0492986396
260.0121499277
443.0021545494
57864.9306786181
992.3550045021
181.8541621101
34290.5687031942
914.6939359128
1043.1386012318
234.0331878657
217.2087601437
171.3908646448
390.3929454067
171.2125322200
153.6080753957
279.9506336019
796.5887341780
7013.6164409494
581.8847283789
999.6611248612
22257.1384386413
105.4797895618
688.6825247595
4909.5297669145
747.9676857874
6405.5990881804
5184.6036248387
1547.7711112644
111.5769667381
81024.8930280959
94204.5373234803
73166.1111173309
60949.4122087881
309.8128035065
197.2552218862
427.7434160069
720.4953510464
2176.0734370684
131.7403348551
171.5864984305
7138.7204484321
140.0123020001
413.4477520312
392.7737996591
3223.7956667166
9671.1027763282
517.9614564035
726.1155901888
192.9588057186
203.3480085239
1649.4884097349
202.8700111986
2822.8318327169
133.0122946529
255337.3158279519
309.5784011218
111.9123084705
2875.7747260364
203.6303166157
156.1481671540
583.0932300487
636.6315252325
467.8657101001
169.8035824704
1401.4886533543
313.8210999071
110.3293393517
797.5511729030
173.1114176104
115.4971400126
313.0913668948
29687.9739946120
18866.5367893604
4561.2051079024
461.1474885528
340.5182741865
152.6196943190
8421.9087376354
3595.4253494407
611.0380558670
975.1858356360
1294.7460409027
4683.0295060804
117706.8759330373
18601.9096847100
167.8872544195
222.5491441013
84055.9936661463
390.8009011014
2196.7169477248
914.2277922063
818.7241624174
17910.3062787623
144.3829527267
128.3542711096
216.5767021775
123.2160303410
150.1908903939
352.1483805141
335.5149012515
1747.7121053502
379.8131735931
308.6819152622
3094.1526738195
1225.2894755706
2352.1620333784
357.9683131199
134.3710246403
5448.2956884171
209.4027391136
135.9499806530
300.1214607708
417.3645897628
868.7045441226
138.3810842623
127.3953095369
274.2788933365
5699.4889705077
740.5389611041
189.2549763334
468.2308509781
2249.0089175528
190.8840117320
155.5036837463
9581.7687999455
422.4161785895
1238.6013922291
414.7516985632
96317.5359144983
44944.0176483749
131.2802076129
1259.9202648992
128.0571170214
112.1565001843
2959.6431284605
1075.2277958254
5993.4778331680
217722.4403767826
589.7257631173
31417.1871883115
28536.4033624580
139.1541688983
496.2202545120
143013.7251018420
225.0184477624
12026.6470371635
613.2354575811
137.0665121070
333.5566211496
158.0135744928
263.1158845739
425.7665699343
137.8033857943
151.7601010000
163.7047904541
394.4668062692
196.0916511254
93960.7016823067
593.4964742669
313.6352782586
125.1415451434
3897.6922678375
892426.3463435814
775.3366112285
531.1541503155
1550.7237453849
10792.4610373555
223.3815919422
139.0502977132
217.3061645466
18028.3513391688
165.7142358496
89765.1890957091
7092.5135254983
1434.8783603301
703.2006043749
768.9129490010
972.1162795367
910.6583539525
1360.6022625144
365.1646768262
1903.3763688409
1989.5029150297
254.5927860987
555265.5130651284
157.3969684418
192.0540976397
692211.2701660459
6347.1806678140
580.5232274743
651.9420827827
144112.2364987431
2484.6509173968
1033.7363772828
1391.3820846056
131.7386007119
1378.6273360801
2917.3371625281
467.8947989077
11805.2322810465
183.9170341420
398.6456311945
467.7467702295
186.7700934459
1633.7752219384
39275.0646899377
265.9932166310
184.3910758501
3585.1966133533
59962.3637933238
443949.7014547377
25687.1591427554
129.4957986985
1096.7473936588
4982.5768810938
1079.3926374851
2311.5791701887
123.3571727143
7470.7935756254
196.2405855930
254.6072361468
766.7779501407
905.6548112883
563.6594784411
1043.2210285987
618.3266972193
2887056.6608448233
271.1204065177
1620.8900067538
2564.8919415908
2240.2377966102
69943.1698985648
13727.2081535146
92038.6734227616
649.8538392718
2114.9338007561
26346.5744969494
251.5535272986
1539.6149937794
2090.8123727398
245.7933079843
922.7613187063
330.5316259416
651.2472537842
682.8561393067
205.5130225841
111.0989873209
904.5837015467
537.3457858634
401.0084146310
388056.5106134351
328.9612948971
467.4754851072
223.3931604485
130.0066612071
152.1154390732
245.0569257398
377.4925557579
249.1350706182
1068527.9041041790
3358.8032967561
124.9803228472
744.5030521493
42724.2475541421
191.6034943451
6931.6899497407
3183.9765775891
117581.7636849224
171.2323970977
684.2406309204
110.7135782061
199.7080613912
613.7975400105
165.2513376332
131.3199954377
1380.6248261286
90248.0586257972
6594.5038430494
497.2783900679
3043.1058011281
127.2357045586
28921.5357392959
75368.5073963512
276.9687498255
19899.8345049822
313.2567325900
103.5752342230
141.6776818923
353.5339069108
132.4320124262
283.3095721601
325.6870879516
154.1297705203
5765.8945371314
213.8602535793
237.1182370340
508.3811134719
24499.0786335796
395.4956550884
154.0435273795
8160.8953874366
539.1129386094
209.0041919685
5338.9370627712
107.6835102802
346.5840999053
249.6004052229
982.8136704038
2601.8766258715
15497.8815852040
221.5356982163
801.1955119879
626.7231364647
1098.6934394626
599.6893256060
3442.8297399182
541.5196311199
806202.2267150073
238.4048868344
14656.5669063077
130.2962771061
2325.2454459937
14073.3502172239
166.2354747197
536.9383027388
13602.7242747218
17494.4785878709
416.2089637560
153.6107504818
172.6100559095
832.2771245970
152.3281512328
193.7190913245
134.0923900965
12262.3120662273
911.6952058284
304.0771602797
1499.5967225456
423.7946598474
146.9080469481
171.3800215726
1160.5951151292
3650.8814240719
763.8627792472
4411.4697196704
142.1335526421
116063.5514926195
375.9957743172
149.6410832134
157887.1958784613
761.2205604613
14859.4871958223
441.7045643336
171.7070577897
127.4696020713
108.9914885804
59587.3091945055
186008.6179329143
1448.5581224999
569.8632555966
1052.5670734600
236.8820931553
131.3175245662
137.2639770157
190.4241509562
278.1321884162
124.3907712318
644.3777276781
503.5408349421
103.7500432251
16893.9779594841
739.7216723176
499.4790572443
987.6011895667
163380.6841966384
600.6735786725
203.0227004439
641.1690137935
11408.3939698077
8887.1703717564
110.2972293736
438.6158351163
35781.9333337331
149.3618959831
161672.2872156222
30194.1033556041
17065.2519653371
528.9386285298
1301.7702767579
1111.1909463436
10620.8324018610
627.9696385569
520.8082766619
281.8604913873
1987.0664312088
2006.6696878907
387.6216171754
3740.4214749717
1032.7434851601
325.0921758005
465.3847800118
2221.0727955515
7894.8501832465
30846.3394164108
561.7788073557
113.8057877843
869.8280625971
237.9007897279
1058.2051953670
184.3549979321
121.2271909151
621.3244975950
307.9526707176
259.7240592191
104.2862344017
203.1379153612
536.5456640187
489.3375412790
158.3394528020
28173.9304375132
449267.1346159800
336.6465544793
1760.0316175608
9297453.0092626102
195.1119611381
242.5488492394
410.6547726974
5959.2932296510
278.5961929428
443.7477079594
158.6948805250
435.3264893816
384.4111186116
462.8165874660
272.8742800474
139.0456814935
115.7490888592
129.1016003941
173.2321795970
21265.7137476912
18201.3603058757
623.7089490551
306.6597455495
316.3963596290
3338.1139535291
543.6270075229
11781.8478533810
172880.1993478958
123.0145482394
6166.7613725282
280.4199050002
1098.1316786859
1456.8696875009
9691.5360524495
2078.7317497234
4289.1125096779
1586098.0817379849
593.5511364793
189.2424325965
13310.2946239776
112.9389437360
154.8292734674
587.1536940929
40124.5626537345
264.8889916150
119.9329930988
535.4480628898
24667.5465051071
4681.7576524520
160.9336957857
167.7847898999
386.6305241133
158.8944633905
4767.1766291069
152.4095402343
154169.5044573484
2836.3013551093
184.3057522950
1576.7787431064
855.3852072178
410.1386126768
398.6898222052
3346.5619275460
37609.6877054847
336.3420296152
17944.7056624282
251.7741715985
308.7170920263
160.7795824788
370.9340684587
111.3680176145
142.1950730946
955.6703804990
600.5266163691
386.2485047772
95845.5720430494
456.5325695761
120.2160014880
107.4016134386
391.9831557207
509.8041790205
950.6035485371
165.4486215484
5406.2526924639
1362.8459361115
490.4701404051
5291.7350135297
1643.9711295616
205.3700620235
218.5117383691
9851.3295834807
494.2746913292
1418.6954846579
1104.2986599165
104.6246061800
106.8532913703
5270.3620220778
1358.4081892531
518413.3739772699
1453.5008054834
19972.3036637568
938.3088113970
32120.9207514042
109.1604668166
7219.8534104662
887.9358830548
925.1204002867
286.3801580120
2461.2542552556
5247.1134327589
116.1238477589
916.4107076584
246.4517265695
312.3440552647
192.1652483178
296.4391473352
344.2215507663
1614.8800940634
299.8929357273
7795.4683766215
185.4580631885
107724.6647012510
227.0895699241
8725.0325367586
104.5641245832
115.2951308948
4056.1504840004
116776.6733214423
419.1870249306
651.2618050453
682.5419804344
461.1018183804
482.2885781005
642039.5321383993
928.9345298505
1142670.1661325388
19543.7703927956
10574.2548642356
3620.9334336006
225.0247451332
4115.6584847917
10585.8709349379
765.6883051557
5709.4352411975
1114.4727962334
628.2939874225
162.5929715737
4907.4876861164
207.7766542973
254.1957661663
3511.5273066945
24227.0431516657
131.6048671491
242199.5658155749
205.5091376444
705708.9810547631
271.4490947357
339.5849349207
312.7375594750
206.6874147853
1814018.3770797180
29251.0211962307
21781.8619703939
10775.5673743229
159.7592965055
104.1495909651
2838.8872957580
976.1936940183
300.6303787431
449.4704206492
2161.6067231687
503.7271564481
573.3903371303
128.3106971059
2070.4301565415
300.2660948116
125.2385906041
269.6852874420
115.1370261279
117.1449094903
121622.9896911188
4498.9204606051
195.9786294100
653.7733346330
214.5387323005
164.8942988762
208.8904099219
617.8861544270
993.3463705621
461.1083137101
11552.9015625579
311.0976408048
1069.3754703843
116.3301671937
359.0075649552
1057.9253852629
215.3758556370
263.2501000800
438.5216839007
2601.5028964358
108.4032253322
108.6135062805
2179.5594613190
7330.0205898048
144.2778220629
114.9515252694
194.9914188659
219.8955486631
1420.1643135215
928.7122609698
117.0488119493
134.9521163682
118.2867852091
401.7049195891
1694.9100506822
275.2864021203
6640.2895553690
42561.6981422857
121.9661302569
480.3171905365
1009.7546037367
3972.3641980534
556.0864012555
178.2651783576
24704.1195536729
10227.4011677573
744.4923246889
121.0771397951
13245.8005617847
1113.2584510575
499.8445306824
236801.1673052152
15148.8948763298
2180.1715769433
9003.4112194352
526.8647603566
106.5943704805
218.4521333596
198.2478661702
14294.4006129930
478.0941257464
261.9694443303
9450.6336608418
2838.8757357073
237.7794861036
454.2936801225
219.4945581707
1364.5360634191
449.6133100481
1032.6154608386
339.5183278548
648.4496643872
2131.9191162732
258132.9039936225
762.1077944629
485.4553981792
116.4308731980
107.4935463484
230.8588775987
95025.5496549379
798128.3137320223
20258.4106097688
139.7902764604
5624.6763787891
143.5316536793
452.0786596230
1669.0701844262
5034.1076833346
351909.0126748004
377.2317976332
81228.5170352409
1689.3123370292
949.3382708160
367.9915807281
235.5908275253
227.9360463661
47479.9528145571
1982.5841630561
351.2474667490
6911.0140763938
593.0219371211
436.9551027982
126.0369355137
338.3371691577
470.2690086741
112.9734117630
252.1421514802
775.2766883041
455.5122871960
105.2621542771
981169.4355609928
2938.0985348593
4984.4336941196
1079.6242953048
420.8595163256
223.2767304210
227.6083571446
139.7355524689
117.2604752155
598.6274142187
246.3950516651
5325.4448797893
1673.5253157574
670.3230124776
2211.8553660015
1006.5042530167
60850.5118989887
457.2717264635
810.7923519047
169.0944709351
940.1424679320
456.8074291135
525.3928381051
2567.5628515555
37191.9559844879
479.9404005458
1444.4733904812
965.8181486488
351.8276082670
3690.7261914864
121.2503524702
3731.5303578400
570.6207947146
433.9643972587
375.9334745443
549.5291892201
226.8501741848
8342.5580552467
355.9992887725
275.6428527734
210.6116656207
3607.1393951608
281194.5765285972
212.5127239921
346.1254428221
715.1423414121
123.9359370070
202.3350690934
462.8884740227
3322.8259366765
339.4483327297
338.9249357030
723.3304960258
188.1766781055
286.7000677822
388.3140162060
43550.8779723137
768.3439138693
227.9792152190
193.7326749273
338.5842484849
302.7515051557
619.5224423876
401523.0970023377
162.8097755534
135.4204212171
395.7603703531
562.4964309548
624.8364047888
8712.3540696424
154.8524973402
691.5192422925
209.6332335474
1064.4505044472
2069.0384933798
159.9231884962
548.7154492958
301.9359986501
523.2801629527
12739.3773933226
215.5322254086
333.4955020793
48458.6030211243
538.0830015472
140.5772675796
564.7006558133
442.2612329678
36921.8773417346
820.9764238284
135.9598750260
113672.9783235440
681.9978110683
33566.4826087550
3697.4864419611
158.3987498205
2282926.1151293875
2222.3180464886
2332.5905623284
137.8657656812
219.3643510667
1017.1254695685
468.6237654378
110.3094810678
246.6734257711
2084.7188144326
131.2357530180
920.8656191383
179.7601670899
396.9844124480
371.6956657609
104.8323399831
935.1422276605
7154.6158775423
205.5150471099
2228.8299498397
117.1235840051
188.4455599196
1237.7275599302
26191.2357596045
399.0188121059
137.6666060060
154.1046859812
14883.8196767923
534.3899317848
464.1515616700
280.7296782962
187.3488730583
1701.4645039339
1017.0923091826
612.2955053916
2143.5325086663
173.0971033396
2156.2022943609
1024.3026155769
526.8912425519
312.3631804177
638.2155616851
486.7348087676
1968.0981334342
3428664.1249711774
2442.5711739923
1481.1841860024
400.5313515947
379172.4607181420
270.1241112838
207.0689862784
449.7760766519
199.8424561615
8527.4793638190
1834.7615337867
457.8297800905
623.8301499011
2576.2811899051
346.5778544177
24681.5961216683
170.9523543585
1425.7702597276
415.4208191625
3793.3946076580
189.5069527543
611.0047229084
13116.8565609978
201.5555478920
209.1518022616
3539.5840120450
299.8568493427
9533.7339517175
224.7827049878
285386.7647300874
2148.7191312464
805603.3781920784
153.7434937988
4261.4490840661
143.6637943144
53244.5215184513
198604.2423971274
13103.0774411630
360.6617778507
11850.2010332062
905.1935739259
13098.0009276191
118.3433989757
144.0525571727
224.6547679530
371.7427449208
1131.2732072821
148.7616054254
1149.9092506467
12903.6505763971
123.2243516324
960.1436840440
449.1573821791
112.2345047711
1429.9325610074
931.0068332179
566.8418860504
701.4066513261
46100.6895052491
1235.3999919758
81369.9909849251
171.3832909527
1817.6578171124
1250.4051861019
1966.3739941891
244.4487145370
114.4834037104
120.8085868362
2490.4329821595
1297.0974394378
435.0154495766
192.9645872197
1905.2504452404
74207.7647162385
436.2802338744
419.4107846993
1091.2248287142
13267.0975532437
313.2359389135
104.2635753912
381.0323393011
5109.1937746143
948.1759255477
2322.2026365068
169868.5938738858
323.2458015385
229.2895088687
1015.7871110501
204818.2550766733
1826.7085611872
392.3082064760
5550.9112490411
146.9526426170
923.8227508777
212.1401744285
480.4471721570
415.4082173150
1679.8364015773
395.0667871245
252.3911556377
387.7280092274
1103.5376269894
523.2545210930
228.2041218621
51287.6824521503
380.0065910799
13157.7363821621
2380.4970949301
43504.8349909682
275.9780360330
347.8559194760
819.4902500299
184.2768980167
5571.5573639988
37537.7143354372
183319.3320300914
455.5333432441
187.6029636580
280.3383237033
3322.0789477343
635.2060411146
2342.6662427779
6184.7207118231
2447.4261518224
64404.5430493254
485.7692537389
3012.3572416876
2310.1638431001
2968.0518716471
609.9100850370
474.6257356305
255.4515649206
390.2972477289
150.8734744913
322.0356743280
631.9550955673
2935.5469340809
1380.4996863917
174.1664165173
1713.4507897248
110.0847398458
2058.0711218553
397.4917184702
441.0926101623
216.6668827382
29036.3478407602
474.6375310831
136.2089126374
196.9322127074
1722.1497376729
419.4108622494
345.2524863868
208.9875138898
560.6892633703
5667.1372800632
1322.2362211730
103.8852582946
751.4386849592
13260.8969186981
183.2024693583
455.5828965910
1875.4954132559
184890.3327367634
2787293.9612917365
956.8547939156
13560.9780873624
3086.8344970983
124.8290418094
297.2091856069
376.0874617392
399.8920600901
859.2189240004
118.9595135867
640.9971694389
461.5092843575
1918.2295326772
777.4525510301
119.0627828926
166.9095885647
136.7237911606
8581.9870972298
549.8533586410
904.5985470500
389.7840733810
828.7037426785
12373.3853967855
129.7918993114
38926.2964441731
107.5516305953
1382.8096503499
213.7094974894
1311.5649005417
212.4865292052
68791.3922506321
710.7103788575
190.9129415886
159.8022343561
128.6684097086
855.3914015760
192.4379800378
12183.0106873176
9474.5736741426
14883.8789661589
5771.6323191201
14254.7712389910
240.4862330680
1906.3347737521
131.3857948967
616.1640950749
434.2806452248
778.3215263617
120.1443227735
881.2559384809
2484.0533128634
406.8741499787
11158.9374703127
2804.7433713205
124.1092253232
137.9407999087
231.1539935635
31647.5690003533
200.0870068020
6005.2263013268
3270.5468901150
518.9363681164
125.6680259375
897.8643879146
216.5323704754
36445.8802953895
181.8009220904
396.4932092444
110.3962494083
3128.7396650778
182.7434040288
1661087.3364502867
414.6259261009
135.2247822050
167705.5027469970
260.3919927553
207.0003322516
13419.2666344136
189.3377985672
1467.7404057849
4141.9532757785
3696.4878165919
92375.1882150634
1729.2456058582
149.0077555471
1009.4788746852
19971.4232046414
141.5841144681
238.1831679650
18031.0087721043
288264.5932660143
549.6297373301
202.1387652317
111.7862805334
3537.7601273952
288.0670581217
1235.1781059815
209.5571944752
314.9982726643
13407.2514804840
143.9519054773
361.0528588161
2263.2554523665
440.7016353784
913.3434396926
8351.8711335073
46562.1554671412
237.2900641774
417.3730339434
452264.5095509860
34595.4922011974
269.0563887543
3550.8362477577
783.7681922596
15903.2490837624
1299882.4982849921
158.5252971295
1535.6907318268
205.6145010429
379.2856358416
455.5741991122
864.1450410882
103.3614262618
104.8797125992
261.7953216943
5645.7666428284
1580.6084244604
197.4951902956
361.9807673812
430.6507044140
339.0274778999
510.1524595806
573.7551524264
183.5405777012
136.8028450966
254521.0881088001
184.4284515578
163.2351772353
1126.6189722950
6929.5728180387
133.6916004037
130.9937929840
548.5354318120
1454.4030244789
170559.0015868220
28385.2801231180
435.1518340711
158.6664637183
346.8086213407
52079.1792681307
1041.0475626763
271.3708316884
2735.6164689287
197.6903025790
260.3067329629
142.4699976367
239.9092693487
4725.9035698340
199.4336050796
2829.8489367704
427.4736436484
188.9956599757
4156210.1106860097
2821.8720484119
2111.5243706576
612.5746495964
48669.6945430219
39856.5747923555
518.2774393180
1014.2487086010
330.7790694771
687.4973922592
1809.3108238956
168.8114756385
267.2048474007
232135.2937301616
821.3067779003
19597.9315566894
311.3873935626
106.3281606124
4114.5484104410
16073.0216020434
152.6159040800
1253.8204649012
8391.4835542320
282.9959640714
337.1692025921
842.1820952392
2473.3429479469
214.7112414251
223.1056433330
125.0117343279
489.4824246540
292.3651242725
759.0474487408
655.3533543438
4739.9737955083
238.4006800486
248468.6274153691
206.6091275261
353.9860387159
188.4513602369
1057537.8819206762
436.5046355952
308.9908823097
36170.9754691400
2366.7836816710
1782.1120897425
775.7099690777
476.7144892401
103076.2855391569
3931.3803621052
193.7059161944
201.7962295555
652051.4499570497
447.3563036628
155.8892749097
383.5526388261
8353.4911169024
272.1311733829
74422.0674127750
1328909.1223085846
224.0163602972
574.8467251012
281.4421358070
190.9550497431
7611.4999266810
110.4469914501
570.8928465596
464.8336660901
1191.4815375405
144.6147336616
10909.2059661588
1167.7540364990
396.8628707062
115.6213498155
993.3578066185
393.7647220738
2844.8893092568
86617.6272568574
821.9179682870
321.1868645675
3613.4113823924
5831.1184149629
1203.4109393393
122.9820173272
615.0165696471
895.5037742361
189.8215585669
197.1427477314
546.6683752920
976.0960980077
163.7858951328
479810.3521343647
10374.7517478762
1213.6529955900
308.7139862165
146.8176289074
180.1952686917
16540.1511338454
1592.1002930306
142.6239762482
380.4197113137
381268.4154040830
395.6290337234
3618.5658181812
12057.0569551126
171.5766381360
5077.2285009287
1261841.9144877885
972.9879950954
14817.0320786054
140.2950286548
191.0796184606
18315.0942292644
6431.0837741599
1006.6800170673
9025.3965960824
114.9029911107
278.5127908354
186053.5433630808
198.0397675959
161.3786140636
254.6699142387
799.5414724333
41553.9944963065
275.4903997023
257.3415210021
2920.1486128156
148778.9333525774
684.8871190771
177.4319717091
1696.2510261013
4865.3028608454
965.0162035206
922.9667722262
28166.9353654754
123.0097068813
81191.8585066921
106.9752463820
