11435
39236
-1
234963
-1
456424
4770741
8121988
8801002
72112258
41607329
175801246
2225270422
-1
-1
67380701386
24393825908
-1
-1
178714863060
1498800083108
6828180028740
-1
-1
13078718193465
-1
164254258078324
77755895932869
392972624930041
-1
-1
3643239579849424
-1
40914469332447686
-1
41275784075373795
67856342881222062
-1
30389230350882683
2916628315445896
-1
-1
-1
84689808497725923
98019811495146674
-1
-1
179971848411013
36057551484311091
-1
111532906089008398
164413835431180644
-1
226716569157609720
-1
22805825422529215
-1
4428783235030472
-1
2237072349373220
-1
33571984725667789
-1
-1
6465933140891736
47307434506304371
96286597995590905
41597606988982648
295971003953539361
3846014924175066
-1
-1
-1
7287316243888571
-1
-1
-1
-1
14410824405703076
-1
98606914861360181
5835024292558353
-1
29329761288845940
78023541738790281
-1
44906119341937555
11482127475870651
40328458902438147
-1
-1
-1
-1
-1
37770648503036131
-1
-1
38449621935911440
-1
-1
-1
-1
44167040706846091
27964987069423834
-1
-1
-1
-1
-1
48533501519849942
-1
-1
44513327455945525
51756867245680486
116111331885996309
-1
36854452947756416
23670657739117253
-1
-1
15437408510474188
-1
16041825517769454
66303629056491976
55345944153679849
-1
-1
63954420596228030
-1
-1
1667092373596113
-1
-1
-1
-1
26697009149656266
-1
32398126170048546
7307501377757253
7042084563076596
-1
35287531393996769
100230024022032375
3036791695788924
48604943710688718
8926825769058207
-1
22992893412524561
-1
-1
116528212282341408
-1
-1
-1
-1
133128352016869006
18354072108755115
69274185968346604
16939908009933726
-1
-1
623589008738130708
164741108714550462
-1
95249637639546450
4121097980091334
84827985717388486
-1
-1
-1
22286536597148443
36880233154425859
206305764229685036
12431561652933336
2060765945475562
-1
-1
-1
-1
11229090824675643
-1
38458518894818508
3991630486135019
-1
12020503557066655
-1
-1
8674393293041805
48494276480458777
6275100361964881
26863565987102263
-1
-1
91058354042157297
-1
-1
56057479445891581
211328320330726134
239141944000620368
-1
