409622449
429095271
123907412
358617887
986455585
192196125
87280237
362026749
268195484
99838822
130486596
684896366
559567987
166475572
258937093
113530007
950417349
398731047
5837900
818380947
819814934
731537080
533462586
275214419
720036380
909245087
459782113
974911166
324988118
691850355
240556712
11769056
732110411
438781827
178743968
4326005
603989601
893650864
139663180
94812790
840269768
235566533
496983388
52736540
182146125
122181315
647430125
938488232
835113161
415727284
796190605
998958926
28596152
877968278
889004678
631612857
212993586
66173112
9832506
289914956
138948949
48708761
708335665
636050612
889239343
272966108
979402529
923752692
719631793
218455933
978412633
640507952
652691737
393918102
665506799
897062947
585033585
989621086
159844156
235504852
673049373
863692651
307108643
789510633
692266865
373413614
304375052
570648039
149386142
192703564
230222600
891349872
809171255
8056758
329625143
376016679
377149250
307734600
149798352
500847742
709941888
309175367
320315654
222278489
965665696
695086598
45404672
202597656
429399160
566341194
697072385
804283986
661039826
403802452
314942247
136701935
822133257
294761001
301973966
996399421
629417543
550128909
481880816
93533742
198933389
192947872
904213702
103520166
567354593
869010532
739560057
490514316
577578201
857389989
331910472
661187627
56439333
423333993
594880817
218979878
749913233
869140927
645984100
804945165
411727817
646974117
252374135
964807354
619893433
669914048
197367582
932837909
163358309
493060499
490407368
23844883
489309483
681920479
355277390
12435919
851383054
336398657
236823686
813064857
609069563
52937138
269665045
18085357
358025369
938518571
479108654
825762009
98997607
526887532
726482126
223035341
654091817
304983193
44720521
665109731
291778438
798897184
608896666
176864895
466529429
8663171
616874275
873216399
264280320
84051638
181129976
575845507
192618702
243722366
751112886
394689886
295149868
74185732
501054004
310943553
612883336
78621928
42846926
648878979
894757168
504102068
286554371
947332132
925300697
800934905
147774362
211026180
819112025
800696903
66146442
989618742
434880254
461711435
40835542
170412778
394114549
206314675
916026035
743159103
782006853
464861936
487886905
692172645
654094339
991765032
487669825
154912855
806436663
130498078
51198262
62625049
194941153
429391387
34621681
885597750
410677672
490318429
775869516
262333484
783111015
292106361
211696588
651680701
348929604
658110985
299465854
534847412
723459810
779478400
882367594
708539368
880085697
24032306
378561829
251170273
348391636
554009043
37696243
631530902
503573208
201603941
106232266
878670019
181112196
628894411
923607398
431863433
752450985
565729851
898341281
59114116
851717502
576208149
685608360
274559844
467240411
818402712
639287576
577817481
873054476
918373026
7893471
113236571
854450750
465065061
259540378
972238613
106512544
338750044
834073745
395995107
756056632
512875835
991745743
244958054
443223107
713545129
164317353
682122194
228272420
466960010
147258101
878095858
463243162
374355781
13406032
146023404
887451277
837683934
531567365
146885307
392454811
989396053
523207579
170695935
451201802
707079379
645619047
39462923
77152246
466939128
519508677
709245654
447114504
722773571
568363742
414408085
466825151
233330230
732694965
812525940
341279802
683963913
834279956
228847741
571375760
233709875
800447145
124836201
26555607
894312591
503847145
348724230
650463656
417737034
812556815
312586255
863722978
454699970
524959629
305139638
921741187
659038809
25146801
406207343
291591724
638857903
444896426
516262991
679431769
929209346
948288261
663711201
833749970
911759886
76684362
768551338
217403787
716840860
573577810
147607965
926573445
999302614
546643786
581325232
122580526
909518520
979766268
332234147
427580885
862784208
169261268
196486265
635863626
446581269
852234733
39000266
110850886
406357407
753857415
147079138
759851525
838097300
733403152
278663760
954137859
512726256
728445208
921372941
112455726
238636714
780909079
296454876
696738758
599516138
343121262
265070305
526781718
333736926
813864203
173841921
146303040
874131366
572618464
45816862
569112183
692397179
139172482
731439903
905836347
955924410
978938202
88583097
519238477
543175557
125619653
448149886
533423723
242218023
707156483
34877012
587240675
134975712
668643011
128058049
607536817
462816002
512790697
900377644
716301103
175703741
742602501
704907446
503913803
792320480
234544330
259435943
220122166
167600160
631107308
382653270
622650687
357415168
652275475
990914578
962223509
344034060
63173030
126141341
148579089
816187549
64866509
234695587
885365864
28948761
309979021
955673392
285166040
370375990
640049029
528396912
888502509
967300816
256599253
336150345
57273166
906897678
710140201
442187895
70407010
150005887
473041392
976512659
27622638
791636375
247342243
112873632
902076193
8557003
289071462
976694849
901481689
30486974
602070120
324885605
841125976
129639446
992077957
718439830
956148077
820697841
56209887
953651598
566494346
936545514
738829706
997383286
358817040
356470055
262241147
305100435
179776820
773602657
173386626
946586037
209397364
358278353
847953525
847724119
19714755
465080402
523950648
190958048
953821854
191752560
213630063
947949021
936503366
163053584
591027089
480645082
635914845
974566336
123227949
996746938
92184769
800385588
66534061
946530461
98449079
285000852
197208811
206346051
534034983
240165507
806209549
353505616
72911550
19789443
423635233
698511297
379370912
644400164
209164742
277107107
277537880
921905397
821944386
264142942
188226732
594139217
449370097
817993992
476634689
121687619
807825853
140458901
400739713
541717129
483021914
563553944
78480270
191708517
637146466
767006535
678442823
571987980
156839581
511264415
583997855
995957411
776710189
108989322
776934852
551658349
7198712
876086150
76215533
583928829
821814552
800756656
780879112
952301148
376205414
351984318
740788807
474771375
767116612
198828584
961070463
229721197
616256426
225471734
271933288
623737052
159708305
901140921
111297011
144082834
13415857
693724223
225359489
814254024
621326718
532480992
207358912
76808916
151841886
472886439
879828066
868086155
87987621
421415165
26761407
6652066
644370736
396404457
936132619
442167023
581650284
120715858
184678524
235290103
165378063
46118428
233843066
632968521
488372819
230766989
25564810
714701575
947643273
639421375
631552529
268926838
105210181
710910023
669035175
930164877
906357363
803032646
86523469
844871351
212030889
687756161
311031755
394457728
235239749
783093762
845356009
678734735
890241782
229396684
453065662
961711177
110112008
898770500
996177221
692910311
730815816
269003951
725879263
668635300
382344435
49565415
658639603
448740583
386109962
548948912
877917460
262598270
358372551
79716438
130297048
73865921
746481078
304629811
220981201
371697697
418356318
99621467
934041931
574353580
60641102
235300162
289
88145
25473905
384676208
171423335
153461744
350443708
5185
25552513
562213206
718880470
265735059
893419410
786712870
83521
977093735
845269686
174960893
908641969
777460041
239629823
1424481
582022775
717576731
674499153
429275699
581432595
134514952
24137569
619352511
864938118
774994884
356251552
357818660
534779436
410417281
848356272
783997046
805302990
554653856
904495828
62492450
975757399
650646015
822006379
199440736
451765260
491935318
7851221
589212007
957708563
247074275
773971139
778269303
497383170
219499141
993886344
777197329
479254534
312745163
481922064
823383593
227906071
918785448
833131476
743406848
803550141
548338278
683612211
206419609
233151407
935985094
69543578
858042596
122955713
509955641
374458769
349774995
413024402
218657180
648424708
531874263
538921310
58432451
380756154
886143409
941457115
734311553
800891682
148062293
840471726
38273295
118337166
314571941
29725719
997453522
117669319
52143931
38527736
47338763
350663583
59503719
560602383
595387210
84084113
267089784
921224144
784426388
598071373
389450323
431787062
824717647
134515627
932791976
633883280
564557210
548928308
472242838
5161139
692776318
869594280
827157218
317578678
922915887
953367583
662974714
875015937
644672675
824729455
68399658
416394016
465170670
825745568
777452223
528971775
733159953
218810580
170954923
312436180
481432181
879604029
490774513
943502232
282293408
298795913
361169467
101179731
290352066
255564163
570630974
108721307
290397607
618946105
133072316
205562603
745345355
235253155
692740863
5935091
422906735
664294549
224986714
103775184
834792398
904233868
409994764
717029167
161743747
407591854
805709112
445970372
793273206
498742066
918452694
738277845
346243732
320879973
529034822
639849708
687071193
375714397
383737256
794044987
670997818
941221223
377201168
444341958
881069022
222833669
590863110
627183068
713947739
987686443
812808058
13230702
667505776
478999640
178039213
335918294
589327888
217945412
335902535
213807056
708666991
564219740
828332061
166423464
647792163
427663071
931647799
430894994
448886433
500255997
158982556
34191155
555742879
835979972
941658625
598670619
729329022
469985569
476933333
925244881
359708266
528652398
413275224
672234600
536561938
213644053
904932863
705191006
466634825
289150719
829935329
242146807
371491419
209603456
335646622
780541958
422424800
191716454
319445145
206511551
912576038
538275230
421463213
659862428
719281530
939874315
205545980
769503686
602192306
576624287
256777936
226880881
699500320
452829750
72064699
387864828
390863101
809925264
527878117
318063815
652882978
284056650
831516982
644417781
872728476
982619555
643765428
692298073
236418111
412367460
955357101
532611431
604837231
318472360
533930805
253513449
290348454
236737407
268569940
748681730
957622442
217152530
24976393
473643029
28869089
208589252
957126237
342233256
258409506
850549426
743365838
417110147
186257801
211176621
210460393
847411623
178820745
711483893
164536816
934415352
36854715
468482986
171136260
50820996
251999267
544831643
853495062
666769075
134263510
236189874
556450001
169980681
514432083
718660008
815270290
699822927
238245309
101018803
671668714
456343728
928690411
346977921
490340783
338311451
34910454
613014350
46844947
364603907
660335230
350500284
280601610
438670812
210631416
883336475
736825873
788561527
841165011
508854115
315330623
30572652
929747601
154994026
821477403
835259894
927565208
529294273
197247802
284239490
657747303
644891178
154107796
33439393
934852983
252843739
353540917
372405932
535390199
78445427
136960690
581624259
475089809
145212036
575052113
550300659
997557174
248945115
558493908
906576436
333588109
118952254
935046021
168883058
616528169
978268219
716082393
966278117
317661705
1762621
250589792
658205654
676070021
279128823
131447578
331731474
730384219
702546807
336464553
847913899
997577869
254373860
268338912
355831492
449152099
349964276
232378117
187045194
304590544
714841970
141529800
204396022
497454814
748696930
257544047
514045029
214635219
602951189
522309681
237190898
376354609
543446163
402759621
151452090
849221620
40987540
698696832
856680488
315594093
559012345
619132889
723794230
559936224
437606467
994287758
313638621
791110972
844840776
168034958
676427728
507163062
486518276
39945965
554566578
154886660
412784732
328911459
5794195
307648803
711223940
321951618
884413541
241773938
53012918
237562935
645927504
16861331
269739922
327087433
47000460
385267647
323449086
723526071
590359414
789016195
275213019
35803976
879245079
151987443
490291402
380257228
954836919
780808415
89060513
171856585
982596545
32679697
978907083
690665823
600955480
123949364
757664964
443836182
114825930
185601036
947867666
124998365
656992741
510918794
394330997
851436783
599412748
907201465
253700504
641952493
553547330
781619217
725484973
471300559
933753563
251981902
156993847
822771060
430428959
751807896
667510376
362481703
578688835
714452294
384987547
84417788
239105747
888133199
854777824
964104208
254819155
543001127
517590422
655377339
807916259
838634002
348441180
469381657
294291490
443052507
410665984
823824740
30789407
69406245
110687876
923273622
121132825
468563110
197988310
749408448
779007218
265454957
305530153
252600600
6124519
291708275
898138567
256460303
416447592
949472889
962502572
525809884
424445304
110160499
621604729
281139106
206464592
280154527
909527063
702686883
562044050
921852660
902820414
83496119
553542478
566460202
867269019
865433213
656557013
374610196
833550320
236592866
159323020
35380105
430729316
254802669
565087558
406007274
196889946
58401594
460842758
604033530
902967558
967234889
188549500
175691931
540906930
238844228
480771456
978714846
226468670
345200205
7611652
263879701
170553867
960913187
855293923
943488358
229883890
646665538
778639821
129815703
942949818
129349636
870774750
749338837
23359261
594936320
738624130
422721050
806956616
121550748
870575190
900568046
837611335
651149108
512495498
831634485
560586048
654713795
67229820
811263635
718232531
386185713
21621626
430868448
26785096
407870345
993845655
670176715
111197886
543480375
359450174
84805951
405407892
317806991
307844771
344323241
187315792
892846831
589583609
175265304
401677082
11413073
136188830
465958387
110008921
182574894
27181393
9963256
168132292
32516321
635592013
378001153
444241918
424666372
614576232
603479536
358571597
12260796
171436601
205872999
513867940
196751585
551884542
289922967
991316065
376152030
113998428
394518360
467432558
105362740
627190812
938694089
778328147
892659260
199645346
794946069
22237959
963743333
591794243
841824462
609328616
518324745
479074886
655573151
258143401
143675084
563099266
247870444
973637218
848914100
396863103
513930937
684571510
138676030
933172411
578488753
731236785
13453128
361
136819
49391659
874958562
860038677
178092823
291508655
6517
44823565
400260404
475783011
17130242
141819226
716113147
130321
985908707
607705559
174119426
417556909
850629354
867266656
2482597
200475856
767223561
124360659
718306215
988304829
565618534
47045881
750398814
58862923
73336540
109640466
264080065
225495112
893748277
87660646
887891616
206188712
531468109
515254625
830164089
983562929
235419441
312653858
885126611
956959614
482590922
428520779
690041303
195020250
687651863
368745572
443705387
600804743
140663264
66214884
24310484
866775851
721574474
758818233
418957577
167787479
213513007
594098473
79095351
665955210
64328641
552327646
933817461
903572963
13803933
554553459
908796225
38318831
479624090
93851171
14712029
324096723
729881624
10411805
8278603
396963727
312173896
189837361
796249237
792238593
403148709
471388147
142845588
266591265
517218648
595300450
115937914
32066334
361092138
118812719
340179535
531286845
257357202
931494232
605111189
227595421
448885350
698812597
798582588
629978112
2869833
268587815
856451065
975952556
815724446
794549708
365615272
574444041
636373579
833951873
257994594
893351863
717924988
913962433
737739678
78516662
29792941
202008384
370370429
832442586
119609261
839414059
497211973
696979259
875020997
448145090
8276927
583234801
725804183
872775413
169121907
120947127
690717734
511771446
319446804
658772327
799395480
861709641
876388341
391537411
78167237
982312621
542796915
134305674
166943565
958465522
27396951
749490718
926834033
997431201
872543728
607372764
661361740
900537953
504636766
514709803
179248501
295241696
391613672
357677888
132878242
566147308
302638934
580722160
578236339
421056804
462411929
957884270
734847599
608280055
126630369
548264340
644896556
981078204
436441938
379176760
142854133
924380318
177479884
909222118
787286908
876211808
621430868
91702121
703761720
222022620
935098035
368511161
370682242
882809408
288412581
110068682
377996993
280215051
431508367
351739235
849001633
611936481
453143982
605391774
353749522
640128161
863423206
694194062
838215132
239758443
490850645
702650790
466104876
923475674
752850234
249454134
823117838
10628147
943481320
259495440
679156402
604054632
759464758
699351649
194818825
818278916
988081477
797265148
776938215
590712895
973562013
903858004
281412509
664449707
896249208
63720626
296380911
51171247
967315924
785582599
593162683
216022679
512586533
925026955
28649368
777103271
63714500
761306114
651365254
3145825
271486203
78574139
971671630
884047794
163727907
339432862
323772443
404916489
214577774
514377641
336634471
905431263
919749661
135642818
387759016
266970013
227729464
22360490
656294834
99450452
561179971
26246439
732641906
663350536
475325428
689253168
876490630
967056962
613300514
710202779
602209563
405530984
750326640
906807515
678719735
29869848
730579083
824759650
860304378
425062266
163399964
107560839
941493678
210000899
575394529
862020412
246782761
638087359
255541892
890309144
682491748
240076410
955273377
758925245
898091478
829462613
479057151
463275612
644540192
97487780
852000836
759824630
733956235
411340159
51968606
404916366
631546432
247563672
969051005
436001200
918782236
630552122
130250142
814645881
79708816
183307227
774855577
755116410
170236312
379853558
651682920
195340767
670500570
396432101
738943107
376892445
59035258
198192761
513221535
974292612
206386106
454958763
934073808
444660768
754088423
901670506
872056270
111987460
125237529
671211116
914870458
103278554
122768849
470393543
318413200
28127114
638273303
833454600
639228980
903210070
784214058
427472780
56307552
619944945
965797386
620188450
101372328
561894470
499604786
472996038
371725611
412987725
383895007
390852547
383931199
317672502
538634279
875130979
351617646
570275500
860617903
598240826
860959134
401222658
318221660
273942684
635908723
497421400
157614364
679772424
432105509
220549967
732313713
329803664
119691265
771136620
237224955
213900314
715696204
153329018
275499947
636245339
86881590
397843349
396760731
867787807
510070164
850243096
856878824
641016810
449592814
626833273
13485759
488637220
644365459
10619373
191279569
621447988
271928658
210713492
97034810
18347671
255824057
391777908
886696273
883499912
147220963
597989904
484591186
413894977
514144168
342722100
175198699
618236645
908892795
196785985
572501207
542113002
7212883
649651170
937785963
42139762
987624613
923789464
746034344
722677239
121016616
311811553
219598634
396398995
767610273
836534971
316499905
28969920
126347649
165237969
84290064
238915490
486266677
886481459
606489234
260622207
931395923
948035187
488612864
532864889
716130908
761227423
85230788
69386159
49488875
390515856
921269939
19804459
950017431
129822762
539008652
674455850
242487132
430105306
789602026
747763450
634361836
86849226
898763086
24840716
726961960
149409650
46233478
717908611
596709243
524316124
248714951
518554259
985754597
659253874
794425958
215972863
956365368
230999800
771064256
936883279
189438840
346781800
941921408
110043955
608035958
93335256
8328237
164468584
23032208
460831939
8672461
702909840
452846030
214861353
557337135
64992185
628595175
844346119
973825673
222253069
138990529
698100063
828076659
942819378
714569005
803624958
644532960
564947894
869934418
926942401
336892175
439043789
666399964
588107045
658137773
306777929
833358270
585901952
481145097
954832053
145721078
946188313
422269265
685276265
261361791
377866293
876884872
925013459
419148531
272519297
386550463
182108938
971769010
762915966
140753710
573978606
171158008
149889610
923214189
532304211
514202990
335241349
515750010
830197552
687485871
941144090
743037620
704241345
49401967
206275317
818559632
392262822
505515237
30577924
985978687
792487331
326256192
727688680
889676375
996664305
83923583
556085265
752680368
465388919
788881139
928742982
259411974
310423907
262706142
584216816
108910711
558209544
763300326
563298038
550085580
527543
663442433
5398583
795378375
143785213
186845156
75753055
750200259
336482871
38668165
484544893
417711500
200316437
108133031
292677020
695199357
948888456
707330960
817150521
313485123
260203204
542340602
855545388
243073859
292365098
24063923
548914959
604612595
782434963
953920173
548730222
305579232
640185598
377592105
151723924
335649098
770374142
356201077
787914208
363897726
413944124
496398043
488924351
2670810
91608756
766079989
297526246
138474329
928826504
198287382
268362772
64354692
806878946
110941818
584264623
156074287
415658057
675934801
70760685
780312030
370032659
503863650
771024098
149286377
223743003
192474552
135917452
728333067
279707736
314765882
623764511
117993286
544607110
989301703
617443171
333532608
462133284
594625713
821757714
235125663
676847771
650184636
974425286
438964901
737679646
962472358
517815566
804918994
438224703
917295989
806206374
934210439
120020056
4554313
9
603010827
106149043
389648688
847088740
994776503
414690392
776740044
172254492
425164510
801390130
342701409
102044126
93972773
319661831
429638651
839344423
417266849
836425976
886378274
765663705
936688313
429747806
427660812
559796214
988596265
211966724
408982328
223449554
102842111
494960650
830243720
663277925
732540505
159383110
271427321
720501045
764274835
657691241
507922044
562213007
359426162
828635694
468254672
912916195
592997534
597826781
19381119
920913901
776762331
118927079
363386504
983283408
678435087
253962348
680101140
126600045
958434375
83797097
169410823
371743521
152794850
842148729
548232834
167824436
223315238
353289933
945745
934401817
124841873
334897607
43343403
645893776
694667872
261769754
816985797
256149986
332709134
551421212
87047314
6473035
537569658
625152380
162391946
605573132
500962007
507450981
977844399
753494605
580796997
222692930
902862999
742856238
594329491
988197963
337855444
118948614
449996669
423277419
315476299
451309890
358297136
395017865
811083076
776245510
507347380
345943493
584069329
903729992
220843334
521978408
914425718
820538041
66887317
175360397
482474012
487042568
238562969
644113701
784603292
283388965
890386828
869649479
81245545
182239498
653557411
343629240
193066619
942823389
432562302
106444188
529480753
612011508
356726690
728785104
706157853
514592182
252400340
202005878
631951314
786088672
224017942
600235913
672498404
899555446
810993207
12126664
79863054
268367795
54804567
128526776
265174270
614391590
806527853
584904352
807794632
684627126
292149542
22333591
466001445
813382465
257902462
502610144
196334789
302834413
196436119
784201487
716092907
907049271
23152720
124337157
931579299
367722804
204473431
134311666
373104392
757444605
930418427
378896463
38951919
78283327
122134219
235296459
233028494
843895600
535019152
198616312
738259677
185409660
623197405
563378016
613768252
910390829
573095436
74262915
570204436
813052021
243913980
107787989
357584916
418094069
654555979
581006158
250428803
390117221
938322783
175339059
537719640
915275485
583379919
626620169
557916703
718128926
128463808
465386995
221256980
455140499
264329538
685895856
173967176
771743165
76671535
796692509
866027714
484546856
805707133
788058163
563665567
154843031
172305977
526536641
92290015
507020256
51562353
111289393
324610252
287513767
249297792
288255162
785488347
314840070
783968946
4815065
60414459
631266442
611629769
35197468
860911632
594863891
514748587
873954179
407152969
210579980
494345760
582576325
502990257
575370347
810020319
248129390
760387261
993766356
608170842
421318555
565663048
744142636
145784750
292460909
779799334
365138956
653874492
296291040
259311797
787958463
695611603
608782943
134195973
913154172
73152842
524389839
158918320
382850036
804955653
169979459
755017131
9037954
646348445
616181823
714109088
286681768
807248654
560347149
284318249
363220669
710558069
41134856
190664504
186061886
349223198
431918199
347302389
750439885
313416198
575230340
940403290
897141750
804010415
204312694
365951982
397210767
412252802
924900748
919483874
988051454
920096127
212355432
510535182
787183951
934136994
352857748
566799299
983276102
679218666
151085993
558850908
996539556
368448467
600738234
259169086
373425839
118413618
277222660
116362388
184338938
590466875
897629101
314334778
372116153
490540980
434846367
557926061
810156261
987791719
914154505
882625650
181746033
709714898
275653411
137060657
314106626
94252213
97683190
820341063
105240406
884728510
890848308
436365786
96515282
728056508
31540335
175395202
64706166
642370126
695212016
420386908
916707700
713594084
66199445
163583863
213710554
607653488
93938574
816493982
947046863
134184554
770622471
85474956
126342967
173907044
741909093
300620321
370862675
689124171
181357112
196299176
70415364
28631972
339730902
814298715
526949784
625814127
605503124
688670608
308983789
247022675
404082164
554928033
488314807
575579167
734755019
547338001
787504847
832417478
415521353
635759838
874614216
325203361
806720674
702267332
187831210
765893712
8589717
487648806
828688948
603010827
713859446
593155146
16896335
125602106
46159784
274276512
