89
85
142712
285870
96357
63
154
182612
69891
187777
68
119
115000
160857
76967
157
175
71642
142244
42655
68
187
169134
112822
79000
120
235
228958
63664
207111
288
98
219040
134825
141855
273
59
89848
224577
11196
254
191
200818
261556
93217
318
202
104341
53654
219754
167
142
183884
83871
207372
122
268
74166
66085
107905
182
170
277713
197563
92540
229
99
106368
273043
23096
176
328
44076
114409
270825
312
122
43204
270482
98104
164
79
9132
84772
138000
184
202
114820
124844
143668
438
261
30917
144653
141416
236
268
189240
267060
166736
186
220
189606
73678
179386
256
457
207058
67758
77934
437
175
195468
136762
114326
239
234
210999
153842
140726
187
483
136025
136696
187508
301
176
145850
203188
129052
457
360
97992
142382
102114
177
92
215722
64888
246000
247
362
162595
213986
79840
98
102
199620
93945
34192
428
240
206525
212860
167767
320
354
101778
95694
141783
406
280
31334
151032
46102
476
104
172758
152167
35964
409
316
104263
223825
143531
157
347
255025
214782
211088
428
242
77082
249363
152511
231
374
307134
74133
121309
492
156
81090
65360
74542
537
429
309200
231576
168430
232
96
217810
79014
124047
210
426
121293
111060
80574
132
312
181054
250345
133928
495
57
150976
95215
157932
417
579
75450
135143
66416
48
288
221917
62010
63188
522
276
240456
47810
61414
162
442
68569
184493
120286
420
159
230890
223996
136838
196
261
64266
136810
198385
168
399
114384
190602
45588
363
310
285512
33957
221021
197
490
108266
117636
47913
313
516
153000
158171
235416
210
216
84936
119070
145830
212
222
68878
167228
40624
460
88
268238
145616
203003
354
522
264114
92909
267946
458
368
204466
37321
82289
7
478
159156
69238
278939
17
390
61013
278354
118446
370
168
97014
96945
239926
130
262
187019
230765
182362
242
315
44690
131380
175978
442
440
143365
115232
122169
282
329
163874
222483
119165
222
521
117924
75036
128070
126
378
46571
148029
171350
241
273
299491
155890
65906
226
109
65140
237174
196223
517
101
158851
173040
259775
506
165
153275
65260
38445
591
314
100593
193786
187090
112
595
267489
240645
299650
376
154
283939
179160
114337
402
413
219915
205247
153372
45
596
37950
217328
175625
237
249
230284
134982
94974
596
290
36235
226248
243550
187
329
195692
219045
80721
164
328
123608
185095
291654
240
375
183650
67274
89344
235
215
152415
151377
111116
123
425
190715
209560
87275
225
170
272262
100472
123400
599
264
48174
165912
193363
230
596
97987
199260
175397
478
150
261756
70398
92610
544
88
187076
109976
222805
467
523
39572
82053
40256
372
474
104167
144910
169043
487
467
161051
129149
251894
201
194
294456
225400
186791
60
505
48095
243422
232262
382
409
242348
283308
71230
147
324
117896
219781
47795
310
232
114620
64878
168490
394
509
103050
124760
152770
402
572
267204
113362
86378
465
344
190161
135675
128552
426
297
55040
32322
63643
506
312
113334
152066
108474
488
34
291488
141345
189748
355
109
169234
43640
170370
489
390
198488
36871
115894
9
219
126432
50685
202227
4
170
121600
41235
98314
352
316
243228
89542
124642
359
506
248350
132896
145082
215
361
81947
168516
126585
348
312
194453
69273
124162
633
602
50578
152791
126486
355
633
286675
146056
63182
169
311
230811
34848
213948
341
139
235860
195242
66756
545
242
100747
122592
83796
286
455
87770
127600
251543
528
598
36058
109862
86124
40
186
95488
82480
248649
356
528
154959
147483
198780
203
495
235242
73338
85200
221
146
96958
161314
106524
76
316
202637
194708
36328
266
360
122084
99673
155002
323
269
167253
85371
81707
386
399
240786
106668
214760
136
432
39197
134554
75060
411
354
79836
127632
101612
262
142
156534
197928
21557
187
198
249940
45621
85414
244
682
125350
146216
141173
190
648
48367
70574
158005
448
371
82102
172917
112324
63
385
54100
76791
184530
298
122
113428
117156
242564
357
570
74502
85056
90967
283
362
171081
266892
34948
208
632
212447
147713
153571
569
629
193624
114278
171584
266
528
202642
155805
36796
194
540
181713
76736
206688
254
630
172783
195334
124803
476
339
191596
134403
192442
328
47
132039
264450
94220
99
60
34346
141246
32056
132
504
124858
110782
201425
251
480
220080
55621
86711
378
222
182330
89662
48888
414
192
184506
155100
204146
487
204
257194
249830
119596
154
585
197614
154659
60402
537
291
32211
167861
213760
195
98
167083
117572
136260
561
390
178101
204070
249001
504
495
210520
168953
74282
190
139
208973
138354
121284
233
502
184889
223618
143211
788
165
75894
204843
178161
124
601
36370
136158
231117
351
656
88446
112082
23148
612
744
216186
216505
104507
167
720
116580
55363
242546
300
142
96678
99094
74874
222
282
10163
36996
202360
232
405
36545
70232
86228
142
664
2944
93226
202814
414
411
155923
68361
286179
548
408
162660
108862
251574
492
72
173640
196997
80439
300
97
101586
21370
147870
150
372
4804
58134
261816
195
748
167650
206088
65341
180
568
154304
187512
275785
100
620
226498
93384
82163
76
29
71775
139884
83055
568
124
215255
69672
57721
327
192
185335
291442
93075
600
180
34186
124766
108722
225
400
125681
32321
242555
400
62
55730
66996
311734
297
292
230200
273426
53608
424
226
104995
210381
157792
744
284
166706
290045
204418
393
540
139972
207457
214725
459
365
44544
89991
269772
232
285
306867
121991
144645
88
279
190996
78662
285061
552
146
197435
174333
163505
568
244
120681
183194
100732
588
580
222767
129154
172335
432
576
210315
176268
35275
368
400
229504
32712
100375
780
456
211230
42352
304350
360
160
25466
156952
166464
684
388
47225
219915
113021
741
28
140150
227031
138336
348
609
85055
108968
180252
312
347
224204
196742
38886
528
80
139386
147996
273252
134
582
184776
171221
157872
136
658
157012
87456
253316
472
252
240007
165476
62772
364
412
37265
193783
51645
282
422
162758
90738
112516
356
481
65875
61702
146022
260
318
199836
167314
51849
501
445
243585
150359
96756
560
218
181920
105456
200712
460
484
32543
221121
145372
324
159
59354
300269
131709
414
515
206246
119664
38304
636
403
106432
168060
44721
500
120
45302
103145
90204
208
40
157312
239982
63038
603
712
200455
153186
221129
363
460
217906
188909
91218
427
576
152308
256485
233464
183
207
177499
195059
76776
99
468
239539
194873
118869
235
83
227672
119266
178617
79
600
205524
185916
202016
565
254
265640
36696
67850
341
565
103392
264172
82437
274
328
208634
172970
60673
44
433
95709
77289
195540
297
446
147774
172044
205740
290
450
97329
281965
176558
552
300
153758
115523
156679
460
162
143842
247113
157929
277
478
226540
168833
139061
594
362
164804
162167
248602
177
199
73752
112649
201870
171
315
152200
189434
265140
649
252
64392
94104
161971
225
272
224700
143834
72365
299
503
285328
293640
45172
730
485
153060
112312
195709
504
460
83535
288539
52764
362
279
90027
135469
150383
14
184
44927
29875
97027
720
752
195665
166062
128741
782
546
77520
103480
152256
464
429
42097
101427
247905
76
458
89594
66880
187352
570
192
265913
213765
74238
120
626
300440
160905
43050
313
559
189036
123603
124798
690
322
159410
187060
294248
419
573
124802
281680
124824
387
581
56264
240029
160902
367
136
201546
61222
96846
501
526
123678
18306
287562
116
440
103266
192956
134856
459
367
117608
140577
36645
450
591
120953
129442
46503
703
196
104977
145267
236570
684
167
58376
136953
73549
336
88
211047
147023
104193
232
72
111098
251493
91754
505
359
94478
113652
88313
596
276
109582
173916
50247
224
245
109857
149468
128714
515
252
282478
180968
249750
669
414
257382
118115
131736
420
501
174998
113222
248972
621
547
199247
103120
107757
622
289
101727
216455
131803
203
526
165900
61224
118482
236
406
93534
204189
28322
652
539
111443
152140
68898
372
296
139064
215696
205220
310
201
205740
172354
64739
591
578
110179
182553
111103
406
313
221134
87563
40136
795
164
88468
219124
79653
307
651
119693
231705
276423
390
110
94239
253701
230200
705
367
75450
52507
141351
231
291
131965
127912
157036
402
228
141524
279365
51604
268
564
41800
89324
165981
555
521
82080
177087
82817
366
63
198522
209362
161182
452
318
122244
49974
158830
217
336
117985
215180
169856
617
505
124264
119248
70020
292
208
192044
77184
228126
251
343
109410
110324
223784
168
432
207279
310298
50985
153
484
169525
195966
169971
756
447
138370
205536
135032
421
201
188003
256760
215476
608
694
166738
174577
178268
706
332
49574
209205
88090
504
343
196920
210603
154126
288
370
106758
194777
130104
145
234
166194
179344
92768
61
580
120262
181008
130854
503
617
296931
37956
57074
522
133
212904
157734
172085
569
149
267417
168915
264925
778
288
113113
106703
59730
297
524
259411
196161
196015
480
359
61228
101908
269625
431
740
272854
238370
121133
189
333
89766
298525
101990
549
612
65748
228854
78219
388
632
158162
120076
202482
717
246
101343
109548
53916
418
459
163505
170876
92377
479
559
157913
118230
155237
500
448
114345
55772
119145
310
59
251236
45610
96088
324
694
131829
48543
11185
524
256
274045
35589
159600
577
582
167557
191888
33348
412
246
118137
118911
31382
466
134
211184
72786
225731
557
384
98948
229535
107034
588
303
167862
169922
98018
529
580
268250
136200
200952
435
594
80624
26946
285498
418
429
195982
134200
97889
218
562
51707
201965
117074
523
172
167343
138092
142983
160
291
195255
143379
75255
116
342
11997
92398
159654
718
501
52110
82083
273101
525
423
185780
155879
142236
184
481
36430
122103
225069
349
274
88508
240177
162180
624
404
134666
169790
87322
655
433
41976
266898
58696
251
534
139614
106146
78210
226
460
189768
298590
269643
239
134
6086
187529
55950
126
102
215235
168644
169433
317
207
143262
58419
101535
135
92
182541
110154
93364
216
503
98177
161082
37640
810
773
126542
216988
73959
330
524
53160
133351
97225
621
252
59442
58606
87852
548
190
104302
164684
23527
825
532
160165
264381
201715
213
33
198876
216441
161877
250
428
97119
210972
56734
366
252
283591
245074
159340
384
484
225200
74592
205700
762
581
80916
214307
227406
4
162
66518
83054
113757
285
595
126604
111026
134633
775
466
171588
205742
71028
401
488
121038
202234
104244
323
234
68145
104302
117802
313
479
67620
85526
112556
688
375
35609
152390
123093
233
295
209216
146776
136166
120
553
132651
75117
89406
730
380
54860
59667
176447
89
323
128368
134164
173051
745
630
134685
239958
244017
642
627
202488
55672
116066
199
263
122564
168240
210939
461
156
187954
176132
233518
372
272
193725
128468
26094
447
204
83601
40914
142635
246
120
223095
53458
140352
659
231
143019
50113
77040
383
201
148470
106625
57575
155
171
107616
225010
249365
218
763
59088
56793
247994
616
618
34670
172639
139185
218
486
66392
180904
59430
597
619
228510
261621
202167
526
343
190734
48342
101790
144
134
145800
99326
30310
246
114
63631
105835
233004
322
634
124691
182187
81788
685
513
195431
14867
84789
482
411
96396
156102
7871
236
685
126956
152909
163875
225
258
87682
41889
95432
497
587
29512
37785
126460
234
639
48760
84758
68245
422
459
119795
55138
139661
378
171
136472
221060
112586
279
493
291995
171478
71355
167
108
132210
98828
181026
429
700
204153
219303
16494
531
602
191025
209922
125376
700
643
266732
113820
138462
632
531
82662
236226
181824
392
318
234789
85088
99396
283
352
33107
127522
24841
430
340
250148
117798
197494
312
613
12852
46277
230361
396
274
246975
197444
261320
390
306
122944
12872
79534
237
399
254780
251303
103947
621
162
111160
148075
252768
345
693
110360
310351
157617
513
238
167069
30324
100162
670
227
133602
129483
256730
431
560
89811
247070
79266
82
438
79342
56711
194513
444
795
210165
115974
75032
105
606
264056
158878
85176
744
292
53801
114091
162018
574
450
70250
129470
100737
314
261
166266
105624
74918
417
432
105286
74741
247240
557
516
164115
205880
59136
828
502
69550
210643
161766
421
601
63372
243740
92602
148
289
61691
142096
208826
652
475
132650
176048
87174
20
546
97998
137866
25649
87
232
142634
163348
41751
246
499
62412
71810
108037
488
578
245318
243086
233419
232
479
57079
44305
225621
172
250
89716
207858
174392
730
612
217252
147936
83096
547
447
119703
155490
156846
549
214
186852
102072
120853
459
625
204651
130026
57514
156
578
132057
15220
163080
516
819
138112
206446
60886
771
217
109971
211125
178468
360
747
143207
226274
158205
312
699
170004
271590
127540
482
624
151722
161772
174058
99
209
241341
173336
223165
525
177
141390
195500
118284
798
450
56667
14155
161809
369
498
139506
266953
7587
350
451
146976
183080
202240
152
561
108495
213054
189019
189
582
184437
97715
108491
568
510
86082
36927
176884
492
552
236673
238036
54151
378
466
89682
93420
130060
699
268
61575
279240
96804
167
204
76582
72844
33302
156
693
38242
148802
89534
621
327
137215
57403
195846
193
528
48036
165330
165321
309
195
187707
36852
169880
432
461
85387
129565
104054
322
204
223138
315748
113201
810
528
225252
104732
132534
317
411
265652
27866
65668
297
774
112450
176796
179705
591
630
47583
77052
273932
460
318
44179
57730
35648
591
316
186858
110834
218182
113
272
127505
148700
118140
83
135
210616
98301
18834
468
527
114406
154065
153075
378
372
66532
37865
176873
33
291
66674
157215
215092
330
621
101826
193523
169110
270
579
286334
91106
169215
256
461
99580
190665
92868
693
389
119257
245919
11313
615
336
152075
239767
203893
636
458
229025
165533
90930
404
360
126235
218215
148475
254
534
173299
91365
123493
402
822
101792
138928
132651
780
526
187541
166502
114675
570
180
172986
179793
17369
642
345
93367
45429
128956
266
336
181537
277291
172234
682
334
164910
153992
28808
672
574
204022
69950
63524
694
788
46752
124878
138117
674
484
300710
124992
211075
202
792
304352
234164
30294
727
548
124896
257026
177538
261
782
53368
196592
91172
676
132
205015
294030
139310
42
428
197866
152678
140844
434
622
79007
92130
57075
111
778
137832
213245
131870
506
412
163127
114770
167548
377
703
105540
130288
164195
612
756
88514
46521
66522
88
263
138066
110390
115865
455
286
87029
153714
166135
577
112
124356
142317
53404
576
370
229992
124987
75459
152
224
60774
316766
117552
487
297
136386
160347
110292
308
410
101695
317914
133040
363
486
227285
188096
133851
271
486
134661
31492
146334
124
247
262042
91633
129450
660
649
52768
209664
179850
203
276
108270
114776
63774
501
362
69164
135674
153150
484
674
163521
127326
125844
740
424
109849
317558
53402
350
582
154173
168014
33716
273
708
106900
227961
192500
484
442
235796
143334
141046
208
596
162709
276232
142717
800
192
206732
197530
156621
476
597
244657
176274
215153
398
480
229257
65811
296408
416
632
22084
209896
202388
29
708
114068
210546
26856
300
109
32282
205108
219540
171
326
199691
157778
148440
166
148
97353
113560
225598
443
630
164776
242313
140877
172
223
220362
172326
63803
774
80
223310
115989
112292
228
660
152485
52830
33644
360
535
243914
38061
183385
524
532
131785
56596
131287
349
419
152987
101009
101282
199
746
109132
124278
96017
410
691
157058
194597
72884
362
645
43003
119804
173440
226
188
132791
131295
232455
763
444
203025
150114
72728
768
68
81394
163950
182103
812
482
180651
104211
96244
714
630
163250
75148
38870
364
224
51122
102284
304727
456
299
51352
169127
92284
354
552
32833
117183
59166
264
479
289398
95614
190115
508
546
221666
298736
93450
546
744
107392
64521
18762
395
242
68193
196095
188492
666
364
77397
207272
184602
506
175
74866
284962
28183
476
502
59610
40582
51552
742
696
197173
166766
138745
849
135
41900
146220
204656
756
548
237245
152191
127584
324
462
193008
144136
38314
288
125
183053
248074
173800
356
141
123376
112438
83891
793
635
150498
222505
110602
207
649
297922
61194
70955
758
421
179394
155580
238150
396
684
72803
273801
209759
323
351
197347
147532
161934
460
160
84591
147550
213595
333
495
24390
37482
85033
696
840
72157
161754
142192
863
361
48712
114526
94883
788
256
94752
202465
252570
552
920
178701
146064
49086
400
360
84051
131318
294795
150
428
73406
179946
203353
716
448
269842
107531
184689
342
336
250289
77020
69672
545
5
262508
90030
106374
578
443
106115
138720
260249
478
300
173532
96003
119828
644
48
175400
96267
106197
794
780
148662
90690
72495
483
665
121312
26329
112128
285
172
165947
135759
229385
498
216
242020
185200
142032
304
330
178692
201945
186288
548
480
206478
170257
215001
333
510
68292
110454
81753
477
504
79573
275512
107011
242
369
151404
150412
160502
370
243
112712
173369
84832
312
190
263077
171714
264380
616
402
30342
113880
176195
122
330
134651
75105
156280
175
348
99648
202248
152805
310
648
154559
27315
75624
531
938
85090
127840
182702
78
141
145124
62101
154450
374
360
158106
84344
180777
538
611
24092
59587
166064
336
434
141042
128907
170283
660
505
111840
73572
222246
750
648
197574
53222
74654
419
733
171323
110804
156675
562
687
230371
213224
128678
682
556
201475
235918
112888
165
582
209070
47113
99112
410
198
107136
148309
125028
628
990
181448
72198
291902
932
451
290484
61030
142399
470
150
60143
85526
72834
342
442
153266
213600
135322
341
336
60712
174281
101476
513
830
76080
90338
213733
476
755
48653
265976
119085
582
624
148766
66078
35343
379
212
132576
64200
99686
804
490
110703
175333
261838
362
822
136819
161916
193196
644
194
81294
96137
60094
614
387
123405
174311
206222
363
451
170811
142790
137968
344
348
166164
83447
206706
477
198
80950
98848
73214
786
378
60794
92715
92851
657
516
96978
217302
143412
567
462
142002
193146
206518
430
928
213536
201837
29532
759
520
150375
146092
155715
406
392
192950
185657
13478
186
562
121641
188427
46168
79
426
259319
163345
112098
344
603
46906
187838
44679
278
351
217437
137026
82959
698
376
66178
126180
43930
542
454
173088
251453
19233
684
472
230300
178904
86061
350
764
133308
177270
181905
686
846
80586
95502
72781
624
840
161622
127427
20438
454
173
144945
175656
68588
497
603
189620
208088
141688
794
268
67397
152340
236538
774
802
53421
230254
186780
240
356
23814
214896
182639
364
152
131610
177123
35926
850
416
202561
129534
43320
723
785
187281
144143
180187
708
846
52719
129298
185188
188
327
77145
231128
142394
818
123
167845
211162
128811
226
302
172060
198578
145737
735
870
51620
242355
131037
808
438
172436
67487
110991
429
345
159390
198152
132044
123
602
165490
99808
173980
117
140
156905
234708
173859
657
294
222660
95271
67617
309
665
197400
203364
144772
58
726
176691
35956
259048
519
285
167149
131731
92176
54
242
157383
103907
109300
168
100
143883
234268
150423
380
660
109929
267786
59061
830
727
232522
209885
111508
525
414
286915
193736
209135
376
232
243424
179705
39321
945
636
251095
159832
227700
684
825
188112
162309
121873
450
364
184484
214005
72818
695
294
223394
64901
133240
302
261
132936
174986
59188
810
364
209922
75100
85812
22
520
160114
48260
46998
820
130
194616
49576
85056
473
293
255254
161265
127804
760
560
173972
227088
205374
600
684
24600
130534
139986
870
447
154657
120612
252182
435
269
78152
78050
102930
810
695
128675
112100
103690
260
860
232120
21964
148074
464
645
105647
50185
68353
606
360
212045
83023
182247
186
660
183571
26883
48018
172
242
67136
125388
262302
840
82
100370
236770
217902
623
375
237100
166997
69086
575
340
106418
161760
69724
725
920
3370
312208
203103
660
290
189300
39192
84173
635
338
203565
250922
307368
188
645
114913
97421
210240
525
815
180348
81011
198578
455
680
239582
134554
42056
955
575
14445
118711
85704
666
475
129687
133086
88114
102
545
200064
63678
142215
384
325
118162
58437
175370
625
760
52166
187018
163326
507
517
141726
101022
109608
432
375
144158
143181
159222
179
435
205385
175437
284706
665
725
302250
83380
107597
805
561
153339
95831
132403
300
557
267996
208196
115920
735
336
174312
31024
139508
304
103
57887
106424
122986
328
300
201181
153276
41358
695
295
234048
41130
59512
865
372
108306
59847
52278
532
520
86180
72796
240228
546
390
79647
219030
28436
170
735
234552
159964
291415
895
494
184474
320635
82515
670
513
161136
143256
117794
371
595
80283
77698
155089
224
259
204178
97578
110841
224
490
204448
105099
256349
455
467
172164
82251
253542
200
511
295202
74118
57582
620
415
145208
132772
233810
329
440
219472
98998
70994
276
780
194176
170225
258700
730
825
197814
222315
231682
580
630
42616
284293
152265
800
408
145587
131381
163785
295
515
153345
265985
143980
330
50
69610
92652
150886
382
750
137210
129384
88440
342
580
92943
164615
144777
236
845
104208
192753
270958
383
604
79892
188920
112644
365
217
175164
163772
160675
530
840
133648
47731
164209
506
680
292268
123325
222860
335
274
106052
70268
34000
369
625
34230
100639
198629
113
360
66635
96540
141738
450
220
73479
59389
141603
935
360
226918
250405
83628
665
226
218887
108013
117184
720
630
192474
115992
180380
51
538
68275
166101
99974
65
620
194737
98100
118150
740
140
112889
49074
174712
605
795
54712
24085
82559
474
559
62190
31179
182481
885
548
57872
168812
172170
590
388
262088
167360
292028
780
61
64164
116565
188126
770
336
90518
203736
104022
760
905
38338
193649
111643
718
299
125915
120540
116402
382
362
44091
126096
270513
810
620
146739
86280
182465
288
570
230056
314915
218048
126
592
193195
184879
11589
301
550
141600
72146
70078
505
288
80798
155657
157791
770
740
145330
211596
177858
820
243
72353
253462
143664
455
235
145168
262408
198876
429
530
40251
175819
38400
540
111
194093
296422
221354
426
299
150240
206110
146890
200
540
174285
133892
67512
595
390
168850
136602
84264
410
2
91725
150514
159345
780
695
174116
73153
160008
905
420
52398
207149
125990
502
585
190539
98151
54792
405
600
216522
87762
37522
320
488
101404
143131
110646
790
556
53026
100162
69883
740
528
245107
50274
37039
330
555
126192
93598
122485
450
525
105984
141327
193660
177
805
240604
131558
133875
195
363
121720
149090
164142
915
610
49854
178380
225186
600
428
204981
278610
254364
440
412
55529
136655
193359
710
760
272306
94604
240572
35
686
181548
59283
188480
922
872
156390
298430
166909
630
878
69324
196350
196767
886
175
75422
98002
222912
635
435
313964
226473
177564
183
465
110467
160500
166992
118
355
286800
96621
71693
740
611
189075
185039
102542
265
472
42774
221193
187888
207
674
269575
187369
26086
130
225
221438
69452
305902
179
505
152775
118995
26686
112
372
219468
253215
175774
605
588
172647
25482
122662
176
252
69552
128316
179396
353
428
143256
214885
269000
868
522
161593
208972
228016
614
368
240138
148974
132960
530
492
211821
94414
187070
332
518
257500
79530
42575
558
460
175884
71245
173978
266
752
242644
292650
31178
801
264
160494
49924
132470
645
571
188490
107626
162655
393
88
107919
123423
102981
583
310
255598
115005
129560
283
289
140750
218304
126584
645
536
82113
86476
184847
366
416
251901
124778
116598
295
244
40901
244536
204838
520
837
78147
196370
176765
86
340
287772
54873
200285
395
644
73982
193732
73278
194
352
120448
110612
247825
349
519
176712
98528
90266
630
651
110307
282015
184352
358
392
61054
110796
174597
270
918
109012
97274
160923
250
46
32977
65804
186893
628
365
109046
77310
120840
786
300
229455
32570
100810
475
690
149547
267871
48620
392
314
115989
39441
113033
372
669
230910
191582
65022
194
978
207780
184271
241954
277
387
189248
158965
70594
615
433
85884
195414
168620
35
730
98286
88476
221720
830
644
196190
91175
94775
190
635
195573
193737
289773
742
600
140607
74202
232795
434
86
99081
75038
98007
894
712
97986
188464
80464
452
425
189310
118536
159392
384
820
217890
155696
67683
874
518
302985
122112
54682
346
866
35045
82372
254785
384
243
233665
48622
250315
450
580
174645
221774
168884
315
680
39766
167872
152451
280
480
189253
185974
59990
342
360
122405
124135
28022
686
710
127950
219170
70359
354
786
210356
168579
164332
371
268
66768
169362
97916
435
634
80026
233113
21354
648
644
64325
95080
170477
368
326
108160
153390
65885
882
619
188723
130248
261942
390
728
108978
167010
146695
390
328
267928
245665
227275
655
124
227635
99113
206306
425
400
232236
201154
186492
509
454
14111
202818
312047
372
146
182589
123821
185097
320
456
86382
29054
73978
308
362
182842
76542
205955
214
54
56576
129936
21866
320
244
179412
159065
144487
904
576
112417
133437
162330
202
844
204182
37705
206030
478
580
134523
40776
117881
884
405
193424
121280
194546
192
576
160809
76148
115372
554
272
149579
154728
25733
382
710
20316
11670
312991
800
777
243955
119420
89112
562
345
223865
144300
12244
442
382
192824
64244
149215
724
482
136884
110430
237546
824
493
68095
187149
122228
437
40
62958
171715
159638
393
285
60643
72124
131558
89
746
188355
174788
177256
738
114
151086
49635
89287
410
342
62316
56428
5590
645
258
140828
145290
106740
321
356
200165
182917
122896
551
362
130233
101262
218221
264
336
21578
194003
183046
549
258
224707
20855
116416
193
43
254067
74986
182937
494
670
258028
141464
217830
250
658
213990
97436
37770
680
443
206409
111618
14899
743
420
228008
157007
53174
763
528
143136
77440
88197
700
510
196698
150798
210556
131
496
146952
21968
103548
476
764
205713
198088
235046
650
586
220869
156796
115771
340
440
275278
133410
239495
312
722
196708
161214
183473
716
712
137034
59401
86641
784
876
139592
96685
82633
194
622
146029
81730
193456
368
40
147116
15735
133700
357
305
185384
59563
112250
372
431
17350
98736
173913
276
720
97366
207105
210866
569
675
18926
158602
135360
450
794
124920
240436
204195
75
508
140864
43144
234830
640
772
45292
97125
28843
828
450
78956
50358
76453
769
521
95315
81217
149774
801
330
164158
24277
148853
429
654
53415
188967
66558
762
416
126226
38888
249294
318
837
211041
239703
242014
605
187
98838
64309
163989
360
90
116794
77409
161574
399
614
225908
25224
138177
172
327
110219
200499
165272
180
351
106375
172676
143359
308
373
223620
120001
192862
275
171
148748
37069
80185
78
635
107376
196501
110208
880
379
176012
147858
281940
603
150
190988
88576
240328
368
298
33503
139666
111282
165
69
130780
237960
151551
352
459
99720
181221
130892
533
480
138309
231788
138676
558
362
211502
57924
22020
360
249
88029
67915
126803
287
896
70162
303814
201805
216
440
187344
41714
46768
403
349
63650
213595
208670
375
253
237877
265382
175723
413
756
190932
267343
229032
747
93
282320
109047
92075
816
240
234681
67126
202796
502
549
171211
55068
192946
270
503
123845
39918
222145
258
581
259195
280874
126435
313
480
128118
168453
130442
267
315
246826
167670
149638
47
294
154856
38934
58096
288
672
124335
261672
127992
282
649
118019
255629
142955
622
255
201580
28367
283732
833
246
127233
271500
178611
432
160
25124
113305
210272
448
685
43647
183926
235115
464
270
209666
88466
163143
696
435
208965
62412
22788
266
372
253445
112767
46871
98
896
193373
147084
155121
634
418
180134
165465
210901
659
861
160077
256394
115141
595
264
122832
114133
223804
680
125
82308
253696
78568
857
663
105160
109025
52898
207
360
300785
81246
61485
712
115
87794
25983
248366
315
370
42244
68860
244020
714
876
93032
102920
164362
573
645
123026
147563
214150
480
485
183814
192275
241295
317
197
16543
120156
106843
390
259
94935
130430
166710
824
440
258626
178730
23634
623
600
35158
235970
94580
498
826
31078
240226
143021
498
207
0
105517
290935
657
192
271140
273864
145676
75
777
106728
170414
103008
474
822
192425
80404
195615
957
322
167834
171528
127120
634
555
126700
17592
198872
477
615
164919
252252
34135
423
229
184385
191745
152148
572
615
55048
242982
209492
85
560
108335
66266
265420
553
337
81413
37992
129434
661
475
170428
161792
72205
516
333
222160
116588
249846
125
517
103116
93804
97473
279
214
227640
68502
29943
529
488
193854
210389
288650
735
840
126000
172170
271169
590
748
167442
160996
226184
260
338
190893
30605
145573
467
529
181656
129975
205083
234
474
78919
67982
111457
427
449
34054
59522
47774
819
483
283868
151440
93440
342
554
111944
216384
104652
317
324
278166
166380
211002
860
65
82282
47777
129380
713
383
245367
147987
98504
448
201
75062
109820
128163
510
738
29652
25800
24195
523
600
61266
242456
150747
584
829
145895
215535
241472
180
298
234039
125539
178366
492
909
174500
100035
103641
183
726
112691
62022
86532
514
390
128196
183609
161178
333
582
118356
166371
95794
168
395
248880
105642
124497
393
488
232586
45511
134950
518
602
202700
127855
108832
489
480
101002
137364
162234
945
356
138380
268815
149610
288
22
122040
61196
93043
311
532
57380
134565
54026
199
326
130642
231053
193405
863
666
245714
76982
109003
682
893
210087
108631
131560
1
1
2
1
3
1
4
1
5
1
6
1
7
1
8
1
9
1
10
1
2
2
2
2
3
2
4
2
5
2
6
2
7
2
8
2
9
2
10
2
3
3
3
3
3
3
4
3
5
3
6
3
7
3
8
3
9
3
10
3
4
4
4
4
4
4
4
4
5
4
6
4
7
4
8
4
9
4
10
4
5
5
5
5
5
5
5
5
5
5
6
5
7
5
8
5
9
5
10
5
6
6
6
6
6
6
6
6
6
6
6
6
7
6
8
6
9
6
10
6
7
7
7
7
7
7
7
7
7
7
7
7
7
7
8
7
9
7
10
7
8
8
8
8
8
8
8
8
8
8
8
8
8
8
8
8
9
8
10
8
9
9
9
9
9
9
9
9
9
9
9
9
9
9
9
9
9
9
10
9
10
10
10
10
10
10
10
10
10
10
10
10
10
10
10
10
10
10
10
10
2
2
3
3
4
4
5
5
6
6
7
7
8
8
9
9
10
10
11
11
3
3
4
4
5
5
6
6
7
7
8
8
9
9
10
10
11
11
12
12
4
4
5
5
6
6
7
7
8
8
9
9
10
10
11
11
12
12
13
13
5
5
6
6
7
7
8
8
9
9
10
10
11
11
12
12
13
13
14
14
6
6
7
7
8
8
9
9
10
10
11
11
12
12
13
13
14
14
15
15
7
7
8
8
9
9
10
10
11
11
12
12
13
13
14
14
15
15
16
16
8
8
9
9
10
10
11
11
12
12
13
13
14
14
15
15
16
16
17
17
9
9
10
10
11
11
12
12
13
13
14
14
15
15
16
16
17
17
18
18
10
10
11
11
12
12
13
13
14
14
15
15
16
16
17
17
18
18
19
19
11
11
12
12
13
13
14
14
15
15
16
16
17
17
18
18
19
19
20
20
2
2
4
3
5
4
6
5
7
6
8
7
9
8
10
9
11
10
12
11
4
4
4
4
6
5
8
6
9
7
10
8
11
9
12
10
13
11
14
12
5
5
6
6
6
6
8
7
10
8
12
9
13
10
14
11
15
12
16
13
6
6
8
8
8
8
8
8
10
9
12
10
14
11
16
12
17
13
18
14
7
7
9
9
10
10
10
10
10
10
12
11
14
12
16
13
18
14
20
15
8
8
10
10
12
12
12
12
12
12
12
12
14
13
16
14
18
15
20
16
9
9
11
11
13
13
14
14
14
14
14
14
14
14
16
15
18
16
20
17
10
10
12
12
14
14
16
16
16
16
16
16
16
16
16
16
18
17
20
18
11
11
13
13
15
15
17
17
18
18
18
18
18
18
18
18
18
18
20
19
12
12
14
14
16
16
18
18
20
20
20
20
20
20
20
20
20
20
20
20
3
3
4
4
6
5
7
6
8
7
9
8
10
9
11
10
12
11
13
12
4
4
6
6
7
7
8
8
10
9
12
10
13
11
14
12
15
13
16
14
6
6
7
7
9
9
10
10
11
11
12
12
14
13
16
14
18
15
19
16
7
7
8
8
10
10
12
12
13
13
14
14
15
15
16
16
18
17
20
18
8
8
10
10
11
11
13
13
15
15
16
16
17
17
18
18
19
19
20
20
9
9
12
12
12
12
14
14
16
16
18
18
19
19
20
20
21
21
22
22
10
10
13
13
14
14
15
15
17
17
19
19
21
21
22
22
23
23
24
24
11
11
14
14
16
16
16
16
18
18
20
20
22
22
24
24
25
25
26
26
12
12
15
15
18
18
18
18
19
19
21
21
23
23
25
25
27
27
28
28
13
13
16
16
19
19
20
20
20
20
22
22
24
24
26
26
28
28
30
30
3
3
5
5
6
6
8
7
9
8
10
9
11
10
12
11
13
12
14
13
5
5
6
6
8
8
10
10
11
11
12
12
14
13
16
14
17
15
18
16
6
6
8
8
9
9
11
11
13
13
15
15
16
16
17
17
18
18
20
19
8
8
10
10
11
11
12
12
14
14
16
16
18
18
20
20
21
21
22
22
9
9
11
11
13
13
14
14
15
15
17
17
19
19
21
21
23
23
25
25
10
10
12
12
15
15
16
16
17
17
18
18
20
20
22
22
24
24
26
26
11
11
14
14
16
16
18
18
19
19
20
20
21
21
23
23
25
25
27
27
12
12
16
16
17
17
20
20
21
21
22
22
23
23
24
24
26
26
28
28
13
13
17
17
18
18
21
21
23
23
24
24
25
25
26
26
27
27
29
29
14
14
18
18
20
20
22
22
25
25
26
26
27
27
28
28
29
29
30
30
3
3
5
5
7
7
8
8
10
9
11
10
12
11
13
12
14
13
15
14
5
5
6
6
8
8
10
10
12
12
14
14
15
15
16
16
18
17
20
18
7
7
8
8
9
9
11
11
13
13
15
15
17
17
19
19
21
21
22
22
8
8
10
10
11
11
12
12
14
14
16
16
18
18
20
20
22
22
24
24
10
10
12
12
13
13
14
14
15
15
17
17
19
19
21
21
23
23
25
25
11
11
14
14
15
15
16
16
17
17
18
18
20
20
22
22
24
24
26
26
12
12
15
15
17
17
18
18
19
19
20
20
21
21
23
23
25
25
27
27
13
13
16
16
19
19
20
20
21
21
22
22
23
23
24
24
26
26
28
28
14
14
18
18
21
21
22
22
23
23
24
24
25
25
26
26
27
27
29
29
15
15
20
20
22
22
24
24
25
25
26
26
27
27
28
28
29
29
30
30
3
3
5
5
7
7
9
9
10
10
12
11
13
12
14
13
15
14
16
15
5
5
6
6
9
8
10
10
12
12
14
14
16
16
18
18
19
19
20
20
7
7
9
9
9
9
12
11
14
13
15
15
17
17
19
19
21
21
23
23
9
9
10
10
12
12
12
12
15
14
18
16
19
18
20
20
22
22
24
24
10
10
12
12
14
14
15
15
15
15
18
17
21
19
23
21
24
23
25
25
12
12
14
14
15
15
18
18
18
18
18
18
21
20
24
22
27
24
28
26
13
13
16
16
17
17
19
19
21
21
21
21
21
21
24
23
27
25
30
27
14
14
18
18
19
19
20
20
23
23
24
24
24
24
24
24
27
26
30
28
15
15
19
19
21
21
22
22
24
24
27
27
27
27
27
27
27
27
30
29
16
16
20
20
23
23
24
24
25
25
28
28
30
30
30
30
30
30
30
30
4
4
6
5
7
7
9
9
11
11
12
12
14
13
15
14
16
15
17
16
6
6
8
8
9
9
12
10
13
12
14
14
16
16
18
18
20
20
22
22
7
7
9
9
12
12
13
13
15
14
18
15
19
17
20
19
21
21
23
23
9
9
12
12
13
13
16
16
17
17
18
18
21
19
24
20
25
22
26
24
11
11
13
13
15
15
17
17
20
20
21
21
22
22
24
23
27
24
30
25
12
12
14
14
18
18
18
18
21
21
24
24
25
25
26
26
27
27
30
28
14
14
16
16
19
19
21
21
22
22
25
25
28
28
29
29
30
30
31
31
15
15
18
18
20
20
24
24
24
24
26
26
29
29
32
32
33
33
34
34
16
16
20
20
21
21
25
25
27
27
27
27
30
30
33
33
36
36
37
37
17
17
22
22
23
23
26
26
30
30
30
30
31
31
34
34
37
37
40
40
4
4
6
6
8
7
9
9
11
11
13
13
14
14
16
15
17
16
18
17
6
6
8
8
10
10
12
12
14
13
16
14
17
16
18
18
20
20
22
22
8
8
10
10
12
12
14
14
16
16
18
18
20
19
22
20
24
21
25
23
9
9
12
12
14
14
16
16
18
18
20
20
22
22
24
24
26
25
28
26
11
11
14
14
16
16
18
18
20
20
22
22
24
24
26
26
28
28
30
30
13
13
16
16
18
18
20
20
22
22
24
24
26
26
28
28
30
30
32
32
14
14
17
17
20
20
22
22
24
24
26
26
28
28
30
30
32
32
34
34
16
16
18
18
22
22
24
24
26
26
28
28
30
30
32
32
34
34
36
36
17
17
20
20
24
24
26
26
28
28
30
30
32
32
34
34
36
36
38
38
18
18
22
22
25
25
28
28
30
30
32
32
34
34
36
36
38
38
40
40
4
4
6
6
8
8
10
9
11
11
13
13
15
15
16
16
18
17
19
18
6
6
8
8
10
10
12
12
14
14
16
16
18
17
20
18
21
20
22
22
8
8
10
10
12
12
14
14
16
16
18
18
20
20
22
22
24
24
26
25
10
10
12
12
14
14
16
16
18
18
20
20
22
22
24
24
26
26
28
28
11
11
14
14
16
16
18
18
20
20
22
22
24
24
26
26
28
28
30
30
13
13
16
16
18
18
20
20
22
22
24
24
26
26
28
28
30
30
32
32
15
15
18
18
20
20
22
22
24
24
26
26
28
28
30
30
32
32
34
34
16
16
20
20
22
22
24
24
26
26
28
28
30
30
32
32
34
34
36
36
18
18
21
21
24
24
26
26
28
28
30
30
32
32
34
34
36
36
38
38
19
19
22
22
26
26
28
28
30
30
32
32
34
34
36
36
38
38
40
40
189266
260232
134490
298272
214394
199665
123718
209310
140247
358890
204288
389157
78528
39726
187588
157198
178476
454129
315344
125700
1000000000
1000000099
1000000000
1000000099
1000000000
1000000099
1000000000
1000000100
10000000000
10000000000
0
100000000
722222199
1677777778
1677777778
901234550
26
27
722222199
1677777778
1677777778
901234550
26
27
0
0
