500000004
500000004 375000003 125000001
406250003 109375001 250000002 265625002 562500004
858129220
40267248 73443306 307645653 13908396 542571454 781149891 223877799 478284083 469782292 483514097 271207900 851118600 686534546
708608005 271088002 536992004 107032001 243224002
763536836 20527108 724802458 674440048 542028367 84303782 51690822 137856436 165133176
452249918 239478394 901879261 713133986 929460309 341854503 213809216 907898429 483704730 362823101 1924728 932832298 653805347 735263304 393934766 60176689 124030513
941216635
165070034 164620532 819304102 294177087 163903998 778727151 375294528 105551290 51137357
563741107
975584789
64917577 383035605 235961731 76942192 784647909 985300856 210347475 763935582 92214573
483344021 686921913 149847307 309429043 395727670 444375418 75088089 564319889 409377475 700344849 326765177 340609131 286716677 162318811 34473548 516741704 565768313 134950416 580125471 325951205 680282124 782006732 717296306 276315483 165956403 815524989 869411251 699106297
492883772 558186164 61237711 900465722 621985215 91282776 533263938
837879320 379185679 105167701 416302903 220015373 162352938 318082987 274241416 258899842 468652603 675649239 848906277 890517757 566712940 64916205 105323250 108744365 294592151 904348235 456364258 348167398 128583566 446929934 151866192 81550618
350562680
990722664
862990036
798245599
736250637 617838250 544967795 364648286 708658692 424296313 813346 682357352 184610816
621239579 600801603 140739856 127508558 500905249 528491281 532152859 13947083 382473389
729534351
325849432 169501882 744753321 599683079 909463229 484904377 654768533 308640833 420045380 938636431 803191598 354509280 395958643 392935024 557754418 516453313 1148672 823179330 866795169 8990544 642622843 898834577
980028236
400730693 453181954 566627239 578322224 780339687 257515102 567548527 786029786 506040570
800194260 826694285 80975062 428583979 982558210 510825541 818042772 148973697 343054747 65708426
430428756 995266814 278326308 506172977 565125083 928047121 224378349 523215068 488778791 157397353 387374913 962878201 672483274 806617698 87563028 90576129 283569527 944830439 449326400 906418396 221412659 857421367 22108017 358372579 174139721 985942662 587072689 710877163
712090191 256091690 459995611 719813737 395444860 367454938 412790469 817574319 358687338 593190966 672947682 894197650 458091905 168675322 921612193
205535629
897692924 937006047 20271916 528953102 112382528 551639205 824807964 618763336 758020882 337451406 988415818 421604945 504562415 188786604 661956153 942052592 32491995 444353076 121600108 229751244 999053972 458843113
3054405 177951729 831478302 697780127 519987783 304571580 467425086 379591896 468571432
503275940 717299660 503019449 788572817 407951431 934013546 490813073 204687378 782534506 438672725 891698776 526652203 410445994 831163966 388769003 992298319
960159510 630769267 216805124 863761045 927797842 60143515 869513557 914026270 481903209 511761647
85006252 636184411 132458160 446738439 224499322 899064240 910599340 939615375 45968104 564904168 172619901 714270715 451894425 895870332 404039612
253956472 581137271 744480417 781648043 466888556 755706551 804662380 144338639 505259301 114322752 234208000 494380443 1684120
690336005 259640002 844890006 259424002 840480006 425829003 989065007
906495027 630928055 569464300 438737445 505748723 279708173 141039853 937840564 544214725 362523317 366558443
188494677 178933311 882752630 187092527 915928551 615197579 348786132 791343916 722994042 515541804 210644349 675332504 883136986 628858782 851466743 588083054 501306435 674790763 839990666
945789756 137727825 143467938 718932913 287497243 187766811
460514376 59382162 63244278 380312281 193184106 803913259 643238297 556162572 338575365 189568126
701345629 382944691 471162862 54180860 529119799 445633319 468509207 714549521 385220520 909762850 301481110 17994248 395138375 321521920 65633105 812125782
978578252 79150181 356166591 144418327 713871697 880248917 71009828 304891581 585184989 837213762 809084550
350260840 645192688 785231480 229979282 871229736 762381588 219138677 276125172 958710378 686636758
807835001
121225588 502687753 811804754 862972916 818009447 729109100 125508860 992573305 793343212
996360442 414168311 532026597 895972945 605914712 738715694 122199760 363539836 372650544 753686508 656135541 435940305 891272760 623255383 578601136 614319546 668904861 73927109 331517546 421394051 993061863 536343113
992384007 956974007 486836004 422976003 284232002 142720001 714256005
388149633 467085117 689569342 26120070 756669004 33464741 535207502 475469885 105444631 744502125 974928962 724283268 515442133 291411622 80374517 698856682 328483414 802357356 850149778 536229580 953578955 166485056 992770086 879248132 259603645 135597547 254299879 947308190
902999303 653245860 652550429 437882557 535757291 546759455 298253884 453258226 780536974 913059484 49927845 911771020 779747200 664563152 434587082 589139457 226706555 460058608 496480834 994226657 640263390 175736758
690336005 979096007 116042001 975148007 128352001 990253007 567045004
374004935 512305147 585486519 773514540 960949570 558189977 650151023 808718118 139744712 397511113 703695386
274537231 942264956 247259349 399686438 903834238 757736292 796647732 350868362 106067846 459488542 140414290 693910743 688423760 186125864 35383868 719211520 562580484
182577577 395923646 317053579 601977080 108341127 583848576 206871646 853116602 702314931 180106756 15727114 827591874 191504985 196459468 455204905
943847663 708757427 920409306 135692171 220646171 646687374 110960888 132914308 940716525 713383941
933358391 703121718 689688179 461443993 705401478 503716066 813336822 911974202 763240664 847729512 644124709 55153725 924921340 43023532 207748652 799198591 201215977 182684515 271923448 815755558 760677706 268725241 350968866 711986364 687759792
177046313 126798766 244184304 107002088 489987018 963015182 675020507 201942868 106740795 723211303 870983848 13966157 385979257
981574579 311189294 227231276 367290714 822412455 95100424 544308707 168174227 701589733 867426639
382736805
612673645 822933851 685307105 806158815
288198243
110505698 216555787 472516023 506162773 171917198 624336974 691995761 195841234 720637129 415328662 994721733 614867050 910139923 535261281 244527278 471986373 195716718 66639924 22042855 518586888 420873010 145439284 775536319 134974378 407773500 384481987 708298204 187645266
487075534
831851203 299439384 460395407 516170393 571459384 562259162 326839643 7638908 203521436 631170828 314040858 575138969 404936497 42812260 154888325 336588011 550854017 562137647 669955506
119100162 857332182 480136601 792836821 495797181 134537582 376630331 750360959 765328198
493364899 79383919 807534977 162058429 308309609 866623783 625844568 132981389 835169513 580533894 51234560 761829962 495805914
672627429 380122898 171274911 89546989 441626174 148123090 416377132 422009869 805035034 221749602
82944745 497586788 677282390 569470318 562456532 45281032 755629733 549926092 168881958 597316669 745953814 785213965 749768013
909254576 804588023 740665950 879822146 631376696 898829639 584259840 376671324 103259909 634181012 803129550 415053683 981937096 614128949 447931902 494669249 61566994 446679028 79660919
516101844 619971278 394296254 115204655 990673086 140931338 253304321 609008970 874461366
622301138 925978442 535896878 348892961 50308300 363730664 546414934 611315515 895570121 389756039 532351550 560811824 949462263 488042332 856379023 975180476 27186445 879514223 896986948 257331802 628010655 731599946 162223800 102383119 798616971 920110497 872047070 871790436
21935842 627520301 424148577 134490623 557552693 172952316 562203403 605267226
123235679
429453317 661783846 815428281 395408786 725297474 156141620 521149235 181534891 967410287 41457430 327138100 496074795 594086854 591372600 916967589 86018547 784259202 976411523 730623016
112000001 132520001 685496005 699590005 989486007 279620002 141538001
772517571 851740743 73842376 434269427 517039200 100423093 506769766 390117255 124489917 261291229 954118734 80452361 207593812 417378755 390392855 909340071 624815536 189582072 211435806
849501245
328083993 0 0 0 0 0 0 0
26065811
493364899 554256281 376320023 977631059 80000504 825341478 600752192
919399032 935389709 914159545 69579871 968120910 143689817 328680614 927315665 294652474 624098860 176404779 273531335 746349449 753906612 252592358 763941742
731483920 514425226 865242889 134702953 260867022 600158540 674032514 500250325 475867371 906189603 816996116 896127784 964347643 665781946 301067491 243520460 109352046
133056001 960016007 87402001 991936007 285236002
747846330 566222407 683936242 695651158 782691993 149413033 129837786
784950262 122634619 19777270 839635030 325397508 685632422 582660477 893843993 746639649 915788133 155851393 431497169 398772686
995697999
845190584
818569615 455225728 773709325 557552016 505880193 328718785 240458127 517905617 578597189
49285599 621173574 224384571 902920653
890298676 678921011 872061903 11704123 397423252 723504706 247870071 235793023 144026168
558878927 242903197 605710065 603270092 188047755 530605731 518165807 247060533 610357988 711622162 432755092 409827415 454434363 508663337 602593178 233073624 202756049 545365030 775113386
620758477 430181094 247117968 872618805 999319039 194225272 442321467 767523053 915169921 223854979 668586001 102188531 796895002 493234180 378287147 820727109 420991986 415593205 4264053 337504552 921545203 963758204 104909483 745549962 942827752 785288195 600563842 759272671
865618678 105321096 466191322 960577692 746677811 93807218 190042316
78757026 588393452 80629671 423007345 286132277 52379150
429759766
0 0 0 0 0 0 0 0 0 845092741
120098928 257059067 35031860 752470477 439443189 447562343 419942238 601916932 279156377 276728531 306148214 126827393 122720476
641698690
123235679 183476019 887232964 226296203 282853963 137784741 82429478 53774132 425814740 548795256 898643083 879186445 471152706
580250025
206311908 790226810 666832027 573663661 273691215 530389999 370765522 392753618 992710898 66774484
863377071
64917577
516101844
485098004
253956472
249693648 702349062 373820394 196087086 52506574
978508589
235779247 837852858 178180971 164165154 471710143 972293040 243063996 779998563 278570209 797199948 139990492 602112606 378789194 35420448 630437899 954772988 612785684 177785631 332485138 757874472 4045935 395377210 318680248 123045291 885286146 509879647 359721699 18177675
543154945
909494007 117445001 267680002 996175007 569612004
1
831644093 328228263 862587914 973040339 208737092 740280579 99368998 641240736 74848284 977411201 796893846 891991843 116184977
761373928
223031329 497706849 957134542 12750828 925731658 723720123
434765558
469330840 282501409 174088057 865924248 139659913 326037053 656361271
261066307 641595916 717752360 304404516 784357828 283813739 731813952
549761748
394048003 940096007 532800004
656733192 795581083 293848972 384554651 588191946 538181110 165238479 505653072
906745362 12163569 44044188 980284471 456420912 525503423 492974805 716677512 854139068 857459433 974359005 317200566 919014571
150597488 745073405 948213263 515151872 674026077 130518628 931841449 114729100 161754183 963648741
990722664
328719648 95223564 992249323 471055477 850533761 999780527 388347637 193505987 356373536
478910670 972559679 66251379 642446105 783313924 791911507 918581269 305106282 418328027 203523709 418901719 848751486 337094925 149810839 445674466 834195303 857464939 298105236 451114931 479625479 982241035 987820876 722152482 673763830 406172914 29392790 57036324 883767869
831851203 385263139 989271057 795310917 957890171 280359815 219429354 110062665 421919025 176391510 505736303 442096727 377757268 182822570 847699163 655306585 299954746 100875702 286202172
283278930 848118109 850096388 383739628 331539560 85134450 405832310 741470834 398840586 274613657 503590183 125637886 109336711 252765655 545318436
966577735
960159510
656733192 683754930 369067970 150928289 765305083 872686767 929188400 474075181
34933262 259487453 499991840 594003956 943428741 845646738 103357492 45824316 886006511 336280649 733918316 785710717 954212857 388812678 946481958 218909725 963513566 895685264 886620613
924374532 344215004 844683717 79667628 249959391 396737569 611010138 74039979 390997929 594146304 671962467 235655956 631130567 107294954 344447842 919760223 960335126 388664254 166329660 121324746 352266024 976109151 11779869 966627969 760913302
495546820 292778850 83802198 687594984 414271444 4892110 438718383 433747809 765767602 804177220 919041690 312047691 135325241
887370135 493084981 927006590 513765462 378207472 93337394 105295240 111295558 252223402
498425409 230757289 483330429 895640182 265370960 188814411 457812291 353644839 145266901 656579226 536793838 950711889 277269721 461783633 992907262 136357415 236216827 740645863 454420926
185018698 398890265 923372932 898358455 901970283 202152944 359164934 970214245 436573283 212235045 297622306 872310620 609162893 129355686 602381305
776616567 21000530 587853562 267235339 42297034 232334264 378085436 819218468 331635877
772059989 769653420 683843466 971940050 541146654 927235405 945909066 719561984 98409774
483344021 439558462 949196909 285261522 210611860 528822818 103882535 994357141 91919577 991421569
980028236 617398892 170624707 309498041 172531541 905379981 137171970 750447847 610699738 196216439 54138182 631765173 866146546
960159510 185317727 827414561 357097655 120320484 658623662 457777523 195052827 993957383 171352098
999622007 707960005 251909002 957961007 113913001 132667001 712306005
335554171 7129653 216292567 371327139 39255768 461648938 480365009 910073187 517167249 456104796
981966316
416352003 122584001 828168006 828330006 121450001 987256007 995086007
724804597 638413189 44347743 817871915 68900665 19375386 467592643 329210288 929112797 318758507 441652658 785840251 402984616 650455110 302748621 644068236 825539494 579032056 247421023
706110682
375852276 587563836 20040971 395223107 188275515 0 0 0 0
594416835
933358391 80421842 89159572 535289960 901298760 329350456 381455840 321638940 234633328 899323728 625016827 474701079 987317160 812561810 223612112 721921991 109352046
879416569 115213916 891573312 883818614 636868763 998232369 594699995 235102489 239499149 944718497 458531297 32268457 240514838
155339180
832776766 74840003 396144938 879677756 814938075 312875042 912052678
863377071 857587776 719635836 176057213 380891241 747766967 951239851 683804615 47402680 496564457 789046677 280490497 683145432 5975188 342800617 428352886 496210143 617631711 650734643 332266631 464698866 867174454
845092741
790446582
78376379 756761250 890648246 712667101 126197164 442524403 520104193 102417086 713704696 382579838 624703974 270666554 620764615 478005969 691260274 270729218 798847497 191501226 5059150 337760956 261735086 310689119 90886869 334003930 86392064 917411266 966241901 630450814
128000001 974980007 970066007 972067007 981415007 989920007 567200004
606602647 993691139 442637300 234936957 812846951 586704217 593120430 333809493 631476101
638431211
668788956
177046313 781777816 423591960 443919991 358769931
301385127 528516863 178755128 558619173 617912092 974146493 454801769 729250043 18412674 627800697 672467950 162843488 765644518 226254194 896790062 98268501
874540495 897867929 960679262 916959577 739928751 586794362 115395750 26749578 463330049 692679831 805846934 541386979 777899427 797763889 319827501 57178114
342985142
78376379
293368321 695722371 907843091 902757066 8919614 580730277 423853723 603140166 846658128 819997960 819111329 795571804 31795693 4714848 615032284 588270303 489767721 346088198 74463385 963304829 884054806 472199802 31146559 733446409 328590275
37911085 602400493 761343916 454620545 169932224 933005155 795102378 209028917
592189104 633047166 169373116 394983886 874738124 917071724 304935907 115778422 815272081 872808125 58315881 2589119 599977222 186612469 351716233
731483920
374004935 435026357 780323492 51975805 372357079 383598801 550483900 96036119 142928248 454642444 779805320
328719648 118246101 51746187 530044913 924972774 45455055 209849192 188787640 595730919 166829320 257895782 578588801 751678220 453780496 976444819 498692973 590611901 254090129 193432581 374451623 164470490 960660275 796327845 654995603 497815802
483714235 9303005 717371754 857030697 652121626 181769544 44028027 552508707 854412613 955454672 472122543 590887052 315128291 761191423 742731558
978578252 555703594 928164508 638783074 48123610 81111988 682905926 304619818 895637624 312839586 534489224
949490267 585547988 31294512 797546462 429178647 229056287 743847446 39677384
480544340 961095422 218258329 11072410 376181805 311807954 694399746 894806372 456898585 532011067 180277615 161992577 594143897 608555062 703959677 127858903 543254090 231440906 191311004 814781347 696197016 360937780
702573503 363299039 648904967 730519748 616625421 132055735 906389551 298615558 88856012 423581897 325349162 689686808 687221689
536353270
46113025
225190460 302546777 653646970 807129399 658350690 833441366 834802296 312071705 6897208 288842494 527554985 217246507 377538228 187659832 336994368 420726511 551352133 137672201 755512959 53405376 663161166 418369154 453551018 74069460 469381591 485422308 108293092 541757249 260008291 860176725 923063063 394951500 869583087 500332114 872681655 317234640 432431992 938305000 236641559
787138368 237676131 721042317 387089892 504669167 343496565 155565338 569650191 985555604 700763518 222779312 120002201 615642080 477228187 21432602 183039783 811469113 798359858 79272432 929891367 943907888 941841791 631298933 901325272 935561476 556072989 11245791 604772642 156074194 807546492 480580174 488350614 965940816
882059234 719535228 66922115 202751819 78912392 30390764 618076891 372582637 761508532 758011546 702448338 419368904 344961390 438503229 798747591 603402801 541067489 793265461 241801602 142111171 881407377 871556841 937929210 624318609 994833658 979498169 632428896 934526663 878621942 214810682 643235252 705765513 507740692 418478735 640395468
381976701 233427410 261655323 85622652 11023315 178187003 709255420 427543016 886500568 537975786 626621143 234435099 405354270 46788065 717485863 356199905 142149065 409574389 654193070 557640944 752622446 234442383 891391104 6904785 606744413 3133172 259998049 125013187 94194745 786701124 180189212 641244430 564993907 396440075 910565707 964895005 314504455 131567854 51596297 450992593 399716941 14442891 50277052 806837728 395027124 287175256 916084078 106231978 159020724 867704024 455547449 74565890
642163353 614938158 58369349 214702916 385389687 240267381 946687605 572384266 399635 454675504 448485107 641528793 699263582 280184972 590207257 974546353 490003394 49759496 769777899 263147080 380316209 825394009 474967671 340943822 824809163 399003974 179403129 370686300 210119651 866338618 451271437 520954860 794585570 24423038 21948206 547162152 582908018 338271997 373012277 471216861 573382745 362575541 425107985 922477845 132246482 961407794 62488072 316652055 92343146 571229963 634608745 610885192 721256522 365431410 91253752 547284477 474569795 486104879
186571834
651133195 857033289 403768143 324451534 999265923 753460174 727326441 289692726 700558264 63098866 526453224 487582435 213614487 750860296 825883376 355705198 660940710 239990790 201609765 503537897 103977225 798781858 852223431 659157882 962781518 309085240 76224045
64632045 535484843 841802295 673518335 145910283 733896805 314040194 119509968 844122613 289760590 486013166 650117172 823987719 672940016 999119715 508765991 517684093 165556056 630318035 394281431 555635300 766708080 593139367 89915107 659105015 682025650 596083990 613530328 125788016 110393756 285690420 980749523 153548559 206644046 383996038 171307890 979914581 639789550 718101984
523487796
318387380 47455837 943538504 645534794 687205498 689023788 498936086 489688282 549124668 42447507 996562219 350806836 392806265 985960650 978234936 897955293 870324654 188742655 44700691 636108282 335694025 952380176 751840133 883052385 781982446 208622820 49634590
654778596 904358006 245159318 651179537 508627298 457052413 470711039 381854861 462340151 576371657 938832143 70007021 344331806 160698813 251311269 913793688 853033735 156330748 168482864 107905277 439741133 779342953 113965726 510941214 832346080 444167294 567965825 673690564 181657048 324279623 380325325 25332694 935100409 730099076 711584022 141270182 967999206
515594517 77418794 123987119 945691419 44318772 994332666 960194466 213770724 608573024 659975782 18270580 536016018 909791818 987405607 153745228 555162955 953776745 762331959 587215923 462161321 850858469 706672648 722467588 687658539 351300794 41769093 716584701 695030345 744238016 205491189 654678573 977776880 263568093 312789270 227217572 495113588 787385575 174555242 742825887 477757850 208063888 740669672 499004051 96366421 624821092 947350789 680628206 525237143 474185112 802394552 708036742 662819786
534164586 903914527 100014793 878094533 188736527 167722145 856477757 556892298 44436442 528351795 735763531 999818304 904120960 508086539 551462636 17354199 192803157 869332848 164456718 254514637
564739008 846515701 496796321 608818213 436942302 606382504 162956382 165977211 639890391 913376249 379432726 368114024 186592032 280179284 172572232 78078249 266646909 844047252 371767014 292886372 0 0 0 0 0 0 0 0 0 0 0 0 0 0 0 0 0 0 0
450058085
901763921 392811165 323346357 449920433 362301816 438657041 171004052 779928741 656551547 889761929 476543400 111270246 705471688 643084941 986170318 115938316 150828022 404848647 928034381 895916507 232638742 753577494 435223604 826167421 999740371 351957269 110407266 50728962 339089943 687321949 900099098 560835066 533439980 449607582 50053510 423508649 311164198 513798167 761844222 895652617 598658469 608912114 580011342 117083832 774465103 52745658 981715944 662012400 170975263 636182820 544642314 955578264 663760638 506086562 248479586 736637736 774488974 6052809
723542127 333712008 230760812 779055137 158568276 693811436 581708453 810178047 301365391 58929967 842631105 257036941 587364062 558126921 85791556 933883297 629190570 753733725 84293195 332691589 680901280 653911417 101255054 972573325 704189540 614036112 318108982 524533505 402444986 893465386 189936846 299687975 663400386 238110941 635924941
138007867
286675235 248455274 358331039 335447360 505903816 39980284 236027358 414385688 966487441 255931327 272924752 394013456 668937731 91603314 436387998 433001093 806228547 477538526 260229448 54738789 575091913 918089078 673625483 407694430 861532843 187641589 522380115 887270690 420598220 860183313 436219817 375411349 415407810 627488072 588794442 372609097 116865863 734114021 75892127 935728983 293556933 746396767 884391178 913195841 940101416 592034323 298315659 18500240 755294952 356423588 328637154 664053690 387301353 548891933 218743654 882341589 163181234 559598508 371725260 129673711 31220532 99930996 322209097 305792862 67459095 796091884 2866409 664899023 363039317 376763029 528932181 683264509 340825684 521738165 135210459 213673202 958227086 675999665 623347769 210856236 422531780 505139884 28877603 601110159 368516914 706507420 943495511 901518551 709512310 417598324 35841524 426550464 984843683 120692499 959890014 126341926 19902812 375800628 763777724 590421626 521555424 576542516 805275159 359083748 35518701 248823448 647676778 662025334 297359963 772881198 46092061 372172947 606148092 395997150 942843695
36636434 66303698 985364801 272707777 947117017 59388525 416699139 856198550 62986309 891202007 782201776 202797053 326537152 580018296 697272102 163796907 580189796 183724486 701840163 880170557 119344171 486951845 516057824 579489529 378680339 144335487 829849328 53310284 695619869 992378377 286373230 54198142 563302661 761412140 792329460 350286516 473981017 262769985 820068742 143641470 47056580 249554176 588310304 22116905 159015032 446164555 590672620 234322294 558078604 305691373 719807524 871952027 425235689 443339743 405943467 460848409 237481624 192565624 123762030 292715804 339117930 500529840 607722032 477251733 432981929 171059651 400877227 577882704 429420076 665778455 65033400 547677865 275575404 888446997 829712552 231497124 279714115 813771947 39205903 252253265 701702638 569830955 549313367 229367094 958605107 194203325 332909818 477047255 47387792 309531725 334261025 309103504 63189984 229189147 616468403 747813335 945425674 873272914 920418399 830981153 132459883 21896182 914779132 524150151 683834805 664873654 371222838 417132916 506253896 952953604 683393167 616519209 266706557 336817950 194699060 194994740 592101345 900744026
