1 2
1 2 3
1 2 4 3
3 5 1 2 4
4 3 2 5 6 1
2 6 7 5 3 1 4
6 1 4 3 7 5 2 8
9 1 2 8 4 3 7 5 6
10 1 2 7 9 3 6 8 4 5
11 1 2 4 7 3 5 6 8 10 9
12 1 2 3 5 8 10 9 11 7 4 6
13 1 2 3 4 5 12 6 7 8 11 9 10
14 1 2 3 4 5 6 12 10 7 13 9 11 8
15 1 2 3 4 5 6 7 14 11 13 9 8 12 10
16 1 2 3 4 5 6 7 9 13 14 8 12 15 10 11
17 1 2 3 4 5 6 7 8 9 12 16 15 14 10 13 11
18 1 2 3 4 5 6 7 8 9 10 13 16 11 14 17 15 12
19 1 2 3 4 5 6 7 8 9 10 12 13 14 11 18 16 17 15
20 1 2 3 4 5 6 7 8 9 10 11 13 12 19 17 16 15 18 14
20 1 2 3 4 5 6 7 8 9 10 11 13 19 18 14 16 15 17 12
20 1 2 3 4 5 6 7 8 9 10 11 12 13 14 15 16 17 18 19
19 1 2 3 4 5 6 7 8 9 10 12 18 17 13 15 14 16 11
17 1 2 3 4 5 6 7 8 9 15 12 10 14 16 11 13
17 1 2 3 4 5 6 7 8 10 12 14 15 9 16 13 11
15 1 2 3 4 5 6 8 14 10 12 9 7 11 13
20 1 2 3 4 5 6 7 8 9 10 11 12 17 16 19 13 15 18 14
20 1 2 3 4 5 6 7 8 9 10 11 12 15 17 16 19 13 18 14
18 1 2 3 4 5 6 7 8 9 11 15 10 12 17 13 16 14
19 1 2 3 4 5 6 7 8 9 10 11 18 14 13 15 16 12 17
17 1 2 3 4 5 6 7 8 10 12 15 11 13 9 14 16
18 1 2 3 4 5 6 7 8 9 10 15 14 17 16 11 12 13
20 1 2 3 4 5 6 7 8 9 10 11 12 14 19 18 16 15 13 17
20 1 2 3 4 5 6 7 8 9 10 11 12 15 16 18 13 19 14 17
20 1 2 3 4 5 6 7 8 9 10 11 12 19 18 13 16 14 17 15
18 1 2 3 4 5 6 7 8 9 10 16 11 15 12 14 17 13
19 1 2 3 4 5 6 7 8 9 10 12 13 16 18 11 17 14 15
18 1 2 3 4 5 6 7 8 9 11 12 13 14 16 17 15 10
19 1 2 3 4 5 6 7 8 9 10 12 16 17 18 14 13 11 15
17 1 2 3 4 5 6 7 8 10 9 14 13 16 11 12 15
18 1 2 3 4 5 6 7 8 9 10 17 14 11 13 16 12 15
