362746
204622773937010368
1842274693419666
10
261122
13246
278560
288230374541099011
470680
52744360166134996
2
4
229344
5
3
227875
931696032459363330
5
91547
11934510229120609
207898539554066748
250895
131072
235905
31
270974466703367568
261125
77605
5
5
229347
422390656965471300
7
25555
290126
92536667711149500
50370762424745288
6566
130565
50819
923598
7646
4813
1
8196
1
107151
27987
235902
80364
1
62046
130562
10
6135
8977
6913
42647
16914
7730053694477724
285462
1
211
20283
9
270399421229793395
2
481910
403064
131075
11
490929
209365
3705
26847
33375
6
1
111872
1422
1
1246
322139
132936588853933203
59011
194817860243867585
6924
100868
282321
288230374004228101
179
88686
235332717552573373
4015247691159880
7
258900
11
308099
1
3
