873660064
213549250
882499299
266729120
50406348
590166658
722827750
141095551
402171718
11972512
114066894
554950069
562286978
727078798
954512219
516399857
293005425
271457092
320085238
872326999
393640061
45966629
739809867
401831538
907879208
102001026
899092265
384271270
225906612
886191528
176152103
105076381
141853167
205092951
592429535
47027576
58416871
194524081
90037478
226128675
725672698
142983863
72906174
582480455
654992119
465081245
770524094
766793006
248274123
436432275
930236836
452411683
442949435
549377829
244740961
76145371
763471956
890874645
602459224
165706748
906210943
776646504
915097382
911640532
471778492
250573615
135460550
779636402
878064873
566937227
661335492
114258721
234283147
82465843
117113477
634751480
92011924
811456069
388792796
100842910
504781425
580316468
599625749
761917489
771740714
557409343
537621137
373847120
632226997
899054150
558012874
208153773
680008214
954184616
499321604
821967781
793390748
527028740
206062609
952865540
130627148
107591698
743958714
589920414
533193072
616958335
456625786
313732474
246284418
135563565
651623624
144889884
499239721
79130404
913265614
469596101
897380651
102340075
887480789
893295850
558420639
404524582
95117187
111539606
604921375
653910186
197160504
563898263
223129974
43864893
723385276
107056155
739980562
19055853
96272754
848530736
692971103
762332863
325283048
537172496
202659134
665963763
385345472
371688208
146538104
813990836
592885472
443941525
217949457
234240929
431613801
390422724
887062159
252174889
898472691
894953007
605799988
704066771
401880894
517677674
769661744
667515337
810272923
277452446
389970945
702373798
744875886
191093034
624496447
509636471
844882667
412257226
903699084
303769919
295753648
810480327
418729496
845148556
404024799
64554853
790641269
326303347
640621641
391792542
504974610
379850674
212362381
782777501
251408913
534535152
423911203
701559286
439608156
860942263
614515006
783243893
299486216
922138907
559651914
919758517
823371427
724772615
501752500
530879897
583389847
662493546
736509643
158176142
902127636
687205339
496203099
465399431
770239380
913089905
92351901
647888746
932065239
959570911
661113123
170134781
797260217
494474264
868702708
209865254
866682649
733202839
102147306
279321345
904433149
917292795
409599878
753528539
825914906
541432294
500469344
631129175
534352125
815363077
484123184
283236607
63093715
602427569
242270952
11007204
405620792
524701988
887597138
151112407
737581002
75314696
44195458
660014145
87182974
924429327
846781577
14737455
5670996
586585279
770718405
509269669
684962979
146463810
945062028
76726631
39821861
340703703
376405954
654441219
1967776
523290675
374035169
672693642
165099419
326510747
399781652
76033373
551072216
110708627
41976222
274833139
331820061
16378664
21744297
731081023
200510410
94234354
783350053
717715175
342369142
738414761
383828554
163531727
61601665
325325414
262896838
899728166
364690803
294467620
314647993
878776298
417006905
531701067
310544390
641111181
101884727
648192735
892403069
958871545
528206209
804013681
914221651
954781021
526603398
690441493
568563101
724240429
931297671
488701555
447963626
83325887
327825244
137630310
840460056
162397988
33167243
545386194
464413823
352003247
448401595
907169343
456759037
319100357
576296454
195971056
664115410
756245925
721349460
59340561
85135048
799573772
368445965
281270903
678833349
448510148
364220824
193785305
413886137
577840071
542264861
216989982
551890569
645624855
111044159
333600305
153990301
810753327
97938433
683427381
782361995
610575008
647429655
419212000
741214805
346043220
394013410
31612439
645838410
336194869
328621419
599661972
555510832
850970399
892429968
953195821
113392430
282315970
493071691
669442159
653605136
733778656
903333120
316580134
376889350
825757311
716209988
38732177
724648212
42127578
271499455
356051317
778896410
622594274
770889250
245346214
467267407
163618503
677692835
275654695
87863429
702413414
54759981
256175685
571184365
84096057
226430946
454896504
66462936
738345325
271349033
529947228
481868353
880280647
10418167
683952325
283800125
913648749
798643733
100325206
1829230
239753659
842555104
496441955
533402765
65414793
860946208
371897794
150536249
257351496
656013936
729080011
700918135
473320439
194250239
423054953
81415466
339644432
818438896
867146228
472593823
819383634
260275399
656115090
789815819
72526728
444689863
491279200
663117761
467124303
158514437
756276930
203881337
336726813
253595194
695759071
308888718
846731438
852175134
767908794
172922242
662721002
769617981
197912713
32694165
96110369
455441283
493285602
154545638
957177079
689875405
701807416
585810167
532202842
536213362
512737783
264001373
809365442
162418825
363655651
327686050
295271114
243318715
656982500
584087763
546993981
690053597
922377685
273706287
196926781
454971336
925538332
347439653
362697647
747631823
566730282
293640157
73579360
555048238
735249329
371884208
82652141
460283345
779587418
383876309
826474799
232436215
412745081
593787465
62058372
716971360
137424930
557162077
361167122
496391792
370800325
278444451
284960766
691395514
443635323
707363579
740595210
783216663
638221354
682183060
958766528
558552322
253021285
742947543
377107772
868741278
169844231
89421509
43086829
425155528
854374541
116326388
155831672
292902764
363015207
335515898
300113069
501765134
707696238
607240099
803212787
908854487
251980337
633373579
711704760
458506376
258136868
292437211
818038742
833658902
182363686
4417057
819162607
107581193
891128136
682795576
945437172
194162377
380617522
174577965
849106494
248504604
678769766
209606221
818988922
693263363
714108076
331862559
714801194
684286487
127342967
615439213
636604595
920532573
591869702
816711302
235785241
49606420
454104012
157473857
542739027
32775806
945402493
896571326
946234715
749468491
658615397
196734325
824343206
906132543
22817540
380666648
647330322
170488877
951386988
196337908
883231514
763867438
416146421
164305321
691282507
665840374
380636505
949196856
932707500
589716683
910523740
749782833
568072123
133629678
446441502
57820414
415719319
338793094
495774847
170204617
120933593
728941968
835231566
782385368
219160859
113198320
13579691
698001806
467557321
951003880
796025343
156470131
675946343
430869952
119538286
72760373
397328534
614555820
122214187
385536181
499659169
397228597
823887635
500430116
546254053
298881817
212747362
837093358
288430706
159923820
381005434
249718706
103805679
370462104
872762907
113411840
55198836
690946377
827794206
157103364
4839967
670410577
863159255
651444412
352614863
552375937
757078499
646276369
504338774
807813596
453208392
736431937
67120233
200022112
763743600
917053342
634394207
635677477
903508584
859620537
5245023
289105021
855585539
882850149
825136996
747400819
484478531
565361657
306178135
656964174
620419436
821602875
342684923
38082166
830943220
126186385
235649657
925211308
362861239
197539173
665473958
777143550
327319999
818082366
656558376
413883141
803395198
800535933
551566163
734295031
850816697
503214770
924379366
585552205
832880657
373064948
491549481
233724053
49422808
509691074
905016729
754355206
605354573
48127632
806156764
297409861
706583091
253236950
669297473
760569323
349371669
390136937
735834600
485498672
806520779
4724695
157237366
738574676
311749295
375290948
516816775
941930113
173344023
195158043
525386291
742826502
512850401
696285041
346327476
908974722
881484522
576882061
441137333
29479336
334906711
771605789
522231211
415269077
661331300
161804316
638449534
819306794
532753897
454370169
706412894
475033692
339382211
386764352
821480341
866454787
10157385
704409336
948477358
846074928
530194755
296559814
303709811
242765088
881648512
133909152
597545914
840910575
661994990
851184059
906299079
504307219
755478137
457709677
136981237
289695497
406387895
286594492
784742596
144259590
604346431
930107212
554128949
175766411
309511182
438768496
745251158
309787005
128506092
918441442
193876021
392075421
764247595
643973326
75045635
851032006
112457833
123550471
707239327
155390185
918747509
830507184
672401213
395999287
611953212
297295099
407710863
876536998
126533803
896228673
843337273
442233197
901735084
141847806
206059331
817937530
820694662
627165909
6059231
177937057
268276132
698695844
736815942
167171343
911794502
206173499
249278463
213184637
653169702
8525571
950724520
550445750
509060197
430516611
157759937
532824970
134124477
85486773
147711067
149508556
62154666
110484827
913362697
450312497
764635405
738968305
17001482
882060245
417834272
715854163
673056665
74295344
225935492
440809818
903431937
833945294
457746984
199677999
953943402
300850180
617963686
351449168
806324283
828980235
483114687
774285525
274570656
354023548
28665581
913273322
125799311
143651464
288995132
819231832
286600072
181351428
230228003
854139208
53435400
374056673
311307278
86783659
291654111
641092321
238735002
272510977
501475692
338895368
870639625
219768268
7823243
741342448
60755112
678083305
692173647
273854905
783269330
234140921
470311703
689733264
805555571
330782197
666310370
322780655
868378602
934386461
44811973
646237087
460358040
817081313
560504959
100536205
582192025
358167222
322440044
332967928
481785183
638848135
844699837
792165463
518271950
792387275
146231078
166638932
931932121
818363118
447870524
134594332
24009100
524817425
289842726
616263356
713587902
255587809
652283109
730755028
36233144
104844837
944530627
39358412
524390502
485630458
862060481
917697021
780012003
661111426
132261939
199785054
555729062
166862086
29628830
744767558
415199893
683818888
551438847
803630919
902328375
851359922
370027891
108360103
298063746
292007425
211786581
321593329
720798573
849792593
117912449
146363228
887337865
803535260
830742157
651965831
502682099
525155210
645089724
359289254
536470288
944181669
34565657
952687828
833116654
396767874
501847663
309305423
340442655
400066929
589138421
-1
-1
-1
-1
-1
-1
-1
-1
-1
-1
41139786
-1
-1
-1
-1
82282821
-1
-1
-1
-1
-1
-1
157983938
-1
63562985
-1
-1
-1
150881478
199801504
144513828
-1
-1
-1
36363475
-1
89551238
-1
-1
-1
88214803
-1
-1
-1
-1
-1
-1
83455430
-1
-1
-1
-1
-1
-1
-1
70807522
-1
224848254
-1
-1
-1
116624430
-1
101017450
-1
-1
-1
-1
-1
-1
-1
-1
-1
179045921
-1
172636354
-1
-1
-1
-1
-1
-1
59873891
-1
-1
-1
-1
-1
-1
-1
-1
45451951
-1
-1
-1
-1
-1
-1
-1
-1
-1
15547337
-1
-1
-1
205381501
-1
46870460
167745203
-1
163333993
29585693
117793478
225188310
-1
-1
-1
-1
-1
-1
97650357
-1
-1
-1
-1
-1
-1
-1
-1
-1
59348183
107904097
-1
203539658
-1
-1
-1
-1
-1
-1
-1
105884322
-1
-1
41514400
-1
-1
-1
-1
-1
-1
-1
-1
-1
-1
-1
-1
76792992
-1
189820618
-1
-1
-1
201466235
-1
-1
-1
67267944
112723976
12026365
-1
-1
29752259
-1
-1
-1
-1
-1
-1
147357065
-1
-1
-1
14321041
-1
31753855
-1
52231684
7569097
-1
-1
-1
-1
-1
-1
-1
102616179
-1
-1
-1
-1
25411902
-1
208646785
-1
-1
201778324
-1
-1
-1
-1
226953949
76854357
-1
-1
-1
187972287
46669613
-1
221493447
-1
-1
118704625
-1
-1
-1
-1
41236344
-1
-1
-1
-1
-1
-1
-1
-1
-1
142286525
-1
-1
-1
-1
-1
-1
-1
-1
-1
-1
198007552
14051903
-1
-1
-1
33691008
-1
204211376
36028645
-1
-1
-1
-1
-1
-1
-1
-1
-1
-1
-1
117063108
-1
17585578
-1
-1
73325715
-1
-1
-1
-1
-1
-1
-1
-1
100019229
238776489
-1
-1
-1
-1
-1
-1
-1
192001457
-1
27278753
171475541
-1
48736684
-1
-1
-1
-1
-1
153775359
-1
-1
-1
-1
-1
-1
-1
-1
-1
-1
-1
165265553
162528104
145349116
-1
-1
54449093
-1
-1
-1
-1
-1
-1
-1
-1
-1
-1
-1
-1
-1
-1
-1
58869451
39972190
60780719
-1
-1
-1
-1
-1
-1
182677908
-1
-1
-1
-1
203186182
130909875
227519386
-1
-1
-1
-1
-1
36116044
-1
-1
174692426
-1
-1
59663649
-1
-1
-1
-1
-1
-1
162972005
-1
184052695
-1
-1
214823922
-1
-1
-1
152890702
-1
-1
-1
-1
-1
-1
-1
-1
-1
-1
-1
-1
-1
5653716
-1
-1
-1
-1
20016920
-1
189961778
90274365
-1
43464561
-1
167790906
-1
-1
-1
-1
-1
-1
-1
-1
154399493
-1
-1
-1
-1
-1
-1
-1
-1
-1
-1
-1
-1
183286338
-1
-1
-1
-1
-1
-1
-1
12426847
-1
-1
-1
153051695
-1
-1
-1
-1
32249072
3453022
-1
-1
-1
-1
-1
123783747
-1
-1
-1
-1
-1
-1
-1
-1
-1
-1
41710750
-1
225610289
-1
19896059
33423386
141294634
-1
-1
-1
-1
-1
-1
-1
-1
-1
-1
-1
-1
-1
-1
-1
71422999
53618508
150258406
139672004
-1
95068233
216396250
-1
-1
171786796
-1
-1
-1
234837205
-1
-1
40505659
-1
37569690
224966800
-1
-1
-1
-1
-1
-1
79825020
-1
-1
-1
102799768
-1
-1
-1
-1
-1
135428054
-1
-1
-1
-1
-1
-1
1398661
225902086
166022725
-1
-1
-1
-1
171525273
-1
-1
-1
-1
-1
-1
-1
192016966
-1
180404935
137711660
235459968
231701755
-1
-1
-1
-1
156923437
66138213
158341302
-1
-1
-1
99177026
-1
-1
-1
-1
-1
-1
-1
-1
112119376
-1
-1
-1
133021578
-1
-1
203366556
-1
-1
-1
-1
-1
-1
-1
133909489
-1
-1
128852654
-1
-1
91358757
-1
-1
48764677
218319091
-1
-1
-1
106841595
91053949
-1
139894437
-1
-1
-1
-1
-1
-1
-1
-1
-1
108640421
-1
-1
-1
-1
-1
177223021
-1
-1
-1
-1
-1
-1
-1
44755198
-1
-1
-1
-1
-1
-1
-1
195748423
-1
-1
-1
159648648
-1
105966190
11568868
-1
-1
-1
18158490
-1
-1
41732445
-1
-1
-1
125381189
-1
-1
29425582
-1
-1
-1
98835733
-1
-1
202050594
-1
-1
-1
-1
-1
-1
66156998
-1
-1
160924457
-1
-1
-1
-1
108893974
-1
154358378
-1
2460638
-1
-1
43736276
-1
207187321
-1
-1
53722224
191705063
-1
-1
-1
-1
-1
23125782
-1
216758608
-1
-1
-1
-1
84882069
-1
224163622
-1
-1
-1
-1
159070247
-1
-1
-1
-1
-1
-1
-1
-1
31505397
-1
77764465
-1
-1
-1
-1
-1
140002700
142470984
-1
-1
-1
-1
17737084
220148430
-1
-1
-1
-1
193191158
31720029
229540748
-1
175879625
-1
-1
-1
-1
91655200
-1
-1
239082536
20117825
100205230
-1
-1
-1
-1
-1
-1
-1
-1
-1
-1
-1
-1
-1
-1
37223820
-1
32978423
-1
-1
-1
-1
-1
-1
-1
-1
61601759
-1
-1
-1
-1
-1
162246856
-1
-1
96988957
-1
176773130
-1
-1
-1
-1
-1
-1
-1
-1
-1
-1
-1
-1
61223503
-1
-1
-1
-1
235826609
-1
71857776
-1
-1
-1
-1
-1
-1
-1
-1
5863815
-1
-1
-1
-1
-1
-1
-1
-1
-1
-1
-1
-1
172280399
-1
-1
-1
73390072
207528699
-1
-1
-1
-1
128109289
-1
200383658
-1
156347673
-1
-1
112499951
-1
-1
-1
-1
-1
-1
-1
43494468
-1
88069646
-1
-1
-1
221343642
-1
-1
-1
184070000
-1
-1
-1
-1
82807632
144967772
-1
-1
-1
225505189
-1
161160319
-1
-1
-1
74062776
156624183
-1
-1
-1
-1
42883586
-1
-1
-1
-1
-1
124967194
126866143
-1
-1
-1
54365580
-1
-1
-1
-1
228761324
-1
-1
-1
-1
-1
-1
-1
-1
-1
229959147
-1
79894361
66259635
62242199
-1
36338272
-1
-1
229582300
2910840
-1
-1
-1
-1
-1
-1
-1
136342425
168942680
-1
-1
-1
-1
-1
-1
-1
-1
-1
-1
-1
-1
-1
-1
-1
-1
176817252
-1
-1
-1
202154310
198137653
157490268
205402291
198585091
-1
-1
153610587
-1
212064861
-1
96140937
-1
228796017
-1
-1
-1
105745755
-1
-1
-1
124924697
-1
148282638
-1
-1
58003002
199617407
-1
146573367
-1
-1
-1
-1
-1
-1
-1
191139711
-1
81308743
-1
-1
79784224
-1
200578029
14800629
96198227
-1
854239536
416701029
821328661
515373682
438637780
214526629
572863190
651330240
261390903
105594678
824431905
729329692
951790244
119896223
762637930
870783620
390147647
892147108
257535609
120803296
684188988
165918810
750919159
536673720
610725569
543221513
186411560
401156090
659997247
857849817
335505295
426210146
310820598
631667219
326225433
182593029
54137769
509912939
485768908
587468646
303439586
226137217
633091285
113039893
120522255
709689426
584483139
889472834
621540127
836144521
352063344
306386028
908773932
463633698
711335960
322000003
947392900
556586253
635449908
369534317
230564895
11931176
790349168
515621814
935961956
154821397
442063151
144880587
783539012
411967409
292325139
897555365
284680488
194501210
269851019
440841071
11528829
560150063
949960267
109765889
748093569
113244301
902388330
599124729
375736386
650797412
769595356
199923828
396017324
793381376
78268945
152430519
439482944
95729381
516170750
76763943
77073448
905760015
747264256
565795959
107285620
851291569
667290998
408487246
147694967
701624698
222467582
672231618
330071126
202714781
310359033
456765623
124191603
525373811
46641978
759477527
634769141
180736103
765010527
463659684
252276912
637736997
523340456
888324412
523001685
114011570
928937755
837901377
325228228
96549994
62505725
680996587
188889582
203355653
280476617
906366958
479730809
611071208
808062541
878342485
360509371
251789025
613531674
180020400
271781563
503095214
206534348
443929964
57401674
383988619
9076604
710520760
634226500
423474654
231844411
209890924
175966773
454717302
868804411
800551824
89536292
513730440
70363051
936479209
773311723
206549526
811008297
856086182
548556674
88319092
71037322
889973722
148100851
797866941
919898808
288385857
322127881
768959061
945595153
856573100
876983124
869423911
209809683
677716662
604450256
727174030
855651451
140074728
772959984
666410106
109630955
787427693
815900512
685875638
806004964
387298199
359062872
100299473
689826352
423422163
654111067
254371477
555800608
436505509
929360809
821507116
305608356
642191747
944135404
692611323
91144094
708182548
803838479
507581961
87296676
591927138
273376295
542652329
908090652
892698857
402992944
727536080
552439627
105528998
469263795
875544819
674040778
450647064
487351962
66868602
457658278
143117718
540436112
619040811
612660668
958859726
857893857
224981409
113708270
279356250
862338725
379356579
57641278
448474672
338188822
346955065
841509686
400942606
492774436
235207802
914959920
346870721
784934618
823502472
816288710
494767736
321862174
426333479
903073959
923398463
837571326
571987741
707763627
652764374
958313802
924216678
208593459
36922948
127868701
254389447
906670605
266736493
213100471
725447529
872563701
238173606
368246847
607281587
80476348
291686616
40886991
831165113
755507121
938159551
113213433
868866182
11936878
111650143
548858589
491782049
559163812
218913451
848793159
586344516
579013021
883903284
744110522
947252854
353980033
680806178
632655827
51879652
199762850
822172536
676200848
440533598
148699659
435227415
349179054
587919879
22655947
954285497
151655221
375319059
875392008
351491814
939503381
154622165
736127312
415602488
48461375
881481577
567867823
452751896
28417306
656370272
762047988
552296287
414091401
5780954
299015169
551232571
774671428
464898341
15705811
950833215
148057140
531350363
28525989
122339595
335997600
707901666
718174060
509845517
901201757
376289063
421676605
145249599
337860980
608086083
801815629
80239576
155827624
610968265
155719938
503665975
462937712
225903328
640263329
718683673
726790600
941555393
521036330
527047625
424854256
183097097
486958133
788190637
750728933
315556278
895000446
289088058
897713533
564158250
508099976
7410475
228558963
126777396
731739947
833952952
502137552
371343088
764623152
572136705
685390903
759824408
552612009
321223193
470959464
880362507
389495144
392947225
652700246
122948953
344802261
738748104
759098771
42929477
312345476
77064332
178968315
45661661
505832224
68685978
911991136
922480476
599922399
507155888
675022517
23410964
123627877
530395823
197827402
328061030
817943774
457071449
383471444
857369283
246012239
786331257
334113421
241302856
193243962
319950221
917829921
169378696
256530882
373426303
29947882
547465133
180991311
32560128
688487370
620546231
195206920
835950002
461391659
745888305
920851084
18724886
947052941
769198278
532346245
141249015
597549573
866157627
330361539
506620658
876871478
434510738
404798151
316142719
288036134
722490789
485061895
412730384
811150863
725172982
261228696
338788296
910151357
77123151
606006247
340622324
86909527
486544080
18663286
650372223
154267099
537948743
677240897
331814580
441612079
721479331
279103217
285836432
498082878
95590599
817315187
512152973
448596745
520427001
907577658
923454972
514725493
27838003
481395386
403340165
736481680
658238654
791380392
423865453
338211178
64965210
633931050
135029585
516909598
928488641
116939651
437068000
600674769
319489024
460455651
431802902
644457903
452476032
188708837
85708181
278692500
662170356
596506949
695886697
192971768
917189325
98392047
704748436
591747047
389761387
946929669
481275058
927752914
910672607
183785159
207524496
734780794
114669823
842273648
718834142
944916529
383159191
8345378
761365999
344812274
424464946
780812498
414281984
189362746
957171888
651202364
304184600
186425471
366272039
375192631
506154769
945228076
512552078
866580239
462581375
89401408
295793050
237436314
189055488
954826641
750777757
389540095
598324141
716999075
750619932
517308371
47752141
403660216
271191946
547830552
94724393
910318694
330079133
384520824
2306814
251181226
515745670
317636400
323467825
955817856
318639883
604529104
652083347
838721504
170738371
389185663
584043682
193414354
774580993
70190540
457949866
947479656
117622991
778635713
355530560
639922169
659032498
42404082
465127410
69568225
49044673
338523326
514588269
392841711
808772976
938660562
80227941
891176488
254326533
917223667
117074685
279143791
123442805
313880236
532284670
281729005
741484777
394894360
41529671
488696417
417070907
42805175
783157652
909941419
717789246
310150081
419194185
764175861
73701568
486513888
518374848
497315181
236066499
305980186
960135912
768674353
316691250
855446546
570453933
471776046
257123378
132897962
177476052
638840191
672878799
624728244
672487032
296399451
941155729
580092345
296192564
127613440
457447987
862430794
492381503
9195199
858211841
909345197
466742466
169028410
956380301
871006186
930909083
552291015
360949245
289249783
543673027
210637911
497591643
467180866
715702576
234270138
596721344
472071033
90983233
746223697
951389207
266550873
542105653
448606943
639447600
23539723
755464353
880375632
53306925
308436244
357907429
563611712
146626428
928279609
34162591
467251188
696979681
948507221
76372339
572381483
380155624
785674955
742573882
941918774
435711939
93409145
458768200
342357285
885253211
581745750
603037437
753168448
715473116
72061840
202815917
634740674
48203710
423324003
622315745
72391252
824269278
62330256
372837933
184362377
460860479
311958869
593673217
682854589
69990437
384181724
710609372
186255835
781275800
165929412
212975017
429523510
376884171
890868884
847957772
348710555
267758257
132652780
127377458
112504139
299080187
297091155
188460242
612393257
294572628
661383807
811631110
468478495
277491687
213807493
735622462
55086089
363984730
45379614
335199529
947086014
924791716
470407373
577855012
449491249
172297275
653239908
819095641
189152045
769337288
173001100
779438672
676322137
179688226
205464695
201525980
863894260
383984281
692887563
388037573
947362867
921194922
548664226
269238578
366615217
57491151
544687695
654469163
666684040
512077824
362488191
484104295
779105019
86901612
912286841
16298490
787452014
352859659
447129993
376826786
656387121
385741743
615613370
192227041
805409087
855197437
220423852
706701622
103363364
702534079
526343086
612072244
665984924
96879870
577519271
459972980
552419337
746786172
726825563
49437057
371936369
942018368
569850554
43956364
152268894
263306255
28827291
590058024
591875073
121745894
852542282
38828209
671183002
541485224
863944236
600181444
710883421
181294092
364897509
111422145
625088422
432649904
74163305
775101095
219812228
156894413
782255393
841247213
475571754
53717077
662659887
835972608
151437165
591674925
660995657
695517147
562802002
699519430
386060225
247826109
446958827
192371849
550627673
285560775
222219381
80857794
322033973
284649871
457450441
585414506
264998799
662641822
370602413
908586296
809796088
304203989
891107825
202047119
707469204
628169030
517238245
352693001
236850804
944259259
595624790
759198746
311381545
957793434
500303725
147090454
581730886
439956440
741750794
110931040
850409765
858456417
558045878
252514452
419118957
97852772
391308694
604869489
141917994
438691364
73938646
430706605
538834645
396583070
358649655
486284998
81161301
150912253
309314471
109931411
499486198
50345983
391174411
393552545
742240323
915932108
404593263
424548368
56967701
725496971
453154143
500482370
465197001
628065401
524253876
391817679
132347197
468712339
110300361
541609503
413980106
574467036
49178566
665731152
846059718
781830715
664671423
365208371
209381776
23813090
229100829
325811263
228879535
688540866
510992674
788338027
107166059
861946265
516647152
823119233
775034521
419726121
253479680
289685457
168100095
257205430
96926334
413301103
165420077
881432523
698813416
820214716
144352041
548162586
12260609
792871582
801076949
424052860
599750775
645469631
925683307
811393213
804648053
639578472
823124587
775481141
564785084
188992333
796344562
463639167
553812582
261469640
38674177
299255051
410505081
743195815
867046991
326691804
45531704
357537272
728641318
617201770
826296172
562536515
401070314
635438497
58267904
291831288
776451922
552488426
618953440
372937931
38247554
781524945
108825455
508836205
910391166
844021609
-1
68436607
-1
-1
-1
271148611
67944395
-1
-1
323719444
-1
440325656
-1
467670882
-1
-1
446536444
385195557
221619330
-1
120884866
-1
154945402
364225542
-1
106629309
-1
242619442
-1
286792779
-1
3729148
328975376
-1
-1
-1
-1
185116838
-1
-1
141515413
450593455
-1
108725396
149074065
-1
-1
364003393
-1
365470500
-1
-1
-1
-1
-1
442843583
79222711
420050383
-1
142533097
223487386
-1
-1
-1
271187869
30554382
-1
-1
105937728
-1
118700507
-1
309695574
302777094
-1
9997142
14207139
120141793
327613452
-1
-1
-1
431405140
-1
-1
-1
-1
185946914
166982612
150212107
-1
253921912
-1
-1
193391283
-1
188075284
313068548
-1
-1
-1
-1
111238053
-1
-1
-1
-1
-1
187412046
274973652
371778957
53628840
-1
80828622
411036819
132105939
137100889
454084644
114466255
-1
-1
-1
-1
421229086
-1
231196699
-1
-1
256555680
147552227
101950544
-1
-1
-1
241517604
-1
161091700
442940559
91250099
451537132
278599082
100809734
-1
-1
286585777
53972929
279880519
-1
-1
289780633
203523167
-1
-1
255338752
-1
-1
309375553
147880299
94989659
-1
-1
-1
98339382
17168734
-1
-1
-1
394645062
-1
-1
195446486
50332090
117750402
-1
-1
376548851
-1
-1
50669634
318067280
277995296
-1
421505160
243898145
-1
-1
-1
-1
-1
69701760
-1
101353439
-1
269460034
400596724
-1
-1
15911234
-1
241445404
-1
297993190
-1
20227336
61814624
387143917
-1
275800257
260788836
-1
309952382
-1
-1
-1
-1
-1
-1
229029860
229296018
-1
-1
-1
-1
343273550
129868672
-1
341963077
-1
-1
321319118
-1
-1
98439992
-1
-1
129052715
-1
151606082
-1
-1
111952376
-1
436934425
377913133
186590527
-1
-1
391916827
176987190
-1
-1
374125106
-1
359483089
63674498
84565996
-1
213172589
-1
-1
-1
108094440
211848386
284605351
-1
-1
457051693
-1
-1
-1
173765816
-1
-1
-1
211699312
222882814
-1
116107462
147599368
-1
-1
371420676
440652251
-1
252745334
-1
-1
-1
-1
477471913
239271001
392361433
169110349
407929838
-1
35015323
-1
66008979
-1
465489448
-1
-1
-1
247978669
-1
188671930
214010213
47695625
-1
-1
-1
118670626
325002336
-1
343402260
122848682
-1
-1
218194720
-1
402383270
-1
22375566
-1
31619727
-1
-1
-1
40091066
356259838
-1
-1
61629452
-1
-1
89530681
-1
-1
197664224
-1
429090068
-1
296367881
-1
386760969
365139778
319273335
-1
-1
97487919
411494191
-1
134897212
178623456
305927076
-1
-1
-1
-1
-1
-1
50354594
-1
295239331
-1
450294361
-1
105821853
407965985
413975620
197206439
-1
-1
-1
-1
-1
-1
-1
133570284
439455930
118498237
-1
113772919
-1
-1
167327756
54168528
99224363
-1
139519772
27662363
-1
-1
-1
203316112
-1
-1
-1
-1
-1
172709215
-1
-1
259113969
-1
128594860
-1
89574473
282684965
-1
350546044
78604337
243431615
-1
-1
-1
206864575
26764111
307983659
153853683
446573769
-1
-1
291371208
-1
37356756
-1
-1
-1
-1
444841760
-1
461594435
56965792
374513672
419825849
-1
-1
-1
248527894
-1
-1
86249854
453101091
-1
83714530
-1
-1
457708263
-1
274189594
-1
-1
346304073
403508276
-1
383327472
-1
255145457
-1
-1
280155911
-1
-1
314710448
-1
224814144
54915986
241801580
203350203
-1
319433807
471096211
-1
358920938
-1
-1
-1
185330546
232343088
-1
-1
355795945
7194256
101153249
-1
-1
-1
267506718
-1
-1
187039705
-1
-1
330158094
-1
360261409
-1
-1
309585915
420669607
-1
389619750
274603491
-1
-1
274317549
-1
-1
-1
352253115
263700885
-1
-1
149228725
-1
-1
-1
301243836
411199592
437038491
-1
229845695
375592066
-1
10168420
312594206
454850189
353303537
-1
-1
334414345
472490752
199784989
423422414
129983949
-1
87033942
463612549
-1
-1
236049257
365270916
-1
-1
-1
101961777
-1
-1
-1
-1
192749938
-1
440649831
341734225
-1
-1
-1
216676978
122629438
402901737
-1
322606285
191481440
379486297
-1
-1
-1
-1
-1
-1
-1
-1
-1
-1
-1
-1
245256170
-1
323319301
-1
445521174
-1
341205124
55321726
-1
-1
-1
-1
248812380
124684846
61905642
-1
-1
212610060
75362627
135762498
-1
219002436
-1
-1
258704879
-1
-1
-1
-1
-1
13904553
47848456
-1
283658956
450232076
-1
-1
-1
-1
358077696
-1
-1
-1
-1
163848709
-1
298458713
-1
-1
299098671
1182033
-1
-1
-1
-1
389354778
-1
-1
439120106
-1
18087368
211086834
417956752
-1
-1
-1
465113865
211239153
-1
-1
-1
-1
-1
349290511
55781320
424950942
252960502
35944171
6702656
395820986
62566376
-1
-1
-1
-1
109869023
257018769
217056265
368924819
-1
-1
248690462
-1
152685104
-1
270660341
-1
-1
240749587
237556921
-1
313872621
-1
370389456
222491663
18305577
477425018
-1
-1
127186377
333753970
-1
74864879
60286763
148411396
209837324
438107786
-1
-1
80597480
-1
-1
-1
35918409
386532240
447557690
230320710
469637743
165423699
-1
-1
-1
-1
411820161
132483280
23767273
307280900
-1
-1
-1
-1
-1
200494250
-1
241883477
261062198
-1
-1
184382245
447911682
-1
203436903
306751906
207788415
243312792
-1
325898468
-1
-1
156598967
-1
-1
-1
-1
180847930
-1
304941052
-1
-1
-1
-1
-1
4098693
-1
-1
440869443
475694008
416392916
-1
178965855
-1
375458308
-1
438320345
-1
-1
-1
-1
-1
-1
138814860
141863126
-1
-1
94158255
37496278
-1
402351214
-1
458450957
-1
193014116
399387518
91534817
141183112
-1
-1
380962500
-1
-1
-1
136385277
-1
277690280
249157463
-1
425772185
182374079
-1
141341062
201099894
-1
392204468
47322574
293561992
347078716
-1
118741396
163010873
29935996
365140689
196005355
-1
-1
17501802
-1
-1
404796470
122020263
424217222
350822720
291378756
-1
-1
28082110
-1
-1
-1
-1
126433465
-1
17797287
-1
95079385
-1
-1
102151959
270057642
138540247
-1
208941334
-1
193380494
-1
346425329
58180418
-1
-1
82610739
-1
47918266
-1
-1
325430941
354162468
207680255
306491615
-1
16092811
148493485
-1
-1
272170362
22746764
206570887
34172673
-1
-1
287538119
281039251
99594463
191718765
-1
6339429
124185312
53811630
-1
-1
-1
195499209
-1
-1
251837932
-1
-1
17516723
-1
-1
160809244
-1
46700857
40285278
163007190
53308973
135335872
-1
-1
362723328
-1
352231789
37445114
-1
-1
-1
437439774
44099098
-1
115777759
-1
160392794
-1
-1
199811831
348779967
-1
-1
-1
-1
218855153
391289820
436064497
-1
239013798
85174504
-1
-1
236215620
-1
-1
373335083
98906032
315615035
221835029
-1
180426134
-1
253537121
262994029
101634801
-1
417504486
-1
-1
466881316
-1
461388872
-1
193192886
-1
-1
-1
-1
-1
10223619
-1
387188121
-1
104758268
-1
383251733
202724060
-1
-1
275139446
50801063
347734344
182553497
-1
417594760
27654679
-1
26847207
-1
-1
-1
417529837
394886508
103359832
-1
-1
224597035
3578795
93054861
232244040
5662057
-1
425693997
113441534
240714052
46423105
-1
220744784
-1
51655763
-1
4306353
-1
270835929
-1
388195639
-1
-1
458178064
