-1
-1
-1
102928274
19357662
71053426
-1
-1
-1
154915475
-1
-1
-1
-1
-1
-1
-1
280908733
-1
-1
301578790
-1
-1
-1
-1
-1
189307226
55392125
150289038
-1
-1
-1
155379190
46805879
-1
-1
-1
-1
64209192
-1
-1
-1
102273148
-1
-1
-1
-1
-1
214234659
-1
-1
113104771
-1
-1
-1
-1
114959283
-1
183525166
-1
-1
2344948
-1
-1
-1
-1
-1
42449929
-1
-1
-1
288269636
-1
241837204
-1
-1
-1
27238557
-1
-1
-1
-1
-1
-1
148052835
-1
-1
-1
-1
-1
4634862
-1
190406618
-1
-1
-1
191425658
-1
-1
185647769
201247685
-1
-1
-1
-1
291862828
93160863
-1
125738019
191269546
-1
105953867
154928403
-1
259433317
-1
-1
-1
-1
4193534
279472699
73602500
172526809
-1
36213149
191225346
-1
206497425
23338612
-1
269705098
-1
-1
159280714
-1
-1
-1
234479170
-1
-1
-1
286906942
-1
-1
-1
-1
-1
151127560
177931767
281486047
-1
304043932
232607708
-1
-1
-1
-1
-1
-1
29241047
-1
257485105
-1
259757008
-1
-1
-1
-1
-1
-1
249714677
-1
-1
-1
-1
-1
-1
-1
-1
-1
-1
37938060
-1
-1
-1
-1
-1
-1
-1
177413391
-1
195838679
-1
-1
-1
-1
108855180
123658779
-1
-1
-1
-1
-1
-1
185352619
-1
-1
-1
217351656
-1
-1
-1
-1
-1
-1
-1
-1
-1
97138892
-1
-1
-1
-1
32139331
-1
50399513
180628280
-1
35682423
-1
240775598
-1
226667947
-1
248132000
-1
-1
-1
-1
59809262
-1
-1
232334665
-1
-1
-1
288200486
-1
-1
-1
-1
224869457
-1
-1
-1
57262447
-1
-1
-1
-1
-1
200341418
188637896
-1
-1
-1
-1
-1
30696600
-1
241979285
258255451
-1
-1
223226863
-1
65052849
-1
301403372
76281688
-1
-1
-1
-1
43205087
-1
70351129
170068915
151897699
132537524
-1
-1
-1
-1
-1
-1
36183365
89356838
-1
-1
283610451
204635838
-1
-1
-1
-1
-1
68986183
-1
-1
-1
-1
6197601
-1
-1
-1
-1
-1
-1
-1
-1
-1
280685172
-1
-1
-1
-1
104819442
-1
211725274
214082221
-1
76383370
-1
-1
-1
-1
-1
-1
-1
-1
-1
-1
75186127
18795298
-1
-1
260829637
-1
-1
-1
-1
-1
-1
-1
-1
-1
-1
-1
-1
171241143
-1
22465359
-1
298563530
-1
253806702
-1
150680925
-1
-1
-1
32515161
217251655
-1
225318130
-1
235798639
-1
-1
-1
111087281
-1
292702159
107820781
7725705
-1
155034440
-1
288740470
-1
-1
233124903
226299743
208481606
-1
-1
-1
300579230
-1
196963674
-1
77239163
-1
265405432
-1
-1
231364476
86011023
260302105
268942877
93856421
-1
-1
-1
-1
107919667
104271225
-1
-1
-1
-1
-1
-1
-1
-1
160036648
116215417
-1
-1
144389633
21950480
-1
-1
301447841
-1
-1
-1
-1
-1
264236969
39626026
-1
-1
-1
-1
139903089
-1
-1
-1
-1
-1
166802831
-1
-1
-1
39466989
-1
-1
163888906
-1
-1
-1
-1
-1
-1
-1
178032394
-1
17298235
-1
-1
-1
-1
111501976
152367390
-1
-1
-1
243328654
-1
-1
-1
-1
-1
50021338
-1
-1
217271785
162274696
-1
-1
290830927
70615147
93120888
257528906
-1
123133901
227438247
-1
218574707
101343534
-1
219288837
253247218
-1
58440611
-1
-1
-1
-1
-1
-1
-1
-1
147154937
-1
-1
270727325
-1
240017528
-1
-1
11467235
117514890
145106639
-1
-1
-1
-1
-1
-1
-1
-1
-1
-1
-1
-1
-1
-1
-1
-1
-1
-1
-1
-1
250522987
-1
190081670
-1
-1
-1
-1
-1
-1
46706788
274770706
103415445
-1
169500833
-1
-1
-1
-1
-1
-1
296240599
-1
-1
8213826
-1
196611092
-1
-1
-1
-1
-1
-1
51927157
55885824
-1
-1
-1
-1
-1
-1
-1
-1
-1
174556285
-1
-1
-1
-1
-1
-1
-1
299663886
-1
-1
220226299
-1
176999299
-1
-1
202683236
241475783
-1
-1
-1
86629522
69624950
-1
58469835
-1
-1
-1
237588269
47090966
-1
-1
135466607
195328993
-1
64945431
-1
20525655
-1
-1
116125711
-1
-1
244975829
281926273
-1
-1
-1
-1
-1
-1
145173149
-1
-1
-1
169029474
-1
-1
254110251
-1
-1
-1
112549585
-1
303009912
-1
214176561
-1
-1
-1
-1
166868936
288775628
-1
-1
-1
-1
-1
-1
-1
-1
63638132
-1
-1
-1
-1
-1
-1
-1
-1
-1
-1
-1
-1
-1
-1
-1
-1
268497272
-1
-1
-1
89326901
284739528
-1
-1
-1
-1
174541798
-1
228929994
130144560
214145998
-1
-1
186773882
-1
-1
176874524
-1
-1
198941980
-1
274895346
67390171
257810837
130410604
-1
-1
158450091
85822949
-1
-1
25421561
120572105
-1
182218394
275414671
116709377
-1
-1
-1
-1
42870745
-1
-1
-1
107873753
-1
-1
268099552
-1
13858731
-1
278941687
-1
-1
-1
50363428
-1
-1
-1
115485353
68542950
-1
-1
-1
200117960
295953190
147133231
41977230
-1
8328971
-1
176777832
-1
-1
164947159
-1
177097661
-1
-1
25725315
-1
-1
-1
203036989
-1
-1
-1
-1
-1
273488240
196747691
199189690
-1
-1
-1
268452804
-1
110383484
-1
-1
-1
-1
67795213
-1
-1
-1
-1
42684439
-1
-1
-1
145198009
-1
125044866
-1
158742809
23186666
-1
-1
-1
-1
106247502
-1
-1
-1
-1
-1
-1
173101499
-1
-1
-1
-1
-1
37163292
59172508
-1
-1
-1
-1
153478147
45073449
-1
-1
220118561
-1
-1
-1
147461679
-1
-1
-1
-1
159826793
-1
-1
-1
287384472
182061932
-1
712957
197192573
-1
181263610
-1
250068638
-1
-1
-1
29075068
-1
-1
-1
76620095
-1
-1
-1
-1
-1
-1
-1
-1
-1
-1
-1
73991220
145112188
-1
-1
174926467
-1
-1
274211185
-1
-1
15954544
-1
-1
148541130
90038169
-1
-1
-1
-1
-1
20528060
113301226
-1
-1
-1
109048656
-1
-1
76882202
-1
194574729
-1
-1
108067609
158637249
-1
26350527
90735813
300152020
-1
-1
-1
-1
-1
-1
-1
-1
-1
-1
-1
-1
-1
99367865
-1
184498712
-1
-1
246845828
-1
-1
-1
-1
-1
-1
-1
48529788
247923557
129168162
-1
-1
-1
-1
-1
-1
-1
-1
259738178
-1
102282116
-1
-1
-1
-1
70545574
291461564
-1
214855359
-1
-1
37438377
-1
-1
42228465
170331142
212469083
-1
-1
-1
-1
-1
-1
-1
-1
-1
-1
-1
-1
-1
-1
8793557
245212190
119512149
-1
-1
-1
-1
-1
-1
88593318
-1
67043445
-1
-1
-1
-1
225979895
-1
-1
56613637
185276885
-1
81811059
-1
-1
-1
-1
157363334
-1
-1
-1
37465151
-1
-1
-1
-1
198179363
286154106
223687208
-1
-1
-1
269615280
191377900
-1
-1
-1
143968579
-1
-1
-1
-1
-1
238412507
-1
-1
-1
271880438
-1
-1
-1
-1
-1
-1
-1
-1
-1
-1
-1
17807521
8732081
131093542
10893836
-1
-1
-1
137223077
-1
-1
-1
170458507
-1
241185316
-1
213105203
-1
-1
210663035
-1
-1
-1
-1
49484765
-1
-1
-1
-1
40848175
156672904
-1
-1
-1
-1
6415702
-1
-1
-1
-1
118197470
-1
-1
-1
43951897
173764190
-1
23579944
144068155
17761218
-1
284807781
-1
-1
-1
149302979
-1
-1
-1
-1
255344138
242942685
-1
-1
-1
-1
-1
-1
-1
-1
-1
-1
156845215
-1
76557605
-1
53737134
164278050
-1
128542392
-1
183608103
-1
73637632
-1
-1
61545254
-1
20751697
-1
39918658
-1
-1
-1
72798808
-1
-1
42633633
-1
-1
-1
-1
-1
171062184
-1
-1
-1
174855513
-1
90028340
-1
-1
-1
-1
165320621
-1
258988419
163028673
-1
-1
286279564
-1
-1
-1
231111833
-1
251021769
-1
189195021
-1
-1
-1
78838574
-1
95842916
218532050
167115728
-1
-1
-1
-1
-1
-1
-1
-1
-1
-1
-1
-1
-1
141876276
-1
-1
62243195
-1
-1
-1
-1
-1
-1
140074638
112502571
-1
-1
-1
-1
64667874
152408755
-1
-1
-1
-1
34806927
-1
-1
-1
222681081
-1
-1
76093922
-1
-1
-1
-1
240453259
-1
266310450
-1
-1
-1
235664306
-1
-1
32882768
126718210
-1
160519208
-1
277113436
-1
139875811
-1
-1
260698673
158145024
286640391
-1
-1
252931301
101615307
-1
-1
-1
-1
178717374
-1
-1
-1
-1
-1
-1
-1
-1
-1
-1
18820630
-1
-1
-1
-1
169719187
-1
-1
166015848
-1
-1
-1
-1
-1
-1
-1
-1
-1
-1
-1
-1
182027987
-1
-1
-1
139575326
-1
-1
-1
-1
-1
91466005
-1
-1
-1
-1
-1
218269439
-1
268494278
-1
107866405
-1
163436629
-1
-1
-1
77324266
-1
-1
-1
-1
-1
-1
163538358
163629264
154936568
-1
-1
-1
164843499
-1
-1
36052989
-1
-1
67617118
-1
-1
68298342
-1
23288554
-1
-1
-1
-1
-1
76156859
-1
-1
-1
-1
231515725
-1
-1
-1
-1
-1
-1
-1
-1
212105792
-1
-1
209088780
-1
-1
22497586
260431888
-1
-1
-1
-1
-1
-1
-1
186372783
-1
-1
-1
-1
-1
-1
-1
93566829
-1
-1
-1
81984283
34220570
-1
-1
113900690
-1
-1
-1
26583418
-1
-1
157246544
-1
-1
-1
-1
-1
-1
-1
-1
-1
-1
28402226
163464555
99917873
-1
-1
-1
-1
-1
-1
-1
80534920
-1
-1
59079454
232361114
-1
-1
-1
164407215
-1
-1
-1
-1
-1
-1
255996589
-1
-1
-1
-1
147459771
-1
-1
-1
62846401
243669523
-1
-1
-1
176455247
-1
46754999
-1
-1
155511420
228339660
147880716
-1
57349790
-1
-1
-1
-1
-1
-1
73124314
-1
-1
229870674
-1
-1
122119458
89973671
213825489
-1
-1
243539698
-1
-1
-1
39392262
-1
109186516
9920376
-1
-1
-1
274317665
149811710
96847169
-1
164652267
42252459
-1
119357188
67797059
237248042
128723032
73126978
-1
267918107
-1
-1
-1
-1
-1
64249392
-1
173335797
236029147
-1
-1
24382718
-1
156142790
-1
-1
-1
-1
-1
67155452
-1
-1
-1
-1
-1
-1
-1
20661740
-1
228575540
9211657
-1
120999831
-1
-1
73870270
49158041
270607919
-1
-1
-1
-1
-1
-1
109724223
-1
-1
283191759
-1
225345798
-1
-1
234436893
-1
-1
203040566
53653636
96028476
-1
100041852
268269232
-1
-1
141433175
-1
-1
-1
-1
48334421
-1
-1
-1
-1
-1
-1
45439022
-1
108706644
-1
-1
25507362
30447976
-1
152344898
-1
-1
-1
-1
-1
250891610
70357856
1716689
-1
-1
-1
-1
-1
-1
-1
-1
49923657
-1
132024858
-1
114466942
-1
-1
-1
64878483
128254495
225215682
-1
-1
-1
248068077
-1
122257013
-1
-1
270673697
-1
-1
-1
-1
-1
-1
144182796
-1
157998164
-1
-1
-1
259190402
-1
-1
47706901
83685188
-1
73211002
-1
-1
-1
-1
-1
237473672
-1
-1
236539716
-1
-1
200782130
-1
28350687
-1
-1
-1
-1
-1
-1
-1
99171340
232765180
59954860
-1
-1
198916820
-1
156038115
-1
-1
-1
-1
-1
-1
46128699
-1
-1
267904114
-1
-1
131528051
283388644
-1
73482856
-1
-1
161779434
-1
-1
-1
-1
210859747
55436103
135938507
132027125
-1
-1
53375678
-1
-1
-1
-1
243401479
-1
57515350
-1
-1
-1
-1
-1
-1
-1
173478320
-1
54775044
-1
79660153
126496238
224271186
109832491
-1
-1
-1
-1
-1
14580653
-1
242335495
-1
-1
-1
-1
-1
-1
42159314
-1
103487562
-1
-1
-1
-1
58023203
131372438
-1
52736231
-1
176473590
-1
-1
-1
278164081
-1
-1
223626166
-1
9782231
-1
-1
28236488
-1
-1
192922398
-1
147251239
-1
-1
-1
-1
-1
-1
-1
-1
192670749
-1
182774061
-1
-1
80922669
270232628
-1
-1
-1
-1
29543115
-1
-1
-1
-1
-1
183348449
-1
-1
-1
-1
-1
-1
-1
88814299
129279567
-1
-1
-1
-1
-1
105854982
-1
249791227
16538873
-1
-1
-1
235746733
79601762
-1
-1
-1
-1
-1
-1
-1
115326952
-1
-1
233788559
-1
-1
-1
-1
180553048
-1
42590315
-1
224100318
158576803
-1
-1
-1
-1
219343501
-1
-1
-1
-1
-1
-1
-1
-1
-1
-1
-1
146944961
-1
233804067
-1
187630029
-1
59220531
154777756
-1
-1
136084909
-1
172344940
-1
-1
-1
131639932
29326276
-1
-1
216390674
-1
-1
147891599
-1
134356847
-1
-1
188937638
-1
-1
94602855
93660223
-1
61249436
141684267
-1
-1
-1
204797905
-1
-1
-1
52983354
-1
-1
-1
-1
160622612
-1
-1
165278260
155188160
192693778
-1
-1
47372628
1291977
-1
231070131
-1
10575952
9722536
-1
249904682
270327876
-1
169839335
176558962
-1
113604905
212443913
-1
-1
-1
220217649
196161815
-1
-1
-1
-1
-1
-1
-1
-1
-1
-1
147675339
164279316
-1
20804079
134781798
-1
38118707
73969620
-1
-1
-1
-1
-1
-1
28609044
231924044
35382741
-1
-1
-1
76323938
-1
-1
129818777
191008282
283135348
-1
241394712
143071417
-1
-1
-1
-1
12106192
-1
252285371
-1
219712603
-1
-1
266865848
-1
12707667
249128263
-1
42408126
114872337
-1
158960937
-1
-1
-1
60598852
-1
-1
-1
-1
413768666
-1
-1
-1
-1
-1
51229940
-1
-1
382319599
-1
-1
7901695
248225685
-1
-1
-1
-1
-1
-1
365963315
304206658
55890561
-1
100258520
240560343
-1
-1
-1
129707960
386005087
257135926
-1
415043933
412708852
-1
647173
37276392
155314920
-1
53603243
376784631
313910486
-1
-1
104080006
-1
40954472
-1
332836608
205171925
-1
-1
-1
169920930
-1
109679482
-1
134852674
-1
252130596
-1
192286243
407034350
131812486
-1
-1
49073693
-1
-1
-1
406850578
168976354
390443897
-1
383903204
-1
226223454
-1
65549237
-1
57907762
-1
-1
142297901
421514700
-1
280104271
183952943
-1
344348796
-1
-1
-1
-1
81268034
110074067
-1
284141354
-1
-1
319357111
-1
3093651
235424155
257329070
206737585
-1
-1
7917907
-1
62048403
-1
-1
428610069
-1
293772514
-1
5554150
323905184
67722625
-1
-1
36928634
173928477
15607540
-1
207738581
-1
164638393
-1
30196483
-1
114396239
-1
145780581
411882258
302146098
-1
-1
-1
-1
-1
195429084
-1
-1
204104884
48193874
75314375
59376576
150484018
-1
68113500
-1
-1
206288874
245076071
257483409
183387139
218021021
155240710
335359898
133324023
-1
280593546
-1
-1
-1
339935910
-1
230459095
-1
39601090
-1
-1
437232328
454349901
95035143
-1
-1
-1
431847785
-1
418251898
-1
99801221
-1
243164280
155017258
173087977
-1
309726015
62067357
-1
393846788
57390175
4264960
-1
122895143
-1
-1
-1
-1
251954056
205705012
282197185
-1
-1
-1
-1
-1
-1
350234743
380338636
235027967
195071408
240233769
-1
244574803
270861490
226723978
216288082
189895593
100039499
175793031
361424364
22292717
59881317
303089282
-1
257470450
390304608
10912802
-1
-1
260577621
96013319
149343642
409746429
-1
130150554
154553047
-1
405281327
7728867
-1
-1
63461010
-1
228593367
-1
-1
-1
398728894
-1
277325183
215097298
314042131
-1
-1
103357291
388491713
-1
26990544
322303803
-1
-1
360327100
-1
-1
-1
199990398
-1
-1
-1
409198398
222146723
-1
-1
-1
6665409
273967735
331370415
383984702
358633814
-1
424084178
-1
98613228
148976002
153549992
71362169
456700945
447177459
255595845
415207513
-1
-1
439616310
27392555
-1
-1
88441661
348768726
-1
-1
426131682
-1
-1
447111381
340259758
-1
75450457
95060086
209918436
151576195
215681597
-1
357587019
-1
-1
-1
-1
118302167
345665601
57908785
81082984
-1
328307517
322481101
-1
-1
68725232
-1
236411316
-1
297027411
7505801
370562838
-1
234681340
16018415
-1
-1
132039084
445397734
313252886
173865679
-1
194768615
-1
-1
-1
-1
-1
-1
67051375
277028660
-1
-1
23549785
-1
-1
-1
47638594
-1
-1
-1
-1
289263098
145219963
-1
-1
187562342
237686780
80412489
-1
46194996
289744153
313029128
405694272
-1
-1
-1
142572912
-1
-1
-1
-1
-1
7127887
-1
-1
380628642
54054804
-1
28265336
433874536
260966231
-1
-1
-1
16838014
-1
297565863
46230273
453935738
229931781
310118696
-1
-1
-1
-1
62954925
-1
58699292
282638814
426514642
79959777
-1
-1
441125795
196054942
-1
-1
248086979
-1
-1
-1
-1
73736626
-1
313332115
122282626
-1
276783695
-1
-1
323293500
143491686
43076055
-1
-1
224029118
419430697
-1
396024356
-1
287439506
-1
-1
352832623
-1
240515278
-1
-1
168926544
234342910
-1
330357378
136339430
146802681
-1
426724316
129445401
71777103
-1
345417358
354804670
218723461
-1
-1
439279752
-1
310698021
47590224
-1
41960096
391330233
-1
161544824
402054354
-1
-1
-1
447926742
26150270
-1
-1
363283977
-1
111800857
-1
170038053
-1
-1
139137029
209491010
58042249
64882132
-1
-1
-1
186830003
216669375
379833051
-1
147871814
246888473
53000941
-1
-1
-1
-1
419655754
-1
132469677
-1
5083403
288119305
-1
-1
-1
-1
-1
159440763
-1
297559694
357396645
248713790
-1
245477866
458246090
445961112
361457405
85270873
151911214
-1
-1
263779629
380206421
-1
69831175
242609512
315136879
335375789
-1
68637737
-1
184774823
2538167
230951502
-1
-1
-1
-1
433048185
287447218
32218728
66518544
-1
-1
-1
-1
-1
335337796
-1
-1
459100210
45481629
-1
129011227
318376646
30031706
-1
-1
121699477
138275070
389248089
105898588
-1
-1
72412159
41541121
411069900
128583279
-1
45459330
-1
-1
195548085
36844945
-1
-1
-1
440865725
-1
428595877
266511746
-1
-1
-1
-1
-1
-1
150472461
-1
389457290
-1
-1
-1
-1
-1
-1
18091422
-1
-1
17668575
-1
287609938
310935515
78130710
-1
88585432
54377844
-1
72551785
-1
-1
384258025
291750905
177862380
343812071
121214131
259702602
-1
-1
391902260
360555044
153345694
51498179
-1
64425915
-1
307363057
-1
-1
346215318
-1
-1
-1
343229498
-1
-1
-1
-1
212163414
272263040
-1
266501571
83128330
-1
416177248
-1
121529946
-1
162889059
-1
-1
-1
238336647
-1
-1
-1
-1
-1
4933104
-1
44547707
-1
252857638
437810144
22574301
-1
91421714
-1
-1
-1
-1
-1
254268608
-1
180898252
-1
-1
123159327
406966363
225909813
-1
416206612
377910391
231668530
378070320
-1
154829834
-1
-1
-1
-1
285842504
-1
-1
-1
-1
123173775
-1
240514192
-1
255656389
279850574
398585764
113485479
-1
-1
-1
98638003
239497449
-1
-1
43750339
-1
-1
-1
-1
-1
-1
22667498
-1
-1
-1
380942831
108620636
398121258
-1
-1
5997662
-1
38276407
-1
-1
34555668
428317084
58717178
-1
367135492
414487322
182585910
87724769
-1
-1
-1
-1
242852534
89353502
17438227
163810000
199945163
99886299
301232017
-1
-1
-1
227110022
353793001
93144116
-1
405769076
223080324
425755598
-1
351913294
127182091
128732059
385207873
-1
-1
-1
267937948
306551644
56476441
430853509
-1
85886433
197802241
275569982
121962712
73609487
272019973
321832627
-1
199099967
67753856
352401840
-1
294580563
20037643
-1
-1
-1
-1
451929643
-1
363048535
-1
199226295
171704782
6428532
425398036
125585370
-1
327370505
33642984
-1
237887232
-1
-1
-1
-1
-1
-1
235002988
85074515
-1
-1
-1
188846433
429709157
-1
153990523
130919885
-1
-1
401977145
-1
410490589
157484645
-1
213815790
-1
-1
264031501
-1
348590127
-1
-1
-1
114663316
-1
-1
444507380
75171538
78114928
-1
201207407
375106671
242772308
454303022
338370766
166341095
198918992
190955362
-1
-1
-1
416584305
-1
94250230
390049872
153794903
-1
121293964
-1
-1
65932960
26448409
449674699
-1
341375426
-1
-1
-1
-1
-1
-1
355007006
322527991
-1
-1
77517201
41427691
15178110
-1
292715258
390689826
-1
341315378
-1
300755203
308372618
57060941
408377378
-1
-1
389190848
178052715
-1
347690189
401146498
-1
426177043
425759100
-1
320215703
71644343
-1
-1
201856251
-1
448722872
63431409
28245011
246372591
237164632
-1
-1
-1
438807265
-1
-1
201943673
358802114
79602867
-1
-1
336414767
444693570
-1
-1
433928930
367525451
334600858
-1
391264280
-1
301312479
420439521
165629242
-1
-1
-1
-1
-1
-1
37456636
-1
-1
387899347
183216445
341130439
-1
-1
411359554
369870959
-1
-1
-1
340825761
294822899
-1
194526505
-1
291451172
-1
312169225
72931377
-1
208173570
-1
189592039
71431838
-1
-1
222246043
263076530
-1
-1
-1
223492586
219648844
-1
144572849
-1
441286126
-1
102028980
-1
418935985
-1
-1
239991315
188803081
-1
270859449
-1
395922483
-1
456118220
-1
251397645
118846019
-1
125769044
-1
137078563
108070316
-1
111229809
166240141
-1
297291697
290796265
-1
348958853
83525220
-1
234486231
374528041
384250889
-1
-1
117865726
363617142
-1
350398436
-1
-1
173818197
-1
-1
-1
-1
260000256
-1
396776453
-1
453982604
-1
91486238
-1
-1
-1
-1
290638655
42291323
452167466
329684777
418326343
335429825
352829497
409198521
419323976
59713424
-1
-1
89164846
-1
-1
-1
236576698
330196700
-1
310308945
244638705
-1
429614881
-1
-1
20840077
-1
115581008
-1
-1
119175718
88751671
-1
44372600
212340297
-1
150899879
-1
306658135
157514651
-1
-1
-1
409825041
-1
-1
288313679
374712242
101428009
92421012
-1
343473672
103829015
83455050
-1
-1
-1
279592824
-1
-1
-1
403403553
-1
-1
-1
-1
147760562
-1
308845138
-1
182392381
449623087
161154552
-1
349649410
69417900
175127117
-1
-1
355245641
-1
18237976
-1
-1
-1
-1
403973992
344873215
309156857
147898019
-1
-1
-1
320918613
-1
-1
54200665
171574640
108385813
352903017
-1
-1
399796198
-1
-1
-1
-1
-1
106664349
292643669
95649692
434681722
389469791
220117397
-1
-1
147890936
-1
51743587
264326082
-1
-1
-1
301118690
-1
123229469
-1
-1
403392718
193100741
-1
-1
-1
274251850
-1
-1
-1
132225009
-1
-1
190006836
-1
355094203
-1
-1
358804404
97303688
-1
-1
301336480
-1
240834765
328909487
-1
306966491
135008617
-1
-1
-1
-1
-1
280683212
-1
-1
42297358
-1
137559784
287985106
403848323
117171823
289577122
164660081
294428199
448393456
227307009
32097790
427901565
146547735
57263714
-1
299917368
374121812
74769597
297641240
-1
-1
397329601
-1
7818744
329047408
-1
-1
398731884
103818692
109546291
-1
319554277
-1
-1
-1
-1
-1
89590909
-1
365063170
-1
-1
-1
-1
-1
-1
450308489
-1
208464840
-1
412047795
206863588
249194285
266102407
442119555
126172301
-1
251827402
246881338
-1
139926185
-1
4618812
-1
40185275
258830220
-1
334422166
62724107
-1
-1
128542527
315842123
-1
-1
370102308
-1
244320648
291684182
224992049
-1
269470053
164239080
-1
-1
356088419
195537740
-1
243772278
90165401
320826643
-1
206081679
-1
443376797
-1
277655623
14263242
-1
-1
281999093
-1
-1
-1
582624
-1
189919569
-1
-1
335912327
-1
303142605
-1
65261549
327847151
-1
345688230
-1
120222973
-1
228160366
331821334
73745953
-1
50882329
426467161
136339046
200485742
141846969
-1
-1
-1
78761081
-1
-1
-1
224581389
108406912
221321199
-1
-1
196280248
-1
207906881
-1
265152821
-1
-1
458097228
169896771
401956284
-1
277439199
-1
28807566
-1
402069291
-1
198898772
323568738
174205349
-1
-1
-1
-1
-1
155446382
-1
365118611
-1
-1
-1
-1
-1
384094028
-1
252205328
365612929
205275816
343522448
114113597
-1
-1
-1
106747059
-1
-1
229449623
376339912
81414487
-1
86053090
407378276
259664496
-1
-1
409138541
296415632
293719013
7324062
131746370
-1
310006579
346160587
-1
-1
-1
28951813
353058941
32712063
-1
301375922
141036864
298866179
440456110
419806785
-1
-1
416481316
-1
341342496
434545324
-1
66404508
-1
-1
355086974
248256936
250400841
75180807
-1
-1
-1
-1
-1
220647451
-1
187666335
285280249
51358489
-1
209919785
310221726
-1
-1
-1
403355170
-1
-1
383980436
129249677
142118770
-1
-1
37490917
2461722
230098561
-1
186712419
115982017
35539393
-1
-1
-1
-1
-1
-1
-1
328728268
256283459
-1
11347106
-1
304506102
167100407
-1
99187338
-1
342911568
-1
-1
320746299
-1
-1
-1
-1
-1
-1
-1
-1
-1
165473904
-1
-1
312833225
-1
-1
125232592
340903959
457104649
385016351
-1
-1
-1
-1
-1
84658893
-1
-1
232521115
132108708
-1
27325718
-1
-1
-1
51263181
-1
-1
-1
-1
-1
341095051
-1
-1
353198944
200331938
-1
-1
-1
-1
100674882
203873912
213325822
-1
252980209
-1
-1
292238371
450147572
-1
-1
-1
102932520
327119341
66757986
-1
146720711
-1
230793314
-1
110496442
-1
354482475
-1
341614901
-1
126442433
297439875
-1
175474042
421866262
179799012
113017790
393529697
-1
-1
409083393
-1
-1
351720774
97337778
454645648
208947460
-1
63752382
-1
42191734
408222270
-1
105070905
-1
-1
-1
-1
-1
-1
257095053
-1
-1
-1
-1
248801637
106342692
215681907
-1
152439468
314717643
364301374
-1
-1
-1
-1
132377630
-1
-1
259350507
-1
-1
-1
-1
-1
442420039
139628788
-1
210306407
-1
455565442
81490628
86982960
-1
-1
-1
-1
-1
-1
-1
42098292
263364769
-1
258223130
202461678
-1
-1
321259718
-1
2341483
-1
-1
-1
280119496
96607899
371018661
456939157
-1
29963858
223877612
-1
-1
-1
314521933
-1
-1
-1
35660333
167033603
-1
220503435
-1
-1
370557127
399681126
250664507
199502837
388835955
241109775
-1
412552983
-1
185748249
-1
133078484
-1
425733695
163772713
-1
10900272
-1
44583616
434882707
5392339
41400471
-1
120120169
-1
398956529
-1
-1
318372664
229717699
-1
43292322
120352092
28346388
-1
-1
-1
339695449
221358801
-1
-1
346878639
-1
308181966
441651843
-1
-1
-1
384449977
255463675
118483268
41033080
-1
-1
188264732
64625771
49295387
-1
158082507
177955557
145997182
101849572
314186659
24127079
-1
-1
-1
185224775
-1
383330356
159411632
-1
-1
-1
355452584
399611552
276611615
-1
214924519
203196426
33292194
-1
-1
394467344
337336839
364597028
234309843
-1
-1
-1
-1
-1
6900681
-1
129608562
128408392
10327606
-1
278671307
183921953
110136149
-1
-1
-1
-1
-1
-1
-1
454605914
34432455
-1
277763808
432944549
339834029
-1
-1
-1
214704289
245062389
-1
-1
-1
335090435
278829947
149073209
194305775
-1
-1
284258501
-1
368069952
-1
-1
71158406
-1
-1
-1
-1
-1
222237842
-1
56415070
311711036
-1
210267186
-1
13302933
287399442
286663593
71579190
-1
277142088
-1
-1
29336789
-1
-1
227322725
392525732
-1
207700793
59051283
124711669
-1
360366535
-1
420191238
370549459
-1
125997319
-1
-1
-1
-1
-1
130673802
16889970
-1
43281709
29152947
140990964
404785744
184423816
-1
262236162
127718364
-1
40717937
131787415
437039377
425333908
-1
-1
99986528
-1
-1
-1
-1
-1
368306134
-1
264058175
242591648
174055554
-1
-1
70136692
-1
-1
-1
202986122
-1
448528946
-1
-1
-1
-1
-1
387645300
-1
-1
-1
145298229
157329496
-1
-1
-1
-1
-1
338666941
-1
433885869
-1
196097437
-1
107409592
-1
-1
270587574
294105976
-1
429021909
425429729
-1
345115727
398505420
-1
319075336
-1
56393898
-1
124589151
-1
-1
313766081
-1
-1
183292595
28081698
369181612
450363198
-1
300707066
163004874
406340180
-1
32169048
-1
-1
364718335
269080160
54414879
-1
-1
-1
-1
391571892
163762139
-1
-1
253167260
-1
253461105
38814386
-1
157420298
-1
-1
-1
101835244
107263565
-1
-1
447006555
95279429
-1
26526515
313388147
404894550
111023336
-1
95079959
383936526
-1
-1
-1
-1
-1
419302031
