999998910
999999495
999999715
999999776
999999101
999999668
999999037
999999269
999999211
999999483
999999003
999998936
999999612
999999226
999999403
999999790
999999313
999999021
999999738
999998956
999999581
999999038
999999662
999999297
999999104
999998824
999999198
999999386
999999786
999998915
999999065
999999645
999999609
999999417
999999330
999999197
999999195
999999518
999998954
999999590
999999659
999999701
999999451
999999454
999999723
999999753
999999097
999998859
999999188
999999100
999999356
999998967
999999348
999999756
999999724
999999435
999999183
999999491
999999225
999999475
999999135
999999371
999999337
999999023
999999745
999999434
999999152
999998935
999999343
999999179
999999320
999999312
999998923
999998894
999999514
999998860
999999291
999998884
999999048
999999694
999999239
999999757
999998981
999999109
999999474
999999137
999999404
999999479
999999381
999999234
999999134
999998805
999999045
999998940
999999472
999999185
999999424
999998874
999999039
999999201
999999067
999999549
999999032
999999306
999999716
999999727
999999259
999998955
999999463
999999674
999998823
999999441
999999357
999998983
999999499
999999783
999998927
999999769
999998812
999999679
999999106
999999714
999999407
999999481
999998821
999999502
999999670
999999599
999999596
999999377
999999238
999999520
999999566
999999496
999998833
999999506
999999540
999999245
999999558
999999334
999999019
999998818
999999736
999998843
999999648
999999429
999998961
999999126
999999709
999999644
999999235
999999529
999999332
999999487
999999276
999999158
999999497
999999071
999999489
999999072
999999637
999999560
999998810
999999248
999999213
999999741
999999284
999999162
999999677
999999565
999999710
999998876
999999460
999998978
999999484
999998920
999998891
999998888
999999777
999999346
999999096
999999392
999999231
999999592
999999478
999999145
999999350
999998886
999999614
999999274
999998868
999998912
999999399
999999431
999998948
999998845
999999513
999999296
999999074
999998957
999999432
999998975
999999570
999999553
999999525
999998880
999999510
999999327
999999531
999999147
999998842
999999600
999999196
999998850
999999413
999999630
999998811
999998949
999999576
999998946
999998929
999999704
999999740
999998840
999998970
999999244
999999257
999999552
999999136
999999671
999999467
999999107
999998807
999999122
999999568
999999304
999998813
999999578
999999398
999998863
999999008
999998864
999998918
999998987
999999782
999999033
999999133
999999557
999999548
999999237
999998852
999999187
999999419
999999455
999999295
999998905
999999428
999999090
999999461
999999597
999999501
999999536
999999340
999998797
999999254
999999400
999999689
999999660
999999728
999999094
999999344
999999528
999999165
999999056
999999069
999999584
999999011
999999159
999999016
999999532
999999150
999999156
999998947
999998834
999999289
999999650
999998972
999999607
999999353
999999530
999998841
999999299
999999250
999999466
999998953
999999273
999998907
999999169
999999085
999999685
999999416
999999470
999999359
999999112
999999586
999999682
999999129
999998887
999999667
999998973
999999263
999999127
999999308
999999370
999999216
999999468
999999060
999999258
999999261
999999794
999999751
999999541
999999673
999999246
999998836
999999712
999999175
999999664
999999445
999998985
999999473
999999605
999998938
999999345
999999564
999999427
999999013
999998877
999999178
999999076
999998800
999999379
999999362
999999555
999999784
999998977
999999114
999998906
999999367
999999395
999998990
999999227
999999338
999998903
999999251
999999024
999999034
999999275
999999733
999999220
999999457
999999477
999999014
999998993
999999002
999999087
999999387
999999642
999999464
999999634
999998796
999998959
999999363
999998871
999999480
999999595
999998928
999998882
999998832
999999194
999999591
999999292
999999262
999999091
999998809
999999517
999999247
999999202
999999758
999999146
999999358
999999149
999999439
999999022
999998971
999999623
999998925
999999543
999999747
999999240
999999070
999999078
999999708
999999391
999999492
999999684
999999204
999998858
999999354
999999215
999999079
999999471
999999365
999999622
999999695
999999447
999999663
999998799
999998962
999998866
999999068
999998895
999999124
999999207
999999702
999999523
999999653
999998908
999999572
999999593
999999241
999999110
999999047
999999373
999999577
999998808
999998862
999998804
999999721
999999025
999998815
999999189
999999098
999998917
999999629
999999331
999999768
999999180
999999052
999999115
999999657
999998999
999999508
999999059
999999448
999999537
999999456
999999219
999998897
999999199
999999053
999999228
999999583
999998931
999999401
999999511
999999459
999999326
999999588
999999041
999999788
999999739
999999633
999999792
999999125
999999092
999998851
999999722
999999681
999998976
999998820
999999771
999999731
999999317
999998963
999999442
999999446
999999131
999999030
999999255
999999042
999998831
999999534
999999394
999999780
999999351
999999711
999999336
999999010
999999298
999999307
999999658
999998916
999999054
999998933
999998982
999999163
999998919
999999603
999999061
999999498
999999666
999999083
999999311
999999208
999998879
999999421
999999352
999999314
999998893
999999017
999998798
999999256
999999018
999999121
999998911
999998952
999999765
999999086
999999384
999999631
999999117
999999171
999999795
999999718
999998937
999998950
999999160
999998991
999998979
999999166
999999177
999999388
999999272
999999542
999999301
999999462
999999174
999998801
999998992
999999726
999998865
999999649
999999628
999998878
999999785
999999551
999999579
999999438
999998846
999999302
999999376
999998988
999998814
999999077
999999412
999999383
999999209
999999155
999999229
999999669
999998839
999998847
999999138
999999571
999999278
999999040
999998899
999999547
999999075
999999621
999999748
999998861
999998994
999999608
999999680
999999020
999999130
999998997
999999573
999999221
999999638
999999601
999999268
999999309
999999490
999999080
999999372
999999779
999999389
999999469
999999128
999999545
999999422
999999703
999999108
999999767
999999527
999999655
999999203
999998849
999999755
999998944
999999315
999999425
999999242
999999142
999999482
999999190
999999556
999999503
999999333
999999436
999999676
999999046
999999322
999999587
999999420
999999430
999999719
999999355
999999589
999998958
999999493
999999763
999999089
999998816
999999418
999998945
999999031
999999055
999999405
999999364
999999690
999998941
999999743
999999580
999999426
999999627
999999316
999999293
999999057
999999488
999999759
999999574
999999266
999999264
999999267
999999406
999999342
999999675
999999636
999999512
999999772
999999082
999999380
999999693
999999397
999999754
999998873
999999222
999998892
999998995
999999325
999999521
999999624
999999450
999999001
999998921
999999066
999999494
999998855
999999515
999998819
999999193
999999224
999999696
999999717
999999283
999999735
999999737
999999341
999998939
999999533
999999697
999999485
999998869
999999252
999999148
999999144
999999347
999998802
999999287
999999027
999998974
999999443
999999119
999999500
999999408
999999749
999999539
999999382
999999773
999999310
999999118
999998902
999999305
999999402
999999369
999999594
999999526
999999270
999999081
999998881
999999143
999999746
999999294
999999766
999999243
999999286
999999182
999999006
999998986
999999218
999999390
999999012
999998856
999999611
999998930
999999688
999999154
999999335
999999561
999999656
999999476
999999300
999998890
999999323
999998984
999999282
999999192
999999729
999999774
999999582
999999762
999998951
999999043
999999360
999998942
999999643
999999410
999999319
999998806
999998889
999999613
999999103
999999707
999999285
999999396
999998803
999999153
999999602
999999236
999999730
999999639
999999120
999998828
999999349
999999686
999999321
999999217
999999168
999999181
999999073
999999604
999999116
999998996
999999734
999999610
999999414
999999444
999999641
999999170
999999368
999999288
999999281
999999064
999999699
999999647
999999452
999999000
999999713
999999705
999999567
999999585
999999036
999998914
999999004
999998932
999999524
999999606
999999140
999999164
999998960
999999191
999999509
999999449
999999223
999999764
999999157
999999665
999999035
999999598
999999615
999999253
999998830
999999617
999999277
999998943
999999793
999999535
999999519
999999161
999998900
999999093
999998913
999999700
999999415
999999232
999999200
999998867
999998998
999999505
999999084
999999051
999998826
999999339
999999271
999999172
999999516
999998817
999999423
999999692
999999651
999998966
999998904
999999167
999998934
999999411
999999781
999999088
999998909
999999099
999998901
999999173
999999139
999998989
999998822
999999752
999999635
999999787
999999791
999999544
999998848
999999318
999999141
999999732
999999111
999999507
999999554
999998838
999999409
999999661
999998875
999999770
999999328
999999625
999999750
999999687
999999437
999999393
999999280
999999233
999999009
999999206
999999058
999999778
999999375
999999132
999999575
999999440
999999640
999999005
999998969
999999361
999999550
999999265
999999007
999999619
999999378
999999742
999999186
999998924
999998853
999999775
999999028
999999105
999999652
999998870
999999433
999998922
999998857
999999279
999999465
999999562
999999761
999999626
999998968
999998980
999999620
999999374
999999618
999999559
999999095
999998898
999999486
999999123
999999249
999999102
999999504
999999176
999999063
999998825
999999385
999998885
999999458
999998965
999999646
999998896
999998837
999999789
999999616
999998964
999999698
999999260
999999725
999998926
999999050
999999049
999999654
999999151
999999683
999999029
999999212
999999563
999999522
999999290
999999569
999999691
999999044
999998883
999998854
999999632
999998844
999998872
999999538
999998827
999999329
999999366
999999453
999998835
999999015
999999324
999999184
999999678
999998829
999999205
999999672
999999214
999999760
999999113
999999062
999999546
999999706
999999210
999999303
999999720
999999744
999999026
999999230
999999348
999999361
999999176
999999759
999999542
999999456
999999619
999999597
999999757
999999463
999999225
999999091
999998803
999998876
999999459
999999430
999999248
999999038
999998901
999999547
999999240
999999753
999999745
999999073
999999780
999998961
999999200
999999139
999998868
999999569
999999443
999999277
999999652
999999511
999998963
999999149
999999728
999998934
999999791
999998886
999999135
999999191
999999486
999999643
999999703
999999114
999998984
999999473
999999086
999999656
999999527
999999495
999999431
999999423
999999480
999999790
999998900
999999003
999999231
999999503
999999072
999999794
999999052
999999505
999999648
999999217
999999700
999999158
999999736
999999120
999998861
999999318
999999687
999999529
999998819
999999006
999998831
999999359
999999230
999999212
999999207
999998932
999999453
999999422
999999162
999999061
999999551
999999570
999999219
999999250
999999401
999999108
999999772
999998894
999999696
999999435
999999322
999999272
999998977
999999331
999999517
999998825
999999485
999998943
999999546
999998816
999999640
999999236
999999096
999999110
999999213
999999197
999999650
999999239
999998921
999999665
999998855
999999251
999998968
999998833
999999786
999999210
999999698
999999260
999998821
999999053
999999389
999999342
999999618
999998962
999999337
999999519
999999553
999999531
999999119
999999051
999999445
999999411
999999085
999999425
999999606
999999314
999998982
999999016
999998904
999999436
999999591
999999611
999999382
999999198
999998909
999999175
999999544
999999658
999999203
999999478
999999295
999999709
999999280
999999375
999999357
999999602
999998915
999999155
999999787
999999316
999999599
999999711
999999204
999999528
999999657
999999716
999999311
999999767
999999552
999999008
999999228
999999128
999999145
999999303
999999140
999999290
999999464
999998879
999999080
999998810
999999514
999998975
999998809
999998927
999998882
999999537
999999540
999999275
999999664
999999692
999999049
999998942
999999614
999999018
999999247
999999448
999999749
999999701
999999092
999999608
999999252
999999682
999999101
999999500
999999046
999998930
999999269
999999475
999998857
999999775
999999138
999999109
999999564
999999414
999999113
999999289
999999047
999998796
999998947
999999370
999999725
999999788
999999632
999999641
999999420
999999259
999999254
999999057
999999508
999999513
999998979
999999795
999998820
999999723
999999515
999999042
999999124
999998799
999998964
999999081
999999530
999999770
999999493
999999360
999999471
999998955
999999078
999998931
999999392
999999439
999999205
999998805
999999009
999999185
999999751
999999695
999999587
999999525
999999424
999999058
999999362
999999685
999999180
999999612
999999062
999999282
999999722
999999545
999999426
999999737
999999617
999999296
999999497
999999639
999999409
999999623
999999338
999999629
999998983
999998997
999998864
999998938
999998802
999999194
999999673
999998865
999999152
999999355
999999521
999999378
999999543
999999151
999999769
999998815
999998996
999999563
999999274
999999655
999998891
999999466
999999672
999999324
999999054
999999683
999999605
999999487
999999596
999999048
999998903
999999220
999999768
999998798
999998892
999999771
999999662
999999559
999998990
999998972
999999173
999999752
999999755
999999686
999998956
999999286
999998926
999999649
999999712
999999103
999999159
999998957
999999201
999998854
999999523
999999568
999999034
999999734
999999726
999999532
999999319
999999279
999999719
999999507
999999598
999999035
999999688
999999457
999999708
999999642
999999742
999999320
999999027
999999398
999998999
999999689
999998878
999999520
999999631
999999707
999999055
999999255
999999379
999999766
999999339
999999404
999999750
999998801
999998991
999999246
999999710
999998954
999999083
999999555
999999122
999999509
999999604
999999636
999999789
999999462
999999346
999999746
999998840
999999778
999998913
999999028
999998896
999998905
999999706
999998902
999998841
999999143
999998811
999999068
999999434
999999344
999999178
999999267
999999087
999999154
999999397
999999626
999999098
999999761
999998911
999999168
999998933
999998969
999999352
999999196
999999100
999999148
999999601
999999565
999999610
999999385
999999107
999999216
999999550
999998814
999999299
999999156
999999622
999999417
999999541
999999732
999999002
999999427
999999106
999999293
999999291
999999134
999999271
999999142
999999384
999999582
999999697
999999377
999999069
999998940
999999141
999998945
999999637
999999567
999999298
999998893
999999721
999999496
999999743
999999408
999999429
999999624
999998827
999999628
999998846
999999468
999999182
999999412
999998838
999999536
999998888
999999646
999999764
999999512
999999680
999999256
999999088
999999387
999999163
999999452
999999317
999999192
999999450
999999244
999999066
999999056
999998953
999999326
999999014
999999634
999999616
999998826
999998958
999999223
999998985
999999310
999998824
999998874
999999481
999999661
999999340
999998875
999999762
999999021
999999199
999998987
999999476
999999400
999999164
999999369
999999287
999999363
999999127
999999396
999998917
999999405
999999349
999999447
999998870
999999300
999998980
999998869
999999681
999999729
999999739
999999227
999998850
999999232
999998966
999999383
999999313
999999041
999999297
999999233
999999571
999998922
999999235
999999040
999999740
999999663
999998867
999999501
999999093
999999117
999998994
999999043
999999406
999999170
999999572
999999449
999999075
999999667
999998995
999999102
999999670
999999307
999999539
999998800
999999065
999999554
999999063
999998914
999999705
999999224
999999576
999999372
999999226
999999136
999999467
999999538
999998992
999999193
999999727
999999187
999998813
999999025
999999161
999999266
999998830
999999188
999999011
999999292
999998871
999999647
999999364
999999133
999999675
999999097
999999484
999998912
999998812
999999268
999999730
999999388
999999477
999999558
999999699
999998866
999999005
999999437
999999581
999999015
999999345
999999635
999999460
999999019
999999264
999999215
999999442
999998873
999999105
999999070
999999076
999999782
999999095
999999160
999999218
999999744
999999438
999999242
999999099
999999074
999998998
999998818
999999189
999999518
999999060
999998804
999999633
999999000
999998908
999999229
999999245
999998986
999999428
999999444
999999556
999998883
999999533
999999045
999999483
999999356
999999694
999999371
999999594
999999343
999999315
999999492
999999333
999999381
999999506
999999440
999999365
999999013
999999084
999999654
999999534
999998808
999999615
999998967
999999691
999999756
999999583
999999186
999998935
999998918
999999690
999999671
999999482
999999586
999999549
999999373
999999146
999999645
999999150
999999336
999999600
999999181
999999676
999999595
999999350
999999575
999999660
999999472
999999779
999999202
999999284
999999574
999999741
999998797
999999115
999999144
999998885
999999776
999999330
999998859
999999777
999999167
999998889
999999126
999999071
999998929
999999129
999999621
999999234
999999644
999999169
999998823
999999524
999999580
999999347
999998845
999999309
999998898
999999432
999999104
999999679
999998890
999999332
999999243
999999393
999999165
999999031
999999638
999999470
999999125
999998923
999999584
999998856
999999116
999999112
999999137
999998952
999998965
999999017
999998863
999999588
999999446
999999573
999999304
999998844
999999094
999999516
999999526
999999494
999999285
999999022
999999557
999998897
999999174
999999067
999998822
999999413
999999724
999999029
999998959
999999325
999999288
999999560
999998928
999998916
999998862
999999111
999999535
999999395
999998860
999999390
999999653
999999461
999999720
999998951
999999179
999998971
999999407
999998881
999999674
999998993
999999410
999998906
999999001
999999451
999998925
999998877
999999032
999999157
999998948
999999651
999998817
999999792
999999714
999998907
999998944
999998988
999998837
999998981
999999625
999999589
999999585
999998853
999998960
999999522
999999302
999999713
999998989
999999386
999999278
999998852
999999498
999999351
999999147
999999172
999999592
999999353
999999010
999999030
999998842
999999306
999999121
999999007
999998970
999999301
999999368
999999323
999999765
999999562
999999474
999999566
999999659
999999131
999999166
999999785
999999335
999998843
999998880
999999781
999999416
999999684
999999089
999999064
999999039
999999376
999999195
999999177
999999433
999999367
999999758
999998849
999998937
999998920
999999130
999999258
999999270
999999276
999999214
999999026
999999760
999998946
999998899
999999677
999999208
999999678
999999783
999999206
999999257
999999620
999999024
999999403
999999327
999998828
999999704
999999577
999999394
999999479
999998976
999999578
999998978
999999221
999999455
999999044
999998858
999999171
999999090
999999004
999999209
999999380
999998839
999999613
999999261
999999774
999998936
999999488
999999183
999998895
999999033
999999579
999999354
999999308
999999283
999999358
999999050
999999561
999999294
999999184
999999020
999998806
999998941
999999510
999998887
999998847
999999469
999999738
999999593
999999793
999999609
999998872
999999421
999999702
999999666
999999754
999999668
999998939
999999748
999999465
999999773
999999603
999998884
999999747
999999402
999999763
999999627
999999123
999998848
999999441
999999418
999999023
999999693
999999502
999998834
999999489
999998973
999999079
999999153
999999305
999999391
999998851
999999419
999999329
999999341
999999399
999999190
999999012
999999717
999998836
999999281
999999312
999999590
999999321
999998974
999999366
999998919
999998832
999999630
999999499
999999784
999999718
999999548
999999334
999999241
999999253
999999249
999999490
999999454
999999735
999999669
999999132
999999037
999999374
999999211
999999263
999999715
999999731
999999733
999999237
999999238
999999607
999998949
999999118
999999265
999998950
999998924
999999504
999999077
999999458
999999059
999999082
999998807
999998829
999999328
999999491
999999036
999999273
999998910
999998835
999999262
999999415
999999222
999999549
999998842
999999438
999999416
999999442
999999152
999998850
999999272
999999260
999999475
999999249
999999304
999999122
999998851
999999641
999999491
999998998
999999310
999999688
999999367
999998896
999999165
999998839
999999553
999999734
999999171
999999283
999999629
999998889
999999113
999999661
999999694
999999534
999999647
999999432
999998985
999998826
999999388
999999125
999999216
999998863
999999636
999999774
999999634
999999174
999999164
999999046
999999071
999998841
999999747
999999770
999998982
999998906
999998802
999999279
999999651
999998861
999999237
999999070
999998867
999999303
999999377
999998965
999999306
999999105
999999488
999998923
999999316
999999423
999998940
999999265
999998902
999999336
999998989
999999016
999999532
999998913
999999119
999999291
999999783
999999208
999999259
999998904
999999394
999999611
999999668
999999088
999998964
999998811
999999252
999999017
999999076
999999389
999999660
999999571
999999707
999998879
999999515
999999129
999999150
999999511
999999067
999999106
999999477
999999621
999998967
999999776
999999436
999998909
999999025
999999572
999999228
999999743
999998884
999999501
999998980
999999124
999999384
999999204
999999715
999998911
999999262
999998812
999998894
999999181
999999738
999998914
999998941
999999341
999999063
999999180
999998917
999999361
999999069
999999282
999998858
999999422
999999593
999999193
999999123
999999398
999999346
999998859
999999065
999999312
999998832
999999597
999999239
999999672
999999455
999999445
999999151
999999263
999999523
999999347
999999502
999999320
999999241
999998988
999999183
999999591
999999763
999999458
999999412
999999051
999998803
999999785
999998829
999998799
999999731
999999194
999999049
999999333
999999146
999999761
999998845
999999326
999999206
999999752
999998990
999999440
999999362
999999586
999999368
999999462
999999559
999999687
999999014
999998830
999999390
999999457
999999350
999999307
999999314
999999618
999999149
999999708
999999450
999999667
999999039
999999324
999999608
999999019
999999322
999999547
999999754
999999561
999999093
999999301
999999635
999999107
999999777
999999199
999999064
999999137
999999201
999998951
999999257
999999219
999999062
999999592
999999713
999998912
999999391
999999247
999999335
999999040
999999235
999999177
999999762
999999386
999998957
999999318
999999637
999999625
999999187
999999002
999999666
999999271
999999298
999999182
999999642
999999782
999999584
999999023
999999459
999999410
999999451
999998984
999999434
999999222
999998944
999998987
999999505
999999401
999999719
999999189
999999681
999999003
999999102
999999520
999999213
999999162
999999135
999999568
999999468
999999645
999999375
999999481
999999045
999999041
999999353
999998796
999999601
999999535
999999315
999999196
999999413
999999494
999999236
999999778
999998918
999999473
999999755
999998997
999998950
999998847
999999251
999999429
999998937
999999365
999999092
999998872
999999338
999998971
999999703
999999742
999999118
999999526
999999741
999999231
999999342
999999670
999998953
999998931
999999299
999999587
999999331
999999047
999999695
999999595
999998886
999999433
999999649
999999387
999999414
999999184
999999793
999999142
999998936
999999006
999999623
999999512
999999548
999999683
999999537
999998816
999998942
999999444
999999147
999998933
999999518
999999671
999999756
999999691
999999378
999999610
999999270
999999485
999998819
999999395
999999590
999999471
999999764
999999141
999999439
999999264
999999099
999999115
999999509
999999172
999998955
999999400
999999723
999999710
999999749
999999480
999998905
999999437
999999352
999998952
999999366
999999622
999999058
999999024
999999038
999999769
999999253
999998897
999998900
999999617
999999005
999999309
999998805
999999339
999999492
999999500
999999288
999999302
999999779
999998874
999999576
999998973
999999280
999999717
999999650
999999328
999999711
999999402
999998920
999998908
999998981
999999327
999999158
999999254
999998882
999999097
999999461
999999349
999999464
999998885
999999656
999999732
999999085
999999790
999999727
999999684
999999589
999999759
999998828
999998891
999998888
999998915
999999211
999999043
999998890
999999714
999999191
999999021
999999325
999998986
999999411
999999697
999999267
999999724
999999042
999999465
999998840
999999007
999998868
999999052
999999677
999998996
999999004
999999478
999998961
999999474
999999765
999999493
999999163
999999340
999999607
999999060
999999200
999999050
999999619
999999296
999999360
999999027
999998869
999998862
999999379
999999603
999999452
999998925
999999000
999999698
999999114
999999112
999999382
999999482
999999108
999999581
999999737
999999178
999999582
999999596
999999746
999999026
999999292
999999570
999999600
999998875
999999631
999999048
999999469
999999664
999998877
999999598
999999212
999998935
999999111
999998919
999999498
999999140
999999521
999999716
999999626
999998999
999999640
999999569
999998827
999999417
999999530
999999185
999999033
999999220
999999605
999998823
999999648
999998824
999999090
999999652
999998893
999999696
999999712
999999612
999999720
999999294
999999036
999998939
999999504
999999317
999999751
999999555
999999616
999999176
999999192
999999032
999999563
999999404
999999029
999999718
999999089
999999483
999999227
999999678
999999083
999999602
999999148
999999554
999999662
999999269
999999359
999999702
999999080
999999077
999999145
999998993
999999287
999999207
999999565
999998876
999998974
999998934
999998948
999998927
999999010
999999355
999999073
999999109
999999217
999998880
999999281
999998864
999998899
999999679
999999013
999999198
999998813
999998808
999999035
999999441
999999557
999999351
999999522
999999373
999998834
999999613
999999095
999998916
999999104
999999230
999999403
999999321
999998856
999999407
999999009
999999274
999999453
999998855
999998994
999998798
999999533
999998958
999999156
999999166
999999136
999999215
999999748
999998946
999999244
999999061
999999443
999999675
999998924
999999541
999999202
999999499
999999428
999999232
999999372
999998921
999999409
999999087
999998797
999998929
999999527
999999745
999998975
999999054
999999575
999998898
999999604
999999700
999998949
999998959
999999447
999999497
999999086
999999334
999999525
999999210
999998807
999998849
999999693
999999121
999999290
999998992
999999343
999998932
999999160
999999536
999999056
999999775
999999143
999999075
999998962
999999155
999998887
999999685
999999574
999999188
999999074
999999609
999999037
999999580
999999273
999999470
999999730
999998854
999999773
999999330
999999744
999999385
999999780
999998930
999999546
999999218
999998910
999998822
999999256
999999784
999999082
999999655
999999446
999999706
999999508
999999131
999999028
999999606
999999781
999999138
999999486
999999792
999998853
999999286
999998922
999999425
999998846
999999068
999998978
999999233
999999369
999999096
999999371
999999128
999999646
999999319
999999524
999999179
999999337
999999766
999999709
999999277
999999644
999998954
999999255
999999588
999999430
999999224
999999772
999999248
999999725
999999100
999999663
999998928
999998947
999999542
999999701
999999234
999999767
999999268
999999531
999998895
999998878
999999674
999999144
999999170
999999585
999999466
999999528
999999225
999998804
999999787
999999396
999998866
999999552
999999079
999999476
999999091
999999363
999999186
999999139
999998991
999999550
999999250
999999293
999999495
999998892
999999276
999999654
999999689
999998809
999998979
999999348
999999421
999999653
999999467
999999729
999998963
999999275
999999153
999998821
999999633
999999057
999998806
999999753
999999015
999999578
999999072
999999583
999998838
999999768
999999313
999999354
999999579
999999285
999999238
999999044
999999311
999999726
999998848
999999242
999999487
999999116
999999168
999999408
999999544
999998825
999998836
999999258
999999545
999999329
999999101
999999221
999999308
999999126
999999496
999999435
999999120
999999489
999998956
999999392
999999380
999999543
999999130
999999632
999999190
999999540
999999456
999999229
999998970
999999405
999998903
999999771
999998907
999999420
999999460
999999658
999999245
999999519
999998831
999999246
999999454
999999735
999999513
999998945
999999676
999998857
999999154
999998883
999998835
999999159
999999567
999999758
999999197
999999562
999999243
999998926
999999161
999998943
999999203
999998966
999998801
999999344
999999323
999999053
999999399
999999110
999999657
999999538
999999517
999999791
999999381
999999358
999999357
999999551
999999305
999999733
999999284
999999620
999999472
999998972
999999463
999999750
999999345
999999564
999999704
999999289
999999449
999999624
999999556
999999760
999999419
999998871
999999529
999999736
999999507
999999300
999999226
999998814
999998810
999999098
999999012
999999560
999999659
999999682
999999510
999999614
999999132
999998843
999999757
999999278
999999167
999999794
999999514
999999383
999999157
999998852
999998833
999999506
999999103
999999680
999999721
999999332
999998969
999999356
999999786
999999424
999998837
999999728
999999615
999999431
999998820
999999034
999999638
999999261
999999577
999999639
999999628
999999031
999999690
999999415
999998938
999999127
999998818
999999397
999999134
999999173
999999599
999999205
999998881
999999133
999999503
999998968
999999795
999999479
999999030
999999240
999998873
999999789
999998977
999999059
999999484
999999558
999998901
999999195
999998860
999999266
999998800
999999117
999998976
999998815
999999393
999999673
999999490
999998983
999999630
999999669
999999643
999999209
999999078
999999055
999999011
999999627
999999665
999999705
999999739
999999788
999999001
999999566
999999008
999998960
999999374
999999448
999998870
999999418
999999376
999999169
999999066
999998865
999999020
999999699
999999539
999999426
999999081
999999214
999999686
999999370
999999594
999999427
999999094
999999223
999999022
999999364
999999175
999999740
999999406
999999084
999999295
999999573
999999692
999999722
999999516
999999018
999998817
999998995
999999297
999998844
999999239
999999110
999998953
999999095
999999547
999999667
999999107
999999785
999999650
999999049
999999477
999999083
999998914
999999112
999999782
999999446
999998922
999999628
999999212
999998811
999999280
999999603
999999126
999999073
999999786
999999316
999999324
999999719
999999499
999999223
999999482
999999292
999999191
999999164
999999294
999999643
999999071
999998807
999998970
999999409
999999647
999998927
999998850
999998830
999999654
999998887
999999178
999999486
999999245
999999534
999999746
999999382
999998824
999999595
999999271
999999027
999999494
999999585
999999443
999999216
999999745
999999207
999999235
999999268
999999305
999999210
999999163
999999221
999999226
999998999
999999576
999999203
999999551
999999449
999998798
999998846
999999636
999999125
999999516
999999713
999999048
999999775
999999759
999999641
999999093
999999405
999999427
999999572
999999159
999998877
999999672
999998869
999998800
999998868
999999367
999999617
999999100
999999338
999998996
999999400
999999256
999999778
999999025
999999384
999999029
999999211
999998849
999999308
999998905
999999766
999999514
999998895
999999721
999999506
999999679
999999760
999999621
999999046
999999108
999999508
999999194
999998930
999999781
999999359
999999388
999999240
999999213
999999056
999999118
999998860
999998891
999999707
999999372
999999217
999998929
999998924
999999102
999999726
999999596
999999389
999999175
999998843
999999201
999999028
999999700
999999558
999999434
999998918
999999021
999998906
999998854
999999354
999999524
999999689
999999549
999999425
999999619
999999605
999999562
999999011
999998926
999999752
999998806
999999780
999999179
999999495
999999481
999999291
999999692
999999644
999999283
999999228
999999219
999999408
999999345
999999768
999999055
999999758
999998909
999998934
999998952
999999279
999999614
999999155
999999777
999998933
999999351
999999078
999998893
999998997
999998988
999999141
999999092
999999563
999999131
999999202
999999377
999998890
999999684
999999323
999999186
999999387
999999502
999999753
999998874
999998837
999999229
999999105
999999548
999999413
999999711
999999169
999999536
999999115
999999172
999999353
999998802
999999231
999999663
999999097
999999681
999999330
999999468
999999419
999999322
999998904
999999584
999999129
999999077
999998921
999999533
999998942
999998961
999999262
999999363
999999740
999999218
999999365
999999467
999999791
999999099
999998842
999999488
999999249
999999528
999999198
999999722
999999310
999999591
999999406
999999152
999999005
999998900
999999148
999999417
999999403
999999122
999998851
999999185
999999236
999998913
999998941
999999600
999999638
999998812
999998822
999998937
999999779
999999627
999999583
999998944
999999181
999999009
999999717
999998986
999998910
999998828
999999625
999999765
999998908
999999396
999999774
999998827
999999685
999998853
999999472
999999031
999999137
999999030
999999366
999998833
999999253
999999661
999999242
999998946
999999355
999999456
999999090
999999196
999999457
999999189
999999611
999998876
999999252
999999195
999999678
999999764
999998799
999999139
999999346
999998859
999999763
999999642
999998915
999999581
999999270
999999597
999998965
999999426
999999790
999998902
999999748
999998964
999999610
999999503
999998940
999999043
999999540
999999290
999999026
999999410
999999397
999999761
999999708
999999688
999999052
999999038
999998797
999999101
999999729
999998864
999998966
999999515
999998803
999998888
999999033
999999094
999999630
999999550
999999361
999999772
999999575
999999288
999999593
999999416
999999032
999999682
999999344
999999023
999999241
999999057
999999623
999999024
999999069
999999705
999999496
999998991
999999258
999999399
999998936
999999352
999999483
999998841
999999370
999999336
999999349
999999795
999999414
999999096
999999357
999999730
999999561
999999675
999999712
999999715
999999340
999999493
999999657
999999655
999999489
999999297
999999314
999999390
999999059
999999114
999999586
999999190
999998839
999998826
999999465
999999019
999999391
999998881
999998984
999998880
999999491
999998898
999998801
999998875
999999505
999999725
999999626
999999510
999999319
999999662
999999736
999999134
999999588
999998954
999999541
999999251
999999182
999999640
999999076
999999429
999999174
999999051
999999546
999999439
999999440
999999738
999999511
999998975
999998815
999999670
999999381
999999394
999999519
999999017
999999671
999999156
999999658
999999334
999999325
999998973
999999214
999999668
999998852
999998817
999999395
999999018
999999532
999999044
999999312
999999264
999999423
999999727
999999460
999999706
999998820
999998856
999999162
999999113
999999204
999999266
999999075
999999200
999999225
999998968
999998808
999998907
999999133
999999776
999999402
999999376
999999257
999999313
999999364
999999463
999999282
999999579
999999167
999999432
999999520
999999407
999999747
999998886
999998978
999999158
999999086
999999691
999999341
999999649
999999142
999999299
999999723
999999050
999999042
999999473
999999484
999999769
999999618
999999744
999999001
999999166
999998818
999999321
999999393
999998981
999999680
999999573
999998838
999999686
999999604
999999116
999999645
999999792
999999598
999999350
999999485
999999714
999999404
999999651
999999183
999999762
999999193
999998989
999998847
999998985
999999441
999999518
999999770
999999368
999999060
999999734
999999392
999999045
999999571
999999455
999999269
999999379
999998844
999999553
999998980
999999421
999998805
999999306
999999276
999998845
999999072
999998948
999999347
999999068
999998861
999999121
999999259
999998957
999999737
999999478
999998872
999999369
999999371
999998971
999999525
999998858
999999461
999999061
999999066
999998866
999999701
999998848
999999453
999999728
999999513
999999697
999999530
999999538
999999659
999999504
999998950
999999555
999999147
999999755
999999274
999998916
999999422
999998958
999998804
999999332
999999677
999999751
999999317
999998835
999999437
999999375
999999527
999999475
999999289
999999656
999999016
999999248
999999380
999999793
999998836
999999035
999999415
999999464
999999373
999999633
999999750
999999535
999999171
999999749
999999635
999999634
999998956
999999531
999998840
999999136
999999079
999999098
999999227
999999577
999998897
999999450
999999154
999999438
999999278
999998894
999999120
999999004
999999492
999999054
999999318
999999000
999999119
999999704
999999320
999999177
999999622
999998879
999999590
999999082
999999146
999999733
999999111
999999523
999999197
999999339
999999328
999999080
999999709
999999348
999999743
999999143
999999398
999999710
999999007
999999735
999999521
999999592
999999444
999999238
999999470
999999287
999999084
999999612
999999418
999999173
999998796
999999149
999999526
999998857
999999620
999999773
999998998
999998932
999999451
999999565
999999165
999999296
999999187
999998814
999998809
999999295
999998896
999999783
999999474
999998925
999998979
999999501
999999374
999998960
999998951
999999543
999999716
999999607
999999674
999999184
999999385
999999542
999999567
999998955
999999703
999999176
999999091
999999284
999999064
999999205
999998967
999999151
999999698
999999233
999999544
999999560
999998831
999998878
999999500
999999462
999999135
999999232
999999545
999999281
999999664
999999170
999999788
999999138
999999089
999999103
999998939
999998889
999999507
999999609
999999106
999999741
999999554
999999277
999999447
999999433
999999199
999999246
999999109
999998959
999999074
999999652
999998949
999998884
999999311
999999304
999999497
999998982
999999206
999998873
999999556
999999653
999998972
999998901
999999337
999998974
999999566
999998963
999998977
999999480
999999224
999999034
999999694
999999065
999999303
999999666
999999063
999999639
999999676
999999767
999999529
999998983
999999787
999999010
999998899
999999250
999998885
999999104
999999594
999999132
999999360
999999127
999999608
999999333
999998810
999999036
999999466
999999062
999999273
999999568
999999602
999999020
999999307
999999243
999999234
999998969
999999660
999999208
999999479
999999599
999999458
999998865
999999192
999999267
999998862
999998823
999999552
999999302
999999448
999998938
999999693
999999442
999999436
999999188
999999081
999998962
999999331
999999012
999999613
999999589
999999047
999998882
999999215
999999124
999999261
999999014
999999220
999999757
999999041
999999452
999999601
999999490
999999265
999998976
999999272
999999794
999998945
999999244
999999557
999999298
999999420
999999254
999998871
999999696
999999445
999998903
999999022
999998825
999999285
999998923
999999539
999999454
999999153
999999431
999999665
999999724
999999459
999999013
999998994
999999587
999999157
999999646
999999123
999999784
999999161
999998870
999999469
999998947
999998993
999999209
999999286
999998917
999999002
999999683
999999435
999999756
999998911
999999742
999999255
999998832
999999574
999998819
999999327
999999487
999998928
999999230
999999160
999999037
999998943
999999498
999999263
999999008
999999512
999999087
999999275
999999293
999999564
999999632
999999130
999998987
999999247
999999702
999999039
999998813
999999301
999998821
999999180
999999222
999999343
999998834
999999067
999999329
999998935
999999699
999999260
999998816
999999718
999999517
999999378
999999070
999999411
999999085
999998863
999998995
999999428
999999058
999999471
999999673
999998990
999999739
999999732
999999356
999998883
999999695
999999006
999999789
999999358
999998992
999999578
999999754
999999624
999999003
999999648
999999606
999999335
999999424
999999669
999999580
999998855
999999401
999998892
999998912
999999300
999999168
999999637
999999362
999999616
999999537
999999476
999999237
999999128
999999569
999998867
999999053
999999509
999999559
999999522
999999309
999999687
999999140
999999144
999999145
999999771
999999015
999998829
999999631
999999430
999999412
999998919
999999088
999999582
999999326
999999720
999999040
999999731
999998931
999998920
999999315
999999615
999999690
999999150
999999570
999999629
999999342
999999383
999999117
999999386
