929
457
319
658
55
406
820
773
730
555
382
587
51
210
628
0
333
826
735
685
792
695
804
380
691
392
661
880
767
983
433
543
652
664
746
822
127
445
365
788
915
204
163
528
518
501
544
660
856
231
813
744
619
26
659
388
777
757
183
795
85
647
341
152
928
632
449
164
268
396
13
238
220
354
509
706
169
548
230
921
31
705
916
350
128
360
768
807
264
598
875
80
552
765
322
657
963
344
591
683
69
79
149
955
571
668
314
531
179
468
394
232
150
23
673
413
165
472
634
455
570
716
385
361
938
584
5
92
984
373
924
593
674
715
609
475
640
847
247
47
160
273
86
760
649
93
511
853
90
996
802
404
155
12
202
87
289
599
965
243
65
663
41
596
121
824
542
534
832
522
641
831
267
840
650
218
524
11
476
256
474
42
347
381
112
841
526
976
891
579
116
732
893
407
195
719
907
496
569
801
22
7
384
665
21
217
592
122
818
403
630
941
779
435
36
147
926
254
280
410
780
869
839
885
876
558
882
889
107
363
451
751
346
10
144
803
682
306
66
800
71
937
101
933
307
917
387
458
282
261
290
643
170
285
176
119
932
771
376
858
707
390
459
860
81
378
951
270
488
415
287
187
776
27
48
402
221
533
833
899
621
471
838
208
700
694
968
313
810
115
330
799
224
450
515
547
59
377
594
205
70
774
514
240
495
967
616
837
987
834
75
764
969
981
414
997
95
637
134
843
191
607
452
975
827
72
580
185
467
939
762
274
304
960
395
805
372
236
129
209
865
446
992
168
910
199
559
132
491
162
989
484
794
971
624
898
228
708
46
486
861
513
481
114
348
226
849
200
248
747
153
89
145
798
428
950
502
429
216
748
288
352
151
999
154
239
686
828
281
37
271
294
498
679
736
562
106
53
460
846
817
487
550
299
648
914
815
698
900
742
317
223
44
399
808
338
952
566
874
105
919
29
940
19
489
787
729
425
973
617
166
972
870
97
948
836
769
379
752
279
529
370
726
454
340
639
77
141
383
443
703
35
444
305
184
912
295
620
906
535
63
103
139
763
629
784
50
211
645
508
91
783
702
723
793
109
901
351
265
245
772
206
463
293
947
631
714
656
835
925
721
174
829
389
430
530
39
189
343
118
538
669
766
177
731
364
908
728
250
197
291
418
405
269
125
397
57
850
4
30
108
611
563
409
246
958
357
1
320
623
16
316
556
33
986
3
203
680
479
622
369
485
182
213
102
750
215
470
651
888
867
130
982
733
523
88
98
852
188
759
308
111
920
8
572
717
961
331
667
32
74
977
540
386
499
964
426
866
266
945
541
140
255
633
448
573
505
123
398
161
890
734
692
684
786
855
507
681
812
321
944
186
753
625
655
781
52
73
585
878
811
517
494
709
358
881
892
886
602
903
249
257
589
590
82
636
38
411
324
96
67
957
277
690
342
506
979
234
135
412
167
309
190
930
554
565
727
671
909
557
327
980
704
456
654
175
25
326
520
662
635
391
825
711
749
935
278
601
315
465
61
974
738
848
618
423
401
180
303
761
258
374
872
796
549
887
345
883
225
353
251
743
440
597
994
902
582
356
497
120
626
310
332
814
142
953
600
871
583
670
610
286
922
447
68
527
644
693
24
895
699
337
367
143
934
173
432
904
990
785
823
755
275
136
34
954
298
437
104
263
482
842
227
821
959
676
666
877
229
148
40
375
897
737
171
868
117
366
653
49
493
480
578
193
6
490
574
510
720
284
859
420
718
110
539
627
988
323
545
408
778
576
884
45
300
292
995
54
770
722
956
998
791
942
613
83
500
612
862
745
483
421
368
156
525
436
334
466
297
993
845
646
688
985
536
962
697
339
879
991
677
936
158
17
863
84
604
453
157
424
312
237
581
417
207
241
809
253
469
567
713
782
675
696
419
710
603
172
441
138
62
873
14
431
689
178
503
28
196
775
336
94
519
260
146
797
894
15
461
371
577
58
302
464
9
355
532
504
740
678
477
242
20
949
806
816
575
911
442
516
335
943
113
434
857
978
462
758
362
359
422
64
754
918
100
137
99
854
819
262
126
427
2
133
864
927
756
296
311
283
608
244
56
198
416
393
131
325
606
638
741
725
473
438
521
233
551
159
790
595
687
439
478
60
615
561
329
739
970
43
560
259
276
252
568
564
78
219
830
192
222
905
194
931
896
672
614
701
328
318
181
214
512
235
923
789
605
913
537
212
724
712
18
588
946
492
76
586
201
301
642
349
272
124
400
546
966
851
553
844
246
309
786
160
717
211
545
136
362
551
708
379
694
214
739
370
514
562
10
565
996
895
542
779
398
832
248
446
241
406
516
345
245
167
970
724
741
103
849
439
262
430
90
637
679
583
732
336
459
525
350
451
563
801
436
33
383
718
605
351
559
42
491
294
901
322
954
378
956
3
650
611
840
592
389
115
81
423
67
768
643
591
586
292
155
980
395
186
843
176
271
21
133
164
55
392
878
914
681
158
699
96
369
772
869
610
472
54
785
736
486
938
706
890
716
277
615
375
150
391
569
329
227
72
361
501
314
599
49
43
381
331
721
531
198
71
390
628
953
692
798
709
496
250
701
429
507
683
301
401
15
552
515
556
172
517
635
638
59
265
534
393
653
409
940
854
75
110
663
999
816
128
621
443
416
31
841
728
795
535
403
859
284
263
916
231
619
352
529
720
193
660
965
60
367
773
784
213
771
32
570
18
84
521
65
120
528
8
750
278
844
571
879
217
574
149
156
504
834
796
612
239
993
719
872
823
951
433
765
307
682
47
522
835
485
994
884
473
44
181
449
428
668
934
540
203
745
134
793
838
532
358
576
62
153
595
9
376
774
356
112
14
187
37
330
764
597
320
143
584
992
921
462
804
753
787
19
778
932
137
335
530
447
480
290
249
646
338
97
365
490
578
918
308
821
960
343
337
118
313
842
665
929
444
776
315
949
966
917
293
850
777
254
463
928
870
471
498
152
613
636
661
723
874
962
86
761
324
877
116
881
725
131
997
123
738
568
108
817
851
657
77
457
98
588
52
297
126
296
280
676
502
435
202
703
742
328
238
199
866
727
797
770
575
867
924
758
286
448
967
824
76
666
25
482
273
618
659
810
407
508
440
274
704
756
513
317
233
453
17
794
469
399
829
603
707
259
99
281
122
70
942
114
887
790
759
581
594
752
20
961
543
950
558
467
204
906
50
891
258
712
201
656
340
74
669
434
968
690
130
922
326
276
236
754
990
163
955
511
1
16
802
166
88
348
189
957
781
354
684
572
408
627
364
452
827
253
642
420
538
686
943
601
899
450
269
896
564
885
537
982
662
862
974
737
905
421
282
871
952
604
455
696
63
757
751
892
920
218
109
235
598
670
935
411
415
29
888
306
985
69
40
344
828
200
380
740
113
853
78
396
212
782
644
257
332
894
711
35
100
61
154
66
836
339
630
625
769
763
146
151
590
554
2
557
300
266
607
639
224
422
963
192
6
722
208
45
147
672
948
629
900
144
58
633
755
394
476
548
495
907
941
289
582
226
371
731
818
94
400
5
477
461
205
397
138
527
382
346
302
458
626
7
207
783
544
101
341
813
363
987
919
978
413
743
989
846
405
11
655
102
95
484
616
279
184
788
927
410
334
304
614
298
0
674
702
649
178
518
577
251
111
608
196
998
243
478
746
165
106
275
125
830
645
620
140
549
387
216
553
305
624
210
270
299
820
865
426
268
26
734
979
228
648
547
82
923
64
910
845
822
664
809
889
38
875
22
729
986
121
826
432
911
215
366
847
730
908
91
24
868
744
89
780
710
799
13
995
177
73
958
427
493
852
861
520
689
693
567
325
631
685
976
855
831
560
327
856
959
688
641
219
182
726
714
229
162
124
814
580
442
92
12
651
481
983
93
148
48
715
465
926
431
807
733
975
506
766
837
36
767
456
483
171
333
39
190
141
321
988
170
454
587
247
232
222
368
460
303
991
438
425
492
555
705
546
323
353
503
652
819
195
468
805
936
412
864
533
260
240
417
678
295
589
475
863
145
256
180
898
46
287
505
811
479
56
815
242
404
41
933
519
142
792
886
791
944
53
880
359
647
129
360
30
197
169
667
848
80
384
185
127
882
687
318
573
388
803
244
800
191
424
541
373
283
474
414
930
173
385
808
925
161
509
677
267
947
860
897
466
775
902
157
441
566
237
697
981
342
386
713
316
812
487
536
372
488
698
104
470
79
119
680
87
550
28
561
105
51
402
903
188
937
602
833
288
311
658
632
285
419
223
494
107
600
179
735
500
445
464
695
209
858
825
622
984
310
194
593
893
873
883
931
512
27
319
524
183
139
132
946
34
640
357
159
876
168
230
272
312
806
857
117
135
497
912
654
700
206
904
606
585
760
973
748
972
526
747
634
523
499
291
596
909
489
673
261
437
579
68
762
175
691
220
4
945
252
939
915
374
234
377
347
539
355
221
349
913
609
617
418
969
977
789
85
264
839
225
675
174
971
749
623
83
23
671
510
255
57
964
893
863
874
200
461
27
21
650
234
623
158
66
875
188
149
621
170
133
761
35
985
418
92
380
734
351
391
927
561
780
590
466
385
184
454
841
916
718
892
511
942
50
745
572
69
164
918
624
3
275
968
402
365
913
579
364
51
767
211
297
865
700
659
503
813
809
740
587
934
57
137
619
844
834
689
559
541
570
290
697
580
34
222
307
613
828
93
719
973
569
713
195
983
779
858
980
64
171
95
314
445
296
243
45
176
248
340
339
553
300
850
506
554
426
849
995
118
658
724
972
120
943
597
37
185
472
824
165
857
975
181
373
815
294
614
417
452
896
615
726
820
96
936
988
256
440
16
197
136
783
168
87
630
889
540
423
594
971
529
687
999
836
482
635
703
842
361
715
657
618
26
128
376
835
728
601
721
769
116
277
991
656
444
53
915
55
906
355
523
787
617
217
661
568
179
226
329
196
140
459
685
405
891
596
695
727
648
562
628
36
84
31
555
671
654
470
151
573
714
169
854
341
210
870
990
108
688
270
252
279
622
216
312
722
886
233
626
473
530
733
507
242
948
47
600
375
528
884
219
581
821
293
189
134
392
565
766
538
183
9
467
432
750
425
366
631
649
926
496
180
693
321
141
665
696
327
80
800
684
322
193
804
911
331
483
500
709
104
749
378
605
812
109
794
148
28
40
400
479
652
409
946
730
316
632
491
498
979
895
194
876
386
264
811
476
818
368
146
456
663
433
254
557
288
110
223
29
647
14
477
544
8
413
585
101
377
823
802
739
533
10
782
206
603
851
122
770
54
422
550
370
230
964
374
478
997
187
495
564
437
771
99
672
363
872
751
213
302
43
939
2
446
909
694
283
89
382
944
262
785
737
527
882
130
668
245
669
547
12
85
484
537
542
91
978
412
998
560
935
427
899
535
567
898
42
900
353
431
545
797
395
642
512
517
24
883
460
77
576
852
873
399
424
318
675
775
266
73
367
833
791
784
640
81
333
840
229
903
571
78
741
285
1
536
469
963
502
856
38
345
214
0
868
485
706
877
930
967
236
772
46
177
958
505
634
107
227
348
629
150
143
286
253
878
986
525
354
430
282
670
62
369
52
434
861
954
524
350
947
805
786
442
768
897
660
462
487
798
7
781
464
982
738
239
306
940
932
121
319
115
61
190
867
752
879
499
94
335
124
269
397
72
25
259
759
139
198
100
494
152
90
241
881
758
620
646
142
173
965
205
401
826
359
488
160
471
803
543
75
246
132
801
643
743
763
406
127
268
808
403
18
941
463
450
636
637
845
97
843
871
218
390
372
144
806
421
501
202
371
673
186
822
383
993
255
793
301
951
792
604
49
250
305
167
904
232
729
436
955
235
174
11
324
682
725
866
30
520
910
698
765
846
731
228
271
313
679
13
381
79
549
839
735
551
795
438
70
778
280
338
920
33
447
263
48
902
744
888
710
284
880
924
416
776
336
692
925
123
938
796
492
328
773
287
320
156
860
748
220
435
716
952
539
308
88
959
5
105
410
17
762
894
534
825
209
261
119
63
996
610
625
449
945
443
830
276
933
526
60
816
480
639
215
310
192
742
468
546
859
513
957
191
98
970
387
701
869
566
676
244
755
153
103
465
914
702
790
299
907
260
556
414
558
4
357
607
344
887
106
582
393
303
278
518
831
273
953
337
923
428
6
157
664
608
912
810
583
789
238
764
274
240
644
777
519
928
848
711
862
23
521
346
746
161
950
591
653
717
929
415
394
298
457
147
705
732
838
606
905
315
908
19
379
807
22
309
258
267
595
677
508
814
575
817
58
510
249
960
919
885
455
578
347
961
707
588
589
225
493
984
59
291
683
135
86
674
704
987
678
708
509
827
829
323
774
317
699
304
67
602
358
609
969
420
627
113
931
853
131
429
837
486
516
756
666
76
342
490
937
163
384
356
616
265
531
847
114
68
599
655
992
680
577
32
994
82
686
548
497
56
976
753
592
74
332
39
788
989
574
65
552
890
111
584
504
325
408
102
349
489
396
419
311
257
448
458
962
690
974
411
598
407
819
212
720
155
112
515
855
514
172
667
145
117
922
281
404
757
641
736
289
563
917
334
921
199
125
451
691
651
352
159
398
41
166
83
475
633
204
747
126
864
799
182
723
388
522
154
343
20
712
760
439
71
272
231
237
638
362
207
15
251
949
645
247
162
295
611
956
586
221
203
481
593
360
662
330
389
44
901
138
208
966
326
175
612
201
178
292
453
832
754
681
224
981
441
977
532
129
474
412
133
851
268
421
621
502
493
834
885
378
789
176
381
282
201
158
927
28
605
780
730
629
639
584
85
755
548
327
986
724
573
675
665
137
392
341
101
868
762
991
215
401
394
972
221
368
785
575
351
71
727
525
676
810
994
211
678
697
331
867
619
837
36
564
664
691
546
598
959
456
258
819
802
590
520
530
876
297
759
624
743
535
429
462
975
278
847
389
29
140
644
594
671
976
953
742
367
667
198
744
875
74
442
751
825
967
247
107
45
320
914
111
285
882
476
926
637
615
946
266
35
472
173
934
410
646
962
342
768
419
778
286
96
335
672
739
141
6
942
537
761
850
506
984
376
415
859
313
933
163
289
938
458
771
586
220
94
214
703
645
53
481
734
317
684
824
452
254
720
154
399
733
807
538
793
865
911
132
776
781
695
82
794
816
592
638
208
510
315
921
618
700
477
555
126
666
112
51
949
58
241
435
936
407
820
217
866
288
322
836
465
444
365
799
737
91
853
237
544
534
504
843
340
424
280
445
404
11
796
873
791
551
518
463
512
721
497
835
702
545
610
654
965
494
689
190
862
878
360
736
174
814
562
998
193
157
159
954
47
488
713
918
763
406
641
560
787
818
240
305
44
831
188
4
940
8
881
640
511
272
899
480
845
31
257
774
889
273
526
813
393
677
912
966
131
230
599
20
182
298
539
24
653
170
679
238
612
430
647
643
437
350
250
92
827
225
68
852
572
12
908
706
353
625
509
903
470
467
229
963
260
960
75
985
563
414
388
302
255
50
189
970
349
902
473
565
324
16
916
374
811
39
840
964
184
822
919
130
797
626
347
701
30
262
23
155
855
943
216
375
683
731
725
613
907
84
292
166
663
334
383
620
857
357
433
745
447
81
707
362
167
236
583
570
930
366
152
699
920
554
464
531
55
529
469
722
705
147
858
917
888
69
336
231
261
38
519
749
668
150
879
723
746
597
474
466
863
587
589
871
770
941
591
148
59
656
427
459
57
276
760
307
102
135
253
588
3
567
901
398
128
339
200
177
344
693
883
482
764
558
648
63
103
299
252
939
460
318
874
40
227
931
244
614
884
775
627
61
773
9
205
400
379
343
127
438
251
630
958
67
428
391
542
110
143
631
848
628
990
33
670
657
536
854
160
709
86
223
860
434
396
948
475
269
192
522
915
692
386
660
861
913
719
754
923
559
988
897
219
798
507
291
411
617
65
66
607
944
346
849
541
432
265
369
517
969
88
361
2
328
385
616
93
100
76
844
194
431
635
5
326
929
180
523
753
168
659
372
330
777
263
715
264
611
354
195
484
527
808
886
999
685
687
765
114
25
380
13
634
441
804
716
243
56
62
454
595
232
423
234
957
301
420
694
54
922
450
281
245
717
77
795
658
711
767
528
309
582
608
750
870
345
842
144
403
547
569
312
413
479
287
149
304
782
116
503
106
891
906
139
471
487
498
124
496
79
521
690
293
387
935
26
294
680
358
461
735
809
319
134
514
812
928
772
956
0
801
561
105
425
117
408
728
72
15
171
577
284
578
557
788
566
178
650
710
457
983
213
830
397
977
904
821
758
99
752
418
49
242
880
890
596
712
604
275
422
491
783
661
426
181
355
553
974
600
306
877
805
841
887
581
108
543
696
688
483
97
175
314
485
803
138
490
363
686
325
202
271
417
682
792
364
329
186
993
446
199
708
352
747
90
210
113
279
500
838
997
405
109
925
212
203
571
574
333
945
609
832
142
815
48
757
270
248
338
156
172
513
952
515
303
249
348
222
153
43
323
300
478
593
42
492
41
585
784
224
191
633
995
905
290
18
892
800
846
161
439
239
937
642
817
316
218
606
971
910
267
311
955
826
552
321
7
603
989
895
769
60
673
295
524
98
674
120
17
382
119
738
894
359
978
987
909
384
118
468
440
169
714
979
209
981
602
779
601
448
947
390
898
786
982
741
274
580
356
233
123
516
453
649
579
122
829
337
932
145
185
950
455
968
766
310
14
550
655
451
893
499
395
37
78
900
165
839
296
729
187
992
556
34
698
162
64
197
576
726
204
80
21
89
505
951
22
104
308
540
549
277
856
732
486
533
164
332
864
436
652
622
46
235
416
823
226
115
73
19
373
961
1
869
179
370
790
872
87
495
896
151
136
207
70
718
371
246
449
196
95
568
121
806
489
681
508
125
924
632
501
259
206
662
532
704
740
228
973
27
10
146
980
623
651
129
256
402
32
52
669
748
283
83
828
443
756
377
183
636
409
833
996
