458
602
419
68
4
618
779
848
167
34
3
918
822
655
751
350
415
482
149
651
449
614
611
656
354
19
49
116
246
844
578
691
237
926
744
902
838
479
589
776
955
28
12
877
572
528
156
689
422
196
374
840
106
784
773
999
716
41
794
64
770
952
709
546
468
410
759
143
59
659
442
878
40
507
260
937
203
873
372
711
717
153
586
254
824
292
377
870
137
672
197
176
922
242
957
906
496
705
201
851
750
451
138
687
207
47
304
880
383
5
620
306
247
700
993
398
405
348
903
557
554
480
57
819
747
448
286
200
455
850
166
331
853
485
181
239
764
833
117
829
381
438
58
244
1
266
185
326
43
51
697
364
50
944
171
904
486
141
0
363
975
380
636
933
515
909
111
271
498
356
182
453
622
67
245
587
772
538
426
859
110
866
924
708
927
268
787
174
527
404
257
715
797
992
152
250
420
31
571
513
846
287
800
834
512
92
508
13
637
664
212
478
739
845
971
406
645
914
123
543
35
658
303
710
827
706
696
969
681
400
968
762
875
359
175
44
264
953
36
425
434
136
334
473
805
25
616
917
905
342
883
206
228
180
652
950
665
379
630
300
265
72
488
337
754
643
688
574
158
736
638
948
960
65
411
788
808
639
193
431
634
839
550
863
516
768
474
576
624
396
341
502
94
980
547
280
436
463
366
310
101
698
324
497
340
118
78
87
162
339
888
685
251
376
299
355
146
958
732
321
178
270
541
730
10
30
987
69
591
907
961
542
313
21
552
32
505
312
413
724
650
828
663
391
601
959
218
719
901
874
394
712
168
615
561
674
752
996
935
249
494
231
835
26
124
684
756
440
93
699
481
259
940
825
820
133
580
208
104
227
837
347
887
931
721
912
916
847
562
633
520
281
967
786
713
489
209
892
464
701
414
733
190
343
530
233
291
879
248
135
301
314
97
569
418
62
282
667
970
793
986
140
894
221
864
606
385
55
499
112
725
467
236
612
195
283
585
666
157
860
267
90
791
211
305
680
790
946
255
583
82
763
189
338
785
956
858
943
570
42
683
108
588
889
225
144
33
577
738
899
472
964
723
521
795
661
330
921
173
806
88
294
640
20
881
205
435
536
854
514
103
476
23
911
792
511
443
526
186
871
423
982
323
284
446
941
668
352
942
371
519
96
107
900
199
599
872
279
192
6
373
500
673
644
855
978
131
609
908
692
285
579
755
682
132
274
170
388
703
690
886
893
841
95
452
647
627
676
563
735
439
707
307
403
954
693
913
897
215
188
757
45
89
771
61
148
432
119
556
595
24
997
447
862
365
198
302
555
812
746
558
720
121
142
885
653
487
91
46
421
740
895
981
18
230
297
816
510
161
582
445
534
675
407
766
537
729
977
984
336
272
631
523
742
726
575
63
852
150
662
934
920
309
269
344
240
564
600
75
37
809
276
295
625
581
774
60
619
629
402
38
670
165
919
949
430
745
777
457
531
994
632
77
222
811
7
223
54
803
849
409
66
760
160
648
939
179
565
183
737
392
976
951
98
504
22
657
122
48
437
80
945
444
293
731
27
963
532
613
56
985
328
471
671
213
202
594
775
151
83
256
105
401
275
461
891
219
966
369
397
462
782
79
128
932
243
416
109
604
979
288
804
319
317
910
125
605
81
375
972
368
155
915
335
262
898
529
389
734
830
947
506
817
258
29
749
525
129
758
387
393
84
234
483
76
86
796
789
346
450
454
427
126
990
522
8
127
962
39
52
882
433
679
9
861
216
843
386
865
229
226
535
172
252
322
509
553
603
642
315
17
965
568
989
635
868
261
296
533
417
470
204
928
490
503
102
353
983
493
560
71
130
896
362
998
316
669
191
16
610
2
477
235
333
220
169
753
384
821
100
783
289
660
728
995
584
743
358
654
524
459
232
566
832
408
718
826
694
224
241
649
345
460
814
761
884
428
154
695
678
113
145
545
929
617
164
484
549
412
608
831
492
351
936
329
621
802
704
332
551
273
597
869
361
325
85
429
518
813
890
308
823
491
184
53
357
765
925
559
475
973
876
842
741
456
818
714
187
767
263
607
748
856
73
495
781
590
974
991
769
277
360
548
938
139
544
114
677
465
15
382
799
801
517
147
539
930
194
641
177
702
217
367
623
370
395
686
14
399
646
466
134
807
120
70
592
378
815
988
598
778
780
214
540
810
311
320
11
318
501
628
74
159
298
867
349
99
798
593
163
278
290
441
626
722
573
596
390
727
567
836
210
115
857
238
327
469
923
253
424
87
141
584
16
317
477
385
402
48
410
498
123
975
876
249
925
547
393
118
351
108
549
234
805
46
149
611
880
510
336
174
848
484
340
895
992
971
714
522
845
728
577
560
176
309
715
804
281
422
867
538
814
605
70
691
541
730
1
65
657
260
940
347
392
158
330
879
866
198
592
407
637
508
534
550
345
185
873
181
120
616
206
965
406
656
496
699
996
125
472
596
414
750
688
237
379
418
811
754
40
993
455
239
503
131
280
279
981
613
521
150
994
64
741
397
523
247
857
539
248
790
183
18
199
622
359
439
7
38
532
946
842
757
23
647
305
795
566
39
916
801
784
797
413
349
670
723
942
511
718
767
210
645
482
533
924
742
177
352
491
620
639
60
687
37
2
709
314
599
800
815
201
698
912
242
787
274
286
763
679
678
860
52
947
892
69
720
339
494
479
238
963
536
926
373
163
587
851
856
710
602
145
674
504
182
500
344
270
440
114
398
33
955
949
806
32
862
474
471
124
488
161
313
71
654
931
901
594
310
988
633
429
974
512
937
923
505
79
216
507
256
399
312
646
740
443
492
299
230
736
197
542
514
115
781
990
223
486
625
416
939
221
143
659
540
98
865
792
306
890
570
90
680
769
922
86
588
978
476
246
207
944
156
467
356
810
251
437
73
232
193
72
266
515
165
329
17
983
712
693
773
130
903
575
794
457
265
13
852
735
701
49
450
603
453
289
929
891
888
395
333
389
544
84
139
463
27
294
918
428
284
585
225
157
941
630
374
454
834
419
571
513
823
271
342
973
92
187
63
357
67
367
147
928
789
849
196
683
320
188
868
135
425
564
105
871
327
487
535
902
475
297
272
557
366
142
126
945
531
954
53
36
725
986
348
229
97
870
838
629
808
919
337
861
212
896
287
459
308
360
530
423
20
835
102
617
914
502
780
734
214
786
582
403
744
551
563
668
760
958
933
644
292
268
615
160
711
383
217
545
412
200
649
665
44
910
618
0
972
204
189
772
388
672
346
132
269
335
706
803
148
376
886
113
362
883
847
600
648
872
45
458
609
636
652
778
34
764
162
307
839
152
83
88
748
341
382
893
528
227
209
565
816
228
984
47
850
493
302
323
430
387
729
203
624
164
552
966
559
662
415
807
716
894
172
129
970
640
976
765
726
669
667
809
567
782
328
318
408
137
101
259
927
298
91
334
173
394
858
598
9
889
15
138
951
579
151
831
650
682
932
745
427
68
739
908
122
489
499
695
380
26
61
354
236
702
904
642
905
170
793
460
713
386
434
820
516
447
364
169
829
22
495
635
506
743
100
696
597
863
673
700
930
192
128
171
331
95
325
338
626
658
154
527
224
452
824
572
58
775
485
464
900
818
562
456
546
285
643
288
877
985
119
355
461
991
276
791
619
692
661
451
497
836
99
761
788
211
632
261
106
186
252
653
263
358
446
12
721
41
470
25
215
752
448
666
244
675
785
278
915
194
127
133
917
979
420
817
481
449
110
226
300
920
29
690
168
390
116
42
685
864
705
887
480
833
136
301
519
444
906
411
854
689
401
812
802
66
884
426
396
368
608
74
19
580
561
5
977
81
501
998
913
478
462
934
438
369
746
537
290
684
707
724
548
569
441
518
93
220
982
404
612
899
473
686
607
264
704
738
731
96
231
732
208
651
703
153
997
581
80
909
291
771
967
213
832
708
296
10
604
350
277
719
167
253
468
315
634
855
391
621
938
155
627
968
766
697
316
324
964
961
375
819
948
311
233
677
365
28
195
556
875
62
405
999
747
56
737
543
442
591
218
755
796
881
202
433
768
776
321
75
465
166
987
241
589
846
30
424
859
59
969
191
853
553
332
663
753
590
524
843
14
606
525
509
378
104
50
529
586
490
676
275
77
94
869
783
727
878
837
8
254
257
82
526
897
180
319
445
219
595
623
109
555
558
943
250
57
483
610
520
798
953
6
827
343
76
381
957
840
432
371
283
134
733
759
117
593
258
190
614
295
436
749
583
844
322
435
326
353
830
417
956
641
78
240
717
777
828
421
267
799
671
55
694
841
911
825
89
722
273
959
995
140
384
770
4
950
660
3
664
936
758
35
282
554
24
874
377
370
655
952
361
935
517
882
576
51
255
243
469
146
103
11
372
31
756
681
112
111
121
184
54
826
303
159
628
363
822
573
574
466
762
304
980
205
578
409
962
601
568
638
907
960
262
431
821
43
813
400
178
751
107
245
921
293
235
779
175
21
898
144
885
631
989
85
222
774
179
827
616
764
867
338
423
992
54
895
189
458
462
791
522
337
401
699
887
960
669
918
619
697
242
280
973
17
362
902
674
601
673
784
138
500
263
444
928
513
998
289
9
490
386
640
173
494
327
514
26
826
599
678
400
748
353
698
536
802
505
2
691
44
852
439
651
780
623
372
50
624
425
968
51
332
863
857
714
632
794
288
755
733
303
38
476
846
923
366
28
92
994
76
350
816
936
370
590
574
882
786
359
739
957
571
676
218
82
832
856
118
330
959
147
758
778
650
976
693
892
463
965
781
52
246
728
472
212
398
143
958
137
809
411
134
701
529
583
377
596
851
662
579
667
766
355
962
375
618
243
31
804
245
382
890
754
258
788
354
459
464
919
456
527
183
220
108
207
257
59
547
209
531
512
820
907
129
979
555
342
585
211
390
695
549
448
144
528
684
594
808
530
997
133
146
567
642
269
864
798
556
751
241
617
98
900
139
449
155
127
984
659
80
795
870
765
589
237
95
123
541
924
208
162
726
572
264
681
340
655
947
434
471
105
605
731
223
238
868
266
273
374
550
718
506
561
970
25
24
310
430
378
881
18
454
376
383
925
315
953
817
331
319
963
818
813
622
436
553
290
704
879
276
99
274
537
519
545
717
215
282
298
703
389
107
931
358
347
251
909
796
142
151
124
898
874
388
116
747
179
715
77
365
356
165
661
753
299
351
309
493
775
917
814
160
56
920
842
419
854
630
611
262
254
723
424
503
843
385
470
3
961
654
371
876
265
946
732
102
613
122
88
473
901
952
941
104
560
201
546
773
664
174
507
232
729
287
805
408
437
679
373
896
407
760
495
474
322
509
949
361
496
90
518
348
883
328
204
8
538
313
501
910
216
228
903
665
533
297
334
551
199
406
911
13
329
841
602
244
557
511
749
466
91
185
55
318
417
198
592
119
819
779
736
314
811
196
428
306
60
597
49
487
517
1
822
325
828
839
877
130
469
833
443
972
414
34
657
888
523
806
737
83
486
281
539
770
111
637
491
761
63
534
850
847
66
453
873
402
445
677
785
848
636
475
352
872
875
87
405
426
610
467
688
465
671
312
582
638
584
643
253
168
221
735
738
346
801
131
307
621
769
481
647
607
800
686
932
206
186
150
573
40
757
575
106
16
292
990
859
824
422
61
317
97
93
702
252
197
11
381
125
360
482
132
606
727
302
20
730
96
625
614
840
396
136
743
869
540
154
685
741
950
152
834
975
135
969
81
995
756
499
744
893
683
627
742
831
559
283
379
461
894
229
10
37
945
35
47
588
855
563
271
305
478
479
581
777
421
156
117
41
762
615
905
450
148
865
687
635
67
235
267
427
543
182
435
416
433
520
145
603
587
860
672
45
521
103
633
259
991
871
391
69
878
120
27
644
392
195
176
720
849
442
600
23
126
787
694
295
226
234
301
184
214
993
210
682
250
980
438
384
966
866
74
205
578
552
344
799
922
502
913
326
971
187
380
418
341
394
639
712
837
227
516
224
675
772
222
336
166
163
620
554
452
112
532
225
114
977
598
807
815
978
915
22
612
653
604
279
175
181
544
230
921
709
62
291
367
415
294
767
203
951
708
36
339
526
72
188
14
944
429
272
113
33
525
488
29
43
323
441
53
803
759
836
884
812
914
577
942
42
0
793
937
30
255
880
492
404
713
158
233
996
296
750
986
666
101
236
825
300
515
740
7
213
690
668
420
783
776
608
64
835
413
65
858
649
593
219
115
32
845
457
6
268
278
542
239
580
752
368
719
192
75
797
989
790
906
891
4
485
121
982
320
324
399
100
967
159
955
724
823
810
935
844
321
412
357
261
170
345
455
79
128
508
628
974
333
231
12
284
141
983
504
73
548
696
432
483
782
565
862
393
562
586
789
167
164
247
19
629
84
447
535
692
899
576
889
498
648
5
335
446
110
988
484
58
570
86
311
721
710
161
774
886
140
48
987
954
248
403
927
497
706
286
768
829
933
838
792
830
981
916
46
194
700
363
387
908
489
964
670
663
240
680
70
939
397
157
948
153
460
904
564
725
524
410
821
369
68
510
745
912
149
558
171
293
409
631
256
943
285
178
763
734
191
861
853
689
39
940
343
646
568
94
200
569
85
716
89
308
440
270
771
71
431
566
395
595
202
180
656
930
193
641
645
999
177
707
711
722
21
316
78
260
57
190
169
660
480
468
652
705
477
349
926
885
275
364
938
217
934
746
591
277
626
658
172
15
109
249
609
929
985
956
634
451
304
897
796
17
651
355
735
220
443
631
243
411
963
167
477
682
265
969
901
780
318
745
656
207
284
856
271
674
743
415
746
766
209
164
365
791
652
903
402
706
173
619
211
961
831
980
398
99
931
891
170
809
645
418
997
450
758
995
24
266
598
775
571
50
504
412
781
593
251
714
25
924
531
233
672
460
154
42
972
485
848
323
1
160
521
965
744
283
812
844
419
465
46
806
470
306
281
185
582
522
113
561
646
41
116
143
625
44
78
870
216
785
845
73
297
469
958
264
394
935
776
381
998
854
789
813
948
952
361
761
737
451
374
434
793
277
989
252
810
196
479
937
795
13
834
275
878
610
999
573
279
642
979
498
140
308
429
757
503
486
607
421
474
368
630
480
133
885
694
115
871
603
377
966
683
760
719
904
516
938
332
560
336
40
373
484
548
905
464
662
842
392
274
52
146
159
51
186
750
628
518
23
388
626
416
613
230
918
165
348
601
673
860
536
911
447
890
943
829
342
620
101
267
475
289
420
772
65
585
778
576
403
525
982
956
103
564
726
184
532
873
62
461
324
881
205
606
535
326
917
409
378
880
129
941
208
827
981
984
212
147
528
310
201
541
241
383
667
898
817
526
697
741
913
345
670
883
287
192
189
862
384
747
605
557
66
72
597
34
312
111
27
341
432
700
580
563
372
588
991
37
926
399
214
45
134
130
712
176
769
87
333
660
14
840
801
846
117
570
102
286
144
708
530
413
967
739
942
299
639
707
688
835
132
400
236
759
89
364
724
148
2
594
816
31
731
693
957
929
616
689
609
425
122
501
188
0
476
458
315
804
539
29
612
139
586
166
104
33
788
55
319
914
203
127
899
161
292
358
222
663
156
540
636
751
124
568
959
424
671
596
304
92
436
514
893
370
158
453
705
906
77
974
12
317
524
493
808
363
508
892
366
380
782
198
187
897
934
257
337
657
108
754
550
753
261
684
481
954
852
258
70
80
730
679
752
490
725
572
499
385
123
649
641
112
58
352
459
3
916
820
939
500
387
254
666
35
494
452
790
325
841
690
334
640
748
430
153
422
120
872
807
783
740
867
197
242
915
16
126
964
260
819
272
799
405
314
135
472
357
773
249
716
850
157
38
237
879
408
163
547
303
555
579
75
36
234
213
558
309
928
9
224
986
515
291
26
847
505
659
426
955
250
973
301
137
946
11
263
393
47
20
668
784
814
15
543
131
691
414
945
655
182
962
643
611
217
888
105
566
471
328
994
574
396
527
517
658
4
755
142
353
546
696
32
811
238
661
553
218
896
665
828
889
359
177
22
933
632
259
676
151
296
60
109
244
765
727
273
6
506
100
908
305
473
404
162
53
467
886
478
996
732
483
401
713
604
720
219
94
802
797
509
371
199
331
81
542
172
293
155
977
181
826
59
779
5
386
231
721
10
927
874
43
346
449
865
278
18
686
321
239
462
510
849
121
930
976
703
647
709
145
300
947
338
169
128
85
194
552
992
441
362
875
206
320
533
118
492
710
513
863
21
614
562
150
970
624
653
637
343
762
410
397
232
876
894
575
255
248
805
519
767
86
433
28
920
677
544
512
944
93
857
864
417
786
431
836
554
798
455
794
722
763
940
638
818
136
815
627
339
584
376
545
736
382
567
57
936
191
602
285
313
454
240
717
311
887
256
523
830
990
30
175
442
223
487
621
578
183
987
877
7
96
600
729
687
54
439
985
932
268
114
98
202
839
340
226
290
923
110
495
48
551
49
644
823
608
615
681
919
79
960
629
349
971
701
590
225
792
825
774
327
294
978
912
302
704
859
907
210
466
675
777
529
617
695
838
406
711
581
19
369
246
440
680
179
468
350
953
968
61
507
635
245
565
435
749
633
949
983
262
39
141
95
227
902
821
634
171
445
988
253
448
379
496
534
734
8
895
587
446
138
367
599
910
738
950
390
423
228
190
119
853
180
861
648
68
559
56
869
718
437
83
618
427
298
97
702
768
329
623
951
107
295
595
149
391
868
71
537
589
975
922
354
715
489
316
577
204
215
330
125
74
307
106
520
851
692
64
771
351
322
685
803
882
858
843
270
90
650
742
549
389
824
280
282
91
88
511
669
482
993
800
787
592
174
925
247
347
456
698
497
699
832
221
569
837
229
733
591
168
84
193
463
538
444
152
288
335
67
770
395
909
344
654
921
407
664
622
438
195
723
235
488
855
200
82
457
491
360
822
63
678
756
76
178
728
884
866
833
269
900
583
556
502
356
276
764
69
428
375
