316261001
294469058
-1
43576274
116473185
-1
299655970
107410643
13937534
123008162
303607044
422984374
94103183
-1
-1
-1
453269385
38786075
-1
362900321
-1
-1
39521207
441930532
-1
-1
-1
-1
-1
-1
6174928
298950670
218554212
-1
-1
107008841
43444091
462710768
-1
-1
95819244
-1
-1
-1
-1
-1
383646120
157372954
432492050
-1
-1
-1
-1
276620983
-1
-1
98534662
-1
-1
-1
-1
-1
337064703
-1
408394119
-1
303435853
-1
-1
-1
156642433
-1
292940184
-1
-1
-1
-1
39771643
265846963
166536914
-1
321778588
299917714
-1
-1
269864593
-1
293795497
362273163
-1
373583787
179860706
-1
378624853
450753398
-1
214849730
31061119
-1
-1
-1
173889012
472619736
6258246
432936220
-1
365636009
-1
-1
141223640
22017220
179668473
460175710
227264671
-1
212498380
479448798
352992491
210344724
459588937
255010363
-1
254433035
113392166
-1
-1
-1
-1
427749968
91416404
360782657
-1
-1
-1
-1
471359483
473437739
228502689
421896869
-1
-1
-1
205998709
93672787
405633066
-1
-1
51382801
409458682
473151492
-1
441157329
202451574
-1
-1
-1
329079000
460750913
367432285
436174437
-1
-1
-1
-1
188321027
-1
-1
-1
-1
-1
-1
370436291
110535842
-1
-1
459430113
-1
-1
274867988
-1
-1
-1
431665928
-1
70679101
-1
222205591
222925340
175332917
-1
45758170
-1
307106242
343151243
204071309
-1
183488362
453364958
-1
-1
356505680
-1
-1
283858462
-1
-1
-1
-1
351542146
365624960
100752208
-1
13171239
467381547
324105551
40150217
194577938
350840882
51387846
142181241
419046934
-1
71071695
-1
-1
100836604
-1
-1
-1
-1
-1
-1
-1
380847076
26393670
-1
352391442
-1
-1
14824264
-1
50033888
-1
-1
466500334
33235637
-1
229976370
-1
367045545
94664672
127480426
-1
446247849
254570807
-1
-1
-1
-1
372399692
-1
472414117
-1
98904635
-1
-1
-1
43227183
243392944
-1
393701736
-1
304838448
82422072
-1
77657511
-1
241861811
62947209
-1
154743152
195395122
97291946
-1
-1
-1
-1
-1
-1
-1
381470184
-1
430034675
159306546
-1
449250057
-1
342817490
76442655
-1
343033534
-1
-1
50535988
338497052
118256781
-1
-1
183834242
277643034
113043091
-1
36432899
163714092
264397415
196426500
78263720
-1
-1
350495013
397593678
391300617
18533509
-1
210132444
339643972
-1
76725584
474107580
106763974
117487586
53430440
200970028
-1
21653239
235961144
233148549
-1
-1
387820627
-1
-1
243851446
415322934
203758635
-1
424248447
-1
-1
31386667
73153592
381626990
129249315
467857191
93729596
462073756
-1
-1
-1
-1
-1
88589430
-1
118169967
117081634
440977475
53691026
-1
-1
399881944
232741010
307913802
-1
-1
229777016
-1
-1
359897904
-1
-1
-1
347120196
-1
234042586
41211618
446425598
-1
276476830
-1
-1
408077297
371184928
327029008
20806089
270382875
-1
-1
-1
-1
401127910
-1
-1
474539808
-1
-1
-1
367657075
126716711
-1
-1
-1
-1
196379024
-1
-1
-1
463999428
409072394
50912553
16666749
-1
-1
469879506
218133010
-1
251399153
-1
231865878
421184867
76630688
347773342
-1
-1
200440577
315415179
453764331
77917807
465627858
453464432
427111170
-1
297378877
-1
-1
30318326
105244455
-1
-1
-1
386768248
181604903
292694504
132049410
-1
-1
266314246
-1
-1
158815191
201444265
444724933
-1
-1
13825163
443117625
-1
-1
-1
-1
273618329
394684803
97430596
211966059
196100097
-1
206168418
-1
-1
270220114
83866321
86709584
362498686
-1
392154392
234481107
-1
-1
349765822
318469397
-1
-1
211312460
248037658
-1
-1
322483351
179390275
-1
187998526
-1
-1
-1
-1
96009260
-1
-1
465471717
-1
461941548
47045926
114590083
183384995
-1
-1
349149333
-1
454844376
-1
-1
-1
49957983
-1
263525215
-1
325860574
65774759
162814586
158499550
-1
294085111
15748818
174470009
197653645
342745973
-1
-1
399042983
227301043
-1
448028801
-1
292522284
260321001
-1
436100253
123777133
-1
19968675
-1
392309088
136803633
-1
407686887
367881406
-1
305288581
122225411
-1
-1
117487920
-1
-1
342756772
312879985
383449560
-1
-1
336660898
129577114
470572508
112785730
305075349
-1
-1
-1
-1
71273885
226565571
455727706
387840088
-1
-1
-1
-1
-1
191523734
-1
391059556
235216890
264517868
68117450
-1
25732340
107309325
452940760
39984647
313320911
-1
-1
284594879
203844573
-1
-1
-1
-1
-1
158986613
-1
-1
-1
481231940
420507404
-1
277331281
-1
240158820
246969059
392596042
-1
5565518
-1
-1
-1
288092904
-1
233590905
-1
-1
-1
-1
45044414
-1
-1
-1
146439100
-1
-1
3497399
-1
217428187
-1
-1
-1
19037597
-1
428039500
-1
390301211
313434213
203509825
271508994
-1
292537959
228328950
440175624
91539284
-1
455105912
372233894
-1
-1
-1
-1
8845611
353039333
397384774
137284465
-1
450737361
241477349
221007994
-1
351019450
461496908
-1
92731165
-1
40069460
-1
472269222
-1
210884755
-1
-1
-1
-1
-1
-1
-1
-1
79590372
400365339
244953034
133302426
269862943
-1
145629314
-1
-1
-1
140422608
314414957
284377913
238709702
-1
-1
246487804
357313652
-1
370626613
369658593
-1
-1
-1
157193245
369152962
-1
88253667
283246433
75376941
-1
-1
-1
-1
-1
115199355
172271310
-1
-1
-1
382222702
-1
-1
-1
22619451
-1
236746499
-1
256045487
-1
68733880
-1
-1
413644897
472970583
-1
463923547
407967660
-1
-1
15644331
274122646
-1
283963426
358125404
-1
-1
69647100
31325397
-1
334840497
241411087
266259905
-1
-1
-1
-1
232642204
-1
-1
196368485
-1
167942662
-1
340439484
329620674
-1
-1
285084697
466238666
383928434
185749373
-1
-1
-1
320515059
-1
-1
407509528
-1
102670049
14139645
-1
331502818
63887108
285738422
230895562
70479960
280718286
-1
316394862
352143768
-1
247974320
1131570
329655634
54048470
-1
285703885
202869490
107065626
370484624
-1
30597902
-1
-1
358344824
-1
-1
218961445
-1
250053132
-1
449618431
113509077
392533649
-1
-1
-1
59405910
-1
-1
-1
344283331
472025983
340405639
-1
258850148
43421076
-1
231923673
41023294
-1
35838095
-1
-1
390631656
109437882
-1
-1
376716291
-1
-1
-1
425745553
-1
-1
141973413
-1
41248428
-1
-1
374813945
202415235
-1
456660366
-1
131061455
205517564
-1
351707242
397145866
196393359
-1
-1
-1
112552411
330902960
-1
147693486
199940387
-1
-1
-1
-1
184275245
53994008
-1
254979183
267545163
-1
-1
246183894
-1
18001838
-1
32135450
190712610
-1
381946437
-1
-1
-1
-1
355622336
-1
-1
-1
-1
222764289
80577850
-1
-1
-1
-1
-1
168821074
244526216
234206995
428981299
189826234
-1
138177913
177530343
-1
-1
267236223
255268862
-1
-1
-1
188412257
-1
319839977
-1
386873964
20727672
241411809
115698314
-1
-1
57165602
110092740
18847219
317587524
-1
-1
31973887
471907264
301886498
265708787
-1
-1
451730396
339470783
396457547
407881495
135952363
-1
448123026
-1
70219264
477661056
215081282
224516645
-1
-1
473617167
61416493
-1
441629593
-1
-1
-1
255602256
18547276
-1
-1
-1
-1
211686491
-1
182588849
148379192
51994589
148084036
-1
-1
-1
-1
-1
475494145
399405604
-1
283946266
-1
125411377
232542196
154437209
46982016
951434715
775380098
53841783
907387586
576784605
126826714
171349401
355052561
526105447
211681441
936816971
741164135
413865801
517929827
650204098
377662231
120192995
111913283
198875412
954446021
659613816
700821728
810411098
323155535
420645751
832164327
167066708
680033148
569338016
558333201
584841716
40774001
849500190
727565735
786353913
322057745
396367585
371449675
202063729
531151427
621141965
5186686
817805729
103421627
649477703
720653383
811789234
384695107
425623726
932972227
912445526
521713311
191758659
34641268
657921762
456352381
576090629
296775246
543178678
17352709
508280213
18148979
351450981
103028397
41618283
751107571
803263424
91811831
23186692
215179837
27508576
899145153
282405514
58664237
199652383
26111026
523571788
680617616
559376991
56210653
613671157
520381710
482298055
499122350
709159771
250617348
688419894
496118031
101308079
361507287
357941943
804084911
356191018
787003766
853284865
161744201
888749366
905577973
724880881
58626258
673696258
373304271
181458705
641864092
237117012
352619755
427204992
115018842
478695953
711391690
715052505
247857208
121591998
360445262
9281868
895585947
663663528
173977960
457569580
797317562
682024554
76784265
318719276
105357198
228793551
258481614
517368421
435823276
178483402
134555514
235633473
198259094
714364470
561048044
304735630
838289887
599399899
775430825
183588171
755767438
606151167
198565323
257596587
280700713
674610316
484460212
918547999
706708261
123855037
107571965
459861329
529655146
940315298
230467046
357827405
300983582
536469021
777354925
49079398
562126393
429738453
805879094
471828178
23976114
123318275
599843999
766662133
175112098
286953683
476311902
393783730
942840781
937925240
38067980
453428180
814059384
883485692
21129260
17865364
805236121
449479051
272071872
481056786
69016754
169120694
564923275
897364070
937906090
113961816
256156706
892179351
880958785
386092461
830441039
414187126
751356325
582533941
753025331
628011283
509273387
91255303
664506915
693331365
404963537
611482004
130743783
943188025
594406068
179718839
911751214
405469724
275735454
534805696
266236049
679116305
392784348
872419722
128422754
877333770
901941777
585485704
627035221
886263198
547615039
441521884
791924509
138258485
215162756
442329559
809654274
195707304
152862244
683949473
304985279
37897950
403200199
881328495
456698362
226214065
770788813
308730159
516900772
783280018
928770881
138510363
754557379
585288214
869052812
813005848
450858783
330038221
886844990
878976446
149976079
30147744
523791393
344178452
732047423
518556853
185000520
850734804
751640864
331745660
638601026
455595021
231806734
628272270
774134419
642710527
247710243
590102545
583325653
747577896
708316209
765171224
812013509
110917795
837527996
963388140
477495903
206236565
635221867
414211812
57407685
752662471
81903471
195272135
24817158
944804209
607927343
480950216
923712953
541911629
905041309
331002059
377489223
831482033
140719448
261652242
835156615
320947234
158618152
544496224
879018563
287186594
961785623
167325448
221382195
21503635
365139110
586141918
561717470
407783081
665919529
257941625
872531014
7319055
769253078
246309606
889986650
132595314
542840417
565340783
212833330
20154914
232455734
781243126
913582805
622073966
853826568
229575003
870101806
208865073
379749400
111717899
229123422
468737486
470680378
93005428
526972673
907576446
511264967
853003628
72841302
415403509
150643394
499840822
382406575
31766249
561975784
613375805
409532074
626950297
15226087
699181456
263896748
662983568
752006394
755113153
460600444
159846408
206258120
549433611
765825717
121168149
134883994
578185867
527370092
69551347
7533082
654914461
162188831
70840887
26711081
812310168
597101428
844300917
880261538
277607933
421336046
185030647
457434770
325564663
578045456
569948658
19755553
10321589
210510222
707927653
284529495
331882626
595451554
895948387
817176375
486691500
800607613
495475277
349391537
354811338
619856826
336594435
742050360
393097496
330727883
694505739
309127569
292125436
824547622
64024861
268536081
39673120
791807049
23573716
798652905
240974762
769853931
15304968
843008783
734032244
94722091
487762226
135946724
557101283
508149951
626312451
702229014
481212681
535195415
384571215
843495306
343045891
68969090
456651910
775008723
575990329
451351847
482382187
406806877
606918966
121184909
469477139
5725436
951907013
521307270
83747307
191877133
581318367
278633680
726204899
166438122
321564165
201532214
720703855
77601361
230733755
692547990
82280328
190655074
904888992
231369171
780623523
564152408
899551324
308223677
635316466
565253216
873237069
618525969
432052790
727183104
694585016
170436367
942795515
486444884
395395107
840986699
556437145
951592337
488682782
382555286
116098140
598615010
648797145
136436214
866619171
640688826
922768885
338039509
436817338
546539994
200475604
241784174
792093491
198409421
618848302
228650515
887149254
668778843
677019193
613064039
524769301
818027615
588474967
539524896
711895102
838082157
316722148
877755582
133192869
540208568
852416682
19389445
937371136
664661737
650126584
646051219
444719657
349120365
71118903
46019475
32317692
190859389
783313359
190065165
466074961
262993632
734108238
431786858
624148010
927962499
148720841
742701347
373225595
80607785
527972793
380187510
30000640
529197551
187870802
913400005
303475082
945892229
434282379
300258534
884505406
412767009
135474185
826323368
782623426
944974963
1679878
572292783
788678162
670635838
933796283
546225942
573247558
310116797
856362765
562867150
926002514
378218540
539452933
929538280
670774451
24550634
70183550
411840498
402499115
386385117
659880372
438226329
150463004
615755191
467346133
92710055
475872292
696096507
9209930
827384046
249401011
246258950
917934018
289829499
524463009
517257904
16117227
627450484
412621802
525506685
44030309
715937574
214445728
522996551
957400056
504573564
965064746
728216200
904125596
374688937
185626039
668057433
273905145
542783026
416838810
37707091
856890493
626249110
332126483
558379565
339826406
503212406
206756422
951577929
94235157
507143910
677539467
421576431
554907968
412036152
707083051
228350359
423027574
701659800
777846833
728191389
564341274
646842441
5491243
747764101
787854350
635949466
119937236
486091706
197866590
195264091
736056635
717549315
488277175
547474478
710512852
934740221
771419721
850708448
782877280
240408751
56338153
294921920
823949753
514631872
458718303
495160891
606845891
41155470
334177671
13648487
811118983
196715853
12012554
396762236
201584484
190526673
763137697
285390905
263162244
932001249
242445622
191289869
462201682
400818622
12461684
861061398
650260730
764846935
281587487
223186421
116127765
634434666
311558697
756026673
723561558
623988455
770206475
271464140
300584480
785896939
583942321
533580186
66472670
258032842
770631186
961386259
804658726
676103693
205604799
277453470
220568533
503726030
123982784
739067523
89997563
188805516
898067215
955345463
246585805
421451784
860896491
339077540
623080035
562729692
783231344
900869414
617019958
187227897
662799923
455899101
950651821
445971629
598125334
289802222
241579991
769658787
198943511
568142941
601345380
278055528
47211304
96453838
276217092
949978136
654884589
846355363
377384093
110559130
754904629
863531481
671415072
129902619
215675381
584481138
438509530
7417857
473008247
222091762
946631392
963775094
417633351
187474383
567399547
120900901
807538594
604953193
244012430
436727959
93209738
832162602
197753338
698720441
72957566
622002917
879134384
221715483
352323108
740254827
210648807
124939224
527035578
931942060
928571897
824142580
518540540
358896109
146456377
650236474
65912165
749105309
169063577
312471102
38158012
86986787
228422573
857015630
257290098
763907760
686662500
185138767
100028899
286268602
681074763
570902705
698495508
370979333
441347373
260052198
664542832
249208824
807148180
44349545
546062350
354442941
623154367
623496421
474178801
32435117
246296425
792098942
818508828
485090413
628583973
730206303
530391266
728703041
32673355
659080296
252229523
919874520
957787992
591056626
715022306
905112838
388531400
495516467
31091500
288837654
41205520
777935729
384588785
721205383
961995089
14316091
909628810
139069658
839926953
683953268
34296457
451539211
779826592
856524941
741294305
800597961
643769844
935477455
15456303
932056553
358412120
610305071
443600549
430695693
775169971
653584420
105228574
71811524
77028449
850673277
674870496
403719521
730124182
83523905
864390060
363154721
344252606
638886677
50976269
891290617
780636097
232118142
518720206
15011474
794902721
587632182
516801134
850967288
926529590
247779943
675369733
326726849
704911149
849164676
772371801
381585116
103138240
237014709
542901411
457884073
344570438
636808723
155389271
853283256
492970440
480470585
739199943
845933727
521660530
875886640
255834108
9355809
59419870
875535775
339439874
140607921
534309464
478611961
912253032
905333649
362818847
650610712
631217709
458235704
26225053
832046712
61228272
877278944
563305230
618520152
65678570
693052356
892640550
815988484
839028079
486332439
85968971
613417381
864172318
885072765
305572908
350845704
225267257
244712371
798140276
559823081
334594269
127067306
396193723
667451508
153892526
269749102
915655367
260869303
534772910
405918801
187964001
493472883
891560908
738907227
926829024
390954019
875069964
215605308
230858249
87423424
636741784
637275854
310861227
378553318
647012866
194662887
677565235
698973650
657026808
354348379
753713912
884340712
314483800
163510053
944734842
473081769
835405737
760126271
406021829
533040940
108555769
371026755
473552700
806824729
765130027
628510711
618130731
249104361
548643801
881899118
765574231
386323717
795449462
537799811
464028214
717545671
416644996
910589307
624088451
142156116
353534874
192888520
826675135
361575423
669199773
894746769
376476156
884580825
699803693
939522838
40038106
-1
13076346
14606291
-1
-1
49083188
-1
-1
-1
-1
-1
-1
-1
18284014
-1
-1
-1
-1
-1
-1
-1
-1
105659165
-1
-1
-1
-1
92091022
-1
143224964
-1
56944286
-1
-1
-1
-1
-1
-1
-1
-1
-1
-1
-1
-1
-1
-1
-1
-1
-1
-1
82352225
-1
-1
-1
-1
-1
-1
8997510
45543502
-1
-1
-1
-1
-1
-1
-1
-1
-1
-1
127088544
143438578
-1
27237201
-1
-1
90886390
19363536
147555146
-1
-1
-1
39428870
-1
-1
113229678
-1
-1
-1
-1
-1
107912700
-1
-1
74964778
-1
-1
-1
124093154
-1
-1
-1
-1
-1
-1
-1
-1
-1
-1
-1
154310238
-1
-1
-1
-1
-1
-1
-1
-1
54354820
-1
-1
-1
-1
-1
-1
113222004
-1
-1
-1
-1
-1
-1
-1
-1
-1
-1
-1
-1
-1
-1
-1
-1
111554113
-1
-1
22818410
-1
-1
-1
-1
-1
-1
-1
-1
-1
92432699
-1
-1
-1
-1
-1
-1
-1
-1
-1
-1
-1
44428971
-1
124411447
-1
67104208
-1
-1
-1
69083387
-1
-1
-1
110265789
-1
-1
-1
-1
-1
-1
-1
-1
-1
-1
-1
-1
-1
-1
-1
-1
-1
-1
23099641
-1
-1
-1
-1
-1
4015399
58020886
-1
86160811
-1
-1
118943006
-1
-1
-1
101052508
-1
-1
148607008
-1
-1
-1
-1
-1
-1
-1
-1
-1
-1
-1
59709945
-1
-1
62350702
-1
-1
-1
-1
-1
-1
-1
-1
-1
-1
-1
-1
-1
-1
-1
-1
-1
36783874
-1
160159276
-1
-1
-1
-1
-1
-1
-1
-1
1427572
-1
-1
-1
-1
-1
-1
-1
-1
-1
116889542
-1
-1
-1
144050967
-1
-1
-1
-1
-1
-1
-1
-1
-1
-1
-1
-1
-1
124932412
-1
-1
-1
-1
115989568
-1
-1
-1
-1
83936346
-1
-1
-1
-1
-1
-1
-1
-1
-1
-1
-1
-1
-1
-1
76914342
-1
75960513
-1
-1
-1
-1
-1
-1
-1
-1
-1
-1
-1
-1
-1
-1
52403817
-1
-1
-1
-1
-1
-1
-1
99759537
-1
30032165
12632741
-1
-1
-1
-1
22361262
-1
-1
-1
-1
-1
-1
-1
-1
-1
-1
-1
22610557
-1
-1
-1
-1
-1
148054675
-1
65035088
-1
-1
91269887
-1
-1
-1
81445900
-1
-1
-1
-1
-1
-1
-1
-1
-1
152568081
10657231
-1
-1
-1
-1
45796241
-1
100472691
100524457
-1
130208056
-1
18676341
23677100
45943230
-1
-1
-1
-1
-1
-1
87362181
-1
-1
-1
-1
-1
-1
-1
-1
-1
-1
-1
59665131
-1
-1
-1
-1
1842170
-1
-1
-1
-1
-1
-1
-1
-1
-1
-1
37536956
-1
-1
-1
-1
-1
-1
-1
-1
-1
-1
-1
-1
-1
-1
93952008
-1
-1
-1
-1
-1
-1
-1
99469102
-1
-1
156868842
-1
-1
-1
-1
-1
-1
-1
-1
-1
-1
-1
-1
-1
-1
79262319
-1
-1
-1
-1
-1
-1
-1
-1
-1
-1
-1
132931056
77359189
-1
-1
-1
-1
-1
125205914
-1
37139783
-1
-1
86236316
48643499
-1
-1
137962558
-1
-1
-1
-1
-1
-1
-1
118200107
-1
-1
-1
-1
-1
-1
-1
-1
-1
-1
17867144
-1
-1
-1
-1
-1
-1
-1
-1
-1
-1
77621528
42830518
97790273
-1
-1
-1
-1
-1
6827451
-1
137251771
62601207
-1
-1
-1
-1
-1
-1
-1
101161982
-1
-1
-1
-1
-1
-1
-1
-1
70496504
23736442
-1
-1
-1
-1
-1
-1
-1
-1
151735657
60049005
-1
109691245
-1
-1
79269442
-1
-1
-1
-1
-1
-1
-1
-1
-1
-1
-1
-1
-1
-1
-1
-1
-1
-1
-1
-1
-1
-1
-1
-1
-1
-1
-1
-1
-1
-1
-1
-1
-1
-1
-1
-1
-1
29476776
-1
-1
142617488
-1
-1
131602489
-1
17726472
63406349
-1
-1
54912755
-1
-1
-1
-1
-1
114894047
-1
-1
27021832
60795699
-1
147486502
22741937
-1
-1
-1
-1
-1
-1
-1
38343288
-1
-1
78192486
-1
-1
-1
-1
-1
-1
35500229
-1
-1
-1
-1
75629886
47543514
-1
48680201
-1
98767250
-1
-1
-1
-1
11036822
-1
-1
-1
-1
120408758
-1
-1
-1
-1
-1
-1
99465458
-1
-1
150026504
-1
-1
-1
-1
-1
-1
-1
-1
-1
-1
-1
-1
-1
-1
-1
-1
-1
-1
-1
-1
-1
-1
-1
-1
-1
-1
3820861
51998812
-1
-1
-1
-1
-1
-1
-1
20380565
-1
-1
-1
-1
13657991
-1
-1
-1
-1
-1
-1
42283152
-1
-1
-1
-1
-1
-1
92935022
-1
-1
-1
127539757
-1
-1
-1
-1
-1
-1
82684349
-1
-1
-1
-1
-1
-1
-1
-1
-1
-1
-1
-1
-1
153759434
-1
-1
-1
-1
-1
-1
-1
-1
-1
-1
-1
-1
-1
-1
-1
-1
-1
-1
-1
48924140
-1
103273907
-1
-1
-1
-1
-1
117575539
-1
-1
-1
-1
-1
-1
-1
-1
-1
-1
-1
-1
-1
-1
-1
-1
40375106
-1
-1
-1
-1
-1
26053231
-1
-1
-1
-1
-1
-1
-1
-1
-1
-1
76667243
-1
-1
-1
135763745
-1
-1
-1
15322552
-1
-1
-1
-1
-1
-1
25957448
-1
-1
-1
-1
-1
-1
-1
-1
-1
-1
-1
-1
-1
-1
-1
-1
160047686
-1
-1
-1
-1
-1
-1
-1
-1
-1
-1
-1
-1
-1
-1
41352910
-1
-1
-1
-1
-1
-1
-1
41700483
-1
-1
17418901
-1
123908852
-1
-1
-1
-1
-1
-1
128912338
-1
-1
-1
-1
-1
-1
-1
-1
-1
115070126
-1
-1
-1
-1
60041730
-1
-1
-1
71580570
-1
131658122
-1
-1
7481990
-1
34316449
-1
-1
-1
-1
-1
-1
-1
-1
-1
-1
-1
-1
-1
-1
-1
-1
-1
-1
-1
-1
-1
-1
-1
-1
86675511
-1
147978626
-1
-1
-1
-1
-1
83917961
55708239
115146247
-1
-1
-1
-1
-1
-1
122686894
-1
53831668
-1
-1
-1
42779739
-1
-1
-1
-1
-1
-1
-1
-1
-1
17836775
119772125
-1
-1
-1
-1
-1
-1
-1
-1
-1
-1
33558254
-1
97631479
-1
-1
-1
-1
363484536
9512111
10844473
454560780
195152069
440841205
-1
386007796
353060712
-1
-1
152056578
445238621
-1
-1
54025559
-1
471138444
-1
83154539
479879589
-1
-1
421581455
-1
437195809
-1
-1
284680286
423248613
321189694
282308871
-1
-1
-1
-1
-1
18911264
-1
191467965
-1
-1
99449687
434971727
265393628
-1
21201085
-1
-1
346462395
21106836
-1
-1
-1
-1
303899954
93099457
201994571
71224038
-1
-1
-1
-1
-1
-1
5566976
446792736
188109079
400335740
-1
-1
-1
471191883
112764345
-1
-1
-1
-1
-1
-1
359264784
-1
-1
386928177
-1
-1
329883869
-1
-1
-1
28503470
433058671
-1
346032523
380831022
175141699
-1
230597284
-1
-1
376273247
467404850
-1
-1
211744821
-1
-1
-1
29373980
-1
84298717
386455126
184770940
141326426
-1
460972307
145776244
-1
-1
29686179
-1
-1
72319996
16954441
-1
366727195
-1
-1
-1
-1
-1
-1
-1
-1
160680890
-1
-1
-1
-1
80626179
316927552
-1
-1
-1
-1
-1
437603820
465052682
481225893
22537450
404013858
334291474
245314726
-1
431685356
-1
430911837
370081327
36872784
459509118
77159509
164773833
155442985
-1
-1
-1
-1
62787202
-1
313917170
132303353
-1
-1
-1
153384068
93733987
-1
273266357
-1
219448203
-1
-1
-1
-1
-1
-1
-1
-1
102770255
-1
-1
-1
276472785
43038122
385861535
202924394
282266049
-1
-1
99861409
74678339
-1
289377677
-1
-1
476325048
288157427
120454265
334559891
199974465
-1
104025479
-1
176748638
-1
-1
476986946
-1
32257881
336570506
-1
-1
-1
-1
-1
459933228
360894079
-1
332458674
281643799
-1
-1
-1
-1
179179266
328689753
-1
-1
183262850
52805819
475876861
-1
-1
327944955
250485257
169909764
71432416
359238525
-1
473251810
-1
471373505
-1
-1
-1
191930874
318940582
434188854
-1
472960204
-1
333933188
-1
-1
-1
-1
-1
405064477
335095133
-1
94096108
-1
218674061
-1
361593356
121646905
-1
-1
271892912
-1
-1
1003005
278878670
-1
316544455
-1
246994376
421127901
-1
66576000
234904181
269586991
-1
277196757
54526193
-1
-1
248359464
475604040
-1
-1
278282864
84799963
-1
-1
-1
-1
45319231
-1
14476797
-1
437690784
-1
-1
-1
-1
291203212
-1
-1
-1
-1
121780797
146691929
346970381
-1
-1
429101843
-1
-1
-1
-1
-1
114315302
23001234
-1
-1
255788238
-1
-1
14990830
31160759
108939155
-1
-1
-1
-1
20970796
178305968
-1
143342504
-1
477114044
-1
465704927
21202891
438442419
-1
291458406
73856463
20829267
-1
-1
-1
199771539
358055549
-1
92619008
-1
-1
-1
-1
-1
-1
187021608
11776695
-1
-1
-1
-1
-1
-1
104197548
283008751
418772234
427655380
-1
389297754
-1
18400730
-1
118154247
-1
1274772
-1
373902601
-1
281458845
396952681
-1
222196768
-1
477362343
89352386
-1
43201108
-1
238418576
-1
-1
409135427
109163955
-1
408489501
190413099
-1
-1
-1
-1
162787195
322883318
-1
-1
143595538
199769738
-1
371708191
279474665
50839788
229636524
86482946
207994695
-1
-1
-1
357885061
-1
222086833
209674456
-1
226274446
418768209
-1
234573414
-1
-1
-1
260990800
16552724
-1
140910094
-1
-1
-1
-1
52330571
-1
-1
26389277
-1
172627112
109493197
-1
-1
140542377
-1
72127709
239545638
-1
201619301
254430554
113051288
12792169
301081209
-1
146127820
-1
-1
-1
356706443
-1
414045496
340773038
414500454
279749888
95306251
-1
122966230
34349741
-1
481576921
311683218
-1
289200994
-1
-1
381210685
-1
182397386
280844464
-1
394938830
-1
-1
-1
357633884
204109824
-1
71346880
192864286
-1
196530039
22484094
-1
70284462
-1
349024683
-1
-1
341663121
-1
-1
187831093
50293468
-1
336700423
-1
-1
203581329
-1
-1
-1
-1
31093824
245156080
267174857
-1
920348
-1
121956056
476585618
30277280
248410119
-1
202360656
49805010
-1
134789976
-1
-1
252129349
31339264
-1
-1
203643603
22139263
162863364
34103846
226847994
-1
151704840
13443760
-1
123063786
-1
476947269
306814854
-1
-1
-1
-1
458527943
-1
462902327
-1
-1
173811591
-1
447304227
-1
-1
110410697
317129057
-1
193254960
163786220
-1
72205015
-1
-1
134859459
-1
-1
476216873
-1
-1
-1
-1
90964598
310244697
286282835
86026302
16797447
434539094
314742171
37702109
144203561
-1
-1
-1
282062790
-1
-1
304140353
27430680
409255728
17213400
-1
45362048
-1
185900285
32482448
-1
481901912
6058347
-1
-1
429964354
244010622
-1
-1
150527841
-1
447736969
-1
-1
449795598
-1
-1
-1
303960777
5632288
473249471
132826677
-1
-1
87199214
-1
314760114
349392286
-1
-1
107501984
147425499
-1
170880525
235618234
263158484
-1
-1
30724717
117850874
-1
-1
-1
-1
-1
75990695
-1
230463239
-1
335878760
-1
309602113
183027600
-1
-1
447992069
-1
-1
231558468
-1
-1
350397990
-1
-1
-1
-1
12275353
13751695
287714128
79503941
211053665
129278779
-1
-1
15803669
34593658
-1
196435563
188335497
-1
-1
163837929
368644052
347867735
442822748
-1
-1
-1
-1
162762187
-1
-1
315987003
186819801
-1
65052755
-1
219773972
394938678
-1
258408145
326799189
52274834
-1
473376934
-1
162760235
-1
-1
-1
-1
288506479
-1
-1
-1
-1
284649832
-1
-1
-1
-1
-1
309525875
-1
121501217
446475313
-1
376913791
381088105
145872895
-1
315046810
280759484
64314278
-1
-1
127382317
-1
123802375
-1
222147128
16268393
-1
413252489
-1
248939322
244141403
195307915
201145391
-1
167831227
-1
-1
-1
221561363
32039016
-1
-1
323129778
-1
228486812
433968663
-1
-1
270424048
-1
-1
-1
-1
-1
286379891
226683728
481217338
203451779
-1
-1
-1
-1
175334068
-1
417470232
337825874
-1
54111428
61344082
350983224
-1
68291152
-1
-1
-1
-1
-1
182532984
-1
457926815
117515799
-1
-1
305763489
190529349
218422684
-1
-1
334079870
160924605
-1
-1
277960227
-1
-1
233136355
24658237
275178862
268269200
-1
247887262
-1
-1
184704598
-1
395850704
241886237
-1
378331925
-1
-1
358170700
434239724
-1
208445942
420332768
-1
-1
235090834
12681373
111970242
-1
396107638
-1
190453917
407079615
-1
69666505
479692444
-1
-1
231230191
67594018
-1
-1
-1
5383561
379927037
48759318
161078309
181353014
91896627
-1
-1
-1
159401484
-1
-1
-1
472179642
453525771
-1
-1
-1
71755040
7527358
159992159
19211895
-1
450742321
-1
-1
-1
-1
-1
206615773
166199096
-1
-1
467183705
191614772
425441040
283067721
96367335
87318982
-1
-1
296608124
52781023
27625447
33903643
-1
-1
91528018
237373266
323542941
-1
-1
145413698
-1
-1
401420052
166004597
164817122
319598635
367643545
20912336
-1
62603251
409924517
126589643
-1
-1
-1
13559322
-1
-1
-1
362280028
340021428
-1
87617910
-1
-1
-1
201346744
227046814
-1
-1
241046065
-1
322683113
-1
-1
387106987
411382526
-1
141384998
-1
400613230
-1
-1
-1
411369106
403823499
-1
457036317
-1
-1
69876409
381016407
-1
189094165
80093576
-1
-1
-1
352599125
360195554
-1
171230425
-1
265587718
214477918
-1
-1
-1
141124144
14314931
-1
37014325
-1
